[2.063s] Invoking command in '/home/changye/Ros2_gazebo/ros2_ws2/build/agv_control_pkg': PYTHONPATH=/home/changye/Ros2_gazebo/ros2_ws2/build/agv_control_pkg/prefix_override:/usr/lib/python3/dist-packages/colcon_core/task/python/colcon_distutils_commands:/home/changye/Ros2_gazebo/ros2_ws2/install/agv_control_pkg/lib/python3.10/site-packages:${PYTHONPATH} /usr/bin/python3 -W ignore:setup.py install is deprecated setup.py develop --uninstall --editable --build-directory /home/changye/Ros2_gazebo/ros2_ws2/build/agv_control_pkg/build
[2.558s] running develop
[2.860s] Removing /home/changye/Ros2_gazebo/ros2_ws2/install/agv_control_pkg/lib/python3.10/site-packages/agv-control-pkg.egg-link (link to .)
[2.887s] Invoked command in '/home/changye/Ros2_gazebo/ros2_ws2/build/agv_control_pkg' returned '0': PYTHONPATH=/home/changye/Ros2_gazebo/ros2_ws2/build/agv_control_pkg/prefix_override:/usr/lib/python3/dist-packages/colcon_core/task/python/colcon_distutils_commands:/home/changye/Ros2_gazebo/ros2_ws2/install/agv_control_pkg/lib/python3.10/site-packages:${PYTHONPATH} /usr/bin/python3 -W ignore:setup.py install is deprecated setup.py develop --uninstall --editable --build-directory /home/changye/Ros2_gazebo/ros2_ws2/build/agv_control_pkg/build
[2.889s] Invoking command in '/home/changye/Ros2_gazebo/ros2_ws2/src/agv_control_pkg': PYTHONPATH=/home/changye/Ros2_gazebo/ros2_ws2/build/agv_control_pkg/prefix_override:/usr/lib/python3/dist-packages/colcon_core/task/python/colcon_distutils_commands:/home/changye/Ros2_gazebo/ros2_ws2/install/agv_control_pkg/lib/python3.10/site-packages:${PYTHONPATH} /usr/bin/python3 -W ignore:setup.py install is deprecated setup.py egg_info --egg-base ../../build/agv_control_pkg build --build-base /home/changye/Ros2_gazebo/ros2_ws2/build/agv_control_pkg/build install --record /home/changye/Ros2_gazebo/ros2_ws2/build/agv_control_pkg/install.log --single-version-externally-managed install_data --force
[3.362s] running egg_info
[3.363s] writing ../../build/agv_control_pkg/agv_control_pkg.egg-info/PKG-INFO
[3.363s] writing dependency_links to ../../build/agv_control_pkg/agv_control_pkg.egg-info/dependency_links.txt
[3.363s] writing entry points to ../../build/agv_control_pkg/agv_control_pkg.egg-info/entry_points.txt
[3.364s] writing requirements to ../../build/agv_control_pkg/agv_control_pkg.egg-info/requires.txt
[3.364s] writing top-level names to ../../build/agv_control_pkg/agv_control_pkg.egg-info/top_level.txt
[3.366s] reading manifest file '../../build/agv_control_pkg/agv_control_pkg.egg-info/SOURCES.txt'
[3.367s] writing manifest file '../../build/agv_control_pkg/agv_control_pkg.egg-info/SOURCES.txt'
[3.367s] running build
[3.367s] running build_py
[3.367s] creating /home/changye/Ros2_gazebo/ros2_ws2/build/agv_control_pkg/build
[3.367s] creating /home/changye/Ros2_gazebo/ros2_ws2/build/agv_control_pkg/build/lib
[3.367s] creating /home/changye/Ros2_gazebo/ros2_ws2/build/agv_control_pkg/build/lib/agv_control_pkg
[3.368s] copying agv_control_pkg/tag_detection_node_old.py -> /home/changye/Ros2_gazebo/ros2_ws2/build/agv_control_pkg/build/lib/agv_control_pkg
[3.368s] copying agv_control_pkg/test_camera.py -> /home/changye/Ros2_gazebo/ros2_ws2/build/agv_control_pkg/build/lib/agv_control_pkg
[3.368s] copying agv_control_pkg/april_tag_detection.py -> /home/changye/Ros2_gazebo/ros2_ws2/build/agv_control_pkg/build/lib/agv_control_pkg
[3.368s] copying agv_control_pkg/__init__.py -> /home/changye/Ros2_gazebo/ros2_ws2/build/agv_control_pkg/build/lib/agv_control_pkg
[3.368s] copying agv_control_pkg/tf_broadcaster_node.py -> /home/changye/Ros2_gazebo/ros2_ws2/build/agv_control_pkg/build/lib/agv_control_pkg
[3.368s] copying agv_control_pkg/line_detection_test.py -> /home/changye/Ros2_gazebo/ros2_ws2/build/agv_control_pkg/build/lib/agv_control_pkg
[3.368s] copying agv_control_pkg/agv_controller.py -> /home/changye/Ros2_gazebo/ros2_ws2/build/agv_control_pkg/build/lib/agv_control_pkg
[3.368s] copying agv_control_pkg/line_detection_node.py -> /home/changye/Ros2_gazebo/ros2_ws2/build/agv_control_pkg/build/lib/agv_control_pkg
[3.368s] copying agv_control_pkg/tag_detection_node.py -> /home/changye/Ros2_gazebo/ros2_ws2/build/agv_control_pkg/build/lib/agv_control_pkg
[3.368s] copying agv_control_pkg/math_test.py -> /home/changye/Ros2_gazebo/ros2_ws2/build/agv_control_pkg/build/lib/agv_control_pkg
[3.369s] running install
[3.369s] running install_lib
[3.370s] creating /home/changye/Ros2_gazebo/ros2_ws2/install/agv_control_pkg/lib/python3.10/site-packages/agv_control_pkg
[3.370s] copying /home/changye/Ros2_gazebo/ros2_ws2/build/agv_control_pkg/build/lib/agv_control_pkg/tag_detection_node_old.py -> /home/changye/Ros2_gazebo/ros2_ws2/install/agv_control_pkg/lib/python3.10/site-packages/agv_control_pkg
[3.370s] copying /home/changye/Ros2_gazebo/ros2_ws2/build/agv_control_pkg/build/lib/agv_control_pkg/test_camera.py -> /home/changye/Ros2_gazebo/ros2_ws2/install/agv_control_pkg/lib/python3.10/site-packages/agv_control_pkg
[3.370s] copying /home/changye/Ros2_gazebo/ros2_ws2/build/agv_control_pkg/build/lib/agv_control_pkg/april_tag_detection.py -> /home/changye/Ros2_gazebo/ros2_ws2/install/agv_control_pkg/lib/python3.10/site-packages/agv_control_pkg
[3.370s] copying /home/changye/Ros2_gazebo/ros2_ws2/build/agv_control_pkg/build/lib/agv_control_pkg/__init__.py -> /home/changye/Ros2_gazebo/ros2_ws2/install/agv_control_pkg/lib/python3.10/site-packages/agv_control_pkg
[3.370s] copying /home/changye/Ros2_gazebo/ros2_ws2/build/agv_control_pkg/build/lib/agv_control_pkg/tf_broadcaster_node.py -> /home/changye/Ros2_gazebo/ros2_ws2/install/agv_control_pkg/lib/python3.10/site-packages/agv_control_pkg
[3.370s] copying /home/changye/Ros2_gazebo/ros2_ws2/build/agv_control_pkg/build/lib/agv_control_pkg/line_detection_test.py -> /home/changye/Ros2_gazebo/ros2_ws2/install/agv_control_pkg/lib/python3.10/site-packages/agv_control_pkg
[3.371s] copying /home/changye/Ros2_gazebo/ros2_ws2/build/agv_control_pkg/build/lib/agv_control_pkg/agv_controller.py -> /home/changye/Ros2_gazebo/ros2_ws2/install/agv_control_pkg/lib/python3.10/site-packages/agv_control_pkg
[3.371s] copying /home/changye/Ros2_gazebo/ros2_ws2/build/agv_control_pkg/build/lib/agv_control_pkg/line_detection_node.py -> /home/changye/Ros2_gazebo/ros2_ws2/install/agv_control_pkg/lib/python3.10/site-packages/agv_control_pkg
[3.371s] copying /home/changye/Ros2_gazebo/ros2_ws2/build/agv_control_pkg/build/lib/agv_control_pkg/tag_detection_node.py -> /home/changye/Ros2_gazebo/ros2_ws2/install/agv_control_pkg/lib/python3.10/site-packages/agv_control_pkg
[3.371s] copying /home/changye/Ros2_gazebo/ros2_ws2/build/agv_control_pkg/build/lib/agv_control_pkg/math_test.py -> /home/changye/Ros2_gazebo/ros2_ws2/install/agv_control_pkg/lib/python3.10/site-packages/agv_control_pkg
[3.374s] byte-compiling /home/changye/Ros2_gazebo/ros2_ws2/install/agv_control_pkg/lib/python3.10/site-packages/agv_control_pkg/tag_detection_node_old.py to tag_detection_node_old.cpython-310.pyc
[3.376s] byte-compiling /home/changye/Ros2_gazebo/ros2_ws2/install/agv_control_pkg/lib/python3.10/site-packages/agv_control_pkg/test_camera.py to test_camera.cpython-310.pyc
[3.376s] byte-compiling /home/changye/Ros2_gazebo/ros2_ws2/install/agv_control_pkg/lib/python3.10/site-packages/agv_control_pkg/april_tag_detection.py to april_tag_detection.cpython-310.pyc
[3.377s] byte-compiling /home/changye/Ros2_gazebo/ros2_ws2/install/agv_control_pkg/lib/python3.10/site-packages/agv_control_pkg/__init__.py to __init__.cpython-310.pyc
[3.377s] byte-compiling /home/changye/Ros2_gazebo/ros2_ws2/install/agv_control_pkg/lib/python3.10/site-packages/agv_control_pkg/tf_broadcaster_node.py to tf_broadcaster_node.cpython-310.pyc
[3.377s] byte-compiling /home/changye/Ros2_gazebo/ros2_ws2/install/agv_control_pkg/lib/python3.10/site-packages/agv_control_pkg/line_detection_test.py to line_detection_test.cpython-310.pyc
[3.378s] byte-compiling /home/changye/Ros2_gazebo/ros2_ws2/install/agv_control_pkg/lib/python3.10/site-packages/agv_control_pkg/agv_controller.py to agv_controller.cpython-310.pyc
[3.379s] byte-compiling /home/changye/Ros2_gazebo/ros2_ws2/install/agv_control_pkg/lib/python3.10/site-packages/agv_control_pkg/line_detection_node.py to line_detection_node.cpython-310.pyc
[3.380s] byte-compiling /home/changye/Ros2_gazebo/ros2_ws2/install/agv_control_pkg/lib/python3.10/site-packages/agv_control_pkg/tag_detection_node.py to tag_detection_node.cpython-310.pyc
[3.382s] byte-compiling /home/changye/Ros2_gazebo/ros2_ws2/install/agv_control_pkg/lib/python3.10/site-packages/agv_control_pkg/math_test.py to math_test.cpython-310.pyc
[3.382s] running install_data
[3.382s] copying resource/agv_control_pkg -> /home/changye/Ros2_gazebo/ros2_ws2/install/agv_control_pkg/share/ament_index/resource_index/packages
[3.383s] copying package.xml -> /home/changye/Ros2_gazebo/ros2_ws2/install/agv_control_pkg/share/agv_control_pkg
[3.383s] running install_egg_info
[3.387s] Copying ../../build/agv_control_pkg/agv_control_pkg.egg-info to /home/changye/Ros2_gazebo/ros2_ws2/install/agv_control_pkg/lib/python3.10/site-packages/agv_control_pkg-0.0.0-py3.10.egg-info
[3.388s] running install_scripts
[3.422s] Installing agv_controller script to /home/changye/Ros2_gazebo/ros2_ws2/install/agv_control_pkg/lib/agv_control_pkg
[3.422s] Installing line_detection script to /home/changye/Ros2_gazebo/ros2_ws2/install/agv_control_pkg/lib/agv_control_pkg
[3.422s] Installing tag_detection script to /home/changye/Ros2_gazebo/ros2_ws2/install/agv_control_pkg/lib/agv_control_pkg
[3.422s] Installing tag_detection_old script to /home/changye/Ros2_gazebo/ros2_ws2/install/agv_control_pkg/lib/agv_control_pkg
[3.422s] Installing tf_broadcaster script to /home/changye/Ros2_gazebo/ros2_ws2/install/agv_control_pkg/lib/agv_control_pkg
[3.423s] writing list of installed files to '/home/changye/Ros2_gazebo/ros2_ws2/build/agv_control_pkg/install.log'
[3.444s] Invoked command in '/home/changye/Ros2_gazebo/ros2_ws2/src/agv_control_pkg' returned '0': PYTHONPATH=/home/changye/Ros2_gazebo/ros2_ws2/build/agv_control_pkg/prefix_override:/usr/lib/python3/dist-packages/colcon_core/task/python/colcon_distutils_commands:/home/changye/Ros2_gazebo/ros2_ws2/install/agv_control_pkg/lib/python3.10/site-packages:${PYTHONPATH} /usr/bin/python3 -W ignore:setup.py install is deprecated setup.py egg_info --egg-base ../../build/agv_control_pkg build --build-base /home/changye/Ros2_gazebo/ros2_ws2/build/agv_control_pkg/build install --record /home/changye/Ros2_gazebo/ros2_ws2/build/agv_control_pkg/install.log --single-version-externally-managed install_data --force
