[0.044s] Invoking command in '/home/changye/Ros2_gazebo/ros2_ws2/build/controller_manager_msgs': CMAKE_PREFIX_PATH=${CMAKE_PREFIX_PATH}:/home/changye/Ros2_gazebo/ros2_ws2/install/rqt_joint_trajectory_controller:/home/changye/Ros2_gazebo/ros2_ws2/install/rqt_controller_manager:/home/changye/Ros2_gazebo/ros2_ws2/install/ros2controlcli:/home/changye/Ros2_gazebo/ros2_ws2/install/ros2_controllers_test_nodes:/home/changye/Ros2_gazebo/ros2_ws2/install/agv_control_pkg:/opt/ros/humble /usr/bin/cmake --build /home/changye/Ros2_gazebo/ros2_ws2/build/controller_manager_msgs -- -j12 -l12
[0.363s] [  0%] Built target controller_manager_msgs__cpp
[0.363s] [ 12%] Built target controller_manager_msgs__rosidl_generator_c
[0.363s] [ 12%] Built target ament_cmake_python_copy_controller_manager_msgs
[0.363s] [ 24%] Built target controller_manager_msgs__rosidl_typesupport_cpp
[0.363s] [ 36%] Built target controller_manager_msgs__rosidl_typesupport_introspection_cpp
[0.363s] [ 48%] Built target controller_manager_msgs__rosidl_typesupport_fastrtps_cpp
[0.364s] [ 60%] Built target controller_manager_msgs__rosidl_typesupport_introspection_c
[0.364s] [ 72%] Built target controller_manager_msgs__rosidl_typesupport_fastrtps_c
[0.364s] [ 84%] Built target controller_manager_msgs__rosidl_typesupport_c
[0.364s] [ 84%] Built target controller_manager_msgs
[0.364s] [ 85%] Built target controller_manager_msgs__py
[0.364s] [ 96%] Built target controller_manager_msgs__rosidl_generator_py
[0.364s] [ 98%] Built target controller_manager_msgs__rosidl_typesupport_c__pyext
[0.364s] [ 98%] Built target controller_manager_msgs__rosidl_typesupport_fastrtps_c__pyext
[0.364s] [100%] Built target controller_manager_msgs__rosidl_typesupport_introspection_c__pyext
[0.428s] running egg_info
[0.429s] writing controller_manager_msgs.egg-info/PKG-INFO
[0.429s] writing dependency_links to controller_manager_msgs.egg-info/dependency_links.txt
[0.429s] writing top-level names to controller_manager_msgs.egg-info/top_level.txt
[0.431s] reading manifest file 'controller_manager_msgs.egg-info/SOURCES.txt'
[0.432s] writing manifest file 'controller_manager_msgs.egg-info/SOURCES.txt'
[0.457s] [100%] Built target ament_cmake_python_build_controller_manager_msgs_egg
[0.691s] Invoked command in '/home/changye/Ros2_gazebo/ros2_ws2/build/controller_manager_msgs' returned '0': CMAKE_PREFIX_PATH=${CMAKE_PREFIX_PATH}:/home/changye/Ros2_gazebo/ros2_ws2/install/rqt_joint_trajectory_controller:/home/changye/Ros2_gazebo/ros2_ws2/install/rqt_controller_manager:/home/changye/Ros2_gazebo/ros2_ws2/install/ros2controlcli:/home/changye/Ros2_gazebo/ros2_ws2/install/ros2_controllers_test_nodes:/home/changye/Ros2_gazebo/ros2_ws2/install/agv_control_pkg:/opt/ros/humble /usr/bin/cmake --build /home/changye/Ros2_gazebo/ros2_ws2/build/controller_manager_msgs -- -j12 -l12
[0.693s] Invoking command in '/home/changye/Ros2_gazebo/ros2_ws2/build/controller_manager_msgs': CMAKE_PREFIX_PATH=${CMAKE_PREFIX_PATH}:/home/changye/Ros2_gazebo/ros2_ws2/install/rqt_joint_trajectory_controller:/home/changye/Ros2_gazebo/ros2_ws2/install/rqt_controller_manager:/home/changye/Ros2_gazebo/ros2_ws2/install/ros2controlcli:/home/changye/Ros2_gazebo/ros2_ws2/install/ros2_controllers_test_nodes:/home/changye/Ros2_gazebo/ros2_ws2/install/agv_control_pkg:/opt/ros/humble /usr/bin/cmake --install /home/changye/Ros2_gazebo/ros2_ws2/build/controller_manager_msgs
[0.712s] -- Install configuration: ""
[0.712s] -- Up-to-date: /home/changye/Ros2_gazebo/ros2_ws2/install/controller_manager_msgs/share/ament_index/resource_index/rosidl_interfaces/controller_manager_msgs
[0.712s] -- Up-to-date: /home/changye/Ros2_gazebo/ros2_ws2/install/controller_manager_msgs/include/controller_manager_msgs/controller_manager_msgs
[0.712s] -- Up-to-date: /home/changye/Ros2_gazebo/ros2_ws2/install/controller_manager_msgs/include/controller_manager_msgs/controller_manager_msgs/srv
[0.712s] -- Up-to-date: /home/changye/Ros2_gazebo/ros2_ws2/install/controller_manager_msgs/include/controller_manager_msgs/controller_manager_msgs/srv/detail
[0.712s] -- Up-to-date: /home/changye/Ros2_gazebo/ros2_ws2/install/controller_manager_msgs/include/controller_manager_msgs/controller_manager_msgs/srv/detail/unload_controller__struct.h
[0.713s] -- Up-to-date: /home/changye/Ros2_gazebo/ros2_ws2/install/controller_manager_msgs/include/controller_manager_msgs/controller_manager_msgs/srv/detail/list_controllers__functions.c
[0.714s] -- Up-to-date: /home/changye/Ros2_gazebo/ros2_ws2/install/controller_manager_msgs/include/controller_manager_msgs/controller_manager_msgs/srv/detail/reload_controller_libraries__functions.h
[0.714s] -- Up-to-date: /home/changye/Ros2_gazebo/ros2_ws2/install/controller_manager_msgs/include/controller_manager_msgs/controller_manager_msgs/srv/detail/set_hardware_component_state__functions.c
[0.715s] -- Up-to-date: /home/changye/Ros2_gazebo/ros2_ws2/install/controller_manager_msgs/include/controller_manager_msgs/controller_manager_msgs/srv/detail/list_controllers__type_support.h
[0.715s] -- Up-to-date: /home/changye/Ros2_gazebo/ros2_ws2/install/controller_manager_msgs/include/controller_manager_msgs/controller_manager_msgs/srv/detail/load_controller__functions.c
[0.715s] -- Up-to-date: /home/changye/Ros2_gazebo/ros2_ws2/install/controller_manager_msgs/include/controller_manager_msgs/controller_manager_msgs/srv/detail/list_hardware_interfaces__functions.h
[0.717s] -- Up-to-date: /home/changye/Ros2_gazebo/ros2_ws2/install/controller_manager_msgs/include/controller_manager_msgs/controller_manager_msgs/srv/detail/configure_controller__struct.h
[0.717s] -- Up-to-date: /home/changye/Ros2_gazebo/ros2_ws2/install/controller_manager_msgs/include/controller_manager_msgs/controller_manager_msgs/srv/detail/switch_controller__type_support.h
[0.717s] -- Up-to-date: /home/changye/Ros2_gazebo/ros2_ws2/install/controller_manager_msgs/include/controller_manager_msgs/controller_manager_msgs/srv/detail/list_controllers__struct.h
[0.718s] -- Up-to-date: /home/changye/Ros2_gazebo/ros2_ws2/install/controller_manager_msgs/include/controller_manager_msgs/controller_manager_msgs/srv/detail/list_controller_types__struct.h
[0.718s] -- Up-to-date: /home/changye/Ros2_gazebo/ros2_ws2/install/controller_manager_msgs/include/controller_manager_msgs/controller_manager_msgs/srv/detail/unload_controller__type_support.h
[0.719s] -- Up-to-date: /home/changye/Ros2_gazebo/ros2_ws2/install/controller_manager_msgs/include/controller_manager_msgs/controller_manager_msgs/srv/detail/switch_controller__functions.c
[0.720s] -- Up-to-date: /home/changye/Ros2_gazebo/ros2_ws2/install/controller_manager_msgs/include/controller_manager_msgs/controller_manager_msgs/srv/detail/list_hardware_components__struct.h
[0.720s] -- Up-to-date: /home/changye/Ros2_gazebo/ros2_ws2/install/controller_manager_msgs/include/controller_manager_msgs/controller_manager_msgs/srv/detail/unload_controller__functions.c
[0.720s] -- Up-to-date: /home/changye/Ros2_gazebo/ros2_ws2/install/controller_manager_msgs/include/controller_manager_msgs/controller_manager_msgs/srv/detail/configure_controller__functions.h
[0.721s] -- Up-to-date: /home/changye/Ros2_gazebo/ros2_ws2/install/controller_manager_msgs/include/controller_manager_msgs/controller_manager_msgs/srv/detail/switch_controller__struct.h
[0.721s] -- Up-to-date: /home/changye/Ros2_gazebo/ros2_ws2/install/controller_manager_msgs/include/controller_manager_msgs/controller_manager_msgs/srv/detail/list_hardware_interfaces__struct.h
[0.721s] -- Up-to-date: /home/changye/Ros2_gazebo/ros2_ws2/install/controller_manager_msgs/include/controller_manager_msgs/controller_manager_msgs/srv/detail/set_hardware_component_state__functions.h
[0.721s] -- Up-to-date: /home/changye/Ros2_gazebo/ros2_ws2/install/controller_manager_msgs/include/controller_manager_msgs/controller_manager_msgs/srv/detail/configure_controller__type_support.h
[0.722s] -- Up-to-date: /home/changye/Ros2_gazebo/ros2_ws2/install/controller_manager_msgs/include/controller_manager_msgs/controller_manager_msgs/srv/detail/list_hardware_interfaces__type_support.h
[0.722s] -- Up-to-date: /home/changye/Ros2_gazebo/ros2_ws2/install/controller_manager_msgs/include/controller_manager_msgs/controller_manager_msgs/srv/detail/list_controllers__functions.h
[0.723s] -- Up-to-date: /home/changye/Ros2_gazebo/ros2_ws2/install/controller_manager_msgs/include/controller_manager_msgs/controller_manager_msgs/srv/detail/load_controller__functions.h
[0.723s] -- Up-to-date: /home/changye/Ros2_gazebo/ros2_ws2/install/controller_manager_msgs/include/controller_manager_msgs/controller_manager_msgs/srv/detail/list_controller_types__functions.c
[0.723s] -- Up-to-date: /home/changye/Ros2_gazebo/ros2_ws2/install/controller_manager_msgs/include/controller_manager_msgs/controller_manager_msgs/srv/detail/list_hardware_components__type_support.h
[0.723s] -- Up-to-date: /home/changye/Ros2_gazebo/ros2_ws2/install/controller_manager_msgs/include/controller_manager_msgs/controller_manager_msgs/srv/detail/reload_controller_libraries__functions.c
[0.723s] -- Up-to-date: /home/changye/Ros2_gazebo/ros2_ws2/install/controller_manager_msgs/include/controller_manager_msgs/controller_manager_msgs/srv/detail/list_hardware_components__functions.c
[0.723s] -- Up-to-date: /home/changye/Ros2_gazebo/ros2_ws2/install/controller_manager_msgs/include/controller_manager_msgs/controller_manager_msgs/srv/detail/reload_controller_libraries__type_support.h
[0.723s] -- Up-to-date: /home/changye/Ros2_gazebo/ros2_ws2/install/controller_manager_msgs/include/controller_manager_msgs/controller_manager_msgs/srv/detail/set_hardware_component_state__struct.h
[0.723s] -- Up-to-date: /home/changye/Ros2_gazebo/ros2_ws2/install/controller_manager_msgs/include/controller_manager_msgs/controller_manager_msgs/srv/detail/load_controller__type_support.h
[0.723s] -- Up-to-date: /home/changye/Ros2_gazebo/ros2_ws2/install/controller_manager_msgs/include/controller_manager_msgs/controller_manager_msgs/srv/detail/list_hardware_components__functions.h
[0.724s] -- Up-to-date: /home/changye/Ros2_gazebo/ros2_ws2/install/controller_manager_msgs/include/controller_manager_msgs/controller_manager_msgs/srv/detail/list_hardware_interfaces__functions.c
[0.724s] -- Up-to-date: /home/changye/Ros2_gazebo/ros2_ws2/install/controller_manager_msgs/include/controller_manager_msgs/controller_manager_msgs/srv/detail/configure_controller__functions.c
[0.724s] -- Up-to-date: /home/changye/Ros2_gazebo/ros2_ws2/install/controller_manager_msgs/include/controller_manager_msgs/controller_manager_msgs/srv/detail/reload_controller_libraries__struct.h
[0.724s] -- Up-to-date: /home/changye/Ros2_gazebo/ros2_ws2/install/controller_manager_msgs/include/controller_manager_msgs/controller_manager_msgs/srv/detail/switch_controller__functions.h
[0.724s] -- Up-to-date: /home/changye/Ros2_gazebo/ros2_ws2/install/controller_manager_msgs/include/controller_manager_msgs/controller_manager_msgs/srv/detail/list_controller_types__functions.h
[0.724s] -- Up-to-date: /home/changye/Ros2_gazebo/ros2_ws2/install/controller_manager_msgs/include/controller_manager_msgs/controller_manager_msgs/srv/detail/load_controller__struct.h
[0.724s] -- Up-to-date: /home/changye/Ros2_gazebo/ros2_ws2/install/controller_manager_msgs/include/controller_manager_msgs/controller_manager_msgs/srv/detail/set_hardware_component_state__type_support.h
[0.724s] -- Up-to-date: /home/changye/Ros2_gazebo/ros2_ws2/install/controller_manager_msgs/include/controller_manager_msgs/controller_manager_msgs/srv/detail/list_controller_types__type_support.h
[0.724s] -- Up-to-date: /home/changye/Ros2_gazebo/ros2_ws2/install/controller_manager_msgs/include/controller_manager_msgs/controller_manager_msgs/srv/detail/unload_controller__functions.h
[0.725s] -- Up-to-date: /home/changye/Ros2_gazebo/ros2_ws2/install/controller_manager_msgs/include/controller_manager_msgs/controller_manager_msgs/srv/configure_controller.h
[0.725s] -- Up-to-date: /home/changye/Ros2_gazebo/ros2_ws2/install/controller_manager_msgs/include/controller_manager_msgs/controller_manager_msgs/srv/list_hardware_components.h
[0.725s] -- Up-to-date: /home/changye/Ros2_gazebo/ros2_ws2/install/controller_manager_msgs/include/controller_manager_msgs/controller_manager_msgs/srv/set_hardware_component_state.h
[0.725s] -- Up-to-date: /home/changye/Ros2_gazebo/ros2_ws2/install/controller_manager_msgs/include/controller_manager_msgs/controller_manager_msgs/srv/reload_controller_libraries.h
[0.725s] -- Up-to-date: /home/changye/Ros2_gazebo/ros2_ws2/install/controller_manager_msgs/include/controller_manager_msgs/controller_manager_msgs/srv/list_controllers.h
[0.725s] -- Up-to-date: /home/changye/Ros2_gazebo/ros2_ws2/install/controller_manager_msgs/include/controller_manager_msgs/controller_manager_msgs/srv/unload_controller.h
[0.725s] -- Up-to-date: /home/changye/Ros2_gazebo/ros2_ws2/install/controller_manager_msgs/include/controller_manager_msgs/controller_manager_msgs/srv/load_controller.h
[0.725s] -- Up-to-date: /home/changye/Ros2_gazebo/ros2_ws2/install/controller_manager_msgs/include/controller_manager_msgs/controller_manager_msgs/srv/list_hardware_interfaces.h
[0.725s] -- Up-to-date: /home/changye/Ros2_gazebo/ros2_ws2/install/controller_manager_msgs/include/controller_manager_msgs/controller_manager_msgs/srv/list_controller_types.h
[0.726s] -- Up-to-date: /home/changye/Ros2_gazebo/ros2_ws2/install/controller_manager_msgs/include/controller_manager_msgs/controller_manager_msgs/srv/switch_controller.h
[0.726s] -- Up-to-date: /home/changye/Ros2_gazebo/ros2_ws2/install/controller_manager_msgs/include/controller_manager_msgs/controller_manager_msgs/msg
[0.726s] -- Up-to-date: /home/changye/Ros2_gazebo/ros2_ws2/install/controller_manager_msgs/include/controller_manager_msgs/controller_manager_msgs/msg/detail
[0.726s] -- Up-to-date: /home/changye/Ros2_gazebo/ros2_ws2/install/controller_manager_msgs/include/controller_manager_msgs/controller_manager_msgs/msg/detail/chain_connection__type_support.h
[0.726s] -- Up-to-date: /home/changye/Ros2_gazebo/ros2_ws2/install/controller_manager_msgs/include/controller_manager_msgs/controller_manager_msgs/msg/detail/chain_connection__struct.h
[0.726s] -- Up-to-date: /home/changye/Ros2_gazebo/ros2_ws2/install/controller_manager_msgs/include/controller_manager_msgs/controller_manager_msgs/msg/detail/chain_connection__functions.c
[0.726s] -- Up-to-date: /home/changye/Ros2_gazebo/ros2_ws2/install/controller_manager_msgs/include/controller_manager_msgs/controller_manager_msgs/msg/detail/controller_state__struct.h
[0.726s] -- Up-to-date: /home/changye/Ros2_gazebo/ros2_ws2/install/controller_manager_msgs/include/controller_manager_msgs/controller_manager_msgs/msg/detail/controller_state__functions.c
[0.726s] -- Up-to-date: /home/changye/Ros2_gazebo/ros2_ws2/install/controller_manager_msgs/include/controller_manager_msgs/controller_manager_msgs/msg/detail/hardware_component_state__struct.h
[0.727s] -- Up-to-date: /home/changye/Ros2_gazebo/ros2_ws2/install/controller_manager_msgs/include/controller_manager_msgs/controller_manager_msgs/msg/detail/hardware_component_state__functions.h
[0.727s] -- Up-to-date: /home/changye/Ros2_gazebo/ros2_ws2/install/controller_manager_msgs/include/controller_manager_msgs/controller_manager_msgs/msg/detail/hardware_component_state__functions.c
[0.727s] -- Up-to-date: /home/changye/Ros2_gazebo/ros2_ws2/install/controller_manager_msgs/include/controller_manager_msgs/controller_manager_msgs/msg/detail/hardware_interface__struct.h
[0.727s] -- Up-to-date: /home/changye/Ros2_gazebo/ros2_ws2/install/controller_manager_msgs/include/controller_manager_msgs/controller_manager_msgs/msg/detail/hardware_interface__functions.h
[0.727s] -- Up-to-date: /home/changye/Ros2_gazebo/ros2_ws2/install/controller_manager_msgs/include/controller_manager_msgs/controller_manager_msgs/msg/detail/hardware_component_state__type_support.h
[0.727s] -- Up-to-date: /home/changye/Ros2_gazebo/ros2_ws2/install/controller_manager_msgs/include/controller_manager_msgs/controller_manager_msgs/msg/detail/hardware_interface__functions.c
[0.727s] -- Up-to-date: /home/changye/Ros2_gazebo/ros2_ws2/install/controller_manager_msgs/include/controller_manager_msgs/controller_manager_msgs/msg/detail/chain_connection__functions.h
[0.727s] -- Up-to-date: /home/changye/Ros2_gazebo/ros2_ws2/install/controller_manager_msgs/include/controller_manager_msgs/controller_manager_msgs/msg/detail/controller_state__functions.h
[0.727s] -- Up-to-date: /home/changye/Ros2_gazebo/ros2_ws2/install/controller_manager_msgs/include/controller_manager_msgs/controller_manager_msgs/msg/detail/hardware_interface__type_support.h
[0.727s] -- Up-to-date: /home/changye/Ros2_gazebo/ros2_ws2/install/controller_manager_msgs/include/controller_manager_msgs/controller_manager_msgs/msg/detail/controller_state__type_support.h
[0.728s] -- Up-to-date: /home/changye/Ros2_gazebo/ros2_ws2/install/controller_manager_msgs/include/controller_manager_msgs/controller_manager_msgs/msg/chain_connection.h
[0.728s] -- Up-to-date: /home/changye/Ros2_gazebo/ros2_ws2/install/controller_manager_msgs/include/controller_manager_msgs/controller_manager_msgs/msg/controller_state.h
[0.728s] -- Up-to-date: /home/changye/Ros2_gazebo/ros2_ws2/install/controller_manager_msgs/include/controller_manager_msgs/controller_manager_msgs/msg/rosidl_generator_c__visibility_control.h
[0.728s] -- Up-to-date: /home/changye/Ros2_gazebo/ros2_ws2/install/controller_manager_msgs/include/controller_manager_msgs/controller_manager_msgs/msg/hardware_component_state.h
[0.728s] -- Up-to-date: /home/changye/Ros2_gazebo/ros2_ws2/install/controller_manager_msgs/include/controller_manager_msgs/controller_manager_msgs/msg/hardware_interface.h
[0.728s] -- Up-to-date: /home/changye/Ros2_gazebo/ros2_ws2/install/controller_manager_msgs/share/controller_manager_msgs/environment/library_path.sh
[0.728s] -- Up-to-date: /home/changye/Ros2_gazebo/ros2_ws2/install/controller_manager_msgs/share/controller_manager_msgs/environment/library_path.dsv
[0.728s] -- Up-to-date: /home/changye/Ros2_gazebo/ros2_ws2/install/controller_manager_msgs/lib/libcontroller_manager_msgs__rosidl_generator_c.so
[0.728s] -- Up-to-date: /home/changye/Ros2_gazebo/ros2_ws2/install/controller_manager_msgs/include/controller_manager_msgs/controller_manager_msgs
[0.729s] -- Up-to-date: /home/changye/Ros2_gazebo/ros2_ws2/install/controller_manager_msgs/include/controller_manager_msgs/controller_manager_msgs/srv
[0.729s] -- Up-to-date: /home/changye/Ros2_gazebo/ros2_ws2/install/controller_manager_msgs/include/controller_manager_msgs/controller_manager_msgs/srv/detail
[0.729s] -- Up-to-date: /home/changye/Ros2_gazebo/ros2_ws2/install/controller_manager_msgs/include/controller_manager_msgs/controller_manager_msgs/srv/detail/set_hardware_component_state__rosidl_typesupport_fastrtps_c.h
[0.729s] -- Up-to-date: /home/changye/Ros2_gazebo/ros2_ws2/install/controller_manager_msgs/include/controller_manager_msgs/controller_manager_msgs/srv/detail/list_hardware_components__rosidl_typesupport_fastrtps_c.h
[0.730s] -- Up-to-date: /home/changye/Ros2_gazebo/ros2_ws2/install/controller_manager_msgs/include/controller_manager_msgs/controller_manager_msgs/srv/detail/load_controller__rosidl_typesupport_fastrtps_c.h
[0.730s] -- Up-to-date: /home/changye/Ros2_gazebo/ros2_ws2/install/controller_manager_msgs/include/controller_manager_msgs/controller_manager_msgs/srv/detail/unload_controller__rosidl_typesupport_fastrtps_c.h
[0.730s] -- Up-to-date: /home/changye/Ros2_gazebo/ros2_ws2/install/controller_manager_msgs/include/controller_manager_msgs/controller_manager_msgs/srv/detail/switch_controller__rosidl_typesupport_fastrtps_c.h
[0.731s] -- Up-to-date: /home/changye/Ros2_gazebo/ros2_ws2/install/controller_manager_msgs/include/controller_manager_msgs/controller_manager_msgs/srv/detail/reload_controller_libraries__rosidl_typesupport_fastrtps_c.h
[0.731s] -- Up-to-date: /home/changye/Ros2_gazebo/ros2_ws2/install/controller_manager_msgs/include/controller_manager_msgs/controller_manager_msgs/srv/detail/list_controller_types__rosidl_typesupport_fastrtps_c.h
[0.731s] -- Up-to-date: /home/changye/Ros2_gazebo/ros2_ws2/install/controller_manager_msgs/include/controller_manager_msgs/controller_manager_msgs/srv/detail/list_hardware_interfaces__rosidl_typesupport_fastrtps_c.h
[0.731s] -- Up-to-date: /home/changye/Ros2_gazebo/ros2_ws2/install/controller_manager_msgs/include/controller_manager_msgs/controller_manager_msgs/srv/detail/list_controllers__rosidl_typesupport_fastrtps_c.h
[0.731s] -- Up-to-date: /home/changye/Ros2_gazebo/ros2_ws2/install/controller_manager_msgs/include/controller_manager_msgs/controller_manager_msgs/srv/detail/configure_controller__rosidl_typesupport_fastrtps_c.h
[0.732s] -- Up-to-date: /home/changye/Ros2_gazebo/ros2_ws2/install/controller_manager_msgs/include/controller_manager_msgs/controller_manager_msgs/msg
[0.732s] -- Up-to-date: /home/changye/Ros2_gazebo/ros2_ws2/install/controller_manager_msgs/include/controller_manager_msgs/controller_manager_msgs/msg/detail
[0.732s] -- Up-to-date: /home/changye/Ros2_gazebo/ros2_ws2/install/controller_manager_msgs/include/controller_manager_msgs/controller_manager_msgs/msg/detail/controller_state__rosidl_typesupport_fastrtps_c.h
[0.733s] -- Up-to-date: /home/changye/Ros2_gazebo/ros2_ws2/install/controller_manager_msgs/include/controller_manager_msgs/controller_manager_msgs/msg/detail/chain_connection__rosidl_typesupport_fastrtps_c.h
[0.733s] -- Up-to-date: /home/changye/Ros2_gazebo/ros2_ws2/install/controller_manager_msgs/include/controller_manager_msgs/controller_manager_msgs/msg/detail/hardware_component_state__rosidl_typesupport_fastrtps_c.h
[0.733s] -- Up-to-date: /home/changye/Ros2_gazebo/ros2_ws2/install/controller_manager_msgs/include/controller_manager_msgs/controller_manager_msgs/msg/detail/hardware_interface__rosidl_typesupport_fastrtps_c.h
[0.733s] -- Up-to-date: /home/changye/Ros2_gazebo/ros2_ws2/install/controller_manager_msgs/include/controller_manager_msgs/controller_manager_msgs/msg/rosidl_typesupport_fastrtps_c__visibility_control.h
[0.734s] -- Up-to-date: /home/changye/Ros2_gazebo/ros2_ws2/install/controller_manager_msgs/lib/libcontroller_manager_msgs__rosidl_typesupport_fastrtps_c.so
[0.734s] -- Up-to-date: /home/changye/Ros2_gazebo/ros2_ws2/install/controller_manager_msgs/include/controller_manager_msgs/controller_manager_msgs
[0.734s] -- Up-to-date: /home/changye/Ros2_gazebo/ros2_ws2/install/controller_manager_msgs/include/controller_manager_msgs/controller_manager_msgs/srv
[0.735s] -- Up-to-date: /home/changye/Ros2_gazebo/ros2_ws2/install/controller_manager_msgs/include/controller_manager_msgs/controller_manager_msgs/srv/list_controllers.hpp
[0.736s] -- Up-to-date: /home/changye/Ros2_gazebo/ros2_ws2/install/controller_manager_msgs/include/controller_manager_msgs/controller_manager_msgs/srv/detail
[0.736s] -- Up-to-date: /home/changye/Ros2_gazebo/ros2_ws2/install/controller_manager_msgs/include/controller_manager_msgs/controller_manager_msgs/srv/detail/switch_controller__traits.hpp
[0.736s] -- Up-to-date: /home/changye/Ros2_gazebo/ros2_ws2/install/controller_manager_msgs/include/controller_manager_msgs/controller_manager_msgs/srv/detail/unload_controller__struct.hpp
[0.737s] -- Up-to-date: /home/changye/Ros2_gazebo/ros2_ws2/install/controller_manager_msgs/include/controller_manager_msgs/controller_manager_msgs/srv/detail/unload_controller__builder.hpp
[0.737s] -- Up-to-date: /home/changye/Ros2_gazebo/ros2_ws2/install/controller_manager_msgs/include/controller_manager_msgs/controller_manager_msgs/srv/detail/list_hardware_interfaces__traits.hpp
[0.737s] -- Up-to-date: /home/changye/Ros2_gazebo/ros2_ws2/install/controller_manager_msgs/include/controller_manager_msgs/controller_manager_msgs/srv/detail/configure_controller__builder.hpp
[0.738s] -- Up-to-date: /home/changye/Ros2_gazebo/ros2_ws2/install/controller_manager_msgs/include/controller_manager_msgs/controller_manager_msgs/srv/detail/list_controller_types__struct.hpp
[0.738s] -- Up-to-date: /home/changye/Ros2_gazebo/ros2_ws2/install/controller_manager_msgs/include/controller_manager_msgs/controller_manager_msgs/srv/detail/list_hardware_components__traits.hpp
[0.738s] -- Up-to-date: /home/changye/Ros2_gazebo/ros2_ws2/install/controller_manager_msgs/include/controller_manager_msgs/controller_manager_msgs/srv/detail/reload_controller_libraries__traits.hpp
[0.738s] -- Up-to-date: /home/changye/Ros2_gazebo/ros2_ws2/install/controller_manager_msgs/include/controller_manager_msgs/controller_manager_msgs/srv/detail/list_controllers__struct.hpp
[0.738s] -- Up-to-date: /home/changye/Ros2_gazebo/ros2_ws2/install/controller_manager_msgs/include/controller_manager_msgs/controller_manager_msgs/srv/detail/list_controllers__builder.hpp
[0.739s] -- Up-to-date: /home/changye/Ros2_gazebo/ros2_ws2/install/controller_manager_msgs/include/controller_manager_msgs/controller_manager_msgs/srv/detail/switch_controller__builder.hpp
[0.739s] -- Up-to-date: /home/changye/Ros2_gazebo/ros2_ws2/install/controller_manager_msgs/include/controller_manager_msgs/controller_manager_msgs/srv/detail/configure_controller__struct.hpp
[0.739s] -- Up-to-date: /home/changye/Ros2_gazebo/ros2_ws2/install/controller_manager_msgs/include/controller_manager_msgs/controller_manager_msgs/srv/detail/list_hardware_interfaces__type_support.hpp
[0.739s] -- Up-to-date: /home/changye/Ros2_gazebo/ros2_ws2/install/controller_manager_msgs/include/controller_manager_msgs/controller_manager_msgs/srv/detail/reload_controller_libraries__builder.hpp
[0.739s] -- Up-to-date: /home/changye/Ros2_gazebo/ros2_ws2/install/controller_manager_msgs/include/controller_manager_msgs/controller_manager_msgs/srv/detail/list_controller_types__builder.hpp
[0.740s] -- Up-to-date: /home/changye/Ros2_gazebo/ros2_ws2/install/controller_manager_msgs/include/controller_manager_msgs/controller_manager_msgs/srv/detail/list_hardware_interfaces__builder.hpp
[0.740s] -- Up-to-date: /home/changye/Ros2_gazebo/ros2_ws2/install/controller_manager_msgs/include/controller_manager_msgs/controller_manager_msgs/srv/detail/list_hardware_components__builder.hpp
[0.740s] -- Up-to-date: /home/changye/Ros2_gazebo/ros2_ws2/install/controller_manager_msgs/include/controller_manager_msgs/controller_manager_msgs/srv/detail/list_controllers__traits.hpp
[0.740s] -- Up-to-date: /home/changye/Ros2_gazebo/ros2_ws2/install/controller_manager_msgs/include/controller_manager_msgs/controller_manager_msgs/srv/detail/configure_controller__type_support.hpp
[0.741s] -- Up-to-date: /home/changye/Ros2_gazebo/ros2_ws2/install/controller_manager_msgs/include/controller_manager_msgs/controller_manager_msgs/srv/detail/set_hardware_component_state__type_support.hpp
[0.741s] -- Up-to-date: /home/changye/Ros2_gazebo/ros2_ws2/install/controller_manager_msgs/include/controller_manager_msgs/controller_manager_msgs/srv/detail/unload_controller__traits.hpp
[0.741s] -- Up-to-date: /home/changye/Ros2_gazebo/ros2_ws2/install/controller_manager_msgs/include/controller_manager_msgs/controller_manager_msgs/srv/detail/load_controller__builder.hpp
[0.742s] -- Up-to-date: /home/changye/Ros2_gazebo/ros2_ws2/install/controller_manager_msgs/include/controller_manager_msgs/controller_manager_msgs/srv/detail/set_hardware_component_state__struct.hpp
[0.743s] -- Up-to-date: /home/changye/Ros2_gazebo/ros2_ws2/install/controller_manager_msgs/include/controller_manager_msgs/controller_manager_msgs/srv/detail/reload_controller_libraries__type_support.hpp
[0.743s] -- Up-to-date: /home/changye/Ros2_gazebo/ros2_ws2/install/controller_manager_msgs/include/controller_manager_msgs/controller_manager_msgs/srv/detail/switch_controller__struct.hpp
[0.743s] -- Up-to-date: /home/changye/Ros2_gazebo/ros2_ws2/install/controller_manager_msgs/include/controller_manager_msgs/controller_manager_msgs/srv/detail/configure_controller__traits.hpp
[0.743s] -- Up-to-date: /home/changye/Ros2_gazebo/ros2_ws2/install/controller_manager_msgs/include/controller_manager_msgs/controller_manager_msgs/srv/detail/set_hardware_component_state__traits.hpp
[0.743s] -- Up-to-date: /home/changye/Ros2_gazebo/ros2_ws2/install/controller_manager_msgs/include/controller_manager_msgs/controller_manager_msgs/srv/detail/list_hardware_interfaces__struct.hpp
[0.743s] -- Up-to-date: /home/changye/Ros2_gazebo/ros2_ws2/install/controller_manager_msgs/include/controller_manager_msgs/controller_manager_msgs/srv/detail/unload_controller__type_support.hpp
[0.743s] -- Up-to-date: /home/changye/Ros2_gazebo/ros2_ws2/install/controller_manager_msgs/include/controller_manager_msgs/controller_manager_msgs/srv/detail/load_controller__traits.hpp
[0.744s] -- Up-to-date: /home/changye/Ros2_gazebo/ros2_ws2/install/controller_manager_msgs/include/controller_manager_msgs/controller_manager_msgs/srv/detail/list_controller_types__traits.hpp
[0.744s] -- Up-to-date: /home/changye/Ros2_gazebo/ros2_ws2/install/controller_manager_msgs/include/controller_manager_msgs/controller_manager_msgs/srv/detail/switch_controller__type_support.hpp
[0.744s] -- Up-to-date: /home/changye/Ros2_gazebo/ros2_ws2/install/controller_manager_msgs/include/controller_manager_msgs/controller_manager_msgs/srv/detail/list_hardware_components__struct.hpp
[0.744s] -- Up-to-date: /home/changye/Ros2_gazebo/ros2_ws2/install/controller_manager_msgs/include/controller_manager_msgs/controller_manager_msgs/srv/detail/reload_controller_libraries__struct.hpp
[0.744s] -- Up-to-date: /home/changye/Ros2_gazebo/ros2_ws2/install/controller_manager_msgs/include/controller_manager_msgs/controller_manager_msgs/srv/detail/list_hardware_components__type_support.hpp
[0.744s] -- Up-to-date: /home/changye/Ros2_gazebo/ros2_ws2/install/controller_manager_msgs/include/controller_manager_msgs/controller_manager_msgs/srv/detail/list_controllers__type_support.hpp
[0.744s] -- Up-to-date: /home/changye/Ros2_gazebo/ros2_ws2/install/controller_manager_msgs/include/controller_manager_msgs/controller_manager_msgs/srv/detail/load_controller__type_support.hpp
[0.744s] -- Up-to-date: /home/changye/Ros2_gazebo/ros2_ws2/install/controller_manager_msgs/include/controller_manager_msgs/controller_manager_msgs/srv/detail/list_controller_types__type_support.hpp
[0.744s] -- Up-to-date: /home/changye/Ros2_gazebo/ros2_ws2/install/controller_manager_msgs/include/controller_manager_msgs/controller_manager_msgs/srv/detail/load_controller__struct.hpp
[0.745s] -- Up-to-date: /home/changye/Ros2_gazebo/ros2_ws2/install/controller_manager_msgs/include/controller_manager_msgs/controller_manager_msgs/srv/detail/set_hardware_component_state__builder.hpp
[0.745s] -- Up-to-date: /home/changye/Ros2_gazebo/ros2_ws2/install/controller_manager_msgs/include/controller_manager_msgs/controller_manager_msgs/srv/list_hardware_interfaces.hpp
[0.745s] -- Up-to-date: /home/changye/Ros2_gazebo/ros2_ws2/install/controller_manager_msgs/include/controller_manager_msgs/controller_manager_msgs/srv/set_hardware_component_state.hpp
[0.745s] -- Up-to-date: /home/changye/Ros2_gazebo/ros2_ws2/install/controller_manager_msgs/include/controller_manager_msgs/controller_manager_msgs/srv/list_hardware_components.hpp
[0.745s] -- Up-to-date: /home/changye/Ros2_gazebo/ros2_ws2/install/controller_manager_msgs/include/controller_manager_msgs/controller_manager_msgs/srv/switch_controller.hpp
[0.745s] -- Up-to-date: /home/changye/Ros2_gazebo/ros2_ws2/install/controller_manager_msgs/include/controller_manager_msgs/controller_manager_msgs/srv/configure_controller.hpp
[0.745s] -- Up-to-date: /home/changye/Ros2_gazebo/ros2_ws2/install/controller_manager_msgs/include/controller_manager_msgs/controller_manager_msgs/srv/load_controller.hpp
[0.745s] -- Up-to-date: /home/changye/Ros2_gazebo/ros2_ws2/install/controller_manager_msgs/include/controller_manager_msgs/controller_manager_msgs/srv/list_controller_types.hpp
[0.746s] -- Up-to-date: /home/changye/Ros2_gazebo/ros2_ws2/install/controller_manager_msgs/include/controller_manager_msgs/controller_manager_msgs/srv/unload_controller.hpp
[0.746s] -- Up-to-date: /home/changye/Ros2_gazebo/ros2_ws2/install/controller_manager_msgs/include/controller_manager_msgs/controller_manager_msgs/srv/reload_controller_libraries.hpp
[0.746s] -- Up-to-date: /home/changye/Ros2_gazebo/ros2_ws2/install/controller_manager_msgs/include/controller_manager_msgs/controller_manager_msgs/msg
[0.746s] -- Up-to-date: /home/changye/Ros2_gazebo/ros2_ws2/install/controller_manager_msgs/include/controller_manager_msgs/controller_manager_msgs/msg/detail
[0.746s] -- Up-to-date: /home/changye/Ros2_gazebo/ros2_ws2/install/controller_manager_msgs/include/controller_manager_msgs/controller_manager_msgs/msg/detail/controller_state__builder.hpp
[0.746s] -- Up-to-date: /home/changye/Ros2_gazebo/ros2_ws2/install/controller_manager_msgs/include/controller_manager_msgs/controller_manager_msgs/msg/detail/hardware_component_state__traits.hpp
[0.746s] -- Up-to-date: /home/changye/Ros2_gazebo/ros2_ws2/install/controller_manager_msgs/include/controller_manager_msgs/controller_manager_msgs/msg/detail/chain_connection__type_support.hpp
[0.746s] -- Up-to-date: /home/changye/Ros2_gazebo/ros2_ws2/install/controller_manager_msgs/include/controller_manager_msgs/controller_manager_msgs/msg/detail/controller_state__type_support.hpp
[0.747s] -- Up-to-date: /home/changye/Ros2_gazebo/ros2_ws2/install/controller_manager_msgs/include/controller_manager_msgs/controller_manager_msgs/msg/detail/chain_connection__builder.hpp
[0.747s] -- Up-to-date: /home/changye/Ros2_gazebo/ros2_ws2/install/controller_manager_msgs/include/controller_manager_msgs/controller_manager_msgs/msg/detail/chain_connection__traits.hpp
[0.747s] -- Up-to-date: /home/changye/Ros2_gazebo/ros2_ws2/install/controller_manager_msgs/include/controller_manager_msgs/controller_manager_msgs/msg/detail/chain_connection__struct.hpp
[0.747s] -- Up-to-date: /home/changye/Ros2_gazebo/ros2_ws2/install/controller_manager_msgs/include/controller_manager_msgs/controller_manager_msgs/msg/detail/hardware_interface__type_support.hpp
[0.747s] -- Up-to-date: /home/changye/Ros2_gazebo/ros2_ws2/install/controller_manager_msgs/include/controller_manager_msgs/controller_manager_msgs/msg/detail/hardware_interface__builder.hpp
[0.747s] -- Up-to-date: /home/changye/Ros2_gazebo/ros2_ws2/install/controller_manager_msgs/include/controller_manager_msgs/controller_manager_msgs/msg/detail/hardware_component_state__struct.hpp
[0.747s] -- Up-to-date: /home/changye/Ros2_gazebo/ros2_ws2/install/controller_manager_msgs/include/controller_manager_msgs/controller_manager_msgs/msg/detail/hardware_interface__traits.hpp
[0.748s] -- Up-to-date: /home/changye/Ros2_gazebo/ros2_ws2/install/controller_manager_msgs/include/controller_manager_msgs/controller_manager_msgs/msg/detail/hardware_component_state__type_support.hpp
[0.748s] -- Up-to-date: /home/changye/Ros2_gazebo/ros2_ws2/install/controller_manager_msgs/include/controller_manager_msgs/controller_manager_msgs/msg/detail/hardware_interface__struct.hpp
[0.748s] -- Up-to-date: /home/changye/Ros2_gazebo/ros2_ws2/install/controller_manager_msgs/include/controller_manager_msgs/controller_manager_msgs/msg/detail/hardware_component_state__builder.hpp
[0.748s] -- Up-to-date: /home/changye/Ros2_gazebo/ros2_ws2/install/controller_manager_msgs/include/controller_manager_msgs/controller_manager_msgs/msg/detail/controller_state__traits.hpp
[0.748s] -- Up-to-date: /home/changye/Ros2_gazebo/ros2_ws2/install/controller_manager_msgs/include/controller_manager_msgs/controller_manager_msgs/msg/detail/controller_state__struct.hpp
[0.748s] -- Up-to-date: /home/changye/Ros2_gazebo/ros2_ws2/install/controller_manager_msgs/include/controller_manager_msgs/controller_manager_msgs/msg/rosidl_generator_cpp__visibility_control.hpp
[0.748s] -- Up-to-date: /home/changye/Ros2_gazebo/ros2_ws2/install/controller_manager_msgs/include/controller_manager_msgs/controller_manager_msgs/msg/controller_state.hpp
[0.749s] -- Up-to-date: /home/changye/Ros2_gazebo/ros2_ws2/install/controller_manager_msgs/include/controller_manager_msgs/controller_manager_msgs/msg/chain_connection.hpp
[0.749s] -- Up-to-date: /home/changye/Ros2_gazebo/ros2_ws2/install/controller_manager_msgs/include/controller_manager_msgs/controller_manager_msgs/msg/hardware_component_state.hpp
[0.749s] -- Up-to-date: /home/changye/Ros2_gazebo/ros2_ws2/install/controller_manager_msgs/include/controller_manager_msgs/controller_manager_msgs/msg/hardware_interface.hpp
[0.750s] -- Up-to-date: /home/changye/Ros2_gazebo/ros2_ws2/install/controller_manager_msgs/include/controller_manager_msgs/controller_manager_msgs
[0.750s] -- Up-to-date: /home/changye/Ros2_gazebo/ros2_ws2/install/controller_manager_msgs/include/controller_manager_msgs/controller_manager_msgs/srv
[0.750s] -- Up-to-date: /home/changye/Ros2_gazebo/ros2_ws2/install/controller_manager_msgs/include/controller_manager_msgs/controller_manager_msgs/srv/detail
[0.750s] -- Up-to-date: /home/changye/Ros2_gazebo/ros2_ws2/install/controller_manager_msgs/include/controller_manager_msgs/controller_manager_msgs/srv/detail/unload_controller__rosidl_typesupport_fastrtps_cpp.hpp
[0.750s] -- Up-to-date: /home/changye/Ros2_gazebo/ros2_ws2/install/controller_manager_msgs/include/controller_manager_msgs/controller_manager_msgs/srv/detail/list_hardware_interfaces__rosidl_typesupport_fastrtps_cpp.hpp
[0.751s] -- Up-to-date: /home/changye/Ros2_gazebo/ros2_ws2/install/controller_manager_msgs/include/controller_manager_msgs/controller_manager_msgs/srv/detail/load_controller__rosidl_typesupport_fastrtps_cpp.hpp
[0.751s] -- Up-to-date: /home/changye/Ros2_gazebo/ros2_ws2/install/controller_manager_msgs/include/controller_manager_msgs/controller_manager_msgs/srv/detail/dds_fastrtps
[0.751s] -- Up-to-date: /home/changye/Ros2_gazebo/ros2_ws2/install/controller_manager_msgs/include/controller_manager_msgs/controller_manager_msgs/srv/detail/switch_controller__rosidl_typesupport_fastrtps_cpp.hpp
[0.751s] -- Up-to-date: /home/changye/Ros2_gazebo/ros2_ws2/install/controller_manager_msgs/include/controller_manager_msgs/controller_manager_msgs/srv/detail/configure_controller__rosidl_typesupport_fastrtps_cpp.hpp
[0.751s] -- Up-to-date: /home/changye/Ros2_gazebo/ros2_ws2/install/controller_manager_msgs/include/controller_manager_msgs/controller_manager_msgs/srv/detail/set_hardware_component_state__rosidl_typesupport_fastrtps_cpp.hpp
[0.751s] -- Up-to-date: /home/changye/Ros2_gazebo/ros2_ws2/install/controller_manager_msgs/include/controller_manager_msgs/controller_manager_msgs/srv/detail/reload_controller_libraries__rosidl_typesupport_fastrtps_cpp.hpp
[0.751s] -- Up-to-date: /home/changye/Ros2_gazebo/ros2_ws2/install/controller_manager_msgs/include/controller_manager_msgs/controller_manager_msgs/srv/detail/list_controller_types__rosidl_typesupport_fastrtps_cpp.hpp
[0.752s] -- Up-to-date: /home/changye/Ros2_gazebo/ros2_ws2/install/controller_manager_msgs/include/controller_manager_msgs/controller_manager_msgs/srv/detail/list_controllers__rosidl_typesupport_fastrtps_cpp.hpp
[0.752s] -- Up-to-date: /home/changye/Ros2_gazebo/ros2_ws2/install/controller_manager_msgs/include/controller_manager_msgs/controller_manager_msgs/srv/detail/list_hardware_components__rosidl_typesupport_fastrtps_cpp.hpp
[0.752s] -- Up-to-date: /home/changye/Ros2_gazebo/ros2_ws2/install/controller_manager_msgs/include/controller_manager_msgs/controller_manager_msgs/msg
[0.752s] -- Up-to-date: /home/changye/Ros2_gazebo/ros2_ws2/install/controller_manager_msgs/include/controller_manager_msgs/controller_manager_msgs/msg/detail
[0.752s] -- Up-to-date: /home/changye/Ros2_gazebo/ros2_ws2/install/controller_manager_msgs/include/controller_manager_msgs/controller_manager_msgs/msg/detail/hardware_interface__rosidl_typesupport_fastrtps_cpp.hpp
[0.752s] -- Up-to-date: /home/changye/Ros2_gazebo/ros2_ws2/install/controller_manager_msgs/include/controller_manager_msgs/controller_manager_msgs/msg/detail/dds_fastrtps
[0.753s] -- Up-to-date: /home/changye/Ros2_gazebo/ros2_ws2/install/controller_manager_msgs/include/controller_manager_msgs/controller_manager_msgs/msg/detail/chain_connection__rosidl_typesupport_fastrtps_cpp.hpp
[0.753s] -- Up-to-date: /home/changye/Ros2_gazebo/ros2_ws2/install/controller_manager_msgs/include/controller_manager_msgs/controller_manager_msgs/msg/detail/controller_state__rosidl_typesupport_fastrtps_cpp.hpp
[0.753s] -- Up-to-date: /home/changye/Ros2_gazebo/ros2_ws2/install/controller_manager_msgs/include/controller_manager_msgs/controller_manager_msgs/msg/detail/hardware_component_state__rosidl_typesupport_fastrtps_cpp.hpp
[0.753s] -- Up-to-date: /home/changye/Ros2_gazebo/ros2_ws2/install/controller_manager_msgs/include/controller_manager_msgs/controller_manager_msgs/msg/rosidl_typesupport_fastrtps_cpp__visibility_control.h
[0.753s] -- Up-to-date: /home/changye/Ros2_gazebo/ros2_ws2/install/controller_manager_msgs/lib/libcontroller_manager_msgs__rosidl_typesupport_fastrtps_cpp.so
[0.756s] -- Up-to-date: /home/changye/Ros2_gazebo/ros2_ws2/install/controller_manager_msgs/include/controller_manager_msgs/controller_manager_msgs
[0.756s] -- Up-to-date: /home/changye/Ros2_gazebo/ros2_ws2/install/controller_manager_msgs/include/controller_manager_msgs/controller_manager_msgs/srv
[0.756s] -- Up-to-date: /home/changye/Ros2_gazebo/ros2_ws2/install/controller_manager_msgs/include/controller_manager_msgs/controller_manager_msgs/srv/detail
[0.756s] -- Up-to-date: /home/changye/Ros2_gazebo/ros2_ws2/install/controller_manager_msgs/include/controller_manager_msgs/controller_manager_msgs/srv/detail/list_controller_types__rosidl_typesupport_introspection_c.h
[0.756s] -- Up-to-date: /home/changye/Ros2_gazebo/ros2_ws2/install/controller_manager_msgs/include/controller_manager_msgs/controller_manager_msgs/srv/detail/set_hardware_component_state__type_support.c
[0.756s] -- Up-to-date: /home/changye/Ros2_gazebo/ros2_ws2/install/controller_manager_msgs/include/controller_manager_msgs/controller_manager_msgs/srv/detail/load_controller__rosidl_typesupport_introspection_c.h
[0.757s] -- Up-to-date: /home/changye/Ros2_gazebo/ros2_ws2/install/controller_manager_msgs/include/controller_manager_msgs/controller_manager_msgs/srv/detail/reload_controller_libraries__rosidl_typesupport_introspection_c.h
[0.757s] -- Up-to-date: /home/changye/Ros2_gazebo/ros2_ws2/install/controller_manager_msgs/include/controller_manager_msgs/controller_manager_msgs/srv/detail/list_controller_types__type_support.c
[0.757s] -- Up-to-date: /home/changye/Ros2_gazebo/ros2_ws2/install/controller_manager_msgs/include/controller_manager_msgs/controller_manager_msgs/srv/detail/list_hardware_interfaces__rosidl_typesupport_introspection_c.h
[0.757s] -- Up-to-date: /home/changye/Ros2_gazebo/ros2_ws2/install/controller_manager_msgs/include/controller_manager_msgs/controller_manager_msgs/srv/detail/list_controllers__rosidl_typesupport_introspection_c.h
[0.757s] -- Up-to-date: /home/changye/Ros2_gazebo/ros2_ws2/install/controller_manager_msgs/include/controller_manager_msgs/controller_manager_msgs/srv/detail/set_hardware_component_state__rosidl_typesupport_introspection_c.h
[0.757s] -- Up-to-date: /home/changye/Ros2_gazebo/ros2_ws2/install/controller_manager_msgs/include/controller_manager_msgs/controller_manager_msgs/srv/detail/unload_controller__rosidl_typesupport_introspection_c.h
[0.757s] -- Up-to-date: /home/changye/Ros2_gazebo/ros2_ws2/install/controller_manager_msgs/include/controller_manager_msgs/controller_manager_msgs/srv/detail/reload_controller_libraries__type_support.c
[0.757s] -- Up-to-date: /home/changye/Ros2_gazebo/ros2_ws2/install/controller_manager_msgs/include/controller_manager_msgs/controller_manager_msgs/srv/detail/list_hardware_components__rosidl_typesupport_introspection_c.h
[0.757s] -- Up-to-date: /home/changye/Ros2_gazebo/ros2_ws2/install/controller_manager_msgs/include/controller_manager_msgs/controller_manager_msgs/srv/detail/configure_controller__type_support.c
[0.758s] -- Up-to-date: /home/changye/Ros2_gazebo/ros2_ws2/install/controller_manager_msgs/include/controller_manager_msgs/controller_manager_msgs/srv/detail/list_controllers__type_support.c
[0.758s] -- Up-to-date: /home/changye/Ros2_gazebo/ros2_ws2/install/controller_manager_msgs/include/controller_manager_msgs/controller_manager_msgs/srv/detail/list_hardware_interfaces__type_support.c
[0.759s] -- Up-to-date: /home/changye/Ros2_gazebo/ros2_ws2/install/controller_manager_msgs/include/controller_manager_msgs/controller_manager_msgs/srv/detail/load_controller__type_support.c
[0.759s] -- Up-to-date: /home/changye/Ros2_gazebo/ros2_ws2/install/controller_manager_msgs/include/controller_manager_msgs/controller_manager_msgs/srv/detail/configure_controller__rosidl_typesupport_introspection_c.h
[0.759s] -- Up-to-date: /home/changye/Ros2_gazebo/ros2_ws2/install/controller_manager_msgs/include/controller_manager_msgs/controller_manager_msgs/srv/detail/switch_controller__rosidl_typesupport_introspection_c.h
[0.759s] -- Up-to-date: /home/changye/Ros2_gazebo/ros2_ws2/install/controller_manager_msgs/include/controller_manager_msgs/controller_manager_msgs/srv/detail/list_hardware_components__type_support.c
[0.759s] -- Up-to-date: /home/changye/Ros2_gazebo/ros2_ws2/install/controller_manager_msgs/include/controller_manager_msgs/controller_manager_msgs/srv/detail/switch_controller__type_support.c
[0.759s] -- Up-to-date: /home/changye/Ros2_gazebo/ros2_ws2/install/controller_manager_msgs/include/controller_manager_msgs/controller_manager_msgs/srv/detail/unload_controller__type_support.c
[0.759s] -- Up-to-date: /home/changye/Ros2_gazebo/ros2_ws2/install/controller_manager_msgs/include/controller_manager_msgs/controller_manager_msgs/msg
[0.760s] -- Up-to-date: /home/changye/Ros2_gazebo/ros2_ws2/install/controller_manager_msgs/include/controller_manager_msgs/controller_manager_msgs/msg/detail
[0.760s] -- Up-to-date: /home/changye/Ros2_gazebo/ros2_ws2/install/controller_manager_msgs/include/controller_manager_msgs/controller_manager_msgs/msg/detail/chain_connection__type_support.c
[0.760s] -- Up-to-date: /home/changye/Ros2_gazebo/ros2_ws2/install/controller_manager_msgs/include/controller_manager_msgs/controller_manager_msgs/msg/detail/chain_connection__rosidl_typesupport_introspection_c.h
[0.760s] -- Up-to-date: /home/changye/Ros2_gazebo/ros2_ws2/install/controller_manager_msgs/include/controller_manager_msgs/controller_manager_msgs/msg/detail/hardware_component_state__type_support.c
[0.760s] -- Up-to-date: /home/changye/Ros2_gazebo/ros2_ws2/install/controller_manager_msgs/include/controller_manager_msgs/controller_manager_msgs/msg/detail/controller_state__rosidl_typesupport_introspection_c.h
[0.760s] -- Up-to-date: /home/changye/Ros2_gazebo/ros2_ws2/install/controller_manager_msgs/include/controller_manager_msgs/controller_manager_msgs/msg/detail/controller_state__type_support.c
[0.760s] -- Up-to-date: /home/changye/Ros2_gazebo/ros2_ws2/install/controller_manager_msgs/include/controller_manager_msgs/controller_manager_msgs/msg/detail/hardware_component_state__rosidl_typesupport_introspection_c.h
[0.760s] -- Up-to-date: /home/changye/Ros2_gazebo/ros2_ws2/install/controller_manager_msgs/include/controller_manager_msgs/controller_manager_msgs/msg/detail/hardware_interface__type_support.c
[0.761s] -- Up-to-date: /home/changye/Ros2_gazebo/ros2_ws2/install/controller_manager_msgs/include/controller_manager_msgs/controller_manager_msgs/msg/detail/hardware_interface__rosidl_typesupport_introspection_c.h
[0.761s] -- Up-to-date: /home/changye/Ros2_gazebo/ros2_ws2/install/controller_manager_msgs/include/controller_manager_msgs/controller_manager_msgs/msg/rosidl_typesupport_introspection_c__visibility_control.h
[0.764s] -- Up-to-date: /home/changye/Ros2_gazebo/ros2_ws2/install/controller_manager_msgs/lib/libcontroller_manager_msgs__rosidl_typesupport_introspection_c.so
[0.767s] -- Up-to-date: /home/changye/Ros2_gazebo/ros2_ws2/install/controller_manager_msgs/lib/libcontroller_manager_msgs__rosidl_typesupport_c.so
[0.768s] -- Up-to-date: /home/changye/Ros2_gazebo/ros2_ws2/install/controller_manager_msgs/include/controller_manager_msgs/controller_manager_msgs
[0.769s] -- Up-to-date: /home/changye/Ros2_gazebo/ros2_ws2/install/controller_manager_msgs/include/controller_manager_msgs/controller_manager_msgs/srv
[0.769s] -- Up-to-date: /home/changye/Ros2_gazebo/ros2_ws2/install/controller_manager_msgs/include/controller_manager_msgs/controller_manager_msgs/srv/detail
[0.769s] -- Up-to-date: /home/changye/Ros2_gazebo/ros2_ws2/install/controller_manager_msgs/include/controller_manager_msgs/controller_manager_msgs/srv/detail/switch_controller__rosidl_typesupport_introspection_cpp.hpp
[0.769s] -- Up-to-date: /home/changye/Ros2_gazebo/ros2_ws2/install/controller_manager_msgs/include/controller_manager_msgs/controller_manager_msgs/srv/detail/reload_controller_libraries__type_support.cpp
[0.769s] -- Up-to-date: /home/changye/Ros2_gazebo/ros2_ws2/install/controller_manager_msgs/include/controller_manager_msgs/controller_manager_msgs/srv/detail/switch_controller__type_support.cpp
[0.769s] -- Up-to-date: /home/changye/Ros2_gazebo/ros2_ws2/install/controller_manager_msgs/include/controller_manager_msgs/controller_manager_msgs/srv/detail/unload_controller__type_support.cpp
[0.771s] -- Up-to-date: /home/changye/Ros2_gazebo/ros2_ws2/install/controller_manager_msgs/include/controller_manager_msgs/controller_manager_msgs/srv/detail/configure_controller__rosidl_typesupport_introspection_cpp.hpp
[0.771s] -- Up-to-date: /home/changye/Ros2_gazebo/ros2_ws2/install/controller_manager_msgs/include/controller_manager_msgs/controller_manager_msgs/srv/detail/load_controller__rosidl_typesupport_introspection_cpp.hpp
[0.771s] -- Up-to-date: /home/changye/Ros2_gazebo/ros2_ws2/install/controller_manager_msgs/include/controller_manager_msgs/controller_manager_msgs/srv/detail/list_controllers__type_support.cpp
[0.771s] -- Up-to-date: /home/changye/Ros2_gazebo/ros2_ws2/install/controller_manager_msgs/include/controller_manager_msgs/controller_manager_msgs/srv/detail/set_hardware_component_state__rosidl_typesupport_introspection_cpp.hpp
[0.771s] -- Up-to-date: /home/changye/Ros2_gazebo/ros2_ws2/install/controller_manager_msgs/include/controller_manager_msgs/controller_manager_msgs/srv/detail/set_hardware_component_state__type_support.cpp
[0.771s] -- Up-to-date: /home/changye/Ros2_gazebo/ros2_ws2/install/controller_manager_msgs/include/controller_manager_msgs/controller_manager_msgs/srv/detail/list_hardware_components__type_support.cpp
[0.771s] -- Up-to-date: /home/changye/Ros2_gazebo/ros2_ws2/install/controller_manager_msgs/include/controller_manager_msgs/controller_manager_msgs/srv/detail/list_hardware_components__rosidl_typesupport_introspection_cpp.hpp
[0.771s] -- Up-to-date: /home/changye/Ros2_gazebo/ros2_ws2/install/controller_manager_msgs/include/controller_manager_msgs/controller_manager_msgs/srv/detail/list_controller_types__type_support.cpp
[0.772s] -- Up-to-date: /home/changye/Ros2_gazebo/ros2_ws2/install/controller_manager_msgs/include/controller_manager_msgs/controller_manager_msgs/srv/detail/list_hardware_interfaces__rosidl_typesupport_introspection_cpp.hpp
[0.772s] -- Up-to-date: /home/changye/Ros2_gazebo/ros2_ws2/install/controller_manager_msgs/include/controller_manager_msgs/controller_manager_msgs/srv/detail/list_controllers__rosidl_typesupport_introspection_cpp.hpp
[0.772s] -- Up-to-date: /home/changye/Ros2_gazebo/ros2_ws2/install/controller_manager_msgs/include/controller_manager_msgs/controller_manager_msgs/srv/detail/reload_controller_libraries__rosidl_typesupport_introspection_cpp.hpp
[0.772s] -- Up-to-date: /home/changye/Ros2_gazebo/ros2_ws2/install/controller_manager_msgs/include/controller_manager_msgs/controller_manager_msgs/srv/detail/list_controller_types__rosidl_typesupport_introspection_cpp.hpp
[0.772s] -- Up-to-date: /home/changye/Ros2_gazebo/ros2_ws2/install/controller_manager_msgs/include/controller_manager_msgs/controller_manager_msgs/srv/detail/configure_controller__type_support.cpp
[0.772s] -- Up-to-date: /home/changye/Ros2_gazebo/ros2_ws2/install/controller_manager_msgs/include/controller_manager_msgs/controller_manager_msgs/srv/detail/list_hardware_interfaces__type_support.cpp
[0.772s] -- Up-to-date: /home/changye/Ros2_gazebo/ros2_ws2/install/controller_manager_msgs/include/controller_manager_msgs/controller_manager_msgs/srv/detail/load_controller__type_support.cpp
[0.772s] -- Up-to-date: /home/changye/Ros2_gazebo/ros2_ws2/install/controller_manager_msgs/include/controller_manager_msgs/controller_manager_msgs/srv/detail/unload_controller__rosidl_typesupport_introspection_cpp.hpp
[0.772s] -- Up-to-date: /home/changye/Ros2_gazebo/ros2_ws2/install/controller_manager_msgs/include/controller_manager_msgs/controller_manager_msgs/msg
[0.772s] -- Up-to-date: /home/changye/Ros2_gazebo/ros2_ws2/install/controller_manager_msgs/include/controller_manager_msgs/controller_manager_msgs/msg/detail
[0.772s] -- Up-to-date: /home/changye/Ros2_gazebo/ros2_ws2/install/controller_manager_msgs/include/controller_manager_msgs/controller_manager_msgs/msg/detail/hardware_component_state__type_support.cpp
[0.772s] -- Up-to-date: /home/changye/Ros2_gazebo/ros2_ws2/install/controller_manager_msgs/include/controller_manager_msgs/controller_manager_msgs/msg/detail/hardware_interface__rosidl_typesupport_introspection_cpp.hpp
[0.772s] -- Up-to-date: /home/changye/Ros2_gazebo/ros2_ws2/install/controller_manager_msgs/include/controller_manager_msgs/controller_manager_msgs/msg/detail/controller_state__rosidl_typesupport_introspection_cpp.hpp
[0.772s] -- Up-to-date: /home/changye/Ros2_gazebo/ros2_ws2/install/controller_manager_msgs/include/controller_manager_msgs/controller_manager_msgs/msg/detail/hardware_component_state__rosidl_typesupport_introspection_cpp.hpp
[0.773s] -- Up-to-date: /home/changye/Ros2_gazebo/ros2_ws2/install/controller_manager_msgs/include/controller_manager_msgs/controller_manager_msgs/msg/detail/chain_connection__rosidl_typesupport_introspection_cpp.hpp
[0.773s] -- Up-to-date: /home/changye/Ros2_gazebo/ros2_ws2/install/controller_manager_msgs/include/controller_manager_msgs/controller_manager_msgs/msg/detail/chain_connection__type_support.cpp
[0.773s] -- Up-to-date: /home/changye/Ros2_gazebo/ros2_ws2/install/controller_manager_msgs/include/controller_manager_msgs/controller_manager_msgs/msg/detail/hardware_interface__type_support.cpp
[0.773s] -- Up-to-date: /home/changye/Ros2_gazebo/ros2_ws2/install/controller_manager_msgs/include/controller_manager_msgs/controller_manager_msgs/msg/detail/controller_state__type_support.cpp
[0.774s] -- Up-to-date: /home/changye/Ros2_gazebo/ros2_ws2/install/controller_manager_msgs/lib/libcontroller_manager_msgs__rosidl_typesupport_introspection_cpp.so
[0.774s] -- Up-to-date: /home/changye/Ros2_gazebo/ros2_ws2/install/controller_manager_msgs/lib/libcontroller_manager_msgs__rosidl_typesupport_cpp.so
[0.775s] -- Up-to-date: /home/changye/Ros2_gazebo/ros2_ws2/install/controller_manager_msgs/share/controller_manager_msgs/environment/pythonpath.sh
[0.776s] -- Up-to-date: /home/changye/Ros2_gazebo/ros2_ws2/install/controller_manager_msgs/share/controller_manager_msgs/environment/pythonpath.dsv
[0.776s] -- Up-to-date: /home/changye/Ros2_gazebo/ros2_ws2/install/controller_manager_msgs/local/lib/python3.10/dist-packages/controller_manager_msgs-2.47.0-py3.10.egg-info
[0.776s] -- Installing: /home/changye/Ros2_gazebo/ros2_ws2/install/controller_manager_msgs/local/lib/python3.10/dist-packages/controller_manager_msgs-2.47.0-py3.10.egg-info/PKG-INFO
[0.776s] -- Installing: /home/changye/Ros2_gazebo/ros2_ws2/install/controller_manager_msgs/local/lib/python3.10/dist-packages/controller_manager_msgs-2.47.0-py3.10.egg-info/SOURCES.txt
[0.776s] -- Installing: /home/changye/Ros2_gazebo/ros2_ws2/install/controller_manager_msgs/local/lib/python3.10/dist-packages/controller_manager_msgs-2.47.0-py3.10.egg-info/dependency_links.txt
[0.777s] -- Installing: /home/changye/Ros2_gazebo/ros2_ws2/install/controller_manager_msgs/local/lib/python3.10/dist-packages/controller_manager_msgs-2.47.0-py3.10.egg-info/top_level.txt
[0.778s] -- Up-to-date: /home/changye/Ros2_gazebo/ros2_ws2/install/controller_manager_msgs/local/lib/python3.10/dist-packages/controller_manager_msgs
[0.780s] -- Up-to-date: /home/changye/Ros2_gazebo/ros2_ws2/install/controller_manager_msgs/local/lib/python3.10/dist-packages/controller_manager_msgs/_controller_manager_msgs_s.ep.rosidl_typesupport_introspection_c.c
[0.780s] -- Up-to-date: /home/changye/Ros2_gazebo/ros2_ws2/install/controller_manager_msgs/local/lib/python3.10/dist-packages/controller_manager_msgs/controller_manager_msgs_s__rosidl_typesupport_introspection_c.cpython-310-x86_64-linux-gnu.so
[0.781s] -- Up-to-date: /home/changye/Ros2_gazebo/ros2_ws2/install/controller_manager_msgs/local/lib/python3.10/dist-packages/controller_manager_msgs/srv
[0.781s] -- Up-to-date: /home/changye/Ros2_gazebo/ros2_ws2/install/controller_manager_msgs/local/lib/python3.10/dist-packages/controller_manager_msgs/srv/_set_hardware_component_state.py
[0.781s] -- Up-to-date: /home/changye/Ros2_gazebo/ros2_ws2/install/controller_manager_msgs/local/lib/python3.10/dist-packages/controller_manager_msgs/srv/_list_controllers_s.c
[0.781s] -- Up-to-date: /home/changye/Ros2_gazebo/ros2_ws2/install/controller_manager_msgs/local/lib/python3.10/dist-packages/controller_manager_msgs/srv/_set_hardware_component_state_s.c
[0.781s] -- Up-to-date: /home/changye/Ros2_gazebo/ros2_ws2/install/controller_manager_msgs/local/lib/python3.10/dist-packages/controller_manager_msgs/srv/_switch_controller_s.c
[0.781s] -- Up-to-date: /home/changye/Ros2_gazebo/ros2_ws2/install/controller_manager_msgs/local/lib/python3.10/dist-packages/controller_manager_msgs/srv/_list_hardware_interfaces_s.c
[0.781s] -- Up-to-date: /home/changye/Ros2_gazebo/ros2_ws2/install/controller_manager_msgs/local/lib/python3.10/dist-packages/controller_manager_msgs/srv/_reload_controller_libraries_s.c
[0.781s] -- Up-to-date: /home/changye/Ros2_gazebo/ros2_ws2/install/controller_manager_msgs/local/lib/python3.10/dist-packages/controller_manager_msgs/srv/_configure_controller.py
[0.781s] -- Up-to-date: /home/changye/Ros2_gazebo/ros2_ws2/install/controller_manager_msgs/local/lib/python3.10/dist-packages/controller_manager_msgs/srv/_list_controllers.py
[0.782s] -- Up-to-date: /home/changye/Ros2_gazebo/ros2_ws2/install/controller_manager_msgs/local/lib/python3.10/dist-packages/controller_manager_msgs/srv/_list_hardware_components_s.c
[0.782s] -- Up-to-date: /home/changye/Ros2_gazebo/ros2_ws2/install/controller_manager_msgs/local/lib/python3.10/dist-packages/controller_manager_msgs/srv/__init__.py
[0.782s] -- Up-to-date: /home/changye/Ros2_gazebo/ros2_ws2/install/controller_manager_msgs/local/lib/python3.10/dist-packages/controller_manager_msgs/srv/_list_controller_types_s.c
[0.782s] -- Up-to-date: /home/changye/Ros2_gazebo/ros2_ws2/install/controller_manager_msgs/local/lib/python3.10/dist-packages/controller_manager_msgs/srv/_configure_controller_s.c
[0.782s] -- Up-to-date: /home/changye/Ros2_gazebo/ros2_ws2/install/controller_manager_msgs/local/lib/python3.10/dist-packages/controller_manager_msgs/srv/_list_hardware_interfaces.py
[0.782s] -- Up-to-date: /home/changye/Ros2_gazebo/ros2_ws2/install/controller_manager_msgs/local/lib/python3.10/dist-packages/controller_manager_msgs/srv/_list_hardware_components.py
[0.782s] -- Up-to-date: /home/changye/Ros2_gazebo/ros2_ws2/install/controller_manager_msgs/local/lib/python3.10/dist-packages/controller_manager_msgs/srv/_reload_controller_libraries.py
[0.782s] -- Up-to-date: /home/changye/Ros2_gazebo/ros2_ws2/install/controller_manager_msgs/local/lib/python3.10/dist-packages/controller_manager_msgs/srv/_load_controller_s.c
[0.782s] -- Up-to-date: /home/changye/Ros2_gazebo/ros2_ws2/install/controller_manager_msgs/local/lib/python3.10/dist-packages/controller_manager_msgs/srv/_list_controller_types.py
[0.782s] -- Up-to-date: /home/changye/Ros2_gazebo/ros2_ws2/install/controller_manager_msgs/local/lib/python3.10/dist-packages/controller_manager_msgs/srv/_switch_controller.py
[0.782s] -- Up-to-date: /home/changye/Ros2_gazebo/ros2_ws2/install/controller_manager_msgs/local/lib/python3.10/dist-packages/controller_manager_msgs/srv/_load_controller.py
[0.782s] -- Up-to-date: /home/changye/Ros2_gazebo/ros2_ws2/install/controller_manager_msgs/local/lib/python3.10/dist-packages/controller_manager_msgs/srv/_unload_controller_s.c
[0.782s] -- Up-to-date: /home/changye/Ros2_gazebo/ros2_ws2/install/controller_manager_msgs/local/lib/python3.10/dist-packages/controller_manager_msgs/srv/_unload_controller.py
[0.782s] -- Up-to-date: /home/changye/Ros2_gazebo/ros2_ws2/install/controller_manager_msgs/local/lib/python3.10/dist-packages/controller_manager_msgs/_controller_manager_msgs_s.ep.rosidl_typesupport_c.c
[0.782s] -- Up-to-date: /home/changye/Ros2_gazebo/ros2_ws2/install/controller_manager_msgs/local/lib/python3.10/dist-packages/controller_manager_msgs/__init__.py
[0.782s] -- Up-to-date: /home/changye/Ros2_gazebo/ros2_ws2/install/controller_manager_msgs/local/lib/python3.10/dist-packages/controller_manager_msgs/_controller_manager_msgs_s.ep.rosidl_typesupport_fastrtps_c.c
[0.782s] -- Up-to-date: /home/changye/Ros2_gazebo/ros2_ws2/install/controller_manager_msgs/local/lib/python3.10/dist-packages/controller_manager_msgs/controller_manager_msgs_s__rosidl_typesupport_c.cpython-310-x86_64-linux-gnu.so
[0.783s] -- Up-to-date: /home/changye/Ros2_gazebo/ros2_ws2/install/controller_manager_msgs/local/lib/python3.10/dist-packages/controller_manager_msgs/controller_manager_msgs_s__rosidl_typesupport_fastrtps_c.cpython-310-x86_64-linux-gnu.so
[0.783s] -- Up-to-date: /home/changye/Ros2_gazebo/ros2_ws2/install/controller_manager_msgs/local/lib/python3.10/dist-packages/controller_manager_msgs/msg
[0.783s] -- Up-to-date: /home/changye/Ros2_gazebo/ros2_ws2/install/controller_manager_msgs/local/lib/python3.10/dist-packages/controller_manager_msgs/msg/_chain_connection.py
[0.783s] -- Up-to-date: /home/changye/Ros2_gazebo/ros2_ws2/install/controller_manager_msgs/local/lib/python3.10/dist-packages/controller_manager_msgs/msg/_hardware_interface_s.c
[0.783s] -- Up-to-date: /home/changye/Ros2_gazebo/ros2_ws2/install/controller_manager_msgs/local/lib/python3.10/dist-packages/controller_manager_msgs/msg/__init__.py
[0.783s] -- Up-to-date: /home/changye/Ros2_gazebo/ros2_ws2/install/controller_manager_msgs/local/lib/python3.10/dist-packages/controller_manager_msgs/msg/_chain_connection_s.c
[0.783s] -- Up-to-date: /home/changye/Ros2_gazebo/ros2_ws2/install/controller_manager_msgs/local/lib/python3.10/dist-packages/controller_manager_msgs/msg/_controller_state_s.c
[0.783s] -- Up-to-date: /home/changye/Ros2_gazebo/ros2_ws2/install/controller_manager_msgs/local/lib/python3.10/dist-packages/controller_manager_msgs/msg/_hardware_interface.py
[0.783s] -- Up-to-date: /home/changye/Ros2_gazebo/ros2_ws2/install/controller_manager_msgs/local/lib/python3.10/dist-packages/controller_manager_msgs/msg/_hardware_component_state.py
[0.783s] -- Up-to-date: /home/changye/Ros2_gazebo/ros2_ws2/install/controller_manager_msgs/local/lib/python3.10/dist-packages/controller_manager_msgs/msg/_hardware_component_state_s.c
[0.783s] -- Up-to-date: /home/changye/Ros2_gazebo/ros2_ws2/install/controller_manager_msgs/local/lib/python3.10/dist-packages/controller_manager_msgs/msg/_controller_state.py
[0.783s] -- Up-to-date: /home/changye/Ros2_gazebo/ros2_ws2/install/controller_manager_msgs/local/lib/python3.10/dist-packages/controller_manager_msgs/libcontroller_manager_msgs__rosidl_generator_py.so
[0.803s] Listing '/home/changye/Ros2_gazebo/ros2_ws2/install/controller_manager_msgs/local/lib/python3.10/dist-packages/controller_manager_msgs'...
[0.803s] Listing '/home/changye/Ros2_gazebo/ros2_ws2/install/controller_manager_msgs/local/lib/python3.10/dist-packages/controller_manager_msgs/msg'...
[0.803s] Listing '/home/changye/Ros2_gazebo/ros2_ws2/install/controller_manager_msgs/local/lib/python3.10/dist-packages/controller_manager_msgs/srv'...
[0.803s] -- Up-to-date: /home/changye/Ros2_gazebo/ros2_ws2/install/controller_manager_msgs/local/lib/python3.10/dist-packages/controller_manager_msgs/controller_manager_msgs_s__rosidl_typesupport_fastrtps_c.cpython-310-x86_64-linux-gnu.so
[0.803s] -- Up-to-date: /home/changye/Ros2_gazebo/ros2_ws2/install/controller_manager_msgs/local/lib/python3.10/dist-packages/controller_manager_msgs/controller_manager_msgs_s__rosidl_typesupport_introspection_c.cpython-310-x86_64-linux-gnu.so
[0.803s] -- Up-to-date: /home/changye/Ros2_gazebo/ros2_ws2/install/controller_manager_msgs/local/lib/python3.10/dist-packages/controller_manager_msgs/controller_manager_msgs_s__rosidl_typesupport_c.cpython-310-x86_64-linux-gnu.so
[0.803s] -- Up-to-date: /home/changye/Ros2_gazebo/ros2_ws2/install/controller_manager_msgs/lib/libcontroller_manager_msgs__rosidl_generator_py.so
[0.803s] -- Up-to-date: /home/changye/Ros2_gazebo/ros2_ws2/install/controller_manager_msgs/share/controller_manager_msgs/msg/ControllerState.idl
[0.803s] -- Up-to-date: /home/changye/Ros2_gazebo/ros2_ws2/install/controller_manager_msgs/share/controller_manager_msgs/msg/ChainConnection.idl
[0.803s] -- Up-to-date: /home/changye/Ros2_gazebo/ros2_ws2/install/controller_manager_msgs/share/controller_manager_msgs/msg/HardwareComponentState.idl
[0.803s] -- Up-to-date: /home/changye/Ros2_gazebo/ros2_ws2/install/controller_manager_msgs/share/controller_manager_msgs/msg/HardwareInterface.idl
[0.804s] -- Up-to-date: /home/changye/Ros2_gazebo/ros2_ws2/install/controller_manager_msgs/share/controller_manager_msgs/srv/ConfigureController.idl
[0.804s] -- Up-to-date: /home/changye/Ros2_gazebo/ros2_ws2/install/controller_manager_msgs/share/controller_manager_msgs/srv/ListControllers.idl
[0.804s] -- Up-to-date: /home/changye/Ros2_gazebo/ros2_ws2/install/controller_manager_msgs/share/controller_manager_msgs/srv/ListControllerTypes.idl
[0.804s] -- Up-to-date: /home/changye/Ros2_gazebo/ros2_ws2/install/controller_manager_msgs/share/controller_manager_msgs/srv/ListHardwareComponents.idl
[0.804s] -- Up-to-date: /home/changye/Ros2_gazebo/ros2_ws2/install/controller_manager_msgs/share/controller_manager_msgs/srv/ListHardwareInterfaces.idl
[0.804s] -- Up-to-date: /home/changye/Ros2_gazebo/ros2_ws2/install/controller_manager_msgs/share/controller_manager_msgs/srv/LoadController.idl
[0.804s] -- Up-to-date: /home/changye/Ros2_gazebo/ros2_ws2/install/controller_manager_msgs/share/controller_manager_msgs/srv/ReloadControllerLibraries.idl
[0.804s] -- Up-to-date: /home/changye/Ros2_gazebo/ros2_ws2/install/controller_manager_msgs/share/controller_manager_msgs/srv/SetHardwareComponentState.idl
[0.804s] -- Up-to-date: /home/changye/Ros2_gazebo/ros2_ws2/install/controller_manager_msgs/share/controller_manager_msgs/srv/SwitchController.idl
[0.804s] -- Up-to-date: /home/changye/Ros2_gazebo/ros2_ws2/install/controller_manager_msgs/share/controller_manager_msgs/srv/UnloadController.idl
[0.804s] -- Up-to-date: /home/changye/Ros2_gazebo/ros2_ws2/install/controller_manager_msgs/share/controller_manager_msgs/msg/ControllerState.msg
[0.804s] -- Up-to-date: /home/changye/Ros2_gazebo/ros2_ws2/install/controller_manager_msgs/share/controller_manager_msgs/msg/ChainConnection.msg
[0.804s] -- Up-to-date: /home/changye/Ros2_gazebo/ros2_ws2/install/controller_manager_msgs/share/controller_manager_msgs/msg/HardwareComponentState.msg
[0.804s] -- Up-to-date: /home/changye/Ros2_gazebo/ros2_ws2/install/controller_manager_msgs/share/controller_manager_msgs/msg/HardwareInterface.msg
[0.804s] -- Up-to-date: /home/changye/Ros2_gazebo/ros2_ws2/install/controller_manager_msgs/share/controller_manager_msgs/srv/ConfigureController.srv
[0.805s] -- Up-to-date: /home/changye/Ros2_gazebo/ros2_ws2/install/controller_manager_msgs/share/controller_manager_msgs/srv/ConfigureController_Request.msg
[0.805s] -- Up-to-date: /home/changye/Ros2_gazebo/ros2_ws2/install/controller_manager_msgs/share/controller_manager_msgs/srv/ConfigureController_Response.msg
[0.805s] -- Up-to-date: /home/changye/Ros2_gazebo/ros2_ws2/install/controller_manager_msgs/share/controller_manager_msgs/srv/ListControllers.srv
[0.805s] -- Up-to-date: /home/changye/Ros2_gazebo/ros2_ws2/install/controller_manager_msgs/share/controller_manager_msgs/srv/ListControllers_Request.msg
[0.805s] -- Up-to-date: /home/changye/Ros2_gazebo/ros2_ws2/install/controller_manager_msgs/share/controller_manager_msgs/srv/ListControllers_Response.msg
[0.805s] -- Up-to-date: /home/changye/Ros2_gazebo/ros2_ws2/install/controller_manager_msgs/share/controller_manager_msgs/srv/ListControllerTypes.srv
[0.805s] -- Up-to-date: /home/changye/Ros2_gazebo/ros2_ws2/install/controller_manager_msgs/share/controller_manager_msgs/srv/ListControllerTypes_Request.msg
[0.805s] -- Up-to-date: /home/changye/Ros2_gazebo/ros2_ws2/install/controller_manager_msgs/share/controller_manager_msgs/srv/ListControllerTypes_Response.msg
[0.805s] -- Up-to-date: /home/changye/Ros2_gazebo/ros2_ws2/install/controller_manager_msgs/share/controller_manager_msgs/srv/ListHardwareComponents.srv
[0.805s] -- Up-to-date: /home/changye/Ros2_gazebo/ros2_ws2/install/controller_manager_msgs/share/controller_manager_msgs/srv/ListHardwareComponents_Request.msg
[0.805s] -- Up-to-date: /home/changye/Ros2_gazebo/ros2_ws2/install/controller_manager_msgs/share/controller_manager_msgs/srv/ListHardwareComponents_Response.msg
[0.805s] -- Up-to-date: /home/changye/Ros2_gazebo/ros2_ws2/install/controller_manager_msgs/share/controller_manager_msgs/srv/ListHardwareInterfaces.srv
[0.805s] -- Up-to-date: /home/changye/Ros2_gazebo/ros2_ws2/install/controller_manager_msgs/share/controller_manager_msgs/srv/ListHardwareInterfaces_Request.msg
[0.805s] -- Up-to-date: /home/changye/Ros2_gazebo/ros2_ws2/install/controller_manager_msgs/share/controller_manager_msgs/srv/ListHardwareInterfaces_Response.msg
[0.805s] -- Up-to-date: /home/changye/Ros2_gazebo/ros2_ws2/install/controller_manager_msgs/share/controller_manager_msgs/srv/LoadController.srv
[0.805s] -- Up-to-date: /home/changye/Ros2_gazebo/ros2_ws2/install/controller_manager_msgs/share/controller_manager_msgs/srv/LoadController_Request.msg
[0.805s] -- Up-to-date: /home/changye/Ros2_gazebo/ros2_ws2/install/controller_manager_msgs/share/controller_manager_msgs/srv/LoadController_Response.msg
[0.805s] -- Up-to-date: /home/changye/Ros2_gazebo/ros2_ws2/install/controller_manager_msgs/share/controller_manager_msgs/srv/ReloadControllerLibraries.srv
[0.806s] -- Up-to-date: /home/changye/Ros2_gazebo/ros2_ws2/install/controller_manager_msgs/share/controller_manager_msgs/srv/ReloadControllerLibraries_Request.msg
[0.806s] -- Up-to-date: /home/changye/Ros2_gazebo/ros2_ws2/install/controller_manager_msgs/share/controller_manager_msgs/srv/ReloadControllerLibraries_Response.msg
[0.806s] -- Up-to-date: /home/changye/Ros2_gazebo/ros2_ws2/install/controller_manager_msgs/share/controller_manager_msgs/srv/SetHardwareComponentState.srv
[0.806s] -- Up-to-date: /home/changye/Ros2_gazebo/ros2_ws2/install/controller_manager_msgs/share/controller_manager_msgs/srv/SetHardwareComponentState_Request.msg
[0.806s] -- Up-to-date: /home/changye/Ros2_gazebo/ros2_ws2/install/controller_manager_msgs/share/controller_manager_msgs/srv/SetHardwareComponentState_Response.msg
[0.806s] -- Up-to-date: /home/changye/Ros2_gazebo/ros2_ws2/install/controller_manager_msgs/share/controller_manager_msgs/srv/SwitchController.srv
[0.806s] -- Up-to-date: /home/changye/Ros2_gazebo/ros2_ws2/install/controller_manager_msgs/share/controller_manager_msgs/srv/SwitchController_Request.msg
[0.806s] -- Up-to-date: /home/changye/Ros2_gazebo/ros2_ws2/install/controller_manager_msgs/share/controller_manager_msgs/srv/SwitchController_Response.msg
[0.806s] -- Up-to-date: /home/changye/Ros2_gazebo/ros2_ws2/install/controller_manager_msgs/share/controller_manager_msgs/srv/UnloadController.srv
[0.806s] -- Up-to-date: /home/changye/Ros2_gazebo/ros2_ws2/install/controller_manager_msgs/share/controller_manager_msgs/srv/UnloadController_Request.msg
[0.806s] -- Up-to-date: /home/changye/Ros2_gazebo/ros2_ws2/install/controller_manager_msgs/share/controller_manager_msgs/srv/UnloadController_Response.msg
[0.806s] -- Up-to-date: /home/changye/Ros2_gazebo/ros2_ws2/install/controller_manager_msgs/share/ament_index/resource_index/package_run_dependencies/controller_manager_msgs
[0.806s] -- Up-to-date: /home/changye/Ros2_gazebo/ros2_ws2/install/controller_manager_msgs/share/ament_index/resource_index/parent_prefix_path/controller_manager_msgs
[0.806s] -- Up-to-date: /home/changye/Ros2_gazebo/ros2_ws2/install/controller_manager_msgs/share/controller_manager_msgs/environment/ament_prefix_path.sh
[0.806s] -- Up-to-date: /home/changye/Ros2_gazebo/ros2_ws2/install/controller_manager_msgs/share/controller_manager_msgs/environment/ament_prefix_path.dsv
[0.806s] -- Up-to-date: /home/changye/Ros2_gazebo/ros2_ws2/install/controller_manager_msgs/share/controller_manager_msgs/environment/path.sh
[0.806s] -- Up-to-date: /home/changye/Ros2_gazebo/ros2_ws2/install/controller_manager_msgs/share/controller_manager_msgs/environment/path.dsv
[0.807s] -- Up-to-date: /home/changye/Ros2_gazebo/ros2_ws2/install/controller_manager_msgs/share/controller_manager_msgs/local_setup.bash
[0.807s] -- Up-to-date: /home/changye/Ros2_gazebo/ros2_ws2/install/controller_manager_msgs/share/controller_manager_msgs/local_setup.sh
[0.807s] -- Up-to-date: /home/changye/Ros2_gazebo/ros2_ws2/install/controller_manager_msgs/share/controller_manager_msgs/local_setup.zsh
[0.807s] -- Up-to-date: /home/changye/Ros2_gazebo/ros2_ws2/install/controller_manager_msgs/share/controller_manager_msgs/local_setup.dsv
[0.807s] -- Installing: /home/changye/Ros2_gazebo/ros2_ws2/install/controller_manager_msgs/share/controller_manager_msgs/package.dsv
[0.807s] -- Up-to-date: /home/changye/Ros2_gazebo/ros2_ws2/install/controller_manager_msgs/share/ament_index/resource_index/packages/controller_manager_msgs
[0.807s] -- Up-to-date: /home/changye/Ros2_gazebo/ros2_ws2/install/controller_manager_msgs/share/controller_manager_msgs/cmake/export_controller_manager_msgs__rosidl_generator_cExport.cmake
[0.807s] -- Up-to-date: /home/changye/Ros2_gazebo/ros2_ws2/install/controller_manager_msgs/share/controller_manager_msgs/cmake/export_controller_manager_msgs__rosidl_generator_cExport-noconfig.cmake
[0.807s] -- Up-to-date: /home/changye/Ros2_gazebo/ros2_ws2/install/controller_manager_msgs/share/controller_manager_msgs/cmake/export_controller_manager_msgs__rosidl_typesupport_fastrtps_cExport.cmake
[0.807s] -- Up-to-date: /home/changye/Ros2_gazebo/ros2_ws2/install/controller_manager_msgs/share/controller_manager_msgs/cmake/export_controller_manager_msgs__rosidl_typesupport_fastrtps_cExport-noconfig.cmake
[0.807s] -- Up-to-date: /home/changye/Ros2_gazebo/ros2_ws2/install/controller_manager_msgs/share/controller_manager_msgs/cmake/export_controller_manager_msgs__rosidl_generator_cppExport.cmake
[0.808s] -- Up-to-date: /home/changye/Ros2_gazebo/ros2_ws2/install/controller_manager_msgs/share/controller_manager_msgs/cmake/export_controller_manager_msgs__rosidl_typesupport_fastrtps_cppExport.cmake
[0.808s] -- Up-to-date: /home/changye/Ros2_gazebo/ros2_ws2/install/controller_manager_msgs/share/controller_manager_msgs/cmake/export_controller_manager_msgs__rosidl_typesupport_fastrtps_cppExport-noconfig.cmake
[0.808s] -- Up-to-date: /home/changye/Ros2_gazebo/ros2_ws2/install/controller_manager_msgs/share/controller_manager_msgs/cmake/controller_manager_msgs__rosidl_typesupport_introspection_cExport.cmake
[0.808s] -- Up-to-date: /home/changye/Ros2_gazebo/ros2_ws2/install/controller_manager_msgs/share/controller_manager_msgs/cmake/controller_manager_msgs__rosidl_typesupport_introspection_cExport-noconfig.cmake
[0.808s] -- Up-to-date: /home/changye/Ros2_gazebo/ros2_ws2/install/controller_manager_msgs/share/controller_manager_msgs/cmake/controller_manager_msgs__rosidl_typesupport_cExport.cmake
[0.808s] -- Up-to-date: /home/changye/Ros2_gazebo/ros2_ws2/install/controller_manager_msgs/share/controller_manager_msgs/cmake/controller_manager_msgs__rosidl_typesupport_cExport-noconfig.cmake
[0.808s] -- Up-to-date: /home/changye/Ros2_gazebo/ros2_ws2/install/controller_manager_msgs/share/controller_manager_msgs/cmake/controller_manager_msgs__rosidl_typesupport_introspection_cppExport.cmake
[0.808s] -- Up-to-date: /home/changye/Ros2_gazebo/ros2_ws2/install/controller_manager_msgs/share/controller_manager_msgs/cmake/controller_manager_msgs__rosidl_typesupport_introspection_cppExport-noconfig.cmake
[0.808s] -- Up-to-date: /home/changye/Ros2_gazebo/ros2_ws2/install/controller_manager_msgs/share/controller_manager_msgs/cmake/controller_manager_msgs__rosidl_typesupport_cppExport.cmake
[0.808s] -- Up-to-date: /home/changye/Ros2_gazebo/ros2_ws2/install/controller_manager_msgs/share/controller_manager_msgs/cmake/controller_manager_msgs__rosidl_typesupport_cppExport-noconfig.cmake
[0.808s] -- Up-to-date: /home/changye/Ros2_gazebo/ros2_ws2/install/controller_manager_msgs/share/controller_manager_msgs/cmake/export_controller_manager_msgs__rosidl_generator_pyExport.cmake
[0.808s] -- Up-to-date: /home/changye/Ros2_gazebo/ros2_ws2/install/controller_manager_msgs/share/controller_manager_msgs/cmake/export_controller_manager_msgs__rosidl_generator_pyExport-noconfig.cmake
[0.808s] -- Up-to-date: /home/changye/Ros2_gazebo/ros2_ws2/install/controller_manager_msgs/share/controller_manager_msgs/cmake/rosidl_cmake-extras.cmake
[0.808s] -- Up-to-date: /home/changye/Ros2_gazebo/ros2_ws2/install/controller_manager_msgs/share/controller_manager_msgs/cmake/ament_cmake_export_dependencies-extras.cmake
[0.808s] -- Up-to-date: /home/changye/Ros2_gazebo/ros2_ws2/install/controller_manager_msgs/share/controller_manager_msgs/cmake/ament_cmake_export_include_directories-extras.cmake
[0.809s] -- Up-to-date: /home/changye/Ros2_gazebo/ros2_ws2/install/controller_manager_msgs/share/controller_manager_msgs/cmake/ament_cmake_export_libraries-extras.cmake
[0.809s] -- Up-to-date: /home/changye/Ros2_gazebo/ros2_ws2/install/controller_manager_msgs/share/controller_manager_msgs/cmake/ament_cmake_export_targets-extras.cmake
[0.809s] -- Up-to-date: /home/changye/Ros2_gazebo/ros2_ws2/install/controller_manager_msgs/share/controller_manager_msgs/cmake/rosidl_cmake_export_typesupport_targets-extras.cmake
[0.809s] -- Up-to-date: /home/changye/Ros2_gazebo/ros2_ws2/install/controller_manager_msgs/share/controller_manager_msgs/cmake/rosidl_cmake_export_typesupport_libraries-extras.cmake
[0.809s] -- Up-to-date: /home/changye/Ros2_gazebo/ros2_ws2/install/controller_manager_msgs/share/controller_manager_msgs/cmake/controller_manager_msgsConfig.cmake
[0.809s] -- Up-to-date: /home/changye/Ros2_gazebo/ros2_ws2/install/controller_manager_msgs/share/controller_manager_msgs/cmake/controller_manager_msgsConfig-version.cmake
[0.809s] -- Up-to-date: /home/changye/Ros2_gazebo/ros2_ws2/install/controller_manager_msgs/share/controller_manager_msgs/package.xml
[0.820s] Invoked command in '/home/changye/Ros2_gazebo/ros2_ws2/build/controller_manager_msgs' returned '0': CMAKE_PREFIX_PATH=${CMAKE_PREFIX_PATH}:/home/changye/Ros2_gazebo/ros2_ws2/install/rqt_joint_trajectory_controller:/home/changye/Ros2_gazebo/ros2_ws2/install/rqt_controller_manager:/home/changye/Ros2_gazebo/ros2_ws2/install/ros2controlcli:/home/changye/Ros2_gazebo/ros2_ws2/install/ros2_controllers_test_nodes:/home/changye/Ros2_gazebo/ros2_ws2/install/agv_control_pkg:/opt/ros/humble /usr/bin/cmake --install /home/changye/Ros2_gazebo/ros2_ws2/build/controller_manager_msgs
