[0.057s] Invoking command in '/home/changye/Ros2_gazebo/ros2_ws2/build/tricycle_steering_controller': AMENT_PREFIX_PATH=/home/changye/Ros2_gazebo/ros2_ws2/install/steering_controllers_library:/home/changye/Ros2_gazebo/ros2_ws2/install/controller_manager:/home/changye/Ros2_gazebo/ros2_ws2/install/hardware_interface_testing:/home/changye/Ros2_gazebo/ros2_ws2/install/controller_interface:/home/changye/Ros2_gazebo/ros2_ws2/install/hardware_interface:/home/changye/Ros2_gazebo/ros2_ws2/install/ros2_control_test_assets:/home/changye/Ros2_gazebo/ros2_ws2/install/controller_manager_msgs:/home/changye/Ros2_gazebo/ros2_ws2/install/control_msgs:${AMENT_PREFIX_PATH} CMAKE_PREFIX_PATH=/home/changye/Ros2_gazebo/ros2_ws2/install/steering_controllers_library:/home/changye/Ros2_gazebo/ros2_ws2/install/controller_manager:/home/changye/Ros2_gazebo/ros2_ws2/install/hardware_interface_testing:/home/changye/Ros2_gazebo/ros2_ws2/install/controller_interface:/home/changye/Ros2_gazebo/ros2_ws2/install/hardware_interface:/home/changye/Ros2_gazebo/ros2_ws2/install/ros2_control_test_assets:/home/changye/Ros2_gazebo/ros2_ws2/install/controller_manager_msgs:/home/changye/Ros2_gazebo/ros2_ws2/install/control_msgs:/opt/ros/humble LD_LIBRARY_PATH=/home/changye/Ros2_gazebo/ros2_ws2/install/steering_controllers_library/lib:/home/changye/Ros2_gazebo/ros2_ws2/install/controller_manager/lib:/home/changye/Ros2_gazebo/ros2_ws2/install/hardware_interface_testing/lib:/home/changye/Ros2_gazebo/ros2_ws2/install/controller_interface/lib:/home/changye/Ros2_gazebo/ros2_ws2/install/hardware_interface/lib:/home/changye/Ros2_gazebo/ros2_ws2/install/controller_manager_msgs/lib:/home/changye/Ros2_gazebo/ros2_ws2/install/control_msgs/lib:/usr/lib/x86_64-linux-gnu/gazebo-11/plugins:/opt/ros/humble/lib/x86_64-linux-gnu:/opt/ros/humble/lib:/usr/lib/x86_64-linux-gnu/gazebo-11/plugins:/usr/share/gazebo-11/../../lib/x86_64-linux-gnu/gazebo-11/plugins:/usr/lib/x86_64-linux-gnu/gazebo-11/plugins PYTHONPATH=/home/changye/Ros2_gazebo/ros2_ws2/install/controller_manager/local/lib/python3.10/dist-packages:/home/changye/Ros2_gazebo/ros2_ws2/install/controller_manager_msgs/local/lib/python3.10/dist-packages:/home/changye/Ros2_gazebo/ros2_ws2/install/control_msgs/local/lib/python3.10/dist-packages:${PYTHONPATH} /usr/bin/cmake /home/changye/Ros2_gazebo/ros2_ws2/src/ros-controls/ros2_controllers/tricycle_steering_controller -DCMAKE_INSTALL_PREFIX=/home/changye/Ros2_gazebo/ros2_ws2/install/tricycle_steering_controller
[0.130s] -- The CXX compiler identification is GNU 11.4.0
[0.137s] -- Detecting CXX compiler ABI info
[0.217s] -- Detecting CXX compiler ABI info - done
[0.229s] -- Check for working CXX compiler: /usr/bin/c++ - skipped
[0.230s] -- Detecting CXX compile features
[0.230s] -- Detecting CXX compile features - done
[0.233s] -- Found ament_cmake: 1.3.11 (/opt/ros/humble/share/ament_cmake/cmake)
[0.444s] -- Found Python3: /usr/bin/python3 (found version "3.10.12") found components: Interpreter 
[0.564s] -- Found controller_interface: 2.47.0 (/home/changye/Ros2_gazebo/ros2_ws2/install/controller_interface/share/controller_interface/cmake)
[0.623s] -- Found rosidl_generator_c: 3.1.6 (/opt/ros/humble/share/rosidl_generator_c/cmake)
[0.629s] -- Found rosidl_adapter: 3.1.6 (/opt/ros/humble/share/rosidl_adapter/cmake)
[0.642s] -- Found rosidl_generator_cpp: 3.1.6 (/opt/ros/humble/share/rosidl_generator_cpp/cmake)
[0.660s] -- Using all available rosidl_typesupport_c: rosidl_typesupport_fastrtps_c;rosidl_typesupport_introspection_c
[0.686s] -- Using all available rosidl_typesupport_cpp: rosidl_typesupport_fastrtps_cpp;rosidl_typesupport_introspection_cpp
[0.989s] -- Found rmw_implementation_cmake: 6.1.2 (/opt/ros/humble/share/rmw_implementation_cmake/cmake)
[0.994s] -- Found rmw_fastrtps_cpp: 6.2.7 (/opt/ros/humble/share/rmw_fastrtps_cpp/cmake)
[1.032s] -- Found TinyXML2 via Config file: TinyXML2_DIR-NOTFOUND
[1.106s] -- Found OpenSSL: /usr/lib/x86_64-linux-gnu/libcrypto.so (found version "3.0.2")  
[1.110s] -- Found TinyXML2 via Config file: TinyXML2_DIR-NOTFOUND
[1.127s] -- Found FastRTPS: /opt/ros/humble/include  
[1.130s] -- Found TinyXML2 via Config file: TinyXML2_DIR-NOTFOUND
[1.141s] -- Found TinyXML2 via Config file: TinyXML2_DIR-NOTFOUND
[1.154s] -- Using RMW implementation 'rmw_fastrtps_cpp' as default
[1.163s] -- Looking for C++ include pthread.h
[1.344s] -- Looking for C++ include pthread.h - found
[1.344s] -- Performing Test CMAKE_HAVE_LIBC_PTHREAD
[1.525s] -- Performing Test CMAKE_HAVE_LIBC_PTHREAD - Success
[1.526s] -- Found Threads: TRUE  
[1.603s] -- Found generate_parameter_library: 0.3.9 (/opt/ros/humble/share/generate_parameter_library/cmake)
[1.605s] -- Found parameter_traits: 0.3.9 (/opt/ros/humble/share/parameter_traits/cmake)
[1.632s] -- Found realtime_tools: 2.10.0 (/opt/ros/humble/share/realtime_tools/cmake)
[1.654s] -- Found std_srvs: 4.2.4 (/opt/ros/humble/share/std_srvs/cmake)
[1.668s] -- Found steering_controllers_library: 2.30.0 (/home/changye/Ros2_gazebo/ros2_ws2/install/steering_controllers_library/share/steering_controllers_library/cmake)
[1.768s] -- Found eigen3_cmake_module: 0.1.1 (/opt/ros/humble/share/eigen3_cmake_module/cmake)
[1.771s] -- Found Eigen3: TRUE (found version "3.4.0") 
[1.771s] -- Ensuring Eigen3 include directory is part of orocos-kdl CMake target
[1.868s] -- Found ament_cmake_gmock: 1.3.11 (/opt/ros/humble/share/ament_cmake_gmock/cmake)
[1.869s] -- Found controller_manager: 2.47.0 (/home/changye/Ros2_gazebo/ros2_ws2/install/controller_manager/share/controller_manager/cmake)
[1.907s] -- Found ros2_control_test_assets: 2.47.0 (/home/changye/Ros2_gazebo/ros2_ws2/install/ros2_control_test_assets/share/ros2_control_test_assets/cmake)
[1.911s] -- Found gmock sources under '/opt/ros/humble/src/gmock_vendor': C++ tests using 'Google Mock' will be built
[1.959s] -- The C compiler identification is GNU 11.4.0
[1.968s] -- Detecting C compiler ABI info
[2.104s] -- Detecting C compiler ABI info - done
[2.117s] -- Check for working C compiler: /usr/bin/cc - skipped
[2.117s] -- Detecting C compile features
[2.118s] -- Detecting C compile features - done
[2.124s] -- Found ament_cmake_gtest: 1.3.11 (/opt/ros/humble/share/ament_cmake_gtest/cmake)
[2.126s] -- Found gtest sources under '/opt/ros/humble/src/gtest_vendor': C++ tests using 'Google Test' will be built
[2.173s] -- Found gmock sources under '/opt/ros/humble/src/gmock_vendor': C++ tests using 'Google Mock' will be built
[2.173s] -- Found ament_cmake_gtest: 1.3.11 (/opt/ros/humble/share/ament_cmake_gtest/cmake)
[2.175s] -- Found gtest sources under '/opt/ros/humble/src/gtest_vendor': C++ tests using 'Google Test' will be built
[2.194s] -- Found gmock sources under '/opt/ros/humble/src/gmock_vendor': C++ tests using 'Google Mock' will be built
[2.195s] -- Found ament_cmake_gtest: 1.3.11 (/opt/ros/humble/share/ament_cmake_gtest/cmake)
[2.195s] -- Found gtest sources under '/opt/ros/humble/src/gtest_vendor': C++ tests using 'Google Test' will be built
[2.312s] -- Configuring done
[2.460s] -- Generating done
[2.491s] -- Build files have been written to: /home/changye/Ros2_gazebo/ros2_ws2/build/tricycle_steering_controller
[2.520s] Invoked command in '/home/changye/Ros2_gazebo/ros2_ws2/build/tricycle_steering_controller' returned '0': AMENT_PREFIX_PATH=/home/changye/Ros2_gazebo/ros2_ws2/install/steering_controllers_library:/home/changye/Ros2_gazebo/ros2_ws2/install/controller_manager:/home/changye/Ros2_gazebo/ros2_ws2/install/hardware_interface_testing:/home/changye/Ros2_gazebo/ros2_ws2/install/controller_interface:/home/changye/Ros2_gazebo/ros2_ws2/install/hardware_interface:/home/changye/Ros2_gazebo/ros2_ws2/install/ros2_control_test_assets:/home/changye/Ros2_gazebo/ros2_ws2/install/controller_manager_msgs:/home/changye/Ros2_gazebo/ros2_ws2/install/control_msgs:${AMENT_PREFIX_PATH} CMAKE_PREFIX_PATH=/home/changye/Ros2_gazebo/ros2_ws2/install/steering_controllers_library:/home/changye/Ros2_gazebo/ros2_ws2/install/controller_manager:/home/changye/Ros2_gazebo/ros2_ws2/install/hardware_interface_testing:/home/changye/Ros2_gazebo/ros2_ws2/install/controller_interface:/home/changye/Ros2_gazebo/ros2_ws2/install/hardware_interface:/home/changye/Ros2_gazebo/ros2_ws2/install/ros2_control_test_assets:/home/changye/Ros2_gazebo/ros2_ws2/install/controller_manager_msgs:/home/changye/Ros2_gazebo/ros2_ws2/install/control_msgs:/opt/ros/humble LD_LIBRARY_PATH=/home/changye/Ros2_gazebo/ros2_ws2/install/steering_controllers_library/lib:/home/changye/Ros2_gazebo/ros2_ws2/install/controller_manager/lib:/home/changye/Ros2_gazebo/ros2_ws2/install/hardware_interface_testing/lib:/home/changye/Ros2_gazebo/ros2_ws2/install/controller_interface/lib:/home/changye/Ros2_gazebo/ros2_ws2/install/hardware_interface/lib:/home/changye/Ros2_gazebo/ros2_ws2/install/controller_manager_msgs/lib:/home/changye/Ros2_gazebo/ros2_ws2/install/control_msgs/lib:/usr/lib/x86_64-linux-gnu/gazebo-11/plugins:/opt/ros/humble/lib/x86_64-linux-gnu:/opt/ros/humble/lib:/usr/lib/x86_64-linux-gnu/gazebo-11/plugins:/usr/share/gazebo-11/../../lib/x86_64-linux-gnu/gazebo-11/plugins:/usr/lib/x86_64-linux-gnu/gazebo-11/plugins PYTHONPATH=/home/changye/Ros2_gazebo/ros2_ws2/install/controller_manager/local/lib/python3.10/dist-packages:/home/changye/Ros2_gazebo/ros2_ws2/install/controller_manager_msgs/local/lib/python3.10/dist-packages:/home/changye/Ros2_gazebo/ros2_ws2/install/control_msgs/local/lib/python3.10/dist-packages:${PYTHONPATH} /usr/bin/cmake /home/changye/Ros2_gazebo/ros2_ws2/src/ros-controls/ros2_controllers/tricycle_steering_controller -DCMAKE_INSTALL_PREFIX=/home/changye/Ros2_gazebo/ros2_ws2/install/tricycle_steering_controller
[2.521s] Invoking command in '/home/changye/Ros2_gazebo/ros2_ws2/build/tricycle_steering_controller': AMENT_PREFIX_PATH=/home/changye/Ros2_gazebo/ros2_ws2/install/steering_controllers_library:/home/changye/Ros2_gazebo/ros2_ws2/install/controller_manager:/home/changye/Ros2_gazebo/ros2_ws2/install/hardware_interface_testing:/home/changye/Ros2_gazebo/ros2_ws2/install/controller_interface:/home/changye/Ros2_gazebo/ros2_ws2/install/hardware_interface:/home/changye/Ros2_gazebo/ros2_ws2/install/ros2_control_test_assets:/home/changye/Ros2_gazebo/ros2_ws2/install/controller_manager_msgs:/home/changye/Ros2_gazebo/ros2_ws2/install/control_msgs:${AMENT_PREFIX_PATH} CMAKE_PREFIX_PATH=/home/changye/Ros2_gazebo/ros2_ws2/install/steering_controllers_library:/home/changye/Ros2_gazebo/ros2_ws2/install/controller_manager:/home/changye/Ros2_gazebo/ros2_ws2/install/hardware_interface_testing:/home/changye/Ros2_gazebo/ros2_ws2/install/controller_interface:/home/changye/Ros2_gazebo/ros2_ws2/install/hardware_interface:/home/changye/Ros2_gazebo/ros2_ws2/install/ros2_control_test_assets:/home/changye/Ros2_gazebo/ros2_ws2/install/controller_manager_msgs:/home/changye/Ros2_gazebo/ros2_ws2/install/control_msgs:/opt/ros/humble LD_LIBRARY_PATH=/home/changye/Ros2_gazebo/ros2_ws2/install/steering_controllers_library/lib:/home/changye/Ros2_gazebo/ros2_ws2/install/controller_manager/lib:/home/changye/Ros2_gazebo/ros2_ws2/install/hardware_interface_testing/lib:/home/changye/Ros2_gazebo/ros2_ws2/install/controller_interface/lib:/home/changye/Ros2_gazebo/ros2_ws2/install/hardware_interface/lib:/home/changye/Ros2_gazebo/ros2_ws2/install/controller_manager_msgs/lib:/home/changye/Ros2_gazebo/ros2_ws2/install/control_msgs/lib:/usr/lib/x86_64-linux-gnu/gazebo-11/plugins:/opt/ros/humble/lib/x86_64-linux-gnu:/opt/ros/humble/lib:/usr/lib/x86_64-linux-gnu/gazebo-11/plugins:/usr/share/gazebo-11/../../lib/x86_64-linux-gnu/gazebo-11/plugins:/usr/lib/x86_64-linux-gnu/gazebo-11/plugins PYTHONPATH=/home/changye/Ros2_gazebo/ros2_ws2/install/controller_manager/local/lib/python3.10/dist-packages:/home/changye/Ros2_gazebo/ros2_ws2/install/controller_manager_msgs/local/lib/python3.10/dist-packages:/home/changye/Ros2_gazebo/ros2_ws2/install/control_msgs/local/lib/python3.10/dist-packages:${PYTHONPATH} /usr/bin/cmake --build /home/changye/Ros2_gazebo/ros2_ws2/build/tricycle_steering_controller -- -j12 -l12
[2.589s] [  8%] [34m[1mRunning `/opt/ros/humble/bin/generate_parameter_library_cpp /home/changye/Ros2_gazebo/ros2_ws2/build/tricycle_steering_controller/tricycle_steering_controller_parameters/include//tricycle_steering_controller_parameters.hpp /home/changye/Ros2_gazebo/ros2_ws2/src/ros-controls/ros2_controllers/tricycle_steering_controller/src/tricycle_steering_controller.yaml `[0m
[2.888s] [  8%] Built target tricycle_steering_controller_parameters
[2.922s] [ 16%] [32mBuilding CXX object gmock/CMakeFiles/gmock.dir/opt/ros/humble/src/gtest_vendor/src/gtest-all.cc.o[0m
[7.174s] [ 25%] [32mBuilding CXX object gmock/CMakeFiles/gmock.dir/src/gmock-all.cc.o[0m
[9.807s] [ 33%] [32m[1mLinking CXX static library libgmock.a[0m
[9.940s] [ 33%] Built target gmock
[9.967s] [ 41%] [32mBuilding CXX object CMakeFiles/tricycle_steering_controller.dir/src/tricycle_steering_controller.cpp.o[0m
[13.644s] In file included from [01m[K/home/changye/Ros2_gazebo/ros2_ws2/install/steering_controllers_library/include/steering_controllers_library/steering_controllers_library/steering_controllers_library.hpp:30[m[K,
[13.644s]                  from [01m[K/home/changye/Ros2_gazebo/ros2_ws2/src/ros-controls/ros2_controllers/tricycle_steering_controller/include/tricycle_steering_controller/tricycle_steering_controller.hpp:23[m[K,
[13.644s]                  from [01m[K/home/changye/Ros2_gazebo/ros2_ws2/src/ros-controls/ros2_controllers/tricycle_steering_controller/src/tricycle_steering_controller.cpp:15[m[K:
[13.644s] [01m[K/opt/ros/humble/include/realtime_tools/realtime_tools/realtime_buffer.h:22:100:[m[K [01;36m[Knote: [m[K‘[01m[K#pragma message: This header include is deprecated. Please update your code to use 'realtime_buffer.hpp' header.[m[K’
[13.644s]    22 |   "This header include is deprecated. Please update your code to use 'realtime_buffer.hpp' header."[01;36m[K)[m[K  //NOLINT
[13.644s]       |                                                                                                    [01;36m[K^[m[K
[13.644s] In file included from [01m[K/home/changye/Ros2_gazebo/ros2_ws2/install/steering_controllers_library/include/steering_controllers_library/steering_controllers_library/steering_controllers_library.hpp:31[m[K,
[13.645s]                  from [01m[K/home/changye/Ros2_gazebo/ros2_ws2/src/ros-controls/ros2_controllers/tricycle_steering_controller/include/tricycle_steering_controller/tricycle_steering_controller.hpp:23[m[K,
[13.645s]                  from [01m[K/home/changye/Ros2_gazebo/ros2_ws2/src/ros-controls/ros2_controllers/tricycle_steering_controller/src/tricycle_steering_controller.cpp:15[m[K:
[13.645s] [01m[K/opt/ros/humble/include/realtime_tools/realtime_tools/realtime_publisher.h:22:103:[m[K [01;36m[Knote: [m[K‘[01m[K#pragma message: This header include is deprecated. Please update your code to use 'realtime_publisher.hpp' header.[m[K’
[13.645s]    22 |   "This header include is deprecated. Please update your code to use 'realtime_publisher.hpp' header."[01;36m[K)[m[K  //NOLINT
[13.645s]       |                                                                                                       [01;36m[K^[m[K
[15.616s] [ 50%] [32m[1mLinking CXX shared library libtricycle_steering_controller.so[0m
[17.173s] [ 50%] Built target tricycle_steering_controller
[17.238s] [ 58%] [32mBuilding CXX object CMakeFiles/test_load_tricycle_steering_controller.dir/test/test_load_tricycle_steering_controller.cpp.o[0m
[25.773s] [ 66%] [32m[1mLinking CXX executable test_load_tricycle_steering_controller[0m
[28.310s] [ 66%] Built target test_load_tricycle_steering_controller
[28.340s] [ 75%] [32mBuilding CXX object CMakeFiles/test_tricycle_steering_controller_preceeding.dir/test/test_tricycle_steering_controller_preceeding.cpp.o[0m
[32.558s] In file included from [01m[K/home/changye/Ros2_gazebo/ros2_ws2/install/steering_controllers_library/include/steering_controllers_library/steering_controllers_library/steering_controllers_library.hpp:30[m[K,
[32.558s]                  from [01m[K/home/changye/Ros2_gazebo/ros2_ws2/src/ros-controls/ros2_controllers/tricycle_steering_controller/include/tricycle_steering_controller/tricycle_steering_controller.hpp:23[m[K,
[32.558s]                  from [01m[K/home/changye/Ros2_gazebo/ros2_ws2/src/ros-controls/ros2_controllers/tricycle_steering_controller/test/test_tricycle_steering_controller.hpp:34[m[K,
[32.558s]                  from [01m[K/home/changye/Ros2_gazebo/ros2_ws2/src/ros-controls/ros2_controllers/tricycle_steering_controller/test/test_tricycle_steering_controller_preceeding.cpp:15[m[K:
[32.558s] [01m[K/opt/ros/humble/include/realtime_tools/realtime_tools/realtime_buffer.h:22:100:[m[K [01;36m[Knote: [m[K‘[01m[K#pragma message: This header include is deprecated. Please update your code to use 'realtime_buffer.hpp' header.[m[K’
[32.558s]    22 |   "This header include is deprecated. Please update your code to use 'realtime_buffer.hpp' header."[01;36m[K)[m[K  //NOLINT
[32.558s]       |                                                                                                    [01;36m[K^[m[K
[32.558s] In file included from [01m[K/home/changye/Ros2_gazebo/ros2_ws2/install/steering_controllers_library/include/steering_controllers_library/steering_controllers_library/steering_controllers_library.hpp:31[m[K,
[32.559s]                  from [01m[K/home/changye/Ros2_gazebo/ros2_ws2/src/ros-controls/ros2_controllers/tricycle_steering_controller/include/tricycle_steering_controller/tricycle_steering_controller.hpp:23[m[K,
[32.559s]                  from [01m[K/home/changye/Ros2_gazebo/ros2_ws2/src/ros-controls/ros2_controllers/tricycle_steering_controller/test/test_tricycle_steering_controller.hpp:34[m[K,
[32.559s]                  from [01m[K/home/changye/Ros2_gazebo/ros2_ws2/src/ros-controls/ros2_controllers/tricycle_steering_controller/test/test_tricycle_steering_controller_preceeding.cpp:15[m[K:
[32.559s] [01m[K/opt/ros/humble/include/realtime_tools/realtime_tools/realtime_publisher.h:22:103:[m[K [01;36m[Knote: [m[K‘[01m[K#pragma message: This header include is deprecated. Please update your code to use 'realtime_publisher.hpp' header.[m[K’
[32.559s]    22 |   "This header include is deprecated. Please update your code to use 'realtime_publisher.hpp' header."[01;36m[K)[m[K  //NOLINT
[32.559s]       |                                                                                                       [01;36m[K^[m[K
[36.896s] [ 83%] [32m[1mLinking CXX executable test_tricycle_steering_controller_preceeding[0m
[39.732s] [ 83%] Built target test_tricycle_steering_controller_preceeding
[39.778s] [ 91%] [32mBuilding CXX object CMakeFiles/test_tricycle_steering_controller.dir/test/test_tricycle_steering_controller.cpp.o[0m
[43.778s] In file included from [01m[K/home/changye/Ros2_gazebo/ros2_ws2/install/steering_controllers_library/include/steering_controllers_library/steering_controllers_library/steering_controllers_library.hpp:30[m[K,
[43.778s]                  from [01m[K/home/changye/Ros2_gazebo/ros2_ws2/src/ros-controls/ros2_controllers/tricycle_steering_controller/include/tricycle_steering_controller/tricycle_steering_controller.hpp:23[m[K,
[43.778s]                  from [01m[K/home/changye/Ros2_gazebo/ros2_ws2/src/ros-controls/ros2_controllers/tricycle_steering_controller/test/test_tricycle_steering_controller.hpp:34[m[K,
[43.779s]                  from [01m[K/home/changye/Ros2_gazebo/ros2_ws2/src/ros-controls/ros2_controllers/tricycle_steering_controller/test/test_tricycle_steering_controller.cpp:15[m[K:
[43.779s] [01m[K/opt/ros/humble/include/realtime_tools/realtime_tools/realtime_buffer.h:22:100:[m[K [01;36m[Knote: [m[K‘[01m[K#pragma message: This header include is deprecated. Please update your code to use 'realtime_buffer.hpp' header.[m[K’
[43.779s]    22 |   "This header include is deprecated. Please update your code to use 'realtime_buffer.hpp' header."[01;36m[K)[m[K  //NOLINT
[43.779s]       |                                                                                                    [01;36m[K^[m[K
[43.779s] In file included from [01m[K/home/changye/Ros2_gazebo/ros2_ws2/install/steering_controllers_library/include/steering_controllers_library/steering_controllers_library/steering_controllers_library.hpp:31[m[K,
[43.779s]                  from [01m[K/home/changye/Ros2_gazebo/ros2_ws2/src/ros-controls/ros2_controllers/tricycle_steering_controller/include/tricycle_steering_controller/tricycle_steering_controller.hpp:23[m[K,
[43.779s]                  from [01m[K/home/changye/Ros2_gazebo/ros2_ws2/src/ros-controls/ros2_controllers/tricycle_steering_controller/test/test_tricycle_steering_controller.hpp:34[m[K,
[43.779s]                  from [01m[K/home/changye/Ros2_gazebo/ros2_ws2/src/ros-controls/ros2_controllers/tricycle_steering_controller/test/test_tricycle_steering_controller.cpp:15[m[K:
[43.779s] [01m[K/opt/ros/humble/include/realtime_tools/realtime_tools/realtime_publisher.h:22:103:[m[K [01;36m[Knote: [m[K‘[01m[K#pragma message: This header include is deprecated. Please update your code to use 'realtime_publisher.hpp' header.[m[K’
[43.779s]    22 |   "This header include is deprecated. Please update your code to use 'realtime_publisher.hpp' header."[01;36m[K)[m[K  //NOLINT
[43.780s]       |                                                                                                       [01;36m[K^[m[K
[56.148s] [100%] [32m[1mLinking CXX executable test_tricycle_steering_controller[0m
[58.691s] [100%] Built target test_tricycle_steering_controller
[58.702s] Invoked command in '/home/changye/Ros2_gazebo/ros2_ws2/build/tricycle_steering_controller' returned '0': AMENT_PREFIX_PATH=/home/changye/Ros2_gazebo/ros2_ws2/install/steering_controllers_library:/home/changye/Ros2_gazebo/ros2_ws2/install/controller_manager:/home/changye/Ros2_gazebo/ros2_ws2/install/hardware_interface_testing:/home/changye/Ros2_gazebo/ros2_ws2/install/controller_interface:/home/changye/Ros2_gazebo/ros2_ws2/install/hardware_interface:/home/changye/Ros2_gazebo/ros2_ws2/install/ros2_control_test_assets:/home/changye/Ros2_gazebo/ros2_ws2/install/controller_manager_msgs:/home/changye/Ros2_gazebo/ros2_ws2/install/control_msgs:${AMENT_PREFIX_PATH} CMAKE_PREFIX_PATH=/home/changye/Ros2_gazebo/ros2_ws2/install/steering_controllers_library:/home/changye/Ros2_gazebo/ros2_ws2/install/controller_manager:/home/changye/Ros2_gazebo/ros2_ws2/install/hardware_interface_testing:/home/changye/Ros2_gazebo/ros2_ws2/install/controller_interface:/home/changye/Ros2_gazebo/ros2_ws2/install/hardware_interface:/home/changye/Ros2_gazebo/ros2_ws2/install/ros2_control_test_assets:/home/changye/Ros2_gazebo/ros2_ws2/install/controller_manager_msgs:/home/changye/Ros2_gazebo/ros2_ws2/install/control_msgs:/opt/ros/humble LD_LIBRARY_PATH=/home/changye/Ros2_gazebo/ros2_ws2/install/steering_controllers_library/lib:/home/changye/Ros2_gazebo/ros2_ws2/install/controller_manager/lib:/home/changye/Ros2_gazebo/ros2_ws2/install/hardware_interface_testing/lib:/home/changye/Ros2_gazebo/ros2_ws2/install/controller_interface/lib:/home/changye/Ros2_gazebo/ros2_ws2/install/hardware_interface/lib:/home/changye/Ros2_gazebo/ros2_ws2/install/controller_manager_msgs/lib:/home/changye/Ros2_gazebo/ros2_ws2/install/control_msgs/lib:/usr/lib/x86_64-linux-gnu/gazebo-11/plugins:/opt/ros/humble/lib/x86_64-linux-gnu:/opt/ros/humble/lib:/usr/lib/x86_64-linux-gnu/gazebo-11/plugins:/usr/share/gazebo-11/../../lib/x86_64-linux-gnu/gazebo-11/plugins:/usr/lib/x86_64-linux-gnu/gazebo-11/plugins PYTHONPATH=/home/changye/Ros2_gazebo/ros2_ws2/install/controller_manager/local/lib/python3.10/dist-packages:/home/changye/Ros2_gazebo/ros2_ws2/install/controller_manager_msgs/local/lib/python3.10/dist-packages:/home/changye/Ros2_gazebo/ros2_ws2/install/control_msgs/local/lib/python3.10/dist-packages:${PYTHONPATH} /usr/bin/cmake --build /home/changye/Ros2_gazebo/ros2_ws2/build/tricycle_steering_controller -- -j12 -l12
[58.703s] Invoking command in '/home/changye/Ros2_gazebo/ros2_ws2/build/tricycle_steering_controller': AMENT_PREFIX_PATH=/home/changye/Ros2_gazebo/ros2_ws2/install/steering_controllers_library:/home/changye/Ros2_gazebo/ros2_ws2/install/controller_manager:/home/changye/Ros2_gazebo/ros2_ws2/install/hardware_interface_testing:/home/changye/Ros2_gazebo/ros2_ws2/install/controller_interface:/home/changye/Ros2_gazebo/ros2_ws2/install/hardware_interface:/home/changye/Ros2_gazebo/ros2_ws2/install/ros2_control_test_assets:/home/changye/Ros2_gazebo/ros2_ws2/install/controller_manager_msgs:/home/changye/Ros2_gazebo/ros2_ws2/install/control_msgs:${AMENT_PREFIX_PATH} CMAKE_PREFIX_PATH=/home/changye/Ros2_gazebo/ros2_ws2/install/steering_controllers_library:/home/changye/Ros2_gazebo/ros2_ws2/install/controller_manager:/home/changye/Ros2_gazebo/ros2_ws2/install/hardware_interface_testing:/home/changye/Ros2_gazebo/ros2_ws2/install/controller_interface:/home/changye/Ros2_gazebo/ros2_ws2/install/hardware_interface:/home/changye/Ros2_gazebo/ros2_ws2/install/ros2_control_test_assets:/home/changye/Ros2_gazebo/ros2_ws2/install/controller_manager_msgs:/home/changye/Ros2_gazebo/ros2_ws2/install/control_msgs:/opt/ros/humble LD_LIBRARY_PATH=/home/changye/Ros2_gazebo/ros2_ws2/install/steering_controllers_library/lib:/home/changye/Ros2_gazebo/ros2_ws2/install/controller_manager/lib:/home/changye/Ros2_gazebo/ros2_ws2/install/hardware_interface_testing/lib:/home/changye/Ros2_gazebo/ros2_ws2/install/controller_interface/lib:/home/changye/Ros2_gazebo/ros2_ws2/install/hardware_interface/lib:/home/changye/Ros2_gazebo/ros2_ws2/install/controller_manager_msgs/lib:/home/changye/Ros2_gazebo/ros2_ws2/install/control_msgs/lib:/usr/lib/x86_64-linux-gnu/gazebo-11/plugins:/opt/ros/humble/lib/x86_64-linux-gnu:/opt/ros/humble/lib:/usr/lib/x86_64-linux-gnu/gazebo-11/plugins:/usr/share/gazebo-11/../../lib/x86_64-linux-gnu/gazebo-11/plugins:/usr/lib/x86_64-linux-gnu/gazebo-11/plugins PYTHONPATH=/home/changye/Ros2_gazebo/ros2_ws2/install/controller_manager/local/lib/python3.10/dist-packages:/home/changye/Ros2_gazebo/ros2_ws2/install/controller_manager_msgs/local/lib/python3.10/dist-packages:/home/changye/Ros2_gazebo/ros2_ws2/install/control_msgs/local/lib/python3.10/dist-packages:${PYTHONPATH} /usr/bin/cmake --install /home/changye/Ros2_gazebo/ros2_ws2/build/tricycle_steering_controller
[58.711s] -- Install configuration: ""
[58.711s] -- Installing: /home/changye/Ros2_gazebo/ros2_ws2/install/tricycle_steering_controller/include/tricycle_steering_controller_parameters
[58.711s] -- Installing: /home/changye/Ros2_gazebo/ros2_ws2/install/tricycle_steering_controller/include/tricycle_steering_controller_parameters/tricycle_steering_controller_parameters.hpp
[58.711s] -- Installing: /home/changye/Ros2_gazebo/ros2_ws2/install/tricycle_steering_controller/share/tricycle_steering_controller/tricycle_steering_controller.xml
[58.712s] -- Installing: /home/changye/Ros2_gazebo/ros2_ws2/install/tricycle_steering_controller/include/tricycle_steering_controller
[58.712s] -- Installing: /home/changye/Ros2_gazebo/ros2_ws2/install/tricycle_steering_controller/include/tricycle_steering_controller/tricycle_steering_controller
[58.712s] -- Installing: /home/changye/Ros2_gazebo/ros2_ws2/install/tricycle_steering_controller/include/tricycle_steering_controller/tricycle_steering_controller/tricycle_steering_controller.hpp
[58.712s] -- Installing: /home/changye/Ros2_gazebo/ros2_ws2/install/tricycle_steering_controller/include/tricycle_steering_controller/tricycle_steering_controller/visibility_control.h
[58.712s] -- Installing: /home/changye/Ros2_gazebo/ros2_ws2/install/tricycle_steering_controller/lib/libtricycle_steering_controller.so
[58.713s] -- Set runtime path of "/home/changye/Ros2_gazebo/ros2_ws2/install/tricycle_steering_controller/lib/libtricycle_steering_controller.so" to ""
[58.713s] -- Installing: /home/changye/Ros2_gazebo/ros2_ws2/install/tricycle_steering_controller/share/tricycle_steering_controller/environment/library_path.sh
[58.713s] -- Installing: /home/changye/Ros2_gazebo/ros2_ws2/install/tricycle_steering_controller/share/tricycle_steering_controller/environment/library_path.dsv
[58.713s] -- Installing: /home/changye/Ros2_gazebo/ros2_ws2/install/tricycle_steering_controller/share/ament_index/resource_index/package_run_dependencies/tricycle_steering_controller
[58.713s] -- Installing: /home/changye/Ros2_gazebo/ros2_ws2/install/tricycle_steering_controller/share/ament_index/resource_index/parent_prefix_path/tricycle_steering_controller
[58.713s] -- Installing: /home/changye/Ros2_gazebo/ros2_ws2/install/tricycle_steering_controller/share/tricycle_steering_controller/environment/ament_prefix_path.sh
[58.714s] -- Installing: /home/changye/Ros2_gazebo/ros2_ws2/install/tricycle_steering_controller/share/tricycle_steering_controller/environment/ament_prefix_path.dsv
[58.714s] -- Installing: /home/changye/Ros2_gazebo/ros2_ws2/install/tricycle_steering_controller/share/tricycle_steering_controller/environment/path.sh
[58.714s] -- Installing: /home/changye/Ros2_gazebo/ros2_ws2/install/tricycle_steering_controller/share/tricycle_steering_controller/environment/path.dsv
[58.714s] -- Installing: /home/changye/Ros2_gazebo/ros2_ws2/install/tricycle_steering_controller/share/tricycle_steering_controller/local_setup.bash
[58.714s] -- Installing: /home/changye/Ros2_gazebo/ros2_ws2/install/tricycle_steering_controller/share/tricycle_steering_controller/local_setup.sh
[58.714s] -- Installing: /home/changye/Ros2_gazebo/ros2_ws2/install/tricycle_steering_controller/share/tricycle_steering_controller/local_setup.zsh
[58.714s] -- Installing: /home/changye/Ros2_gazebo/ros2_ws2/install/tricycle_steering_controller/share/tricycle_steering_controller/local_setup.dsv
[58.715s] -- Installing: /home/changye/Ros2_gazebo/ros2_ws2/install/tricycle_steering_controller/share/tricycle_steering_controller/package.dsv
[58.715s] -- Installing: /home/changye/Ros2_gazebo/ros2_ws2/install/tricycle_steering_controller/share/ament_index/resource_index/packages/tricycle_steering_controller
[58.715s] -- Installing: /home/changye/Ros2_gazebo/ros2_ws2/install/tricycle_steering_controller/share/ament_index/resource_index/controller_interface__pluginlib__plugin/tricycle_steering_controller
[58.716s] -- Installing: /home/changye/Ros2_gazebo/ros2_ws2/install/tricycle_steering_controller/share/tricycle_steering_controller/cmake/export_tricycle_steering_controllerExport.cmake
[58.716s] -- Installing: /home/changye/Ros2_gazebo/ros2_ws2/install/tricycle_steering_controller/share/tricycle_steering_controller/cmake/export_tricycle_steering_controllerExport-noconfig.cmake
[58.716s] -- Installing: /home/changye/Ros2_gazebo/ros2_ws2/install/tricycle_steering_controller/share/tricycle_steering_controller/cmake/ament_cmake_export_targets-extras.cmake
[58.717s] -- Installing: /home/changye/Ros2_gazebo/ros2_ws2/install/tricycle_steering_controller/share/tricycle_steering_controller/cmake/ament_cmake_export_dependencies-extras.cmake
[58.717s] -- Installing: /home/changye/Ros2_gazebo/ros2_ws2/install/tricycle_steering_controller/share/tricycle_steering_controller/cmake/tricycle_steering_controllerConfig.cmake
[58.717s] -- Installing: /home/changye/Ros2_gazebo/ros2_ws2/install/tricycle_steering_controller/share/tricycle_steering_controller/cmake/tricycle_steering_controllerConfig-version.cmake
[58.717s] -- Installing: /home/changye/Ros2_gazebo/ros2_ws2/install/tricycle_steering_controller/share/tricycle_steering_controller/package.xml
[58.718s] Invoked command in '/home/changye/Ros2_gazebo/ros2_ws2/build/tricycle_steering_controller' returned '0': AMENT_PREFIX_PATH=/home/changye/Ros2_gazebo/ros2_ws2/install/steering_controllers_library:/home/changye/Ros2_gazebo/ros2_ws2/install/controller_manager:/home/changye/Ros2_gazebo/ros2_ws2/install/hardware_interface_testing:/home/changye/Ros2_gazebo/ros2_ws2/install/controller_interface:/home/changye/Ros2_gazebo/ros2_ws2/install/hardware_interface:/home/changye/Ros2_gazebo/ros2_ws2/install/ros2_control_test_assets:/home/changye/Ros2_gazebo/ros2_ws2/install/controller_manager_msgs:/home/changye/Ros2_gazebo/ros2_ws2/install/control_msgs:${AMENT_PREFIX_PATH} CMAKE_PREFIX_PATH=/home/changye/Ros2_gazebo/ros2_ws2/install/steering_controllers_library:/home/changye/Ros2_gazebo/ros2_ws2/install/controller_manager:/home/changye/Ros2_gazebo/ros2_ws2/install/hardware_interface_testing:/home/changye/Ros2_gazebo/ros2_ws2/install/controller_interface:/home/changye/Ros2_gazebo/ros2_ws2/install/hardware_interface:/home/changye/Ros2_gazebo/ros2_ws2/install/ros2_control_test_assets:/home/changye/Ros2_gazebo/ros2_ws2/install/controller_manager_msgs:/home/changye/Ros2_gazebo/ros2_ws2/install/control_msgs:/opt/ros/humble LD_LIBRARY_PATH=/home/changye/Ros2_gazebo/ros2_ws2/install/steering_controllers_library/lib:/home/changye/Ros2_gazebo/ros2_ws2/install/controller_manager/lib:/home/changye/Ros2_gazebo/ros2_ws2/install/hardware_interface_testing/lib:/home/changye/Ros2_gazebo/ros2_ws2/install/controller_interface/lib:/home/changye/Ros2_gazebo/ros2_ws2/install/hardware_interface/lib:/home/changye/Ros2_gazebo/ros2_ws2/install/controller_manager_msgs/lib:/home/changye/Ros2_gazebo/ros2_ws2/install/control_msgs/lib:/usr/lib/x86_64-linux-gnu/gazebo-11/plugins:/opt/ros/humble/lib/x86_64-linux-gnu:/opt/ros/humble/lib:/usr/lib/x86_64-linux-gnu/gazebo-11/plugins:/usr/share/gazebo-11/../../lib/x86_64-linux-gnu/gazebo-11/plugins:/usr/lib/x86_64-linux-gnu/gazebo-11/plugins PYTHONPATH=/home/changye/Ros2_gazebo/ros2_ws2/install/controller_manager/local/lib/python3.10/dist-packages:/home/changye/Ros2_gazebo/ros2_ws2/install/controller_manager_msgs/local/lib/python3.10/dist-packages:/home/changye/Ros2_gazebo/ros2_ws2/install/control_msgs/local/lib/python3.10/dist-packages:${PYTHONPATH} /usr/bin/cmake --install /home/changye/Ros2_gazebo/ros2_ws2/build/tricycle_steering_controller
