[0.142s] Invoking command in '/home/changye/Ros2_gazebo/ros2_ws2/build/ros2_control_demo_description': CMAKE_PREFIX_PATH=/opt/ros/humble /usr/bin/cmake /home/changye/Ros2_gazebo/ros2_ws2/src/ros-controls/ros2_control_demos/ros2_control_demo_description -DAMENT_CMAKE_SYMLINK_INSTALL=1 -DCMAKE_INSTALL_PREFIX=/home/changye/Ros2_gazebo/ros2_ws2/install/ros2_control_demo_description
[0.700s] -- Found ament_cmake: 1.3.11 (/opt/ros/humble/share/ament_cmake/cmake)
[0.885s] -- Override CMake install command with custom implementation using symlinks instead of copying resources
[1.111s] -- Configuring done
[1.128s] -- Generating done
[1.135s] -- Build files have been written to: /home/changye/Ros2_gazebo/ros2_ws2/build/ros2_control_demo_description
[1.230s] Invoked command in '/home/changye/Ros2_gazebo/ros2_ws2/build/ros2_control_demo_description' returned '0': CMAKE_PREFIX_PATH=/opt/ros/humble /usr/bin/cmake /home/changye/Ros2_gazebo/ros2_ws2/src/ros-controls/ros2_control_demos/ros2_control_demo_description -DAMENT_CMAKE_SYMLINK_INSTALL=1 -DCMAKE_INSTALL_PREFIX=/home/changye/Ros2_gazebo/ros2_ws2/install/ros2_control_demo_description
[1.231s] Invoking command in '/home/changye/Ros2_gazebo/ros2_ws2/build/ros2_control_demo_description': CMAKE_PREFIX_PATH=/opt/ros/humble /usr/bin/cmake --build /home/changye/Ros2_gazebo/ros2_ws2/build/ros2_control_demo_description -- -j12 -l12
[1.312s] Invoked command in '/home/changye/Ros2_gazebo/ros2_ws2/build/ros2_control_demo_description' returned '0': CMAKE_PREFIX_PATH=/opt/ros/humble /usr/bin/cmake --build /home/changye/Ros2_gazebo/ros2_ws2/build/ros2_control_demo_description -- -j12 -l12
[1.313s] Invoking command in '/home/changye/Ros2_gazebo/ros2_ws2/build/ros2_control_demo_description': CMAKE_PREFIX_PATH=/opt/ros/humble /usr/bin/cmake --install /home/changye/Ros2_gazebo/ros2_ws2/build/ros2_control_demo_description
[1.319s] -- Install configuration: ""
[1.320s] -- Execute custom install script
[1.341s] -- Symlinking: /home/changye/Ros2_gazebo/ros2_ws2/install/ros2_control_demo_description/share/ros2_control_demo_description/rrbot/urdf/rrbot.materials.xacro
[1.348s] -- Symlinking: /home/changye/Ros2_gazebo/ros2_ws2/install/ros2_control_demo_description/share/ros2_control_demo_description/rrbot/urdf/rrbot_description.urdf.xacro
[1.355s] -- Symlinking: /home/changye/Ros2_gazebo/ros2_ws2/install/ros2_control_demo_description/share/ros2_control_demo_description/rrbot/rviz/rrbot.rviz
[1.363s] -- Symlinking: /home/changye/Ros2_gazebo/ros2_ws2/install/ros2_control_demo_description/share/ros2_control_demo_description/diffbot/urdf/diffbot.materials.xacro
[1.370s] -- Symlinking: /home/changye/Ros2_gazebo/ros2_ws2/install/ros2_control_demo_description/share/ros2_control_demo_description/diffbot/urdf/diffbot_description.urdf.xacro
[1.377s] -- Symlinking: /home/changye/Ros2_gazebo/ros2_ws2/install/ros2_control_demo_description/share/ros2_control_demo_description/diffbot/rviz/diffbot.rviz
[1.384s] -- Symlinking: /home/changye/Ros2_gazebo/ros2_ws2/install/ros2_control_demo_description/share/ros2_control_demo_description/diffbot/rviz/diffbot_view.rviz
[1.393s] -- Symlinking: /home/changye/Ros2_gazebo/ros2_ws2/install/ros2_control_demo_description/share/ros2_control_demo_description/r6bot/meshes/collision/link_0.stl
[1.400s] -- Symlinking: /home/changye/Ros2_gazebo/ros2_ws2/install/ros2_control_demo_description/share/ros2_control_demo_description/r6bot/meshes/collision/link_1.stl
[1.406s] -- Symlinking: /home/changye/Ros2_gazebo/ros2_ws2/install/ros2_control_demo_description/share/ros2_control_demo_description/r6bot/meshes/collision/link_2.stl
[1.413s] -- Symlinking: /home/changye/Ros2_gazebo/ros2_ws2/install/ros2_control_demo_description/share/ros2_control_demo_description/r6bot/meshes/collision/link_3.stl
[1.421s] -- Symlinking: /home/changye/Ros2_gazebo/ros2_ws2/install/ros2_control_demo_description/share/ros2_control_demo_description/r6bot/meshes/collision/link_4.stl
[1.428s] -- Symlinking: /home/changye/Ros2_gazebo/ros2_ws2/install/ros2_control_demo_description/share/ros2_control_demo_description/r6bot/meshes/collision/link_5.stl
[1.434s] -- Symlinking: /home/changye/Ros2_gazebo/ros2_ws2/install/ros2_control_demo_description/share/ros2_control_demo_description/r6bot/meshes/collision/link_6.stl
[1.440s] -- Symlinking: /home/changye/Ros2_gazebo/ros2_ws2/install/ros2_control_demo_description/share/ros2_control_demo_description/r6bot/meshes/visual/link_0.dae
[1.447s] -- Symlinking: /home/changye/Ros2_gazebo/ros2_ws2/install/ros2_control_demo_description/share/ros2_control_demo_description/r6bot/meshes/visual/link_1.dae
[1.453s] -- Symlinking: /home/changye/Ros2_gazebo/ros2_ws2/install/ros2_control_demo_description/share/ros2_control_demo_description/r6bot/meshes/visual/link_2.dae
[1.459s] -- Symlinking: /home/changye/Ros2_gazebo/ros2_ws2/install/ros2_control_demo_description/share/ros2_control_demo_description/r6bot/meshes/visual/link_3.dae
[1.466s] -- Symlinking: /home/changye/Ros2_gazebo/ros2_ws2/install/ros2_control_demo_description/share/ros2_control_demo_description/r6bot/meshes/visual/link_4.dae
[1.472s] -- Symlinking: /home/changye/Ros2_gazebo/ros2_ws2/install/ros2_control_demo_description/share/ros2_control_demo_description/r6bot/meshes/visual/link_5.dae
[1.479s] -- Symlinking: /home/changye/Ros2_gazebo/ros2_ws2/install/ros2_control_demo_description/share/ros2_control_demo_description/r6bot/meshes/visual/link_6.dae
[1.485s] -- Symlinking: /home/changye/Ros2_gazebo/ros2_ws2/install/ros2_control_demo_description/share/ros2_control_demo_description/r6bot/srdf/r6bot.srdf
[1.492s] -- Symlinking: /home/changye/Ros2_gazebo/ros2_ws2/install/ros2_control_demo_description/share/ros2_control_demo_description/r6bot/urdf/inc/create_link.xacro
[1.499s] -- Symlinking: /home/changye/Ros2_gazebo/ros2_ws2/install/ros2_control_demo_description/share/ros2_control_demo_description/r6bot/urdf/r6bot_description.urdf.xacro
[1.515s] -- Symlinking: /home/changye/Ros2_gazebo/ros2_ws2/install/ros2_control_demo_description/share/ros2_control_demo_description/r6bot/rviz/view_robot.rviz
[1.523s] -- Symlinking: /home/changye/Ros2_gazebo/ros2_ws2/install/ros2_control_demo_description/share/ament_index/resource_index/package_run_dependencies/ros2_control_demo_description
[1.535s] -- Symlinking: /home/changye/Ros2_gazebo/ros2_ws2/install/ros2_control_demo_description/share/ament_index/resource_index/parent_prefix_path/ros2_control_demo_description
[1.541s] -- Symlinking: /home/changye/Ros2_gazebo/ros2_ws2/install/ros2_control_demo_description/share/ros2_control_demo_description/environment/ament_prefix_path.sh
[1.548s] -- Symlinking: /home/changye/Ros2_gazebo/ros2_ws2/install/ros2_control_demo_description/share/ros2_control_demo_description/environment/ament_prefix_path.dsv
[1.554s] -- Symlinking: /home/changye/Ros2_gazebo/ros2_ws2/install/ros2_control_demo_description/share/ros2_control_demo_description/environment/path.sh
[1.560s] -- Symlinking: /home/changye/Ros2_gazebo/ros2_ws2/install/ros2_control_demo_description/share/ros2_control_demo_description/environment/path.dsv
[1.567s] -- Symlinking: /home/changye/Ros2_gazebo/ros2_ws2/install/ros2_control_demo_description/share/ros2_control_demo_description/local_setup.bash
[1.573s] -- Symlinking: /home/changye/Ros2_gazebo/ros2_ws2/install/ros2_control_demo_description/share/ros2_control_demo_description/local_setup.sh
[1.579s] -- Symlinking: /home/changye/Ros2_gazebo/ros2_ws2/install/ros2_control_demo_description/share/ros2_control_demo_description/local_setup.zsh
[1.586s] -- Symlinking: /home/changye/Ros2_gazebo/ros2_ws2/install/ros2_control_demo_description/share/ros2_control_demo_description/local_setup.dsv
[1.593s] -- Symlinking: /home/changye/Ros2_gazebo/ros2_ws2/install/ros2_control_demo_description/share/ros2_control_demo_description/package.dsv
[1.600s] -- Symlinking: /home/changye/Ros2_gazebo/ros2_ws2/install/ros2_control_demo_description/share/ament_index/resource_index/packages/ros2_control_demo_description
[1.607s] -- Symlinking: /home/changye/Ros2_gazebo/ros2_ws2/install/ros2_control_demo_description/share/ros2_control_demo_description/cmake/ros2_control_demo_descriptionConfig.cmake
[1.613s] -- Symlinking: /home/changye/Ros2_gazebo/ros2_ws2/install/ros2_control_demo_description/share/ros2_control_demo_description/cmake/ros2_control_demo_descriptionConfig-version.cmake
[1.619s] -- Symlinking: /home/changye/Ros2_gazebo/ros2_ws2/install/ros2_control_demo_description/share/ros2_control_demo_description/package.xml
[1.833s] Invoked command in '/home/changye/Ros2_gazebo/ros2_ws2/build/ros2_control_demo_description' returned '0': CMAKE_PREFIX_PATH=/opt/ros/humble /usr/bin/cmake --install /home/changye/Ros2_gazebo/ros2_ws2/build/ros2_control_demo_description
