[0.159s] Invoking command in '/home/changye/Ros2_gazebo/ros2_ws2/build/controller_manager_msgs': CMAKE_PREFIX_PATH=${CMAKE_PREFIX_PATH}:/home/changye/Ros2_gazebo/ros2_ws2/install/rqt_joint_trajectory_controller:/home/changye/Ros2_gazebo/ros2_ws2/install/rqt_controller_manager:/home/changye/Ros2_gazebo/ros2_ws2/install/ros2controlcli:/home/changye/Ros2_gazebo/ros2_ws2/install/ros2_controllers_test_nodes:/home/changye/Ros2_gazebo/ros2_ws2/install/agv_control_pkg:/opt/ros/humble:/home/changye/ros2_humble/install/rqt_bag_plugins:/home/changye/ros2_humble/install/rqt_bag:/home/changye/ros2_humble/install/ros2bag:/home/changye/ros2_humble/install/tracetools_test:/home/changye/ros2_humble/install/tracetools_launch:/home/changye/ros2_humble/install/topic_monitor:/home/changye/ros2_humble/install/tf2_tools:/home/changye/ros2_humble/install/examples_tf2_py:/home/changye/ros2_humble/install/tf2_ros_py:/home/changye/ros2_humble/install/sros2:/home/changye/ros2_humble/install/rqt_topic:/home/changye/ros2_humble/install/rqt_srv:/home/changye/ros2_humble/install/rqt_shell:/home/changye/ros2_humble/install/rqt_service_caller:/home/changye/ros2_humble/install/rqt_reconfigure:/home/changye/ros2_humble/install/rqt_py_console:/home/changye/ros2_humble/install/rqt_publisher:/home/changye/ros2_humble/install/rqt_plot:/home/changye/ros2_humble/install/rqt_action:/home/changye/ros2_humble/install/rqt_msg:/home/changye/ros2_humble/install/rqt_console:/home/changye/ros2_humble/install/rqt:/home/changye/ros2_humble/install/rqt_graph:/home/changye/ros2_humble/install/rqt_gui_py:/home/changye/ros2_humble/install/rqt_gui:/home/changye/ros2_humble/install/ros2trace:/home/changye/ros2_humble/install/ros2topic:/home/changye/ros2_humble/install/ros2test:/home/changye/ros2_humble/install/ros2component:/home/changye/ros2_humble/install/ros2param:/home/changye/ros2_humble/install/ros2lifecycle:/home/changye/ros2_humble/install/ros2service:/home/changye/ros2_humble/install/ros2run:/home/changye/ros2_humble/install/ros2launch:/home/changye/ros2_humble/install/ros2pkg:/home/changye/ros2_humble/install/ros2node:/home/changye/ros2_humble/install/ros2multicast:/home/changye/ros2_humble/install/ros2interface:/home/changye/ros2_humble/install/ros2doctor:/home/changye/ros2_humble/install/ros2action:/home/changye/ros2_humble/install/ros2cli:/home/changye/ros2_humble/install/quality_of_service_demo_py:/home/changye/ros2_humble/install/lifecycle_py:/home/changye/ros2_humble/install/launch_testing_ros:/home/changye/ros2_humble/install/launch_ros:/home/changye/ros2_humble/install/examples_rclpy_pointcloud_publisher:/home/changye/ros2_humble/install/examples_rclpy_minimal_subscriber:/home/changye/ros2_humble/install/examples_rclpy_minimal_service:/home/changye/ros2_humble/install/examples_rclpy_minimal_publisher:/home/changye/ros2_humble/install/examples_rclpy_minimal_client:/home/changye/ros2_humble/install/examples_rclpy_minimal_action_server:/home/changye/ros2_humble/install/examples_rclpy_minimal_action_client:/home/changye/ros2_humble/install/examples_rclpy_guard_conditions:/home/changye/ros2_humble/install/examples_rclpy_executors:/home/changye/ros2_humble/install/demo_nodes_py:/home/changye/ros2_humble/install/action_tutorials_py:/home/changye/ros2_humble/install/ament_uncrustify:/home/changye/ros2_humble/install/tracetools_trace:/home/changye/ros2_humble/install/tracetools_read:/home/changye/ros2_humble/install/test_tracetools_launch:/home/changye/ros2_humble/install/test_launch_ros:/home/changye/ros2_humble/install/sensor_msgs_py:/home/changye/ros2_humble/install/rpyutils:/home/changye/ros2_humble/install/rosidl_runtime_py:/home/changye/ros2_humble/install/rosidl_cli:/home/changye/ros2_humble/install/launch_pytest:/home/changye/ros2_humble/install/launch_testing:/home/changye/ros2_humble/install/launch_yaml:/home/changye/ros2_humble/install/launch_xml:/home/changye/ros2_humble/install/launch:/home/changye/ros2_humble/install/osrf_pycommon:/home/changye/ros2_humble/install/launch_testing_examples:/home/changye/ros2_humble/install/domain_coordinator:/home/changye/ros2_humble/install/ament_xmllint:/home/changye/ros2_humble/install/ament_pyflakes:/home/changye/ros2_humble/install/ament_pycodestyle:/home/changye/ros2_humble/install/ament_pep257:/home/changye/ros2_humble/install/ament_pclint:/home/changye/ros2_humble/install/ament_package:/home/changye/ros2_humble/install/ament_mypy:/home/changye/ros2_humble/install/ament_lint_cmake:/home/changye/ros2_humble/install/ament_flake8:/home/changye/ros2_humble/install/ament_copyright:/home/changye/ros2_humble/install/ament_lint:/home/changye/ros2_humble/install/ament_index_python:/home/changye/ros2_humble/install/ament_cpplint:/home/changye/ros2_humble/install/ament_cppcheck:/home/changye/ros2_humble/install/ament_clang_tidy:/home/changye/ros2_humble/install/ament_clang_format /usr/bin/cmake --build /home/changye/Ros2_gazebo/ros2_ws2/build/controller_manager_msgs -- -j12 -l12
[0.809s] [  0%] Built target controller_manager_msgs__cpp
[0.809s] [ 12%] Built target controller_manager_msgs__rosidl_generator_c
[0.810s] [ 12%] Built target ament_cmake_python_copy_controller_manager_msgs
[0.810s] [ 24%] Built target controller_manager_msgs__rosidl_typesupport_introspection_cpp
[0.810s] [ 37%] Built target controller_manager_msgs__rosidl_typesupport_cpp
[0.810s] [ 48%] Built target controller_manager_msgs__rosidl_typesupport_c
[0.810s] [ 60%] Built target controller_manager_msgs__rosidl_typesupport_introspection_c
[0.811s] [ 72%] Built target controller_manager_msgs__rosidl_typesupport_fastrtps_cpp
[0.811s] [ 84%] Built target controller_manager_msgs__rosidl_typesupport_fastrtps_c
[0.811s] [ 84%] Built target controller_manager_msgs
[0.811s] [ 85%] Built target controller_manager_msgs__py
[0.812s] [ 96%] Built target controller_manager_msgs__rosidl_generator_py
[0.812s] [ 98%] Built target controller_manager_msgs__rosidl_typesupport_introspection_c__pyext
[0.812s] [ 99%] Built target controller_manager_msgs__rosidl_typesupport_fastrtps_c__pyext
[0.812s] [100%] Built target controller_manager_msgs__rosidl_typesupport_c__pyext
[0.872s] running egg_info
[0.872s] writing controller_manager_msgs.egg-info/PKG-INFO
[0.873s] writing dependency_links to controller_manager_msgs.egg-info/dependency_links.txt
[0.873s] writing top-level names to controller_manager_msgs.egg-info/top_level.txt
[0.875s] reading manifest file 'controller_manager_msgs.egg-info/SOURCES.txt'
[0.876s] writing manifest file 'controller_manager_msgs.egg-info/SOURCES.txt'
[0.910s] [100%] Built target ament_cmake_python_build_controller_manager_msgs_egg
[1.351s] Invoked command in '/home/changye/Ros2_gazebo/ros2_ws2/build/controller_manager_msgs' returned '0': CMAKE_PREFIX_PATH=${CMAKE_PREFIX_PATH}:/home/changye/Ros2_gazebo/ros2_ws2/install/rqt_joint_trajectory_controller:/home/changye/Ros2_gazebo/ros2_ws2/install/rqt_controller_manager:/home/changye/Ros2_gazebo/ros2_ws2/install/ros2controlcli:/home/changye/Ros2_gazebo/ros2_ws2/install/ros2_controllers_test_nodes:/home/changye/Ros2_gazebo/ros2_ws2/install/agv_control_pkg:/opt/ros/humble:/home/changye/ros2_humble/install/rqt_bag_plugins:/home/changye/ros2_humble/install/rqt_bag:/home/changye/ros2_humble/install/ros2bag:/home/changye/ros2_humble/install/tracetools_test:/home/changye/ros2_humble/install/tracetools_launch:/home/changye/ros2_humble/install/topic_monitor:/home/changye/ros2_humble/install/tf2_tools:/home/changye/ros2_humble/install/examples_tf2_py:/home/changye/ros2_humble/install/tf2_ros_py:/home/changye/ros2_humble/install/sros2:/home/changye/ros2_humble/install/rqt_topic:/home/changye/ros2_humble/install/rqt_srv:/home/changye/ros2_humble/install/rqt_shell:/home/changye/ros2_humble/install/rqt_service_caller:/home/changye/ros2_humble/install/rqt_reconfigure:/home/changye/ros2_humble/install/rqt_py_console:/home/changye/ros2_humble/install/rqt_publisher:/home/changye/ros2_humble/install/rqt_plot:/home/changye/ros2_humble/install/rqt_action:/home/changye/ros2_humble/install/rqt_msg:/home/changye/ros2_humble/install/rqt_console:/home/changye/ros2_humble/install/rqt:/home/changye/ros2_humble/install/rqt_graph:/home/changye/ros2_humble/install/rqt_gui_py:/home/changye/ros2_humble/install/rqt_gui:/home/changye/ros2_humble/install/ros2trace:/home/changye/ros2_humble/install/ros2topic:/home/changye/ros2_humble/install/ros2test:/home/changye/ros2_humble/install/ros2component:/home/changye/ros2_humble/install/ros2param:/home/changye/ros2_humble/install/ros2lifecycle:/home/changye/ros2_humble/install/ros2service:/home/changye/ros2_humble/install/ros2run:/home/changye/ros2_humble/install/ros2launch:/home/changye/ros2_humble/install/ros2pkg:/home/changye/ros2_humble/install/ros2node:/home/changye/ros2_humble/install/ros2multicast:/home/changye/ros2_humble/install/ros2interface:/home/changye/ros2_humble/install/ros2doctor:/home/changye/ros2_humble/install/ros2action:/home/changye/ros2_humble/install/ros2cli:/home/changye/ros2_humble/install/quality_of_service_demo_py:/home/changye/ros2_humble/install/lifecycle_py:/home/changye/ros2_humble/install/launch_testing_ros:/home/changye/ros2_humble/install/launch_ros:/home/changye/ros2_humble/install/examples_rclpy_pointcloud_publisher:/home/changye/ros2_humble/install/examples_rclpy_minimal_subscriber:/home/changye/ros2_humble/install/examples_rclpy_minimal_service:/home/changye/ros2_humble/install/examples_rclpy_minimal_publisher:/home/changye/ros2_humble/install/examples_rclpy_minimal_client:/home/changye/ros2_humble/install/examples_rclpy_minimal_action_server:/home/changye/ros2_humble/install/examples_rclpy_minimal_action_client:/home/changye/ros2_humble/install/examples_rclpy_guard_conditions:/home/changye/ros2_humble/install/examples_rclpy_executors:/home/changye/ros2_humble/install/demo_nodes_py:/home/changye/ros2_humble/install/action_tutorials_py:/home/changye/ros2_humble/install/ament_uncrustify:/home/changye/ros2_humble/install/tracetools_trace:/home/changye/ros2_humble/install/tracetools_read:/home/changye/ros2_humble/install/test_tracetools_launch:/home/changye/ros2_humble/install/test_launch_ros:/home/changye/ros2_humble/install/sensor_msgs_py:/home/changye/ros2_humble/install/rpyutils:/home/changye/ros2_humble/install/rosidl_runtime_py:/home/changye/ros2_humble/install/rosidl_cli:/home/changye/ros2_humble/install/launch_pytest:/home/changye/ros2_humble/install/launch_testing:/home/changye/ros2_humble/install/launch_yaml:/home/changye/ros2_humble/install/launch_xml:/home/changye/ros2_humble/install/launch:/home/changye/ros2_humble/install/osrf_pycommon:/home/changye/ros2_humble/install/launch_testing_examples:/home/changye/ros2_humble/install/domain_coordinator:/home/changye/ros2_humble/install/ament_xmllint:/home/changye/ros2_humble/install/ament_pyflakes:/home/changye/ros2_humble/install/ament_pycodestyle:/home/changye/ros2_humble/install/ament_pep257:/home/changye/ros2_humble/install/ament_pclint:/home/changye/ros2_humble/install/ament_package:/home/changye/ros2_humble/install/ament_mypy:/home/changye/ros2_humble/install/ament_lint_cmake:/home/changye/ros2_humble/install/ament_flake8:/home/changye/ros2_humble/install/ament_copyright:/home/changye/ros2_humble/install/ament_lint:/home/changye/ros2_humble/install/ament_index_python:/home/changye/ros2_humble/install/ament_cpplint:/home/changye/ros2_humble/install/ament_cppcheck:/home/changye/ros2_humble/install/ament_clang_tidy:/home/changye/ros2_humble/install/ament_clang_format /usr/bin/cmake --build /home/changye/Ros2_gazebo/ros2_ws2/build/controller_manager_msgs -- -j12 -l12
[2.503s] Invoking command in '/home/changye/Ros2_gazebo/ros2_ws2/build/controller_manager_msgs': CMAKE_PREFIX_PATH=${CMAKE_PREFIX_PATH}:/home/changye/Ros2_gazebo/ros2_ws2/install/rqt_joint_trajectory_controller:/home/changye/Ros2_gazebo/ros2_ws2/install/rqt_controller_manager:/home/changye/Ros2_gazebo/ros2_ws2/install/ros2controlcli:/home/changye/Ros2_gazebo/ros2_ws2/install/ros2_controllers_test_nodes:/home/changye/Ros2_gazebo/ros2_ws2/install/agv_control_pkg:/opt/ros/humble:/home/changye/ros2_humble/install/rqt_bag_plugins:/home/changye/ros2_humble/install/rqt_bag:/home/changye/ros2_humble/install/ros2bag:/home/changye/ros2_humble/install/tracetools_test:/home/changye/ros2_humble/install/tracetools_launch:/home/changye/ros2_humble/install/topic_monitor:/home/changye/ros2_humble/install/tf2_tools:/home/changye/ros2_humble/install/examples_tf2_py:/home/changye/ros2_humble/install/tf2_ros_py:/home/changye/ros2_humble/install/sros2:/home/changye/ros2_humble/install/rqt_topic:/home/changye/ros2_humble/install/rqt_srv:/home/changye/ros2_humble/install/rqt_shell:/home/changye/ros2_humble/install/rqt_service_caller:/home/changye/ros2_humble/install/rqt_reconfigure:/home/changye/ros2_humble/install/rqt_py_console:/home/changye/ros2_humble/install/rqt_publisher:/home/changye/ros2_humble/install/rqt_plot:/home/changye/ros2_humble/install/rqt_action:/home/changye/ros2_humble/install/rqt_msg:/home/changye/ros2_humble/install/rqt_console:/home/changye/ros2_humble/install/rqt:/home/changye/ros2_humble/install/rqt_graph:/home/changye/ros2_humble/install/rqt_gui_py:/home/changye/ros2_humble/install/rqt_gui:/home/changye/ros2_humble/install/ros2trace:/home/changye/ros2_humble/install/ros2topic:/home/changye/ros2_humble/install/ros2test:/home/changye/ros2_humble/install/ros2component:/home/changye/ros2_humble/install/ros2param:/home/changye/ros2_humble/install/ros2lifecycle:/home/changye/ros2_humble/install/ros2service:/home/changye/ros2_humble/install/ros2run:/home/changye/ros2_humble/install/ros2launch:/home/changye/ros2_humble/install/ros2pkg:/home/changye/ros2_humble/install/ros2node:/home/changye/ros2_humble/install/ros2multicast:/home/changye/ros2_humble/install/ros2interface:/home/changye/ros2_humble/install/ros2doctor:/home/changye/ros2_humble/install/ros2action:/home/changye/ros2_humble/install/ros2cli:/home/changye/ros2_humble/install/quality_of_service_demo_py:/home/changye/ros2_humble/install/lifecycle_py:/home/changye/ros2_humble/install/launch_testing_ros:/home/changye/ros2_humble/install/launch_ros:/home/changye/ros2_humble/install/examples_rclpy_pointcloud_publisher:/home/changye/ros2_humble/install/examples_rclpy_minimal_subscriber:/home/changye/ros2_humble/install/examples_rclpy_minimal_service:/home/changye/ros2_humble/install/examples_rclpy_minimal_publisher:/home/changye/ros2_humble/install/examples_rclpy_minimal_client:/home/changye/ros2_humble/install/examples_rclpy_minimal_action_server:/home/changye/ros2_humble/install/examples_rclpy_minimal_action_client:/home/changye/ros2_humble/install/examples_rclpy_guard_conditions:/home/changye/ros2_humble/install/examples_rclpy_executors:/home/changye/ros2_humble/install/demo_nodes_py:/home/changye/ros2_humble/install/action_tutorials_py:/home/changye/ros2_humble/install/ament_uncrustify:/home/changye/ros2_humble/install/tracetools_trace:/home/changye/ros2_humble/install/tracetools_read:/home/changye/ros2_humble/install/test_tracetools_launch:/home/changye/ros2_humble/install/test_launch_ros:/home/changye/ros2_humble/install/sensor_msgs_py:/home/changye/ros2_humble/install/rpyutils:/home/changye/ros2_humble/install/rosidl_runtime_py:/home/changye/ros2_humble/install/rosidl_cli:/home/changye/ros2_humble/install/launch_pytest:/home/changye/ros2_humble/install/launch_testing:/home/changye/ros2_humble/install/launch_yaml:/home/changye/ros2_humble/install/launch_xml:/home/changye/ros2_humble/install/launch:/home/changye/ros2_humble/install/osrf_pycommon:/home/changye/ros2_humble/install/launch_testing_examples:/home/changye/ros2_humble/install/domain_coordinator:/home/changye/ros2_humble/install/ament_xmllint:/home/changye/ros2_humble/install/ament_pyflakes:/home/changye/ros2_humble/install/ament_pycodestyle:/home/changye/ros2_humble/install/ament_pep257:/home/changye/ros2_humble/install/ament_pclint:/home/changye/ros2_humble/install/ament_package:/home/changye/ros2_humble/install/ament_mypy:/home/changye/ros2_humble/install/ament_lint_cmake:/home/changye/ros2_humble/install/ament_flake8:/home/changye/ros2_humble/install/ament_copyright:/home/changye/ros2_humble/install/ament_lint:/home/changye/ros2_humble/install/ament_index_python:/home/changye/ros2_humble/install/ament_cpplint:/home/changye/ros2_humble/install/ament_cppcheck:/home/changye/ros2_humble/install/ament_clang_tidy:/home/changye/ros2_humble/install/ament_clang_format /usr/bin/cmake --install /home/changye/Ros2_gazebo/ros2_ws2/build/controller_manager_msgs
[2.519s] -- Install configuration: ""
[2.519s] -- Up-to-date: /home/changye/Ros2_gazebo/ros2_ws2/install/controller_manager_msgs/share/ament_index/resource_index/rosidl_interfaces/controller_manager_msgs
[2.519s] -- Up-to-date: /home/changye/Ros2_gazebo/ros2_ws2/install/controller_manager_msgs/include/controller_manager_msgs/controller_manager_msgs
[2.519s] -- Up-to-date: /home/changye/Ros2_gazebo/ros2_ws2/install/controller_manager_msgs/include/controller_manager_msgs/controller_manager_msgs/srv
[2.519s] -- Up-to-date: /home/changye/Ros2_gazebo/ros2_ws2/install/controller_manager_msgs/include/controller_manager_msgs/controller_manager_msgs/srv/detail
[2.520s] -- Up-to-date: /home/changye/Ros2_gazebo/ros2_ws2/install/controller_manager_msgs/include/controller_manager_msgs/controller_manager_msgs/srv/detail/unload_controller__struct.h
[2.520s] -- Up-to-date: /home/changye/Ros2_gazebo/ros2_ws2/install/controller_manager_msgs/include/controller_manager_msgs/controller_manager_msgs/srv/detail/list_controllers__functions.c
[2.520s] -- Up-to-date: /home/changye/Ros2_gazebo/ros2_ws2/install/controller_manager_msgs/include/controller_manager_msgs/controller_manager_msgs/srv/detail/reload_controller_libraries__functions.h
[2.520s] -- Up-to-date: /home/changye/Ros2_gazebo/ros2_ws2/install/controller_manager_msgs/include/controller_manager_msgs/controller_manager_msgs/srv/detail/set_hardware_component_state__functions.c
[2.520s] -- Up-to-date: /home/changye/Ros2_gazebo/ros2_ws2/install/controller_manager_msgs/include/controller_manager_msgs/controller_manager_msgs/srv/detail/list_controllers__type_support.h
[2.520s] -- Up-to-date: /home/changye/Ros2_gazebo/ros2_ws2/install/controller_manager_msgs/include/controller_manager_msgs/controller_manager_msgs/srv/detail/load_controller__functions.c
[2.520s] -- Up-to-date: /home/changye/Ros2_gazebo/ros2_ws2/install/controller_manager_msgs/include/controller_manager_msgs/controller_manager_msgs/srv/detail/list_hardware_interfaces__functions.h
[2.520s] -- Up-to-date: /home/changye/Ros2_gazebo/ros2_ws2/install/controller_manager_msgs/include/controller_manager_msgs/controller_manager_msgs/srv/detail/configure_controller__struct.h
[2.520s] -- Up-to-date: /home/changye/Ros2_gazebo/ros2_ws2/install/controller_manager_msgs/include/controller_manager_msgs/controller_manager_msgs/srv/detail/switch_controller__type_support.h
[2.521s] -- Up-to-date: /home/changye/Ros2_gazebo/ros2_ws2/install/controller_manager_msgs/include/controller_manager_msgs/controller_manager_msgs/srv/detail/list_controllers__struct.h
[2.521s] -- Up-to-date: /home/changye/Ros2_gazebo/ros2_ws2/install/controller_manager_msgs/include/controller_manager_msgs/controller_manager_msgs/srv/detail/list_controller_types__struct.h
[2.521s] -- Up-to-date: /home/changye/Ros2_gazebo/ros2_ws2/install/controller_manager_msgs/include/controller_manager_msgs/controller_manager_msgs/srv/detail/unload_controller__type_support.h
[2.521s] -- Up-to-date: /home/changye/Ros2_gazebo/ros2_ws2/install/controller_manager_msgs/include/controller_manager_msgs/controller_manager_msgs/srv/detail/switch_controller__functions.c
[2.522s] -- Up-to-date: /home/changye/Ros2_gazebo/ros2_ws2/install/controller_manager_msgs/include/controller_manager_msgs/controller_manager_msgs/srv/detail/list_hardware_components__struct.h
[2.522s] -- Up-to-date: /home/changye/Ros2_gazebo/ros2_ws2/install/controller_manager_msgs/include/controller_manager_msgs/controller_manager_msgs/srv/detail/unload_controller__functions.c
[2.522s] -- Up-to-date: /home/changye/Ros2_gazebo/ros2_ws2/install/controller_manager_msgs/include/controller_manager_msgs/controller_manager_msgs/srv/detail/configure_controller__functions.h
[2.522s] -- Up-to-date: /home/changye/Ros2_gazebo/ros2_ws2/install/controller_manager_msgs/include/controller_manager_msgs/controller_manager_msgs/srv/detail/switch_controller__struct.h
[2.522s] -- Up-to-date: /home/changye/Ros2_gazebo/ros2_ws2/install/controller_manager_msgs/include/controller_manager_msgs/controller_manager_msgs/srv/detail/list_hardware_interfaces__struct.h
[2.522s] -- Up-to-date: /home/changye/Ros2_gazebo/ros2_ws2/install/controller_manager_msgs/include/controller_manager_msgs/controller_manager_msgs/srv/detail/set_hardware_component_state__functions.h
[2.522s] -- Up-to-date: /home/changye/Ros2_gazebo/ros2_ws2/install/controller_manager_msgs/include/controller_manager_msgs/controller_manager_msgs/srv/detail/configure_controller__type_support.h
[2.522s] -- Up-to-date: /home/changye/Ros2_gazebo/ros2_ws2/install/controller_manager_msgs/include/controller_manager_msgs/controller_manager_msgs/srv/detail/list_hardware_interfaces__type_support.h
[2.522s] -- Up-to-date: /home/changye/Ros2_gazebo/ros2_ws2/install/controller_manager_msgs/include/controller_manager_msgs/controller_manager_msgs/srv/detail/list_controllers__functions.h
[2.522s] -- Up-to-date: /home/changye/Ros2_gazebo/ros2_ws2/install/controller_manager_msgs/include/controller_manager_msgs/controller_manager_msgs/srv/detail/load_controller__functions.h
[2.522s] -- Up-to-date: /home/changye/Ros2_gazebo/ros2_ws2/install/controller_manager_msgs/include/controller_manager_msgs/controller_manager_msgs/srv/detail/list_controller_types__functions.c
[2.522s] -- Up-to-date: /home/changye/Ros2_gazebo/ros2_ws2/install/controller_manager_msgs/include/controller_manager_msgs/controller_manager_msgs/srv/detail/list_hardware_components__type_support.h
[2.522s] -- Up-to-date: /home/changye/Ros2_gazebo/ros2_ws2/install/controller_manager_msgs/include/controller_manager_msgs/controller_manager_msgs/srv/detail/reload_controller_libraries__functions.c
[2.522s] -- Up-to-date: /home/changye/Ros2_gazebo/ros2_ws2/install/controller_manager_msgs/include/controller_manager_msgs/controller_manager_msgs/srv/detail/list_hardware_components__functions.c
[2.523s] -- Up-to-date: /home/changye/Ros2_gazebo/ros2_ws2/install/controller_manager_msgs/include/controller_manager_msgs/controller_manager_msgs/srv/detail/reload_controller_libraries__type_support.h
[2.523s] -- Up-to-date: /home/changye/Ros2_gazebo/ros2_ws2/install/controller_manager_msgs/include/controller_manager_msgs/controller_manager_msgs/srv/detail/set_hardware_component_state__struct.h
[2.523s] -- Up-to-date: /home/changye/Ros2_gazebo/ros2_ws2/install/controller_manager_msgs/include/controller_manager_msgs/controller_manager_msgs/srv/detail/load_controller__type_support.h
[2.523s] -- Up-to-date: /home/changye/Ros2_gazebo/ros2_ws2/install/controller_manager_msgs/include/controller_manager_msgs/controller_manager_msgs/srv/detail/list_hardware_components__functions.h
[2.523s] -- Up-to-date: /home/changye/Ros2_gazebo/ros2_ws2/install/controller_manager_msgs/include/controller_manager_msgs/controller_manager_msgs/srv/detail/list_hardware_interfaces__functions.c
[2.523s] -- Up-to-date: /home/changye/Ros2_gazebo/ros2_ws2/install/controller_manager_msgs/include/controller_manager_msgs/controller_manager_msgs/srv/detail/configure_controller__functions.c
[2.523s] -- Up-to-date: /home/changye/Ros2_gazebo/ros2_ws2/install/controller_manager_msgs/include/controller_manager_msgs/controller_manager_msgs/srv/detail/reload_controller_libraries__struct.h
[2.523s] -- Up-to-date: /home/changye/Ros2_gazebo/ros2_ws2/install/controller_manager_msgs/include/controller_manager_msgs/controller_manager_msgs/srv/detail/switch_controller__functions.h
[2.523s] -- Up-to-date: /home/changye/Ros2_gazebo/ros2_ws2/install/controller_manager_msgs/include/controller_manager_msgs/controller_manager_msgs/srv/detail/list_controller_types__functions.h
[2.523s] -- Up-to-date: /home/changye/Ros2_gazebo/ros2_ws2/install/controller_manager_msgs/include/controller_manager_msgs/controller_manager_msgs/srv/detail/load_controller__struct.h
[2.523s] -- Up-to-date: /home/changye/Ros2_gazebo/ros2_ws2/install/controller_manager_msgs/include/controller_manager_msgs/controller_manager_msgs/srv/detail/set_hardware_component_state__type_support.h
[2.523s] -- Up-to-date: /home/changye/Ros2_gazebo/ros2_ws2/install/controller_manager_msgs/include/controller_manager_msgs/controller_manager_msgs/srv/detail/list_controller_types__type_support.h
[2.524s] -- Up-to-date: /home/changye/Ros2_gazebo/ros2_ws2/install/controller_manager_msgs/include/controller_manager_msgs/controller_manager_msgs/srv/detail/unload_controller__functions.h
[2.524s] -- Up-to-date: /home/changye/Ros2_gazebo/ros2_ws2/install/controller_manager_msgs/include/controller_manager_msgs/controller_manager_msgs/srv/configure_controller.h
[2.524s] -- Up-to-date: /home/changye/Ros2_gazebo/ros2_ws2/install/controller_manager_msgs/include/controller_manager_msgs/controller_manager_msgs/srv/list_hardware_components.h
[2.524s] -- Up-to-date: /home/changye/Ros2_gazebo/ros2_ws2/install/controller_manager_msgs/include/controller_manager_msgs/controller_manager_msgs/srv/set_hardware_component_state.h
[2.524s] -- Up-to-date: /home/changye/Ros2_gazebo/ros2_ws2/install/controller_manager_msgs/include/controller_manager_msgs/controller_manager_msgs/srv/reload_controller_libraries.h
[2.524s] -- Up-to-date: /home/changye/Ros2_gazebo/ros2_ws2/install/controller_manager_msgs/include/controller_manager_msgs/controller_manager_msgs/srv/list_controllers.h
[2.524s] -- Up-to-date: /home/changye/Ros2_gazebo/ros2_ws2/install/controller_manager_msgs/include/controller_manager_msgs/controller_manager_msgs/srv/unload_controller.h
[2.524s] -- Up-to-date: /home/changye/Ros2_gazebo/ros2_ws2/install/controller_manager_msgs/include/controller_manager_msgs/controller_manager_msgs/srv/load_controller.h
[2.524s] -- Up-to-date: /home/changye/Ros2_gazebo/ros2_ws2/install/controller_manager_msgs/include/controller_manager_msgs/controller_manager_msgs/srv/list_hardware_interfaces.h
[2.524s] -- Up-to-date: /home/changye/Ros2_gazebo/ros2_ws2/install/controller_manager_msgs/include/controller_manager_msgs/controller_manager_msgs/srv/list_controller_types.h
[2.524s] -- Up-to-date: /home/changye/Ros2_gazebo/ros2_ws2/install/controller_manager_msgs/include/controller_manager_msgs/controller_manager_msgs/srv/switch_controller.h
[2.524s] -- Up-to-date: /home/changye/Ros2_gazebo/ros2_ws2/install/controller_manager_msgs/include/controller_manager_msgs/controller_manager_msgs/msg
[2.524s] -- Up-to-date: /home/changye/Ros2_gazebo/ros2_ws2/install/controller_manager_msgs/include/controller_manager_msgs/controller_manager_msgs/msg/detail
[2.524s] -- Up-to-date: /home/changye/Ros2_gazebo/ros2_ws2/install/controller_manager_msgs/include/controller_manager_msgs/controller_manager_msgs/msg/detail/chain_connection__type_support.h
[2.524s] -- Up-to-date: /home/changye/Ros2_gazebo/ros2_ws2/install/controller_manager_msgs/include/controller_manager_msgs/controller_manager_msgs/msg/detail/chain_connection__struct.h
[2.525s] -- Up-to-date: /home/changye/Ros2_gazebo/ros2_ws2/install/controller_manager_msgs/include/controller_manager_msgs/controller_manager_msgs/msg/detail/chain_connection__functions.c
[2.525s] -- Up-to-date: /home/changye/Ros2_gazebo/ros2_ws2/install/controller_manager_msgs/include/controller_manager_msgs/controller_manager_msgs/msg/detail/controller_state__struct.h
[2.525s] -- Up-to-date: /home/changye/Ros2_gazebo/ros2_ws2/install/controller_manager_msgs/include/controller_manager_msgs/controller_manager_msgs/msg/detail/controller_state__functions.c
[2.525s] -- Up-to-date: /home/changye/Ros2_gazebo/ros2_ws2/install/controller_manager_msgs/include/controller_manager_msgs/controller_manager_msgs/msg/detail/hardware_component_state__struct.h
[2.525s] -- Up-to-date: /home/changye/Ros2_gazebo/ros2_ws2/install/controller_manager_msgs/include/controller_manager_msgs/controller_manager_msgs/msg/detail/hardware_component_state__functions.h
[2.525s] -- Up-to-date: /home/changye/Ros2_gazebo/ros2_ws2/install/controller_manager_msgs/include/controller_manager_msgs/controller_manager_msgs/msg/detail/hardware_component_state__functions.c
[2.525s] -- Up-to-date: /home/changye/Ros2_gazebo/ros2_ws2/install/controller_manager_msgs/include/controller_manager_msgs/controller_manager_msgs/msg/detail/hardware_interface__struct.h
[2.525s] -- Up-to-date: /home/changye/Ros2_gazebo/ros2_ws2/install/controller_manager_msgs/include/controller_manager_msgs/controller_manager_msgs/msg/detail/hardware_interface__functions.h
[2.525s] -- Up-to-date: /home/changye/Ros2_gazebo/ros2_ws2/install/controller_manager_msgs/include/controller_manager_msgs/controller_manager_msgs/msg/detail/hardware_component_state__type_support.h
[2.525s] -- Up-to-date: /home/changye/Ros2_gazebo/ros2_ws2/install/controller_manager_msgs/include/controller_manager_msgs/controller_manager_msgs/msg/detail/hardware_interface__functions.c
[2.525s] -- Up-to-date: /home/changye/Ros2_gazebo/ros2_ws2/install/controller_manager_msgs/include/controller_manager_msgs/controller_manager_msgs/msg/detail/chain_connection__functions.h
[2.525s] -- Up-to-date: /home/changye/Ros2_gazebo/ros2_ws2/install/controller_manager_msgs/include/controller_manager_msgs/controller_manager_msgs/msg/detail/controller_state__functions.h
[2.525s] -- Up-to-date: /home/changye/Ros2_gazebo/ros2_ws2/install/controller_manager_msgs/include/controller_manager_msgs/controller_manager_msgs/msg/detail/hardware_interface__type_support.h
[2.525s] -- Up-to-date: /home/changye/Ros2_gazebo/ros2_ws2/install/controller_manager_msgs/include/controller_manager_msgs/controller_manager_msgs/msg/detail/controller_state__type_support.h
[2.525s] -- Up-to-date: /home/changye/Ros2_gazebo/ros2_ws2/install/controller_manager_msgs/include/controller_manager_msgs/controller_manager_msgs/msg/chain_connection.h
[2.525s] -- Up-to-date: /home/changye/Ros2_gazebo/ros2_ws2/install/controller_manager_msgs/include/controller_manager_msgs/controller_manager_msgs/msg/controller_state.h
[2.525s] -- Up-to-date: /home/changye/Ros2_gazebo/ros2_ws2/install/controller_manager_msgs/include/controller_manager_msgs/controller_manager_msgs/msg/rosidl_generator_c__visibility_control.h
[2.525s] -- Up-to-date: /home/changye/Ros2_gazebo/ros2_ws2/install/controller_manager_msgs/include/controller_manager_msgs/controller_manager_msgs/msg/hardware_component_state.h
[2.526s] -- Up-to-date: /home/changye/Ros2_gazebo/ros2_ws2/install/controller_manager_msgs/include/controller_manager_msgs/controller_manager_msgs/msg/hardware_interface.h
[2.526s] -- Up-to-date: /home/changye/Ros2_gazebo/ros2_ws2/install/controller_manager_msgs/share/controller_manager_msgs/environment/library_path.sh
[2.526s] -- Up-to-date: /home/changye/Ros2_gazebo/ros2_ws2/install/controller_manager_msgs/share/controller_manager_msgs/environment/library_path.dsv
[2.526s] -- Up-to-date: /home/changye/Ros2_gazebo/ros2_ws2/install/controller_manager_msgs/lib/libcontroller_manager_msgs__rosidl_generator_c.so
[2.526s] -- Up-to-date: /home/changye/Ros2_gazebo/ros2_ws2/install/controller_manager_msgs/include/controller_manager_msgs/controller_manager_msgs
[2.526s] -- Up-to-date: /home/changye/Ros2_gazebo/ros2_ws2/install/controller_manager_msgs/include/controller_manager_msgs/controller_manager_msgs/srv
[2.526s] -- Up-to-date: /home/changye/Ros2_gazebo/ros2_ws2/install/controller_manager_msgs/include/controller_manager_msgs/controller_manager_msgs/srv/detail
[2.526s] -- Up-to-date: /home/changye/Ros2_gazebo/ros2_ws2/install/controller_manager_msgs/include/controller_manager_msgs/controller_manager_msgs/srv/detail/set_hardware_component_state__rosidl_typesupport_fastrtps_c.h
[2.526s] -- Up-to-date: /home/changye/Ros2_gazebo/ros2_ws2/install/controller_manager_msgs/include/controller_manager_msgs/controller_manager_msgs/srv/detail/list_hardware_components__rosidl_typesupport_fastrtps_c.h
[2.526s] -- Up-to-date: /home/changye/Ros2_gazebo/ros2_ws2/install/controller_manager_msgs/include/controller_manager_msgs/controller_manager_msgs/srv/detail/load_controller__rosidl_typesupport_fastrtps_c.h
[2.526s] -- Up-to-date: /home/changye/Ros2_gazebo/ros2_ws2/install/controller_manager_msgs/include/controller_manager_msgs/controller_manager_msgs/srv/detail/unload_controller__rosidl_typesupport_fastrtps_c.h
[2.526s] -- Up-to-date: /home/changye/Ros2_gazebo/ros2_ws2/install/controller_manager_msgs/include/controller_manager_msgs/controller_manager_msgs/srv/detail/switch_controller__rosidl_typesupport_fastrtps_c.h
[2.526s] -- Up-to-date: /home/changye/Ros2_gazebo/ros2_ws2/install/controller_manager_msgs/include/controller_manager_msgs/controller_manager_msgs/srv/detail/reload_controller_libraries__rosidl_typesupport_fastrtps_c.h
[2.526s] -- Up-to-date: /home/changye/Ros2_gazebo/ros2_ws2/install/controller_manager_msgs/include/controller_manager_msgs/controller_manager_msgs/srv/detail/list_controller_types__rosidl_typesupport_fastrtps_c.h
[2.526s] -- Up-to-date: /home/changye/Ros2_gazebo/ros2_ws2/install/controller_manager_msgs/include/controller_manager_msgs/controller_manager_msgs/srv/detail/list_hardware_interfaces__rosidl_typesupport_fastrtps_c.h
[2.526s] -- Up-to-date: /home/changye/Ros2_gazebo/ros2_ws2/install/controller_manager_msgs/include/controller_manager_msgs/controller_manager_msgs/srv/detail/list_controllers__rosidl_typesupport_fastrtps_c.h
[2.526s] -- Up-to-date: /home/changye/Ros2_gazebo/ros2_ws2/install/controller_manager_msgs/include/controller_manager_msgs/controller_manager_msgs/srv/detail/configure_controller__rosidl_typesupport_fastrtps_c.h
[2.526s] -- Up-to-date: /home/changye/Ros2_gazebo/ros2_ws2/install/controller_manager_msgs/include/controller_manager_msgs/controller_manager_msgs/msg
[2.526s] -- Up-to-date: /home/changye/Ros2_gazebo/ros2_ws2/install/controller_manager_msgs/include/controller_manager_msgs/controller_manager_msgs/msg/detail
[2.527s] -- Up-to-date: /home/changye/Ros2_gazebo/ros2_ws2/install/controller_manager_msgs/include/controller_manager_msgs/controller_manager_msgs/msg/detail/controller_state__rosidl_typesupport_fastrtps_c.h
[2.527s] -- Up-to-date: /home/changye/Ros2_gazebo/ros2_ws2/install/controller_manager_msgs/include/controller_manager_msgs/controller_manager_msgs/msg/detail/chain_connection__rosidl_typesupport_fastrtps_c.h
[2.527s] -- Up-to-date: /home/changye/Ros2_gazebo/ros2_ws2/install/controller_manager_msgs/include/controller_manager_msgs/controller_manager_msgs/msg/detail/hardware_component_state__rosidl_typesupport_fastrtps_c.h
[2.527s] -- Up-to-date: /home/changye/Ros2_gazebo/ros2_ws2/install/controller_manager_msgs/include/controller_manager_msgs/controller_manager_msgs/msg/detail/hardware_interface__rosidl_typesupport_fastrtps_c.h
[2.527s] -- Up-to-date: /home/changye/Ros2_gazebo/ros2_ws2/install/controller_manager_msgs/include/controller_manager_msgs/controller_manager_msgs/msg/rosidl_typesupport_fastrtps_c__visibility_control.h
[2.527s] -- Up-to-date: /home/changye/Ros2_gazebo/ros2_ws2/install/controller_manager_msgs/lib/libcontroller_manager_msgs__rosidl_typesupport_fastrtps_c.so
[2.527s] -- Up-to-date: /home/changye/Ros2_gazebo/ros2_ws2/install/controller_manager_msgs/include/controller_manager_msgs/controller_manager_msgs
[2.527s] -- Up-to-date: /home/changye/Ros2_gazebo/ros2_ws2/install/controller_manager_msgs/include/controller_manager_msgs/controller_manager_msgs/srv
[2.527s] -- Up-to-date: /home/changye/Ros2_gazebo/ros2_ws2/install/controller_manager_msgs/include/controller_manager_msgs/controller_manager_msgs/srv/list_controllers.hpp
[2.527s] -- Up-to-date: /home/changye/Ros2_gazebo/ros2_ws2/install/controller_manager_msgs/include/controller_manager_msgs/controller_manager_msgs/srv/detail
[2.527s] -- Up-to-date: /home/changye/Ros2_gazebo/ros2_ws2/install/controller_manager_msgs/include/controller_manager_msgs/controller_manager_msgs/srv/detail/switch_controller__traits.hpp
[2.527s] -- Up-to-date: /home/changye/Ros2_gazebo/ros2_ws2/install/controller_manager_msgs/include/controller_manager_msgs/controller_manager_msgs/srv/detail/unload_controller__struct.hpp
[2.527s] -- Up-to-date: /home/changye/Ros2_gazebo/ros2_ws2/install/controller_manager_msgs/include/controller_manager_msgs/controller_manager_msgs/srv/detail/unload_controller__builder.hpp
[2.527s] -- Up-to-date: /home/changye/Ros2_gazebo/ros2_ws2/install/controller_manager_msgs/include/controller_manager_msgs/controller_manager_msgs/srv/detail/list_hardware_interfaces__traits.hpp
[2.527s] -- Up-to-date: /home/changye/Ros2_gazebo/ros2_ws2/install/controller_manager_msgs/include/controller_manager_msgs/controller_manager_msgs/srv/detail/configure_controller__builder.hpp
[2.527s] -- Up-to-date: /home/changye/Ros2_gazebo/ros2_ws2/install/controller_manager_msgs/include/controller_manager_msgs/controller_manager_msgs/srv/detail/list_controller_types__struct.hpp
[2.527s] -- Up-to-date: /home/changye/Ros2_gazebo/ros2_ws2/install/controller_manager_msgs/include/controller_manager_msgs/controller_manager_msgs/srv/detail/list_hardware_components__traits.hpp
[2.527s] -- Up-to-date: /home/changye/Ros2_gazebo/ros2_ws2/install/controller_manager_msgs/include/controller_manager_msgs/controller_manager_msgs/srv/detail/reload_controller_libraries__traits.hpp
[2.527s] -- Up-to-date: /home/changye/Ros2_gazebo/ros2_ws2/install/controller_manager_msgs/include/controller_manager_msgs/controller_manager_msgs/srv/detail/list_controllers__struct.hpp
[2.527s] -- Up-to-date: /home/changye/Ros2_gazebo/ros2_ws2/install/controller_manager_msgs/include/controller_manager_msgs/controller_manager_msgs/srv/detail/list_controllers__builder.hpp
[2.528s] -- Up-to-date: /home/changye/Ros2_gazebo/ros2_ws2/install/controller_manager_msgs/include/controller_manager_msgs/controller_manager_msgs/srv/detail/switch_controller__builder.hpp
[2.528s] -- Up-to-date: /home/changye/Ros2_gazebo/ros2_ws2/install/controller_manager_msgs/include/controller_manager_msgs/controller_manager_msgs/srv/detail/configure_controller__struct.hpp
[2.528s] -- Up-to-date: /home/changye/Ros2_gazebo/ros2_ws2/install/controller_manager_msgs/include/controller_manager_msgs/controller_manager_msgs/srv/detail/reload_controller_libraries__builder.hpp
[2.528s] -- Up-to-date: /home/changye/Ros2_gazebo/ros2_ws2/install/controller_manager_msgs/include/controller_manager_msgs/controller_manager_msgs/srv/detail/list_controller_types__builder.hpp
[2.528s] -- Up-to-date: /home/changye/Ros2_gazebo/ros2_ws2/install/controller_manager_msgs/include/controller_manager_msgs/controller_manager_msgs/srv/detail/list_hardware_interfaces__builder.hpp
[2.528s] -- Up-to-date: /home/changye/Ros2_gazebo/ros2_ws2/install/controller_manager_msgs/include/controller_manager_msgs/controller_manager_msgs/srv/detail/list_hardware_components__builder.hpp
[2.528s] -- Up-to-date: /home/changye/Ros2_gazebo/ros2_ws2/install/controller_manager_msgs/include/controller_manager_msgs/controller_manager_msgs/srv/detail/list_controllers__traits.hpp
[2.528s] -- Up-to-date: /home/changye/Ros2_gazebo/ros2_ws2/install/controller_manager_msgs/include/controller_manager_msgs/controller_manager_msgs/srv/detail/unload_controller__traits.hpp
[2.528s] -- Up-to-date: /home/changye/Ros2_gazebo/ros2_ws2/install/controller_manager_msgs/include/controller_manager_msgs/controller_manager_msgs/srv/detail/load_controller__builder.hpp
[2.528s] -- Up-to-date: /home/changye/Ros2_gazebo/ros2_ws2/install/controller_manager_msgs/include/controller_manager_msgs/controller_manager_msgs/srv/detail/set_hardware_component_state__struct.hpp
[2.528s] -- Up-to-date: /home/changye/Ros2_gazebo/ros2_ws2/install/controller_manager_msgs/include/controller_manager_msgs/controller_manager_msgs/srv/detail/switch_controller__struct.hpp
[2.528s] -- Up-to-date: /home/changye/Ros2_gazebo/ros2_ws2/install/controller_manager_msgs/include/controller_manager_msgs/controller_manager_msgs/srv/detail/configure_controller__traits.hpp
[2.528s] -- Up-to-date: /home/changye/Ros2_gazebo/ros2_ws2/install/controller_manager_msgs/include/controller_manager_msgs/controller_manager_msgs/srv/detail/set_hardware_component_state__traits.hpp
[2.528s] -- Up-to-date: /home/changye/Ros2_gazebo/ros2_ws2/install/controller_manager_msgs/include/controller_manager_msgs/controller_manager_msgs/srv/detail/list_hardware_interfaces__struct.hpp
[2.528s] -- Up-to-date: /home/changye/Ros2_gazebo/ros2_ws2/install/controller_manager_msgs/include/controller_manager_msgs/controller_manager_msgs/srv/detail/load_controller__traits.hpp
[2.528s] -- Up-to-date: /home/changye/Ros2_gazebo/ros2_ws2/install/controller_manager_msgs/include/controller_manager_msgs/controller_manager_msgs/srv/detail/list_controller_types__traits.hpp
[2.528s] -- Up-to-date: /home/changye/Ros2_gazebo/ros2_ws2/install/controller_manager_msgs/include/controller_manager_msgs/controller_manager_msgs/srv/detail/list_hardware_components__struct.hpp
[2.528s] -- Up-to-date: /home/changye/Ros2_gazebo/ros2_ws2/install/controller_manager_msgs/include/controller_manager_msgs/controller_manager_msgs/srv/detail/reload_controller_libraries__struct.hpp
[2.528s] -- Up-to-date: /home/changye/Ros2_gazebo/ros2_ws2/install/controller_manager_msgs/include/controller_manager_msgs/controller_manager_msgs/srv/detail/load_controller__struct.hpp
[2.528s] -- Up-to-date: /home/changye/Ros2_gazebo/ros2_ws2/install/controller_manager_msgs/include/controller_manager_msgs/controller_manager_msgs/srv/detail/set_hardware_component_state__builder.hpp
[2.528s] -- Up-to-date: /home/changye/Ros2_gazebo/ros2_ws2/install/controller_manager_msgs/include/controller_manager_msgs/controller_manager_msgs/srv/list_hardware_interfaces.hpp
[2.529s] -- Up-to-date: /home/changye/Ros2_gazebo/ros2_ws2/install/controller_manager_msgs/include/controller_manager_msgs/controller_manager_msgs/srv/set_hardware_component_state.hpp
[2.529s] -- Up-to-date: /home/changye/Ros2_gazebo/ros2_ws2/install/controller_manager_msgs/include/controller_manager_msgs/controller_manager_msgs/srv/list_hardware_components.hpp
[2.529s] -- Up-to-date: /home/changye/Ros2_gazebo/ros2_ws2/install/controller_manager_msgs/include/controller_manager_msgs/controller_manager_msgs/srv/switch_controller.hpp
[2.529s] -- Up-to-date: /home/changye/Ros2_gazebo/ros2_ws2/install/controller_manager_msgs/include/controller_manager_msgs/controller_manager_msgs/srv/configure_controller.hpp
[2.529s] -- Up-to-date: /home/changye/Ros2_gazebo/ros2_ws2/install/controller_manager_msgs/include/controller_manager_msgs/controller_manager_msgs/srv/load_controller.hpp
[2.529s] -- Up-to-date: /home/changye/Ros2_gazebo/ros2_ws2/install/controller_manager_msgs/include/controller_manager_msgs/controller_manager_msgs/srv/list_controller_types.hpp
[2.529s] -- Up-to-date: /home/changye/Ros2_gazebo/ros2_ws2/install/controller_manager_msgs/include/controller_manager_msgs/controller_manager_msgs/srv/unload_controller.hpp
[2.529s] -- Up-to-date: /home/changye/Ros2_gazebo/ros2_ws2/install/controller_manager_msgs/include/controller_manager_msgs/controller_manager_msgs/srv/reload_controller_libraries.hpp
[2.529s] -- Up-to-date: /home/changye/Ros2_gazebo/ros2_ws2/install/controller_manager_msgs/include/controller_manager_msgs/controller_manager_msgs/msg
[2.529s] -- Up-to-date: /home/changye/Ros2_gazebo/ros2_ws2/install/controller_manager_msgs/include/controller_manager_msgs/controller_manager_msgs/msg/detail
[2.529s] -- Up-to-date: /home/changye/Ros2_gazebo/ros2_ws2/install/controller_manager_msgs/include/controller_manager_msgs/controller_manager_msgs/msg/detail/controller_state__builder.hpp
[2.529s] -- Up-to-date: /home/changye/Ros2_gazebo/ros2_ws2/install/controller_manager_msgs/include/controller_manager_msgs/controller_manager_msgs/msg/detail/hardware_component_state__traits.hpp
[2.529s] -- Up-to-date: /home/changye/Ros2_gazebo/ros2_ws2/install/controller_manager_msgs/include/controller_manager_msgs/controller_manager_msgs/msg/detail/chain_connection__builder.hpp
[2.529s] -- Up-to-date: /home/changye/Ros2_gazebo/ros2_ws2/install/controller_manager_msgs/include/controller_manager_msgs/controller_manager_msgs/msg/detail/chain_connection__traits.hpp
[2.529s] -- Up-to-date: /home/changye/Ros2_gazebo/ros2_ws2/install/controller_manager_msgs/include/controller_manager_msgs/controller_manager_msgs/msg/detail/chain_connection__struct.hpp
[2.529s] -- Up-to-date: /home/changye/Ros2_gazebo/ros2_ws2/install/controller_manager_msgs/include/controller_manager_msgs/controller_manager_msgs/msg/detail/hardware_interface__builder.hpp
[2.529s] -- Up-to-date: /home/changye/Ros2_gazebo/ros2_ws2/install/controller_manager_msgs/include/controller_manager_msgs/controller_manager_msgs/msg/detail/hardware_component_state__struct.hpp
[2.529s] -- Up-to-date: /home/changye/Ros2_gazebo/ros2_ws2/install/controller_manager_msgs/include/controller_manager_msgs/controller_manager_msgs/msg/detail/hardware_interface__traits.hpp
[2.530s] -- Up-to-date: /home/changye/Ros2_gazebo/ros2_ws2/install/controller_manager_msgs/include/controller_manager_msgs/controller_manager_msgs/msg/detail/hardware_interface__struct.hpp
[2.530s] -- Up-to-date: /home/changye/Ros2_gazebo/ros2_ws2/install/controller_manager_msgs/include/controller_manager_msgs/controller_manager_msgs/msg/detail/hardware_component_state__builder.hpp
[2.530s] -- Up-to-date: /home/changye/Ros2_gazebo/ros2_ws2/install/controller_manager_msgs/include/controller_manager_msgs/controller_manager_msgs/msg/detail/controller_state__traits.hpp
[2.530s] -- Up-to-date: /home/changye/Ros2_gazebo/ros2_ws2/install/controller_manager_msgs/include/controller_manager_msgs/controller_manager_msgs/msg/detail/controller_state__struct.hpp
[2.530s] -- Up-to-date: /home/changye/Ros2_gazebo/ros2_ws2/install/controller_manager_msgs/include/controller_manager_msgs/controller_manager_msgs/msg/controller_state.hpp
[2.530s] -- Up-to-date: /home/changye/Ros2_gazebo/ros2_ws2/install/controller_manager_msgs/include/controller_manager_msgs/controller_manager_msgs/msg/chain_connection.hpp
[2.530s] -- Up-to-date: /home/changye/Ros2_gazebo/ros2_ws2/install/controller_manager_msgs/include/controller_manager_msgs/controller_manager_msgs/msg/hardware_component_state.hpp
[2.530s] -- Up-to-date: /home/changye/Ros2_gazebo/ros2_ws2/install/controller_manager_msgs/include/controller_manager_msgs/controller_manager_msgs/msg/hardware_interface.hpp
[2.530s] -- Up-to-date: /home/changye/Ros2_gazebo/ros2_ws2/install/controller_manager_msgs/include/controller_manager_msgs/controller_manager_msgs
[2.530s] -- Up-to-date: /home/changye/Ros2_gazebo/ros2_ws2/install/controller_manager_msgs/include/controller_manager_msgs/controller_manager_msgs/srv
[2.530s] -- Up-to-date: /home/changye/Ros2_gazebo/ros2_ws2/install/controller_manager_msgs/include/controller_manager_msgs/controller_manager_msgs/srv/detail
[2.530s] -- Up-to-date: /home/changye/Ros2_gazebo/ros2_ws2/install/controller_manager_msgs/include/controller_manager_msgs/controller_manager_msgs/srv/detail/unload_controller__rosidl_typesupport_fastrtps_cpp.hpp
[2.530s] -- Up-to-date: /home/changye/Ros2_gazebo/ros2_ws2/install/controller_manager_msgs/include/controller_manager_msgs/controller_manager_msgs/srv/detail/list_hardware_interfaces__rosidl_typesupport_fastrtps_cpp.hpp
[2.530s] -- Up-to-date: /home/changye/Ros2_gazebo/ros2_ws2/install/controller_manager_msgs/include/controller_manager_msgs/controller_manager_msgs/srv/detail/load_controller__rosidl_typesupport_fastrtps_cpp.hpp
[2.530s] -- Up-to-date: /home/changye/Ros2_gazebo/ros2_ws2/install/controller_manager_msgs/include/controller_manager_msgs/controller_manager_msgs/srv/detail/dds_fastrtps
[2.530s] -- Up-to-date: /home/changye/Ros2_gazebo/ros2_ws2/install/controller_manager_msgs/include/controller_manager_msgs/controller_manager_msgs/srv/detail/switch_controller__rosidl_typesupport_fastrtps_cpp.hpp
[2.530s] -- Up-to-date: /home/changye/Ros2_gazebo/ros2_ws2/install/controller_manager_msgs/include/controller_manager_msgs/controller_manager_msgs/srv/detail/configure_controller__rosidl_typesupport_fastrtps_cpp.hpp
[2.530s] -- Up-to-date: /home/changye/Ros2_gazebo/ros2_ws2/install/controller_manager_msgs/include/controller_manager_msgs/controller_manager_msgs/srv/detail/set_hardware_component_state__rosidl_typesupport_fastrtps_cpp.hpp
[2.531s] -- Up-to-date: /home/changye/Ros2_gazebo/ros2_ws2/install/controller_manager_msgs/include/controller_manager_msgs/controller_manager_msgs/srv/detail/reload_controller_libraries__rosidl_typesupport_fastrtps_cpp.hpp
[2.531s] -- Up-to-date: /home/changye/Ros2_gazebo/ros2_ws2/install/controller_manager_msgs/include/controller_manager_msgs/controller_manager_msgs/srv/detail/list_controller_types__rosidl_typesupport_fastrtps_cpp.hpp
[2.531s] -- Up-to-date: /home/changye/Ros2_gazebo/ros2_ws2/install/controller_manager_msgs/include/controller_manager_msgs/controller_manager_msgs/srv/detail/list_controllers__rosidl_typesupport_fastrtps_cpp.hpp
[2.531s] -- Up-to-date: /home/changye/Ros2_gazebo/ros2_ws2/install/controller_manager_msgs/include/controller_manager_msgs/controller_manager_msgs/srv/detail/list_hardware_components__rosidl_typesupport_fastrtps_cpp.hpp
[2.531s] -- Up-to-date: /home/changye/Ros2_gazebo/ros2_ws2/install/controller_manager_msgs/include/controller_manager_msgs/controller_manager_msgs/msg
[2.531s] -- Up-to-date: /home/changye/Ros2_gazebo/ros2_ws2/install/controller_manager_msgs/include/controller_manager_msgs/controller_manager_msgs/msg/detail
[2.531s] -- Up-to-date: /home/changye/Ros2_gazebo/ros2_ws2/install/controller_manager_msgs/include/controller_manager_msgs/controller_manager_msgs/msg/detail/hardware_interface__rosidl_typesupport_fastrtps_cpp.hpp
[2.531s] -- Up-to-date: /home/changye/Ros2_gazebo/ros2_ws2/install/controller_manager_msgs/include/controller_manager_msgs/controller_manager_msgs/msg/detail/dds_fastrtps
[2.531s] -- Up-to-date: /home/changye/Ros2_gazebo/ros2_ws2/install/controller_manager_msgs/include/controller_manager_msgs/controller_manager_msgs/msg/detail/chain_connection__rosidl_typesupport_fastrtps_cpp.hpp
[2.531s] -- Up-to-date: /home/changye/Ros2_gazebo/ros2_ws2/install/controller_manager_msgs/include/controller_manager_msgs/controller_manager_msgs/msg/detail/controller_state__rosidl_typesupport_fastrtps_cpp.hpp
[2.531s] -- Up-to-date: /home/changye/Ros2_gazebo/ros2_ws2/install/controller_manager_msgs/include/controller_manager_msgs/controller_manager_msgs/msg/detail/hardware_component_state__rosidl_typesupport_fastrtps_cpp.hpp
[2.531s] -- Up-to-date: /home/changye/Ros2_gazebo/ros2_ws2/install/controller_manager_msgs/include/controller_manager_msgs/controller_manager_msgs/msg/rosidl_typesupport_fastrtps_cpp__visibility_control.h
[2.531s] -- Up-to-date: /home/changye/Ros2_gazebo/ros2_ws2/install/controller_manager_msgs/lib/libcontroller_manager_msgs__rosidl_typesupport_fastrtps_cpp.so
[2.531s] -- Up-to-date: /home/changye/Ros2_gazebo/ros2_ws2/install/controller_manager_msgs/include/controller_manager_msgs/controller_manager_msgs
[2.531s] -- Up-to-date: /home/changye/Ros2_gazebo/ros2_ws2/install/controller_manager_msgs/include/controller_manager_msgs/controller_manager_msgs/srv
[2.531s] -- Up-to-date: /home/changye/Ros2_gazebo/ros2_ws2/install/controller_manager_msgs/include/controller_manager_msgs/controller_manager_msgs/srv/detail
[2.531s] -- Up-to-date: /home/changye/Ros2_gazebo/ros2_ws2/install/controller_manager_msgs/include/controller_manager_msgs/controller_manager_msgs/srv/detail/list_controller_types__rosidl_typesupport_introspection_c.h
[2.531s] -- Up-to-date: /home/changye/Ros2_gazebo/ros2_ws2/install/controller_manager_msgs/include/controller_manager_msgs/controller_manager_msgs/srv/detail/set_hardware_component_state__type_support.c
[2.531s] -- Up-to-date: /home/changye/Ros2_gazebo/ros2_ws2/install/controller_manager_msgs/include/controller_manager_msgs/controller_manager_msgs/srv/detail/load_controller__rosidl_typesupport_introspection_c.h
[2.531s] -- Up-to-date: /home/changye/Ros2_gazebo/ros2_ws2/install/controller_manager_msgs/include/controller_manager_msgs/controller_manager_msgs/srv/detail/reload_controller_libraries__rosidl_typesupport_introspection_c.h
[2.531s] -- Up-to-date: /home/changye/Ros2_gazebo/ros2_ws2/install/controller_manager_msgs/include/controller_manager_msgs/controller_manager_msgs/srv/detail/list_controller_types__type_support.c
[2.532s] -- Up-to-date: /home/changye/Ros2_gazebo/ros2_ws2/install/controller_manager_msgs/include/controller_manager_msgs/controller_manager_msgs/srv/detail/list_hardware_interfaces__rosidl_typesupport_introspection_c.h
[2.532s] -- Up-to-date: /home/changye/Ros2_gazebo/ros2_ws2/install/controller_manager_msgs/include/controller_manager_msgs/controller_manager_msgs/srv/detail/list_controllers__rosidl_typesupport_introspection_c.h
[2.532s] -- Up-to-date: /home/changye/Ros2_gazebo/ros2_ws2/install/controller_manager_msgs/include/controller_manager_msgs/controller_manager_msgs/srv/detail/set_hardware_component_state__rosidl_typesupport_introspection_c.h
[2.532s] -- Up-to-date: /home/changye/Ros2_gazebo/ros2_ws2/install/controller_manager_msgs/include/controller_manager_msgs/controller_manager_msgs/srv/detail/unload_controller__rosidl_typesupport_introspection_c.h
[2.532s] -- Up-to-date: /home/changye/Ros2_gazebo/ros2_ws2/install/controller_manager_msgs/include/controller_manager_msgs/controller_manager_msgs/srv/detail/reload_controller_libraries__type_support.c
[2.532s] -- Up-to-date: /home/changye/Ros2_gazebo/ros2_ws2/install/controller_manager_msgs/include/controller_manager_msgs/controller_manager_msgs/srv/detail/list_hardware_components__rosidl_typesupport_introspection_c.h
[2.532s] -- Up-to-date: /home/changye/Ros2_gazebo/ros2_ws2/install/controller_manager_msgs/include/controller_manager_msgs/controller_manager_msgs/srv/detail/configure_controller__type_support.c
[2.532s] -- Up-to-date: /home/changye/Ros2_gazebo/ros2_ws2/install/controller_manager_msgs/include/controller_manager_msgs/controller_manager_msgs/srv/detail/list_controllers__type_support.c
[2.532s] -- Up-to-date: /home/changye/Ros2_gazebo/ros2_ws2/install/controller_manager_msgs/include/controller_manager_msgs/controller_manager_msgs/srv/detail/list_hardware_interfaces__type_support.c
[2.532s] -- Up-to-date: /home/changye/Ros2_gazebo/ros2_ws2/install/controller_manager_msgs/include/controller_manager_msgs/controller_manager_msgs/srv/detail/load_controller__type_support.c
[2.532s] -- Up-to-date: /home/changye/Ros2_gazebo/ros2_ws2/install/controller_manager_msgs/include/controller_manager_msgs/controller_manager_msgs/srv/detail/configure_controller__rosidl_typesupport_introspection_c.h
[2.532s] -- Up-to-date: /home/changye/Ros2_gazebo/ros2_ws2/install/controller_manager_msgs/include/controller_manager_msgs/controller_manager_msgs/srv/detail/switch_controller__rosidl_typesupport_introspection_c.h
[2.532s] -- Up-to-date: /home/changye/Ros2_gazebo/ros2_ws2/install/controller_manager_msgs/include/controller_manager_msgs/controller_manager_msgs/srv/detail/list_hardware_components__type_support.c
[2.532s] -- Up-to-date: /home/changye/Ros2_gazebo/ros2_ws2/install/controller_manager_msgs/include/controller_manager_msgs/controller_manager_msgs/srv/detail/switch_controller__type_support.c
[2.532s] -- Up-to-date: /home/changye/Ros2_gazebo/ros2_ws2/install/controller_manager_msgs/include/controller_manager_msgs/controller_manager_msgs/srv/detail/unload_controller__type_support.c
[2.532s] -- Up-to-date: /home/changye/Ros2_gazebo/ros2_ws2/install/controller_manager_msgs/include/controller_manager_msgs/controller_manager_msgs/msg
[2.532s] -- Up-to-date: /home/changye/Ros2_gazebo/ros2_ws2/install/controller_manager_msgs/include/controller_manager_msgs/controller_manager_msgs/msg/detail
[2.533s] -- Up-to-date: /home/changye/Ros2_gazebo/ros2_ws2/install/controller_manager_msgs/include/controller_manager_msgs/controller_manager_msgs/msg/detail/chain_connection__type_support.c
[2.533s] -- Up-to-date: /home/changye/Ros2_gazebo/ros2_ws2/install/controller_manager_msgs/include/controller_manager_msgs/controller_manager_msgs/msg/detail/chain_connection__rosidl_typesupport_introspection_c.h
[2.533s] -- Up-to-date: /home/changye/Ros2_gazebo/ros2_ws2/install/controller_manager_msgs/include/controller_manager_msgs/controller_manager_msgs/msg/detail/hardware_component_state__type_support.c
[2.533s] -- Up-to-date: /home/changye/Ros2_gazebo/ros2_ws2/install/controller_manager_msgs/include/controller_manager_msgs/controller_manager_msgs/msg/detail/controller_state__rosidl_typesupport_introspection_c.h
[2.533s] -- Up-to-date: /home/changye/Ros2_gazebo/ros2_ws2/install/controller_manager_msgs/include/controller_manager_msgs/controller_manager_msgs/msg/detail/controller_state__type_support.c
[2.533s] -- Up-to-date: /home/changye/Ros2_gazebo/ros2_ws2/install/controller_manager_msgs/include/controller_manager_msgs/controller_manager_msgs/msg/detail/hardware_component_state__rosidl_typesupport_introspection_c.h
[2.533s] -- Up-to-date: /home/changye/Ros2_gazebo/ros2_ws2/install/controller_manager_msgs/include/controller_manager_msgs/controller_manager_msgs/msg/detail/hardware_interface__type_support.c
[2.533s] -- Up-to-date: /home/changye/Ros2_gazebo/ros2_ws2/install/controller_manager_msgs/include/controller_manager_msgs/controller_manager_msgs/msg/detail/hardware_interface__rosidl_typesupport_introspection_c.h
[2.533s] -- Up-to-date: /home/changye/Ros2_gazebo/ros2_ws2/install/controller_manager_msgs/include/controller_manager_msgs/controller_manager_msgs/msg/rosidl_typesupport_introspection_c__visibility_control.h
[2.533s] -- Up-to-date: /home/changye/Ros2_gazebo/ros2_ws2/install/controller_manager_msgs/lib/libcontroller_manager_msgs__rosidl_typesupport_introspection_c.so
[2.533s] -- Up-to-date: /home/changye/Ros2_gazebo/ros2_ws2/install/controller_manager_msgs/lib/libcontroller_manager_msgs__rosidl_typesupport_c.so
[2.533s] -- Up-to-date: /home/changye/Ros2_gazebo/ros2_ws2/install/controller_manager_msgs/include/controller_manager_msgs/controller_manager_msgs
[2.533s] -- Up-to-date: /home/changye/Ros2_gazebo/ros2_ws2/install/controller_manager_msgs/include/controller_manager_msgs/controller_manager_msgs/srv
[2.533s] -- Up-to-date: /home/changye/Ros2_gazebo/ros2_ws2/install/controller_manager_msgs/include/controller_manager_msgs/controller_manager_msgs/srv/detail
[2.533s] -- Up-to-date: /home/changye/Ros2_gazebo/ros2_ws2/install/controller_manager_msgs/include/controller_manager_msgs/controller_manager_msgs/srv/detail/switch_controller__rosidl_typesupport_introspection_cpp.hpp
[2.533s] -- Up-to-date: /home/changye/Ros2_gazebo/ros2_ws2/install/controller_manager_msgs/include/controller_manager_msgs/controller_manager_msgs/srv/detail/reload_controller_libraries__type_support.cpp
[2.533s] -- Up-to-date: /home/changye/Ros2_gazebo/ros2_ws2/install/controller_manager_msgs/include/controller_manager_msgs/controller_manager_msgs/srv/detail/switch_controller__type_support.cpp
[2.533s] -- Up-to-date: /home/changye/Ros2_gazebo/ros2_ws2/install/controller_manager_msgs/include/controller_manager_msgs/controller_manager_msgs/srv/detail/unload_controller__type_support.cpp
[2.533s] -- Up-to-date: /home/changye/Ros2_gazebo/ros2_ws2/install/controller_manager_msgs/include/controller_manager_msgs/controller_manager_msgs/srv/detail/configure_controller__rosidl_typesupport_introspection_cpp.hpp
[2.534s] -- Up-to-date: /home/changye/Ros2_gazebo/ros2_ws2/install/controller_manager_msgs/include/controller_manager_msgs/controller_manager_msgs/srv/detail/load_controller__rosidl_typesupport_introspection_cpp.hpp
[2.534s] -- Up-to-date: /home/changye/Ros2_gazebo/ros2_ws2/install/controller_manager_msgs/include/controller_manager_msgs/controller_manager_msgs/srv/detail/list_controllers__type_support.cpp
[2.534s] -- Up-to-date: /home/changye/Ros2_gazebo/ros2_ws2/install/controller_manager_msgs/include/controller_manager_msgs/controller_manager_msgs/srv/detail/set_hardware_component_state__rosidl_typesupport_introspection_cpp.hpp
[2.534s] -- Up-to-date: /home/changye/Ros2_gazebo/ros2_ws2/install/controller_manager_msgs/include/controller_manager_msgs/controller_manager_msgs/srv/detail/set_hardware_component_state__type_support.cpp
[2.534s] -- Up-to-date: /home/changye/Ros2_gazebo/ros2_ws2/install/controller_manager_msgs/include/controller_manager_msgs/controller_manager_msgs/srv/detail/list_hardware_components__type_support.cpp
[2.534s] -- Up-to-date: /home/changye/Ros2_gazebo/ros2_ws2/install/controller_manager_msgs/include/controller_manager_msgs/controller_manager_msgs/srv/detail/list_hardware_components__rosidl_typesupport_introspection_cpp.hpp
[2.534s] -- Up-to-date: /home/changye/Ros2_gazebo/ros2_ws2/install/controller_manager_msgs/include/controller_manager_msgs/controller_manager_msgs/srv/detail/list_controller_types__type_support.cpp
[2.534s] -- Up-to-date: /home/changye/Ros2_gazebo/ros2_ws2/install/controller_manager_msgs/include/controller_manager_msgs/controller_manager_msgs/srv/detail/list_hardware_interfaces__rosidl_typesupport_introspection_cpp.hpp
[2.534s] -- Up-to-date: /home/changye/Ros2_gazebo/ros2_ws2/install/controller_manager_msgs/include/controller_manager_msgs/controller_manager_msgs/srv/detail/list_controllers__rosidl_typesupport_introspection_cpp.hpp
[2.534s] -- Up-to-date: /home/changye/Ros2_gazebo/ros2_ws2/install/controller_manager_msgs/include/controller_manager_msgs/controller_manager_msgs/srv/detail/reload_controller_libraries__rosidl_typesupport_introspection_cpp.hpp
[2.534s] -- Up-to-date: /home/changye/Ros2_gazebo/ros2_ws2/install/controller_manager_msgs/include/controller_manager_msgs/controller_manager_msgs/srv/detail/list_controller_types__rosidl_typesupport_introspection_cpp.hpp
[2.534s] -- Up-to-date: /home/changye/Ros2_gazebo/ros2_ws2/install/controller_manager_msgs/include/controller_manager_msgs/controller_manager_msgs/srv/detail/configure_controller__type_support.cpp
[2.534s] -- Up-to-date: /home/changye/Ros2_gazebo/ros2_ws2/install/controller_manager_msgs/include/controller_manager_msgs/controller_manager_msgs/srv/detail/list_hardware_interfaces__type_support.cpp
[2.534s] -- Up-to-date: /home/changye/Ros2_gazebo/ros2_ws2/install/controller_manager_msgs/include/controller_manager_msgs/controller_manager_msgs/srv/detail/load_controller__type_support.cpp
[2.534s] -- Up-to-date: /home/changye/Ros2_gazebo/ros2_ws2/install/controller_manager_msgs/include/controller_manager_msgs/controller_manager_msgs/srv/detail/unload_controller__rosidl_typesupport_introspection_cpp.hpp
[2.534s] -- Up-to-date: /home/changye/Ros2_gazebo/ros2_ws2/install/controller_manager_msgs/include/controller_manager_msgs/controller_manager_msgs/msg
[2.534s] -- Up-to-date: /home/changye/Ros2_gazebo/ros2_ws2/install/controller_manager_msgs/include/controller_manager_msgs/controller_manager_msgs/msg/detail
[2.534s] -- Up-to-date: /home/changye/Ros2_gazebo/ros2_ws2/install/controller_manager_msgs/include/controller_manager_msgs/controller_manager_msgs/msg/detail/hardware_component_state__type_support.cpp
[2.534s] -- Up-to-date: /home/changye/Ros2_gazebo/ros2_ws2/install/controller_manager_msgs/include/controller_manager_msgs/controller_manager_msgs/msg/detail/hardware_interface__rosidl_typesupport_introspection_cpp.hpp
[2.534s] -- Up-to-date: /home/changye/Ros2_gazebo/ros2_ws2/install/controller_manager_msgs/include/controller_manager_msgs/controller_manager_msgs/msg/detail/controller_state__rosidl_typesupport_introspection_cpp.hpp
[2.534s] -- Up-to-date: /home/changye/Ros2_gazebo/ros2_ws2/install/controller_manager_msgs/include/controller_manager_msgs/controller_manager_msgs/msg/detail/hardware_component_state__rosidl_typesupport_introspection_cpp.hpp
[2.535s] -- Up-to-date: /home/changye/Ros2_gazebo/ros2_ws2/install/controller_manager_msgs/include/controller_manager_msgs/controller_manager_msgs/msg/detail/chain_connection__rosidl_typesupport_introspection_cpp.hpp
[2.535s] -- Up-to-date: /home/changye/Ros2_gazebo/ros2_ws2/install/controller_manager_msgs/include/controller_manager_msgs/controller_manager_msgs/msg/detail/chain_connection__type_support.cpp
[2.535s] -- Up-to-date: /home/changye/Ros2_gazebo/ros2_ws2/install/controller_manager_msgs/include/controller_manager_msgs/controller_manager_msgs/msg/detail/hardware_interface__type_support.cpp
[2.535s] -- Up-to-date: /home/changye/Ros2_gazebo/ros2_ws2/install/controller_manager_msgs/include/controller_manager_msgs/controller_manager_msgs/msg/detail/controller_state__type_support.cpp
[2.535s] -- Up-to-date: /home/changye/Ros2_gazebo/ros2_ws2/install/controller_manager_msgs/lib/libcontroller_manager_msgs__rosidl_typesupport_introspection_cpp.so
[2.535s] -- Up-to-date: /home/changye/Ros2_gazebo/ros2_ws2/install/controller_manager_msgs/lib/libcontroller_manager_msgs__rosidl_typesupport_cpp.so
[2.535s] -- Up-to-date: /home/changye/Ros2_gazebo/ros2_ws2/install/controller_manager_msgs/share/controller_manager_msgs/environment/pythonpath.sh
[2.535s] -- Up-to-date: /home/changye/Ros2_gazebo/ros2_ws2/install/controller_manager_msgs/share/controller_manager_msgs/environment/pythonpath.dsv
[2.535s] -- Up-to-date: /home/changye/Ros2_gazebo/ros2_ws2/install/controller_manager_msgs/local/lib/python3.10/dist-packages/controller_manager_msgs-2.36.0-py3.10.egg-info
[2.535s] -- Installing: /home/changye/Ros2_gazebo/ros2_ws2/install/controller_manager_msgs/local/lib/python3.10/dist-packages/controller_manager_msgs-2.36.0-py3.10.egg-info/PKG-INFO
[2.535s] -- Installing: /home/changye/Ros2_gazebo/ros2_ws2/install/controller_manager_msgs/local/lib/python3.10/dist-packages/controller_manager_msgs-2.36.0-py3.10.egg-info/SOURCES.txt
[2.535s] -- Installing: /home/changye/Ros2_gazebo/ros2_ws2/install/controller_manager_msgs/local/lib/python3.10/dist-packages/controller_manager_msgs-2.36.0-py3.10.egg-info/dependency_links.txt
[2.535s] -- Installing: /home/changye/Ros2_gazebo/ros2_ws2/install/controller_manager_msgs/local/lib/python3.10/dist-packages/controller_manager_msgs-2.36.0-py3.10.egg-info/top_level.txt
[2.535s] -- Up-to-date: /home/changye/Ros2_gazebo/ros2_ws2/install/controller_manager_msgs/local/lib/python3.10/dist-packages/controller_manager_msgs
[2.535s] -- Up-to-date: /home/changye/Ros2_gazebo/ros2_ws2/install/controller_manager_msgs/local/lib/python3.10/dist-packages/controller_manager_msgs/_controller_manager_msgs_s.ep.rosidl_typesupport_introspection_c.c
[2.535s] -- Up-to-date: /home/changye/Ros2_gazebo/ros2_ws2/install/controller_manager_msgs/local/lib/python3.10/dist-packages/controller_manager_msgs/controller_manager_msgs_s__rosidl_typesupport_introspection_c.cpython-310-x86_64-linux-gnu.so
[2.535s] -- Up-to-date: /home/changye/Ros2_gazebo/ros2_ws2/install/controller_manager_msgs/local/lib/python3.10/dist-packages/controller_manager_msgs/srv
[2.536s] -- Up-to-date: /home/changye/Ros2_gazebo/ros2_ws2/install/controller_manager_msgs/local/lib/python3.10/dist-packages/controller_manager_msgs/srv/_set_hardware_component_state.py
[2.536s] -- Up-to-date: /home/changye/Ros2_gazebo/ros2_ws2/install/controller_manager_msgs/local/lib/python3.10/dist-packages/controller_manager_msgs/srv/_list_controllers_s.c
[2.536s] -- Up-to-date: /home/changye/Ros2_gazebo/ros2_ws2/install/controller_manager_msgs/local/lib/python3.10/dist-packages/controller_manager_msgs/srv/_set_hardware_component_state_s.c
[2.536s] -- Up-to-date: /home/changye/Ros2_gazebo/ros2_ws2/install/controller_manager_msgs/local/lib/python3.10/dist-packages/controller_manager_msgs/srv/_switch_controller_s.c
[2.536s] -- Up-to-date: /home/changye/Ros2_gazebo/ros2_ws2/install/controller_manager_msgs/local/lib/python3.10/dist-packages/controller_manager_msgs/srv/_list_hardware_interfaces_s.c
[2.536s] -- Up-to-date: /home/changye/Ros2_gazebo/ros2_ws2/install/controller_manager_msgs/local/lib/python3.10/dist-packages/controller_manager_msgs/srv/_reload_controller_libraries_s.c
[2.536s] -- Up-to-date: /home/changye/Ros2_gazebo/ros2_ws2/install/controller_manager_msgs/local/lib/python3.10/dist-packages/controller_manager_msgs/srv/_configure_controller.py
[2.536s] -- Up-to-date: /home/changye/Ros2_gazebo/ros2_ws2/install/controller_manager_msgs/local/lib/python3.10/dist-packages/controller_manager_msgs/srv/_list_controllers.py
[2.536s] -- Up-to-date: /home/changye/Ros2_gazebo/ros2_ws2/install/controller_manager_msgs/local/lib/python3.10/dist-packages/controller_manager_msgs/srv/_list_hardware_components_s.c
[2.536s] -- Up-to-date: /home/changye/Ros2_gazebo/ros2_ws2/install/controller_manager_msgs/local/lib/python3.10/dist-packages/controller_manager_msgs/srv/__init__.py
[2.536s] -- Up-to-date: /home/changye/Ros2_gazebo/ros2_ws2/install/controller_manager_msgs/local/lib/python3.10/dist-packages/controller_manager_msgs/srv/_list_controller_types_s.c
[2.536s] -- Up-to-date: /home/changye/Ros2_gazebo/ros2_ws2/install/controller_manager_msgs/local/lib/python3.10/dist-packages/controller_manager_msgs/srv/_configure_controller_s.c
[2.536s] -- Up-to-date: /home/changye/Ros2_gazebo/ros2_ws2/install/controller_manager_msgs/local/lib/python3.10/dist-packages/controller_manager_msgs/srv/_list_hardware_interfaces.py
[2.536s] -- Up-to-date: /home/changye/Ros2_gazebo/ros2_ws2/install/controller_manager_msgs/local/lib/python3.10/dist-packages/controller_manager_msgs/srv/_list_hardware_components.py
[2.536s] -- Up-to-date: /home/changye/Ros2_gazebo/ros2_ws2/install/controller_manager_msgs/local/lib/python3.10/dist-packages/controller_manager_msgs/srv/_reload_controller_libraries.py
[2.536s] -- Up-to-date: /home/changye/Ros2_gazebo/ros2_ws2/install/controller_manager_msgs/local/lib/python3.10/dist-packages/controller_manager_msgs/srv/_load_controller_s.c
[2.536s] -- Up-to-date: /home/changye/Ros2_gazebo/ros2_ws2/install/controller_manager_msgs/local/lib/python3.10/dist-packages/controller_manager_msgs/srv/_list_controller_types.py
[2.536s] -- Up-to-date: /home/changye/Ros2_gazebo/ros2_ws2/install/controller_manager_msgs/local/lib/python3.10/dist-packages/controller_manager_msgs/srv/_switch_controller.py
[2.536s] -- Up-to-date: /home/changye/Ros2_gazebo/ros2_ws2/install/controller_manager_msgs/local/lib/python3.10/dist-packages/controller_manager_msgs/srv/_load_controller.py
[2.536s] -- Up-to-date: /home/changye/Ros2_gazebo/ros2_ws2/install/controller_manager_msgs/local/lib/python3.10/dist-packages/controller_manager_msgs/srv/_unload_controller_s.c
[2.537s] -- Up-to-date: /home/changye/Ros2_gazebo/ros2_ws2/install/controller_manager_msgs/local/lib/python3.10/dist-packages/controller_manager_msgs/srv/_unload_controller.py
[2.537s] -- Up-to-date: /home/changye/Ros2_gazebo/ros2_ws2/install/controller_manager_msgs/local/lib/python3.10/dist-packages/controller_manager_msgs/_controller_manager_msgs_s.ep.rosidl_typesupport_c.c
[2.537s] -- Up-to-date: /home/changye/Ros2_gazebo/ros2_ws2/install/controller_manager_msgs/local/lib/python3.10/dist-packages/controller_manager_msgs/__init__.py
[2.537s] -- Up-to-date: /home/changye/Ros2_gazebo/ros2_ws2/install/controller_manager_msgs/local/lib/python3.10/dist-packages/controller_manager_msgs/_controller_manager_msgs_s.ep.rosidl_typesupport_fastrtps_c.c
[2.537s] -- Up-to-date: /home/changye/Ros2_gazebo/ros2_ws2/install/controller_manager_msgs/local/lib/python3.10/dist-packages/controller_manager_msgs/controller_manager_msgs_s__rosidl_typesupport_c.cpython-310-x86_64-linux-gnu.so
[2.537s] -- Up-to-date: /home/changye/Ros2_gazebo/ros2_ws2/install/controller_manager_msgs/local/lib/python3.10/dist-packages/controller_manager_msgs/controller_manager_msgs_s__rosidl_typesupport_fastrtps_c.cpython-310-x86_64-linux-gnu.so
[2.537s] -- Up-to-date: /home/changye/Ros2_gazebo/ros2_ws2/install/controller_manager_msgs/local/lib/python3.10/dist-packages/controller_manager_msgs/msg
[2.537s] -- Up-to-date: /home/changye/Ros2_gazebo/ros2_ws2/install/controller_manager_msgs/local/lib/python3.10/dist-packages/controller_manager_msgs/msg/_chain_connection.py
[2.537s] -- Up-to-date: /home/changye/Ros2_gazebo/ros2_ws2/install/controller_manager_msgs/local/lib/python3.10/dist-packages/controller_manager_msgs/msg/_hardware_interface_s.c
[2.537s] -- Up-to-date: /home/changye/Ros2_gazebo/ros2_ws2/install/controller_manager_msgs/local/lib/python3.10/dist-packages/controller_manager_msgs/msg/__init__.py
[2.537s] -- Up-to-date: /home/changye/Ros2_gazebo/ros2_ws2/install/controller_manager_msgs/local/lib/python3.10/dist-packages/controller_manager_msgs/msg/_chain_connection_s.c
[2.537s] -- Up-to-date: /home/changye/Ros2_gazebo/ros2_ws2/install/controller_manager_msgs/local/lib/python3.10/dist-packages/controller_manager_msgs/msg/_controller_state_s.c
[2.537s] -- Up-to-date: /home/changye/Ros2_gazebo/ros2_ws2/install/controller_manager_msgs/local/lib/python3.10/dist-packages/controller_manager_msgs/msg/_hardware_interface.py
[2.537s] -- Up-to-date: /home/changye/Ros2_gazebo/ros2_ws2/install/controller_manager_msgs/local/lib/python3.10/dist-packages/controller_manager_msgs/msg/_hardware_component_state.py
[2.537s] -- Up-to-date: /home/changye/Ros2_gazebo/ros2_ws2/install/controller_manager_msgs/local/lib/python3.10/dist-packages/controller_manager_msgs/msg/_hardware_component_state_s.c
[2.537s] -- Up-to-date: /home/changye/Ros2_gazebo/ros2_ws2/install/controller_manager_msgs/local/lib/python3.10/dist-packages/controller_manager_msgs/msg/_controller_state.py
[2.537s] -- Up-to-date: /home/changye/Ros2_gazebo/ros2_ws2/install/controller_manager_msgs/local/lib/python3.10/dist-packages/controller_manager_msgs/libcontroller_manager_msgs__rosidl_generator_py.so
[2.647s] Listing '/home/changye/Ros2_gazebo/ros2_ws2/install/controller_manager_msgs/local/lib/python3.10/dist-packages/controller_manager_msgs'...
[2.647s] Listing '/home/changye/Ros2_gazebo/ros2_ws2/install/controller_manager_msgs/local/lib/python3.10/dist-packages/controller_manager_msgs/msg'...
[2.647s] Listing '/home/changye/Ros2_gazebo/ros2_ws2/install/controller_manager_msgs/local/lib/python3.10/dist-packages/controller_manager_msgs/srv'...
[2.650s] -- Up-to-date: /home/changye/Ros2_gazebo/ros2_ws2/install/controller_manager_msgs/local/lib/python3.10/dist-packages/controller_manager_msgs/controller_manager_msgs_s__rosidl_typesupport_fastrtps_c.cpython-310-x86_64-linux-gnu.so
[2.650s] -- Up-to-date: /home/changye/Ros2_gazebo/ros2_ws2/install/controller_manager_msgs/local/lib/python3.10/dist-packages/controller_manager_msgs/controller_manager_msgs_s__rosidl_typesupport_introspection_c.cpython-310-x86_64-linux-gnu.so
[2.651s] -- Up-to-date: /home/changye/Ros2_gazebo/ros2_ws2/install/controller_manager_msgs/local/lib/python3.10/dist-packages/controller_manager_msgs/controller_manager_msgs_s__rosidl_typesupport_c.cpython-310-x86_64-linux-gnu.so
[2.651s] -- Up-to-date: /home/changye/Ros2_gazebo/ros2_ws2/install/controller_manager_msgs/lib/libcontroller_manager_msgs__rosidl_generator_py.so
[2.651s] -- Up-to-date: /home/changye/Ros2_gazebo/ros2_ws2/install/controller_manager_msgs/share/controller_manager_msgs/msg/ControllerState.idl
[2.651s] -- Up-to-date: /home/changye/Ros2_gazebo/ros2_ws2/install/controller_manager_msgs/share/controller_manager_msgs/msg/ChainConnection.idl
[2.651s] -- Up-to-date: /home/changye/Ros2_gazebo/ros2_ws2/install/controller_manager_msgs/share/controller_manager_msgs/msg/HardwareComponentState.idl
[2.651s] -- Up-to-date: /home/changye/Ros2_gazebo/ros2_ws2/install/controller_manager_msgs/share/controller_manager_msgs/msg/HardwareInterface.idl
[2.651s] -- Up-to-date: /home/changye/Ros2_gazebo/ros2_ws2/install/controller_manager_msgs/share/controller_manager_msgs/srv/ConfigureController.idl
[2.651s] -- Up-to-date: /home/changye/Ros2_gazebo/ros2_ws2/install/controller_manager_msgs/share/controller_manager_msgs/srv/ListControllers.idl
[2.651s] -- Up-to-date: /home/changye/Ros2_gazebo/ros2_ws2/install/controller_manager_msgs/share/controller_manager_msgs/srv/ListControllerTypes.idl
[2.652s] -- Up-to-date: /home/changye/Ros2_gazebo/ros2_ws2/install/controller_manager_msgs/share/controller_manager_msgs/srv/ListHardwareComponents.idl
[2.652s] -- Up-to-date: /home/changye/Ros2_gazebo/ros2_ws2/install/controller_manager_msgs/share/controller_manager_msgs/srv/ListHardwareInterfaces.idl
[2.652s] -- Up-to-date: /home/changye/Ros2_gazebo/ros2_ws2/install/controller_manager_msgs/share/controller_manager_msgs/srv/LoadController.idl
[2.652s] -- Up-to-date: /home/changye/Ros2_gazebo/ros2_ws2/install/controller_manager_msgs/share/controller_manager_msgs/srv/ReloadControllerLibraries.idl
[2.652s] -- Up-to-date: /home/changye/Ros2_gazebo/ros2_ws2/install/controller_manager_msgs/share/controller_manager_msgs/srv/SetHardwareComponentState.idl
[2.652s] -- Up-to-date: /home/changye/Ros2_gazebo/ros2_ws2/install/controller_manager_msgs/share/controller_manager_msgs/srv/SwitchController.idl
[2.652s] -- Up-to-date: /home/changye/Ros2_gazebo/ros2_ws2/install/controller_manager_msgs/share/controller_manager_msgs/srv/UnloadController.idl
[2.652s] -- Up-to-date: /home/changye/Ros2_gazebo/ros2_ws2/install/controller_manager_msgs/share/controller_manager_msgs/msg/ControllerState.msg
[2.652s] -- Up-to-date: /home/changye/Ros2_gazebo/ros2_ws2/install/controller_manager_msgs/share/controller_manager_msgs/msg/ChainConnection.msg
[2.652s] -- Up-to-date: /home/changye/Ros2_gazebo/ros2_ws2/install/controller_manager_msgs/share/controller_manager_msgs/msg/HardwareComponentState.msg
[2.652s] -- Up-to-date: /home/changye/Ros2_gazebo/ros2_ws2/install/controller_manager_msgs/share/controller_manager_msgs/msg/HardwareInterface.msg
[2.652s] -- Up-to-date: /home/changye/Ros2_gazebo/ros2_ws2/install/controller_manager_msgs/share/controller_manager_msgs/srv/ConfigureController.srv
[2.652s] -- Up-to-date: /home/changye/Ros2_gazebo/ros2_ws2/install/controller_manager_msgs/share/controller_manager_msgs/srv/ConfigureController_Request.msg
[2.652s] -- Up-to-date: /home/changye/Ros2_gazebo/ros2_ws2/install/controller_manager_msgs/share/controller_manager_msgs/srv/ConfigureController_Response.msg
[2.652s] -- Up-to-date: /home/changye/Ros2_gazebo/ros2_ws2/install/controller_manager_msgs/share/controller_manager_msgs/srv/ListControllers.srv
[2.653s] -- Up-to-date: /home/changye/Ros2_gazebo/ros2_ws2/install/controller_manager_msgs/share/controller_manager_msgs/srv/ListControllers_Request.msg
[2.653s] -- Up-to-date: /home/changye/Ros2_gazebo/ros2_ws2/install/controller_manager_msgs/share/controller_manager_msgs/srv/ListControllers_Response.msg
[2.653s] -- Up-to-date: /home/changye/Ros2_gazebo/ros2_ws2/install/controller_manager_msgs/share/controller_manager_msgs/srv/ListControllerTypes.srv
[2.653s] -- Up-to-date: /home/changye/Ros2_gazebo/ros2_ws2/install/controller_manager_msgs/share/controller_manager_msgs/srv/ListControllerTypes_Request.msg
[2.653s] -- Up-to-date: /home/changye/Ros2_gazebo/ros2_ws2/install/controller_manager_msgs/share/controller_manager_msgs/srv/ListControllerTypes_Response.msg
[2.653s] -- Up-to-date: /home/changye/Ros2_gazebo/ros2_ws2/install/controller_manager_msgs/share/controller_manager_msgs/srv/ListHardwareComponents.srv
[2.653s] -- Up-to-date: /home/changye/Ros2_gazebo/ros2_ws2/install/controller_manager_msgs/share/controller_manager_msgs/srv/ListHardwareComponents_Request.msg
[2.653s] -- Up-to-date: /home/changye/Ros2_gazebo/ros2_ws2/install/controller_manager_msgs/share/controller_manager_msgs/srv/ListHardwareComponents_Response.msg
[2.653s] -- Up-to-date: /home/changye/Ros2_gazebo/ros2_ws2/install/controller_manager_msgs/share/controller_manager_msgs/srv/ListHardwareInterfaces.srv
[2.653s] -- Up-to-date: /home/changye/Ros2_gazebo/ros2_ws2/install/controller_manager_msgs/share/controller_manager_msgs/srv/ListHardwareInterfaces_Request.msg
[2.653s] -- Up-to-date: /home/changye/Ros2_gazebo/ros2_ws2/install/controller_manager_msgs/share/controller_manager_msgs/srv/ListHardwareInterfaces_Response.msg
[2.653s] -- Up-to-date: /home/changye/Ros2_gazebo/ros2_ws2/install/controller_manager_msgs/share/controller_manager_msgs/srv/LoadController.srv
[2.653s] -- Up-to-date: /home/changye/Ros2_gazebo/ros2_ws2/install/controller_manager_msgs/share/controller_manager_msgs/srv/LoadController_Request.msg
[2.653s] -- Up-to-date: /home/changye/Ros2_gazebo/ros2_ws2/install/controller_manager_msgs/share/controller_manager_msgs/srv/LoadController_Response.msg
[2.653s] -- Up-to-date: /home/changye/Ros2_gazebo/ros2_ws2/install/controller_manager_msgs/share/controller_manager_msgs/srv/ReloadControllerLibraries.srv
[2.654s] -- Up-to-date: /home/changye/Ros2_gazebo/ros2_ws2/install/controller_manager_msgs/share/controller_manager_msgs/srv/ReloadControllerLibraries_Request.msg
[2.654s] -- Up-to-date: /home/changye/Ros2_gazebo/ros2_ws2/install/controller_manager_msgs/share/controller_manager_msgs/srv/ReloadControllerLibraries_Response.msg
[2.654s] -- Up-to-date: /home/changye/Ros2_gazebo/ros2_ws2/install/controller_manager_msgs/share/controller_manager_msgs/srv/SetHardwareComponentState.srv
[2.654s] -- Up-to-date: /home/changye/Ros2_gazebo/ros2_ws2/install/controller_manager_msgs/share/controller_manager_msgs/srv/SetHardwareComponentState_Request.msg
[2.654s] -- Up-to-date: /home/changye/Ros2_gazebo/ros2_ws2/install/controller_manager_msgs/share/controller_manager_msgs/srv/SetHardwareComponentState_Response.msg
[2.654s] -- Up-to-date: /home/changye/Ros2_gazebo/ros2_ws2/install/controller_manager_msgs/share/controller_manager_msgs/srv/SwitchController.srv
[2.654s] -- Up-to-date: /home/changye/Ros2_gazebo/ros2_ws2/install/controller_manager_msgs/share/controller_manager_msgs/srv/SwitchController_Request.msg
[2.654s] -- Up-to-date: /home/changye/Ros2_gazebo/ros2_ws2/install/controller_manager_msgs/share/controller_manager_msgs/srv/SwitchController_Response.msg
[2.654s] -- Up-to-date: /home/changye/Ros2_gazebo/ros2_ws2/install/controller_manager_msgs/share/controller_manager_msgs/srv/UnloadController.srv
[2.654s] -- Up-to-date: /home/changye/Ros2_gazebo/ros2_ws2/install/controller_manager_msgs/share/controller_manager_msgs/srv/UnloadController_Request.msg
[2.654s] -- Up-to-date: /home/changye/Ros2_gazebo/ros2_ws2/install/controller_manager_msgs/share/controller_manager_msgs/srv/UnloadController_Response.msg
[2.654s] -- Up-to-date: /home/changye/Ros2_gazebo/ros2_ws2/install/controller_manager_msgs/share/ament_index/resource_index/package_run_dependencies/controller_manager_msgs
[2.654s] -- Up-to-date: /home/changye/Ros2_gazebo/ros2_ws2/install/controller_manager_msgs/share/ament_index/resource_index/parent_prefix_path/controller_manager_msgs
[2.654s] -- Up-to-date: /home/changye/Ros2_gazebo/ros2_ws2/install/controller_manager_msgs/share/controller_manager_msgs/environment/ament_prefix_path.dsv
[2.654s] -- Up-to-date: /home/changye/Ros2_gazebo/ros2_ws2/install/controller_manager_msgs/share/controller_manager_msgs/environment/path.dsv
[2.654s] -- Up-to-date: /home/changye/Ros2_gazebo/ros2_ws2/install/controller_manager_msgs/share/controller_manager_msgs/local_setup.bash
[2.654s] -- Up-to-date: /home/changye/Ros2_gazebo/ros2_ws2/install/controller_manager_msgs/share/controller_manager_msgs/local_setup.sh
[2.654s] -- Up-to-date: /home/changye/Ros2_gazebo/ros2_ws2/install/controller_manager_msgs/share/controller_manager_msgs/local_setup.zsh
[2.654s] -- Up-to-date: /home/changye/Ros2_gazebo/ros2_ws2/install/controller_manager_msgs/share/controller_manager_msgs/local_setup.dsv
[2.655s] -- Installing: /home/changye/Ros2_gazebo/ros2_ws2/install/controller_manager_msgs/share/controller_manager_msgs/package.dsv
[2.655s] -- Up-to-date: /home/changye/Ros2_gazebo/ros2_ws2/install/controller_manager_msgs/share/ament_index/resource_index/packages/controller_manager_msgs
[2.655s] -- Up-to-date: /home/changye/Ros2_gazebo/ros2_ws2/install/controller_manager_msgs/share/controller_manager_msgs/cmake/export_controller_manager_msgs__rosidl_generator_cExport.cmake
[2.655s] -- Up-to-date: /home/changye/Ros2_gazebo/ros2_ws2/install/controller_manager_msgs/share/controller_manager_msgs/cmake/export_controller_manager_msgs__rosidl_generator_cExport-noconfig.cmake
[2.655s] -- Up-to-date: /home/changye/Ros2_gazebo/ros2_ws2/install/controller_manager_msgs/share/controller_manager_msgs/cmake/export_controller_manager_msgs__rosidl_typesupport_fastrtps_cExport.cmake
[2.655s] -- Up-to-date: /home/changye/Ros2_gazebo/ros2_ws2/install/controller_manager_msgs/share/controller_manager_msgs/cmake/export_controller_manager_msgs__rosidl_typesupport_fastrtps_cExport-noconfig.cmake
[2.655s] -- Up-to-date: /home/changye/Ros2_gazebo/ros2_ws2/install/controller_manager_msgs/share/controller_manager_msgs/cmake/export_controller_manager_msgs__rosidl_generator_cppExport.cmake
[2.655s] -- Up-to-date: /home/changye/Ros2_gazebo/ros2_ws2/install/controller_manager_msgs/share/controller_manager_msgs/cmake/export_controller_manager_msgs__rosidl_typesupport_fastrtps_cppExport.cmake
[2.655s] -- Up-to-date: /home/changye/Ros2_gazebo/ros2_ws2/install/controller_manager_msgs/share/controller_manager_msgs/cmake/export_controller_manager_msgs__rosidl_typesupport_fastrtps_cppExport-noconfig.cmake
[2.655s] -- Up-to-date: /home/changye/Ros2_gazebo/ros2_ws2/install/controller_manager_msgs/share/controller_manager_msgs/cmake/controller_manager_msgs__rosidl_typesupport_introspection_cExport.cmake
[2.655s] -- Up-to-date: /home/changye/Ros2_gazebo/ros2_ws2/install/controller_manager_msgs/share/controller_manager_msgs/cmake/controller_manager_msgs__rosidl_typesupport_introspection_cExport-noconfig.cmake
[2.655s] -- Up-to-date: /home/changye/Ros2_gazebo/ros2_ws2/install/controller_manager_msgs/share/controller_manager_msgs/cmake/controller_manager_msgs__rosidl_typesupport_cExport.cmake
[2.655s] -- Up-to-date: /home/changye/Ros2_gazebo/ros2_ws2/install/controller_manager_msgs/share/controller_manager_msgs/cmake/controller_manager_msgs__rosidl_typesupport_cExport-noconfig.cmake
[2.655s] -- Up-to-date: /home/changye/Ros2_gazebo/ros2_ws2/install/controller_manager_msgs/share/controller_manager_msgs/cmake/controller_manager_msgs__rosidl_typesupport_introspection_cppExport.cmake
[2.655s] -- Up-to-date: /home/changye/Ros2_gazebo/ros2_ws2/install/controller_manager_msgs/share/controller_manager_msgs/cmake/controller_manager_msgs__rosidl_typesupport_introspection_cppExport-noconfig.cmake
[2.655s] -- Up-to-date: /home/changye/Ros2_gazebo/ros2_ws2/install/controller_manager_msgs/share/controller_manager_msgs/cmake/controller_manager_msgs__rosidl_typesupport_cppExport.cmake
[2.655s] -- Up-to-date: /home/changye/Ros2_gazebo/ros2_ws2/install/controller_manager_msgs/share/controller_manager_msgs/cmake/controller_manager_msgs__rosidl_typesupport_cppExport-noconfig.cmake
[2.655s] -- Up-to-date: /home/changye/Ros2_gazebo/ros2_ws2/install/controller_manager_msgs/share/controller_manager_msgs/cmake/export_controller_manager_msgs__rosidl_generator_pyExport.cmake
[2.656s] -- Up-to-date: /home/changye/Ros2_gazebo/ros2_ws2/install/controller_manager_msgs/share/controller_manager_msgs/cmake/export_controller_manager_msgs__rosidl_generator_pyExport-noconfig.cmake
[2.656s] -- Up-to-date: /home/changye/Ros2_gazebo/ros2_ws2/install/controller_manager_msgs/share/controller_manager_msgs/cmake/rosidl_cmake-extras.cmake
[2.656s] -- Up-to-date: /home/changye/Ros2_gazebo/ros2_ws2/install/controller_manager_msgs/share/controller_manager_msgs/cmake/ament_cmake_export_dependencies-extras.cmake
[2.656s] -- Up-to-date: /home/changye/Ros2_gazebo/ros2_ws2/install/controller_manager_msgs/share/controller_manager_msgs/cmake/ament_cmake_export_include_directories-extras.cmake
[2.656s] -- Up-to-date: /home/changye/Ros2_gazebo/ros2_ws2/install/controller_manager_msgs/share/controller_manager_msgs/cmake/ament_cmake_export_libraries-extras.cmake
[2.656s] -- Up-to-date: /home/changye/Ros2_gazebo/ros2_ws2/install/controller_manager_msgs/share/controller_manager_msgs/cmake/ament_cmake_export_targets-extras.cmake
[2.656s] -- Up-to-date: /home/changye/Ros2_gazebo/ros2_ws2/install/controller_manager_msgs/share/controller_manager_msgs/cmake/rosidl_cmake_export_typesupport_targets-extras.cmake
[2.656s] -- Up-to-date: /home/changye/Ros2_gazebo/ros2_ws2/install/controller_manager_msgs/share/controller_manager_msgs/cmake/rosidl_cmake_export_typesupport_libraries-extras.cmake
[2.656s] -- Up-to-date: /home/changye/Ros2_gazebo/ros2_ws2/install/controller_manager_msgs/share/controller_manager_msgs/cmake/controller_manager_msgsConfig.cmake
[2.656s] -- Up-to-date: /home/changye/Ros2_gazebo/ros2_ws2/install/controller_manager_msgs/share/controller_manager_msgs/cmake/controller_manager_msgsConfig-version.cmake
[2.656s] -- Up-to-date: /home/changye/Ros2_gazebo/ros2_ws2/install/controller_manager_msgs/share/controller_manager_msgs/package.xml
[2.657s] Invoked command in '/home/changye/Ros2_gazebo/ros2_ws2/build/controller_manager_msgs' returned '0': CMAKE_PREFIX_PATH=${CMAKE_PREFIX_PATH}:/home/changye/Ros2_gazebo/ros2_ws2/install/rqt_joint_trajectory_controller:/home/changye/Ros2_gazebo/ros2_ws2/install/rqt_controller_manager:/home/changye/Ros2_gazebo/ros2_ws2/install/ros2controlcli:/home/changye/Ros2_gazebo/ros2_ws2/install/ros2_controllers_test_nodes:/home/changye/Ros2_gazebo/ros2_ws2/install/agv_control_pkg:/opt/ros/humble:/home/changye/ros2_humble/install/rqt_bag_plugins:/home/changye/ros2_humble/install/rqt_bag:/home/changye/ros2_humble/install/ros2bag:/home/changye/ros2_humble/install/tracetools_test:/home/changye/ros2_humble/install/tracetools_launch:/home/changye/ros2_humble/install/topic_monitor:/home/changye/ros2_humble/install/tf2_tools:/home/changye/ros2_humble/install/examples_tf2_py:/home/changye/ros2_humble/install/tf2_ros_py:/home/changye/ros2_humble/install/sros2:/home/changye/ros2_humble/install/rqt_topic:/home/changye/ros2_humble/install/rqt_srv:/home/changye/ros2_humble/install/rqt_shell:/home/changye/ros2_humble/install/rqt_service_caller:/home/changye/ros2_humble/install/rqt_reconfigure:/home/changye/ros2_humble/install/rqt_py_console:/home/changye/ros2_humble/install/rqt_publisher:/home/changye/ros2_humble/install/rqt_plot:/home/changye/ros2_humble/install/rqt_action:/home/changye/ros2_humble/install/rqt_msg:/home/changye/ros2_humble/install/rqt_console:/home/changye/ros2_humble/install/rqt:/home/changye/ros2_humble/install/rqt_graph:/home/changye/ros2_humble/install/rqt_gui_py:/home/changye/ros2_humble/install/rqt_gui:/home/changye/ros2_humble/install/ros2trace:/home/changye/ros2_humble/install/ros2topic:/home/changye/ros2_humble/install/ros2test:/home/changye/ros2_humble/install/ros2component:/home/changye/ros2_humble/install/ros2param:/home/changye/ros2_humble/install/ros2lifecycle:/home/changye/ros2_humble/install/ros2service:/home/changye/ros2_humble/install/ros2run:/home/changye/ros2_humble/install/ros2launch:/home/changye/ros2_humble/install/ros2pkg:/home/changye/ros2_humble/install/ros2node:/home/changye/ros2_humble/install/ros2multicast:/home/changye/ros2_humble/install/ros2interface:/home/changye/ros2_humble/install/ros2doctor:/home/changye/ros2_humble/install/ros2action:/home/changye/ros2_humble/install/ros2cli:/home/changye/ros2_humble/install/quality_of_service_demo_py:/home/changye/ros2_humble/install/lifecycle_py:/home/changye/ros2_humble/install/launch_testing_ros:/home/changye/ros2_humble/install/launch_ros:/home/changye/ros2_humble/install/examples_rclpy_pointcloud_publisher:/home/changye/ros2_humble/install/examples_rclpy_minimal_subscriber:/home/changye/ros2_humble/install/examples_rclpy_minimal_service:/home/changye/ros2_humble/install/examples_rclpy_minimal_publisher:/home/changye/ros2_humble/install/examples_rclpy_minimal_client:/home/changye/ros2_humble/install/examples_rclpy_minimal_action_server:/home/changye/ros2_humble/install/examples_rclpy_minimal_action_client:/home/changye/ros2_humble/install/examples_rclpy_guard_conditions:/home/changye/ros2_humble/install/examples_rclpy_executors:/home/changye/ros2_humble/install/demo_nodes_py:/home/changye/ros2_humble/install/action_tutorials_py:/home/changye/ros2_humble/install/ament_uncrustify:/home/changye/ros2_humble/install/tracetools_trace:/home/changye/ros2_humble/install/tracetools_read:/home/changye/ros2_humble/install/test_tracetools_launch:/home/changye/ros2_humble/install/test_launch_ros:/home/changye/ros2_humble/install/sensor_msgs_py:/home/changye/ros2_humble/install/rpyutils:/home/changye/ros2_humble/install/rosidl_runtime_py:/home/changye/ros2_humble/install/rosidl_cli:/home/changye/ros2_humble/install/launch_pytest:/home/changye/ros2_humble/install/launch_testing:/home/changye/ros2_humble/install/launch_yaml:/home/changye/ros2_humble/install/launch_xml:/home/changye/ros2_humble/install/launch:/home/changye/ros2_humble/install/osrf_pycommon:/home/changye/ros2_humble/install/launch_testing_examples:/home/changye/ros2_humble/install/domain_coordinator:/home/changye/ros2_humble/install/ament_xmllint:/home/changye/ros2_humble/install/ament_pyflakes:/home/changye/ros2_humble/install/ament_pycodestyle:/home/changye/ros2_humble/install/ament_pep257:/home/changye/ros2_humble/install/ament_pclint:/home/changye/ros2_humble/install/ament_package:/home/changye/ros2_humble/install/ament_mypy:/home/changye/ros2_humble/install/ament_lint_cmake:/home/changye/ros2_humble/install/ament_flake8:/home/changye/ros2_humble/install/ament_copyright:/home/changye/ros2_humble/install/ament_lint:/home/changye/ros2_humble/install/ament_index_python:/home/changye/ros2_humble/install/ament_cpplint:/home/changye/ros2_humble/install/ament_cppcheck:/home/changye/ros2_humble/install/ament_clang_tidy:/home/changye/ros2_humble/install/ament_clang_format /usr/bin/cmake --install /home/changye/Ros2_gazebo/ros2_ws2/build/controller_manager_msgs
