[0.337s] Invoking command in '/home/changye/Ros2_gazebo/ros2_ws2/build/joint_limits': CMAKE_PREFIX_PATH=${CMAKE_PREFIX_PATH}:/home/changye/Ros2_gazebo/ros2_ws2/install/rqt_joint_trajectory_controller:/home/changye/Ros2_gazebo/ros2_ws2/install/rqt_controller_manager:/home/changye/Ros2_gazebo/ros2_ws2/install/ros2controlcli:/home/changye/Ros2_gazebo/ros2_ws2/install/ros2_controllers_test_nodes:/home/changye/Ros2_gazebo/ros2_ws2/install/agv_control_pkg:/opt/ros/humble /usr/bin/cmake --build /home/changye/Ros2_gazebo/ros2_ws2/build/joint_limits -- -j12 -l12
[0.395s] [ 28%] Built target gtest_main
[0.405s] [ 57%] Built target gtest
[0.406s] [ 71%] Built target ament_generate_version_header__joint_limits
[0.435s] [100%] Built target joint_limits_rosparam_test
[0.668s] Invoked command in '/home/changye/Ros2_gazebo/ros2_ws2/build/joint_limits' returned '0': CMAKE_PREFIX_PATH=${CMAKE_PREFIX_PATH}:/home/changye/Ros2_gazebo/ros2_ws2/install/rqt_joint_trajectory_controller:/home/changye/Ros2_gazebo/ros2_ws2/install/rqt_controller_manager:/home/changye/Ros2_gazebo/ros2_ws2/install/ros2controlcli:/home/changye/Ros2_gazebo/ros2_ws2/install/ros2_controllers_test_nodes:/home/changye/Ros2_gazebo/ros2_ws2/install/agv_control_pkg:/opt/ros/humble /usr/bin/cmake --build /home/changye/Ros2_gazebo/ros2_ws2/build/joint_limits -- -j12 -l12
[0.669s] Invoking command in '/home/changye/Ros2_gazebo/ros2_ws2/build/joint_limits': CMAKE_PREFIX_PATH=${CMAKE_PREFIX_PATH}:/home/changye/Ros2_gazebo/ros2_ws2/install/rqt_joint_trajectory_controller:/home/changye/Ros2_gazebo/ros2_ws2/install/rqt_controller_manager:/home/changye/Ros2_gazebo/ros2_ws2/install/ros2controlcli:/home/changye/Ros2_gazebo/ros2_ws2/install/ros2_controllers_test_nodes:/home/changye/Ros2_gazebo/ros2_ws2/install/agv_control_pkg:/opt/ros/humble /usr/bin/cmake --install /home/changye/Ros2_gazebo/ros2_ws2/build/joint_limits
[0.680s] -- Install configuration: ""
[0.680s] -- Up-to-date: /home/changye/Ros2_gazebo/ros2_ws2/install/joint_limits/include
[0.680s] -- Up-to-date: /home/changye/Ros2_gazebo/ros2_ws2/install/joint_limits/include/joint_limits
[0.680s] -- Up-to-date: /home/changye/Ros2_gazebo/ros2_ws2/install/joint_limits/include/joint_limits/joint_limits.hpp
[0.680s] -- Up-to-date: /home/changye/Ros2_gazebo/ros2_ws2/install/joint_limits/include/joint_limits/joint_limits_rosparam.hpp
[0.680s] -- Up-to-date: /home/changye/Ros2_gazebo/ros2_ws2/install/joint_limits/lib/joint_limits/joint_limits_rosparam_test
[0.680s] -- Up-to-date: /home/changye/Ros2_gazebo/ros2_ws2/install/joint_limits/share/joint_limits/test/joint_limits_rosparam.yaml
[0.681s] -- Up-to-date: /home/changye/Ros2_gazebo/ros2_ws2/install/joint_limits/include/joint_limits
[0.681s] -- Up-to-date: /home/changye/Ros2_gazebo/ros2_ws2/install/joint_limits/include/joint_limits/joint_limits
[0.682s] -- Up-to-date: /home/changye/Ros2_gazebo/ros2_ws2/install/joint_limits/include/joint_limits/joint_limits/joint_limits.hpp
[0.682s] -- Up-to-date: /home/changye/Ros2_gazebo/ros2_ws2/install/joint_limits/include/joint_limits/joint_limits/joint_limits_rosparam.hpp
[0.682s] -- Up-to-date: /home/changye/Ros2_gazebo/ros2_ws2/install/joint_limits/share/joint_limits/environment/library_path.sh
[0.682s] -- Up-to-date: /home/changye/Ros2_gazebo/ros2_ws2/install/joint_limits/share/joint_limits/environment/library_path.dsv
[0.682s] -- Up-to-date: /home/changye/Ros2_gazebo/ros2_ws2/install/joint_limits/share/ament_index/resource_index/package_run_dependencies/joint_limits
[0.682s] -- Up-to-date: /home/changye/Ros2_gazebo/ros2_ws2/install/joint_limits/share/ament_index/resource_index/parent_prefix_path/joint_limits
[0.682s] -- Up-to-date: /home/changye/Ros2_gazebo/ros2_ws2/install/joint_limits/share/joint_limits/environment/ament_prefix_path.sh
[0.682s] -- Up-to-date: /home/changye/Ros2_gazebo/ros2_ws2/install/joint_limits/share/joint_limits/environment/ament_prefix_path.dsv
[0.682s] -- Up-to-date: /home/changye/Ros2_gazebo/ros2_ws2/install/joint_limits/share/joint_limits/environment/path.sh
[0.683s] -- Up-to-date: /home/changye/Ros2_gazebo/ros2_ws2/install/joint_limits/share/joint_limits/environment/path.dsv
[0.683s] -- Up-to-date: /home/changye/Ros2_gazebo/ros2_ws2/install/joint_limits/share/joint_limits/local_setup.bash
[0.683s] -- Up-to-date: /home/changye/Ros2_gazebo/ros2_ws2/install/joint_limits/share/joint_limits/local_setup.sh
[0.683s] -- Up-to-date: /home/changye/Ros2_gazebo/ros2_ws2/install/joint_limits/share/joint_limits/local_setup.zsh
[0.683s] -- Up-to-date: /home/changye/Ros2_gazebo/ros2_ws2/install/joint_limits/share/joint_limits/local_setup.dsv
[0.683s] -- Installing: /home/changye/Ros2_gazebo/ros2_ws2/install/joint_limits/share/joint_limits/package.dsv
[0.683s] -- Up-to-date: /home/changye/Ros2_gazebo/ros2_ws2/install/joint_limits/share/ament_index/resource_index/packages/joint_limits
[0.683s] -- Up-to-date: /home/changye/Ros2_gazebo/ros2_ws2/install/joint_limits/share/joint_limits/cmake/export_joint_limitsExport.cmake
[0.683s] -- Up-to-date: /home/changye/Ros2_gazebo/ros2_ws2/install/joint_limits/share/joint_limits/cmake/ament_cmake_export_targets-extras.cmake
[0.684s] -- Up-to-date: /home/changye/Ros2_gazebo/ros2_ws2/install/joint_limits/share/joint_limits/cmake/ament_cmake_export_dependencies-extras.cmake
[0.684s] -- Up-to-date: /home/changye/Ros2_gazebo/ros2_ws2/install/joint_limits/share/joint_limits/cmake/ament_cmake_export_include_directories-extras.cmake
[0.685s] -- Up-to-date: /home/changye/Ros2_gazebo/ros2_ws2/install/joint_limits/share/joint_limits/cmake/joint_limitsConfig.cmake
[0.687s] -- Up-to-date: /home/changye/Ros2_gazebo/ros2_ws2/install/joint_limits/share/joint_limits/cmake/joint_limitsConfig-version.cmake
[0.687s] -- Up-to-date: /home/changye/Ros2_gazebo/ros2_ws2/install/joint_limits/share/joint_limits/package.xml
[0.688s] -- Up-to-date: /home/changye/Ros2_gazebo/ros2_ws2/install/joint_limits/include/joint_limits/joint_limits/version.h
[0.793s] Invoked command in '/home/changye/Ros2_gazebo/ros2_ws2/build/joint_limits' returned '0': CMAKE_PREFIX_PATH=${CMAKE_PREFIX_PATH}:/home/changye/Ros2_gazebo/ros2_ws2/install/rqt_joint_trajectory_controller:/home/changye/Ros2_gazebo/ros2_ws2/install/rqt_controller_manager:/home/changye/Ros2_gazebo/ros2_ws2/install/ros2controlcli:/home/changye/Ros2_gazebo/ros2_ws2/install/ros2_controllers_test_nodes:/home/changye/Ros2_gazebo/ros2_ws2/install/agv_control_pkg:/opt/ros/humble /usr/bin/cmake --install /home/changye/Ros2_gazebo/ros2_ws2/build/joint_limits
