[1.913s] Invoking command in '/home/changye/Ros2_gazebo/ros2_ws2/src/agv_control_pkg': PYTHONPATH=/home/changye/Ros2_gazebo/ros2_ws2/build/agv_control_pkg/prefix_override:/usr/lib/python3/dist-packages/colcon_core/task/python/colcon_distutils_commands:/home/changye/Ros2_gazebo/ros2_ws2/install/agv_control_pkg/lib/python3.10/site-packages:${PYTHONPATH} /usr/bin/python3 -W ignore:setup.py install is deprecated setup.py egg_info --egg-base ../../build/agv_control_pkg build --build-base /home/changye/Ros2_gazebo/ros2_ws2/build/agv_control_pkg/build install --record /home/changye/Ros2_gazebo/ros2_ws2/build/agv_control_pkg/install.log --single-version-externally-managed install_data
[2.371s] running egg_info
[2.373s] writing ../../build/agv_control_pkg/agv_control_pkg.egg-info/PKG-INFO
[2.373s] writing dependency_links to ../../build/agv_control_pkg/agv_control_pkg.egg-info/dependency_links.txt
[2.373s] writing entry points to ../../build/agv_control_pkg/agv_control_pkg.egg-info/entry_points.txt
[2.373s] writing requirements to ../../build/agv_control_pkg/agv_control_pkg.egg-info/requires.txt
[2.374s] writing top-level names to ../../build/agv_control_pkg/agv_control_pkg.egg-info/top_level.txt
[2.378s] reading manifest file '../../build/agv_control_pkg/agv_control_pkg.egg-info/SOURCES.txt'
[2.379s] writing manifest file '../../build/agv_control_pkg/agv_control_pkg.egg-info/SOURCES.txt'
[2.380s] running build
[2.380s] running build_py
[2.381s] running install
[2.382s] running install_lib
[2.388s] running install_data
[2.388s] running install_egg_info
[2.388s] removing '/home/changye/Ros2_gazebo/ros2_ws2/install/agv_control_pkg/lib/python3.10/site-packages/agv_control_pkg-0.0.0-py3.10.egg-info' (and everything under it)
[2.389s] Copying ../../build/agv_control_pkg/agv_control_pkg.egg-info to /home/changye/Ros2_gazebo/ros2_ws2/install/agv_control_pkg/lib/python3.10/site-packages/agv_control_pkg-0.0.0-py3.10.egg-info
[2.389s] running install_scripts
[2.403s] Installing agv_controller script to /home/changye/Ros2_gazebo/ros2_ws2/install/agv_control_pkg/lib/agv_control_pkg
[2.403s] Installing line_detection script to /home/changye/Ros2_gazebo/ros2_ws2/install/agv_control_pkg/lib/agv_control_pkg
[2.403s] Installing tag_detection script to /home/changye/Ros2_gazebo/ros2_ws2/install/agv_control_pkg/lib/agv_control_pkg
[2.403s] Installing tag_detection_old script to /home/changye/Ros2_gazebo/ros2_ws2/install/agv_control_pkg/lib/agv_control_pkg
[2.403s] Installing tf_broadcaster script to /home/changye/Ros2_gazebo/ros2_ws2/install/agv_control_pkg/lib/agv_control_pkg
[2.403s] writing list of installed files to '/home/changye/Ros2_gazebo/ros2_ws2/build/agv_control_pkg/install.log'
[2.423s] Invoked command in '/home/changye/Ros2_gazebo/ros2_ws2/src/agv_control_pkg' returned '0': PYTHONPATH=/home/changye/Ros2_gazebo/ros2_ws2/build/agv_control_pkg/prefix_override:/usr/lib/python3/dist-packages/colcon_core/task/python/colcon_distutils_commands:/home/changye/Ros2_gazebo/ros2_ws2/install/agv_control_pkg/lib/python3.10/site-packages:${PYTHONPATH} /usr/bin/python3 -W ignore:setup.py install is deprecated setup.py egg_info --egg-base ../../build/agv_control_pkg build --build-base /home/changye/Ros2_gazebo/ros2_ws2/build/agv_control_pkg/build install --record /home/changye/Ros2_gazebo/ros2_ws2/build/agv_control_pkg/install.log --single-version-externally-managed install_data
