[0.635s] Invoking command in '/home/changye/Ros2_gazebo/ros2_ws2/build/agv_control_pkg': PYTHONPATH=/home/changye/Ros2_gazebo/ros2_ws2/build/agv_control_pkg/prefix_override:/usr/lib/python3/dist-packages/colcon_core/task/python/colcon_distutils_commands:/home/changye/Ros2_gazebo/ros2_ws2/install/agv_control_pkg/lib/python3.10/site-packages:${PYTHONPATH} /usr/bin/python3 -W ignore:setup.py install is deprecated -W ignore:easy_install command is deprecated setup.py develop --editable --build-directory /home/changye/Ros2_gazebo/ros2_ws2/build/agv_control_pkg/build --no-deps symlink_data
[0.883s] running develop
[1.046s] running egg_info
[1.046s] writing agv_control_pkg.egg-info/PKG-INFO
[1.046s] writing dependency_links to agv_control_pkg.egg-info/dependency_links.txt
[1.046s] writing entry points to agv_control_pkg.egg-info/entry_points.txt
[1.046s] writing requirements to agv_control_pkg.egg-info/requires.txt
[1.046s] writing top-level names to agv_control_pkg.egg-info/top_level.txt
[1.048s] reading manifest file 'agv_control_pkg.egg-info/SOURCES.txt'
[1.048s] writing manifest file 'agv_control_pkg.egg-info/SOURCES.txt'
[1.049s] running build_ext
[1.049s] Creating /home/changye/Ros2_gazebo/ros2_ws2/install/agv_control_pkg/lib/python3.10/site-packages/agv-control-pkg.egg-link (link to .)
[1.050s] Installing agv_controller script to /home/changye/Ros2_gazebo/ros2_ws2/install/agv_control_pkg/lib/agv_control_pkg
[1.050s] Installing line_detection script to /home/changye/Ros2_gazebo/ros2_ws2/install/agv_control_pkg/lib/agv_control_pkg
[1.050s] Installing tag_detection script to /home/changye/Ros2_gazebo/ros2_ws2/install/agv_control_pkg/lib/agv_control_pkg
[1.050s] Installing tag_detection_old script to /home/changye/Ros2_gazebo/ros2_ws2/install/agv_control_pkg/lib/agv_control_pkg
[1.050s] Installing tf_broadcaster script to /home/changye/Ros2_gazebo/ros2_ws2/install/agv_control_pkg/lib/agv_control_pkg
[1.051s] 
[1.051s] Installed /home/changye/Ros2_gazebo/ros2_ws2/build/agv_control_pkg
[1.051s] running symlink_data
[1.072s] Invoked command in '/home/changye/Ros2_gazebo/ros2_ws2/build/agv_control_pkg' returned '0': PYTHONPATH=/home/changye/Ros2_gazebo/ros2_ws2/build/agv_control_pkg/prefix_override:/usr/lib/python3/dist-packages/colcon_core/task/python/colcon_distutils_commands:/home/changye/Ros2_gazebo/ros2_ws2/install/agv_control_pkg/lib/python3.10/site-packages:${PYTHONPATH} /usr/bin/python3 -W ignore:setup.py install is deprecated -W ignore:easy_install command is deprecated setup.py develop --editable --build-directory /home/changye/Ros2_gazebo/ros2_ws2/build/agv_control_pkg/build --no-deps symlink_data
