[1.074s] Invoking command in '/home/changye/Ros2_gazebo/ros2_ws2/build/agv_control_pkg': PYTHONPATH=/home/changye/Ros2_gazebo/ros2_ws2/build/agv_control_pkg/prefix_override:/usr/lib/python3/dist-packages/colcon_core/task/python/colcon_distutils_commands:/home/changye/Ros2_gazebo/ros2_ws2/install/agv_control_pkg/lib/python3.10/site-packages:${PYTHONPATH} /usr/bin/python3 -W ignore:setup.py install is deprecated -W ignore:easy_install command is deprecated setup.py develop --editable --build-directory /home/changye/Ros2_gazebo/ros2_ws2/build/agv_control_pkg/build --no-deps symlink_data --force
[1.540s] running develop
[1.814s] running egg_info
[1.814s] writing agv_control_pkg.egg-info/PKG-INFO
[1.815s] writing dependency_links to agv_control_pkg.egg-info/dependency_links.txt
[1.815s] writing entry points to agv_control_pkg.egg-info/entry_points.txt
[1.815s] writing requirements to agv_control_pkg.egg-info/requires.txt
[1.815s] writing top-level names to agv_control_pkg.egg-info/top_level.txt
[1.816s] reading manifest file 'agv_control_pkg.egg-info/SOURCES.txt'
[1.817s] writing manifest file 'agv_control_pkg.egg-info/SOURCES.txt'
[1.821s] running build_ext
[1.821s] Creating /home/changye/Ros2_gazebo/ros2_ws2/install/agv_control_pkg/lib/python3.10/site-packages/agv-control-pkg.egg-link (link to .)
[1.822s] Installing agv_controller script to /home/changye/Ros2_gazebo/ros2_ws2/install/agv_control_pkg/lib/agv_control_pkg
[1.822s] Installing line_detection script to /home/changye/Ros2_gazebo/ros2_ws2/install/agv_control_pkg/lib/agv_control_pkg
[1.822s] Installing tag_detection script to /home/changye/Ros2_gazebo/ros2_ws2/install/agv_control_pkg/lib/agv_control_pkg
[1.822s] Installing tag_detection_old script to /home/changye/Ros2_gazebo/ros2_ws2/install/agv_control_pkg/lib/agv_control_pkg
[1.822s] Installing tf_broadcaster script to /home/changye/Ros2_gazebo/ros2_ws2/install/agv_control_pkg/lib/agv_control_pkg
[1.822s] 
[1.822s] Installed /home/changye/Ros2_gazebo/ros2_ws2/build/agv_control_pkg
[1.822s] running symlink_data
[1.822s] symbolically linking /home/changye/Ros2_gazebo/ros2_ws2/build/agv_control_pkg/resource/agv_control_pkg -> /home/changye/Ros2_gazebo/ros2_ws2/install/agv_control_pkg/share/ament_index/resource_index/packages
[1.822s] symbolically linking /home/changye/Ros2_gazebo/ros2_ws2/build/agv_control_pkg/package.xml -> /home/changye/Ros2_gazebo/ros2_ws2/install/agv_control_pkg/share/agv_control_pkg
[1.844s] Invoked command in '/home/changye/Ros2_gazebo/ros2_ws2/build/agv_control_pkg' returned '0': PYTHONPATH=/home/changye/Ros2_gazebo/ros2_ws2/build/agv_control_pkg/prefix_override:/usr/lib/python3/dist-packages/colcon_core/task/python/colcon_distutils_commands:/home/changye/Ros2_gazebo/ros2_ws2/install/agv_control_pkg/lib/python3.10/site-packages:${PYTHONPATH} /usr/bin/python3 -W ignore:setup.py install is deprecated -W ignore:easy_install command is deprecated setup.py develop --editable --build-directory /home/changye/Ros2_gazebo/ros2_ws2/build/agv_control_pkg/build --no-deps symlink_data --force
