[0.009s] Invoking command in '/home/changye/Ros2_gazebo/ros2_ws2/build/hardware_interface': AMENT_PREFIX_PATH=/home/changye/Ros2_gazebo/ros2_ws2/install/ros2_control_test_assets:/home/changye/Ros2_gazebo/ros2_ws2/install/control_msgs:${AMENT_PREFIX_PATH} CMAKE_PREFIX_PATH=/home/changye/Ros2_gazebo/ros2_ws2/install/ros2_control_test_assets:/home/changye/Ros2_gazebo/ros2_ws2/install/control_msgs:/opt/ros/humble LD_LIBRARY_PATH=/home/changye/Ros2_gazebo/ros2_ws2/install/control_msgs/lib:/usr/lib/x86_64-linux-gnu/gazebo-11/plugins:/opt/ros/humble/lib/x86_64-linux-gnu:/opt/ros/humble/lib:/usr/lib/x86_64-linux-gnu/gazebo-11/plugins:/usr/share/gazebo-11/../../lib/x86_64-linux-gnu/gazebo-11/plugins:/usr/lib/x86_64-linux-gnu/gazebo-11/plugins PYTHONPATH=/home/changye/Ros2_gazebo/ros2_ws2/install/control_msgs/local/lib/python3.10/dist-packages:${PYTHONPATH} /usr/bin/cmake /home/changye/Ros2_gazebo/ros2_ws2/src/ros-controls/ros2_control-humble/hardware_interface -DCMAKE_INSTALL_PREFIX=/home/changye/Ros2_gazebo/ros2_ws2/install/hardware_interface
[0.049s] -- The C compiler identification is GNU 11.4.0
[0.092s] -- The CXX compiler identification is GNU 11.4.0
[0.097s] -- Detecting C compiler ABI info
[0.148s] -- Detecting C compiler ABI info - done
[0.160s] -- Check for working C compiler: /usr/bin/cc - skipped
[0.161s] -- Detecting C compile features
[0.161s] -- Detecting C compile features - done
[0.165s] -- Detecting CXX compiler ABI info
[0.227s] -- Detecting CXX compiler ABI info - done
[0.239s] -- Check for working CXX compiler: /usr/bin/c++ - skipped
[0.240s] -- Detecting CXX compile features
[0.240s] -- Detecting CXX compile features - done
[0.243s] -- Found ament_cmake: 1.3.11 (/opt/ros/humble/share/ament_cmake/cmake)
[0.366s] -- Found Python3: /usr/bin/python3 (found version "3.10.12") found components: Interpreter 
[0.431s] -- Found control_msgs: 4.4.0 (/home/changye/Ros2_gazebo/ros2_ws2/install/control_msgs/share/control_msgs/cmake)
[0.458s] -- Found rosidl_generator_c: 3.1.6 (/opt/ros/humble/share/rosidl_generator_c/cmake)
[0.462s] -- Found rosidl_adapter: 3.1.6 (/opt/ros/humble/share/rosidl_adapter/cmake)
[0.468s] -- Found rosidl_generator_cpp: 3.1.6 (/opt/ros/humble/share/rosidl_generator_cpp/cmake)
[0.478s] -- Using all available rosidl_typesupport_c: rosidl_typesupport_fastrtps_c;rosidl_typesupport_introspection_c
[0.490s] -- Using all available rosidl_typesupport_cpp: rosidl_typesupport_fastrtps_cpp;rosidl_typesupport_introspection_cpp
[0.596s] -- Found lifecycle_msgs: 1.2.1 (/opt/ros/humble/share/lifecycle_msgs/cmake)
[0.605s] -- Found pluginlib: 5.1.0 (/opt/ros/humble/share/pluginlib/cmake)
[0.625s] -- Found rclcpp_lifecycle: 16.0.11 (/opt/ros/humble/share/rclcpp_lifecycle/cmake)
[0.655s] -- Found rmw_implementation_cmake: 6.1.2 (/opt/ros/humble/share/rmw_implementation_cmake/cmake)
[0.657s] -- Found rmw_fastrtps_cpp: 6.2.7 (/opt/ros/humble/share/rmw_fastrtps_cpp/cmake)
[0.677s] -- Found TinyXML2 via Config file: TinyXML2_DIR-NOTFOUND
[0.711s] -- Found OpenSSL: /usr/lib/x86_64-linux-gnu/libcrypto.so (found version "3.0.2")  
[0.713s] -- Found TinyXML2 via Config file: TinyXML2_DIR-NOTFOUND
[0.725s] -- Found FastRTPS: /opt/ros/humble/include  
[0.727s] -- Found TinyXML2 via Config file: TinyXML2_DIR-NOTFOUND
[0.734s] -- Found TinyXML2 via Config file: TinyXML2_DIR-NOTFOUND
[0.743s] -- Using RMW implementation 'rmw_fastrtps_cpp' as default
[0.749s] -- Looking for pthread.h
[0.801s] -- Looking for pthread.h - found
[0.801s] -- Performing Test CMAKE_HAVE_LIBC_PTHREAD
[0.854s] -- Performing Test CMAKE_HAVE_LIBC_PTHREAD - Success
[0.855s] -- Found Threads: TRUE  
[0.893s] -- Found TinyXML2 via Config file: TinyXML2_DIR-NOTFOUND
[0.896s] -- Found ament_cmake_gmock: 1.3.11 (/opt/ros/humble/share/ament_cmake_gmock/cmake)
[0.897s] -- Found ros2_control_test_assets: 2.47.0 (/home/changye/Ros2_gazebo/ros2_ws2/install/ros2_control_test_assets/share/ros2_control_test_assets/cmake)
[0.899s] -- Found gmock sources under '/opt/ros/humble/src/gmock_vendor': C++ tests using 'Google Mock' will be built
[0.902s] -- Found ament_cmake_gtest: 1.3.11 (/opt/ros/humble/share/ament_cmake_gtest/cmake)
[0.903s] -- Found gtest sources under '/opt/ros/humble/src/gtest_vendor': C++ tests using 'Google Test' will be built
[0.967s] -- Configuring done
[1.027s] -- Generating done
[1.056s] -- Build files have been written to: /home/changye/Ros2_gazebo/ros2_ws2/build/hardware_interface
[1.065s] Invoked command in '/home/changye/Ros2_gazebo/ros2_ws2/build/hardware_interface' returned '0': AMENT_PREFIX_PATH=/home/changye/Ros2_gazebo/ros2_ws2/install/ros2_control_test_assets:/home/changye/Ros2_gazebo/ros2_ws2/install/control_msgs:${AMENT_PREFIX_PATH} CMAKE_PREFIX_PATH=/home/changye/Ros2_gazebo/ros2_ws2/install/ros2_control_test_assets:/home/changye/Ros2_gazebo/ros2_ws2/install/control_msgs:/opt/ros/humble LD_LIBRARY_PATH=/home/changye/Ros2_gazebo/ros2_ws2/install/control_msgs/lib:/usr/lib/x86_64-linux-gnu/gazebo-11/plugins:/opt/ros/humble/lib/x86_64-linux-gnu:/opt/ros/humble/lib:/usr/lib/x86_64-linux-gnu/gazebo-11/plugins:/usr/share/gazebo-11/../../lib/x86_64-linux-gnu/gazebo-11/plugins:/usr/lib/x86_64-linux-gnu/gazebo-11/plugins PYTHONPATH=/home/changye/Ros2_gazebo/ros2_ws2/install/control_msgs/local/lib/python3.10/dist-packages:${PYTHONPATH} /usr/bin/cmake /home/changye/Ros2_gazebo/ros2_ws2/src/ros-controls/ros2_control-humble/hardware_interface -DCMAKE_INSTALL_PREFIX=/home/changye/Ros2_gazebo/ros2_ws2/install/hardware_interface
[1.067s] Invoking command in '/home/changye/Ros2_gazebo/ros2_ws2/build/hardware_interface': AMENT_PREFIX_PATH=/home/changye/Ros2_gazebo/ros2_ws2/install/ros2_control_test_assets:/home/changye/Ros2_gazebo/ros2_ws2/install/control_msgs:${AMENT_PREFIX_PATH} CMAKE_PREFIX_PATH=/home/changye/Ros2_gazebo/ros2_ws2/install/ros2_control_test_assets:/home/changye/Ros2_gazebo/ros2_ws2/install/control_msgs:/opt/ros/humble LD_LIBRARY_PATH=/home/changye/Ros2_gazebo/ros2_ws2/install/control_msgs/lib:/usr/lib/x86_64-linux-gnu/gazebo-11/plugins:/opt/ros/humble/lib/x86_64-linux-gnu:/opt/ros/humble/lib:/usr/lib/x86_64-linux-gnu/gazebo-11/plugins:/usr/share/gazebo-11/../../lib/x86_64-linux-gnu/gazebo-11/plugins:/usr/lib/x86_64-linux-gnu/gazebo-11/plugins PYTHONPATH=/home/changye/Ros2_gazebo/ros2_ws2/install/control_msgs/local/lib/python3.10/dist-packages:${PYTHONPATH} /usr/bin/cmake --build /home/changye/Ros2_gazebo/ros2_ws2/build/hardware_interface -- -j12 -l12
[1.104s] [ 11%] [34m[1mGenerating hardware_interface/version.h[0m
[1.104s] [ 11%] [32mBuilding CXX object gmock/CMakeFiles/gmock_main.dir/src/gmock_main.cc.o[0m
[1.104s] [ 11%] [32mBuilding CXX object gmock/CMakeFiles/gmock.dir/src/gmock-all.cc.o[0m
[1.104s] [ 11%] [32mBuilding CXX object gmock/CMakeFiles/gmock.dir/opt/ros/humble/src/gtest_vendor/src/gtest-all.cc.o[0m
[1.117s] [ 11%] Built target ament_generate_version_header__hardware_interface
[1.137s] [ 14%] [32mBuilding CXX object CMakeFiles/hardware_interface.dir/src/actuator.cpp.o[0m
[1.138s] [ 17%] [32mBuilding CXX object CMakeFiles/hardware_interface.dir/src/resource_manager.cpp.o[0m
[1.144s] [ 20%] [32mBuilding CXX object CMakeFiles/hardware_interface.dir/src/component_parser.cpp.o[0m
[1.145s] [ 22%] [32mBuilding CXX object CMakeFiles/hardware_interface.dir/src/lexical_casts.cpp.o[0m
[1.153s] [ 25%] [32mBuilding CXX object CMakeFiles/hardware_interface.dir/src/sensor.cpp.o[0m
[1.156s] [ 28%] [32mBuilding CXX object CMakeFiles/hardware_interface.dir/src/system.cpp.o[0m
[3.892s] [ 31%] [32m[1mLinking CXX static library libgmock_main.a[0m
[3.969s] [ 31%] Built target gmock_main
[6.089s] [ 34%] [32m[1mLinking CXX static library libgmock.a[0m
[6.165s] [ 34%] Built target gmock
[6.180s] [ 37%] [32mBuilding CXX object CMakeFiles/test_macros.dir/test/test_macros.cpp.o[0m
[7.249s] [ 40%] [32m[1mLinking CXX shared library libhardware_interface.so[0m
[7.323s] [ 42%] [32m[1mLinking CXX executable test_macros[0m
[7.472s] [ 42%] Built target test_macros
[7.556s] [ 42%] Built target hardware_interface
[7.580s] [ 45%] [32mBuilding CXX object CMakeFiles/fake_components.dir/src/mock_components/generic_system.cpp.o[0m
[7.582s] [ 48%] [32mBuilding CXX object CMakeFiles/test_joint_handle.dir/test/test_handle.cpp.o[0m
[7.584s] [ 51%] [32mBuilding CXX object CMakeFiles/mock_components.dir/src/mock_components/generic_system.cpp.o[0m
[7.584s] [ 54%] [32mBuilding CXX object CMakeFiles/fake_components.dir/src/mock_components/fake_generic_system.cpp.o[0m
[7.589s] [ 57%] [32mBuilding CXX object CMakeFiles/test_component_interfaces.dir/test/test_component_interfaces.cpp.o[0m
[7.593s] [ 60%] [32mBuilding CXX object CMakeFiles/test_inst_hardwares.dir/test/test_inst_hardwares.cpp.o[0m
[7.593s] [ 62%] [32mBuilding CXX object CMakeFiles/test_component_parser.dir/test/test_component_parser.cpp.o[0m
[7.598s] [ 65%] [32mBuilding CXX object CMakeFiles/test_generic_system.dir/test/mock_components/test_generic_system.cpp.o[0m
[7.602s] [ 68%] [32mBuilding CXX object CMakeFiles/test_hardware_components.dir/test/test_hardware_components/test_single_joint_actuator.cpp.o[0m
[7.610s] [ 71%] [32mBuilding CXX object CMakeFiles/test_hardware_components.dir/test/test_hardware_components/test_system_with_command_modes.cpp.o[0m
[7.615s] [ 77%] [32mBuilding CXX object CMakeFiles/test_hardware_components.dir/test/test_hardware_components/test_two_joint_system.cpp.o[0m
[7.615s] [ 77%] [32mBuilding CXX object CMakeFiles/test_hardware_components.dir/test/test_hardware_components/test_force_torque_sensor.cpp.o[0m
[10.502s] [ 80%] [32m[1mLinking CXX shared library libfake_components.so[0m
[10.560s] [ 82%] [32m[1mLinking CXX shared library libtest_hardware_components.so[0m
[10.670s] [ 85%] [32m[1mLinking CXX executable test_joint_handle[0m
[10.938s] [ 85%] Built target fake_components
[10.944s] [ 85%] Built target test_hardware_components
[11.006s] [ 88%] [32m[1mLinking CXX executable test_inst_hardwares[0m
[11.075s] [ 91%] [32m[1mLinking CXX shared library libmock_components.so[0m
[11.219s] [ 91%] Built target test_joint_handle
[11.385s] [ 91%] Built target test_inst_hardwares
[11.409s] [ 91%] Built target mock_components
[12.085s] [ 94%] [32m[1mLinking CXX executable test_component_interfaces[0m
[12.390s] [ 94%] Built target test_component_interfaces
[13.048s] [ 97%] [32m[1mLinking CXX executable test_generic_system[0m
[13.298s] [100%] [32m[1mLinking CXX executable test_component_parser[0m
[13.444s] [100%] Built target test_generic_system
[13.709s] [100%] Built target test_component_parser
[13.719s] Invoked command in '/home/changye/Ros2_gazebo/ros2_ws2/build/hardware_interface' returned '0': AMENT_PREFIX_PATH=/home/changye/Ros2_gazebo/ros2_ws2/install/ros2_control_test_assets:/home/changye/Ros2_gazebo/ros2_ws2/install/control_msgs:${AMENT_PREFIX_PATH} CMAKE_PREFIX_PATH=/home/changye/Ros2_gazebo/ros2_ws2/install/ros2_control_test_assets:/home/changye/Ros2_gazebo/ros2_ws2/install/control_msgs:/opt/ros/humble LD_LIBRARY_PATH=/home/changye/Ros2_gazebo/ros2_ws2/install/control_msgs/lib:/usr/lib/x86_64-linux-gnu/gazebo-11/plugins:/opt/ros/humble/lib/x86_64-linux-gnu:/opt/ros/humble/lib:/usr/lib/x86_64-linux-gnu/gazebo-11/plugins:/usr/share/gazebo-11/../../lib/x86_64-linux-gnu/gazebo-11/plugins:/usr/lib/x86_64-linux-gnu/gazebo-11/plugins PYTHONPATH=/home/changye/Ros2_gazebo/ros2_ws2/install/control_msgs/local/lib/python3.10/dist-packages:${PYTHONPATH} /usr/bin/cmake --build /home/changye/Ros2_gazebo/ros2_ws2/build/hardware_interface -- -j12 -l12
[13.720s] Invoking command in '/home/changye/Ros2_gazebo/ros2_ws2/build/hardware_interface': AMENT_PREFIX_PATH=/home/changye/Ros2_gazebo/ros2_ws2/install/ros2_control_test_assets:/home/changye/Ros2_gazebo/ros2_ws2/install/control_msgs:${AMENT_PREFIX_PATH} CMAKE_PREFIX_PATH=/home/changye/Ros2_gazebo/ros2_ws2/install/ros2_control_test_assets:/home/changye/Ros2_gazebo/ros2_ws2/install/control_msgs:/opt/ros/humble LD_LIBRARY_PATH=/home/changye/Ros2_gazebo/ros2_ws2/install/control_msgs/lib:/usr/lib/x86_64-linux-gnu/gazebo-11/plugins:/opt/ros/humble/lib/x86_64-linux-gnu:/opt/ros/humble/lib:/usr/lib/x86_64-linux-gnu/gazebo-11/plugins:/usr/share/gazebo-11/../../lib/x86_64-linux-gnu/gazebo-11/plugins:/usr/lib/x86_64-linux-gnu/gazebo-11/plugins PYTHONPATH=/home/changye/Ros2_gazebo/ros2_ws2/install/control_msgs/local/lib/python3.10/dist-packages:${PYTHONPATH} /usr/bin/cmake --install /home/changye/Ros2_gazebo/ros2_ws2/build/hardware_interface
[13.727s] -- Install configuration: ""
[13.727s] -- Installing: /home/changye/Ros2_gazebo/ros2_ws2/install/hardware_interface/share/hardware_interface/mock_components_plugin_description.xml
[13.727s] -- Installing: /home/changye/Ros2_gazebo/ros2_ws2/install/hardware_interface/share/hardware_interface/fake_components_plugin_description.xml
[13.727s] -- Installing: /home/changye/Ros2_gazebo/ros2_ws2/install/hardware_interface/include
[13.727s] -- Installing: /home/changye/Ros2_gazebo/ros2_ws2/install/hardware_interface/include/fake_components
[13.727s] -- Installing: /home/changye/Ros2_gazebo/ros2_ws2/install/hardware_interface/include/fake_components/generic_system.hpp
[13.727s] -- Installing: /home/changye/Ros2_gazebo/ros2_ws2/install/hardware_interface/include/fake_components/visibility_control.h
[13.728s] -- Installing: /home/changye/Ros2_gazebo/ros2_ws2/install/hardware_interface/include/hardware_interface
[13.728s] -- Installing: /home/changye/Ros2_gazebo/ros2_ws2/install/hardware_interface/include/hardware_interface/component_parser.hpp
[13.728s] -- Installing: /home/changye/Ros2_gazebo/ros2_ws2/install/hardware_interface/include/hardware_interface/handle.hpp
[13.728s] -- Installing: /home/changye/Ros2_gazebo/ros2_ws2/install/hardware_interface/include/hardware_interface/sensor.hpp
[13.728s] -- Installing: /home/changye/Ros2_gazebo/ros2_ws2/install/hardware_interface/include/hardware_interface/resource_manager.hpp
[13.728s] -- Installing: /home/changye/Ros2_gazebo/ros2_ws2/install/hardware_interface/include/hardware_interface/system.hpp
[13.728s] -- Installing: /home/changye/Ros2_gazebo/ros2_ws2/install/hardware_interface/include/hardware_interface/loaned_state_interface.hpp
[13.728s] -- Installing: /home/changye/Ros2_gazebo/ros2_ws2/install/hardware_interface/include/hardware_interface/macros.hpp
[13.728s] -- Installing: /home/changye/Ros2_gazebo/ros2_ws2/install/hardware_interface/include/hardware_interface/hardware_component_info.hpp
[13.728s] -- Installing: /home/changye/Ros2_gazebo/ros2_ws2/install/hardware_interface/include/hardware_interface/types
[13.728s] -- Installing: /home/changye/Ros2_gazebo/ros2_ws2/install/hardware_interface/include/hardware_interface/types/hardware_interface_type_values.hpp
[13.729s] -- Installing: /home/changye/Ros2_gazebo/ros2_ws2/install/hardware_interface/include/hardware_interface/types/lifecycle_state_names.hpp
[13.729s] -- Installing: /home/changye/Ros2_gazebo/ros2_ws2/install/hardware_interface/include/hardware_interface/types/hardware_interface_return_values.hpp
[13.729s] -- Installing: /home/changye/Ros2_gazebo/ros2_ws2/install/hardware_interface/include/hardware_interface/actuator_interface.hpp
[13.729s] -- Installing: /home/changye/Ros2_gazebo/ros2_ws2/install/hardware_interface/include/hardware_interface/lexical_casts.hpp
[13.729s] -- Installing: /home/changye/Ros2_gazebo/ros2_ws2/install/hardware_interface/include/hardware_interface/loaned_command_interface.hpp
[13.729s] -- Installing: /home/changye/Ros2_gazebo/ros2_ws2/install/hardware_interface/include/hardware_interface/hardware_info.hpp
[13.729s] -- Installing: /home/changye/Ros2_gazebo/ros2_ws2/install/hardware_interface/include/hardware_interface/visibility_control.h
[13.729s] -- Installing: /home/changye/Ros2_gazebo/ros2_ws2/install/hardware_interface/include/hardware_interface/controller_info.hpp
[13.729s] -- Installing: /home/changye/Ros2_gazebo/ros2_ws2/install/hardware_interface/include/hardware_interface/actuator.hpp
[13.729s] -- Installing: /home/changye/Ros2_gazebo/ros2_ws2/install/hardware_interface/include/hardware_interface/system_interface.hpp
[13.730s] -- Installing: /home/changye/Ros2_gazebo/ros2_ws2/install/hardware_interface/include/hardware_interface/sensor_interface.hpp
[13.730s] -- Installing: /home/changye/Ros2_gazebo/ros2_ws2/install/hardware_interface/include/mock_components
[13.730s] -- Installing: /home/changye/Ros2_gazebo/ros2_ws2/install/hardware_interface/include/mock_components/generic_system.hpp
[13.730s] -- Installing: /home/changye/Ros2_gazebo/ros2_ws2/install/hardware_interface/include/mock_components/visibility_control.h
[13.730s] -- Installing: /home/changye/Ros2_gazebo/ros2_ws2/install/hardware_interface/lib/libfake_components.so
[13.730s] -- Set runtime path of "/home/changye/Ros2_gazebo/ros2_ws2/install/hardware_interface/lib/libfake_components.so" to ""
[13.730s] -- Installing: /home/changye/Ros2_gazebo/ros2_ws2/install/hardware_interface/lib/libmock_components.so
[13.731s] -- Set runtime path of "/home/changye/Ros2_gazebo/ros2_ws2/install/hardware_interface/lib/libmock_components.so" to ""
[13.731s] -- Installing: /home/changye/Ros2_gazebo/ros2_ws2/install/hardware_interface/lib/libhardware_interface.so
[13.733s] -- Set runtime path of "/home/changye/Ros2_gazebo/ros2_ws2/install/hardware_interface/lib/libhardware_interface.so" to ""
[13.733s] -- Installing: /home/changye/Ros2_gazebo/ros2_ws2/install/hardware_interface/lib/libtest_hardware_components.so
[13.733s] -- Set runtime path of "/home/changye/Ros2_gazebo/ros2_ws2/install/hardware_interface/lib/libtest_hardware_components.so" to ""
[13.734s] -- Installing: /home/changye/Ros2_gazebo/ros2_ws2/install/hardware_interface/share/hardware_interface/test/test_hardware_components/test_hardware_components.xml
[13.734s] -- Installing: /home/changye/Ros2_gazebo/ros2_ws2/install/hardware_interface/share/hardware_interface/environment/library_path.sh
[13.734s] -- Installing: /home/changye/Ros2_gazebo/ros2_ws2/install/hardware_interface/share/hardware_interface/environment/library_path.dsv
[13.734s] -- Installing: /home/changye/Ros2_gazebo/ros2_ws2/install/hardware_interface/share/ament_index/resource_index/package_run_dependencies/hardware_interface
[13.734s] -- Installing: /home/changye/Ros2_gazebo/ros2_ws2/install/hardware_interface/share/ament_index/resource_index/parent_prefix_path/hardware_interface
[13.734s] -- Installing: /home/changye/Ros2_gazebo/ros2_ws2/install/hardware_interface/share/hardware_interface/environment/ament_prefix_path.sh
[13.735s] -- Installing: /home/changye/Ros2_gazebo/ros2_ws2/install/hardware_interface/share/hardware_interface/environment/ament_prefix_path.dsv
[13.735s] -- Installing: /home/changye/Ros2_gazebo/ros2_ws2/install/hardware_interface/share/hardware_interface/environment/path.sh
[13.735s] -- Installing: /home/changye/Ros2_gazebo/ros2_ws2/install/hardware_interface/share/hardware_interface/environment/path.dsv
[13.735s] -- Installing: /home/changye/Ros2_gazebo/ros2_ws2/install/hardware_interface/share/hardware_interface/local_setup.bash
[13.735s] -- Installing: /home/changye/Ros2_gazebo/ros2_ws2/install/hardware_interface/share/hardware_interface/local_setup.sh
[13.735s] -- Installing: /home/changye/Ros2_gazebo/ros2_ws2/install/hardware_interface/share/hardware_interface/local_setup.zsh
[13.735s] -- Installing: /home/changye/Ros2_gazebo/ros2_ws2/install/hardware_interface/share/hardware_interface/local_setup.dsv
[13.736s] -- Installing: /home/changye/Ros2_gazebo/ros2_ws2/install/hardware_interface/share/hardware_interface/package.dsv
[13.736s] -- Installing: /home/changye/Ros2_gazebo/ros2_ws2/install/hardware_interface/share/ament_index/resource_index/packages/hardware_interface
[13.736s] -- Installing: /home/changye/Ros2_gazebo/ros2_ws2/install/hardware_interface/share/ament_index/resource_index/hardware_interface__pluginlib__plugin/hardware_interface
[13.736s] -- Installing: /home/changye/Ros2_gazebo/ros2_ws2/install/hardware_interface/share/hardware_interface/cmake/ament_cmake_export_include_directories-extras.cmake
[13.736s] -- Installing: /home/changye/Ros2_gazebo/ros2_ws2/install/hardware_interface/share/hardware_interface/cmake/ament_cmake_export_libraries-extras.cmake
[13.736s] -- Installing: /home/changye/Ros2_gazebo/ros2_ws2/install/hardware_interface/share/hardware_interface/cmake/ament_cmake_export_dependencies-extras.cmake
[13.736s] -- Installing: /home/changye/Ros2_gazebo/ros2_ws2/install/hardware_interface/share/hardware_interface/cmake/hardware_interfaceConfig.cmake
[13.737s] -- Installing: /home/changye/Ros2_gazebo/ros2_ws2/install/hardware_interface/share/hardware_interface/cmake/hardware_interfaceConfig-version.cmake
[13.737s] -- Installing: /home/changye/Ros2_gazebo/ros2_ws2/install/hardware_interface/share/hardware_interface/package.xml
[13.737s] -- Installing: /home/changye/Ros2_gazebo/ros2_ws2/install/hardware_interface/include/hardware_interface/hardware_interface/version.h
[13.739s] Invoked command in '/home/changye/Ros2_gazebo/ros2_ws2/build/hardware_interface' returned '0': AMENT_PREFIX_PATH=/home/changye/Ros2_gazebo/ros2_ws2/install/ros2_control_test_assets:/home/changye/Ros2_gazebo/ros2_ws2/install/control_msgs:${AMENT_PREFIX_PATH} CMAKE_PREFIX_PATH=/home/changye/Ros2_gazebo/ros2_ws2/install/ros2_control_test_assets:/home/changye/Ros2_gazebo/ros2_ws2/install/control_msgs:/opt/ros/humble LD_LIBRARY_PATH=/home/changye/Ros2_gazebo/ros2_ws2/install/control_msgs/lib:/usr/lib/x86_64-linux-gnu/gazebo-11/plugins:/opt/ros/humble/lib/x86_64-linux-gnu:/opt/ros/humble/lib:/usr/lib/x86_64-linux-gnu/gazebo-11/plugins:/usr/share/gazebo-11/../../lib/x86_64-linux-gnu/gazebo-11/plugins:/usr/lib/x86_64-linux-gnu/gazebo-11/plugins PYTHONPATH=/home/changye/Ros2_gazebo/ros2_ws2/install/control_msgs/local/lib/python3.10/dist-packages:${PYTHONPATH} /usr/bin/cmake --install /home/changye/Ros2_gazebo/ros2_ws2/build/hardware_interface
