[2.624s] Invoking command in '/home/changye/ros2_ws2/build/agv_control_pkg': PYTHONPATH=/home/changye/ros2_ws2/build/agv_control_pkg/prefix_override:/usr/lib/python3/dist-packages/colcon_core/task/python/colcon_distutils_commands:/home/changye/ros2_ws2/install/agv_control_pkg/lib/python3.10/site-packages:${PYTHONPATH} /usr/bin/python3 -W ignore:setup.py install is deprecated setup.py develop --editable --build-directory /home/changye/ros2_ws2/build/agv_control_pkg/build --no-deps symlink_data
[3.105s] running develop
[4.278s] running egg_info
[4.278s] writing agv_control_pkg.egg-info/PKG-INFO
[4.278s] writing dependency_links to agv_control_pkg.egg-info/dependency_links.txt
[4.279s] writing entry points to agv_control_pkg.egg-info/entry_points.txt
[4.279s] writing requirements to agv_control_pkg.egg-info/requires.txt
[4.279s] writing top-level names to agv_control_pkg.egg-info/top_level.txt
[4.280s] reading manifest file 'agv_control_pkg.egg-info/SOURCES.txt'
[4.295s] writing manifest file 'agv_control_pkg.egg-info/SOURCES.txt'
[4.299s] running build_ext
[4.299s] Creating /home/changye/ros2_ws2/install/agv_control_pkg/lib/python3.10/site-packages/agv-control-pkg.egg-link (link to .)
[4.299s] Installing agv_controller script to /home/changye/ros2_ws2/install/agv_control_pkg/lib/agv_control_pkg
[4.300s] Installing line_detection script to /home/changye/ros2_ws2/install/agv_control_pkg/lib/agv_control_pkg
[4.300s] Installing tag_detection script to /home/changye/ros2_ws2/install/agv_control_pkg/lib/agv_control_pkg
[4.300s] Installing tf_broadcaster script to /home/changye/ros2_ws2/install/agv_control_pkg/lib/agv_control_pkg
[4.300s] 
[4.300s] Installed /home/changye/ros2_ws2/build/agv_control_pkg
[4.300s] running symlink_data
[4.321s] Invoked command in '/home/changye/ros2_ws2/build/agv_control_pkg' returned '0': PYTHONPATH=/home/changye/ros2_ws2/build/agv_control_pkg/prefix_override:/usr/lib/python3/dist-packages/colcon_core/task/python/colcon_distutils_commands:/home/changye/ros2_ws2/install/agv_control_pkg/lib/python3.10/site-packages:${PYTHONPATH} /usr/bin/python3 -W ignore:setup.py install is deprecated setup.py develop --editable --build-directory /home/changye/ros2_ws2/build/agv_control_pkg/build --no-deps symlink_data
