In file included from [01m[K/home/changye/Ros2_gazebo/ros2_ws2/src/ros-controls/control_toolbox/include/control_toolbox/pid_ros.hpp:45[m[K,
                 from [01m[K/home/changye/Ros2_gazebo/ros2_ws2/src/ros-controls/control_toolbox/src/pid_ros.cpp:41[m[K:
[01m[K/opt/ros/humble/include/realtime_tools/realtime_tools/realtime_buffer.h:22:100:[m[K [01;36m[Knote: [m[K‘[01m[K#pragma message: This header include is deprecated. Please update your code to use 'realtime_buffer.hpp' header.[m[K’
   22 |   "This header include is deprecated. Please update your code to use 'realtime_buffer.hpp' header."[01;36m[K)[m[K  //NOLINT
      |                                                                                                    [01;36m[K^[m[K
In file included from [01m[K/home/changye/Ros2_gazebo/ros2_ws2/src/ros-controls/control_toolbox/include/control_toolbox/pid_ros.hpp:46[m[K,
                 from [01m[K/home/changye/Ros2_gazebo/ros2_ws2/src/ros-controls/control_toolbox/src/pid_ros.cpp:41[m[K:
[01m[K/opt/ros/humble/include/realtime_tools/realtime_tools/realtime_publisher.h:22:103:[m[K [01;36m[Knote: [m[K‘[01m[K#pragma message: This header include is deprecated. Please update your code to use 'realtime_publisher.hpp' header.[m[K’
   22 |   "This header include is deprecated. Please update your code to use 'realtime_publisher.hpp' header."[01;36m[K)[m[K  //NOLINT
      |                                                                                                       [01;36m[K^[m[K
In file included from [01m[K/home/changye/Ros2_gazebo/ros2_ws2/src/ros-controls/control_toolbox/include/control_toolbox/pid.hpp:43[m[K,
                 from [01m[K/home/changye/Ros2_gazebo/ros2_ws2/src/ros-controls/control_toolbox/src/pid.cpp:45[m[K:
[01m[K/opt/ros/humble/include/realtime_tools/realtime_tools/realtime_buffer.h:22:100:[m[K [01;36m[Knote: [m[K‘[01m[K#pragma message: This header include is deprecated. Please update your code to use 'realtime_buffer.hpp' header.[m[K’
   22 |   "This header include is deprecated. Please update your code to use 'realtime_buffer.hpp' header."[01;36m[K)[m[K  //NOLINT
      |                                                                                                    [01;36m[K^[m[K
In file included from [01m[K/home/changye/Ros2_gazebo/ros2_ws2/src/ros-controls/control_toolbox/include/control_toolbox/pid.hpp:44[m[K,
                 from [01m[K/home/changye/Ros2_gazebo/ros2_ws2/src/ros-controls/control_toolbox/src/pid.cpp:45[m[K:
[01m[K/opt/ros/humble/include/realtime_tools/realtime_tools/realtime_publisher.h:22:103:[m[K [01;36m[Knote: [m[K‘[01m[K#pragma message: This header include is deprecated. Please update your code to use 'realtime_publisher.hpp' header.[m[K’
   22 |   "This header include is deprecated. Please update your code to use 'realtime_publisher.hpp' header."[01;36m[K)[m[K  //NOLINT
      |                                                                                                       [01;36m[K^[m[K
In file included from [01m[K/home/changye/Ros2_gazebo/ros2_ws2/src/ros-controls/control_toolbox/include/control_toolbox/pid.hpp:43[m[K,
                 from [01m[K/home/changye/Ros2_gazebo/ros2_ws2/src/ros-controls/control_toolbox/test/pid_tests.cpp:36[m[K:
[01m[K/opt/ros/humble/include/realtime_tools/realtime_tools/realtime_buffer.h:22:100:[m[K [01;36m[Knote: [m[K‘[01m[K#pragma message: This header include is deprecated. Please update your code to use 'realtime_buffer.hpp' header.[m[K’
   22 | header include is deprecated. Please update your code to use 'realtime_buffer.hpp' header."[01;36m[K)[m[K  //NOLINT
      |                                                                                            [01;36m[K^[m[K

In file included from [01m[K/home/changye/Ros2_gazebo/ros2_ws2/src/ros-controls/control_toolbox/include/control_toolbox/pid.hpp:44[m[K,
                 from [01m[K/home/changye/Ros2_gazebo/ros2_ws2/src/ros-controls/control_toolbox/test/pid_tests.cpp:36[m[K:
[01m[K/opt/ros/humble/include/realtime_tools/realtime_tools/realtime_publisher.h:22:103:[m[K [01;36m[Knote: [m[K‘[01m[K#pragma message: This header include is deprecated. Please update your code to use 'realtime_publisher.hpp' header.[m[K’
   22 | der include is deprecated. Please update your code to use 'realtime_publisher.hpp' header."[01;36m[K)[m[K  //NOLINT
      |                                                                                            [01;36m[K^[m[K

In file included from [01m[K/home/changye/Ros2_gazebo/ros2_ws2/src/ros-controls/control_toolbox/include/control_toolbox/pid_ros.hpp:45[m[K,
                 from [01m[K/home/changye/Ros2_gazebo/ros2_ws2/src/ros-controls/control_toolbox/test/pid_publisher_tests.cpp:20[m[K:
[01m[K/opt/ros/humble/include/realtime_tools/realtime_tools/realtime_buffer.h:22:100:[m[K [01;36m[Knote: [m[K‘[01m[K#pragma message: This header include is deprecated. Please update your code to use 'realtime_buffer.hpp' header.[m[K’
   22 |   "This header include is deprecated. Please update your code to use 'realtime_buffer.hpp' header."[01;36m[K)[m[K  //NOLINT
      |                                                                                                    [01;36m[K^[m[K
In file included from [01m[K/home/changye/Ros2_gazebo/ros2_ws2/src/ros-controls/control_toolbox/include/control_toolbox/pid_ros.hpp:46[m[K,
                 from [01m[K/home/changye/Ros2_gazebo/ros2_ws2/src/ros-controls/control_toolbox/test/pid_publisher_tests.cpp:20[m[K:
[01m[K/opt/ros/humble/include/realtime_tools/realtime_tools/realtime_publisher.h:22:103:[m[K [01;36m[Knote: [m[K‘[01m[K#pragma message: This header include is deprecated. Please update your code to use 'realtime_publisher.hpp' header.[m[K’
   22 |   "This header include is deprecated. Please update your code to use 'realtime_publisher.hpp' header."[01;36m[K)[m[K  //NOLINT
      |                                                                                                       [01;36m[K^[m[K
In file included from [01m[K/home/changye/Ros2_gazebo/ros2_ws2/src/ros-controls/control_toolbox/include/control_toolbox/pid_ros.hpp:45[m[K,
                 from [01m[K/home/changye/Ros2_gazebo/ros2_ws2/src/ros-controls/control_toolbox/test/pid_parameters_tests.cpp:18[m[K:
[01m[K/opt/ros/humble/include/realtime_tools/realtime_tools/realtime_buffer.h:22:100:[m[K [01;36m[Knote: [m[K‘[01m[K#pragma message: This header include is deprecated. Please update your code to use 'realtime_buffer.hpp' header.[m[K’
   22 |   "This header include is deprecated. Please update your code to use 'realtime_buffer.hpp' header."[01;36m[K)[m[K  //NOLINT
      |                                                                                                    [01;36m[K^[m[K
In file included from [01m[K/home/changye/Ros2_gazebo/ros2_ws2/src/ros-controls/control_toolbox/include/control_toolbox/pid_ros.hpp:46[m[K,
                 from [01m[K/home/changye/Ros2_gazebo/ros2_ws2/src/ros-controls/control_toolbox/test/pid_parameters_tests.cpp:18[m[K:
[01m[K/opt/ros/humble/include/realtime_tools/realtime_tools/realtime_publisher.h:22:103:[m[K [01;36m[Knote: [m[K‘[01m[K#pragma message: This header include is deprecated. Please update your code to use 'realtime_publisher.hpp' header.[m[K’
   22 |   "This header include is deprecated. Please update your code to use 'realtime_publisher.hpp' header."[01;36m[K)[m[K  //NOLINT
      |                                                                                                       [01;36m[K^[m[K
