[0.009s] Invoking command in '/home/changye/Ros2_gazebo/ros2_ws2/build/control_toolbox': AMENT_PREFIX_PATH=/home/changye/Ros2_gazebo/ros2_ws2/install/control_msgs:${AMENT_PREFIX_PATH} CMAKE_PREFIX_PATH=/home/changye/Ros2_gazebo/ros2_ws2/install/control_msgs:/opt/ros/humble LD_LIBRARY_PATH=/home/changye/Ros2_gazebo/ros2_ws2/install/control_msgs/lib:/usr/lib/x86_64-linux-gnu/gazebo-11/plugins:/opt/ros/humble/lib/x86_64-linux-gnu:/opt/ros/humble/lib:/usr/lib/x86_64-linux-gnu/gazebo-11/plugins:/usr/share/gazebo-11/../../lib/x86_64-linux-gnu/gazebo-11/plugins:/usr/lib/x86_64-linux-gnu/gazebo-11/plugins PYTHONPATH=/home/changye/Ros2_gazebo/ros2_ws2/install/control_msgs/local/lib/python3.10/dist-packages:${PYTHONPATH} /usr/bin/cmake /home/changye/Ros2_gazebo/ros2_ws2/src/ros-controls/control_toolbox -DCMAKE_INSTALL_PREFIX=/home/changye/Ros2_gazebo/ros2_ws2/install/control_toolbox
[0.058s] -- The CXX compiler identification is GNU 11.4.0
[0.064s] -- Detecting CXX compiler ABI info
[0.123s] -- Detecting CXX compiler ABI info - done
[0.131s] -- Check for working CXX compiler: /usr/bin/c++ - skipped
[0.131s] -- Detecting CXX compile features
[0.131s] -- Detecting CXX compile features - done
[0.133s] -- Found ament_cmake: 1.3.11 (/opt/ros/humble/share/ament_cmake/cmake)
[0.273s] -- Found Python3: /usr/bin/python3 (found version "3.10.12") found components: Interpreter 
[0.338s] -- Found control_msgs: 4.4.0 (/home/changye/Ros2_gazebo/ros2_ws2/install/control_msgs/share/control_msgs/cmake)
[0.364s] -- Found rosidl_generator_c: 3.1.6 (/opt/ros/humble/share/rosidl_generator_c/cmake)
[0.368s] -- Found rosidl_adapter: 3.1.6 (/opt/ros/humble/share/rosidl_adapter/cmake)
[0.374s] -- Found rosidl_generator_cpp: 3.1.6 (/opt/ros/humble/share/rosidl_generator_cpp/cmake)
[0.383s] -- Using all available rosidl_typesupport_c: rosidl_typesupport_fastrtps_c;rosidl_typesupport_introspection_c
[0.396s] -- Using all available rosidl_typesupport_cpp: rosidl_typesupport_fastrtps_cpp;rosidl_typesupport_introspection_cpp
[0.501s] -- Found rclcpp: 16.0.11 (/opt/ros/humble/share/rclcpp/cmake)
[0.529s] -- Found rmw_implementation_cmake: 6.1.2 (/opt/ros/humble/share/rmw_implementation_cmake/cmake)
[0.531s] -- Found rmw_fastrtps_cpp: 6.2.7 (/opt/ros/humble/share/rmw_fastrtps_cpp/cmake)
[0.590s] -- Found OpenSSL: /usr/lib/x86_64-linux-gnu/libcrypto.so (found version "3.0.2")  
[0.612s] -- Found FastRTPS: /opt/ros/humble/include  
[0.643s] -- Using RMW implementation 'rmw_fastrtps_cpp' as default
[0.649s] -- Looking for C++ include pthread.h
[0.711s] -- Looking for C++ include pthread.h - found
[0.712s] -- Performing Test CMAKE_HAVE_LIBC_PTHREAD
[0.776s] -- Performing Test CMAKE_HAVE_LIBC_PTHREAD - Success
[0.777s] -- Found Threads: TRUE  
[0.810s] -- Found realtime_tools: 2.10.0 (/opt/ros/humble/share/realtime_tools/cmake)
[0.823s] -- Found filters: 2.1.0 (/opt/ros/humble/share/filters/cmake)
[0.825s] -- Found generate_parameter_library: 0.3.9 (/opt/ros/humble/share/generate_parameter_library/cmake)
[0.826s] -- Found parameter_traits: 0.3.9 (/opt/ros/humble/share/parameter_traits/cmake)
[0.839s] -- Found rclcpp_lifecycle: 16.0.11 (/opt/ros/humble/share/rclcpp_lifecycle/cmake)
[0.855s] -- Found pluginlib: 5.1.0 (/opt/ros/humble/share/pluginlib/cmake)
[0.875s] -- Found ament_cmake_gmock: 1.3.11 (/opt/ros/humble/share/ament_cmake_gmock/cmake)
[0.876s] -- Found ament_cmake_gtest: 1.3.11 (/opt/ros/humble/share/ament_cmake_gtest/cmake)
[0.878s] -- Found gmock sources under '/opt/ros/humble/src/gmock_vendor': C++ tests using 'Google Mock' will be built
[0.910s] -- The C compiler identification is GNU 11.4.0
[0.915s] -- Detecting C compiler ABI info
[0.965s] -- Detecting C compiler ABI info - done
[0.972s] -- Check for working C compiler: /usr/bin/cc - skipped
[0.972s] -- Detecting C compile features
[0.972s] -- Detecting C compile features - done
[0.975s] -- Found gtest sources under '/opt/ros/humble/src/gtest_vendor': C++ tests using 'Google Test' will be built
[1.039s] -- Configuring done
[1.073s] -- Generating done
[1.086s] -- Build files have been written to: /home/changye/Ros2_gazebo/ros2_ws2/build/control_toolbox
[1.096s] Invoked command in '/home/changye/Ros2_gazebo/ros2_ws2/build/control_toolbox' returned '0': AMENT_PREFIX_PATH=/home/changye/Ros2_gazebo/ros2_ws2/install/control_msgs:${AMENT_PREFIX_PATH} CMAKE_PREFIX_PATH=/home/changye/Ros2_gazebo/ros2_ws2/install/control_msgs:/opt/ros/humble LD_LIBRARY_PATH=/home/changye/Ros2_gazebo/ros2_ws2/install/control_msgs/lib:/usr/lib/x86_64-linux-gnu/gazebo-11/plugins:/opt/ros/humble/lib/x86_64-linux-gnu:/opt/ros/humble/lib:/usr/lib/x86_64-linux-gnu/gazebo-11/plugins:/usr/share/gazebo-11/../../lib/x86_64-linux-gnu/gazebo-11/plugins:/usr/lib/x86_64-linux-gnu/gazebo-11/plugins PYTHONPATH=/home/changye/Ros2_gazebo/ros2_ws2/install/control_msgs/local/lib/python3.10/dist-packages:${PYTHONPATH} /usr/bin/cmake /home/changye/Ros2_gazebo/ros2_ws2/src/ros-controls/control_toolbox -DCMAKE_INSTALL_PREFIX=/home/changye/Ros2_gazebo/ros2_ws2/install/control_toolbox
[1.097s] Invoking command in '/home/changye/Ros2_gazebo/ros2_ws2/build/control_toolbox': AMENT_PREFIX_PATH=/home/changye/Ros2_gazebo/ros2_ws2/install/control_msgs:${AMENT_PREFIX_PATH} CMAKE_PREFIX_PATH=/home/changye/Ros2_gazebo/ros2_ws2/install/control_msgs:/opt/ros/humble LD_LIBRARY_PATH=/home/changye/Ros2_gazebo/ros2_ws2/install/control_msgs/lib:/usr/lib/x86_64-linux-gnu/gazebo-11/plugins:/opt/ros/humble/lib/x86_64-linux-gnu:/opt/ros/humble/lib:/usr/lib/x86_64-linux-gnu/gazebo-11/plugins:/usr/share/gazebo-11/../../lib/x86_64-linux-gnu/gazebo-11/plugins:/usr/lib/x86_64-linux-gnu/gazebo-11/plugins PYTHONPATH=/home/changye/Ros2_gazebo/ros2_ws2/install/control_msgs/local/lib/python3.10/dist-packages:${PYTHONPATH} /usr/bin/cmake --build /home/changye/Ros2_gazebo/ros2_ws2/build/control_toolbox -- -j12 -l12
[1.146s] [  3%] [32mBuilding CXX object gtest/CMakeFiles/gtest.dir/src/gtest-all.cc.o[0m
[1.146s] [  6%] [32mBuilding CXX object gmock/CMakeFiles/gmock_main.dir/src/gmock_main.cc.o[0m
[1.146s] [ 10%] [32mBuilding CXX object CMakeFiles/control_toolbox.dir/src/pid.cpp.o[0m
[1.149s] [ 13%] [32mBuilding CXX object CMakeFiles/control_toolbox.dir/src/pid_ros.cpp.o[0m
[1.153s] [ 17%] [32mBuilding CXX object CMakeFiles/control_toolbox.dir/src/dither.cpp.o[0m
[1.154s] [ 20%] [32mBuilding CXX object gmock/CMakeFiles/gmock.dir/src/gmock-all.cc.o[0m
[1.155s] [ 24%] [32mBuilding CXX object CMakeFiles/control_toolbox.dir/src/limited_proxy.cpp.o[0m
[1.155s] [ 27%] [34m[1mRunning `/opt/ros/humble/bin/generate_parameter_library_cpp /home/changye/Ros2_gazebo/ros2_ws2/build/control_toolbox/low_pass_filter_parameters/include//low_pass_filter_parameters.hpp /home/changye/Ros2_gazebo/ros2_ws2/src/ros-controls/control_toolbox/src/control_filters/low_pass_filter_parameters.yaml `[0m
[1.157s] [ 34%] [32mBuilding CXX object gmock/CMakeFiles/gmock.dir/opt/ros/humble/src/gtest_vendor/src/gtest-all.cc.o[0m
[1.158s] [ 37%] [32mBuilding CXX object CMakeFiles/control_toolbox.dir/src/sine_sweep.cpp.o[0m
[1.160s] [ 37%] [32mBuilding CXX object gtest/CMakeFiles/gtest_main.dir/src/gtest_main.cc.o[0m
[1.160s] [ 41%] [32mBuilding CXX object CMakeFiles/control_toolbox.dir/src/sinusoid.cpp.o[0m
[1.784s] [ 41%] Built target low_pass_filter_parameters
[1.844s] [ 44%] [32mBuilding CXX object CMakeFiles/low_pass_filter.dir/src/control_filters/low_pass_filter.cpp.o[0m
[3.303s] [ 48%] [32m[1mLinking CXX static library libgtest_main.a[0m
[3.459s] [ 48%] Built target gtest_main
[3.679s] In file included from [01m[K/home/changye/Ros2_gazebo/ros2_ws2/src/ros-controls/control_toolbox/include/control_toolbox/pid_ros.hpp:45[m[K,
[3.681s]                  from [01m[K/home/changye/Ros2_gazebo/ros2_ws2/src/ros-controls/control_toolbox/src/pid_ros.cpp:41[m[K:
[3.682s] [01m[K/opt/ros/humble/include/realtime_tools/realtime_tools/realtime_buffer.h:22:100:[m[K [01;36m[Knote: [m[K‘[01m[K#pragma message: This header include is deprecated. Please update your code to use 'realtime_buffer.hpp' header.[m[K’
[3.682s]    22 |   "This header include is deprecated. Please update your code to use 'realtime_buffer.hpp' header."[01;36m[K)[m[K  //NOLINT
[3.682s]       |                                                                                                    [01;36m[K^[m[K
[3.682s] In file included from [01m[K/home/changye/Ros2_gazebo/ros2_ws2/src/ros-controls/control_toolbox/include/control_toolbox/pid_ros.hpp:46[m[K,
[3.682s]                  from [01m[K/home/changye/Ros2_gazebo/ros2_ws2/src/ros-controls/control_toolbox/src/pid_ros.cpp:41[m[K:
[3.682s] [01m[K/opt/ros/humble/include/realtime_tools/realtime_tools/realtime_publisher.h:22:103:[m[K [01;36m[Knote: [m[K‘[01m[K#pragma message: This header include is deprecated. Please update your code to use 'realtime_publisher.hpp' header.[m[K’
[3.682s]    22 |   "This header include is deprecated. Please update your code to use 'realtime_publisher.hpp' header."[01;36m[K)[m[K  //NOLINT
[3.682s]       |                                                                                                       [01;36m[K^[m[K
[3.721s] [ 51%] [32m[1mLinking CXX static library libgmock_main.a[0m
[3.865s] [ 51%] Built target gmock_main
[4.138s] In file included from [01m[K/home/changye/Ros2_gazebo/ros2_ws2/src/ros-controls/control_toolbox/include/control_toolbox/pid.hpp:43[m[K,
[4.139s]                  from [01m[K/home/changye/Ros2_gazebo/ros2_ws2/src/ros-controls/control_toolbox/src/pid.cpp:45[m[K:
[4.139s] [01m[K/opt/ros/humble/include/realtime_tools/realtime_tools/realtime_buffer.h:22:100:[m[K [01;36m[Knote: [m[K‘[01m[K#pragma message: This header include is deprecated. Please update your code to use 'realtime_buffer.hpp' header.[m[K’
[4.139s]    22 |   "This header include is deprecated. Please update your code to use 'realtime_buffer.hpp' header."[01;36m[K)[m[K  //NOLINT
[4.139s]       |                                                                                                    [01;36m[K^[m[K
[4.140s] In file included from [01m[K/home/changye/Ros2_gazebo/ros2_ws2/src/ros-controls/control_toolbox/include/control_toolbox/pid.hpp:44[m[K,
[4.140s]                  from [01m[K/home/changye/Ros2_gazebo/ros2_ws2/src/ros-controls/control_toolbox/src/pid.cpp:45[m[K:
[4.140s] [01m[K/opt/ros/humble/include/realtime_tools/realtime_tools/realtime_publisher.h:22:103:[m[K [01;36m[Knote: [m[K‘[01m[K#pragma message: This header include is deprecated. Please update your code to use 'realtime_publisher.hpp' header.[m[K’
[4.140s]    22 |   "This header include is deprecated. Please update your code to use 'realtime_publisher.hpp' header."[01;36m[K)[m[K  //NOLINT
[4.140s]       |                                                                                                       [01;36m[K^[m[K
[5.956s] [ 55%] [32m[1mLinking CXX static library libgtest.a[0m
[6.029s] [ 55%] Built target gtest
[6.032s] [ 58%] [32m[1mLinking CXX shared library libcontrol_toolbox.so[0m
[6.070s] [ 62%] [32m[1mLinking CXX static library libgmock.a[0m
[6.149s] [ 62%] Built target gmock
[6.226s] [ 62%] Built target control_toolbox
[6.242s] [ 65%] [32mBuilding CXX object CMakeFiles/pid_publisher_tests.dir/test/pid_publisher_tests.cpp.o[0m
[6.242s] [ 68%] [32mBuilding CXX object CMakeFiles/pid_tests.dir/test/pid_tests.cpp.o[0m
[6.247s] [ 72%] [32mBuilding CXX object CMakeFiles/pid_parameters_tests.dir/test/pid_parameters_tests.cpp.o[0m
[7.373s] [ 75%] [32m[1mLinking CXX shared library liblow_pass_filter.so[0m
[7.504s] [ 75%] Built target low_pass_filter
[7.523s] [ 82%] [32mBuilding CXX object CMakeFiles/test_load_low_pass_filter.dir/test/control_filters/test_load_low_pass_filter.cpp.o[0m
[7.523s] [ 82%] [32mBuilding CXX object CMakeFiles/test_low_pass_filter.dir/test/control_filters/test_low_pass_filter.cpp.o[0m
[7.529s] In file included from [01m[K/home/changye/Ros2_gazebo/ros2_ws2/src/ros-controls/control_toolbox/include/control_toolbox/pid.hpp:43[m[K,
[7.529s]                  from [01m[K/home/changye/Ros2_gazebo/ros2_ws2/src/ros-controls/control_toolbox/test/pid_tests.cpp:36[m[K:
[7.529s] [01m[K/opt/ros/humble/include/realtime_tools/realtime_tools/realtime_buffer.h:22:100:[m[K [01;36m[Knote: [m[K‘[01m[K#pragma message: This header include is deprecated. Please update your code to use 'realtime_buffer.hpp' header.[m[K’
[7.529s]    22 | header include is deprecated. Please update your code to use 'realtime_buffer.hpp' header."[01;36m[K)[m[K  //NOLINT
[7.529s]       |                                                                                            [01;36m[K^[m[K
[7.529s] 
[7.529s] In file included from [01m[K/home/changye/Ros2_gazebo/ros2_ws2/src/ros-controls/control_toolbox/include/control_toolbox/pid.hpp:44[m[K,
[7.529s]                  from [01m[K/home/changye/Ros2_gazebo/ros2_ws2/src/ros-controls/control_toolbox/test/pid_tests.cpp:36[m[K:
[7.530s] [01m[K/opt/ros/humble/include/realtime_tools/realtime_tools/realtime_publisher.h:22:103:[m[K [01;36m[Knote: [m[K‘[01m[K#pragma message: This header include is deprecated. Please update your code to use 'realtime_publisher.hpp' header.[m[K’
[7.530s]    22 | der include is deprecated. Please update your code to use 'realtime_publisher.hpp' header."[01;36m[K)[m[K  //NOLINT
[7.530s]       |                                                                                            [01;36m[K^[m[K
[7.530s] 
[8.584s] In file included from [01m[K/home/changye/Ros2_gazebo/ros2_ws2/src/ros-controls/control_toolbox/include/control_toolbox/pid_ros.hpp:45[m[K,
[8.584s]                  from [01m[K/home/changye/Ros2_gazebo/ros2_ws2/src/ros-controls/control_toolbox/test/pid_publisher_tests.cpp:20[m[K:
[8.584s] [01m[K/opt/ros/humble/include/realtime_tools/realtime_tools/realtime_buffer.h:22:100:[m[K [01;36m[Knote: [m[K‘[01m[K#pragma message: This header include is deprecated. Please update your code to use 'realtime_buffer.hpp' header.[m[K’
[8.584s]    22 |   "This header include is deprecated. Please update your code to use 'realtime_buffer.hpp' header."[01;36m[K)[m[K  //NOLINT
[8.584s]       |                                                                                                    [01;36m[K^[m[K
[8.585s] In file included from [01m[K/home/changye/Ros2_gazebo/ros2_ws2/src/ros-controls/control_toolbox/include/control_toolbox/pid_ros.hpp:46[m[K,
[8.585s]                  from [01m[K/home/changye/Ros2_gazebo/ros2_ws2/src/ros-controls/control_toolbox/test/pid_publisher_tests.cpp:20[m[K:
[8.585s] [01m[K/opt/ros/humble/include/realtime_tools/realtime_tools/realtime_publisher.h:22:103:[m[K [01;36m[Knote: [m[K‘[01m[K#pragma message: This header include is deprecated. Please update your code to use 'realtime_publisher.hpp' header.[m[K’
[8.585s]    22 |   "This header include is deprecated. Please update your code to use 'realtime_publisher.hpp' header."[01;36m[K)[m[K  //NOLINT
[8.585s]       |                                                                                                       [01;36m[K^[m[K
[9.798s] In file included from [01m[K/home/changye/Ros2_gazebo/ros2_ws2/src/ros-controls/control_toolbox/include/control_toolbox/pid_ros.hpp:45[m[K,
[9.798s]                  from [01m[K/home/changye/Ros2_gazebo/ros2_ws2/src/ros-controls/control_toolbox/test/pid_parameters_tests.cpp:18[m[K:
[9.798s] [01m[K/opt/ros/humble/include/realtime_tools/realtime_tools/realtime_buffer.h:22:100:[m[K [01;36m[Knote: [m[K‘[01m[K#pragma message: This header include is deprecated. Please update your code to use 'realtime_buffer.hpp' header.[m[K’
[9.798s]    22 |   "This header include is deprecated. Please update your code to use 'realtime_buffer.hpp' header."[01;36m[K)[m[K  //NOLINT
[9.799s]       |                                                                                                    [01;36m[K^[m[K
[9.799s] In file included from [01m[K/home/changye/Ros2_gazebo/ros2_ws2/src/ros-controls/control_toolbox/include/control_toolbox/pid_ros.hpp:46[m[K,
[9.799s]                  from [01m[K/home/changye/Ros2_gazebo/ros2_ws2/src/ros-controls/control_toolbox/test/pid_parameters_tests.cpp:18[m[K:
[9.799s] [01m[K/opt/ros/humble/include/realtime_tools/realtime_tools/realtime_publisher.h:22:103:[m[K [01;36m[Knote: [m[K‘[01m[K#pragma message: This header include is deprecated. Please update your code to use 'realtime_publisher.hpp' header.[m[K’
[9.800s]    22 |   "This header include is deprecated. Please update your code to use 'realtime_publisher.hpp' header."[01;36m[K)[m[K  //NOLINT
[9.800s]       |                                                                                                       [01;36m[K^[m[K
[10.071s] [ 86%] [32m[1mLinking CXX executable pid_tests[0m
[10.637s] [ 86%] Built target pid_tests
[11.501s] [ 89%] [32m[1mLinking CXX executable pid_parameters_tests[0m
[11.727s] [ 89%] Built target pid_parameters_tests
[15.413s] [ 93%] [32m[1mLinking CXX executable test_low_pass_filter[0m
[16.106s] [ 93%] Built target test_low_pass_filter
[17.797s] [ 96%] [32m[1mLinking CXX executable pid_publisher_tests[0m
[19.259s] [ 96%] Built target pid_publisher_tests
[20.043s] [100%] [32m[1mLinking CXX executable test_load_low_pass_filter[0m
[20.512s] [100%] Built target test_load_low_pass_filter
[20.530s] Invoked command in '/home/changye/Ros2_gazebo/ros2_ws2/build/control_toolbox' returned '0': AMENT_PREFIX_PATH=/home/changye/Ros2_gazebo/ros2_ws2/install/control_msgs:${AMENT_PREFIX_PATH} CMAKE_PREFIX_PATH=/home/changye/Ros2_gazebo/ros2_ws2/install/control_msgs:/opt/ros/humble LD_LIBRARY_PATH=/home/changye/Ros2_gazebo/ros2_ws2/install/control_msgs/lib:/usr/lib/x86_64-linux-gnu/gazebo-11/plugins:/opt/ros/humble/lib/x86_64-linux-gnu:/opt/ros/humble/lib:/usr/lib/x86_64-linux-gnu/gazebo-11/plugins:/usr/share/gazebo-11/../../lib/x86_64-linux-gnu/gazebo-11/plugins:/usr/lib/x86_64-linux-gnu/gazebo-11/plugins PYTHONPATH=/home/changye/Ros2_gazebo/ros2_ws2/install/control_msgs/local/lib/python3.10/dist-packages:${PYTHONPATH} /usr/bin/cmake --build /home/changye/Ros2_gazebo/ros2_ws2/build/control_toolbox -- -j12 -l12
[20.532s] Invoking command in '/home/changye/Ros2_gazebo/ros2_ws2/build/control_toolbox': AMENT_PREFIX_PATH=/home/changye/Ros2_gazebo/ros2_ws2/install/control_msgs:${AMENT_PREFIX_PATH} CMAKE_PREFIX_PATH=/home/changye/Ros2_gazebo/ros2_ws2/install/control_msgs:/opt/ros/humble LD_LIBRARY_PATH=/home/changye/Ros2_gazebo/ros2_ws2/install/control_msgs/lib:/usr/lib/x86_64-linux-gnu/gazebo-11/plugins:/opt/ros/humble/lib/x86_64-linux-gnu:/opt/ros/humble/lib:/usr/lib/x86_64-linux-gnu/gazebo-11/plugins:/usr/share/gazebo-11/../../lib/x86_64-linux-gnu/gazebo-11/plugins:/usr/lib/x86_64-linux-gnu/gazebo-11/plugins PYTHONPATH=/home/changye/Ros2_gazebo/ros2_ws2/install/control_msgs/local/lib/python3.10/dist-packages:${PYTHONPATH} /usr/bin/cmake --install /home/changye/Ros2_gazebo/ros2_ws2/build/control_toolbox
[20.543s] -- Install configuration: ""
[20.543s] -- Installing: /home/changye/Ros2_gazebo/ros2_ws2/install/control_toolbox/include/low_pass_filter_parameters
[20.543s] -- Installing: /home/changye/Ros2_gazebo/ros2_ws2/install/control_toolbox/include/low_pass_filter_parameters/low_pass_filter_parameters.hpp
[20.543s] -- Installing: /home/changye/Ros2_gazebo/ros2_ws2/install/control_toolbox/share/control_toolbox/control_filters.xml
[20.544s] -- Installing: /home/changye/Ros2_gazebo/ros2_ws2/install/control_toolbox/include/control_toolbox
[20.544s] -- Installing: /home/changye/Ros2_gazebo/ros2_ws2/install/control_toolbox/include/control_toolbox/control_filters
[20.544s] -- Installing: /home/changye/Ros2_gazebo/ros2_ws2/install/control_toolbox/include/control_toolbox/control_filters/low_pass_filter.hpp
[20.544s] -- Installing: /home/changye/Ros2_gazebo/ros2_ws2/install/control_toolbox/include/control_toolbox/control_toolbox
[20.544s] -- Installing: /home/changye/Ros2_gazebo/ros2_ws2/install/control_toolbox/include/control_toolbox/control_toolbox/sine_sweep.hpp
[20.544s] -- Installing: /home/changye/Ros2_gazebo/ros2_ws2/install/control_toolbox/include/control_toolbox/control_toolbox/visibility_control.hpp
[20.544s] -- Installing: /home/changye/Ros2_gazebo/ros2_ws2/install/control_toolbox/include/control_toolbox/control_toolbox/pid.hpp
[20.544s] -- Installing: /home/changye/Ros2_gazebo/ros2_ws2/install/control_toolbox/include/control_toolbox/control_toolbox/sinusoid.hpp
[20.544s] -- Installing: /home/changye/Ros2_gazebo/ros2_ws2/install/control_toolbox/include/control_toolbox/control_toolbox/dither.hpp
[20.544s] -- Installing: /home/changye/Ros2_gazebo/ros2_ws2/install/control_toolbox/include/control_toolbox/control_toolbox/limited_proxy.hpp
[20.544s] -- Installing: /home/changye/Ros2_gazebo/ros2_ws2/install/control_toolbox/include/control_toolbox/control_toolbox/pid_ros.hpp
[20.545s] -- Installing: /home/changye/Ros2_gazebo/ros2_ws2/install/control_toolbox/include/control_toolbox/control_toolbox/filters.hpp
[20.545s] -- Installing: /home/changye/Ros2_gazebo/ros2_ws2/install/control_toolbox/lib/libcontrol_toolbox.so
[20.547s] -- Set runtime path of "/home/changye/Ros2_gazebo/ros2_ws2/install/control_toolbox/lib/libcontrol_toolbox.so" to ""
[20.547s] -- Installing: /home/changye/Ros2_gazebo/ros2_ws2/install/control_toolbox/lib/liblow_pass_filter.so
[20.548s] -- Set runtime path of "/home/changye/Ros2_gazebo/ros2_ws2/install/control_toolbox/lib/liblow_pass_filter.so" to ""
[20.548s] -- Installing: /home/changye/Ros2_gazebo/ros2_ws2/install/control_toolbox/share/control_toolbox/environment/library_path.sh
[20.548s] -- Installing: /home/changye/Ros2_gazebo/ros2_ws2/install/control_toolbox/share/control_toolbox/environment/library_path.dsv
[20.549s] -- Installing: /home/changye/Ros2_gazebo/ros2_ws2/install/control_toolbox/share/ament_index/resource_index/package_run_dependencies/control_toolbox
[20.549s] -- Installing: /home/changye/Ros2_gazebo/ros2_ws2/install/control_toolbox/share/ament_index/resource_index/parent_prefix_path/control_toolbox
[20.549s] -- Installing: /home/changye/Ros2_gazebo/ros2_ws2/install/control_toolbox/share/control_toolbox/environment/ament_prefix_path.sh
[20.550s] -- Installing: /home/changye/Ros2_gazebo/ros2_ws2/install/control_toolbox/share/control_toolbox/environment/ament_prefix_path.dsv
[20.550s] -- Installing: /home/changye/Ros2_gazebo/ros2_ws2/install/control_toolbox/share/control_toolbox/environment/path.sh
[20.550s] -- Installing: /home/changye/Ros2_gazebo/ros2_ws2/install/control_toolbox/share/control_toolbox/environment/path.dsv
[20.550s] -- Installing: /home/changye/Ros2_gazebo/ros2_ws2/install/control_toolbox/share/control_toolbox/local_setup.bash
[20.550s] -- Installing: /home/changye/Ros2_gazebo/ros2_ws2/install/control_toolbox/share/control_toolbox/local_setup.sh
[20.550s] -- Installing: /home/changye/Ros2_gazebo/ros2_ws2/install/control_toolbox/share/control_toolbox/local_setup.zsh
[20.550s] -- Installing: /home/changye/Ros2_gazebo/ros2_ws2/install/control_toolbox/share/control_toolbox/local_setup.dsv
[20.551s] -- Installing: /home/changye/Ros2_gazebo/ros2_ws2/install/control_toolbox/share/control_toolbox/package.dsv
[20.551s] -- Installing: /home/changye/Ros2_gazebo/ros2_ws2/install/control_toolbox/share/ament_index/resource_index/packages/control_toolbox
[20.551s] -- Installing: /home/changye/Ros2_gazebo/ros2_ws2/install/control_toolbox/share/ament_index/resource_index/filters__pluginlib__plugin/control_toolbox
[20.551s] -- Installing: /home/changye/Ros2_gazebo/ros2_ws2/install/control_toolbox/share/control_toolbox/cmake/export_control_toolboxExport.cmake
[20.551s] -- Installing: /home/changye/Ros2_gazebo/ros2_ws2/install/control_toolbox/share/control_toolbox/cmake/export_control_toolboxExport-noconfig.cmake
[20.551s] -- Installing: /home/changye/Ros2_gazebo/ros2_ws2/install/control_toolbox/share/control_toolbox/cmake/ament_cmake_export_targets-extras.cmake
[20.552s] -- Installing: /home/changye/Ros2_gazebo/ros2_ws2/install/control_toolbox/share/control_toolbox/cmake/ament_cmake_export_dependencies-extras.cmake
[20.552s] -- Installing: /home/changye/Ros2_gazebo/ros2_ws2/install/control_toolbox/share/control_toolbox/cmake/control_toolboxConfig.cmake
[20.552s] -- Installing: /home/changye/Ros2_gazebo/ros2_ws2/install/control_toolbox/share/control_toolbox/cmake/control_toolboxConfig-version.cmake
[20.552s] -- Installing: /home/changye/Ros2_gazebo/ros2_ws2/install/control_toolbox/share/control_toolbox/package.xml
[20.558s] Invoked command in '/home/changye/Ros2_gazebo/ros2_ws2/build/control_toolbox' returned '0': AMENT_PREFIX_PATH=/home/changye/Ros2_gazebo/ros2_ws2/install/control_msgs:${AMENT_PREFIX_PATH} CMAKE_PREFIX_PATH=/home/changye/Ros2_gazebo/ros2_ws2/install/control_msgs:/opt/ros/humble LD_LIBRARY_PATH=/home/changye/Ros2_gazebo/ros2_ws2/install/control_msgs/lib:/usr/lib/x86_64-linux-gnu/gazebo-11/plugins:/opt/ros/humble/lib/x86_64-linux-gnu:/opt/ros/humble/lib:/usr/lib/x86_64-linux-gnu/gazebo-11/plugins:/usr/share/gazebo-11/../../lib/x86_64-linux-gnu/gazebo-11/plugins:/usr/lib/x86_64-linux-gnu/gazebo-11/plugins PYTHONPATH=/home/changye/Ros2_gazebo/ros2_ws2/install/control_msgs/local/lib/python3.10/dist-packages:${PYTHONPATH} /usr/bin/cmake --install /home/changye/Ros2_gazebo/ros2_ws2/build/control_toolbox
