[1.609s] Invoking command in '/home/changye/ros2_ws2/build/agv_control_pkg': PYTHONPATH=/home/changye/ros2_ws2/build/agv_control_pkg/prefix_override:/usr/lib/python3/dist-packages/colcon_core/task/python/colcon_distutils_commands:/home/changye/ros2_ws2/install/agv_control_pkg/lib/python3.10/site-packages:${PYTHONPATH} /usr/bin/python3 -W ignore:setup.py install is deprecated setup.py develop --editable --build-directory /home/changye/ros2_ws2/build/agv_control_pkg/build --no-deps symlink_data
[2.218s] running develop
[2.541s] running egg_info
[2.541s] writing agv_control_pkg.egg-info/PKG-INFO
[2.541s] writing dependency_links to agv_control_pkg.egg-info/dependency_links.txt
[2.541s] writing entry points to agv_control_pkg.egg-info/entry_points.txt
[2.541s] writing requirements to agv_control_pkg.egg-info/requires.txt
[2.541s] writing top-level names to agv_control_pkg.egg-info/top_level.txt
[2.543s] reading manifest file 'agv_control_pkg.egg-info/SOURCES.txt'
[2.544s] writing manifest file 'agv_control_pkg.egg-info/SOURCES.txt'
[2.549s] running build_ext
[2.549s] Creating /home/changye/ros2_ws2/install/agv_control_pkg/lib/python3.10/site-packages/agv-control-pkg.egg-link (link to .)
[2.549s] Installing agv_controller script to /home/changye/ros2_ws2/install/agv_control_pkg/lib/agv_control_pkg
[2.550s] Installing line_detection script to /home/changye/ros2_ws2/install/agv_control_pkg/lib/agv_control_pkg
[2.550s] Installing tag_detection script to /home/changye/ros2_ws2/install/agv_control_pkg/lib/agv_control_pkg
[2.550s] Installing tag_detection_old script to /home/changye/ros2_ws2/install/agv_control_pkg/lib/agv_control_pkg
[2.550s] Installing tf_broadcaster script to /home/changye/ros2_ws2/install/agv_control_pkg/lib/agv_control_pkg
[2.550s] 
[2.550s] Installed /home/changye/ros2_ws2/build/agv_control_pkg
[2.550s] running symlink_data
[2.578s] Invoked command in '/home/changye/ros2_ws2/build/agv_control_pkg' returned '0': PYTHONPATH=/home/changye/ros2_ws2/build/agv_control_pkg/prefix_override:/usr/lib/python3/dist-packages/colcon_core/task/python/colcon_distutils_commands:/home/changye/ros2_ws2/install/agv_control_pkg/lib/python3.10/site-packages:${PYTHONPATH} /usr/bin/python3 -W ignore:setup.py install is deprecated setup.py develop --editable --build-directory /home/changye/ros2_ws2/build/agv_control_pkg/build --no-deps symlink_data
