[0.463s] Invoking command in '/home/changye/ros2_ws2/build/my_agv2': CMAKE_PREFIX_PATH=${CMAKE_PREFIX_PATH}:/home/changye/ros2_ws2/install/agv_control_pkg:/home/changye/ROS2_learning/ros2_ws/install/turtle_sim_challenge:/home/changye/ROS2_learning/ros2_ws/install/my_py_pkg:/opt/ros/humble:/home/changye/ros2_humble/install/rqt_bag_plugins:/home/changye/ros2_humble/install/rqt_bag:/home/changye/ros2_humble/install/ros2bag:/home/changye/ros2_humble/install/tracetools_test:/home/changye/ros2_humble/install/tracetools_launch:/home/changye/ros2_humble/install/topic_monitor:/home/changye/ros2_humble/install/tf2_tools:/home/changye/ros2_humble/install/examples_tf2_py:/home/changye/ros2_humble/install/tf2_ros_py:/home/changye/ros2_humble/install/sros2:/home/changye/ros2_humble/install/rqt_topic:/home/changye/ros2_humble/install/rqt_srv:/home/changye/ros2_humble/install/rqt_shell:/home/changye/ros2_humble/install/rqt_service_caller:/home/changye/ros2_humble/install/rqt_reconfigure:/home/changye/ros2_humble/install/rqt_py_console:/home/changye/ros2_humble/install/rqt_publisher:/home/changye/ros2_humble/install/rqt_plot:/home/changye/ros2_humble/install/rqt_action:/home/changye/ros2_humble/install/rqt_msg:/home/changye/ros2_humble/install/rqt_console:/home/changye/ros2_humble/install/rqt:/home/changye/ros2_humble/install/rqt_graph:/home/changye/ros2_humble/install/rqt_gui_py:/home/changye/ros2_humble/install/rqt_gui:/home/changye/ros2_humble/install/ros2trace:/home/changye/ros2_humble/install/ros2topic:/home/changye/ros2_humble/install/ros2test:/home/changye/ros2_humble/install/ros2component:/home/changye/ros2_humble/install/ros2param:/home/changye/ros2_humble/install/ros2lifecycle:/home/changye/ros2_humble/install/ros2service:/home/changye/ros2_humble/install/ros2run:/home/changye/ros2_humble/install/ros2launch:/home/changye/ros2_humble/install/ros2pkg:/home/changye/ros2_humble/install/ros2node:/home/changye/ros2_humble/install/ros2multicast:/home/changye/ros2_humble/install/ros2interface:/home/changye/ros2_humble/install/ros2doctor:/home/changye/ros2_humble/install/ros2action:/home/changye/ros2_humble/install/ros2cli:/home/changye/ros2_humble/install/quality_of_service_demo_py:/home/changye/ros2_humble/install/lifecycle_py:/home/changye/ros2_humble/install/launch_testing_ros:/home/changye/ros2_humble/install/launch_ros:/home/changye/ros2_humble/install/examples_rclpy_pointcloud_publisher:/home/changye/ros2_humble/install/examples_rclpy_minimal_subscriber:/home/changye/ros2_humble/install/examples_rclpy_minimal_service:/home/changye/ros2_humble/install/examples_rclpy_minimal_publisher:/home/changye/ros2_humble/install/examples_rclpy_minimal_client:/home/changye/ros2_humble/install/examples_rclpy_minimal_action_server:/home/changye/ros2_humble/install/examples_rclpy_minimal_action_client:/home/changye/ros2_humble/install/examples_rclpy_guard_conditions:/home/changye/ros2_humble/install/examples_rclpy_executors:/home/changye/ros2_humble/install/demo_nodes_py:/home/changye/ros2_humble/install/action_tutorials_py:/home/changye/ros2_humble/install/ament_uncrustify:/home/changye/ros2_humble/install/tracetools_trace:/home/changye/ros2_humble/install/tracetools_read:/home/changye/ros2_humble/install/test_tracetools_launch:/home/changye/ros2_humble/install/test_launch_ros:/home/changye/ros2_humble/install/sensor_msgs_py:/home/changye/ros2_humble/install/rpyutils:/home/changye/ros2_humble/install/rosidl_runtime_py:/home/changye/ros2_humble/install/rosidl_cli:/home/changye/ros2_humble/install/launch_pytest:/home/changye/ros2_humble/install/launch_testing:/home/changye/ros2_humble/install/launch_yaml:/home/changye/ros2_humble/install/launch_xml:/home/changye/ros2_humble/install/launch:/home/changye/ros2_humble/install/osrf_pycommon:/home/changye/ros2_humble/install/launch_testing_examples:/home/changye/ros2_humble/install/domain_coordinator:/home/changye/ros2_humble/install/ament_xmllint:/home/changye/ros2_humble/install/ament_pyflakes:/home/changye/ros2_humble/install/ament_pycodestyle:/home/changye/ros2_humble/install/ament_pep257:/home/changye/ros2_humble/install/ament_pclint:/home/changye/ros2_humble/install/ament_package:/home/changye/ros2_humble/install/ament_mypy:/home/changye/ros2_humble/install/ament_lint_cmake:/home/changye/ros2_humble/install/ament_flake8:/home/changye/ros2_humble/install/ament_copyright:/home/changye/ros2_humble/install/ament_lint:/home/changye/ros2_humble/install/ament_index_python:/home/changye/ros2_humble/install/ament_cpplint:/home/changye/ros2_humble/install/ament_cppcheck:/home/changye/ros2_humble/install/ament_clang_tidy:/home/changye/ros2_humble/install/ament_clang_format /usr/bin/cmake /home/changye/ros2_ws2/src/my_agv2 -DCMAKE_INSTALL_PREFIX=/home/changye/ros2_ws2/install/my_agv2
[0.635s] -- Found ament_cmake: 1.3.6 (/home/changye/ros2_humble/install/ament_cmake/share/ament_cmake/cmake)
[1.113s] -- Override CMake install command with custom implementation using symlinks instead of copying resources
[1.227s] -- Found urdf: 2.6.0 (/home/changye/ros2_humble/install/urdf/share/urdf/cmake)
[1.838s] -- Found xacro: 2.0.8 (/opt/ros/humble/share/xacro/cmake)
[1.867s] -- Found rclpy: 3.3.11 (/home/changye/ros2_humble/install/rclpy/share/rclpy/cmake)
[1.885s] -- Found gazebo_ros: 3.7.0 (/opt/ros/humble/share/gazebo_ros/cmake)
[2.112s] -- Found rosidl_generator_c: 3.1.5 (/home/changye/ros2_humble/install/rosidl_generator_c/share/rosidl_generator_c/cmake)
[2.142s] -- Found rosidl_adapter: 3.1.5 (/home/changye/ros2_humble/install/rosidl_adapter/share/rosidl_adapter/cmake)
[2.185s] -- Found rosidl_generator_cpp: 3.1.5 (/home/changye/ros2_humble/install/rosidl_generator_cpp/share/rosidl_generator_cpp/cmake)
[2.360s] -- Using all available rosidl_typesupport_c: rosidl_typesupport_fastrtps_c;rosidl_typesupport_introspection_c
[2.496s] -- Using all available rosidl_typesupport_cpp: rosidl_typesupport_fastrtps_cpp;rosidl_typesupport_introspection_cpp
[2.831s] -- Found rmw_implementation_cmake: 6.1.1 (/home/changye/ros2_humble/install/rmw_implementation_cmake/share/rmw_implementation_cmake/cmake)
[2.952s] -- Found rmw_fastrtps_cpp: 6.2.5 (/home/changye/ros2_humble/install/rmw_fastrtps_cpp/share/rmw_fastrtps_cpp/cmake)
[3.116s] -- Found TinyXML2 via Config file: TinyXML2_DIR-NOTFOUND
[3.185s] -- Found TinyXML2 via Config file: TinyXML2_DIR-NOTFOUND
[3.225s] -- Found TinyXML2 via Config file: TinyXML2_DIR-NOTFOUND
[3.233s] -- Found TinyXML2 via Config file: TinyXML2_DIR-NOTFOUND
[3.267s] -- Using RMW implementation 'rmw_fastrtps_cpp' as default
[3.785s] -- Found DART: /usr/include (Required is at least version "6.6") found components: dart 
[4.033s] -- Found Protobuf: /usr/lib/x86_64-linux-gnu/libprotobuf.so (found version "3.12.4") 
[4.055s] -- Looking for ignition-math6 -- found version 6.15.1
[4.110s] -- Searching for dependencies of ignition-math6
[4.120s] -- Looking for OGRE...
[4.145s] -- Found Ogre Ghadamon (1.9.0)
[4.155s] -- Found OGRE: optimized;/usr/lib/x86_64-linux-gnu/libOgreMain.so;debug;/usr/lib/x86_64-linux-gnu/libOgreMain.so
[4.162s] -- Looking for OGRE_Paging...
[4.162s] -- Found OGRE_Paging: optimized;/usr/lib/x86_64-linux-gnu/libOgrePaging.so;debug;/usr/lib/x86_64-linux-gnu/libOgrePaging.so
[4.163s] -- Looking for OGRE_Terrain...
[4.163s] -- Found OGRE_Terrain: optimized;/usr/lib/x86_64-linux-gnu/libOgreTerrain.so;debug;/usr/lib/x86_64-linux-gnu/libOgreTerrain.so
[4.163s] -- Looking for OGRE_Property...
[4.163s] -- Found OGRE_Property: optimized;/usr/lib/x86_64-linux-gnu/libOgreProperty.so;debug;/usr/lib/x86_64-linux-gnu/libOgreProperty.so
[4.163s] -- Looking for OGRE_RTShaderSystem...
[4.163s] -- Found OGRE_RTShaderSystem: optimized;/usr/lib/x86_64-linux-gnu/libOgreRTShaderSystem.so;debug;/usr/lib/x86_64-linux-gnu/libOgreRTShaderSystem.so
[4.163s] -- Looking for OGRE_Volume...
[4.163s] -- Found OGRE_Volume: optimized;/usr/lib/x86_64-linux-gnu/libOgreVolume.so;debug;/usr/lib/x86_64-linux-gnu/libOgreVolume.so
[4.163s] -- Looking for OGRE_Overlay...
[4.163s] -- Found OGRE_Overlay: optimized;/usr/lib/x86_64-linux-gnu/libOgreOverlay.so;debug;/usr/lib/x86_64-linux-gnu/libOgreOverlay.so
[5.473s] -- Looking for ignition-math6 -- found version 6.15.1
[5.493s] -- Looking for ignition-transport8 -- found version 8.2.1
[5.493s] -- Searching for dependencies of ignition-transport8
[5.535s] -- Found Protobuf: /usr/lib/x86_64-linux-gnu/libprotobuf.so (found suitable version "3.12.4", minimum required is "3") 
[5.561s] -- Config-file not installed for ZeroMQ -- checking for pkg-config
[5.567s] -- Checking for module 'libzmq >= 4'
[5.741s] --   Found libzmq , version 4.3.4
[5.818s] -- Checking for module 'uuid'
[5.862s] --   Found uuid, version 2.37.2
[5.921s] -- Looking for ignition-msgs5 -- found version 5.8.1
[5.921s] -- Searching for dependencies of ignition-msgs5
[5.955s] -- Looking for ignition-math6 -- found version 6.15.1
[5.968s] -- Looking for ignition-msgs5 -- found version 5.8.1
[5.978s] -- Looking for ignition-common3 -- found version 3.14.0
[5.978s] -- Searching for dependencies of ignition-common3
[5.986s] -- Looking for dlfcn.h - found
[5.986s] -- Looking for libdl - found
[6.019s] -- Searching for <ignition-common3> component [graphics]
[6.029s] -- Looking for ignition-common3-graphics -- found version 3.14.0
[6.029s] -- Searching for dependencies of ignition-common3-graphics
[6.030s] -- Looking for ignition-math6 -- found version 6.15.1
[6.040s] -- Looking for ignition-fuel_tools4 -- found version 4.4.0
[6.040s] -- Searching for dependencies of ignition-fuel_tools4
[6.137s] -- Checking for module 'jsoncpp'
[6.165s] --   Found jsoncpp, version 1.9.5
[6.217s] -- Checking for module 'libzip'
[6.246s] --   Found libzip, version 1.7.3
[6.293s] -- Looking for ignition-common3 -- found version 3.14.0
[6.294s] -- Looking for ignition-math6 -- found version 6.15.1
[6.294s] -- Looking for ignition-msgs5 -- found version 5.8.1
[6.306s] -- Gazebo version: 11.10
[6.324s] -- Found control_msgs: 4.4.0 (/home/changye/ros2_ws/install/control_msgs/share/control_msgs/cmake)
[6.850s] -- Found rclcpp_action: 16.0.7 (/home/changye/ros2_humble/install/rclcpp_action/share/rclcpp_action/cmake)
[6.905s] -- Found ament_lint_auto: 0.12.9 (/home/changye/ros2_humble/install/ament_lint_auto/share/ament_lint_auto/cmake)
[7.245s] -- Found ament_cmake_gtest: 1.3.6 (/home/changye/ros2_humble/install/ament_cmake_gtest/share/ament_cmake_gtest/cmake)
[7.288s] -- Added test 'cppcheck' to perform static code analysis on C / C++ code
[7.289s] -- Configured cppcheck include dirs: 
[7.289s] -- Configured cppcheck exclude dirs and/or files: 
[7.289s] -- Added test 'flake8' to check Python code syntax and style conventions
[7.290s] -- Added test 'lint_cmake' to check CMake code style
[7.291s] -- Added test 'pep257' to check Python code against some of the docstring style conventions in PEP 257
[7.293s] -- Added test 'uncrustify' to check C / C++ code style
[7.293s] -- Configured uncrustify additional arguments: 
[7.294s] -- Added test 'xmllint' to check XML markup files
[7.296s] -- Configuring done
[7.372s] -- Generating done
[7.374s] -- Build files have been written to: /home/changye/ros2_ws2/build/my_agv2
[7.384s] Invoked command in '/home/changye/ros2_ws2/build/my_agv2' returned '0': CMAKE_PREFIX_PATH=${CMAKE_PREFIX_PATH}:/home/changye/ros2_ws2/install/agv_control_pkg:/home/changye/ROS2_learning/ros2_ws/install/turtle_sim_challenge:/home/changye/ROS2_learning/ros2_ws/install/my_py_pkg:/opt/ros/humble:/home/changye/ros2_humble/install/rqt_bag_plugins:/home/changye/ros2_humble/install/rqt_bag:/home/changye/ros2_humble/install/ros2bag:/home/changye/ros2_humble/install/tracetools_test:/home/changye/ros2_humble/install/tracetools_launch:/home/changye/ros2_humble/install/topic_monitor:/home/changye/ros2_humble/install/tf2_tools:/home/changye/ros2_humble/install/examples_tf2_py:/home/changye/ros2_humble/install/tf2_ros_py:/home/changye/ros2_humble/install/sros2:/home/changye/ros2_humble/install/rqt_topic:/home/changye/ros2_humble/install/rqt_srv:/home/changye/ros2_humble/install/rqt_shell:/home/changye/ros2_humble/install/rqt_service_caller:/home/changye/ros2_humble/install/rqt_reconfigure:/home/changye/ros2_humble/install/rqt_py_console:/home/changye/ros2_humble/install/rqt_publisher:/home/changye/ros2_humble/install/rqt_plot:/home/changye/ros2_humble/install/rqt_action:/home/changye/ros2_humble/install/rqt_msg:/home/changye/ros2_humble/install/rqt_console:/home/changye/ros2_humble/install/rqt:/home/changye/ros2_humble/install/rqt_graph:/home/changye/ros2_humble/install/rqt_gui_py:/home/changye/ros2_humble/install/rqt_gui:/home/changye/ros2_humble/install/ros2trace:/home/changye/ros2_humble/install/ros2topic:/home/changye/ros2_humble/install/ros2test:/home/changye/ros2_humble/install/ros2component:/home/changye/ros2_humble/install/ros2param:/home/changye/ros2_humble/install/ros2lifecycle:/home/changye/ros2_humble/install/ros2service:/home/changye/ros2_humble/install/ros2run:/home/changye/ros2_humble/install/ros2launch:/home/changye/ros2_humble/install/ros2pkg:/home/changye/ros2_humble/install/ros2node:/home/changye/ros2_humble/install/ros2multicast:/home/changye/ros2_humble/install/ros2interface:/home/changye/ros2_humble/install/ros2doctor:/home/changye/ros2_humble/install/ros2action:/home/changye/ros2_humble/install/ros2cli:/home/changye/ros2_humble/install/quality_of_service_demo_py:/home/changye/ros2_humble/install/lifecycle_py:/home/changye/ros2_humble/install/launch_testing_ros:/home/changye/ros2_humble/install/launch_ros:/home/changye/ros2_humble/install/examples_rclpy_pointcloud_publisher:/home/changye/ros2_humble/install/examples_rclpy_minimal_subscriber:/home/changye/ros2_humble/install/examples_rclpy_minimal_service:/home/changye/ros2_humble/install/examples_rclpy_minimal_publisher:/home/changye/ros2_humble/install/examples_rclpy_minimal_client:/home/changye/ros2_humble/install/examples_rclpy_minimal_action_server:/home/changye/ros2_humble/install/examples_rclpy_minimal_action_client:/home/changye/ros2_humble/install/examples_rclpy_guard_conditions:/home/changye/ros2_humble/install/examples_rclpy_executors:/home/changye/ros2_humble/install/demo_nodes_py:/home/changye/ros2_humble/install/action_tutorials_py:/home/changye/ros2_humble/install/ament_uncrustify:/home/changye/ros2_humble/install/tracetools_trace:/home/changye/ros2_humble/install/tracetools_read:/home/changye/ros2_humble/install/test_tracetools_launch:/home/changye/ros2_humble/install/test_launch_ros:/home/changye/ros2_humble/install/sensor_msgs_py:/home/changye/ros2_humble/install/rpyutils:/home/changye/ros2_humble/install/rosidl_runtime_py:/home/changye/ros2_humble/install/rosidl_cli:/home/changye/ros2_humble/install/launch_pytest:/home/changye/ros2_humble/install/launch_testing:/home/changye/ros2_humble/install/launch_yaml:/home/changye/ros2_humble/install/launch_xml:/home/changye/ros2_humble/install/launch:/home/changye/ros2_humble/install/osrf_pycommon:/home/changye/ros2_humble/install/launch_testing_examples:/home/changye/ros2_humble/install/domain_coordinator:/home/changye/ros2_humble/install/ament_xmllint:/home/changye/ros2_humble/install/ament_pyflakes:/home/changye/ros2_humble/install/ament_pycodestyle:/home/changye/ros2_humble/install/ament_pep257:/home/changye/ros2_humble/install/ament_pclint:/home/changye/ros2_humble/install/ament_package:/home/changye/ros2_humble/install/ament_mypy:/home/changye/ros2_humble/install/ament_lint_cmake:/home/changye/ros2_humble/install/ament_flake8:/home/changye/ros2_humble/install/ament_copyright:/home/changye/ros2_humble/install/ament_lint:/home/changye/ros2_humble/install/ament_index_python:/home/changye/ros2_humble/install/ament_cpplint:/home/changye/ros2_humble/install/ament_cppcheck:/home/changye/ros2_humble/install/ament_clang_tidy:/home/changye/ros2_humble/install/ament_clang_format /usr/bin/cmake /home/changye/ros2_ws2/src/my_agv2 -DCMAKE_INSTALL_PREFIX=/home/changye/ros2_ws2/install/my_agv2
[7.386s] Invoking command in '/home/changye/ros2_ws2/build/my_agv2': CMAKE_PREFIX_PATH=${CMAKE_PREFIX_PATH}:/home/changye/ros2_ws2/install/agv_control_pkg:/home/changye/ROS2_learning/ros2_ws/install/turtle_sim_challenge:/home/changye/ROS2_learning/ros2_ws/install/my_py_pkg:/opt/ros/humble:/home/changye/ros2_humble/install/rqt_bag_plugins:/home/changye/ros2_humble/install/rqt_bag:/home/changye/ros2_humble/install/ros2bag:/home/changye/ros2_humble/install/tracetools_test:/home/changye/ros2_humble/install/tracetools_launch:/home/changye/ros2_humble/install/topic_monitor:/home/changye/ros2_humble/install/tf2_tools:/home/changye/ros2_humble/install/examples_tf2_py:/home/changye/ros2_humble/install/tf2_ros_py:/home/changye/ros2_humble/install/sros2:/home/changye/ros2_humble/install/rqt_topic:/home/changye/ros2_humble/install/rqt_srv:/home/changye/ros2_humble/install/rqt_shell:/home/changye/ros2_humble/install/rqt_service_caller:/home/changye/ros2_humble/install/rqt_reconfigure:/home/changye/ros2_humble/install/rqt_py_console:/home/changye/ros2_humble/install/rqt_publisher:/home/changye/ros2_humble/install/rqt_plot:/home/changye/ros2_humble/install/rqt_action:/home/changye/ros2_humble/install/rqt_msg:/home/changye/ros2_humble/install/rqt_console:/home/changye/ros2_humble/install/rqt:/home/changye/ros2_humble/install/rqt_graph:/home/changye/ros2_humble/install/rqt_gui_py:/home/changye/ros2_humble/install/rqt_gui:/home/changye/ros2_humble/install/ros2trace:/home/changye/ros2_humble/install/ros2topic:/home/changye/ros2_humble/install/ros2test:/home/changye/ros2_humble/install/ros2component:/home/changye/ros2_humble/install/ros2param:/home/changye/ros2_humble/install/ros2lifecycle:/home/changye/ros2_humble/install/ros2service:/home/changye/ros2_humble/install/ros2run:/home/changye/ros2_humble/install/ros2launch:/home/changye/ros2_humble/install/ros2pkg:/home/changye/ros2_humble/install/ros2node:/home/changye/ros2_humble/install/ros2multicast:/home/changye/ros2_humble/install/ros2interface:/home/changye/ros2_humble/install/ros2doctor:/home/changye/ros2_humble/install/ros2action:/home/changye/ros2_humble/install/ros2cli:/home/changye/ros2_humble/install/quality_of_service_demo_py:/home/changye/ros2_humble/install/lifecycle_py:/home/changye/ros2_humble/install/launch_testing_ros:/home/changye/ros2_humble/install/launch_ros:/home/changye/ros2_humble/install/examples_rclpy_pointcloud_publisher:/home/changye/ros2_humble/install/examples_rclpy_minimal_subscriber:/home/changye/ros2_humble/install/examples_rclpy_minimal_service:/home/changye/ros2_humble/install/examples_rclpy_minimal_publisher:/home/changye/ros2_humble/install/examples_rclpy_minimal_client:/home/changye/ros2_humble/install/examples_rclpy_minimal_action_server:/home/changye/ros2_humble/install/examples_rclpy_minimal_action_client:/home/changye/ros2_humble/install/examples_rclpy_guard_conditions:/home/changye/ros2_humble/install/examples_rclpy_executors:/home/changye/ros2_humble/install/demo_nodes_py:/home/changye/ros2_humble/install/action_tutorials_py:/home/changye/ros2_humble/install/ament_uncrustify:/home/changye/ros2_humble/install/tracetools_trace:/home/changye/ros2_humble/install/tracetools_read:/home/changye/ros2_humble/install/test_tracetools_launch:/home/changye/ros2_humble/install/test_launch_ros:/home/changye/ros2_humble/install/sensor_msgs_py:/home/changye/ros2_humble/install/rpyutils:/home/changye/ros2_humble/install/rosidl_runtime_py:/home/changye/ros2_humble/install/rosidl_cli:/home/changye/ros2_humble/install/launch_pytest:/home/changye/ros2_humble/install/launch_testing:/home/changye/ros2_humble/install/launch_yaml:/home/changye/ros2_humble/install/launch_xml:/home/changye/ros2_humble/install/launch:/home/changye/ros2_humble/install/osrf_pycommon:/home/changye/ros2_humble/install/launch_testing_examples:/home/changye/ros2_humble/install/domain_coordinator:/home/changye/ros2_humble/install/ament_xmllint:/home/changye/ros2_humble/install/ament_pyflakes:/home/changye/ros2_humble/install/ament_pycodestyle:/home/changye/ros2_humble/install/ament_pep257:/home/changye/ros2_humble/install/ament_pclint:/home/changye/ros2_humble/install/ament_package:/home/changye/ros2_humble/install/ament_mypy:/home/changye/ros2_humble/install/ament_lint_cmake:/home/changye/ros2_humble/install/ament_flake8:/home/changye/ros2_humble/install/ament_copyright:/home/changye/ros2_humble/install/ament_lint:/home/changye/ros2_humble/install/ament_index_python:/home/changye/ros2_humble/install/ament_cpplint:/home/changye/ros2_humble/install/ament_cppcheck:/home/changye/ros2_humble/install/ament_clang_tidy:/home/changye/ros2_humble/install/ament_clang_format /usr/bin/cmake --build /home/changye/ros2_ws2/build/my_agv2 -- -j12 -l12
[7.454s] [35m[1mConsolidate compiler generated dependencies of target agv_unload[0m
[7.461s] [35m[1mConsolidate compiler generated dependencies of target agv_lift[0m
[7.475s] [35m[1mConsolidate compiler generated dependencies of target example_position[0m
[7.478s] [ 25%] Built target agv_unload
[7.485s] [ 50%] Built target agv_lift
[7.496s] [35m[1mConsolidate compiler generated dependencies of target example_velocity[0m
[7.497s] [ 75%] Built target example_position
[7.517s] [100%] Built target example_velocity
[7.533s] Invoked command in '/home/changye/ros2_ws2/build/my_agv2' returned '0': CMAKE_PREFIX_PATH=${CMAKE_PREFIX_PATH}:/home/changye/ros2_ws2/install/agv_control_pkg:/home/changye/ROS2_learning/ros2_ws/install/turtle_sim_challenge:/home/changye/ROS2_learning/ros2_ws/install/my_py_pkg:/opt/ros/humble:/home/changye/ros2_humble/install/rqt_bag_plugins:/home/changye/ros2_humble/install/rqt_bag:/home/changye/ros2_humble/install/ros2bag:/home/changye/ros2_humble/install/tracetools_test:/home/changye/ros2_humble/install/tracetools_launch:/home/changye/ros2_humble/install/topic_monitor:/home/changye/ros2_humble/install/tf2_tools:/home/changye/ros2_humble/install/examples_tf2_py:/home/changye/ros2_humble/install/tf2_ros_py:/home/changye/ros2_humble/install/sros2:/home/changye/ros2_humble/install/rqt_topic:/home/changye/ros2_humble/install/rqt_srv:/home/changye/ros2_humble/install/rqt_shell:/home/changye/ros2_humble/install/rqt_service_caller:/home/changye/ros2_humble/install/rqt_reconfigure:/home/changye/ros2_humble/install/rqt_py_console:/home/changye/ros2_humble/install/rqt_publisher:/home/changye/ros2_humble/install/rqt_plot:/home/changye/ros2_humble/install/rqt_action:/home/changye/ros2_humble/install/rqt_msg:/home/changye/ros2_humble/install/rqt_console:/home/changye/ros2_humble/install/rqt:/home/changye/ros2_humble/install/rqt_graph:/home/changye/ros2_humble/install/rqt_gui_py:/home/changye/ros2_humble/install/rqt_gui:/home/changye/ros2_humble/install/ros2trace:/home/changye/ros2_humble/install/ros2topic:/home/changye/ros2_humble/install/ros2test:/home/changye/ros2_humble/install/ros2component:/home/changye/ros2_humble/install/ros2param:/home/changye/ros2_humble/install/ros2lifecycle:/home/changye/ros2_humble/install/ros2service:/home/changye/ros2_humble/install/ros2run:/home/changye/ros2_humble/install/ros2launch:/home/changye/ros2_humble/install/ros2pkg:/home/changye/ros2_humble/install/ros2node:/home/changye/ros2_humble/install/ros2multicast:/home/changye/ros2_humble/install/ros2interface:/home/changye/ros2_humble/install/ros2doctor:/home/changye/ros2_humble/install/ros2action:/home/changye/ros2_humble/install/ros2cli:/home/changye/ros2_humble/install/quality_of_service_demo_py:/home/changye/ros2_humble/install/lifecycle_py:/home/changye/ros2_humble/install/launch_testing_ros:/home/changye/ros2_humble/install/launch_ros:/home/changye/ros2_humble/install/examples_rclpy_pointcloud_publisher:/home/changye/ros2_humble/install/examples_rclpy_minimal_subscriber:/home/changye/ros2_humble/install/examples_rclpy_minimal_service:/home/changye/ros2_humble/install/examples_rclpy_minimal_publisher:/home/changye/ros2_humble/install/examples_rclpy_minimal_client:/home/changye/ros2_humble/install/examples_rclpy_minimal_action_server:/home/changye/ros2_humble/install/examples_rclpy_minimal_action_client:/home/changye/ros2_humble/install/examples_rclpy_guard_conditions:/home/changye/ros2_humble/install/examples_rclpy_executors:/home/changye/ros2_humble/install/demo_nodes_py:/home/changye/ros2_humble/install/action_tutorials_py:/home/changye/ros2_humble/install/ament_uncrustify:/home/changye/ros2_humble/install/tracetools_trace:/home/changye/ros2_humble/install/tracetools_read:/home/changye/ros2_humble/install/test_tracetools_launch:/home/changye/ros2_humble/install/test_launch_ros:/home/changye/ros2_humble/install/sensor_msgs_py:/home/changye/ros2_humble/install/rpyutils:/home/changye/ros2_humble/install/rosidl_runtime_py:/home/changye/ros2_humble/install/rosidl_cli:/home/changye/ros2_humble/install/launch_pytest:/home/changye/ros2_humble/install/launch_testing:/home/changye/ros2_humble/install/launch_yaml:/home/changye/ros2_humble/install/launch_xml:/home/changye/ros2_humble/install/launch:/home/changye/ros2_humble/install/osrf_pycommon:/home/changye/ros2_humble/install/launch_testing_examples:/home/changye/ros2_humble/install/domain_coordinator:/home/changye/ros2_humble/install/ament_xmllint:/home/changye/ros2_humble/install/ament_pyflakes:/home/changye/ros2_humble/install/ament_pycodestyle:/home/changye/ros2_humble/install/ament_pep257:/home/changye/ros2_humble/install/ament_pclint:/home/changye/ros2_humble/install/ament_package:/home/changye/ros2_humble/install/ament_mypy:/home/changye/ros2_humble/install/ament_lint_cmake:/home/changye/ros2_humble/install/ament_flake8:/home/changye/ros2_humble/install/ament_copyright:/home/changye/ros2_humble/install/ament_lint:/home/changye/ros2_humble/install/ament_index_python:/home/changye/ros2_humble/install/ament_cpplint:/home/changye/ros2_humble/install/ament_cppcheck:/home/changye/ros2_humble/install/ament_clang_tidy:/home/changye/ros2_humble/install/ament_clang_format /usr/bin/cmake --build /home/changye/ros2_ws2/build/my_agv2 -- -j12 -l12
[7.620s] Invoking command in '/home/changye/ros2_ws2/build/my_agv2': CMAKE_PREFIX_PATH=${CMAKE_PREFIX_PATH}:/home/changye/ros2_ws2/install/agv_control_pkg:/home/changye/ROS2_learning/ros2_ws/install/turtle_sim_challenge:/home/changye/ROS2_learning/ros2_ws/install/my_py_pkg:/opt/ros/humble:/home/changye/ros2_humble/install/rqt_bag_plugins:/home/changye/ros2_humble/install/rqt_bag:/home/changye/ros2_humble/install/ros2bag:/home/changye/ros2_humble/install/tracetools_test:/home/changye/ros2_humble/install/tracetools_launch:/home/changye/ros2_humble/install/topic_monitor:/home/changye/ros2_humble/install/tf2_tools:/home/changye/ros2_humble/install/examples_tf2_py:/home/changye/ros2_humble/install/tf2_ros_py:/home/changye/ros2_humble/install/sros2:/home/changye/ros2_humble/install/rqt_topic:/home/changye/ros2_humble/install/rqt_srv:/home/changye/ros2_humble/install/rqt_shell:/home/changye/ros2_humble/install/rqt_service_caller:/home/changye/ros2_humble/install/rqt_reconfigure:/home/changye/ros2_humble/install/rqt_py_console:/home/changye/ros2_humble/install/rqt_publisher:/home/changye/ros2_humble/install/rqt_plot:/home/changye/ros2_humble/install/rqt_action:/home/changye/ros2_humble/install/rqt_msg:/home/changye/ros2_humble/install/rqt_console:/home/changye/ros2_humble/install/rqt:/home/changye/ros2_humble/install/rqt_graph:/home/changye/ros2_humble/install/rqt_gui_py:/home/changye/ros2_humble/install/rqt_gui:/home/changye/ros2_humble/install/ros2trace:/home/changye/ros2_humble/install/ros2topic:/home/changye/ros2_humble/install/ros2test:/home/changye/ros2_humble/install/ros2component:/home/changye/ros2_humble/install/ros2param:/home/changye/ros2_humble/install/ros2lifecycle:/home/changye/ros2_humble/install/ros2service:/home/changye/ros2_humble/install/ros2run:/home/changye/ros2_humble/install/ros2launch:/home/changye/ros2_humble/install/ros2pkg:/home/changye/ros2_humble/install/ros2node:/home/changye/ros2_humble/install/ros2multicast:/home/changye/ros2_humble/install/ros2interface:/home/changye/ros2_humble/install/ros2doctor:/home/changye/ros2_humble/install/ros2action:/home/changye/ros2_humble/install/ros2cli:/home/changye/ros2_humble/install/quality_of_service_demo_py:/home/changye/ros2_humble/install/lifecycle_py:/home/changye/ros2_humble/install/launch_testing_ros:/home/changye/ros2_humble/install/launch_ros:/home/changye/ros2_humble/install/examples_rclpy_pointcloud_publisher:/home/changye/ros2_humble/install/examples_rclpy_minimal_subscriber:/home/changye/ros2_humble/install/examples_rclpy_minimal_service:/home/changye/ros2_humble/install/examples_rclpy_minimal_publisher:/home/changye/ros2_humble/install/examples_rclpy_minimal_client:/home/changye/ros2_humble/install/examples_rclpy_minimal_action_server:/home/changye/ros2_humble/install/examples_rclpy_minimal_action_client:/home/changye/ros2_humble/install/examples_rclpy_guard_conditions:/home/changye/ros2_humble/install/examples_rclpy_executors:/home/changye/ros2_humble/install/demo_nodes_py:/home/changye/ros2_humble/install/action_tutorials_py:/home/changye/ros2_humble/install/ament_uncrustify:/home/changye/ros2_humble/install/tracetools_trace:/home/changye/ros2_humble/install/tracetools_read:/home/changye/ros2_humble/install/test_tracetools_launch:/home/changye/ros2_humble/install/test_launch_ros:/home/changye/ros2_humble/install/sensor_msgs_py:/home/changye/ros2_humble/install/rpyutils:/home/changye/ros2_humble/install/rosidl_runtime_py:/home/changye/ros2_humble/install/rosidl_cli:/home/changye/ros2_humble/install/launch_pytest:/home/changye/ros2_humble/install/launch_testing:/home/changye/ros2_humble/install/launch_yaml:/home/changye/ros2_humble/install/launch_xml:/home/changye/ros2_humble/install/launch:/home/changye/ros2_humble/install/osrf_pycommon:/home/changye/ros2_humble/install/launch_testing_examples:/home/changye/ros2_humble/install/domain_coordinator:/home/changye/ros2_humble/install/ament_xmllint:/home/changye/ros2_humble/install/ament_pyflakes:/home/changye/ros2_humble/install/ament_pycodestyle:/home/changye/ros2_humble/install/ament_pep257:/home/changye/ros2_humble/install/ament_pclint:/home/changye/ros2_humble/install/ament_package:/home/changye/ros2_humble/install/ament_mypy:/home/changye/ros2_humble/install/ament_lint_cmake:/home/changye/ros2_humble/install/ament_flake8:/home/changye/ros2_humble/install/ament_copyright:/home/changye/ros2_humble/install/ament_lint:/home/changye/ros2_humble/install/ament_index_python:/home/changye/ros2_humble/install/ament_cpplint:/home/changye/ros2_humble/install/ament_cppcheck:/home/changye/ros2_humble/install/ament_clang_tidy:/home/changye/ros2_humble/install/ament_clang_format /usr/bin/cmake --install /home/changye/ros2_ws2/build/my_agv2
[7.632s] -- Install configuration: ""
[7.632s] -- Execute custom install script
[7.633s] -- Up-to-date symlink: /home/changye/ros2_ws2/install/my_agv2/share/my_agv2/launch/agv5_demo.launch.py
[7.633s] -- Up-to-date symlink: /home/changye/ros2_ws2/install/my_agv2/share/my_agv2/launch/agv_trac_pos.launch.py
[7.633s] -- Up-to-date symlink: /home/changye/ros2_ws2/install/my_agv2/share/my_agv2/launch/agv_velocity.launch.py
[7.633s] -- Up-to-date symlink: /home/changye/ros2_ws2/install/my_agv2/share/my_agv2/launch/agv_world.launch.py
[7.633s] -- Up-to-date symlink: /home/changye/ros2_ws2/install/my_agv2/share/my_agv2/config/agv5_controller.yaml
[7.633s] -- Up-to-date symlink: /home/changye/ros2_ws2/install/my_agv2/share/my_agv2/config/agv_controller_trac_pos.yaml
[7.633s] -- Up-to-date symlink: /home/changye/ros2_ws2/install/my_agv2/share/my_agv2/config/agv_controller_velocity.yaml
[7.633s] -- Up-to-date symlink: /home/changye/ros2_ws2/install/my_agv2/share/my_agv2/config/controller_configuration.yaml
[7.633s] -- Up-to-date symlink: /home/changye/ros2_ws2/install/my_agv2/share/my_agv2/urdf/AGV3_single.csv
[7.633s] -- Up-to-date symlink: /home/changye/ros2_ws2/install/my_agv2/share/my_agv2/urdf/AGV3_single.xacro.urdf
[7.633s] -- Up-to-date symlink: /home/changye/ros2_ws2/install/my_agv2/share/my_agv2/urdf/AGV3_single_trac_pos.xacro.urdf
[7.634s] -- Up-to-date symlink: /home/changye/ros2_ws2/install/my_agv2/share/my_agv2/urdf/AGV3_single_vel.xacro.urdf
[7.634s] -- Up-to-date symlink: /home/changye/ros2_ws2/install/my_agv2/share/my_agv2/urdf/AGV5.xacro (copy).urdf
[7.634s] -- Up-to-date symlink: /home/changye/ros2_ws2/install/my_agv2/share/my_agv2/urdf/AGV5.xacro.urdf
[7.634s] -- Up-to-date symlink: /home/changye/ros2_ws2/install/my_agv2/share/my_agv2/urdf/AGV6.xacro (copy).urdf
[7.634s] -- Up-to-date symlink: /home/changye/ros2_ws2/install/my_agv2/share/my_agv2/urdf/AGV6.xacro.urdf
[7.634s] -- Up-to-date symlink: /home/changye/ros2_ws2/install/my_agv2/share/my_agv2/urdf/shelf_final.xacro.urdf
[7.634s] -- Up-to-date symlink: /home/changye/ros2_ws2/install/my_agv2/share/my_agv2/examples/agv_lift.cpp
[7.634s] -- Up-to-date symlink: /home/changye/ros2_ws2/install/my_agv2/share/my_agv2/examples/agv_unload.cpp
[7.634s] -- Up-to-date symlink: /home/changye/ros2_ws2/install/my_agv2/share/my_agv2/examples/example_position.cpp
[7.634s] -- Up-to-date symlink: /home/changye/ros2_ws2/install/my_agv2/share/my_agv2/examples/example_velocity.cpp
[7.634s] -- Up-to-date symlink: /home/changye/ros2_ws2/install/my_agv2/share/my_agv2/world/test (copy).world
[7.634s] -- Up-to-date symlink: /home/changye/ros2_ws2/install/my_agv2/share/my_agv2/world/test.world
[7.635s] -- Up-to-date symlink: /home/changye/ros2_ws2/install/my_agv2/lib/my_agv2/example_position
[7.635s] -- Up-to-date symlink: /home/changye/ros2_ws2/install/my_agv2/lib/my_agv2/example_velocity
[7.635s] -- Up-to-date symlink: /home/changye/ros2_ws2/install/my_agv2/lib/my_agv2/agv_lift
[7.635s] -- Up-to-date symlink: /home/changye/ros2_ws2/install/my_agv2/lib/my_agv2/agv_unload
[7.635s] -- Up-to-date symlink: /home/changye/ros2_ws2/install/my_agv2/share/ament_index/resource_index/package_run_dependencies/my_agv2
[7.635s] -- Up-to-date symlink: /home/changye/ros2_ws2/install/my_agv2/share/ament_index/resource_index/parent_prefix_path/my_agv2
[7.635s] -- Up-to-date symlink: /home/changye/ros2_ws2/install/my_agv2/share/my_agv2/environment/ament_prefix_path.sh
[7.635s] -- Up-to-date symlink: /home/changye/ros2_ws2/install/my_agv2/share/my_agv2/environment/ament_prefix_path.dsv
[7.636s] -- Up-to-date symlink: /home/changye/ros2_ws2/install/my_agv2/share/my_agv2/environment/path.sh
[7.636s] -- Up-to-date symlink: /home/changye/ros2_ws2/install/my_agv2/share/my_agv2/environment/path.dsv
[7.636s] -- Up-to-date symlink: /home/changye/ros2_ws2/install/my_agv2/share/my_agv2/local_setup.bash
[7.636s] -- Up-to-date symlink: /home/changye/ros2_ws2/install/my_agv2/share/my_agv2/local_setup.sh
[7.636s] -- Up-to-date symlink: /home/changye/ros2_ws2/install/my_agv2/share/my_agv2/local_setup.zsh
[7.636s] -- Up-to-date symlink: /home/changye/ros2_ws2/install/my_agv2/share/my_agv2/local_setup.dsv
[7.636s] -- Symlinking: /home/changye/ros2_ws2/install/my_agv2/share/my_agv2/package.dsv
[7.649s] -- Up-to-date symlink: /home/changye/ros2_ws2/install/my_agv2/share/ament_index/resource_index/packages/my_agv2
[7.649s] -- Up-to-date symlink: /home/changye/ros2_ws2/install/my_agv2/share/my_agv2/cmake/my_agv2Config.cmake
[7.649s] -- Up-to-date symlink: /home/changye/ros2_ws2/install/my_agv2/share/my_agv2/cmake/my_agv2Config-version.cmake
[7.649s] -- Up-to-date symlink: /home/changye/ros2_ws2/install/my_agv2/share/my_agv2/package.xml
[7.651s] Invoked command in '/home/changye/ros2_ws2/build/my_agv2' returned '0': CMAKE_PREFIX_PATH=${CMAKE_PREFIX_PATH}:/home/changye/ros2_ws2/install/agv_control_pkg:/home/changye/ROS2_learning/ros2_ws/install/turtle_sim_challenge:/home/changye/ROS2_learning/ros2_ws/install/my_py_pkg:/opt/ros/humble:/home/changye/ros2_humble/install/rqt_bag_plugins:/home/changye/ros2_humble/install/rqt_bag:/home/changye/ros2_humble/install/ros2bag:/home/changye/ros2_humble/install/tracetools_test:/home/changye/ros2_humble/install/tracetools_launch:/home/changye/ros2_humble/install/topic_monitor:/home/changye/ros2_humble/install/tf2_tools:/home/changye/ros2_humble/install/examples_tf2_py:/home/changye/ros2_humble/install/tf2_ros_py:/home/changye/ros2_humble/install/sros2:/home/changye/ros2_humble/install/rqt_topic:/home/changye/ros2_humble/install/rqt_srv:/home/changye/ros2_humble/install/rqt_shell:/home/changye/ros2_humble/install/rqt_service_caller:/home/changye/ros2_humble/install/rqt_reconfigure:/home/changye/ros2_humble/install/rqt_py_console:/home/changye/ros2_humble/install/rqt_publisher:/home/changye/ros2_humble/install/rqt_plot:/home/changye/ros2_humble/install/rqt_action:/home/changye/ros2_humble/install/rqt_msg:/home/changye/ros2_humble/install/rqt_console:/home/changye/ros2_humble/install/rqt:/home/changye/ros2_humble/install/rqt_graph:/home/changye/ros2_humble/install/rqt_gui_py:/home/changye/ros2_humble/install/rqt_gui:/home/changye/ros2_humble/install/ros2trace:/home/changye/ros2_humble/install/ros2topic:/home/changye/ros2_humble/install/ros2test:/home/changye/ros2_humble/install/ros2component:/home/changye/ros2_humble/install/ros2param:/home/changye/ros2_humble/install/ros2lifecycle:/home/changye/ros2_humble/install/ros2service:/home/changye/ros2_humble/install/ros2run:/home/changye/ros2_humble/install/ros2launch:/home/changye/ros2_humble/install/ros2pkg:/home/changye/ros2_humble/install/ros2node:/home/changye/ros2_humble/install/ros2multicast:/home/changye/ros2_humble/install/ros2interface:/home/changye/ros2_humble/install/ros2doctor:/home/changye/ros2_humble/install/ros2action:/home/changye/ros2_humble/install/ros2cli:/home/changye/ros2_humble/install/quality_of_service_demo_py:/home/changye/ros2_humble/install/lifecycle_py:/home/changye/ros2_humble/install/launch_testing_ros:/home/changye/ros2_humble/install/launch_ros:/home/changye/ros2_humble/install/examples_rclpy_pointcloud_publisher:/home/changye/ros2_humble/install/examples_rclpy_minimal_subscriber:/home/changye/ros2_humble/install/examples_rclpy_minimal_service:/home/changye/ros2_humble/install/examples_rclpy_minimal_publisher:/home/changye/ros2_humble/install/examples_rclpy_minimal_client:/home/changye/ros2_humble/install/examples_rclpy_minimal_action_server:/home/changye/ros2_humble/install/examples_rclpy_minimal_action_client:/home/changye/ros2_humble/install/examples_rclpy_guard_conditions:/home/changye/ros2_humble/install/examples_rclpy_executors:/home/changye/ros2_humble/install/demo_nodes_py:/home/changye/ros2_humble/install/action_tutorials_py:/home/changye/ros2_humble/install/ament_uncrustify:/home/changye/ros2_humble/install/tracetools_trace:/home/changye/ros2_humble/install/tracetools_read:/home/changye/ros2_humble/install/test_tracetools_launch:/home/changye/ros2_humble/install/test_launch_ros:/home/changye/ros2_humble/install/sensor_msgs_py:/home/changye/ros2_humble/install/rpyutils:/home/changye/ros2_humble/install/rosidl_runtime_py:/home/changye/ros2_humble/install/rosidl_cli:/home/changye/ros2_humble/install/launch_pytest:/home/changye/ros2_humble/install/launch_testing:/home/changye/ros2_humble/install/launch_yaml:/home/changye/ros2_humble/install/launch_xml:/home/changye/ros2_humble/install/launch:/home/changye/ros2_humble/install/osrf_pycommon:/home/changye/ros2_humble/install/launch_testing_examples:/home/changye/ros2_humble/install/domain_coordinator:/home/changye/ros2_humble/install/ament_xmllint:/home/changye/ros2_humble/install/ament_pyflakes:/home/changye/ros2_humble/install/ament_pycodestyle:/home/changye/ros2_humble/install/ament_pep257:/home/changye/ros2_humble/install/ament_pclint:/home/changye/ros2_humble/install/ament_package:/home/changye/ros2_humble/install/ament_mypy:/home/changye/ros2_humble/install/ament_lint_cmake:/home/changye/ros2_humble/install/ament_flake8:/home/changye/ros2_humble/install/ament_copyright:/home/changye/ros2_humble/install/ament_lint:/home/changye/ros2_humble/install/ament_index_python:/home/changye/ros2_humble/install/ament_cpplint:/home/changye/ros2_humble/install/ament_cppcheck:/home/changye/ros2_humble/install/ament_clang_tidy:/home/changye/ros2_humble/install/ament_clang_format /usr/bin/cmake --install /home/changye/ros2_ws2/build/my_agv2
