[0.338s] Invoking command in '/home/changye/Ros2_gazebo/ros2_ws2/build/kinematics_interface': CMAKE_PREFIX_PATH=${CMAKE_PREFIX_PATH}:/home/changye/Ros2_gazebo/ros2_ws2/install/rqt_joint_trajectory_controller:/home/changye/Ros2_gazebo/ros2_ws2/install/rqt_controller_manager:/home/changye/Ros2_gazebo/ros2_ws2/install/ros2controlcli:/home/changye/Ros2_gazebo/ros2_ws2/install/ros2_controllers_test_nodes:/home/changye/Ros2_gazebo/ros2_ws2/install/agv_control_pkg:/opt/ros/humble /usr/bin/cmake --build /home/changye/Ros2_gazebo/ros2_ws2/build/kinematics_interface -- -j12 -l12
[0.398s] [100%] Built target kinematics_interface
[0.671s] Invoked command in '/home/changye/Ros2_gazebo/ros2_ws2/build/kinematics_interface' returned '0': CMAKE_PREFIX_PATH=${CMAKE_PREFIX_PATH}:/home/changye/Ros2_gazebo/ros2_ws2/install/rqt_joint_trajectory_controller:/home/changye/Ros2_gazebo/ros2_ws2/install/rqt_controller_manager:/home/changye/Ros2_gazebo/ros2_ws2/install/ros2controlcli:/home/changye/Ros2_gazebo/ros2_ws2/install/ros2_controllers_test_nodes:/home/changye/Ros2_gazebo/ros2_ws2/install/agv_control_pkg:/opt/ros/humble /usr/bin/cmake --build /home/changye/Ros2_gazebo/ros2_ws2/build/kinematics_interface -- -j12 -l12
[0.672s] Invoking command in '/home/changye/Ros2_gazebo/ros2_ws2/build/kinematics_interface': CMAKE_PREFIX_PATH=${CMAKE_PREFIX_PATH}:/home/changye/Ros2_gazebo/ros2_ws2/install/rqt_joint_trajectory_controller:/home/changye/Ros2_gazebo/ros2_ws2/install/rqt_controller_manager:/home/changye/Ros2_gazebo/ros2_ws2/install/ros2controlcli:/home/changye/Ros2_gazebo/ros2_ws2/install/ros2_controllers_test_nodes:/home/changye/Ros2_gazebo/ros2_ws2/install/agv_control_pkg:/opt/ros/humble /usr/bin/cmake --install /home/changye/Ros2_gazebo/ros2_ws2/build/kinematics_interface
[0.682s] -- Install configuration: ""
[0.682s] -- Up-to-date: /home/changye/Ros2_gazebo/ros2_ws2/install/kinematics_interface/include/kinematics_interface
[0.683s] -- Up-to-date: /home/changye/Ros2_gazebo/ros2_ws2/install/kinematics_interface/include/kinematics_interface/kinematics_interface
[0.683s] -- Up-to-date: /home/changye/Ros2_gazebo/ros2_ws2/install/kinematics_interface/include/kinematics_interface/kinematics_interface/kinematics_interface.hpp
[0.683s] -- Up-to-date: /home/changye/Ros2_gazebo/ros2_ws2/install/kinematics_interface/include/kinematics_interface/kinematics_interface/visibility_control.h
[0.683s] -- Up-to-date: /home/changye/Ros2_gazebo/ros2_ws2/install/kinematics_interface/lib/libkinematics_interface.so
[0.683s] -- Up-to-date: /home/changye/Ros2_gazebo/ros2_ws2/install/kinematics_interface/share/kinematics_interface/environment/library_path.sh
[0.683s] -- Up-to-date: /home/changye/Ros2_gazebo/ros2_ws2/install/kinematics_interface/share/kinematics_interface/environment/library_path.dsv
[0.683s] -- Up-to-date: /home/changye/Ros2_gazebo/ros2_ws2/install/kinematics_interface/share/ament_index/resource_index/package_run_dependencies/kinematics_interface
[0.683s] -- Up-to-date: /home/changye/Ros2_gazebo/ros2_ws2/install/kinematics_interface/share/ament_index/resource_index/parent_prefix_path/kinematics_interface
[0.683s] -- Up-to-date: /home/changye/Ros2_gazebo/ros2_ws2/install/kinematics_interface/share/kinematics_interface/environment/ament_prefix_path.sh
[0.683s] -- Up-to-date: /home/changye/Ros2_gazebo/ros2_ws2/install/kinematics_interface/share/kinematics_interface/environment/ament_prefix_path.dsv
[0.684s] -- Up-to-date: /home/changye/Ros2_gazebo/ros2_ws2/install/kinematics_interface/share/kinematics_interface/environment/path.sh
[0.684s] -- Up-to-date: /home/changye/Ros2_gazebo/ros2_ws2/install/kinematics_interface/share/kinematics_interface/environment/path.dsv
[0.684s] -- Up-to-date: /home/changye/Ros2_gazebo/ros2_ws2/install/kinematics_interface/share/kinematics_interface/local_setup.bash
[0.684s] -- Up-to-date: /home/changye/Ros2_gazebo/ros2_ws2/install/kinematics_interface/share/kinematics_interface/local_setup.sh
[0.684s] -- Up-to-date: /home/changye/Ros2_gazebo/ros2_ws2/install/kinematics_interface/share/kinematics_interface/local_setup.zsh
[0.684s] -- Up-to-date: /home/changye/Ros2_gazebo/ros2_ws2/install/kinematics_interface/share/kinematics_interface/local_setup.dsv
[0.684s] -- Installing: /home/changye/Ros2_gazebo/ros2_ws2/install/kinematics_interface/share/kinematics_interface/package.dsv
[0.684s] -- Up-to-date: /home/changye/Ros2_gazebo/ros2_ws2/install/kinematics_interface/share/ament_index/resource_index/packages/kinematics_interface
[0.684s] -- Up-to-date: /home/changye/Ros2_gazebo/ros2_ws2/install/kinematics_interface/share/kinematics_interface/cmake/export_kinematics_interfaceExport.cmake
[0.684s] -- Up-to-date: /home/changye/Ros2_gazebo/ros2_ws2/install/kinematics_interface/share/kinematics_interface/cmake/export_kinematics_interfaceExport-noconfig.cmake
[0.684s] -- Up-to-date: /home/changye/Ros2_gazebo/ros2_ws2/install/kinematics_interface/share/kinematics_interface/cmake/ament_cmake_export_targets-extras.cmake
[0.684s] -- Up-to-date: /home/changye/Ros2_gazebo/ros2_ws2/install/kinematics_interface/share/kinematics_interface/cmake/ament_cmake_export_dependencies-extras.cmake
[0.684s] -- Up-to-date: /home/changye/Ros2_gazebo/ros2_ws2/install/kinematics_interface/share/kinematics_interface/cmake/kinematics_interfaceConfig.cmake
[0.684s] -- Up-to-date: /home/changye/Ros2_gazebo/ros2_ws2/install/kinematics_interface/share/kinematics_interface/cmake/kinematics_interfaceConfig-version.cmake
[0.685s] -- Up-to-date: /home/changye/Ros2_gazebo/ros2_ws2/install/kinematics_interface/share/kinematics_interface/package.xml
[0.694s] Invoked command in '/home/changye/Ros2_gazebo/ros2_ws2/build/kinematics_interface' returned '0': CMAKE_PREFIX_PATH=${CMAKE_PREFIX_PATH}:/home/changye/Ros2_gazebo/ros2_ws2/install/rqt_joint_trajectory_controller:/home/changye/Ros2_gazebo/ros2_ws2/install/rqt_controller_manager:/home/changye/Ros2_gazebo/ros2_ws2/install/ros2controlcli:/home/changye/Ros2_gazebo/ros2_ws2/install/ros2_controllers_test_nodes:/home/changye/Ros2_gazebo/ros2_ws2/install/agv_control_pkg:/opt/ros/humble /usr/bin/cmake --install /home/changye/Ros2_gazebo/ros2_ws2/build/kinematics_interface
