[0.116s] Invoking command in '/home/changye/Ros2_gazebo/ros2_ws2/build/ros2_control_demo_example_7': AMENT_PREFIX_PATH=/home/changye/Ros2_gazebo/ros2_ws2/install/ros2controlcli:/home/changye/Ros2_gazebo/ros2_ws2/install/joint_state_broadcaster:/home/changye/Ros2_gazebo/ros2_ws2/install/controller_manager:/home/changye/Ros2_gazebo/ros2_ws2/install/hardware_interface_testing:/home/changye/Ros2_gazebo/ros2_ws2/install/controller_interface:/home/changye/Ros2_gazebo/ros2_ws2/install/hardware_interface:/home/changye/Ros2_gazebo/ros2_ws2/install/ros2_control_test_assets:/home/changye/Ros2_gazebo/ros2_ws2/install/ros2_control_demo_description:/home/changye/Ros2_gazebo/ros2_ws2/install/controller_manager_msgs:/home/changye/Ros2_gazebo/ros2_ws2/install/control_msgs:${AMENT_PREFIX_PATH} CMAKE_PREFIX_PATH=/home/changye/Ros2_gazebo/ros2_ws2/install/joint_state_broadcaster:/home/changye/Ros2_gazebo/ros2_ws2/install/controller_manager:/home/changye/Ros2_gazebo/ros2_ws2/install/hardware_interface_testing:/home/changye/Ros2_gazebo/ros2_ws2/install/controller_interface:/home/changye/Ros2_gazebo/ros2_ws2/install/hardware_interface:/home/changye/Ros2_gazebo/ros2_ws2/install/ros2_control_test_assets:/home/changye/Ros2_gazebo/ros2_ws2/install/ros2_control_demo_description:/home/changye/Ros2_gazebo/ros2_ws2/install/controller_manager_msgs:/home/changye/Ros2_gazebo/ros2_ws2/install/control_msgs:/opt/ros/humble LD_LIBRARY_PATH=/home/changye/Ros2_gazebo/ros2_ws2/install/joint_state_broadcaster/lib:/home/changye/Ros2_gazebo/ros2_ws2/install/controller_manager/lib:/home/changye/Ros2_gazebo/ros2_ws2/install/hardware_interface_testing/lib:/home/changye/Ros2_gazebo/ros2_ws2/install/controller_interface/lib:/home/changye/Ros2_gazebo/ros2_ws2/install/hardware_interface/lib:/home/changye/Ros2_gazebo/ros2_ws2/install/controller_manager_msgs/lib:/home/changye/Ros2_gazebo/ros2_ws2/install/control_msgs/lib:/usr/lib/x86_64-linux-gnu/gazebo-11/plugins:/opt/ros/humble/lib/x86_64-linux-gnu:/opt/ros/humble/lib:/usr/lib/x86_64-linux-gnu/gazebo-11/plugins:/usr/share/gazebo-11/../../lib/x86_64-linux-gnu/gazebo-11/plugins:/usr/lib/x86_64-linux-gnu/gazebo-11/plugins PYTHONPATH=/home/changye/Ros2_gazebo/ros2_ws2/install/ros2controlcli/lib/python3.10/site-packages:/home/changye/Ros2_gazebo/ros2_ws2/install/controller_manager/local/lib/python3.10/dist-packages:/home/changye/Ros2_gazebo/ros2_ws2/install/controller_manager_msgs/local/lib/python3.10/dist-packages:/home/changye/Ros2_gazebo/ros2_ws2/install/control_msgs/local/lib/python3.10/dist-packages:${PYTHONPATH} /usr/bin/cmake /home/changye/Ros2_gazebo/ros2_ws2/src/ros-controls/ros2_control_demos/example_7 -DCMAKE_INSTALL_PREFIX=/home/changye/Ros2_gazebo/ros2_ws2/install/ros2_control_demo_example_7
[0.237s] -- The CXX compiler identification is GNU 11.4.0
[0.247s] -- Detecting CXX compiler ABI info
[0.354s] -- Detecting CXX compiler ABI info - done
[0.369s] -- Check for working CXX compiler: /usr/bin/c++ - skipped
[0.369s] -- Detecting CXX compile features
[0.369s] -- Detecting CXX compile features - done
[0.371s] -- Found ament_cmake: 1.3.11 (/opt/ros/humble/share/ament_cmake/cmake)
[0.575s] -- Found Python3: /usr/bin/python3 (found version "3.10.12") found components: Interpreter 
[0.714s] -- Found pluginlib: 5.1.0 (/opt/ros/humble/share/pluginlib/cmake)
[0.749s] -- Found hardware_interface: 2.47.0 (/home/changye/Ros2_gazebo/ros2_ws2/install/hardware_interface/share/hardware_interface/cmake)
[0.781s] -- Found rosidl_generator_c: 3.1.6 (/opt/ros/humble/share/rosidl_generator_c/cmake)
[0.785s] -- Found rosidl_adapter: 3.1.6 (/opt/ros/humble/share/rosidl_adapter/cmake)
[0.793s] -- Found rosidl_generator_cpp: 3.1.6 (/opt/ros/humble/share/rosidl_generator_cpp/cmake)
[0.805s] -- Using all available rosidl_typesupport_c: rosidl_typesupport_fastrtps_c;rosidl_typesupport_introspection_c
[0.816s] -- Using all available rosidl_typesupport_cpp: rosidl_typesupport_fastrtps_cpp;rosidl_typesupport_introspection_cpp
[1.043s] -- Found rmw_implementation_cmake: 6.1.2 (/opt/ros/humble/share/rmw_implementation_cmake/cmake)
[1.046s] -- Found rmw_fastrtps_cpp: 6.2.7 (/opt/ros/humble/share/rmw_fastrtps_cpp/cmake)
[1.074s] -- Found TinyXML2 via Config file: TinyXML2_DIR-NOTFOUND
[1.132s] -- Found OpenSSL: /usr/lib/x86_64-linux-gnu/libcrypto.so (found version "3.0.2")  
[1.135s] -- Found TinyXML2 via Config file: TinyXML2_DIR-NOTFOUND
[1.166s] -- Found FastRTPS: /opt/ros/humble/include  
[1.170s] -- Found TinyXML2 via Config file: TinyXML2_DIR-NOTFOUND
[1.184s] -- Found TinyXML2 via Config file: TinyXML2_DIR-NOTFOUND
[1.204s] -- Using RMW implementation 'rmw_fastrtps_cpp' as default
[1.224s] -- Looking for C++ include pthread.h
[1.354s] -- Looking for C++ include pthread.h - found
[1.356s] -- Performing Test CMAKE_HAVE_LIBC_PTHREAD
[1.485s] -- Performing Test CMAKE_HAVE_LIBC_PTHREAD - Success
[1.485s] -- Found Threads: TRUE  
[1.574s] -- Found kdl_parser: 2.6.4 (/opt/ros/humble/share/kdl_parser/cmake)
[1.615s] -- Found eigen3_cmake_module: 0.1.1 (/opt/ros/humble/share/eigen3_cmake_module/cmake)
[1.617s] -- Found Eigen3: TRUE (found version "3.4.0") 
[1.617s] -- Ensuring Eigen3 include directory is part of orocos-kdl CMake target
[1.628s] -- Found controller_interface: 2.47.0 (/home/changye/Ros2_gazebo/ros2_ws2/install/controller_interface/share/controller_interface/cmake)
[1.638s] -- Found realtime_tools: 2.10.0 (/opt/ros/humble/share/realtime_tools/cmake)
[1.683s] -- Found ament_cmake_pytest: 1.3.11 (/opt/ros/humble/share/ament_cmake_pytest/cmake)
[3.454s] -- Configuring done
[3.503s] -- Generating done
[3.512s] -- Build files have been written to: /home/changye/Ros2_gazebo/ros2_ws2/build/ros2_control_demo_example_7
[3.532s] Invoked command in '/home/changye/Ros2_gazebo/ros2_ws2/build/ros2_control_demo_example_7' returned '0': AMENT_PREFIX_PATH=/home/changye/Ros2_gazebo/ros2_ws2/install/ros2controlcli:/home/changye/Ros2_gazebo/ros2_ws2/install/joint_state_broadcaster:/home/changye/Ros2_gazebo/ros2_ws2/install/controller_manager:/home/changye/Ros2_gazebo/ros2_ws2/install/hardware_interface_testing:/home/changye/Ros2_gazebo/ros2_ws2/install/controller_interface:/home/changye/Ros2_gazebo/ros2_ws2/install/hardware_interface:/home/changye/Ros2_gazebo/ros2_ws2/install/ros2_control_test_assets:/home/changye/Ros2_gazebo/ros2_ws2/install/ros2_control_demo_description:/home/changye/Ros2_gazebo/ros2_ws2/install/controller_manager_msgs:/home/changye/Ros2_gazebo/ros2_ws2/install/control_msgs:${AMENT_PREFIX_PATH} CMAKE_PREFIX_PATH=/home/changye/Ros2_gazebo/ros2_ws2/install/joint_state_broadcaster:/home/changye/Ros2_gazebo/ros2_ws2/install/controller_manager:/home/changye/Ros2_gazebo/ros2_ws2/install/hardware_interface_testing:/home/changye/Ros2_gazebo/ros2_ws2/install/controller_interface:/home/changye/Ros2_gazebo/ros2_ws2/install/hardware_interface:/home/changye/Ros2_gazebo/ros2_ws2/install/ros2_control_test_assets:/home/changye/Ros2_gazebo/ros2_ws2/install/ros2_control_demo_description:/home/changye/Ros2_gazebo/ros2_ws2/install/controller_manager_msgs:/home/changye/Ros2_gazebo/ros2_ws2/install/control_msgs:/opt/ros/humble LD_LIBRARY_PATH=/home/changye/Ros2_gazebo/ros2_ws2/install/joint_state_broadcaster/lib:/home/changye/Ros2_gazebo/ros2_ws2/install/controller_manager/lib:/home/changye/Ros2_gazebo/ros2_ws2/install/hardware_interface_testing/lib:/home/changye/Ros2_gazebo/ros2_ws2/install/controller_interface/lib:/home/changye/Ros2_gazebo/ros2_ws2/install/hardware_interface/lib:/home/changye/Ros2_gazebo/ros2_ws2/install/controller_manager_msgs/lib:/home/changye/Ros2_gazebo/ros2_ws2/install/control_msgs/lib:/usr/lib/x86_64-linux-gnu/gazebo-11/plugins:/opt/ros/humble/lib/x86_64-linux-gnu:/opt/ros/humble/lib:/usr/lib/x86_64-linux-gnu/gazebo-11/plugins:/usr/share/gazebo-11/../../lib/x86_64-linux-gnu/gazebo-11/plugins:/usr/lib/x86_64-linux-gnu/gazebo-11/plugins PYTHONPATH=/home/changye/Ros2_gazebo/ros2_ws2/install/ros2controlcli/lib/python3.10/site-packages:/home/changye/Ros2_gazebo/ros2_ws2/install/controller_manager/local/lib/python3.10/dist-packages:/home/changye/Ros2_gazebo/ros2_ws2/install/controller_manager_msgs/local/lib/python3.10/dist-packages:/home/changye/Ros2_gazebo/ros2_ws2/install/control_msgs/local/lib/python3.10/dist-packages:${PYTHONPATH} /usr/bin/cmake /home/changye/Ros2_gazebo/ros2_ws2/src/ros-controls/ros2_control_demos/example_7 -DCMAKE_INSTALL_PREFIX=/home/changye/Ros2_gazebo/ros2_ws2/install/ros2_control_demo_example_7
[3.533s] Invoking command in '/home/changye/Ros2_gazebo/ros2_ws2/build/ros2_control_demo_example_7': AMENT_PREFIX_PATH=/home/changye/Ros2_gazebo/ros2_ws2/install/ros2controlcli:/home/changye/Ros2_gazebo/ros2_ws2/install/joint_state_broadcaster:/home/changye/Ros2_gazebo/ros2_ws2/install/controller_manager:/home/changye/Ros2_gazebo/ros2_ws2/install/hardware_interface_testing:/home/changye/Ros2_gazebo/ros2_ws2/install/controller_interface:/home/changye/Ros2_gazebo/ros2_ws2/install/hardware_interface:/home/changye/Ros2_gazebo/ros2_ws2/install/ros2_control_test_assets:/home/changye/Ros2_gazebo/ros2_ws2/install/ros2_control_demo_description:/home/changye/Ros2_gazebo/ros2_ws2/install/controller_manager_msgs:/home/changye/Ros2_gazebo/ros2_ws2/install/control_msgs:${AMENT_PREFIX_PATH} CMAKE_PREFIX_PATH=/home/changye/Ros2_gazebo/ros2_ws2/install/joint_state_broadcaster:/home/changye/Ros2_gazebo/ros2_ws2/install/controller_manager:/home/changye/Ros2_gazebo/ros2_ws2/install/hardware_interface_testing:/home/changye/Ros2_gazebo/ros2_ws2/install/controller_interface:/home/changye/Ros2_gazebo/ros2_ws2/install/hardware_interface:/home/changye/Ros2_gazebo/ros2_ws2/install/ros2_control_test_assets:/home/changye/Ros2_gazebo/ros2_ws2/install/ros2_control_demo_description:/home/changye/Ros2_gazebo/ros2_ws2/install/controller_manager_msgs:/home/changye/Ros2_gazebo/ros2_ws2/install/control_msgs:/opt/ros/humble LD_LIBRARY_PATH=/home/changye/Ros2_gazebo/ros2_ws2/install/joint_state_broadcaster/lib:/home/changye/Ros2_gazebo/ros2_ws2/install/controller_manager/lib:/home/changye/Ros2_gazebo/ros2_ws2/install/hardware_interface_testing/lib:/home/changye/Ros2_gazebo/ros2_ws2/install/controller_interface/lib:/home/changye/Ros2_gazebo/ros2_ws2/install/hardware_interface/lib:/home/changye/Ros2_gazebo/ros2_ws2/install/controller_manager_msgs/lib:/home/changye/Ros2_gazebo/ros2_ws2/install/control_msgs/lib:/usr/lib/x86_64-linux-gnu/gazebo-11/plugins:/opt/ros/humble/lib/x86_64-linux-gnu:/opt/ros/humble/lib:/usr/lib/x86_64-linux-gnu/gazebo-11/plugins:/usr/share/gazebo-11/../../lib/x86_64-linux-gnu/gazebo-11/plugins:/usr/lib/x86_64-linux-gnu/gazebo-11/plugins PYTHONPATH=/home/changye/Ros2_gazebo/ros2_ws2/install/ros2controlcli/lib/python3.10/site-packages:/home/changye/Ros2_gazebo/ros2_ws2/install/controller_manager/local/lib/python3.10/dist-packages:/home/changye/Ros2_gazebo/ros2_ws2/install/controller_manager_msgs/local/lib/python3.10/dist-packages:/home/changye/Ros2_gazebo/ros2_ws2/install/control_msgs/local/lib/python3.10/dist-packages:${PYTHONPATH} /usr/bin/cmake --build /home/changye/Ros2_gazebo/ros2_ws2/build/ros2_control_demo_example_7 -- -j12 -l12
[3.594s] [ 20%] [32mBuilding CXX object CMakeFiles/send_trajectory.dir/reference_generator/send_trajectory.cpp.o[0m
[10.897s] [ 40%] [32m[1mLinking CXX executable send_trajectory[0m
[11.333s] [ 40%] Built target send_trajectory
[11.372s] [ 60%] [32mBuilding CXX object CMakeFiles/ros2_control_demo_example_7.dir/hardware/r6bot_hardware.cpp.o[0m
[13.553s] [ 80%] [32mBuilding CXX object CMakeFiles/ros2_control_demo_example_7.dir/controller/r6bot_controller.cpp.o[0m
[18.150s] In file included from [01m[K/home/changye/Ros2_gazebo/ros2_ws2/src/ros-controls/ros2_control_demos/example_7/controller/include/ros2_control_demo_example_7/r6bot_controller.hpp:36[m[K,
[18.150s]                  from [01m[K/home/changye/Ros2_gazebo/ros2_ws2/src/ros-controls/ros2_control_demos/example_7/controller/r6bot_controller.cpp:15[m[K:
[18.150s] [01m[K/opt/ros/humble/include/realtime_tools/realtime_tools/realtime_buffer.h:22:100:[m[K [01;36m[Knote: [m[K‘[01m[K#pragma message: This header include is deprecated. Please update your code to use 'realtime_buffer.hpp' header.[m[K’
[18.150s]    22 |   "This header include is deprecated. Please update your code to use 'realtime_buffer.hpp' header."[01;36m[K)[m[K  //NOLINT
[18.150s]       |                                                                                                    [01;36m[K^[m[K
[27.803s] [100%] [32m[1mLinking CXX shared library libros2_control_demo_example_7.so[0m
[28.901s] [100%] Built target ros2_control_demo_example_7
[28.923s] Invoked command in '/home/changye/Ros2_gazebo/ros2_ws2/build/ros2_control_demo_example_7' returned '0': AMENT_PREFIX_PATH=/home/changye/Ros2_gazebo/ros2_ws2/install/ros2controlcli:/home/changye/Ros2_gazebo/ros2_ws2/install/joint_state_broadcaster:/home/changye/Ros2_gazebo/ros2_ws2/install/controller_manager:/home/changye/Ros2_gazebo/ros2_ws2/install/hardware_interface_testing:/home/changye/Ros2_gazebo/ros2_ws2/install/controller_interface:/home/changye/Ros2_gazebo/ros2_ws2/install/hardware_interface:/home/changye/Ros2_gazebo/ros2_ws2/install/ros2_control_test_assets:/home/changye/Ros2_gazebo/ros2_ws2/install/ros2_control_demo_description:/home/changye/Ros2_gazebo/ros2_ws2/install/controller_manager_msgs:/home/changye/Ros2_gazebo/ros2_ws2/install/control_msgs:${AMENT_PREFIX_PATH} CMAKE_PREFIX_PATH=/home/changye/Ros2_gazebo/ros2_ws2/install/joint_state_broadcaster:/home/changye/Ros2_gazebo/ros2_ws2/install/controller_manager:/home/changye/Ros2_gazebo/ros2_ws2/install/hardware_interface_testing:/home/changye/Ros2_gazebo/ros2_ws2/install/controller_interface:/home/changye/Ros2_gazebo/ros2_ws2/install/hardware_interface:/home/changye/Ros2_gazebo/ros2_ws2/install/ros2_control_test_assets:/home/changye/Ros2_gazebo/ros2_ws2/install/ros2_control_demo_description:/home/changye/Ros2_gazebo/ros2_ws2/install/controller_manager_msgs:/home/changye/Ros2_gazebo/ros2_ws2/install/control_msgs:/opt/ros/humble LD_LIBRARY_PATH=/home/changye/Ros2_gazebo/ros2_ws2/install/joint_state_broadcaster/lib:/home/changye/Ros2_gazebo/ros2_ws2/install/controller_manager/lib:/home/changye/Ros2_gazebo/ros2_ws2/install/hardware_interface_testing/lib:/home/changye/Ros2_gazebo/ros2_ws2/install/controller_interface/lib:/home/changye/Ros2_gazebo/ros2_ws2/install/hardware_interface/lib:/home/changye/Ros2_gazebo/ros2_ws2/install/controller_manager_msgs/lib:/home/changye/Ros2_gazebo/ros2_ws2/install/control_msgs/lib:/usr/lib/x86_64-linux-gnu/gazebo-11/plugins:/opt/ros/humble/lib/x86_64-linux-gnu:/opt/ros/humble/lib:/usr/lib/x86_64-linux-gnu/gazebo-11/plugins:/usr/share/gazebo-11/../../lib/x86_64-linux-gnu/gazebo-11/plugins:/usr/lib/x86_64-linux-gnu/gazebo-11/plugins PYTHONPATH=/home/changye/Ros2_gazebo/ros2_ws2/install/ros2controlcli/lib/python3.10/site-packages:/home/changye/Ros2_gazebo/ros2_ws2/install/controller_manager/local/lib/python3.10/dist-packages:/home/changye/Ros2_gazebo/ros2_ws2/install/controller_manager_msgs/local/lib/python3.10/dist-packages:/home/changye/Ros2_gazebo/ros2_ws2/install/control_msgs/local/lib/python3.10/dist-packages:${PYTHONPATH} /usr/bin/cmake --build /home/changye/Ros2_gazebo/ros2_ws2/build/ros2_control_demo_example_7 -- -j12 -l12
[28.923s] Invoking command in '/home/changye/Ros2_gazebo/ros2_ws2/build/ros2_control_demo_example_7': AMENT_PREFIX_PATH=/home/changye/Ros2_gazebo/ros2_ws2/install/ros2controlcli:/home/changye/Ros2_gazebo/ros2_ws2/install/joint_state_broadcaster:/home/changye/Ros2_gazebo/ros2_ws2/install/controller_manager:/home/changye/Ros2_gazebo/ros2_ws2/install/hardware_interface_testing:/home/changye/Ros2_gazebo/ros2_ws2/install/controller_interface:/home/changye/Ros2_gazebo/ros2_ws2/install/hardware_interface:/home/changye/Ros2_gazebo/ros2_ws2/install/ros2_control_test_assets:/home/changye/Ros2_gazebo/ros2_ws2/install/ros2_control_demo_description:/home/changye/Ros2_gazebo/ros2_ws2/install/controller_manager_msgs:/home/changye/Ros2_gazebo/ros2_ws2/install/control_msgs:${AMENT_PREFIX_PATH} CMAKE_PREFIX_PATH=/home/changye/Ros2_gazebo/ros2_ws2/install/joint_state_broadcaster:/home/changye/Ros2_gazebo/ros2_ws2/install/controller_manager:/home/changye/Ros2_gazebo/ros2_ws2/install/hardware_interface_testing:/home/changye/Ros2_gazebo/ros2_ws2/install/controller_interface:/home/changye/Ros2_gazebo/ros2_ws2/install/hardware_interface:/home/changye/Ros2_gazebo/ros2_ws2/install/ros2_control_test_assets:/home/changye/Ros2_gazebo/ros2_ws2/install/ros2_control_demo_description:/home/changye/Ros2_gazebo/ros2_ws2/install/controller_manager_msgs:/home/changye/Ros2_gazebo/ros2_ws2/install/control_msgs:/opt/ros/humble LD_LIBRARY_PATH=/home/changye/Ros2_gazebo/ros2_ws2/install/joint_state_broadcaster/lib:/home/changye/Ros2_gazebo/ros2_ws2/install/controller_manager/lib:/home/changye/Ros2_gazebo/ros2_ws2/install/hardware_interface_testing/lib:/home/changye/Ros2_gazebo/ros2_ws2/install/controller_interface/lib:/home/changye/Ros2_gazebo/ros2_ws2/install/hardware_interface/lib:/home/changye/Ros2_gazebo/ros2_ws2/install/controller_manager_msgs/lib:/home/changye/Ros2_gazebo/ros2_ws2/install/control_msgs/lib:/usr/lib/x86_64-linux-gnu/gazebo-11/plugins:/opt/ros/humble/lib/x86_64-linux-gnu:/opt/ros/humble/lib:/usr/lib/x86_64-linux-gnu/gazebo-11/plugins:/usr/share/gazebo-11/../../lib/x86_64-linux-gnu/gazebo-11/plugins:/usr/lib/x86_64-linux-gnu/gazebo-11/plugins PYTHONPATH=/home/changye/Ros2_gazebo/ros2_ws2/install/ros2controlcli/lib/python3.10/site-packages:/home/changye/Ros2_gazebo/ros2_ws2/install/controller_manager/local/lib/python3.10/dist-packages:/home/changye/Ros2_gazebo/ros2_ws2/install/controller_manager_msgs/local/lib/python3.10/dist-packages:/home/changye/Ros2_gazebo/ros2_ws2/install/control_msgs/local/lib/python3.10/dist-packages:${PYTHONPATH} /usr/bin/cmake --install /home/changye/Ros2_gazebo/ros2_ws2/build/ros2_control_demo_example_7
[38.167s] -- Install configuration: ""
[38.169s] -- Installing: /home/changye/Ros2_gazebo/ros2_ws2/install/ros2_control_demo_example_7/share/ros2_control_demo_example_7/ros2_control_demo_example_7.xml
[38.169s] -- Up-to-date: /home/changye/Ros2_gazebo/ros2_ws2/install/ros2_control_demo_example_7/share/ros2_control_demo_example_7/ros2_control_demo_example_7.xml
[38.169s] -- Installing: /home/changye/Ros2_gazebo/ros2_ws2/install/ros2_control_demo_example_7/include/ros2_control_demo_example_7
[38.170s] -- Installing: /home/changye/Ros2_gazebo/ros2_ws2/install/ros2_control_demo_example_7/include/ros2_control_demo_example_7/ros2_control_demo_example_7
[38.170s] -- Installing: /home/changye/Ros2_gazebo/ros2_ws2/install/ros2_control_demo_example_7/include/ros2_control_demo_example_7/ros2_control_demo_example_7/r6bot_hardware.hpp
[38.170s] -- Installing: /home/changye/Ros2_gazebo/ros2_ws2/install/ros2_control_demo_example_7/share/ros2_control_demo_example_7/launch
[38.170s] -- Installing: /home/changye/Ros2_gazebo/ros2_ws2/install/ros2_control_demo_example_7/share/ros2_control_demo_example_7/launch/view_r6bot.launch.py
[38.170s] -- Installing: /home/changye/Ros2_gazebo/ros2_ws2/install/ros2_control_demo_example_7/share/ros2_control_demo_example_7/ros2_control
[38.170s] -- Installing: /home/changye/Ros2_gazebo/ros2_ws2/install/ros2_control_demo_example_7/share/ros2_control_demo_example_7/ros2_control/r6bot.ros2_control.xacro
[38.170s] -- Installing: /home/changye/Ros2_gazebo/ros2_ws2/install/ros2_control_demo_example_7/share/ros2_control_demo_example_7/urdf
[38.170s] -- Installing: /home/changye/Ros2_gazebo/ros2_ws2/install/ros2_control_demo_example_7/share/ros2_control_demo_example_7/urdf/r6bot.urdf.xacro
[38.170s] -- Up-to-date: /home/changye/Ros2_gazebo/ros2_ws2/install/ros2_control_demo_example_7/share/ros2_control_demo_example_7/launch
[38.170s] -- Installing: /home/changye/Ros2_gazebo/ros2_ws2/install/ros2_control_demo_example_7/share/ros2_control_demo_example_7/launch/send_trajectory.launch.py
[38.170s] -- Installing: /home/changye/Ros2_gazebo/ros2_ws2/install/ros2_control_demo_example_7/share/ros2_control_demo_example_7/launch/r6bot_controller.launch.py
[38.170s] -- Installing: /home/changye/Ros2_gazebo/ros2_ws2/install/ros2_control_demo_example_7/share/ros2_control_demo_example_7/config
[38.171s] -- Installing: /home/changye/Ros2_gazebo/ros2_ws2/install/ros2_control_demo_example_7/share/ros2_control_demo_example_7/config/r6bot_controller.yaml
[38.171s] -- Installing: /home/changye/Ros2_gazebo/ros2_ws2/install/ros2_control_demo_example_7/lib/ros2_control_demo_example_7/send_trajectory
[38.171s] -- Set runtime path of "/home/changye/Ros2_gazebo/ros2_ws2/install/ros2_control_demo_example_7/lib/ros2_control_demo_example_7/send_trajectory" to ""
[38.171s] -- Installing: /home/changye/Ros2_gazebo/ros2_ws2/install/ros2_control_demo_example_7/lib/libros2_control_demo_example_7.so
[38.171s] -- Set runtime path of "/home/changye/Ros2_gazebo/ros2_ws2/install/ros2_control_demo_example_7/lib/libros2_control_demo_example_7.so" to ""
[38.171s] -- Installing: /home/changye/Ros2_gazebo/ros2_ws2/install/ros2_control_demo_example_7/share/ros2_control_demo_example_7/environment/library_path.sh
[38.171s] -- Installing: /home/changye/Ros2_gazebo/ros2_ws2/install/ros2_control_demo_example_7/share/ros2_control_demo_example_7/environment/library_path.dsv
[38.171s] -- Installing: /home/changye/Ros2_gazebo/ros2_ws2/install/ros2_control_demo_example_7/share/ament_index/resource_index/package_run_dependencies/ros2_control_demo_example_7
[38.171s] -- Installing: /home/changye/Ros2_gazebo/ros2_ws2/install/ros2_control_demo_example_7/share/ament_index/resource_index/parent_prefix_path/ros2_control_demo_example_7
[38.171s] -- Installing: /home/changye/Ros2_gazebo/ros2_ws2/install/ros2_control_demo_example_7/share/ros2_control_demo_example_7/environment/ament_prefix_path.sh
[38.171s] -- Installing: /home/changye/Ros2_gazebo/ros2_ws2/install/ros2_control_demo_example_7/share/ros2_control_demo_example_7/environment/ament_prefix_path.dsv
[38.172s] -- Installing: /home/changye/Ros2_gazebo/ros2_ws2/install/ros2_control_demo_example_7/share/ros2_control_demo_example_7/environment/path.sh
[38.174s] -- Installing: /home/changye/Ros2_gazebo/ros2_ws2/install/ros2_control_demo_example_7/share/ros2_control_demo_example_7/environment/path.dsv
[38.174s] -- Installing: /home/changye/Ros2_gazebo/ros2_ws2/install/ros2_control_demo_example_7/share/ros2_control_demo_example_7/local_setup.bash
[38.174s] -- Installing: /home/changye/Ros2_gazebo/ros2_ws2/install/ros2_control_demo_example_7/share/ros2_control_demo_example_7/local_setup.sh
[38.174s] -- Installing: /home/changye/Ros2_gazebo/ros2_ws2/install/ros2_control_demo_example_7/share/ros2_control_demo_example_7/local_setup.zsh
[38.174s] -- Installing: /home/changye/Ros2_gazebo/ros2_ws2/install/ros2_control_demo_example_7/share/ros2_control_demo_example_7/local_setup.dsv
[38.175s] -- Installing: /home/changye/Ros2_gazebo/ros2_ws2/install/ros2_control_demo_example_7/share/ros2_control_demo_example_7/package.dsv
[38.175s] -- Installing: /home/changye/Ros2_gazebo/ros2_ws2/install/ros2_control_demo_example_7/share/ament_index/resource_index/packages/ros2_control_demo_example_7
[38.175s] -- Installing: /home/changye/Ros2_gazebo/ros2_ws2/install/ros2_control_demo_example_7/share/ament_index/resource_index/hardware_interface__pluginlib__plugin/ros2_control_demo_example_7
[38.175s] -- Installing: /home/changye/Ros2_gazebo/ros2_ws2/install/ros2_control_demo_example_7/share/ament_index/resource_index/controller_interface__pluginlib__plugin/ros2_control_demo_example_7
[38.175s] -- Installing: /home/changye/Ros2_gazebo/ros2_ws2/install/ros2_control_demo_example_7/share/ros2_control_demo_example_7/cmake/export_ros2_control_demo_example_7Export.cmake
[38.175s] -- Installing: /home/changye/Ros2_gazebo/ros2_ws2/install/ros2_control_demo_example_7/share/ros2_control_demo_example_7/cmake/export_ros2_control_demo_example_7Export-noconfig.cmake
[38.175s] -- Installing: /home/changye/Ros2_gazebo/ros2_ws2/install/ros2_control_demo_example_7/share/ros2_control_demo_example_7/cmake/ament_cmake_export_targets-extras.cmake
[38.175s] -- Installing: /home/changye/Ros2_gazebo/ros2_ws2/install/ros2_control_demo_example_7/share/ros2_control_demo_example_7/cmake/ament_cmake_export_dependencies-extras.cmake
[38.175s] -- Installing: /home/changye/Ros2_gazebo/ros2_ws2/install/ros2_control_demo_example_7/share/ros2_control_demo_example_7/cmake/ros2_control_demo_example_7Config.cmake
[38.183s] -- Installing: /home/changye/Ros2_gazebo/ros2_ws2/install/ros2_control_demo_example_7/share/ros2_control_demo_example_7/cmake/ros2_control_demo_example_7Config-version.cmake
[38.185s] -- Installing: /home/changye/Ros2_gazebo/ros2_ws2/install/ros2_control_demo_example_7/share/ros2_control_demo_example_7/package.xml
[38.198s] Invoked command in '/home/changye/Ros2_gazebo/ros2_ws2/build/ros2_control_demo_example_7' returned '0': AMENT_PREFIX_PATH=/home/changye/Ros2_gazebo/ros2_ws2/install/ros2controlcli:/home/changye/Ros2_gazebo/ros2_ws2/install/joint_state_broadcaster:/home/changye/Ros2_gazebo/ros2_ws2/install/controller_manager:/home/changye/Ros2_gazebo/ros2_ws2/install/hardware_interface_testing:/home/changye/Ros2_gazebo/ros2_ws2/install/controller_interface:/home/changye/Ros2_gazebo/ros2_ws2/install/hardware_interface:/home/changye/Ros2_gazebo/ros2_ws2/install/ros2_control_test_assets:/home/changye/Ros2_gazebo/ros2_ws2/install/ros2_control_demo_description:/home/changye/Ros2_gazebo/ros2_ws2/install/controller_manager_msgs:/home/changye/Ros2_gazebo/ros2_ws2/install/control_msgs:${AMENT_PREFIX_PATH} CMAKE_PREFIX_PATH=/home/changye/Ros2_gazebo/ros2_ws2/install/joint_state_broadcaster:/home/changye/Ros2_gazebo/ros2_ws2/install/controller_manager:/home/changye/Ros2_gazebo/ros2_ws2/install/hardware_interface_testing:/home/changye/Ros2_gazebo/ros2_ws2/install/controller_interface:/home/changye/Ros2_gazebo/ros2_ws2/install/hardware_interface:/home/changye/Ros2_gazebo/ros2_ws2/install/ros2_control_test_assets:/home/changye/Ros2_gazebo/ros2_ws2/install/ros2_control_demo_description:/home/changye/Ros2_gazebo/ros2_ws2/install/controller_manager_msgs:/home/changye/Ros2_gazebo/ros2_ws2/install/control_msgs:/opt/ros/humble LD_LIBRARY_PATH=/home/changye/Ros2_gazebo/ros2_ws2/install/joint_state_broadcaster/lib:/home/changye/Ros2_gazebo/ros2_ws2/install/controller_manager/lib:/home/changye/Ros2_gazebo/ros2_ws2/install/hardware_interface_testing/lib:/home/changye/Ros2_gazebo/ros2_ws2/install/controller_interface/lib:/home/changye/Ros2_gazebo/ros2_ws2/install/hardware_interface/lib:/home/changye/Ros2_gazebo/ros2_ws2/install/controller_manager_msgs/lib:/home/changye/Ros2_gazebo/ros2_ws2/install/control_msgs/lib:/usr/lib/x86_64-linux-gnu/gazebo-11/plugins:/opt/ros/humble/lib/x86_64-linux-gnu:/opt/ros/humble/lib:/usr/lib/x86_64-linux-gnu/gazebo-11/plugins:/usr/share/gazebo-11/../../lib/x86_64-linux-gnu/gazebo-11/plugins:/usr/lib/x86_64-linux-gnu/gazebo-11/plugins PYTHONPATH=/home/changye/Ros2_gazebo/ros2_ws2/install/ros2controlcli/lib/python3.10/site-packages:/home/changye/Ros2_gazebo/ros2_ws2/install/controller_manager/local/lib/python3.10/dist-packages:/home/changye/Ros2_gazebo/ros2_ws2/install/controller_manager_msgs/local/lib/python3.10/dist-packages:/home/changye/Ros2_gazebo/ros2_ws2/install/control_msgs/local/lib/python3.10/dist-packages:${PYTHONPATH} /usr/bin/cmake --install /home/changye/Ros2_gazebo/ros2_ws2/build/ros2_control_demo_example_7
