[0.024s] Invoking command in '/home/changye/Ros2_gazebo/ros2_ws2/build/controller_manager': AMENT_PREFIX_PATH=/home/changye/Ros2_gazebo/ros2_ws2/install/hardware_interface_testing:/home/changye/Ros2_gazebo/ros2_ws2/install/controller_interface:/home/changye/Ros2_gazebo/ros2_ws2/install/hardware_interface:/home/changye/Ros2_gazebo/ros2_ws2/install/ros2_control_test_assets:/home/changye/Ros2_gazebo/ros2_ws2/install/controller_manager_msgs:/home/changye/Ros2_gazebo/ros2_ws2/install/control_msgs:${AMENT_PREFIX_PATH} CMAKE_PREFIX_PATH=/home/changye/Ros2_gazebo/ros2_ws2/install/hardware_interface_testing:/home/changye/Ros2_gazebo/ros2_ws2/install/controller_interface:/home/changye/Ros2_gazebo/ros2_ws2/install/hardware_interface:/home/changye/Ros2_gazebo/ros2_ws2/install/ros2_control_test_assets:/home/changye/Ros2_gazebo/ros2_ws2/install/controller_manager_msgs:/home/changye/Ros2_gazebo/ros2_ws2/install/control_msgs:/opt/ros/humble LD_LIBRARY_PATH=/home/changye/Ros2_gazebo/ros2_ws2/install/hardware_interface_testing/lib:/home/changye/Ros2_gazebo/ros2_ws2/install/controller_interface/lib:/home/changye/Ros2_gazebo/ros2_ws2/install/hardware_interface/lib:/home/changye/Ros2_gazebo/ros2_ws2/install/controller_manager_msgs/lib:/home/changye/Ros2_gazebo/ros2_ws2/install/control_msgs/lib:/usr/lib/x86_64-linux-gnu/gazebo-11/plugins:/opt/ros/humble/lib/x86_64-linux-gnu:/opt/ros/humble/lib:/usr/lib/x86_64-linux-gnu/gazebo-11/plugins:/usr/share/gazebo-11/../../lib/x86_64-linux-gnu/gazebo-11/plugins:/usr/lib/x86_64-linux-gnu/gazebo-11/plugins PYTHONPATH=/home/changye/Ros2_gazebo/ros2_ws2/install/controller_manager_msgs/local/lib/python3.10/dist-packages:/home/changye/Ros2_gazebo/ros2_ws2/install/control_msgs/local/lib/python3.10/dist-packages:${PYTHONPATH} /usr/bin/cmake --build /home/changye/Ros2_gazebo/ros2_ws2/build/controller_manager -- -j12 -l12
[0.091s] [35m[1mConsolidate compiler generated dependencies of target gmock_main[0m
[0.092s] [35m[1mConsolidate compiler generated dependencies of target gmock[0m
[0.098s] [  2%] Built target ament_generate_version_header__controller_manager
[0.101s] [  7%] Built target gmock_main
[0.105s] [  7%] Built target ament_cmake_python_copy_controller_manager_setup
[0.105s] [ 15%] Built target gmock
[0.109s] [ 15%] Built target ament_cmake_python_copy_controller_manager
[0.115s] [35m[1mConsolidate compiler generated dependencies of target controller_manager[0m
[0.130s] [ 21%] Built target controller_manager
[0.147s] [35m[1mConsolidate compiler generated dependencies of target test_chainable_controller[0m
[0.147s] [35m[1mConsolidate compiler generated dependencies of target ros2_control_node[0m
[0.147s] [35m[1mConsolidate compiler generated dependencies of target test_controller[0m
[0.147s] [35m[1mConsolidate compiler generated dependencies of target test_controller_failed_init[0m
[0.165s] [35m[1mConsolidate compiler generated dependencies of target test_hardware_spawner[0m
[0.168s] [ 26%] Built target ros2_control_node
[0.168s] [ 31%] Built target test_chainable_controller
[0.169s] [ 36%] Built target test_controller
[0.169s] [35m[1mConsolidate compiler generated dependencies of target test_controller_with_interfaces[0m
[0.170s] [ 42%] Built target test_controller_failed_init
[0.179s] [35m[1mConsolidate compiler generated dependencies of target test_controller_manager_urdf_passing[0m
[0.184s] [ 47%] Built target test_hardware_spawner
[0.191s] [ 52%] Built target test_controller_with_interfaces
[0.191s] [35m[1mConsolidate compiler generated dependencies of target test_controller_manager[0m
[0.191s] [35m[1mConsolidate compiler generated dependencies of target test_spawner_unspawner[0m
[0.192s] [35m[1mConsolidate compiler generated dependencies of target test_controller_manager_srvs[0m
[0.192s] [35m[1mConsolidate compiler generated dependencies of target test_hardware_management_srvs[0m
[0.198s] [35m[1mConsolidate compiler generated dependencies of target test_controllers_chaining_with_controller_manager[0m
[0.198s] [35m[1mConsolidate compiler generated dependencies of target test_load_controller[0m
[0.203s] [35m[1mConsolidate compiler generated dependencies of target test_controller_manager_with_namespace.cpp[0m
[0.208s] [ 57%] Built target test_controller_manager_urdf_passing
[0.216s] [35m[1mConsolidate compiler generated dependencies of target test_release_interfaces[0m
[0.216s] [ 63%] Built target test_controller_manager
[0.216s] [ 68%] Built target test_spawner_unspawner
[0.218s] [ 73%] Built target test_hardware_management_srvs
[0.219s] [ 78%] Built target test_controller_manager_srvs
[0.221s] [ 84%] Built target test_controllers_chaining_with_controller_manager
[0.225s] [ 89%] Built target test_controller_manager_with_namespace.cpp
[0.225s] [ 94%] Built target test_load_controller
[0.227s] [100%] Built target test_release_interfaces
[0.392s] running install_scripts
[0.393s] running egg_info
[0.394s] writing controller_manager.egg-info/PKG-INFO
[0.394s] writing dependency_links to controller_manager.egg-info/dependency_links.txt
[0.394s] writing entry points to controller_manager.egg-info/entry_points.txt
[0.394s] writing top-level names to controller_manager.egg-info/top_level.txt
[0.396s] reading manifest file 'controller_manager.egg-info/SOURCES.txt'
[0.405s] writing manifest file 'controller_manager.egg-info/SOURCES.txt'
[0.410s] running egg_info
[0.411s] writing controller_manager.egg-info/PKG-INFO
[0.411s] writing dependency_links to controller_manager.egg-info/dependency_links.txt
[0.411s] writing entry points to controller_manager.egg-info/entry_points.txt
[0.411s] writing top-level names to controller_manager.egg-info/top_level.txt
[0.413s] reading manifest file 'controller_manager.egg-info/SOURCES.txt'
[0.414s] writing manifest file 'controller_manager.egg-info/SOURCES.txt'
[0.415s] Installing hardware_spawner script to scripts
[0.415s] Installing spawner script to scripts
[0.415s] Installing unspawner script to scripts
[0.426s] [100%] Built target ament_cmake_python_build_controller_manager_egg
[0.440s] [100%] Built target ament_cmake_python_build_controller_manager_scripts
[0.448s] Invoked command in '/home/changye/Ros2_gazebo/ros2_ws2/build/controller_manager' returned '0': AMENT_PREFIX_PATH=/home/changye/Ros2_gazebo/ros2_ws2/install/hardware_interface_testing:/home/changye/Ros2_gazebo/ros2_ws2/install/controller_interface:/home/changye/Ros2_gazebo/ros2_ws2/install/hardware_interface:/home/changye/Ros2_gazebo/ros2_ws2/install/ros2_control_test_assets:/home/changye/Ros2_gazebo/ros2_ws2/install/controller_manager_msgs:/home/changye/Ros2_gazebo/ros2_ws2/install/control_msgs:${AMENT_PREFIX_PATH} CMAKE_PREFIX_PATH=/home/changye/Ros2_gazebo/ros2_ws2/install/hardware_interface_testing:/home/changye/Ros2_gazebo/ros2_ws2/install/controller_interface:/home/changye/Ros2_gazebo/ros2_ws2/install/hardware_interface:/home/changye/Ros2_gazebo/ros2_ws2/install/ros2_control_test_assets:/home/changye/Ros2_gazebo/ros2_ws2/install/controller_manager_msgs:/home/changye/Ros2_gazebo/ros2_ws2/install/control_msgs:/opt/ros/humble LD_LIBRARY_PATH=/home/changye/Ros2_gazebo/ros2_ws2/install/hardware_interface_testing/lib:/home/changye/Ros2_gazebo/ros2_ws2/install/controller_interface/lib:/home/changye/Ros2_gazebo/ros2_ws2/install/hardware_interface/lib:/home/changye/Ros2_gazebo/ros2_ws2/install/controller_manager_msgs/lib:/home/changye/Ros2_gazebo/ros2_ws2/install/control_msgs/lib:/usr/lib/x86_64-linux-gnu/gazebo-11/plugins:/opt/ros/humble/lib/x86_64-linux-gnu:/opt/ros/humble/lib:/usr/lib/x86_64-linux-gnu/gazebo-11/plugins:/usr/share/gazebo-11/../../lib/x86_64-linux-gnu/gazebo-11/plugins:/usr/lib/x86_64-linux-gnu/gazebo-11/plugins PYTHONPATH=/home/changye/Ros2_gazebo/ros2_ws2/install/controller_manager_msgs/local/lib/python3.10/dist-packages:/home/changye/Ros2_gazebo/ros2_ws2/install/control_msgs/local/lib/python3.10/dist-packages:${PYTHONPATH} /usr/bin/cmake --build /home/changye/Ros2_gazebo/ros2_ws2/build/controller_manager -- -j12 -l12
[0.450s] Invoking command in '/home/changye/Ros2_gazebo/ros2_ws2/build/controller_manager': AMENT_PREFIX_PATH=/home/changye/Ros2_gazebo/ros2_ws2/install/hardware_interface_testing:/home/changye/Ros2_gazebo/ros2_ws2/install/controller_interface:/home/changye/Ros2_gazebo/ros2_ws2/install/hardware_interface:/home/changye/Ros2_gazebo/ros2_ws2/install/ros2_control_test_assets:/home/changye/Ros2_gazebo/ros2_ws2/install/controller_manager_msgs:/home/changye/Ros2_gazebo/ros2_ws2/install/control_msgs:${AMENT_PREFIX_PATH} CMAKE_PREFIX_PATH=/home/changye/Ros2_gazebo/ros2_ws2/install/hardware_interface_testing:/home/changye/Ros2_gazebo/ros2_ws2/install/controller_interface:/home/changye/Ros2_gazebo/ros2_ws2/install/hardware_interface:/home/changye/Ros2_gazebo/ros2_ws2/install/ros2_control_test_assets:/home/changye/Ros2_gazebo/ros2_ws2/install/controller_manager_msgs:/home/changye/Ros2_gazebo/ros2_ws2/install/control_msgs:/opt/ros/humble LD_LIBRARY_PATH=/home/changye/Ros2_gazebo/ros2_ws2/install/hardware_interface_testing/lib:/home/changye/Ros2_gazebo/ros2_ws2/install/controller_interface/lib:/home/changye/Ros2_gazebo/ros2_ws2/install/hardware_interface/lib:/home/changye/Ros2_gazebo/ros2_ws2/install/controller_manager_msgs/lib:/home/changye/Ros2_gazebo/ros2_ws2/install/control_msgs/lib:/usr/lib/x86_64-linux-gnu/gazebo-11/plugins:/opt/ros/humble/lib/x86_64-linux-gnu:/opt/ros/humble/lib:/usr/lib/x86_64-linux-gnu/gazebo-11/plugins:/usr/share/gazebo-11/../../lib/x86_64-linux-gnu/gazebo-11/plugins:/usr/lib/x86_64-linux-gnu/gazebo-11/plugins PYTHONPATH=/home/changye/Ros2_gazebo/ros2_ws2/install/controller_manager_msgs/local/lib/python3.10/dist-packages:/home/changye/Ros2_gazebo/ros2_ws2/install/control_msgs/local/lib/python3.10/dist-packages:${PYTHONPATH} /usr/bin/cmake --install /home/changye/Ros2_gazebo/ros2_ws2/build/controller_manager
[0.456s] -- Install configuration: ""
[0.456s] -- Up-to-date: /home/changye/Ros2_gazebo/ros2_ws2/install/controller_manager/lib/libcontroller_manager.so
[0.456s] -- Up-to-date: /home/changye/Ros2_gazebo/ros2_ws2/install/controller_manager/lib/controller_manager/ros2_control_node
[0.456s] -- Up-to-date: /home/changye/Ros2_gazebo/ros2_ws2/install/controller_manager/include
[0.456s] -- Up-to-date: /home/changye/Ros2_gazebo/ros2_ws2/install/controller_manager/include/controller_manager
[0.456s] -- Up-to-date: /home/changye/Ros2_gazebo/ros2_ws2/install/controller_manager/include/controller_manager/controller_spec.hpp
[0.456s] -- Up-to-date: /home/changye/Ros2_gazebo/ros2_ws2/install/controller_manager/include/controller_manager/visibility_control.h
[0.456s] -- Up-to-date: /home/changye/Ros2_gazebo/ros2_ws2/install/controller_manager/include/controller_manager/controller_manager.hpp
[0.456s] -- Up-to-date: /home/changye/Ros2_gazebo/ros2_ws2/install/controller_manager/share/controller_manager/test/test_controller/test_controller.xml
[0.457s] -- Up-to-date: /home/changye/Ros2_gazebo/ros2_ws2/install/controller_manager/lib/libtest_controller.so
[0.457s] -- Up-to-date: /home/changye/Ros2_gazebo/ros2_ws2/install/controller_manager/share/controller_manager/test/test_controller_failed_init/test_controller_failed_init.xml
[0.457s] -- Up-to-date: /home/changye/Ros2_gazebo/ros2_ws2/install/controller_manager/lib/libtest_controller_failed_init.so
[0.457s] -- Up-to-date: /home/changye/Ros2_gazebo/ros2_ws2/install/controller_manager/share/controller_manager/test/test_chainable_controller/test_chainable_controller.xml
[0.457s] -- Up-to-date: /home/changye/Ros2_gazebo/ros2_ws2/install/controller_manager/lib/libtest_chainable_controller.so
[0.457s] -- Up-to-date: /home/changye/Ros2_gazebo/ros2_ws2/install/controller_manager/share/controller_manager/test/test_controller_with_interfaces/test_controller_with_interfaces.xml
[0.457s] -- Up-to-date: /home/changye/Ros2_gazebo/ros2_ws2/install/controller_manager/lib/libtest_controller_with_interfaces.so
[0.457s] -- Up-to-date: /home/changye/Ros2_gazebo/ros2_ws2/install/controller_manager/test/test_controller_spawner_with_type.yaml
[0.457s] -- Up-to-date: /home/changye/Ros2_gazebo/ros2_ws2/install/controller_manager/test/test_controller_spawner_with_basic_controllers.yaml
[0.457s] -- Up-to-date: /home/changye/Ros2_gazebo/ros2_ws2/install/controller_manager/test/test_controller_overriding_parameters.yaml
[0.457s] -- Up-to-date: /home/changye/Ros2_gazebo/ros2_ws2/install/controller_manager/test/test_controller_spawner_wildcard_entries.yaml
[0.457s] -- Up-to-date: /home/changye/Ros2_gazebo/ros2_ws2/install/controller_manager/test/test_controller_spawner_with_interfaces.yaml
[0.457s] -- Up-to-date: /home/changye/Ros2_gazebo/ros2_ws2/install/controller_manager/test/test_ros2_control_node.yaml
[0.457s] -- Up-to-date: /home/changye/Ros2_gazebo/ros2_ws2/install/controller_manager/share/controller_manager/environment/pythonpath.sh
[0.457s] -- Up-to-date: /home/changye/Ros2_gazebo/ros2_ws2/install/controller_manager/share/controller_manager/environment/pythonpath.dsv
[0.458s] -- Up-to-date: /home/changye/Ros2_gazebo/ros2_ws2/install/controller_manager/local/lib/python3.10/dist-packages/controller_manager-2.47.0-py3.10.egg-info
[0.458s] -- Installing: /home/changye/Ros2_gazebo/ros2_ws2/install/controller_manager/local/lib/python3.10/dist-packages/controller_manager-2.47.0-py3.10.egg-info/PKG-INFO
[0.458s] -- Installing: /home/changye/Ros2_gazebo/ros2_ws2/install/controller_manager/local/lib/python3.10/dist-packages/controller_manager-2.47.0-py3.10.egg-info/SOURCES.txt
[0.458s] -- Installing: /home/changye/Ros2_gazebo/ros2_ws2/install/controller_manager/local/lib/python3.10/dist-packages/controller_manager-2.47.0-py3.10.egg-info/dependency_links.txt
[0.458s] -- Installing: /home/changye/Ros2_gazebo/ros2_ws2/install/controller_manager/local/lib/python3.10/dist-packages/controller_manager-2.47.0-py3.10.egg-info/top_level.txt
[0.458s] -- Installing: /home/changye/Ros2_gazebo/ros2_ws2/install/controller_manager/local/lib/python3.10/dist-packages/controller_manager-2.47.0-py3.10.egg-info/entry_points.txt
[0.458s] -- Up-to-date: /home/changye/Ros2_gazebo/ros2_ws2/install/controller_manager/lib/controller_manager/
[0.458s] -- Installing: /home/changye/Ros2_gazebo/ros2_ws2/install/controller_manager/lib/controller_manager//unspawner
[0.458s] -- Installing: /home/changye/Ros2_gazebo/ros2_ws2/install/controller_manager/lib/controller_manager//spawner
[0.458s] -- Installing: /home/changye/Ros2_gazebo/ros2_ws2/install/controller_manager/lib/controller_manager//hardware_spawner
[0.458s] -- Up-to-date: /home/changye/Ros2_gazebo/ros2_ws2/install/controller_manager/local/lib/python3.10/dist-packages/controller_manager
[0.458s] -- Up-to-date: /home/changye/Ros2_gazebo/ros2_ws2/install/controller_manager/local/lib/python3.10/dist-packages/controller_manager/unspawner.py
[0.458s] -- Up-to-date: /home/changye/Ros2_gazebo/ros2_ws2/install/controller_manager/local/lib/python3.10/dist-packages/controller_manager/__init__.py
[0.458s] -- Up-to-date: /home/changye/Ros2_gazebo/ros2_ws2/install/controller_manager/local/lib/python3.10/dist-packages/controller_manager/controller_manager_services.py
[0.458s] -- Up-to-date: /home/changye/Ros2_gazebo/ros2_ws2/install/controller_manager/local/lib/python3.10/dist-packages/controller_manager/launch_utils.py
[0.458s] -- Up-to-date: /home/changye/Ros2_gazebo/ros2_ws2/install/controller_manager/local/lib/python3.10/dist-packages/controller_manager/spawner.py
[0.458s] -- Up-to-date: /home/changye/Ros2_gazebo/ros2_ws2/install/controller_manager/local/lib/python3.10/dist-packages/controller_manager/hardware_spawner.py
[0.483s] Listing '/home/changye/Ros2_gazebo/ros2_ws2/install/controller_manager/local/lib/python3.10/dist-packages/controller_manager'...
[0.486s] -- Up-to-date: /home/changye/Ros2_gazebo/ros2_ws2/install/controller_manager/share/controller_manager/environment/library_path.sh
[0.486s] -- Up-to-date: /home/changye/Ros2_gazebo/ros2_ws2/install/controller_manager/share/controller_manager/environment/library_path.dsv
[0.486s] -- Up-to-date: /home/changye/Ros2_gazebo/ros2_ws2/install/controller_manager/share/ament_index/resource_index/package_run_dependencies/controller_manager
[0.486s] -- Up-to-date: /home/changye/Ros2_gazebo/ros2_ws2/install/controller_manager/share/ament_index/resource_index/parent_prefix_path/controller_manager
[0.486s] -- Up-to-date: /home/changye/Ros2_gazebo/ros2_ws2/install/controller_manager/share/controller_manager/environment/ament_prefix_path.sh
[0.486s] -- Up-to-date: /home/changye/Ros2_gazebo/ros2_ws2/install/controller_manager/share/controller_manager/environment/ament_prefix_path.dsv
[0.486s] -- Up-to-date: /home/changye/Ros2_gazebo/ros2_ws2/install/controller_manager/share/controller_manager/environment/path.sh
[0.486s] -- Up-to-date: /home/changye/Ros2_gazebo/ros2_ws2/install/controller_manager/share/controller_manager/environment/path.dsv
[0.486s] -- Up-to-date: /home/changye/Ros2_gazebo/ros2_ws2/install/controller_manager/share/controller_manager/local_setup.bash
[0.487s] -- Up-to-date: /home/changye/Ros2_gazebo/ros2_ws2/install/controller_manager/share/controller_manager/local_setup.sh
[0.487s] -- Up-to-date: /home/changye/Ros2_gazebo/ros2_ws2/install/controller_manager/share/controller_manager/local_setup.zsh
[0.487s] -- Up-to-date: /home/changye/Ros2_gazebo/ros2_ws2/install/controller_manager/share/controller_manager/local_setup.dsv
[0.487s] -- Installing: /home/changye/Ros2_gazebo/ros2_ws2/install/controller_manager/share/controller_manager/package.dsv
[0.495s] -- Up-to-date: /home/changye/Ros2_gazebo/ros2_ws2/install/controller_manager/share/ament_index/resource_index/packages/controller_manager
[0.495s] -- Up-to-date: /home/changye/Ros2_gazebo/ros2_ws2/install/controller_manager/share/ament_index/resource_index/controller_interface__pluginlib__plugin/controller_manager
[0.495s] -- Up-to-date: /home/changye/Ros2_gazebo/ros2_ws2/install/controller_manager/share/controller_manager/cmake/ament_cmake_export_libraries-extras.cmake
[0.495s] -- Up-to-date: /home/changye/Ros2_gazebo/ros2_ws2/install/controller_manager/share/controller_manager/cmake/ament_cmake_export_include_directories-extras.cmake
[0.495s] -- Up-to-date: /home/changye/Ros2_gazebo/ros2_ws2/install/controller_manager/share/controller_manager/cmake/ament_cmake_export_dependencies-extras.cmake
[0.495s] -- Up-to-date: /home/changye/Ros2_gazebo/ros2_ws2/install/controller_manager/share/controller_manager/cmake/controller_managerConfig.cmake
[0.495s] -- Up-to-date: /home/changye/Ros2_gazebo/ros2_ws2/install/controller_manager/share/controller_manager/cmake/controller_managerConfig-version.cmake
[0.495s] -- Up-to-date: /home/changye/Ros2_gazebo/ros2_ws2/install/controller_manager/share/controller_manager/package.xml
[0.496s] -- Up-to-date: /home/changye/Ros2_gazebo/ros2_ws2/install/controller_manager/include/controller_manager/controller_manager/version.h
[0.498s] Invoked command in '/home/changye/Ros2_gazebo/ros2_ws2/build/controller_manager' returned '0': AMENT_PREFIX_PATH=/home/changye/Ros2_gazebo/ros2_ws2/install/hardware_interface_testing:/home/changye/Ros2_gazebo/ros2_ws2/install/controller_interface:/home/changye/Ros2_gazebo/ros2_ws2/install/hardware_interface:/home/changye/Ros2_gazebo/ros2_ws2/install/ros2_control_test_assets:/home/changye/Ros2_gazebo/ros2_ws2/install/controller_manager_msgs:/home/changye/Ros2_gazebo/ros2_ws2/install/control_msgs:${AMENT_PREFIX_PATH} CMAKE_PREFIX_PATH=/home/changye/Ros2_gazebo/ros2_ws2/install/hardware_interface_testing:/home/changye/Ros2_gazebo/ros2_ws2/install/controller_interface:/home/changye/Ros2_gazebo/ros2_ws2/install/hardware_interface:/home/changye/Ros2_gazebo/ros2_ws2/install/ros2_control_test_assets:/home/changye/Ros2_gazebo/ros2_ws2/install/controller_manager_msgs:/home/changye/Ros2_gazebo/ros2_ws2/install/control_msgs:/opt/ros/humble LD_LIBRARY_PATH=/home/changye/Ros2_gazebo/ros2_ws2/install/hardware_interface_testing/lib:/home/changye/Ros2_gazebo/ros2_ws2/install/controller_interface/lib:/home/changye/Ros2_gazebo/ros2_ws2/install/hardware_interface/lib:/home/changye/Ros2_gazebo/ros2_ws2/install/controller_manager_msgs/lib:/home/changye/Ros2_gazebo/ros2_ws2/install/control_msgs/lib:/usr/lib/x86_64-linux-gnu/gazebo-11/plugins:/opt/ros/humble/lib/x86_64-linux-gnu:/opt/ros/humble/lib:/usr/lib/x86_64-linux-gnu/gazebo-11/plugins:/usr/share/gazebo-11/../../lib/x86_64-linux-gnu/gazebo-11/plugins:/usr/lib/x86_64-linux-gnu/gazebo-11/plugins PYTHONPATH=/home/changye/Ros2_gazebo/ros2_ws2/install/controller_manager_msgs/local/lib/python3.10/dist-packages:/home/changye/Ros2_gazebo/ros2_ws2/install/control_msgs/local/lib/python3.10/dist-packages:${PYTHONPATH} /usr/bin/cmake --install /home/changye/Ros2_gazebo/ros2_ws2/build/controller_manager
