[0.305s] Invoking command in '/home/changye/Ros2_gazebo/ros2_ws2/build/joint_limits': CMAKE_PREFIX_PATH=/opt/ros/humble /usr/bin/cmake /home/changye/Ros2_gazebo/ros2_ws2/src/ros-controls/ros2_control-humble/joint_limits -DCMAKE_INSTALL_PREFIX=/home/changye/Ros2_gazebo/ros2_ws2/install/joint_limits
[0.621s] -- The C compiler identification is GNU 11.4.0
[0.621s] -- The CXX compiler identification is GNU 11.4.0
[0.621s] -- Detecting C compiler ABI info
[0.621s] -- Detecting C compiler ABI info - done
[0.621s] -- Check for working C compiler: /usr/bin/cc - skipped
[0.621s] -- Detecting C compile features
[0.621s] -- Detecting C compile features - done
[0.621s] -- Detecting CXX compiler ABI info
[0.621s] -- Detecting CXX compiler ABI info - done
[0.622s] -- Check for working CXX compiler: /usr/bin/c++ - skipped
[0.622s] -- Detecting CXX compile features
[0.622s] -- Detecting CXX compile features - done
[0.622s] -- Found ament_cmake: 1.3.11 (/opt/ros/humble/share/ament_cmake/cmake)
[0.751s] -- Found Python3: /usr/bin/python3 (found version "3.10.12") found components: Interpreter 
[0.828s] -- Found rclcpp: 16.0.11 (/opt/ros/humble/share/rclcpp/cmake)
[0.867s] -- Found rosidl_generator_c: 3.1.6 (/opt/ros/humble/share/rosidl_generator_c/cmake)
[0.872s] -- Found rosidl_adapter: 3.1.6 (/opt/ros/humble/share/rosidl_adapter/cmake)
[0.880s] -- Found rosidl_generator_cpp: 3.1.6 (/opt/ros/humble/share/rosidl_generator_cpp/cmake)
[0.893s] -- Using all available rosidl_typesupport_c: rosidl_typesupport_fastrtps_c;rosidl_typesupport_introspection_c
[0.909s] -- Using all available rosidl_typesupport_cpp: rosidl_typesupport_fastrtps_cpp;rosidl_typesupport_introspection_cpp
[0.955s] -- Found rmw_implementation_cmake: 6.1.2 (/opt/ros/humble/share/rmw_implementation_cmake/cmake)
[0.957s] -- Found rmw_fastrtps_cpp: 6.2.7 (/opt/ros/humble/share/rmw_fastrtps_cpp/cmake)
[1.040s] -- Found OpenSSL: /usr/lib/x86_64-linux-gnu/libcrypto.so (found version "3.0.2")  
[1.063s] -- Found FastRTPS: /opt/ros/humble/include  
[1.096s] -- Using RMW implementation 'rmw_fastrtps_cpp' as default
[1.101s] -- Looking for pthread.h
[1.155s] -- Looking for pthread.h - found
[1.155s] -- Performing Test CMAKE_HAVE_LIBC_PTHREAD
[1.218s] -- Performing Test CMAKE_HAVE_LIBC_PTHREAD - Success
[1.220s] -- Found Threads: TRUE  
[1.265s] -- Found rclcpp_lifecycle: 16.0.11 (/opt/ros/humble/share/rclcpp_lifecycle/cmake)
[1.281s] -- Found ament_cmake_gtest: 1.3.11 (/opt/ros/humble/share/ament_cmake_gtest/cmake)
[1.282s] -- Found launch_testing_ament_cmake: 1.0.7 (/opt/ros/humble/share/launch_testing_ament_cmake/cmake)
[1.283s] -- Found python_cmake_module: 0.10.0 (/opt/ros/humble/share/python_cmake_module/cmake)
[1.301s] -- Found PythonInterp: /usr/bin/python3 (found suitable version "3.10.12", minimum required is "3.6") 
[1.304s] -- Found PythonLibs: /usr/lib/x86_64-linux-gnu/libpython3.10.so (found suitable version "3.10.12", minimum required is "3.5") 
[1.305s] -- Using PYTHON_EXECUTABLE: /usr/bin/python3
[1.305s] -- Using PYTHON_INCLUDE_DIRS: /usr/include/python3.10
[1.305s] -- Using PYTHON_LIBRARIES: /usr/lib/x86_64-linux-gnu/libpython3.10.so
[1.323s] -- Found PythonExtra: .so  
[1.325s] -- Found gtest sources under '/opt/ros/humble/src/gtest_vendor': C++ tests using 'Google Test' will be built
[1.389s] -- Configuring done
[1.419s] -- Generating done
[1.423s] -- Build files have been written to: /home/changye/Ros2_gazebo/ros2_ws2/build/joint_limits
[1.433s] Invoked command in '/home/changye/Ros2_gazebo/ros2_ws2/build/joint_limits' returned '0': CMAKE_PREFIX_PATH=/opt/ros/humble /usr/bin/cmake /home/changye/Ros2_gazebo/ros2_ws2/src/ros-controls/ros2_control-humble/joint_limits -DCMAKE_INSTALL_PREFIX=/home/changye/Ros2_gazebo/ros2_ws2/install/joint_limits
[1.434s] Invoking command in '/home/changye/Ros2_gazebo/ros2_ws2/build/joint_limits': CMAKE_PREFIX_PATH=/opt/ros/humble /usr/bin/cmake --build /home/changye/Ros2_gazebo/ros2_ws2/build/joint_limits -- -j12 -l12
[1.476s] [ 28%] [32mBuilding CXX object gtest/CMakeFiles/gtest_main.dir/src/gtest_main.cc.o[0m
[1.476s] [ 28%] [32mBuilding CXX object gtest/CMakeFiles/gtest.dir/src/gtest-all.cc.o[0m
[1.478s] [ 42%] [34m[1mGenerating joint_limits/version.h[0m
[1.492s] [ 42%] Built target ament_generate_version_header__joint_limits
[2.246s] [ 57%] [32m[1mLinking CXX static library libgtest_main.a[0m
[2.315s] [ 57%] Built target gtest_main
[5.596s] [ 71%] [32m[1mLinking CXX static library libgtest.a[0m
[5.815s] [ 71%] Built target gtest
[5.860s] [ 85%] [32mBuilding CXX object CMakeFiles/joint_limits_rosparam_test.dir/test/joint_limits_rosparam_test.cpp.o[0m
[15.029s] [100%] [32m[1mLinking CXX executable joint_limits_rosparam_test[0m
[15.417s] [100%] Built target joint_limits_rosparam_test
[15.445s] Invoked command in '/home/changye/Ros2_gazebo/ros2_ws2/build/joint_limits' returned '0': CMAKE_PREFIX_PATH=/opt/ros/humble /usr/bin/cmake --build /home/changye/Ros2_gazebo/ros2_ws2/build/joint_limits -- -j12 -l12
[15.451s] Invoking command in '/home/changye/Ros2_gazebo/ros2_ws2/build/joint_limits': CMAKE_PREFIX_PATH=/opt/ros/humble /usr/bin/cmake --install /home/changye/Ros2_gazebo/ros2_ws2/build/joint_limits
[15.468s] -- Install configuration: ""
[15.469s] -- Installing: /home/changye/Ros2_gazebo/ros2_ws2/install/joint_limits/include
[15.472s] -- Installing: /home/changye/Ros2_gazebo/ros2_ws2/install/joint_limits/include/joint_limits
[15.472s] -- Installing: /home/changye/Ros2_gazebo/ros2_ws2/install/joint_limits/include/joint_limits/joint_limits.hpp
[15.472s] -- Installing: /home/changye/Ros2_gazebo/ros2_ws2/install/joint_limits/include/joint_limits/joint_limits_rosparam.hpp
[15.472s] -- Installing: /home/changye/Ros2_gazebo/ros2_ws2/install/joint_limits/lib/joint_limits/joint_limits_rosparam_test
[15.476s] -- Set runtime path of "/home/changye/Ros2_gazebo/ros2_ws2/install/joint_limits/lib/joint_limits/joint_limits_rosparam_test" to ""
[15.476s] -- Installing: /home/changye/Ros2_gazebo/ros2_ws2/install/joint_limits/share/joint_limits/test/joint_limits_rosparam.yaml
[15.476s] -- Up-to-date: /home/changye/Ros2_gazebo/ros2_ws2/install/joint_limits/include/joint_limits
[15.476s] -- Installing: /home/changye/Ros2_gazebo/ros2_ws2/install/joint_limits/include/joint_limits/joint_limits
[15.476s] -- Installing: /home/changye/Ros2_gazebo/ros2_ws2/install/joint_limits/include/joint_limits/joint_limits/joint_limits.hpp
[15.477s] -- Installing: /home/changye/Ros2_gazebo/ros2_ws2/install/joint_limits/include/joint_limits/joint_limits/joint_limits_rosparam.hpp
[15.477s] -- Installing: /home/changye/Ros2_gazebo/ros2_ws2/install/joint_limits/share/joint_limits/environment/library_path.sh
[15.477s] -- Installing: /home/changye/Ros2_gazebo/ros2_ws2/install/joint_limits/share/joint_limits/environment/library_path.dsv
[15.478s] -- Installing: /home/changye/Ros2_gazebo/ros2_ws2/install/joint_limits/share/ament_index/resource_index/package_run_dependencies/joint_limits
[15.478s] -- Installing: /home/changye/Ros2_gazebo/ros2_ws2/install/joint_limits/share/ament_index/resource_index/parent_prefix_path/joint_limits
[15.478s] -- Installing: /home/changye/Ros2_gazebo/ros2_ws2/install/joint_limits/share/joint_limits/environment/ament_prefix_path.sh
[15.478s] -- Installing: /home/changye/Ros2_gazebo/ros2_ws2/install/joint_limits/share/joint_limits/environment/ament_prefix_path.dsv
[15.478s] -- Installing: /home/changye/Ros2_gazebo/ros2_ws2/install/joint_limits/share/joint_limits/environment/path.sh
[15.478s] -- Installing: /home/changye/Ros2_gazebo/ros2_ws2/install/joint_limits/share/joint_limits/environment/path.dsv
[15.478s] -- Installing: /home/changye/Ros2_gazebo/ros2_ws2/install/joint_limits/share/joint_limits/local_setup.bash
[15.479s] -- Installing: /home/changye/Ros2_gazebo/ros2_ws2/install/joint_limits/share/joint_limits/local_setup.sh
[15.479s] -- Installing: /home/changye/Ros2_gazebo/ros2_ws2/install/joint_limits/share/joint_limits/local_setup.zsh
[15.479s] -- Installing: /home/changye/Ros2_gazebo/ros2_ws2/install/joint_limits/share/joint_limits/local_setup.dsv
[15.479s] -- Installing: /home/changye/Ros2_gazebo/ros2_ws2/install/joint_limits/share/joint_limits/package.dsv
[15.479s] -- Installing: /home/changye/Ros2_gazebo/ros2_ws2/install/joint_limits/share/ament_index/resource_index/packages/joint_limits
[15.480s] -- Installing: /home/changye/Ros2_gazebo/ros2_ws2/install/joint_limits/share/joint_limits/cmake/export_joint_limitsExport.cmake
[15.480s] -- Installing: /home/changye/Ros2_gazebo/ros2_ws2/install/joint_limits/share/joint_limits/cmake/ament_cmake_export_targets-extras.cmake
[15.480s] -- Installing: /home/changye/Ros2_gazebo/ros2_ws2/install/joint_limits/share/joint_limits/cmake/ament_cmake_export_dependencies-extras.cmake
[15.480s] -- Installing: /home/changye/Ros2_gazebo/ros2_ws2/install/joint_limits/share/joint_limits/cmake/ament_cmake_export_include_directories-extras.cmake
[15.482s] -- Installing: /home/changye/Ros2_gazebo/ros2_ws2/install/joint_limits/share/joint_limits/cmake/joint_limitsConfig.cmake
[15.482s] -- Installing: /home/changye/Ros2_gazebo/ros2_ws2/install/joint_limits/share/joint_limits/cmake/joint_limitsConfig-version.cmake
[15.482s] -- Installing: /home/changye/Ros2_gazebo/ros2_ws2/install/joint_limits/share/joint_limits/package.xml
[15.482s] -- Installing: /home/changye/Ros2_gazebo/ros2_ws2/install/joint_limits/include/joint_limits/joint_limits/version.h
[15.485s] Invoked command in '/home/changye/Ros2_gazebo/ros2_ws2/build/joint_limits' returned '0': CMAKE_PREFIX_PATH=/opt/ros/humble /usr/bin/cmake --install /home/changye/Ros2_gazebo/ros2_ws2/build/joint_limits
