[0.177s] DEBUG:colcon:Command line arguments: ['/usr/bin/colcon', 'build', '--symlink-install']
[0.177s] DEBUG:colcon:Parsed command line arguments: Namespace(log_base=None, log_level=None, verb_name='build', build_base='build', install_base='install', merge_install=False, symlink_install=True, test_result_base=None, continue_on_error=False, executor='parallel', parallel_workers=12, event_handlers=None, ignore_user_meta=False, metas=['./colcon.meta'], base_paths=['.'], packages_ignore=None, packages_ignore_regex=None, paths=None, packages_up_to=None, packages_up_to_regex=None, packages_above=None, packages_above_and_dependencies=None, packages_above_depth=None, packages_select_by_dep=None, packages_skip_by_dep=None, packages_skip_up_to=None, packages_select_build_failed=False, packages_skip_build_finished=False, packages_select_test_failures=False, packages_skip_test_passed=False, packages_select=None, packages_skip=None, packages_select_regex=None, packages_skip_regex=None, packages_start=None, packages_end=None, allow_overriding=[], cmake_args=None, cmake_target=None, cmake_target_skip_unavailable=False, cmake_clean_cache=False, cmake_clean_first=False, cmake_force_configure=False, ament_cmake_args=None, catkin_cmake_args=None, catkin_skip_building_tests=False, mixin_files=None, mixin=None, verb_parser=<colcon_mixin.mixin.mixin_argument.MixinArgumentDecorator object at 0x75e63628a200>, verb_extension=<colcon_core.verb.build.BuildVerb object at 0x75e636207a00>, main=<bound method BuildVerb.main of <colcon_core.verb.build.BuildVerb object at 0x75e636207a00>>, mixin_verb=('build',))
[0.419s] Level 1:colcon.colcon_core.package_discovery:discover_packages(colcon_meta) check parameters
[0.419s] Level 1:colcon.colcon_core.package_discovery:discover_packages(recursive) check parameters
[0.419s] Level 1:colcon.colcon_core.package_discovery:discover_packages(ignore) check parameters
[0.419s] Level 1:colcon.colcon_core.package_discovery:discover_packages(path) check parameters
[0.419s] Level 1:colcon.colcon_core.package_discovery:discover_packages(colcon_meta) discover
[0.419s] Level 1:colcon.colcon_core.package_discovery:discover_packages(recursive) discover
[0.419s] INFO:colcon.colcon_core.package_discovery:Crawling recursively for packages in '/home/changye/ros2_ws2'
[0.419s] Level 1:colcon.colcon_core.package_identification:_identify(.) by extensions ['ignore', 'ignore_ament_install']
[0.419s] Level 1:colcon.colcon_core.package_identification:_identify(.) by extension 'ignore'
[0.419s] Level 1:colcon.colcon_core.package_identification:_identify(.) by extension 'ignore_ament_install'
[0.419s] Level 1:colcon.colcon_core.package_identification:_identify(.) by extensions ['colcon_pkg']
[0.419s] Level 1:colcon.colcon_core.package_identification:_identify(.) by extension 'colcon_pkg'
[0.419s] Level 1:colcon.colcon_core.package_identification:_identify(.) by extensions ['colcon_meta']
[0.419s] Level 1:colcon.colcon_core.package_identification:_identify(.) by extension 'colcon_meta'
[0.419s] Level 1:colcon.colcon_core.package_identification:_identify(.) by extensions ['ros']
[0.419s] Level 1:colcon.colcon_core.package_identification:_identify(.) by extension 'ros'
[0.428s] Level 1:colcon.colcon_core.package_identification:_identify(.) by extensions ['cmake', 'python']
[0.428s] Level 1:colcon.colcon_core.package_identification:_identify(.) by extension 'cmake'
[0.429s] Level 1:colcon.colcon_core.package_identification:_identify(.) by extension 'python'
[0.429s] Level 1:colcon.colcon_core.package_identification:_identify(.) by extensions ['python_setup_py']
[0.429s] Level 1:colcon.colcon_core.package_identification:_identify(.) by extension 'python_setup_py'
[0.429s] Level 1:colcon.colcon_core.package_identification:_identify(build) by extensions ['ignore', 'ignore_ament_install']
[0.429s] Level 1:colcon.colcon_core.package_identification:_identify(build) by extension 'ignore'
[0.429s] Level 1:colcon.colcon_core.package_identification:_identify(build) ignored
[0.429s] Level 1:colcon.colcon_core.package_identification:_identify(install) by extensions ['ignore', 'ignore_ament_install']
[0.429s] Level 1:colcon.colcon_core.package_identification:_identify(install) by extension 'ignore'
[0.429s] Level 1:colcon.colcon_core.package_identification:_identify(install) ignored
[0.429s] Level 1:colcon.colcon_core.package_identification:_identify(log) by extensions ['ignore', 'ignore_ament_install']
[0.429s] Level 1:colcon.colcon_core.package_identification:_identify(log) by extension 'ignore'
[0.429s] Level 1:colcon.colcon_core.package_identification:_identify(log) ignored
[0.429s] Level 1:colcon.colcon_core.package_identification:_identify(src) by extensions ['ignore', 'ignore_ament_install']
[0.429s] Level 1:colcon.colcon_core.package_identification:_identify(src) by extension 'ignore'
[0.429s] Level 1:colcon.colcon_core.package_identification:_identify(src) by extension 'ignore_ament_install'
[0.429s] Level 1:colcon.colcon_core.package_identification:_identify(src) by extensions ['colcon_pkg']
[0.429s] Level 1:colcon.colcon_core.package_identification:_identify(src) by extension 'colcon_pkg'
[0.430s] Level 1:colcon.colcon_core.package_identification:_identify(src) by extensions ['colcon_meta']
[0.430s] Level 1:colcon.colcon_core.package_identification:_identify(src) by extension 'colcon_meta'
[0.430s] Level 1:colcon.colcon_core.package_identification:_identify(src) by extensions ['ros']
[0.430s] Level 1:colcon.colcon_core.package_identification:_identify(src) by extension 'ros'
[0.430s] Level 1:colcon.colcon_core.package_identification:_identify(src) by extensions ['cmake', 'python']
[0.430s] Level 1:colcon.colcon_core.package_identification:_identify(src) by extension 'cmake'
[0.430s] Level 1:colcon.colcon_core.package_identification:_identify(src) by extension 'python'
[0.430s] Level 1:colcon.colcon_core.package_identification:_identify(src) by extensions ['python_setup_py']
[0.430s] Level 1:colcon.colcon_core.package_identification:_identify(src) by extension 'python_setup_py'
[0.430s] Level 1:colcon.colcon_core.package_identification:_identify(src/agv_control_pkg) by extensions ['ignore', 'ignore_ament_install']
[0.430s] Level 1:colcon.colcon_core.package_identification:_identify(src/agv_control_pkg) by extension 'ignore'
[0.430s] Level 1:colcon.colcon_core.package_identification:_identify(src/agv_control_pkg) by extension 'ignore_ament_install'
[0.430s] Level 1:colcon.colcon_core.package_identification:_identify(src/agv_control_pkg) by extensions ['colcon_pkg']
[0.430s] Level 1:colcon.colcon_core.package_identification:_identify(src/agv_control_pkg) by extension 'colcon_pkg'
[0.430s] Level 1:colcon.colcon_core.package_identification:_identify(src/agv_control_pkg) by extensions ['colcon_meta']
[0.430s] Level 1:colcon.colcon_core.package_identification:_identify(src/agv_control_pkg) by extension 'colcon_meta'
[0.430s] Level 1:colcon.colcon_core.package_identification:_identify(src/agv_control_pkg) by extensions ['ros']
[0.430s] Level 1:colcon.colcon_core.package_identification:_identify(src/agv_control_pkg) by extension 'ros'
[0.432s] DEBUG:colcon.colcon_core.package_identification:Package 'src/agv_control_pkg' with type 'ros.ament_python' and name 'agv_control_pkg'
[0.433s] Level 1:colcon.colcon_core.package_identification:_identify(src/my_agv2) by extensions ['ignore', 'ignore_ament_install']
[0.433s] Level 1:colcon.colcon_core.package_identification:_identify(src/my_agv2) by extension 'ignore'
[0.433s] Level 1:colcon.colcon_core.package_identification:_identify(src/my_agv2) by extension 'ignore_ament_install'
[0.433s] Level 1:colcon.colcon_core.package_identification:_identify(src/my_agv2) by extensions ['colcon_pkg']
[0.433s] Level 1:colcon.colcon_core.package_identification:_identify(src/my_agv2) by extension 'colcon_pkg'
[0.433s] Level 1:colcon.colcon_core.package_identification:_identify(src/my_agv2) by extensions ['colcon_meta']
[0.433s] Level 1:colcon.colcon_core.package_identification:_identify(src/my_agv2) by extension 'colcon_meta'
[0.433s] Level 1:colcon.colcon_core.package_identification:_identify(src/my_agv2) by extensions ['ros']
[0.433s] Level 1:colcon.colcon_core.package_identification:_identify(src/my_agv2) by extension 'ros'
[0.434s] DEBUG:colcon.colcon_core.package_identification:Package 'src/my_agv2' with type 'ros.ament_cmake' and name 'my_agv2'
[0.434s] Level 1:colcon.colcon_core.package_discovery:discover_packages(recursive) using defaults
[0.434s] Level 1:colcon.colcon_core.package_discovery:discover_packages(ignore) discover
[0.434s] Level 1:colcon.colcon_core.package_discovery:discover_packages(ignore) using defaults
[0.434s] Level 1:colcon.colcon_core.package_discovery:discover_packages(path) discover
[0.434s] Level 1:colcon.colcon_core.package_discovery:discover_packages(path) using defaults
[0.467s] Level 1:colcon.colcon_core.package_discovery:discover_packages(prefix_path) check parameters
[0.467s] Level 1:colcon.colcon_core.package_discovery:discover_packages(prefix_path) discover
[0.477s] DEBUG:colcon.colcon_installed_package_information.package_discovery:Found 2 installed packages in /home/changye/ros2_ws2/install
[0.478s] DEBUG:colcon.colcon_installed_package_information.package_discovery:Found 4 installed packages in /home/changye/ROS2_learning/ros2_ws/install
[0.484s] DEBUG:colcon.colcon_installed_package_information.package_discovery:Found 345 installed packages in /home/changye/ros2_humble/install
[0.486s] DEBUG:colcon.colcon_installed_package_information.package_discovery:Found 224 installed packages in /opt/ros/humble
[0.492s] Level 1:colcon.colcon_core.package_discovery:discover_packages(prefix_path) using defaults
[0.536s] Level 5:colcon.colcon_core.verb:set package 'agv_control_pkg' build argument 'cmake_args' from command line to 'None'
[0.536s] Level 5:colcon.colcon_core.verb:set package 'agv_control_pkg' build argument 'cmake_target' from command line to 'None'
[0.536s] Level 5:colcon.colcon_core.verb:set package 'agv_control_pkg' build argument 'cmake_target_skip_unavailable' from command line to 'False'
[0.536s] Level 5:colcon.colcon_core.verb:set package 'agv_control_pkg' build argument 'cmake_clean_cache' from command line to 'False'
[0.536s] Level 5:colcon.colcon_core.verb:set package 'agv_control_pkg' build argument 'cmake_clean_first' from command line to 'False'
[0.536s] Level 5:colcon.colcon_core.verb:set package 'agv_control_pkg' build argument 'cmake_force_configure' from command line to 'False'
[0.536s] Level 5:colcon.colcon_core.verb:set package 'agv_control_pkg' build argument 'ament_cmake_args' from command line to 'None'
[0.536s] Level 5:colcon.colcon_core.verb:set package 'agv_control_pkg' build argument 'catkin_cmake_args' from command line to 'None'
[0.536s] Level 5:colcon.colcon_core.verb:set package 'agv_control_pkg' build argument 'catkin_skip_building_tests' from command line to 'False'
[0.536s] DEBUG:colcon.colcon_core.verb:Building package 'agv_control_pkg' with the following arguments: {'ament_cmake_args': None, 'build_base': '/home/changye/ros2_ws2/build/agv_control_pkg', 'catkin_cmake_args': None, 'catkin_skip_building_tests': False, 'cmake_args': None, 'cmake_clean_cache': False, 'cmake_clean_first': False, 'cmake_force_configure': False, 'cmake_target': None, 'cmake_target_skip_unavailable': False, 'install_base': '/home/changye/ros2_ws2/install/agv_control_pkg', 'merge_install': False, 'path': '/home/changye/ros2_ws2/src/agv_control_pkg', 'symlink_install': True, 'test_result_base': None}
[0.537s] Level 5:colcon.colcon_core.verb:set package 'my_agv2' build argument 'cmake_args' from command line to 'None'
[0.537s] Level 5:colcon.colcon_core.verb:set package 'my_agv2' build argument 'cmake_target' from command line to 'None'
[0.537s] Level 5:colcon.colcon_core.verb:set package 'my_agv2' build argument 'cmake_target_skip_unavailable' from command line to 'False'
[0.537s] Level 5:colcon.colcon_core.verb:set package 'my_agv2' build argument 'cmake_clean_cache' from command line to 'False'
[0.537s] Level 5:colcon.colcon_core.verb:set package 'my_agv2' build argument 'cmake_clean_first' from command line to 'False'
[0.537s] Level 5:colcon.colcon_core.verb:set package 'my_agv2' build argument 'cmake_force_configure' from command line to 'False'
[0.537s] Level 5:colcon.colcon_core.verb:set package 'my_agv2' build argument 'ament_cmake_args' from command line to 'None'
[0.537s] Level 5:colcon.colcon_core.verb:set package 'my_agv2' build argument 'catkin_cmake_args' from command line to 'None'
[0.537s] Level 5:colcon.colcon_core.verb:set package 'my_agv2' build argument 'catkin_skip_building_tests' from command line to 'False'
[0.537s] DEBUG:colcon.colcon_core.verb:Building package 'my_agv2' with the following arguments: {'ament_cmake_args': None, 'build_base': '/home/changye/ros2_ws2/build/my_agv2', 'catkin_cmake_args': None, 'catkin_skip_building_tests': False, 'cmake_args': None, 'cmake_clean_cache': False, 'cmake_clean_first': False, 'cmake_force_configure': False, 'cmake_target': None, 'cmake_target_skip_unavailable': False, 'install_base': '/home/changye/ros2_ws2/install/my_agv2', 'merge_install': False, 'path': '/home/changye/ros2_ws2/src/my_agv2', 'symlink_install': True, 'test_result_base': None}
[0.537s] INFO:colcon.colcon_core.executor:Executing jobs using 'parallel' executor
[0.538s] DEBUG:colcon.colcon_parallel_executor.executor.parallel:run_until_complete
[0.538s] INFO:colcon.colcon_ros.task.ament_python.build:Building ROS package in '/home/changye/ros2_ws2/src/agv_control_pkg' with build type 'ament_python'
[0.538s] Level 1:colcon.colcon_core.shell:create_environment_hook('agv_control_pkg', 'ament_prefix_path')
[0.543s] INFO:colcon.colcon_core.plugin_system:Skipping extension 'colcon_core.shell.bat': Not used on non-Windows systems
[0.543s] INFO:colcon.colcon_core.shell:Creating environment hook '/home/changye/ros2_ws2/install/agv_control_pkg/share/agv_control_pkg/hook/ament_prefix_path.ps1'
[0.543s] INFO:colcon.colcon_core.shell:Creating environment descriptor '/home/changye/ros2_ws2/install/agv_control_pkg/share/agv_control_pkg/hook/ament_prefix_path.dsv'
[0.543s] INFO:colcon.colcon_core.shell:Creating environment hook '/home/changye/ros2_ws2/install/agv_control_pkg/share/agv_control_pkg/hook/ament_prefix_path.sh'
[0.544s] INFO:colcon.colcon_core.shell:Skip shell extension 'powershell' for command environment: Not usable outside of PowerShell
[0.544s] DEBUG:colcon.colcon_core.shell:Skip shell extension 'dsv' for command environment
[0.561s] INFO:colcon.colcon_ros.task.ament_cmake.build:Building ROS package in '/home/changye/ros2_ws2/src/my_agv2' with build type 'ament_cmake'
[0.562s] INFO:colcon.colcon_cmake.task.cmake.build:Building CMake package in '/home/changye/ros2_ws2/src/my_agv2'
[0.562s] INFO:colcon.colcon_core.shell:Skip shell extension 'powershell' for command environment: Not usable outside of PowerShell
[0.562s] DEBUG:colcon.colcon_core.shell:Skip shell extension 'dsv' for command environment
[1.017s] INFO:colcon.colcon_core.task.python.build:Building Python package in '/home/changye/ros2_ws2/src/agv_control_pkg'
[1.017s] INFO:colcon.colcon_core.shell:Skip shell extension 'powershell' for command environment: Not usable outside of PowerShell
[1.017s] DEBUG:colcon.colcon_core.shell:Skip shell extension 'dsv' for command environment
[1.039s] DEBUG:colcon.colcon_core.event_handler.log_command:Invoking command in '/home/changye/ros2_ws2/build/my_agv2': CMAKE_PREFIX_PATH=${CMAKE_PREFIX_PATH}:/home/changye/ros2_ws2/install/agv_control_pkg:/home/changye/ROS2_learning/ros2_ws/install/turtle_sim_challenge:/home/changye/ROS2_learning/ros2_ws/install/my_py_pkg:/opt/ros/humble:/home/changye/ros2_humble/install/rqt_bag_plugins:/home/changye/ros2_humble/install/rqt_bag:/home/changye/ros2_humble/install/ros2bag:/home/changye/ros2_humble/install/tracetools_test:/home/changye/ros2_humble/install/tracetools_launch:/home/changye/ros2_humble/install/topic_monitor:/home/changye/ros2_humble/install/tf2_tools:/home/changye/ros2_humble/install/examples_tf2_py:/home/changye/ros2_humble/install/tf2_ros_py:/home/changye/ros2_humble/install/sros2:/home/changye/ros2_humble/install/rqt_topic:/home/changye/ros2_humble/install/rqt_srv:/home/changye/ros2_humble/install/rqt_shell:/home/changye/ros2_humble/install/rqt_service_caller:/home/changye/ros2_humble/install/rqt_reconfigure:/home/changye/ros2_humble/install/rqt_py_console:/home/changye/ros2_humble/install/rqt_publisher:/home/changye/ros2_humble/install/rqt_plot:/home/changye/ros2_humble/install/rqt_action:/home/changye/ros2_humble/install/rqt_msg:/home/changye/ros2_humble/install/rqt_console:/home/changye/ros2_humble/install/rqt:/home/changye/ros2_humble/install/rqt_graph:/home/changye/ros2_humble/install/rqt_gui_py:/home/changye/ros2_humble/install/rqt_gui:/home/changye/ros2_humble/install/ros2trace:/home/changye/ros2_humble/install/ros2topic:/home/changye/ros2_humble/install/ros2test:/home/changye/ros2_humble/install/ros2component:/home/changye/ros2_humble/install/ros2param:/home/changye/ros2_humble/install/ros2lifecycle:/home/changye/ros2_humble/install/ros2service:/home/changye/ros2_humble/install/ros2run:/home/changye/ros2_humble/install/ros2launch:/home/changye/ros2_humble/install/ros2pkg:/home/changye/ros2_humble/install/ros2node:/home/changye/ros2_humble/install/ros2multicast:/home/changye/ros2_humble/install/ros2interface:/home/changye/ros2_humble/install/ros2doctor:/home/changye/ros2_humble/install/ros2action:/home/changye/ros2_humble/install/ros2cli:/home/changye/ros2_humble/install/quality_of_service_demo_py:/home/changye/ros2_humble/install/lifecycle_py:/home/changye/ros2_humble/install/launch_testing_ros:/home/changye/ros2_humble/install/launch_ros:/home/changye/ros2_humble/install/examples_rclpy_pointcloud_publisher:/home/changye/ros2_humble/install/examples_rclpy_minimal_subscriber:/home/changye/ros2_humble/install/examples_rclpy_minimal_service:/home/changye/ros2_humble/install/examples_rclpy_minimal_publisher:/home/changye/ros2_humble/install/examples_rclpy_minimal_client:/home/changye/ros2_humble/install/examples_rclpy_minimal_action_server:/home/changye/ros2_humble/install/examples_rclpy_minimal_action_client:/home/changye/ros2_humble/install/examples_rclpy_guard_conditions:/home/changye/ros2_humble/install/examples_rclpy_executors:/home/changye/ros2_humble/install/demo_nodes_py:/home/changye/ros2_humble/install/action_tutorials_py:/home/changye/ros2_humble/install/ament_uncrustify:/home/changye/ros2_humble/install/tracetools_trace:/home/changye/ros2_humble/install/tracetools_read:/home/changye/ros2_humble/install/test_tracetools_launch:/home/changye/ros2_humble/install/test_launch_ros:/home/changye/ros2_humble/install/sensor_msgs_py:/home/changye/ros2_humble/install/rpyutils:/home/changye/ros2_humble/install/rosidl_runtime_py:/home/changye/ros2_humble/install/rosidl_cli:/home/changye/ros2_humble/install/launch_pytest:/home/changye/ros2_humble/install/launch_testing:/home/changye/ros2_humble/install/launch_yaml:/home/changye/ros2_humble/install/launch_xml:/home/changye/ros2_humble/install/launch:/home/changye/ros2_humble/install/osrf_pycommon:/home/changye/ros2_humble/install/launch_testing_examples:/home/changye/ros2_humble/install/domain_coordinator:/home/changye/ros2_humble/install/ament_xmllint:/home/changye/ros2_humble/install/ament_pyflakes:/home/changye/ros2_humble/install/ament_pycodestyle:/home/changye/ros2_humble/install/ament_pep257:/home/changye/ros2_humble/install/ament_pclint:/home/changye/ros2_humble/install/ament_package:/home/changye/ros2_humble/install/ament_mypy:/home/changye/ros2_humble/install/ament_lint_cmake:/home/changye/ros2_humble/install/ament_flake8:/home/changye/ros2_humble/install/ament_copyright:/home/changye/ros2_humble/install/ament_lint:/home/changye/ros2_humble/install/ament_index_python:/home/changye/ros2_humble/install/ament_cpplint:/home/changye/ros2_humble/install/ament_cppcheck:/home/changye/ros2_humble/install/ament_clang_tidy:/home/changye/ros2_humble/install/ament_clang_format /usr/bin/cmake --build /home/changye/ros2_ws2/build/my_agv2 -- -j12 -l12
[1.634s] DEBUG:colcon.colcon_core.event_handler.log_command:Invoking command in '/home/changye/ros2_ws2/build/agv_control_pkg': PYTHONPATH=/home/changye/ros2_ws2/build/agv_control_pkg/prefix_override:/home/changye/ros2_ws2/install/agv_control_pkg/lib/python3.10/site-packages:${PYTHONPATH} /usr/bin/python3 -W ignore:setup.py install is deprecated setup.py develop --editable --build-directory /home/changye/ros2_ws2/build/agv_control_pkg/build --no-deps symlink_data
[2.396s] Level 1:colcon.colcon_core.shell:create_environment_hook('agv_control_pkg', 'pythonpath_develop')
[2.396s] INFO:colcon.colcon_core.shell:Creating environment hook '/home/changye/ros2_ws2/build/agv_control_pkg/share/agv_control_pkg/hook/pythonpath_develop.ps1'
[2.397s] DEBUG:colcon.colcon_core.event_handler.log_command:Invoked command in '/home/changye/ros2_ws2/build/agv_control_pkg' returned '0': PYTHONPATH=/home/changye/ros2_ws2/build/agv_control_pkg/prefix_override:/home/changye/ros2_ws2/install/agv_control_pkg/lib/python3.10/site-packages:${PYTHONPATH} /usr/bin/python3 -W ignore:setup.py install is deprecated setup.py develop --editable --build-directory /home/changye/ros2_ws2/build/agv_control_pkg/build --no-deps symlink_data
[2.397s] INFO:colcon.colcon_core.shell:Creating environment descriptor '/home/changye/ros2_ws2/build/agv_control_pkg/share/agv_control_pkg/hook/pythonpath_develop.dsv'
[2.397s] INFO:colcon.colcon_core.shell:Creating environment hook '/home/changye/ros2_ws2/build/agv_control_pkg/share/agv_control_pkg/hook/pythonpath_develop.sh'
[2.402s] Level 1:colcon.colcon_core.environment:checking '/home/changye/ros2_ws2/install/agv_control_pkg' for CMake module files
[2.402s] Level 1:colcon.colcon_core.environment:checking '/home/changye/ros2_ws2/install/agv_control_pkg' for CMake config files
[2.403s] Level 1:colcon.colcon_core.environment:checking '/home/changye/ros2_ws2/install/agv_control_pkg/lib'
[2.403s] Level 1:colcon.colcon_core.environment:checking '/home/changye/ros2_ws2/install/agv_control_pkg/bin'
[2.403s] Level 1:colcon.colcon_core.environment:checking '/home/changye/ros2_ws2/install/agv_control_pkg/lib/pkgconfig/agv_control_pkg.pc'
[2.403s] Level 1:colcon.colcon_core.environment:checking '/home/changye/ros2_ws2/install/agv_control_pkg/lib/python3.10/site-packages'
[2.403s] Level 1:colcon.colcon_core.shell:create_environment_hook('agv_control_pkg', 'pythonpath')
[2.403s] INFO:colcon.colcon_core.shell:Creating environment hook '/home/changye/ros2_ws2/install/agv_control_pkg/share/agv_control_pkg/hook/pythonpath.ps1'
[2.404s] INFO:colcon.colcon_core.shell:Creating environment descriptor '/home/changye/ros2_ws2/install/agv_control_pkg/share/agv_control_pkg/hook/pythonpath.dsv'
[2.404s] INFO:colcon.colcon_core.shell:Creating environment hook '/home/changye/ros2_ws2/install/agv_control_pkg/share/agv_control_pkg/hook/pythonpath.sh'
[2.404s] Level 1:colcon.colcon_core.environment:checking '/home/changye/ros2_ws2/install/agv_control_pkg/bin'
[2.404s] Level 1:colcon.colcon_core.environment:create_environment_scripts_only(agv_control_pkg)
[2.404s] INFO:colcon.colcon_core.shell:Creating package script '/home/changye/ros2_ws2/install/agv_control_pkg/share/agv_control_pkg/package.ps1'
[2.405s] INFO:colcon.colcon_core.shell:Creating package descriptor '/home/changye/ros2_ws2/install/agv_control_pkg/share/agv_control_pkg/package.dsv'
[2.405s] INFO:colcon.colcon_core.shell:Creating package script '/home/changye/ros2_ws2/install/agv_control_pkg/share/agv_control_pkg/package.sh'
[2.406s] INFO:colcon.colcon_core.shell:Creating package script '/home/changye/ros2_ws2/install/agv_control_pkg/share/agv_control_pkg/package.bash'
[2.406s] INFO:colcon.colcon_core.shell:Creating package script '/home/changye/ros2_ws2/install/agv_control_pkg/share/agv_control_pkg/package.zsh'
[2.407s] Level 1:colcon.colcon_core.environment:create_file_with_runtime_dependencies(/home/changye/ros2_ws2/install/agv_control_pkg/share/colcon-core/packages/agv_control_pkg)
[3.866s] DEBUG:colcon.colcon_core.event_handler.log_command:Invoked command in '/home/changye/ros2_ws2/build/my_agv2' returned '0': CMAKE_PREFIX_PATH=${CMAKE_PREFIX_PATH}:/home/changye/ros2_ws2/install/agv_control_pkg:/home/changye/ROS2_learning/ros2_ws/install/turtle_sim_challenge:/home/changye/ROS2_learning/ros2_ws/install/my_py_pkg:/opt/ros/humble:/home/changye/ros2_humble/install/rqt_bag_plugins:/home/changye/ros2_humble/install/rqt_bag:/home/changye/ros2_humble/install/ros2bag:/home/changye/ros2_humble/install/tracetools_test:/home/changye/ros2_humble/install/tracetools_launch:/home/changye/ros2_humble/install/topic_monitor:/home/changye/ros2_humble/install/tf2_tools:/home/changye/ros2_humble/install/examples_tf2_py:/home/changye/ros2_humble/install/tf2_ros_py:/home/changye/ros2_humble/install/sros2:/home/changye/ros2_humble/install/rqt_topic:/home/changye/ros2_humble/install/rqt_srv:/home/changye/ros2_humble/install/rqt_shell:/home/changye/ros2_humble/install/rqt_service_caller:/home/changye/ros2_humble/install/rqt_reconfigure:/home/changye/ros2_humble/install/rqt_py_console:/home/changye/ros2_humble/install/rqt_publisher:/home/changye/ros2_humble/install/rqt_plot:/home/changye/ros2_humble/install/rqt_action:/home/changye/ros2_humble/install/rqt_msg:/home/changye/ros2_humble/install/rqt_console:/home/changye/ros2_humble/install/rqt:/home/changye/ros2_humble/install/rqt_graph:/home/changye/ros2_humble/install/rqt_gui_py:/home/changye/ros2_humble/install/rqt_gui:/home/changye/ros2_humble/install/ros2trace:/home/changye/ros2_humble/install/ros2topic:/home/changye/ros2_humble/install/ros2test:/home/changye/ros2_humble/install/ros2component:/home/changye/ros2_humble/install/ros2param:/home/changye/ros2_humble/install/ros2lifecycle:/home/changye/ros2_humble/install/ros2service:/home/changye/ros2_humble/install/ros2run:/home/changye/ros2_humble/install/ros2launch:/home/changye/ros2_humble/install/ros2pkg:/home/changye/ros2_humble/install/ros2node:/home/changye/ros2_humble/install/ros2multicast:/home/changye/ros2_humble/install/ros2interface:/home/changye/ros2_humble/install/ros2doctor:/home/changye/ros2_humble/install/ros2action:/home/changye/ros2_humble/install/ros2cli:/home/changye/ros2_humble/install/quality_of_service_demo_py:/home/changye/ros2_humble/install/lifecycle_py:/home/changye/ros2_humble/install/launch_testing_ros:/home/changye/ros2_humble/install/launch_ros:/home/changye/ros2_humble/install/examples_rclpy_pointcloud_publisher:/home/changye/ros2_humble/install/examples_rclpy_minimal_subscriber:/home/changye/ros2_humble/install/examples_rclpy_minimal_service:/home/changye/ros2_humble/install/examples_rclpy_minimal_publisher:/home/changye/ros2_humble/install/examples_rclpy_minimal_client:/home/changye/ros2_humble/install/examples_rclpy_minimal_action_server:/home/changye/ros2_humble/install/examples_rclpy_minimal_action_client:/home/changye/ros2_humble/install/examples_rclpy_guard_conditions:/home/changye/ros2_humble/install/examples_rclpy_executors:/home/changye/ros2_humble/install/demo_nodes_py:/home/changye/ros2_humble/install/action_tutorials_py:/home/changye/ros2_humble/install/ament_uncrustify:/home/changye/ros2_humble/install/tracetools_trace:/home/changye/ros2_humble/install/tracetools_read:/home/changye/ros2_humble/install/test_tracetools_launch:/home/changye/ros2_humble/install/test_launch_ros:/home/changye/ros2_humble/install/sensor_msgs_py:/home/changye/ros2_humble/install/rpyutils:/home/changye/ros2_humble/install/rosidl_runtime_py:/home/changye/ros2_humble/install/rosidl_cli:/home/changye/ros2_humble/install/launch_pytest:/home/changye/ros2_humble/install/launch_testing:/home/changye/ros2_humble/install/launch_yaml:/home/changye/ros2_humble/install/launch_xml:/home/changye/ros2_humble/install/launch:/home/changye/ros2_humble/install/osrf_pycommon:/home/changye/ros2_humble/install/launch_testing_examples:/home/changye/ros2_humble/install/domain_coordinator:/home/changye/ros2_humble/install/ament_xmllint:/home/changye/ros2_humble/install/ament_pyflakes:/home/changye/ros2_humble/install/ament_pycodestyle:/home/changye/ros2_humble/install/ament_pep257:/home/changye/ros2_humble/install/ament_pclint:/home/changye/ros2_humble/install/ament_package:/home/changye/ros2_humble/install/ament_mypy:/home/changye/ros2_humble/install/ament_lint_cmake:/home/changye/ros2_humble/install/ament_flake8:/home/changye/ros2_humble/install/ament_copyright:/home/changye/ros2_humble/install/ament_lint:/home/changye/ros2_humble/install/ament_index_python:/home/changye/ros2_humble/install/ament_cpplint:/home/changye/ros2_humble/install/ament_cppcheck:/home/changye/ros2_humble/install/ament_clang_tidy:/home/changye/ros2_humble/install/ament_clang_format /usr/bin/cmake --build /home/changye/ros2_ws2/build/my_agv2 -- -j12 -l12
[3.959s] DEBUG:colcon.colcon_core.event_handler.log_command:Invoking command in '/home/changye/ros2_ws2/build/my_agv2': CMAKE_PREFIX_PATH=${CMAKE_PREFIX_PATH}:/home/changye/ros2_ws2/install/agv_control_pkg:/home/changye/ROS2_learning/ros2_ws/install/turtle_sim_challenge:/home/changye/ROS2_learning/ros2_ws/install/my_py_pkg:/opt/ros/humble:/home/changye/ros2_humble/install/rqt_bag_plugins:/home/changye/ros2_humble/install/rqt_bag:/home/changye/ros2_humble/install/ros2bag:/home/changye/ros2_humble/install/tracetools_test:/home/changye/ros2_humble/install/tracetools_launch:/home/changye/ros2_humble/install/topic_monitor:/home/changye/ros2_humble/install/tf2_tools:/home/changye/ros2_humble/install/examples_tf2_py:/home/changye/ros2_humble/install/tf2_ros_py:/home/changye/ros2_humble/install/sros2:/home/changye/ros2_humble/install/rqt_topic:/home/changye/ros2_humble/install/rqt_srv:/home/changye/ros2_humble/install/rqt_shell:/home/changye/ros2_humble/install/rqt_service_caller:/home/changye/ros2_humble/install/rqt_reconfigure:/home/changye/ros2_humble/install/rqt_py_console:/home/changye/ros2_humble/install/rqt_publisher:/home/changye/ros2_humble/install/rqt_plot:/home/changye/ros2_humble/install/rqt_action:/home/changye/ros2_humble/install/rqt_msg:/home/changye/ros2_humble/install/rqt_console:/home/changye/ros2_humble/install/rqt:/home/changye/ros2_humble/install/rqt_graph:/home/changye/ros2_humble/install/rqt_gui_py:/home/changye/ros2_humble/install/rqt_gui:/home/changye/ros2_humble/install/ros2trace:/home/changye/ros2_humble/install/ros2topic:/home/changye/ros2_humble/install/ros2test:/home/changye/ros2_humble/install/ros2component:/home/changye/ros2_humble/install/ros2param:/home/changye/ros2_humble/install/ros2lifecycle:/home/changye/ros2_humble/install/ros2service:/home/changye/ros2_humble/install/ros2run:/home/changye/ros2_humble/install/ros2launch:/home/changye/ros2_humble/install/ros2pkg:/home/changye/ros2_humble/install/ros2node:/home/changye/ros2_humble/install/ros2multicast:/home/changye/ros2_humble/install/ros2interface:/home/changye/ros2_humble/install/ros2doctor:/home/changye/ros2_humble/install/ros2action:/home/changye/ros2_humble/install/ros2cli:/home/changye/ros2_humble/install/quality_of_service_demo_py:/home/changye/ros2_humble/install/lifecycle_py:/home/changye/ros2_humble/install/launch_testing_ros:/home/changye/ros2_humble/install/launch_ros:/home/changye/ros2_humble/install/examples_rclpy_pointcloud_publisher:/home/changye/ros2_humble/install/examples_rclpy_minimal_subscriber:/home/changye/ros2_humble/install/examples_rclpy_minimal_service:/home/changye/ros2_humble/install/examples_rclpy_minimal_publisher:/home/changye/ros2_humble/install/examples_rclpy_minimal_client:/home/changye/ros2_humble/install/examples_rclpy_minimal_action_server:/home/changye/ros2_humble/install/examples_rclpy_minimal_action_client:/home/changye/ros2_humble/install/examples_rclpy_guard_conditions:/home/changye/ros2_humble/install/examples_rclpy_executors:/home/changye/ros2_humble/install/demo_nodes_py:/home/changye/ros2_humble/install/action_tutorials_py:/home/changye/ros2_humble/install/ament_uncrustify:/home/changye/ros2_humble/install/tracetools_trace:/home/changye/ros2_humble/install/tracetools_read:/home/changye/ros2_humble/install/test_tracetools_launch:/home/changye/ros2_humble/install/test_launch_ros:/home/changye/ros2_humble/install/sensor_msgs_py:/home/changye/ros2_humble/install/rpyutils:/home/changye/ros2_humble/install/rosidl_runtime_py:/home/changye/ros2_humble/install/rosidl_cli:/home/changye/ros2_humble/install/launch_pytest:/home/changye/ros2_humble/install/launch_testing:/home/changye/ros2_humble/install/launch_yaml:/home/changye/ros2_humble/install/launch_xml:/home/changye/ros2_humble/install/launch:/home/changye/ros2_humble/install/osrf_pycommon:/home/changye/ros2_humble/install/launch_testing_examples:/home/changye/ros2_humble/install/domain_coordinator:/home/changye/ros2_humble/install/ament_xmllint:/home/changye/ros2_humble/install/ament_pyflakes:/home/changye/ros2_humble/install/ament_pycodestyle:/home/changye/ros2_humble/install/ament_pep257:/home/changye/ros2_humble/install/ament_pclint:/home/changye/ros2_humble/install/ament_package:/home/changye/ros2_humble/install/ament_mypy:/home/changye/ros2_humble/install/ament_lint_cmake:/home/changye/ros2_humble/install/ament_flake8:/home/changye/ros2_humble/install/ament_copyright:/home/changye/ros2_humble/install/ament_lint:/home/changye/ros2_humble/install/ament_index_python:/home/changye/ros2_humble/install/ament_cpplint:/home/changye/ros2_humble/install/ament_cppcheck:/home/changye/ros2_humble/install/ament_clang_tidy:/home/changye/ros2_humble/install/ament_clang_format /usr/bin/cmake --install /home/changye/ros2_ws2/build/my_agv2
[4.002s] Level 1:colcon.colcon_core.environment:create_environment_scripts_only(my_agv2)
[4.002s] Level 1:colcon.colcon_core.environment:checking '/home/changye/ros2_ws2/install/my_agv2' for CMake module files
[4.003s] DEBUG:colcon.colcon_core.event_handler.log_command:Invoked command in '/home/changye/ros2_ws2/build/my_agv2' returned '0': CMAKE_PREFIX_PATH=${CMAKE_PREFIX_PATH}:/home/changye/ros2_ws2/install/agv_control_pkg:/home/changye/ROS2_learning/ros2_ws/install/turtle_sim_challenge:/home/changye/ROS2_learning/ros2_ws/install/my_py_pkg:/opt/ros/humble:/home/changye/ros2_humble/install/rqt_bag_plugins:/home/changye/ros2_humble/install/rqt_bag:/home/changye/ros2_humble/install/ros2bag:/home/changye/ros2_humble/install/tracetools_test:/home/changye/ros2_humble/install/tracetools_launch:/home/changye/ros2_humble/install/topic_monitor:/home/changye/ros2_humble/install/tf2_tools:/home/changye/ros2_humble/install/examples_tf2_py:/home/changye/ros2_humble/install/tf2_ros_py:/home/changye/ros2_humble/install/sros2:/home/changye/ros2_humble/install/rqt_topic:/home/changye/ros2_humble/install/rqt_srv:/home/changye/ros2_humble/install/rqt_shell:/home/changye/ros2_humble/install/rqt_service_caller:/home/changye/ros2_humble/install/rqt_reconfigure:/home/changye/ros2_humble/install/rqt_py_console:/home/changye/ros2_humble/install/rqt_publisher:/home/changye/ros2_humble/install/rqt_plot:/home/changye/ros2_humble/install/rqt_action:/home/changye/ros2_humble/install/rqt_msg:/home/changye/ros2_humble/install/rqt_console:/home/changye/ros2_humble/install/rqt:/home/changye/ros2_humble/install/rqt_graph:/home/changye/ros2_humble/install/rqt_gui_py:/home/changye/ros2_humble/install/rqt_gui:/home/changye/ros2_humble/install/ros2trace:/home/changye/ros2_humble/install/ros2topic:/home/changye/ros2_humble/install/ros2test:/home/changye/ros2_humble/install/ros2component:/home/changye/ros2_humble/install/ros2param:/home/changye/ros2_humble/install/ros2lifecycle:/home/changye/ros2_humble/install/ros2service:/home/changye/ros2_humble/install/ros2run:/home/changye/ros2_humble/install/ros2launch:/home/changye/ros2_humble/install/ros2pkg:/home/changye/ros2_humble/install/ros2node:/home/changye/ros2_humble/install/ros2multicast:/home/changye/ros2_humble/install/ros2interface:/home/changye/ros2_humble/install/ros2doctor:/home/changye/ros2_humble/install/ros2action:/home/changye/ros2_humble/install/ros2cli:/home/changye/ros2_humble/install/quality_of_service_demo_py:/home/changye/ros2_humble/install/lifecycle_py:/home/changye/ros2_humble/install/launch_testing_ros:/home/changye/ros2_humble/install/launch_ros:/home/changye/ros2_humble/install/examples_rclpy_pointcloud_publisher:/home/changye/ros2_humble/install/examples_rclpy_minimal_subscriber:/home/changye/ros2_humble/install/examples_rclpy_minimal_service:/home/changye/ros2_humble/install/examples_rclpy_minimal_publisher:/home/changye/ros2_humble/install/examples_rclpy_minimal_client:/home/changye/ros2_humble/install/examples_rclpy_minimal_action_server:/home/changye/ros2_humble/install/examples_rclpy_minimal_action_client:/home/changye/ros2_humble/install/examples_rclpy_guard_conditions:/home/changye/ros2_humble/install/examples_rclpy_executors:/home/changye/ros2_humble/install/demo_nodes_py:/home/changye/ros2_humble/install/action_tutorials_py:/home/changye/ros2_humble/install/ament_uncrustify:/home/changye/ros2_humble/install/tracetools_trace:/home/changye/ros2_humble/install/tracetools_read:/home/changye/ros2_humble/install/test_tracetools_launch:/home/changye/ros2_humble/install/test_launch_ros:/home/changye/ros2_humble/install/sensor_msgs_py:/home/changye/ros2_humble/install/rpyutils:/home/changye/ros2_humble/install/rosidl_runtime_py:/home/changye/ros2_humble/install/rosidl_cli:/home/changye/ros2_humble/install/launch_pytest:/home/changye/ros2_humble/install/launch_testing:/home/changye/ros2_humble/install/launch_yaml:/home/changye/ros2_humble/install/launch_xml:/home/changye/ros2_humble/install/launch:/home/changye/ros2_humble/install/osrf_pycommon:/home/changye/ros2_humble/install/launch_testing_examples:/home/changye/ros2_humble/install/domain_coordinator:/home/changye/ros2_humble/install/ament_xmllint:/home/changye/ros2_humble/install/ament_pyflakes:/home/changye/ros2_humble/install/ament_pycodestyle:/home/changye/ros2_humble/install/ament_pep257:/home/changye/ros2_humble/install/ament_pclint:/home/changye/ros2_humble/install/ament_package:/home/changye/ros2_humble/install/ament_mypy:/home/changye/ros2_humble/install/ament_lint_cmake:/home/changye/ros2_humble/install/ament_flake8:/home/changye/ros2_humble/install/ament_copyright:/home/changye/ros2_humble/install/ament_lint:/home/changye/ros2_humble/install/ament_index_python:/home/changye/ros2_humble/install/ament_cpplint:/home/changye/ros2_humble/install/ament_cppcheck:/home/changye/ros2_humble/install/ament_clang_tidy:/home/changye/ros2_humble/install/ament_clang_format /usr/bin/cmake --install /home/changye/ros2_ws2/build/my_agv2
[4.003s] Level 1:colcon.colcon_core.environment:checking '/home/changye/ros2_ws2/install/my_agv2' for CMake config files
[4.003s] Level 1:colcon.colcon_core.shell:create_environment_hook('my_agv2', 'cmake_prefix_path')
[4.004s] INFO:colcon.colcon_core.shell:Creating environment hook '/home/changye/ros2_ws2/install/my_agv2/share/my_agv2/hook/cmake_prefix_path.ps1'
[4.004s] INFO:colcon.colcon_core.shell:Creating environment descriptor '/home/changye/ros2_ws2/install/my_agv2/share/my_agv2/hook/cmake_prefix_path.dsv'
[4.004s] INFO:colcon.colcon_core.shell:Creating environment hook '/home/changye/ros2_ws2/install/my_agv2/share/my_agv2/hook/cmake_prefix_path.sh'
[4.004s] Level 1:colcon.colcon_core.environment:checking '/home/changye/ros2_ws2/install/my_agv2/lib'
[4.005s] Level 1:colcon.colcon_core.environment:checking '/home/changye/ros2_ws2/install/my_agv2/bin'
[4.005s] Level 1:colcon.colcon_core.environment:checking '/home/changye/ros2_ws2/install/my_agv2/lib/pkgconfig/my_agv2.pc'
[4.005s] Level 1:colcon.colcon_core.environment:checking '/home/changye/ros2_ws2/install/my_agv2/lib/python3.10/site-packages'
[4.005s] Level 1:colcon.colcon_core.environment:checking '/home/changye/ros2_ws2/install/my_agv2/bin'
[4.005s] INFO:colcon.colcon_core.shell:Creating package script '/home/changye/ros2_ws2/install/my_agv2/share/my_agv2/package.ps1'
[4.005s] INFO:colcon.colcon_core.shell:Creating package descriptor '/home/changye/ros2_ws2/install/my_agv2/share/my_agv2/package.dsv'
[4.006s] INFO:colcon.colcon_core.shell:Creating package script '/home/changye/ros2_ws2/install/my_agv2/share/my_agv2/package.sh'
[4.006s] INFO:colcon.colcon_core.shell:Creating package script '/home/changye/ros2_ws2/install/my_agv2/share/my_agv2/package.bash'
[4.006s] INFO:colcon.colcon_core.shell:Creating package script '/home/changye/ros2_ws2/install/my_agv2/share/my_agv2/package.zsh'
[4.007s] Level 1:colcon.colcon_core.environment:create_file_with_runtime_dependencies(/home/changye/ros2_ws2/install/my_agv2/share/colcon-core/packages/my_agv2)
[4.085s] Level 1:colcon.colcon_core.environment:create_environment_scripts_only(my_agv2)
[4.085s] Level 1:colcon.colcon_core.environment:checking '/home/changye/ros2_ws2/install/my_agv2' for CMake module files
[4.086s] Level 1:colcon.colcon_core.environment:checking '/home/changye/ros2_ws2/install/my_agv2' for CMake config files
[4.086s] Level 1:colcon.colcon_core.shell:create_environment_hook('my_agv2', 'cmake_prefix_path')
[4.086s] INFO:colcon.colcon_core.shell:Creating environment hook '/home/changye/ros2_ws2/install/my_agv2/share/my_agv2/hook/cmake_prefix_path.ps1'
[4.086s] INFO:colcon.colcon_core.shell:Creating environment descriptor '/home/changye/ros2_ws2/install/my_agv2/share/my_agv2/hook/cmake_prefix_path.dsv'
[4.087s] INFO:colcon.colcon_core.shell:Creating environment hook '/home/changye/ros2_ws2/install/my_agv2/share/my_agv2/hook/cmake_prefix_path.sh'
[4.087s] Level 1:colcon.colcon_core.environment:checking '/home/changye/ros2_ws2/install/my_agv2/lib'
[4.087s] Level 1:colcon.colcon_core.environment:checking '/home/changye/ros2_ws2/install/my_agv2/bin'
[4.087s] Level 1:colcon.colcon_core.environment:checking '/home/changye/ros2_ws2/install/my_agv2/lib/pkgconfig/my_agv2.pc'
[4.087s] Level 1:colcon.colcon_core.environment:checking '/home/changye/ros2_ws2/install/my_agv2/lib/python3.10/site-packages'
[4.087s] Level 1:colcon.colcon_core.environment:checking '/home/changye/ros2_ws2/install/my_agv2/bin'
[4.088s] INFO:colcon.colcon_core.shell:Creating package script '/home/changye/ros2_ws2/install/my_agv2/share/my_agv2/package.ps1'
[4.088s] INFO:colcon.colcon_core.shell:Creating package descriptor '/home/changye/ros2_ws2/install/my_agv2/share/my_agv2/package.dsv'
[4.088s] INFO:colcon.colcon_core.shell:Creating package script '/home/changye/ros2_ws2/install/my_agv2/share/my_agv2/package.sh'
[4.089s] INFO:colcon.colcon_core.shell:Creating package script '/home/changye/ros2_ws2/install/my_agv2/share/my_agv2/package.bash'
[4.089s] INFO:colcon.colcon_core.shell:Creating package script '/home/changye/ros2_ws2/install/my_agv2/share/my_agv2/package.zsh'
[4.089s] Level 1:colcon.colcon_core.environment:create_file_with_runtime_dependencies(/home/changye/ros2_ws2/install/my_agv2/share/colcon-core/packages/my_agv2)
[4.089s] DEBUG:colcon.colcon_parallel_executor.executor.parallel:closing loop
[4.090s] DEBUG:colcon.colcon_parallel_executor.executor.parallel:loop closed
[4.090s] DEBUG:colcon.colcon_parallel_executor.executor.parallel:run_until_complete finished with '0'
[4.090s] DEBUG:colcon.colcon_core.event_reactor:joining thread
[4.099s] INFO:colcon.colcon_core.plugin_system:Skipping extension 'colcon_notification.desktop_notification.terminal_notifier': Not used on non-Darwin systems
[4.099s] INFO:colcon.colcon_core.plugin_system:Skipping extension 'colcon_notification.desktop_notification.win32': Not used on non-Windows systems
[4.099s] INFO:colcon.colcon_notification.desktop_notification:Sending desktop notification using 'notify2'
[4.112s] DEBUG:colcon.colcon_core.event_reactor:joined thread
[4.113s] INFO:colcon.colcon_core.shell:Creating prefix script '/home/changye/ros2_ws2/install/local_setup.ps1'
[4.113s] INFO:colcon.colcon_core.shell:Creating prefix util module '/home/changye/ros2_ws2/install/_local_setup_util_ps1.py'
[4.114s] INFO:colcon.colcon_core.shell:Creating prefix chain script '/home/changye/ros2_ws2/install/setup.ps1'
[4.124s] INFO:colcon.colcon_core.shell:Creating prefix script '/home/changye/ros2_ws2/install/local_setup.sh'
[4.124s] INFO:colcon.colcon_core.shell:Creating prefix util module '/home/changye/ros2_ws2/install/_local_setup_util_sh.py'
[4.125s] INFO:colcon.colcon_core.shell:Creating prefix chain script '/home/changye/ros2_ws2/install/setup.sh'
[4.134s] INFO:colcon.colcon_core.shell:Creating prefix script '/home/changye/ros2_ws2/install/local_setup.bash'
[4.134s] INFO:colcon.colcon_core.shell:Creating prefix chain script '/home/changye/ros2_ws2/install/setup.bash'
[4.144s] INFO:colcon.colcon_core.shell:Creating prefix script '/home/changye/ros2_ws2/install/local_setup.zsh'
[4.144s] INFO:colcon.colcon_core.shell:Creating prefix chain script '/home/changye/ros2_ws2/install/setup.zsh'
