-- Found ament_cmake: 1.3.6 (/home/changye/ros2_humble/install/ament_cmake/share/ament_cmake/cmake)
-- Override CMake install command with custom implementation using symlinks instead of copying resources
-- Configuring done
-- Generating done
-- Build files have been written to: /home/changye/Ros2_gazebo/ros2_ws2/build/ros2_control_demo_description
-- Install configuration: ""
-- Execute custom install script
-- Symlinking: /home/changye/Ros2_gazebo/ros2_ws2/install/ros2_control_demo_description/share/ros2_control_demo_description/rrbot/urdf/rrbot.materials.xacro
-- Symlinking: /home/changye/Ros2_gazebo/ros2_ws2/install/ros2_control_demo_description/share/ros2_control_demo_description/rrbot/urdf/rrbot_description.urdf.xacro
-- Symlinking: /home/changye/Ros2_gazebo/ros2_ws2/install/ros2_control_demo_description/share/ros2_control_demo_description/rrbot/rviz/rrbot.rviz
-- Symlinking: /home/changye/Ros2_gazebo/ros2_ws2/install/ros2_control_demo_description/share/ros2_control_demo_description/diffbot/urdf/diffbot.materials.xacro
-- Symlinking: /home/changye/Ros2_gazebo/ros2_ws2/install/ros2_control_demo_description/share/ros2_control_demo_description/diffbot/urdf/diffbot_description.urdf.xacro
-- Symlinking: /home/changye/Ros2_gazebo/ros2_ws2/install/ros2_control_demo_description/share/ros2_control_demo_description/diffbot/rviz/diffbot.rviz
-- Symlinking: /home/changye/Ros2_gazebo/ros2_ws2/install/ros2_control_demo_description/share/ros2_control_demo_description/diffbot/rviz/diffbot_view.rviz
-- Symlinking: /home/changye/Ros2_gazebo/ros2_ws2/install/ros2_control_demo_description/share/ros2_control_demo_description/r6bot/meshes/collision/link_0.stl
-- Symlinking: /home/changye/Ros2_gazebo/ros2_ws2/install/ros2_control_demo_description/share/ros2_control_demo_description/r6bot/meshes/collision/link_1.stl
-- Symlinking: /home/changye/Ros2_gazebo/ros2_ws2/install/ros2_control_demo_description/share/ros2_control_demo_description/r6bot/meshes/collision/link_2.stl
-- Symlinking: /home/changye/Ros2_gazebo/ros2_ws2/install/ros2_control_demo_description/share/ros2_control_demo_description/r6bot/meshes/collision/link_3.stl
-- Symlinking: /home/changye/Ros2_gazebo/ros2_ws2/install/ros2_control_demo_description/share/ros2_control_demo_description/r6bot/meshes/collision/link_4.stl
-- Symlinking: /home/changye/Ros2_gazebo/ros2_ws2/install/ros2_control_demo_description/share/ros2_control_demo_description/r6bot/meshes/collision/link_5.stl
-- Symlinking: /home/changye/Ros2_gazebo/ros2_ws2/install/ros2_control_demo_description/share/ros2_control_demo_description/r6bot/meshes/collision/link_6.stl
-- Symlinking: /home/changye/Ros2_gazebo/ros2_ws2/install/ros2_control_demo_description/share/ros2_control_demo_description/r6bot/meshes/visual/link_0.dae
-- Symlinking: /home/changye/Ros2_gazebo/ros2_ws2/install/ros2_control_demo_description/share/ros2_control_demo_description/r6bot/meshes/visual/link_1.dae
-- Symlinking: /home/changye/Ros2_gazebo/ros2_ws2/install/ros2_control_demo_description/share/ros2_control_demo_description/r6bot/meshes/visual/link_2.dae
-- Symlinking: /home/changye/Ros2_gazebo/ros2_ws2/install/ros2_control_demo_description/share/ros2_control_demo_description/r6bot/meshes/visual/link_3.dae
-- Symlinking: /home/changye/Ros2_gazebo/ros2_ws2/install/ros2_control_demo_description/share/ros2_control_demo_description/r6bot/meshes/visual/link_4.dae
-- Symlinking: /home/changye/Ros2_gazebo/ros2_ws2/install/ros2_control_demo_description/share/ros2_control_demo_description/r6bot/meshes/visual/link_5.dae
-- Symlinking: /home/changye/Ros2_gazebo/ros2_ws2/install/ros2_control_demo_description/share/ros2_control_demo_description/r6bot/meshes/visual/link_6.dae
-- Symlinking: /home/changye/Ros2_gazebo/ros2_ws2/install/ros2_control_demo_description/share/ros2_control_demo_description/r6bot/srdf/r6bot.srdf
-- Symlinking: /home/changye/Ros2_gazebo/ros2_ws2/install/ros2_control_demo_description/share/ros2_control_demo_description/r6bot/urdf/inc/create_link.xacro
-- Symlinking: /home/changye/Ros2_gazebo/ros2_ws2/install/ros2_control_demo_description/share/ros2_control_demo_description/r6bot/urdf/r6bot_description.urdf.xacro
-- Symlinking: /home/changye/Ros2_gazebo/ros2_ws2/install/ros2_control_demo_description/share/ros2_control_demo_description/r6bot/rviz/view_robot.rviz
-- Symlinking: /home/changye/Ros2_gazebo/ros2_ws2/install/ros2_control_demo_description/share/ament_index/resource_index/package_run_dependencies/ros2_control_demo_description
-- Symlinking: /home/changye/Ros2_gazebo/ros2_ws2/install/ros2_control_demo_description/share/ament_index/resource_index/parent_prefix_path/ros2_control_demo_description
-- Up-to-date symlink: /home/changye/Ros2_gazebo/ros2_ws2/install/ros2_control_demo_description/share/ros2_control_demo_description/environment/ament_prefix_path.sh
-- Symlinking: /home/changye/Ros2_gazebo/ros2_ws2/install/ros2_control_demo_description/share/ros2_control_demo_description/environment/ament_prefix_path.dsv
-- Up-to-date symlink: /home/changye/Ros2_gazebo/ros2_ws2/install/ros2_control_demo_description/share/ros2_control_demo_description/environment/path.sh
-- Symlinking: /home/changye/Ros2_gazebo/ros2_ws2/install/ros2_control_demo_description/share/ros2_control_demo_description/environment/path.dsv
-- Symlinking: /home/changye/Ros2_gazebo/ros2_ws2/install/ros2_control_demo_description/share/ros2_control_demo_description/local_setup.bash
-- Symlinking: /home/changye/Ros2_gazebo/ros2_ws2/install/ros2_control_demo_description/share/ros2_control_demo_description/local_setup.sh
-- Symlinking: /home/changye/Ros2_gazebo/ros2_ws2/install/ros2_control_demo_description/share/ros2_control_demo_description/local_setup.zsh
-- Symlinking: /home/changye/Ros2_gazebo/ros2_ws2/install/ros2_control_demo_description/share/ros2_control_demo_description/local_setup.dsv
-- Symlinking: /home/changye/Ros2_gazebo/ros2_ws2/install/ros2_control_demo_description/share/ros2_control_demo_description/package.dsv
-- Symlinking: /home/changye/Ros2_gazebo/ros2_ws2/install/ros2_control_demo_description/share/ament_index/resource_index/packages/ros2_control_demo_description
-- Symlinking: /home/changye/Ros2_gazebo/ros2_ws2/install/ros2_control_demo_description/share/ros2_control_demo_description/cmake/ros2_control_demo_descriptionConfig.cmake
-- Symlinking: /home/changye/Ros2_gazebo/ros2_ws2/install/ros2_control_demo_description/share/ros2_control_demo_description/cmake/ros2_control_demo_descriptionConfig-version.cmake
-- Symlinking: /home/changye/Ros2_gazebo/ros2_ws2/install/ros2_control_demo_description/share/ros2_control_demo_description/package.xml
