[2.665s] Invoking command in '/home/changye/Ros2_gazebo/ros2_ws2/src/ros-controls/ros2_control-humble/rqt_controller_manager': AMENT_PREFIX_PATH=/home/changye/Ros2_gazebo/ros2_ws2/install/controller_manager:/home/changye/Ros2_gazebo/ros2_ws2/install/hardware_interface_testing:/home/changye/Ros2_gazebo/ros2_ws2/install/controller_interface:/home/changye/Ros2_gazebo/ros2_ws2/install/hardware_interface:/home/changye/Ros2_gazebo/ros2_ws2/install/ros2_control_test_assets:/home/changye/Ros2_gazebo/ros2_ws2/install/controller_manager_msgs:/home/changye/Ros2_gazebo/ros2_ws2/install/control_msgs:${AMENT_PREFIX_PATH} CMAKE_PREFIX_PATH=/home/changye/Ros2_gazebo/ros2_ws2/install/controller_manager:/home/changye/Ros2_gazebo/ros2_ws2/install/hardware_interface_testing:/home/changye/Ros2_gazebo/ros2_ws2/install/controller_interface:/home/changye/Ros2_gazebo/ros2_ws2/install/hardware_interface:/home/changye/Ros2_gazebo/ros2_ws2/install/ros2_control_test_assets:/home/changye/Ros2_gazebo/ros2_ws2/install/controller_manager_msgs:/home/changye/Ros2_gazebo/ros2_ws2/install/control_msgs LD_LIBRARY_PATH=/home/changye/Ros2_gazebo/ros2_ws2/install/controller_manager/lib:/home/changye/Ros2_gazebo/ros2_ws2/install/hardware_interface_testing/lib:/home/changye/Ros2_gazebo/ros2_ws2/install/controller_interface/lib:/home/changye/Ros2_gazebo/ros2_ws2/install/hardware_interface/lib:/home/changye/Ros2_gazebo/ros2_ws2/install/controller_manager_msgs/lib:/home/changye/Ros2_gazebo/ros2_ws2/install/control_msgs/lib:/usr/lib/x86_64-linux-gnu/gazebo-11/plugins:/opt/ros/humble/lib/x86_64-linux-gnu:/opt/ros/humble/lib:/usr/lib/x86_64-linux-gnu/gazebo-11/plugins:/usr/share/gazebo-11/../../lib/x86_64-linux-gnu/gazebo-11/plugins:/usr/lib/x86_64-linux-gnu/gazebo-11/plugins PYTHONPATH=/home/changye/Ros2_gazebo/ros2_ws2/build/rqt_controller_manager/prefix_override:/usr/lib/python3/dist-packages/colcon_core/task/python/colcon_distutils_commands:/home/changye/Ros2_gazebo/ros2_ws2/install/rqt_controller_manager/lib/python3.10/site-packages:/home/changye/Ros2_gazebo/ros2_ws2/install/controller_manager/local/lib/python3.10/dist-packages:/home/changye/Ros2_gazebo/ros2_ws2/install/controller_manager_msgs/local/lib/python3.10/dist-packages:/home/changye/Ros2_gazebo/ros2_ws2/install/control_msgs/local/lib/python3.10/dist-packages:${PYTHONPATH} /usr/bin/python3 -W ignore:setup.py install is deprecated -W ignore:easy_install command is deprecated setup.py egg_info --egg-base ../../../../build/rqt_controller_manager build --build-base /home/changye/Ros2_gazebo/ros2_ws2/build/rqt_controller_manager/build install --record /home/changye/Ros2_gazebo/ros2_ws2/build/rqt_controller_manager/install.log --single-version-externally-managed install_data
[3.784s] running egg_info
[3.784s] creating ../../../../build/rqt_controller_manager/rqt_controller_manager.egg-info
[3.785s] writing ../../../../build/rqt_controller_manager/rqt_controller_manager.egg-info/PKG-INFO
[3.786s] writing dependency_links to ../../../../build/rqt_controller_manager/rqt_controller_manager.egg-info/dependency_links.txt
[3.786s] writing entry points to ../../../../build/rqt_controller_manager/rqt_controller_manager.egg-info/entry_points.txt
[3.786s] writing requirements to ../../../../build/rqt_controller_manager/rqt_controller_manager.egg-info/requires.txt
[3.786s] writing top-level names to ../../../../build/rqt_controller_manager/rqt_controller_manager.egg-info/top_level.txt
[3.786s] writing manifest file '../../../../build/rqt_controller_manager/rqt_controller_manager.egg-info/SOURCES.txt'
[3.786s] reading manifest file '../../../../build/rqt_controller_manager/rqt_controller_manager.egg-info/SOURCES.txt'
[3.787s] writing manifest file '../../../../build/rqt_controller_manager/rqt_controller_manager.egg-info/SOURCES.txt'
[3.787s] running build
[3.787s] running build_py
[3.787s] creating /home/changye/Ros2_gazebo/ros2_ws2/build/rqt_controller_manager/build
[3.787s] creating /home/changye/Ros2_gazebo/ros2_ws2/build/rqt_controller_manager/build/lib
[3.787s] creating /home/changye/Ros2_gazebo/ros2_ws2/build/rqt_controller_manager/build/lib/rqt_controller_manager
[3.787s] copying rqt_controller_manager/main.py -> /home/changye/Ros2_gazebo/ros2_ws2/build/rqt_controller_manager/build/lib/rqt_controller_manager
[3.787s] copying rqt_controller_manager/__init__.py -> /home/changye/Ros2_gazebo/ros2_ws2/build/rqt_controller_manager/build/lib/rqt_controller_manager
[3.787s] copying rqt_controller_manager/controller_manager.py -> /home/changye/Ros2_gazebo/ros2_ws2/build/rqt_controller_manager/build/lib/rqt_controller_manager
[3.787s] copying rqt_controller_manager/update_combo.py -> /home/changye/Ros2_gazebo/ros2_ws2/build/rqt_controller_manager/build/lib/rqt_controller_manager
[3.787s] running install
[3.787s] running install_lib
[3.787s] creating /home/changye/Ros2_gazebo/ros2_ws2/install/rqt_controller_manager/lib/python3.10/site-packages/rqt_controller_manager
[3.788s] copying /home/changye/Ros2_gazebo/ros2_ws2/build/rqt_controller_manager/build/lib/rqt_controller_manager/main.py -> /home/changye/Ros2_gazebo/ros2_ws2/install/rqt_controller_manager/lib/python3.10/site-packages/rqt_controller_manager
[3.788s] copying /home/changye/Ros2_gazebo/ros2_ws2/build/rqt_controller_manager/build/lib/rqt_controller_manager/__init__.py -> /home/changye/Ros2_gazebo/ros2_ws2/install/rqt_controller_manager/lib/python3.10/site-packages/rqt_controller_manager
[3.788s] copying /home/changye/Ros2_gazebo/ros2_ws2/build/rqt_controller_manager/build/lib/rqt_controller_manager/controller_manager.py -> /home/changye/Ros2_gazebo/ros2_ws2/install/rqt_controller_manager/lib/python3.10/site-packages/rqt_controller_manager
[3.788s] copying /home/changye/Ros2_gazebo/ros2_ws2/build/rqt_controller_manager/build/lib/rqt_controller_manager/update_combo.py -> /home/changye/Ros2_gazebo/ros2_ws2/install/rqt_controller_manager/lib/python3.10/site-packages/rqt_controller_manager
[3.788s] byte-compiling /home/changye/Ros2_gazebo/ros2_ws2/install/rqt_controller_manager/lib/python3.10/site-packages/rqt_controller_manager/main.py to main.cpython-310.pyc
[3.788s] byte-compiling /home/changye/Ros2_gazebo/ros2_ws2/install/rqt_controller_manager/lib/python3.10/site-packages/rqt_controller_manager/__init__.py to __init__.cpython-310.pyc
[3.788s] byte-compiling /home/changye/Ros2_gazebo/ros2_ws2/install/rqt_controller_manager/lib/python3.10/site-packages/rqt_controller_manager/controller_manager.py to controller_manager.cpython-310.pyc
[3.788s] byte-compiling /home/changye/Ros2_gazebo/ros2_ws2/install/rqt_controller_manager/lib/python3.10/site-packages/rqt_controller_manager/update_combo.py to update_combo.cpython-310.pyc
[3.788s] running install_data
[3.788s] creating /home/changye/Ros2_gazebo/ros2_ws2/install/rqt_controller_manager/share/ament_index
[3.788s] creating /home/changye/Ros2_gazebo/ros2_ws2/install/rqt_controller_manager/share/ament_index/resource_index
[3.788s] creating /home/changye/Ros2_gazebo/ros2_ws2/install/rqt_controller_manager/share/ament_index/resource_index/packages
[3.790s] copying resource/rqt_controller_manager -> /home/changye/Ros2_gazebo/ros2_ws2/install/rqt_controller_manager/share/ament_index/resource_index/packages
[3.791s] copying package.xml -> /home/changye/Ros2_gazebo/ros2_ws2/install/rqt_controller_manager/share/rqt_controller_manager
[3.791s] creating /home/changye/Ros2_gazebo/ros2_ws2/install/rqt_controller_manager/share/rqt_controller_manager/resource
[3.791s] copying resource/popup_info.ui -> /home/changye/Ros2_gazebo/ros2_ws2/install/rqt_controller_manager/share/rqt_controller_manager/resource
[3.791s] copying resource/led_red.png -> /home/changye/Ros2_gazebo/ros2_ws2/install/rqt_controller_manager/share/rqt_controller_manager/resource
[3.791s] copying resource/cm_icon.png -> /home/changye/Ros2_gazebo/ros2_ws2/install/rqt_controller_manager/share/rqt_controller_manager/resource
[3.791s] copying resource/led_green.png -> /home/changye/Ros2_gazebo/ros2_ws2/install/rqt_controller_manager/share/rqt_controller_manager/resource
[3.791s] copying resource/controller_manager.ui -> /home/changye/Ros2_gazebo/ros2_ws2/install/rqt_controller_manager/share/rqt_controller_manager/resource
[3.791s] copying resource/led_off.png -> /home/changye/Ros2_gazebo/ros2_ws2/install/rqt_controller_manager/share/rqt_controller_manager/resource
[3.792s] copying plugin.xml -> /home/changye/Ros2_gazebo/ros2_ws2/install/rqt_controller_manager/share/rqt_controller_manager
[3.792s] running install_egg_info
[3.792s] Copying ../../../../build/rqt_controller_manager/rqt_controller_manager.egg-info to /home/changye/Ros2_gazebo/ros2_ws2/install/rqt_controller_manager/lib/python3.10/site-packages/rqt_controller_manager-2.47.0-py3.10.egg-info
[3.792s] running install_scripts
[3.792s] Installing rqt_controller_manager script to /home/changye/Ros2_gazebo/ros2_ws2/install/rqt_controller_manager/lib/rqt_controller_manager
[3.792s] writing list of installed files to '/home/changye/Ros2_gazebo/ros2_ws2/build/rqt_controller_manager/install.log'
[3.796s] Invoked command in '/home/changye/Ros2_gazebo/ros2_ws2/src/ros-controls/ros2_control-humble/rqt_controller_manager' returned '0': AMENT_PREFIX_PATH=/home/changye/Ros2_gazebo/ros2_ws2/install/controller_manager:/home/changye/Ros2_gazebo/ros2_ws2/install/hardware_interface_testing:/home/changye/Ros2_gazebo/ros2_ws2/install/controller_interface:/home/changye/Ros2_gazebo/ros2_ws2/install/hardware_interface:/home/changye/Ros2_gazebo/ros2_ws2/install/ros2_control_test_assets:/home/changye/Ros2_gazebo/ros2_ws2/install/controller_manager_msgs:/home/changye/Ros2_gazebo/ros2_ws2/install/control_msgs:${AMENT_PREFIX_PATH} CMAKE_PREFIX_PATH=/home/changye/Ros2_gazebo/ros2_ws2/install/controller_manager:/home/changye/Ros2_gazebo/ros2_ws2/install/hardware_interface_testing:/home/changye/Ros2_gazebo/ros2_ws2/install/controller_interface:/home/changye/Ros2_gazebo/ros2_ws2/install/hardware_interface:/home/changye/Ros2_gazebo/ros2_ws2/install/ros2_control_test_assets:/home/changye/Ros2_gazebo/ros2_ws2/install/controller_manager_msgs:/home/changye/Ros2_gazebo/ros2_ws2/install/control_msgs LD_LIBRARY_PATH=/home/changye/Ros2_gazebo/ros2_ws2/install/controller_manager/lib:/home/changye/Ros2_gazebo/ros2_ws2/install/hardware_interface_testing/lib:/home/changye/Ros2_gazebo/ros2_ws2/install/controller_interface/lib:/home/changye/Ros2_gazebo/ros2_ws2/install/hardware_interface/lib:/home/changye/Ros2_gazebo/ros2_ws2/install/controller_manager_msgs/lib:/home/changye/Ros2_gazebo/ros2_ws2/install/control_msgs/lib:/usr/lib/x86_64-linux-gnu/gazebo-11/plugins:/opt/ros/humble/lib/x86_64-linux-gnu:/opt/ros/humble/lib:/usr/lib/x86_64-linux-gnu/gazebo-11/plugins:/usr/share/gazebo-11/../../lib/x86_64-linux-gnu/gazebo-11/plugins:/usr/lib/x86_64-linux-gnu/gazebo-11/plugins PYTHONPATH=/home/changye/Ros2_gazebo/ros2_ws2/build/rqt_controller_manager/prefix_override:/usr/lib/python3/dist-packages/colcon_core/task/python/colcon_distutils_commands:/home/changye/Ros2_gazebo/ros2_ws2/install/rqt_controller_manager/lib/python3.10/site-packages:/home/changye/Ros2_gazebo/ros2_ws2/install/controller_manager/local/lib/python3.10/dist-packages:/home/changye/Ros2_gazebo/ros2_ws2/install/controller_manager_msgs/local/lib/python3.10/dist-packages:/home/changye/Ros2_gazebo/ros2_ws2/install/control_msgs/local/lib/python3.10/dist-packages:${PYTHONPATH} /usr/bin/python3 -W ignore:setup.py install is deprecated -W ignore:easy_install command is deprecated setup.py egg_info --egg-base ../../../../build/rqt_controller_manager build --build-base /home/changye/Ros2_gazebo/ros2_ws2/build/rqt_controller_manager/build install --record /home/changye/Ros2_gazebo/ros2_ws2/build/rqt_controller_manager/install.log --single-version-externally-managed install_data
