[0.000000] (-) TimerEvent: {}
[0.000088] (-) JobUnselected: {'identifier': 'ackermann_steering_controller'}
[0.000111] (-) JobUnselected: {'identifier': 'admittance_controller'}
[0.000167] (-) JobUnselected: {'identifier': 'agv_control_pkg'}
[0.000298] (-) JobUnselected: {'identifier': 'bicycle_steering_controller'}
[0.000386] (-) JobUnselected: {'identifier': 'control_msgs'}
[0.000400] (-) JobUnselected: {'identifier': 'control_toolbox'}
[0.000413] (-) JobUnselected: {'identifier': 'controller_interface'}
[0.000426] (-) JobUnselected: {'identifier': 'controller_manager'}
[0.000441] (-) JobUnselected: {'identifier': 'controller_manager_msgs'}
[0.000455] (-) JobUnselected: {'identifier': 'diff_drive_controller'}
[0.000469] (-) JobUnselected: {'identifier': 'effort_controllers'}
[0.000483] (-) JobUnselected: {'identifier': 'force_torque_sensor_broadcaster'}
[0.000497] (-) JobUnselected: {'identifier': 'forward_command_controller'}
[0.000510] (-) JobUnselected: {'identifier': 'gazebo_ros2_control'}
[0.000524] (-) JobUnselected: {'identifier': 'gazebo_ros2_control_demos'}
[0.000537] (-) JobUnselected: {'identifier': 'gripper_controllers'}
[0.000551] (-) JobUnselected: {'identifier': 'gz_ros2_control_tests'}
[0.000564] (-) JobUnselected: {'identifier': 'hardware_interface'}
[0.000578] (-) JobUnselected: {'identifier': 'ign_ros2_control'}
[0.000596] (-) JobUnselected: {'identifier': 'ign_ros2_control_demos'}
[0.000707] (-) JobUnselected: {'identifier': 'imu_sensor_broadcaster'}
[0.000741] (-) JobUnselected: {'identifier': 'joint_limits'}
[0.000754] (-) JobUnselected: {'identifier': 'joint_state_broadcaster'}
[0.000767] (-) JobUnselected: {'identifier': 'joint_trajectory_controller'}
[0.000778] (-) JobUnselected: {'identifier': 'kinematics_interface'}
[0.000790] (-) JobUnselected: {'identifier': 'kinematics_interface_kdl'}
[0.000801] (-) JobUnselected: {'identifier': 'my_agv2'}
[0.000813] (-) JobUnselected: {'identifier': 'position_controllers'}
[0.000825] (-) JobUnselected: {'identifier': 'range_sensor_broadcaster'}
[0.000836] (-) JobUnselected: {'identifier': 'realtime_tools'}
[0.000848] (-) JobUnselected: {'identifier': 'ros2_control'}
[0.000860] (-) JobUnselected: {'identifier': 'ros2_control_demo_description'}
[0.000871] (-) JobUnselected: {'identifier': 'ros2_control_demo_example_1'}
[0.000883] (-) JobUnselected: {'identifier': 'ros2_control_demo_example_10'}
[0.000894] (-) JobUnselected: {'identifier': 'ros2_control_demo_example_12'}
[0.000906] (-) JobUnselected: {'identifier': 'ros2_control_demo_example_14'}
[0.000917] (-) JobUnselected: {'identifier': 'ros2_control_demo_example_2'}
[0.000929] (-) JobUnselected: {'identifier': 'ros2_control_demo_example_3'}
[0.000941] (-) JobUnselected: {'identifier': 'ros2_control_demo_example_4'}
[0.000952] (-) JobUnselected: {'identifier': 'ros2_control_demo_example_5'}
[0.000964] (-) JobUnselected: {'identifier': 'ros2_control_demo_example_6'}
[0.000975] (-) JobUnselected: {'identifier': 'ros2_control_demo_example_7'}
[0.000987] (-) JobUnselected: {'identifier': 'ros2_control_demo_example_8'}
[0.000998] (-) JobUnselected: {'identifier': 'ros2_control_demo_example_9'}
[0.001010] (-) JobUnselected: {'identifier': 'ros2_control_demos'}
[0.001022] (-) JobUnselected: {'identifier': 'ros2_control_test_assets'}
[0.001033] (-) JobUnselected: {'identifier': 'ros2_controllers_test_nodes'}
[0.001045] (-) JobUnselected: {'identifier': 'ros2controlcli'}
[0.001074] (-) JobUnselected: {'identifier': 'rqt_controller_manager'}
[0.001100] (-) JobUnselected: {'identifier': 'rqt_joint_trajectory_controller'}
[0.001112] (-) JobUnselected: {'identifier': 'steering_controllers_library'}
[0.001124] (-) JobUnselected: {'identifier': 'transmission_interface'}
[0.001135] (-) JobUnselected: {'identifier': 'tricycle_controller'}
[0.001147] (-) JobUnselected: {'identifier': 'tricycle_steering_controller'}
[0.001158] (-) JobUnselected: {'identifier': 'velocity_controllers'}
[0.001172] (ros2_controllers) JobQueued: {'identifier': 'ros2_controllers', 'dependencies': OrderedDict([('control_msgs', '/home/changye/Ros2_gazebo/ros2_ws2/install/control_msgs'), ('controller_manager_msgs', '/home/changye/Ros2_gazebo/ros2_ws2/install/controller_manager_msgs'), ('kinematics_interface', '/home/changye/Ros2_gazebo/ros2_ws2/install/kinematics_interface'), ('realtime_tools', '/home/changye/Ros2_gazebo/ros2_ws2/install/realtime_tools'), ('ros2_control_test_assets', '/home/changye/Ros2_gazebo/ros2_ws2/install/ros2_control_test_assets'), ('control_toolbox', '/home/changye/Ros2_gazebo/ros2_ws2/install/control_toolbox'), ('hardware_interface', '/home/changye/Ros2_gazebo/ros2_ws2/install/hardware_interface'), ('kinematics_interface_kdl', '/home/changye/Ros2_gazebo/ros2_ws2/install/kinematics_interface_kdl'), ('controller_interface', '/home/changye/Ros2_gazebo/ros2_ws2/install/controller_interface'), ('controller_manager', '/home/changye/Ros2_gazebo/ros2_ws2/install/controller_manager'), ('diff_drive_controller', '/home/changye/Ros2_gazebo/ros2_ws2/install/diff_drive_controller'), ('force_torque_sensor_broadcaster', '/home/changye/Ros2_gazebo/ros2_ws2/install/force_torque_sensor_broadcaster'), ('forward_command_controller', '/home/changye/Ros2_gazebo/ros2_ws2/install/forward_command_controller'), ('imu_sensor_broadcaster', '/home/changye/Ros2_gazebo/ros2_ws2/install/imu_sensor_broadcaster'), ('joint_state_broadcaster', '/home/changye/Ros2_gazebo/ros2_ws2/install/joint_state_broadcaster'), ('joint_trajectory_controller', '/home/changye/Ros2_gazebo/ros2_ws2/install/joint_trajectory_controller'), ('range_sensor_broadcaster', '/home/changye/Ros2_gazebo/ros2_ws2/install/range_sensor_broadcaster'), ('steering_controllers_library', '/home/changye/Ros2_gazebo/ros2_ws2/install/steering_controllers_library'), ('tricycle_controller', '/home/changye/Ros2_gazebo/ros2_ws2/install/tricycle_controller'), ('ackermann_steering_controller', '/home/changye/Ros2_gazebo/ros2_ws2/install/ackermann_steering_controller'), ('admittance_controller', '/home/changye/Ros2_gazebo/ros2_ws2/install/admittance_controller'), ('bicycle_steering_controller', '/home/changye/Ros2_gazebo/ros2_ws2/install/bicycle_steering_controller'), ('effort_controllers', '/home/changye/Ros2_gazebo/ros2_ws2/install/effort_controllers'), ('position_controllers', '/home/changye/Ros2_gazebo/ros2_ws2/install/position_controllers'), ('tricycle_steering_controller', '/home/changye/Ros2_gazebo/ros2_ws2/install/tricycle_steering_controller'), ('velocity_controllers', '/home/changye/Ros2_gazebo/ros2_ws2/install/velocity_controllers')])}
[0.001230] (ros2_controllers) JobStarted: {'identifier': 'ros2_controllers'}
[0.029688] (ros2_controllers) JobEnded: {'identifier': 'ros2_controllers', 'rc': 1}
[0.040042] (-) EventReactorShutdown: {}
