[1.368s] Invoking command in '/home/changye/Ros2_gazebo/ros2_ws2/src/agv_control_pkg': PYTHONPATH=/home/changye/Ros2_gazebo/ros2_ws2/build/agv_control_pkg/prefix_override:/usr/lib/python3/dist-packages/colcon_core/task/python/colcon_distutils_commands:/home/changye/Ros2_gazebo/ros2_ws2/install/agv_control_pkg/lib/python3.10/site-packages:${PYTHONPATH} /usr/bin/python3 -W ignore:setup.py install is deprecated -W ignore:easy_install command is deprecated setup.py egg_info --egg-base ../../build/agv_control_pkg build --build-base /home/changye/Ros2_gazebo/ros2_ws2/build/agv_control_pkg/build install --record /home/changye/Ros2_gazebo/ros2_ws2/build/agv_control_pkg/install.log --single-version-externally-managed install_data
[1.609s] running egg_info
[1.609s] writing ../../build/agv_control_pkg/agv_control_pkg.egg-info/PKG-INFO
[1.609s] writing dependency_links to ../../build/agv_control_pkg/agv_control_pkg.egg-info/dependency_links.txt
[1.610s] writing entry points to ../../build/agv_control_pkg/agv_control_pkg.egg-info/entry_points.txt
[1.610s] writing requirements to ../../build/agv_control_pkg/agv_control_pkg.egg-info/requires.txt
[1.610s] writing top-level names to ../../build/agv_control_pkg/agv_control_pkg.egg-info/top_level.txt
[1.625s] reading manifest file '../../build/agv_control_pkg/agv_control_pkg.egg-info/SOURCES.txt'
[1.639s] writing manifest file '../../build/agv_control_pkg/agv_control_pkg.egg-info/SOURCES.txt'
[1.639s] running build
[1.639s] running build_py
[1.639s] running install
[1.639s] running install_lib
[1.641s] running install_data
[1.641s] running install_egg_info
[1.642s] removing '/home/changye/Ros2_gazebo/ros2_ws2/install/agv_control_pkg/lib/python3.10/site-packages/agv_control_pkg-0.0.0-py3.10.egg-info' (and everything under it)
[1.642s] Copying ../../build/agv_control_pkg/agv_control_pkg.egg-info to /home/changye/Ros2_gazebo/ros2_ws2/install/agv_control_pkg/lib/python3.10/site-packages/agv_control_pkg-0.0.0-py3.10.egg-info
[1.651s] running install_scripts
[1.668s] Installing agv_controller script to /home/changye/Ros2_gazebo/ros2_ws2/install/agv_control_pkg/lib/agv_control_pkg
[1.668s] Installing line_detection script to /home/changye/Ros2_gazebo/ros2_ws2/install/agv_control_pkg/lib/agv_control_pkg
[1.668s] Installing tag_detection script to /home/changye/Ros2_gazebo/ros2_ws2/install/agv_control_pkg/lib/agv_control_pkg
[1.668s] Installing tag_detection_old script to /home/changye/Ros2_gazebo/ros2_ws2/install/agv_control_pkg/lib/agv_control_pkg
[1.668s] Installing tf_broadcaster script to /home/changye/Ros2_gazebo/ros2_ws2/install/agv_control_pkg/lib/agv_control_pkg
[1.669s] writing list of installed files to '/home/changye/Ros2_gazebo/ros2_ws2/build/agv_control_pkg/install.log'
[1.691s] Invoked command in '/home/changye/Ros2_gazebo/ros2_ws2/src/agv_control_pkg' returned '0': PYTHONPATH=/home/changye/Ros2_gazebo/ros2_ws2/build/agv_control_pkg/prefix_override:/usr/lib/python3/dist-packages/colcon_core/task/python/colcon_distutils_commands:/home/changye/Ros2_gazebo/ros2_ws2/install/agv_control_pkg/lib/python3.10/site-packages:${PYTHONPATH} /usr/bin/python3 -W ignore:setup.py install is deprecated -W ignore:easy_install command is deprecated setup.py egg_info --egg-base ../../build/agv_control_pkg build --build-base /home/changye/Ros2_gazebo/ros2_ws2/build/agv_control_pkg/build install --record /home/changye/Ros2_gazebo/ros2_ws2/build/agv_control_pkg/install.log --single-version-externally-managed install_data
