[0.044s] Invoking command in '/home/changye/Ros2_gazebo/ros2_ws2/build/forward_command_controller': AMENT_PREFIX_PATH=/home/changye/Ros2_gazebo/ros2_ws2/install/controller_manager:/home/changye/Ros2_gazebo/ros2_ws2/install/hardware_interface_testing:/home/changye/Ros2_gazebo/ros2_ws2/install/controller_interface:/home/changye/Ros2_gazebo/ros2_ws2/install/hardware_interface:/home/changye/Ros2_gazebo/ros2_ws2/install/ros2_control_test_assets:/home/changye/Ros2_gazebo/ros2_ws2/install/controller_manager_msgs:/home/changye/Ros2_gazebo/ros2_ws2/install/control_msgs:${AMENT_PREFIX_PATH} CMAKE_PREFIX_PATH=/home/changye/Ros2_gazebo/ros2_ws2/install/controller_manager:/home/changye/Ros2_gazebo/ros2_ws2/install/hardware_interface_testing:/home/changye/Ros2_gazebo/ros2_ws2/install/controller_interface:/home/changye/Ros2_gazebo/ros2_ws2/install/hardware_interface:/home/changye/Ros2_gazebo/ros2_ws2/install/ros2_control_test_assets:/home/changye/Ros2_gazebo/ros2_ws2/install/controller_manager_msgs:/home/changye/Ros2_gazebo/ros2_ws2/install/control_msgs:/opt/ros/humble LD_LIBRARY_PATH=/home/changye/Ros2_gazebo/ros2_ws2/install/controller_manager/lib:/home/changye/Ros2_gazebo/ros2_ws2/install/hardware_interface_testing/lib:/home/changye/Ros2_gazebo/ros2_ws2/install/controller_interface/lib:/home/changye/Ros2_gazebo/ros2_ws2/install/hardware_interface/lib:/home/changye/Ros2_gazebo/ros2_ws2/install/controller_manager_msgs/lib:/home/changye/Ros2_gazebo/ros2_ws2/install/control_msgs/lib:/usr/lib/x86_64-linux-gnu/gazebo-11/plugins:/opt/ros/humble/lib/x86_64-linux-gnu:/opt/ros/humble/lib:/usr/lib/x86_64-linux-gnu/gazebo-11/plugins:/usr/share/gazebo-11/../../lib/x86_64-linux-gnu/gazebo-11/plugins:/usr/lib/x86_64-linux-gnu/gazebo-11/plugins PYTHONPATH=/home/changye/Ros2_gazebo/ros2_ws2/install/controller_manager/local/lib/python3.10/dist-packages:/home/changye/Ros2_gazebo/ros2_ws2/install/controller_manager_msgs/local/lib/python3.10/dist-packages:/home/changye/Ros2_gazebo/ros2_ws2/install/control_msgs/local/lib/python3.10/dist-packages:${PYTHONPATH} /usr/bin/cmake --build /home/changye/Ros2_gazebo/ros2_ws2/build/forward_command_controller -- -j12 -l12
[0.332s] [35m[1mConsolidate compiler generated dependencies of target gmock[0m
[0.333s] [35m[1mConsolidate compiler generated dependencies of target gmock_main[0m
[0.333s] [ 10%] Built target multi_interface_forward_command_controller_parameters
[0.333s] [ 10%] Built target forward_command_controller_parameters
[0.333s] [ 21%] Built target gmock_main
[0.333s] [ 36%] Built target gmock
[0.334s] [35m[1mConsolidate compiler generated dependencies of target forward_command_controller[0m
[0.334s] [ 57%] Built target forward_command_controller
[0.334s] [35m[1mConsolidate compiler generated dependencies of target test_multi_interface_forward_command_controller[0m
[0.334s] [35m[1mConsolidate compiler generated dependencies of target test_load_forward_command_controller[0m
[0.334s] [35m[1mConsolidate compiler generated dependencies of target test_forward_command_controller[0m
[0.334s] [35m[1mConsolidate compiler generated dependencies of target test_load_multi_interface_forward_command_controller[0m
[0.334s] [ 68%] Built target test_multi_interface_forward_command_controller
[0.335s] [ 78%] Built target test_forward_command_controller
[0.335s] [ 89%] Built target test_load_forward_command_controller
[0.336s] [100%] Built target test_load_multi_interface_forward_command_controller
[0.343s] Invoked command in '/home/changye/Ros2_gazebo/ros2_ws2/build/forward_command_controller' returned '0': AMENT_PREFIX_PATH=/home/changye/Ros2_gazebo/ros2_ws2/install/controller_manager:/home/changye/Ros2_gazebo/ros2_ws2/install/hardware_interface_testing:/home/changye/Ros2_gazebo/ros2_ws2/install/controller_interface:/home/changye/Ros2_gazebo/ros2_ws2/install/hardware_interface:/home/changye/Ros2_gazebo/ros2_ws2/install/ros2_control_test_assets:/home/changye/Ros2_gazebo/ros2_ws2/install/controller_manager_msgs:/home/changye/Ros2_gazebo/ros2_ws2/install/control_msgs:${AMENT_PREFIX_PATH} CMAKE_PREFIX_PATH=/home/changye/Ros2_gazebo/ros2_ws2/install/controller_manager:/home/changye/Ros2_gazebo/ros2_ws2/install/hardware_interface_testing:/home/changye/Ros2_gazebo/ros2_ws2/install/controller_interface:/home/changye/Ros2_gazebo/ros2_ws2/install/hardware_interface:/home/changye/Ros2_gazebo/ros2_ws2/install/ros2_control_test_assets:/home/changye/Ros2_gazebo/ros2_ws2/install/controller_manager_msgs:/home/changye/Ros2_gazebo/ros2_ws2/install/control_msgs:/opt/ros/humble LD_LIBRARY_PATH=/home/changye/Ros2_gazebo/ros2_ws2/install/controller_manager/lib:/home/changye/Ros2_gazebo/ros2_ws2/install/hardware_interface_testing/lib:/home/changye/Ros2_gazebo/ros2_ws2/install/controller_interface/lib:/home/changye/Ros2_gazebo/ros2_ws2/install/hardware_interface/lib:/home/changye/Ros2_gazebo/ros2_ws2/install/controller_manager_msgs/lib:/home/changye/Ros2_gazebo/ros2_ws2/install/control_msgs/lib:/usr/lib/x86_64-linux-gnu/gazebo-11/plugins:/opt/ros/humble/lib/x86_64-linux-gnu:/opt/ros/humble/lib:/usr/lib/x86_64-linux-gnu/gazebo-11/plugins:/usr/share/gazebo-11/../../lib/x86_64-linux-gnu/gazebo-11/plugins:/usr/lib/x86_64-linux-gnu/gazebo-11/plugins PYTHONPATH=/home/changye/Ros2_gazebo/ros2_ws2/install/controller_manager/local/lib/python3.10/dist-packages:/home/changye/Ros2_gazebo/ros2_ws2/install/controller_manager_msgs/local/lib/python3.10/dist-packages:/home/changye/Ros2_gazebo/ros2_ws2/install/control_msgs/local/lib/python3.10/dist-packages:${PYTHONPATH} /usr/bin/cmake --build /home/changye/Ros2_gazebo/ros2_ws2/build/forward_command_controller -- -j12 -l12
[0.343s] Invoking command in '/home/changye/Ros2_gazebo/ros2_ws2/build/forward_command_controller': AMENT_PREFIX_PATH=/home/changye/Ros2_gazebo/ros2_ws2/install/controller_manager:/home/changye/Ros2_gazebo/ros2_ws2/install/hardware_interface_testing:/home/changye/Ros2_gazebo/ros2_ws2/install/controller_interface:/home/changye/Ros2_gazebo/ros2_ws2/install/hardware_interface:/home/changye/Ros2_gazebo/ros2_ws2/install/ros2_control_test_assets:/home/changye/Ros2_gazebo/ros2_ws2/install/controller_manager_msgs:/home/changye/Ros2_gazebo/ros2_ws2/install/control_msgs:${AMENT_PREFIX_PATH} CMAKE_PREFIX_PATH=/home/changye/Ros2_gazebo/ros2_ws2/install/controller_manager:/home/changye/Ros2_gazebo/ros2_ws2/install/hardware_interface_testing:/home/changye/Ros2_gazebo/ros2_ws2/install/controller_interface:/home/changye/Ros2_gazebo/ros2_ws2/install/hardware_interface:/home/changye/Ros2_gazebo/ros2_ws2/install/ros2_control_test_assets:/home/changye/Ros2_gazebo/ros2_ws2/install/controller_manager_msgs:/home/changye/Ros2_gazebo/ros2_ws2/install/control_msgs:/opt/ros/humble LD_LIBRARY_PATH=/home/changye/Ros2_gazebo/ros2_ws2/install/controller_manager/lib:/home/changye/Ros2_gazebo/ros2_ws2/install/hardware_interface_testing/lib:/home/changye/Ros2_gazebo/ros2_ws2/install/controller_interface/lib:/home/changye/Ros2_gazebo/ros2_ws2/install/hardware_interface/lib:/home/changye/Ros2_gazebo/ros2_ws2/install/controller_manager_msgs/lib:/home/changye/Ros2_gazebo/ros2_ws2/install/control_msgs/lib:/usr/lib/x86_64-linux-gnu/gazebo-11/plugins:/opt/ros/humble/lib/x86_64-linux-gnu:/opt/ros/humble/lib:/usr/lib/x86_64-linux-gnu/gazebo-11/plugins:/usr/share/gazebo-11/../../lib/x86_64-linux-gnu/gazebo-11/plugins:/usr/lib/x86_64-linux-gnu/gazebo-11/plugins PYTHONPATH=/home/changye/Ros2_gazebo/ros2_ws2/install/controller_manager/local/lib/python3.10/dist-packages:/home/changye/Ros2_gazebo/ros2_ws2/install/controller_manager_msgs/local/lib/python3.10/dist-packages:/home/changye/Ros2_gazebo/ros2_ws2/install/control_msgs/local/lib/python3.10/dist-packages:${PYTHONPATH} /usr/bin/cmake --install /home/changye/Ros2_gazebo/ros2_ws2/build/forward_command_controller
[0.376s] -- Install configuration: ""
[0.376s] -- Up-to-date: /home/changye/Ros2_gazebo/ros2_ws2/install/forward_command_controller/include/forward_command_controller_parameters
[0.376s] -- Up-to-date: /home/changye/Ros2_gazebo/ros2_ws2/install/forward_command_controller/include/forward_command_controller_parameters/forward_command_controller_parameters.hpp
[0.376s] -- Up-to-date: /home/changye/Ros2_gazebo/ros2_ws2/install/forward_command_controller/include/multi_interface_forward_command_controller_parameters
[0.376s] -- Up-to-date: /home/changye/Ros2_gazebo/ros2_ws2/install/forward_command_controller/include/multi_interface_forward_command_controller_parameters/multi_interface_forward_command_controller_parameters.hpp
[0.376s] -- Up-to-date: /home/changye/Ros2_gazebo/ros2_ws2/install/forward_command_controller/share/forward_command_controller/forward_command_plugin.xml
[0.376s] -- Up-to-date: /home/changye/Ros2_gazebo/ros2_ws2/install/forward_command_controller/include/forward_command_controller
[0.376s] -- Up-to-date: /home/changye/Ros2_gazebo/ros2_ws2/install/forward_command_controller/include/forward_command_controller/forward_command_controller
[0.376s] -- Up-to-date: /home/changye/Ros2_gazebo/ros2_ws2/install/forward_command_controller/include/forward_command_controller/forward_command_controller/forward_command_controller.hpp
[0.376s] -- Up-to-date: /home/changye/Ros2_gazebo/ros2_ws2/install/forward_command_controller/include/forward_command_controller/forward_command_controller/forward_controllers_base.hpp
[0.376s] -- Up-to-date: /home/changye/Ros2_gazebo/ros2_ws2/install/forward_command_controller/include/forward_command_controller/forward_command_controller/visibility_control.h
[0.376s] -- Up-to-date: /home/changye/Ros2_gazebo/ros2_ws2/install/forward_command_controller/include/forward_command_controller/forward_command_controller/multi_interface_forward_command_controller.hpp
[0.377s] -- Up-to-date: /home/changye/Ros2_gazebo/ros2_ws2/install/forward_command_controller/lib/libforward_command_controller.so
[0.377s] -- Up-to-date: /home/changye/Ros2_gazebo/ros2_ws2/install/forward_command_controller/share/forward_command_controller/environment/library_path.sh
[0.377s] -- Up-to-date: /home/changye/Ros2_gazebo/ros2_ws2/install/forward_command_controller/share/forward_command_controller/environment/library_path.dsv
[0.377s] -- Up-to-date: /home/changye/Ros2_gazebo/ros2_ws2/install/forward_command_controller/share/ament_index/resource_index/package_run_dependencies/forward_command_controller
[0.377s] -- Up-to-date: /home/changye/Ros2_gazebo/ros2_ws2/install/forward_command_controller/share/ament_index/resource_index/parent_prefix_path/forward_command_controller
[0.377s] -- Up-to-date: /home/changye/Ros2_gazebo/ros2_ws2/install/forward_command_controller/share/forward_command_controller/environment/ament_prefix_path.sh
[0.377s] -- Up-to-date: /home/changye/Ros2_gazebo/ros2_ws2/install/forward_command_controller/share/forward_command_controller/environment/ament_prefix_path.dsv
[0.377s] -- Up-to-date: /home/changye/Ros2_gazebo/ros2_ws2/install/forward_command_controller/share/forward_command_controller/environment/path.sh
[0.377s] -- Up-to-date: /home/changye/Ros2_gazebo/ros2_ws2/install/forward_command_controller/share/forward_command_controller/environment/path.dsv
[0.377s] -- Up-to-date: /home/changye/Ros2_gazebo/ros2_ws2/install/forward_command_controller/share/forward_command_controller/local_setup.bash
[0.377s] -- Up-to-date: /home/changye/Ros2_gazebo/ros2_ws2/install/forward_command_controller/share/forward_command_controller/local_setup.sh
[0.377s] -- Up-to-date: /home/changye/Ros2_gazebo/ros2_ws2/install/forward_command_controller/share/forward_command_controller/local_setup.zsh
[0.377s] -- Up-to-date: /home/changye/Ros2_gazebo/ros2_ws2/install/forward_command_controller/share/forward_command_controller/local_setup.dsv
[0.377s] -- Installing: /home/changye/Ros2_gazebo/ros2_ws2/install/forward_command_controller/share/forward_command_controller/package.dsv
[0.377s] -- Up-to-date: /home/changye/Ros2_gazebo/ros2_ws2/install/forward_command_controller/share/ament_index/resource_index/packages/forward_command_controller
[0.377s] -- Up-to-date: /home/changye/Ros2_gazebo/ros2_ws2/install/forward_command_controller/share/ament_index/resource_index/controller_interface__pluginlib__plugin/forward_command_controller
[0.378s] -- Up-to-date: /home/changye/Ros2_gazebo/ros2_ws2/install/forward_command_controller/share/forward_command_controller/cmake/export_forward_command_controllerExport.cmake
[0.378s] -- Up-to-date: /home/changye/Ros2_gazebo/ros2_ws2/install/forward_command_controller/share/forward_command_controller/cmake/export_forward_command_controllerExport-noconfig.cmake
[0.378s] -- Up-to-date: /home/changye/Ros2_gazebo/ros2_ws2/install/forward_command_controller/share/forward_command_controller/cmake/ament_cmake_export_targets-extras.cmake
[0.378s] -- Up-to-date: /home/changye/Ros2_gazebo/ros2_ws2/install/forward_command_controller/share/forward_command_controller/cmake/ament_cmake_export_dependencies-extras.cmake
[0.378s] -- Up-to-date: /home/changye/Ros2_gazebo/ros2_ws2/install/forward_command_controller/share/forward_command_controller/cmake/forward_command_controllerConfig.cmake
[0.378s] -- Up-to-date: /home/changye/Ros2_gazebo/ros2_ws2/install/forward_command_controller/share/forward_command_controller/cmake/forward_command_controllerConfig-version.cmake
[0.378s] -- Up-to-date: /home/changye/Ros2_gazebo/ros2_ws2/install/forward_command_controller/share/forward_command_controller/package.xml
[0.439s] Invoked command in '/home/changye/Ros2_gazebo/ros2_ws2/build/forward_command_controller' returned '0': AMENT_PREFIX_PATH=/home/changye/Ros2_gazebo/ros2_ws2/install/controller_manager:/home/changye/Ros2_gazebo/ros2_ws2/install/hardware_interface_testing:/home/changye/Ros2_gazebo/ros2_ws2/install/controller_interface:/home/changye/Ros2_gazebo/ros2_ws2/install/hardware_interface:/home/changye/Ros2_gazebo/ros2_ws2/install/ros2_control_test_assets:/home/changye/Ros2_gazebo/ros2_ws2/install/controller_manager_msgs:/home/changye/Ros2_gazebo/ros2_ws2/install/control_msgs:${AMENT_PREFIX_PATH} CMAKE_PREFIX_PATH=/home/changye/Ros2_gazebo/ros2_ws2/install/controller_manager:/home/changye/Ros2_gazebo/ros2_ws2/install/hardware_interface_testing:/home/changye/Ros2_gazebo/ros2_ws2/install/controller_interface:/home/changye/Ros2_gazebo/ros2_ws2/install/hardware_interface:/home/changye/Ros2_gazebo/ros2_ws2/install/ros2_control_test_assets:/home/changye/Ros2_gazebo/ros2_ws2/install/controller_manager_msgs:/home/changye/Ros2_gazebo/ros2_ws2/install/control_msgs:/opt/ros/humble LD_LIBRARY_PATH=/home/changye/Ros2_gazebo/ros2_ws2/install/controller_manager/lib:/home/changye/Ros2_gazebo/ros2_ws2/install/hardware_interface_testing/lib:/home/changye/Ros2_gazebo/ros2_ws2/install/controller_interface/lib:/home/changye/Ros2_gazebo/ros2_ws2/install/hardware_interface/lib:/home/changye/Ros2_gazebo/ros2_ws2/install/controller_manager_msgs/lib:/home/changye/Ros2_gazebo/ros2_ws2/install/control_msgs/lib:/usr/lib/x86_64-linux-gnu/gazebo-11/plugins:/opt/ros/humble/lib/x86_64-linux-gnu:/opt/ros/humble/lib:/usr/lib/x86_64-linux-gnu/gazebo-11/plugins:/usr/share/gazebo-11/../../lib/x86_64-linux-gnu/gazebo-11/plugins:/usr/lib/x86_64-linux-gnu/gazebo-11/plugins PYTHONPATH=/home/changye/Ros2_gazebo/ros2_ws2/install/controller_manager/local/lib/python3.10/dist-packages:/home/changye/Ros2_gazebo/ros2_ws2/install/controller_manager_msgs/local/lib/python3.10/dist-packages:/home/changye/Ros2_gazebo/ros2_ws2/install/control_msgs/local/lib/python3.10/dist-packages:${PYTHONPATH} /usr/bin/cmake --install /home/changye/Ros2_gazebo/ros2_ws2/build/forward_command_controller
