[0.098s] DEBUG:colcon:Command line arguments: ['/usr/bin/colcon', 'build', '--symlink-install']
[0.098s] DEBUG:colcon:Parsed command line arguments: Namespace(log_base=None, log_level=None, verb_name='build', build_base='build', install_base='install', merge_install=False, symlink_install=True, test_result_base=None, continue_on_error=False, executor='parallel', parallel_workers=12, event_handlers=None, ignore_user_meta=False, metas=['./colcon.meta'], base_paths=['.'], packages_ignore=None, packages_ignore_regex=None, paths=None, packages_up_to=None, packages_up_to_regex=None, packages_above=None, packages_above_and_dependencies=None, packages_above_depth=None, packages_select_by_dep=None, packages_skip_by_dep=None, packages_skip_up_to=None, packages_select_build_failed=False, packages_skip_build_finished=False, packages_select_test_failures=False, packages_skip_test_passed=False, packages_select=None, packages_skip=None, packages_select_regex=None, packages_skip_regex=None, packages_start=None, packages_end=None, allow_overriding=[], cmake_args=None, cmake_target=None, cmake_target_skip_unavailable=False, cmake_clean_cache=False, cmake_clean_first=False, cmake_force_configure=False, ament_cmake_args=None, catkin_cmake_args=None, catkin_skip_building_tests=False, mixin_files=None, mixin=None, verb_parser=<colcon_mixin.mixin.mixin_argument.MixinArgumentDecorator object at 0x706993762e30>, verb_extension=<colcon_core.verb.build.BuildVerb object at 0x706993720670>, main=<bound method BuildVerb.main of <colcon_core.verb.build.BuildVerb object at 0x706993720670>>, mixin_verb=('build',))
[0.271s] Level 1:colcon.colcon_core.package_discovery:discover_packages(colcon_meta) check parameters
[0.271s] Level 1:colcon.colcon_core.package_discovery:discover_packages(recursive) check parameters
[0.271s] Level 1:colcon.colcon_core.package_discovery:discover_packages(ignore) check parameters
[0.271s] Level 1:colcon.colcon_core.package_discovery:discover_packages(path) check parameters
[0.271s] Level 1:colcon.colcon_core.package_discovery:discover_packages(colcon_meta) discover
[0.271s] Level 1:colcon.colcon_core.package_discovery:discover_packages(recursive) discover
[0.271s] INFO:colcon.colcon_core.package_discovery:Crawling recursively for packages in '/home/changye/Ros2_gazebo/ros2_ws2'
[0.271s] Level 1:colcon.colcon_core.package_identification:_identify(.) by extensions ['ignore', 'ignore_ament_install']
[0.272s] Level 1:colcon.colcon_core.package_identification:_identify(.) by extension 'ignore'
[0.272s] Level 1:colcon.colcon_core.package_identification:_identify(.) by extension 'ignore_ament_install'
[0.272s] Level 1:colcon.colcon_core.package_identification:_identify(.) by extensions ['colcon_pkg']
[0.272s] Level 1:colcon.colcon_core.package_identification:_identify(.) by extension 'colcon_pkg'
[0.272s] Level 1:colcon.colcon_core.package_identification:_identify(.) by extensions ['colcon_meta']
[0.272s] Level 1:colcon.colcon_core.package_identification:_identify(.) by extension 'colcon_meta'
[0.272s] Level 1:colcon.colcon_core.package_identification:_identify(.) by extensions ['ros']
[0.272s] Level 1:colcon.colcon_core.package_identification:_identify(.) by extension 'ros'
[0.287s] Level 1:colcon.colcon_core.package_identification:_identify(.) by extensions ['cmake', 'python']
[0.287s] Level 1:colcon.colcon_core.package_identification:_identify(.) by extension 'cmake'
[0.287s] Level 1:colcon.colcon_core.package_identification:_identify(.) by extension 'python'
[0.287s] Level 1:colcon.colcon_core.package_identification:_identify(.) by extensions ['python_setup_py']
[0.287s] Level 1:colcon.colcon_core.package_identification:_identify(.) by extension 'python_setup_py'
[0.288s] Level 1:colcon.colcon_core.package_identification:_identify(build) by extensions ['ignore', 'ignore_ament_install']
[0.288s] Level 1:colcon.colcon_core.package_identification:_identify(build) by extension 'ignore'
[0.288s] Level 1:colcon.colcon_core.package_identification:_identify(build) ignored
[0.288s] Level 1:colcon.colcon_core.package_identification:_identify(install) by extensions ['ignore', 'ignore_ament_install']
[0.288s] Level 1:colcon.colcon_core.package_identification:_identify(install) by extension 'ignore'
[0.288s] Level 1:colcon.colcon_core.package_identification:_identify(install) ignored
[0.288s] Level 1:colcon.colcon_core.package_identification:_identify(log) by extensions ['ignore', 'ignore_ament_install']
[0.288s] Level 1:colcon.colcon_core.package_identification:_identify(log) by extension 'ignore'
[0.288s] Level 1:colcon.colcon_core.package_identification:_identify(log) ignored
[0.288s] Level 1:colcon.colcon_core.package_identification:_identify(src) by extensions ['ignore', 'ignore_ament_install']
[0.288s] Level 1:colcon.colcon_core.package_identification:_identify(src) by extension 'ignore'
[0.288s] Level 1:colcon.colcon_core.package_identification:_identify(src) by extension 'ignore_ament_install'
[0.288s] Level 1:colcon.colcon_core.package_identification:_identify(src) by extensions ['colcon_pkg']
[0.288s] Level 1:colcon.colcon_core.package_identification:_identify(src) by extension 'colcon_pkg'
[0.289s] Level 1:colcon.colcon_core.package_identification:_identify(src) by extensions ['colcon_meta']
[0.289s] Level 1:colcon.colcon_core.package_identification:_identify(src) by extension 'colcon_meta'
[0.289s] Level 1:colcon.colcon_core.package_identification:_identify(src) by extensions ['ros']
[0.289s] Level 1:colcon.colcon_core.package_identification:_identify(src) by extension 'ros'
[0.289s] Level 1:colcon.colcon_core.package_identification:_identify(src) by extensions ['cmake', 'python']
[0.289s] Level 1:colcon.colcon_core.package_identification:_identify(src) by extension 'cmake'
[0.289s] Level 1:colcon.colcon_core.package_identification:_identify(src) by extension 'python'
[0.289s] Level 1:colcon.colcon_core.package_identification:_identify(src) by extensions ['python_setup_py']
[0.289s] Level 1:colcon.colcon_core.package_identification:_identify(src) by extension 'python_setup_py'
[0.289s] Level 1:colcon.colcon_core.package_identification:_identify(src/agv_control_pkg) by extensions ['ignore', 'ignore_ament_install']
[0.289s] Level 1:colcon.colcon_core.package_identification:_identify(src/agv_control_pkg) by extension 'ignore'
[0.289s] Level 1:colcon.colcon_core.package_identification:_identify(src/agv_control_pkg) by extension 'ignore_ament_install'
[0.289s] Level 1:colcon.colcon_core.package_identification:_identify(src/agv_control_pkg) by extensions ['colcon_pkg']
[0.289s] Level 1:colcon.colcon_core.package_identification:_identify(src/agv_control_pkg) by extension 'colcon_pkg'
[0.289s] Level 1:colcon.colcon_core.package_identification:_identify(src/agv_control_pkg) by extensions ['colcon_meta']
[0.289s] Level 1:colcon.colcon_core.package_identification:_identify(src/agv_control_pkg) by extension 'colcon_meta'
[0.289s] Level 1:colcon.colcon_core.package_identification:_identify(src/agv_control_pkg) by extensions ['ros']
[0.289s] Level 1:colcon.colcon_core.package_identification:_identify(src/agv_control_pkg) by extension 'ros'
[0.292s] DEBUG:colcon.colcon_core.package_identification:Package 'src/agv_control_pkg' with type 'ros.ament_python' and name 'agv_control_pkg'
[0.292s] Level 1:colcon.colcon_core.package_identification:_identify(src/my_agv2) by extensions ['ignore', 'ignore_ament_install']
[0.292s] Level 1:colcon.colcon_core.package_identification:_identify(src/my_agv2) by extension 'ignore'
[0.292s] Level 1:colcon.colcon_core.package_identification:_identify(src/my_agv2) by extension 'ignore_ament_install'
[0.292s] Level 1:colcon.colcon_core.package_identification:_identify(src/my_agv2) by extensions ['colcon_pkg']
[0.292s] Level 1:colcon.colcon_core.package_identification:_identify(src/my_agv2) by extension 'colcon_pkg'
[0.292s] Level 1:colcon.colcon_core.package_identification:_identify(src/my_agv2) by extensions ['colcon_meta']
[0.292s] Level 1:colcon.colcon_core.package_identification:_identify(src/my_agv2) by extension 'colcon_meta'
[0.292s] Level 1:colcon.colcon_core.package_identification:_identify(src/my_agv2) by extensions ['ros']
[0.292s] Level 1:colcon.colcon_core.package_identification:_identify(src/my_agv2) by extension 'ros'
[0.293s] DEBUG:colcon.colcon_core.package_identification:Package 'src/my_agv2' with type 'ros.ament_cmake' and name 'my_agv2'
[0.293s] Level 1:colcon.colcon_core.package_discovery:discover_packages(recursive) using defaults
[0.293s] Level 1:colcon.colcon_core.package_discovery:discover_packages(ignore) discover
[0.293s] Level 1:colcon.colcon_core.package_discovery:discover_packages(ignore) using defaults
[0.293s] Level 1:colcon.colcon_core.package_discovery:discover_packages(path) discover
[0.294s] Level 1:colcon.colcon_core.package_discovery:discover_packages(path) using defaults
[0.311s] Level 1:colcon.colcon_core.package_discovery:discover_packages(prefix_path) check parameters
[0.311s] Level 1:colcon.colcon_core.package_discovery:discover_packages(prefix_path) discover
[0.315s] DEBUG:colcon.colcon_installed_package_information.package_discovery:Found 56 installed packages in /home/changye/Ros2_gazebo/ros2_ws2/install
[0.316s] DEBUG:colcon.colcon_installed_package_information.package_discovery:Found 244 installed packages in /opt/ros/humble
[0.319s] Level 1:colcon.colcon_core.package_discovery:discover_packages(prefix_path) using defaults
[0.349s] Level 5:colcon.colcon_core.verb:set package 'agv_control_pkg' build argument 'cmake_args' from command line to 'None'
[0.349s] Level 5:colcon.colcon_core.verb:set package 'agv_control_pkg' build argument 'cmake_target' from command line to 'None'
[0.349s] Level 5:colcon.colcon_core.verb:set package 'agv_control_pkg' build argument 'cmake_target_skip_unavailable' from command line to 'False'
[0.349s] Level 5:colcon.colcon_core.verb:set package 'agv_control_pkg' build argument 'cmake_clean_cache' from command line to 'False'
[0.349s] Level 5:colcon.colcon_core.verb:set package 'agv_control_pkg' build argument 'cmake_clean_first' from command line to 'False'
[0.349s] Level 5:colcon.colcon_core.verb:set package 'agv_control_pkg' build argument 'cmake_force_configure' from command line to 'False'
[0.349s] Level 5:colcon.colcon_core.verb:set package 'agv_control_pkg' build argument 'ament_cmake_args' from command line to 'None'
[0.349s] Level 5:colcon.colcon_core.verb:set package 'agv_control_pkg' build argument 'catkin_cmake_args' from command line to 'None'
[0.349s] Level 5:colcon.colcon_core.verb:set package 'agv_control_pkg' build argument 'catkin_skip_building_tests' from command line to 'False'
[0.349s] DEBUG:colcon.colcon_core.verb:Building package 'agv_control_pkg' with the following arguments: {'ament_cmake_args': None, 'build_base': '/home/changye/Ros2_gazebo/ros2_ws2/build/agv_control_pkg', 'catkin_cmake_args': None, 'catkin_skip_building_tests': False, 'cmake_args': None, 'cmake_clean_cache': False, 'cmake_clean_first': False, 'cmake_force_configure': False, 'cmake_target': None, 'cmake_target_skip_unavailable': False, 'install_base': '/home/changye/Ros2_gazebo/ros2_ws2/install/agv_control_pkg', 'merge_install': False, 'path': '/home/changye/Ros2_gazebo/ros2_ws2/src/agv_control_pkg', 'symlink_install': True, 'test_result_base': None}
[0.350s] Level 5:colcon.colcon_core.verb:set package 'my_agv2' build argument 'cmake_args' from command line to 'None'
[0.350s] Level 5:colcon.colcon_core.verb:set package 'my_agv2' build argument 'cmake_target' from command line to 'None'
[0.350s] Level 5:colcon.colcon_core.verb:set package 'my_agv2' build argument 'cmake_target_skip_unavailable' from command line to 'False'
[0.350s] Level 5:colcon.colcon_core.verb:set package 'my_agv2' build argument 'cmake_clean_cache' from command line to 'False'
[0.350s] Level 5:colcon.colcon_core.verb:set package 'my_agv2' build argument 'cmake_clean_first' from command line to 'False'
[0.350s] Level 5:colcon.colcon_core.verb:set package 'my_agv2' build argument 'cmake_force_configure' from command line to 'False'
[0.350s] Level 5:colcon.colcon_core.verb:set package 'my_agv2' build argument 'ament_cmake_args' from command line to 'None'
[0.350s] Level 5:colcon.colcon_core.verb:set package 'my_agv2' build argument 'catkin_cmake_args' from command line to 'None'
[0.350s] Level 5:colcon.colcon_core.verb:set package 'my_agv2' build argument 'catkin_skip_building_tests' from command line to 'False'
[0.350s] DEBUG:colcon.colcon_core.verb:Building package 'my_agv2' with the following arguments: {'ament_cmake_args': None, 'build_base': '/home/changye/Ros2_gazebo/ros2_ws2/build/my_agv2', 'catkin_cmake_args': None, 'catkin_skip_building_tests': False, 'cmake_args': None, 'cmake_clean_cache': False, 'cmake_clean_first': False, 'cmake_force_configure': False, 'cmake_target': None, 'cmake_target_skip_unavailable': False, 'install_base': '/home/changye/Ros2_gazebo/ros2_ws2/install/my_agv2', 'merge_install': False, 'path': '/home/changye/Ros2_gazebo/ros2_ws2/src/my_agv2', 'symlink_install': True, 'test_result_base': None}
[0.350s] INFO:colcon.colcon_core.executor:Executing jobs using 'parallel' executor
[0.351s] DEBUG:colcon.colcon_parallel_executor.executor.parallel:run_until_complete
[0.351s] INFO:colcon.colcon_ros.task.ament_python.build:Building ROS package in '/home/changye/Ros2_gazebo/ros2_ws2/src/agv_control_pkg' with build type 'ament_python'
[0.351s] Level 1:colcon.colcon_core.shell:create_environment_hook('agv_control_pkg', 'ament_prefix_path')
[0.353s] INFO:colcon.colcon_core.plugin_system:Skipping extension 'colcon_core.shell.bat': Not used on non-Windows systems
[0.353s] INFO:colcon.colcon_core.shell:Creating environment hook '/home/changye/Ros2_gazebo/ros2_ws2/install/agv_control_pkg/share/agv_control_pkg/hook/ament_prefix_path.ps1'
[0.353s] INFO:colcon.colcon_core.shell:Creating environment descriptor '/home/changye/Ros2_gazebo/ros2_ws2/install/agv_control_pkg/share/agv_control_pkg/hook/ament_prefix_path.dsv'
[0.354s] INFO:colcon.colcon_core.shell:Creating environment hook '/home/changye/Ros2_gazebo/ros2_ws2/install/agv_control_pkg/share/agv_control_pkg/hook/ament_prefix_path.sh'
[0.354s] INFO:colcon.colcon_core.shell:Skip shell extension 'powershell' for command environment: Not usable outside of PowerShell
[0.355s] DEBUG:colcon.colcon_core.shell:Skip shell extension 'dsv' for command environment
[0.360s] INFO:colcon.colcon_ros.task.ament_cmake.build:Building ROS package in '/home/changye/Ros2_gazebo/ros2_ws2/src/my_agv2' with build type 'ament_cmake'
[0.360s] INFO:colcon.colcon_cmake.task.cmake.build:Building CMake package in '/home/changye/Ros2_gazebo/ros2_ws2/src/my_agv2'
[0.360s] INFO:colcon.colcon_core.shell:Skip shell extension 'powershell' for command environment: Not usable outside of PowerShell
[0.360s] DEBUG:colcon.colcon_core.shell:Skip shell extension 'dsv' for command environment
[0.642s] INFO:colcon.colcon_core.task.python.build:Building Python package in '/home/changye/Ros2_gazebo/ros2_ws2/src/agv_control_pkg'
[0.642s] INFO:colcon.colcon_core.shell:Skip shell extension 'powershell' for command environment: Not usable outside of PowerShell
[0.643s] DEBUG:colcon.colcon_core.shell:Skip shell extension 'dsv' for command environment
[0.652s] DEBUG:colcon.colcon_core.event_handler.log_command:Invoking command in '/home/changye/Ros2_gazebo/ros2_ws2/build/my_agv2': CMAKE_PREFIX_PATH=${CMAKE_PREFIX_PATH}:/home/changye/Ros2_gazebo/ros2_ws2/install/rqt_joint_trajectory_controller:/home/changye/Ros2_gazebo/ros2_ws2/install/rqt_controller_manager:/home/changye/Ros2_gazebo/ros2_ws2/install/ros2controlcli:/home/changye/Ros2_gazebo/ros2_ws2/install/ros2_controllers_test_nodes:/home/changye/Ros2_gazebo/ros2_ws2/install/agv_control_pkg:/opt/ros/humble /usr/bin/cmake --build /home/changye/Ros2_gazebo/ros2_ws2/build/my_agv2 -- -j12 -l12
[0.726s] DEBUG:colcon.colcon_core.event_handler.log_command:Invoked command in '/home/changye/Ros2_gazebo/ros2_ws2/build/my_agv2' returned '0': CMAKE_PREFIX_PATH=${CMAKE_PREFIX_PATH}:/home/changye/Ros2_gazebo/ros2_ws2/install/rqt_joint_trajectory_controller:/home/changye/Ros2_gazebo/ros2_ws2/install/rqt_controller_manager:/home/changye/Ros2_gazebo/ros2_ws2/install/ros2controlcli:/home/changye/Ros2_gazebo/ros2_ws2/install/ros2_controllers_test_nodes:/home/changye/Ros2_gazebo/ros2_ws2/install/agv_control_pkg:/opt/ros/humble /usr/bin/cmake --build /home/changye/Ros2_gazebo/ros2_ws2/build/my_agv2 -- -j12 -l12
[0.736s] DEBUG:colcon.colcon_core.event_handler.log_command:Invoking command in '/home/changye/Ros2_gazebo/ros2_ws2/build/my_agv2': CMAKE_PREFIX_PATH=${CMAKE_PREFIX_PATH}:/home/changye/Ros2_gazebo/ros2_ws2/install/rqt_joint_trajectory_controller:/home/changye/Ros2_gazebo/ros2_ws2/install/rqt_controller_manager:/home/changye/Ros2_gazebo/ros2_ws2/install/ros2controlcli:/home/changye/Ros2_gazebo/ros2_ws2/install/ros2_controllers_test_nodes:/home/changye/Ros2_gazebo/ros2_ws2/install/agv_control_pkg:/opt/ros/humble /usr/bin/cmake --install /home/changye/Ros2_gazebo/ros2_ws2/build/my_agv2
[0.760s] Level 1:colcon.colcon_core.environment:create_environment_scripts_only(my_agv2)
[0.760s] DEBUG:colcon.colcon_core.event_handler.log_command:Invoked command in '/home/changye/Ros2_gazebo/ros2_ws2/build/my_agv2' returned '0': CMAKE_PREFIX_PATH=${CMAKE_PREFIX_PATH}:/home/changye/Ros2_gazebo/ros2_ws2/install/rqt_joint_trajectory_controller:/home/changye/Ros2_gazebo/ros2_ws2/install/rqt_controller_manager:/home/changye/Ros2_gazebo/ros2_ws2/install/ros2controlcli:/home/changye/Ros2_gazebo/ros2_ws2/install/ros2_controllers_test_nodes:/home/changye/Ros2_gazebo/ros2_ws2/install/agv_control_pkg:/opt/ros/humble /usr/bin/cmake --install /home/changye/Ros2_gazebo/ros2_ws2/build/my_agv2
[0.762s] Level 1:colcon.colcon_core.environment:checking '/home/changye/Ros2_gazebo/ros2_ws2/install/my_agv2' for CMake module files
[0.763s] Level 1:colcon.colcon_core.environment:checking '/home/changye/Ros2_gazebo/ros2_ws2/install/my_agv2' for CMake config files
[0.763s] Level 1:colcon.colcon_core.shell:create_environment_hook('my_agv2', 'cmake_prefix_path')
[0.763s] INFO:colcon.colcon_core.shell:Creating environment hook '/home/changye/Ros2_gazebo/ros2_ws2/install/my_agv2/share/my_agv2/hook/cmake_prefix_path.ps1'
[0.764s] INFO:colcon.colcon_core.shell:Creating environment descriptor '/home/changye/Ros2_gazebo/ros2_ws2/install/my_agv2/share/my_agv2/hook/cmake_prefix_path.dsv'
[0.764s] INFO:colcon.colcon_core.shell:Creating environment hook '/home/changye/Ros2_gazebo/ros2_ws2/install/my_agv2/share/my_agv2/hook/cmake_prefix_path.sh'
[0.765s] Level 1:colcon.colcon_core.environment:checking '/home/changye/Ros2_gazebo/ros2_ws2/install/my_agv2/lib'
[0.765s] Level 1:colcon.colcon_core.environment:checking '/home/changye/Ros2_gazebo/ros2_ws2/install/my_agv2/bin'
[0.765s] Level 1:colcon.colcon_core.environment:checking '/home/changye/Ros2_gazebo/ros2_ws2/install/my_agv2/lib/pkgconfig/my_agv2.pc'
[0.765s] Level 1:colcon.colcon_core.environment:checking '/home/changye/Ros2_gazebo/ros2_ws2/install/my_agv2/lib/python3.10/site-packages'
[0.765s] Level 1:colcon.colcon_core.environment:checking '/home/changye/Ros2_gazebo/ros2_ws2/install/my_agv2/bin'
[0.765s] INFO:colcon.colcon_core.shell:Creating package script '/home/changye/Ros2_gazebo/ros2_ws2/install/my_agv2/share/my_agv2/package.ps1'
[0.766s] INFO:colcon.colcon_core.shell:Creating package descriptor '/home/changye/Ros2_gazebo/ros2_ws2/install/my_agv2/share/my_agv2/package.dsv'
[0.766s] INFO:colcon.colcon_core.shell:Creating package script '/home/changye/Ros2_gazebo/ros2_ws2/install/my_agv2/share/my_agv2/package.sh'
[0.767s] INFO:colcon.colcon_core.shell:Creating package script '/home/changye/Ros2_gazebo/ros2_ws2/install/my_agv2/share/my_agv2/package.bash'
[0.768s] INFO:colcon.colcon_core.shell:Creating package script '/home/changye/Ros2_gazebo/ros2_ws2/install/my_agv2/share/my_agv2/package.zsh'
[0.768s] Level 1:colcon.colcon_core.environment:create_file_with_runtime_dependencies(/home/changye/Ros2_gazebo/ros2_ws2/install/my_agv2/share/colcon-core/packages/my_agv2)
[0.769s] Level 1:colcon.colcon_core.environment:create_environment_scripts_only(my_agv2)
[0.769s] Level 1:colcon.colcon_core.environment:checking '/home/changye/Ros2_gazebo/ros2_ws2/install/my_agv2' for CMake module files
[0.769s] Level 1:colcon.colcon_core.environment:checking '/home/changye/Ros2_gazebo/ros2_ws2/install/my_agv2' for CMake config files
[0.770s] Level 1:colcon.colcon_core.shell:create_environment_hook('my_agv2', 'cmake_prefix_path')
[0.770s] INFO:colcon.colcon_core.shell:Creating environment hook '/home/changye/Ros2_gazebo/ros2_ws2/install/my_agv2/share/my_agv2/hook/cmake_prefix_path.ps1'
[0.770s] INFO:colcon.colcon_core.shell:Creating environment descriptor '/home/changye/Ros2_gazebo/ros2_ws2/install/my_agv2/share/my_agv2/hook/cmake_prefix_path.dsv'
[0.770s] INFO:colcon.colcon_core.shell:Creating environment hook '/home/changye/Ros2_gazebo/ros2_ws2/install/my_agv2/share/my_agv2/hook/cmake_prefix_path.sh'
[0.771s] Level 1:colcon.colcon_core.environment:checking '/home/changye/Ros2_gazebo/ros2_ws2/install/my_agv2/lib'
[0.771s] Level 1:colcon.colcon_core.environment:checking '/home/changye/Ros2_gazebo/ros2_ws2/install/my_agv2/bin'
[0.771s] Level 1:colcon.colcon_core.environment:checking '/home/changye/Ros2_gazebo/ros2_ws2/install/my_agv2/lib/pkgconfig/my_agv2.pc'
[0.771s] Level 1:colcon.colcon_core.environment:checking '/home/changye/Ros2_gazebo/ros2_ws2/install/my_agv2/lib/python3.10/site-packages'
[0.771s] Level 1:colcon.colcon_core.environment:checking '/home/changye/Ros2_gazebo/ros2_ws2/install/my_agv2/bin'
[0.771s] INFO:colcon.colcon_core.shell:Creating package script '/home/changye/Ros2_gazebo/ros2_ws2/install/my_agv2/share/my_agv2/package.ps1'
[0.772s] INFO:colcon.colcon_core.shell:Creating package descriptor '/home/changye/Ros2_gazebo/ros2_ws2/install/my_agv2/share/my_agv2/package.dsv'
[0.772s] INFO:colcon.colcon_core.shell:Creating package script '/home/changye/Ros2_gazebo/ros2_ws2/install/my_agv2/share/my_agv2/package.sh'
[0.772s] INFO:colcon.colcon_core.shell:Creating package script '/home/changye/Ros2_gazebo/ros2_ws2/install/my_agv2/share/my_agv2/package.bash'
[0.773s] INFO:colcon.colcon_core.shell:Creating package script '/home/changye/Ros2_gazebo/ros2_ws2/install/my_agv2/share/my_agv2/package.zsh'
[0.773s] Level 1:colcon.colcon_core.environment:create_file_with_runtime_dependencies(/home/changye/Ros2_gazebo/ros2_ws2/install/my_agv2/share/colcon-core/packages/my_agv2)
[1.367s] DEBUG:colcon.colcon_core.event_handler.log_command:Invoking command in '/home/changye/Ros2_gazebo/ros2_ws2/build/agv_control_pkg': PYTHONPATH=/home/changye/Ros2_gazebo/ros2_ws2/build/agv_control_pkg/prefix_override:/usr/lib/python3/dist-packages/colcon_core/task/python/colcon_distutils_commands:/home/changye/Ros2_gazebo/ros2_ws2/install/agv_control_pkg/lib/python3.10/site-packages:${PYTHONPATH} /usr/bin/python3 -W ignore:setup.py install is deprecated -W ignore:easy_install command is deprecated setup.py develop --editable --build-directory /home/changye/Ros2_gazebo/ros2_ws2/build/agv_control_pkg/build --no-deps symlink_data
[1.836s] Level 1:colcon.colcon_core.shell:create_environment_hook('agv_control_pkg', 'pythonpath_develop')
[1.837s] INFO:colcon.colcon_core.shell:Creating environment hook '/home/changye/Ros2_gazebo/ros2_ws2/build/agv_control_pkg/share/agv_control_pkg/hook/pythonpath_develop.ps1'
[1.837s] DEBUG:colcon.colcon_core.event_handler.log_command:Invoked command in '/home/changye/Ros2_gazebo/ros2_ws2/build/agv_control_pkg' returned '0': PYTHONPATH=/home/changye/Ros2_gazebo/ros2_ws2/build/agv_control_pkg/prefix_override:/usr/lib/python3/dist-packages/colcon_core/task/python/colcon_distutils_commands:/home/changye/Ros2_gazebo/ros2_ws2/install/agv_control_pkg/lib/python3.10/site-packages:${PYTHONPATH} /usr/bin/python3 -W ignore:setup.py install is deprecated -W ignore:easy_install command is deprecated setup.py develop --editable --build-directory /home/changye/Ros2_gazebo/ros2_ws2/build/agv_control_pkg/build --no-deps symlink_data
[1.837s] INFO:colcon.colcon_core.shell:Creating environment descriptor '/home/changye/Ros2_gazebo/ros2_ws2/build/agv_control_pkg/share/agv_control_pkg/hook/pythonpath_develop.dsv'
[1.838s] INFO:colcon.colcon_core.shell:Creating environment hook '/home/changye/Ros2_gazebo/ros2_ws2/build/agv_control_pkg/share/agv_control_pkg/hook/pythonpath_develop.sh'
[1.838s] Level 1:colcon.colcon_core.environment:checking '/home/changye/Ros2_gazebo/ros2_ws2/install/agv_control_pkg' for CMake module files
[1.839s] Level 1:colcon.colcon_core.environment:checking '/home/changye/Ros2_gazebo/ros2_ws2/install/agv_control_pkg' for CMake config files
[1.839s] Level 1:colcon.colcon_core.environment:checking '/home/changye/Ros2_gazebo/ros2_ws2/install/agv_control_pkg/lib'
[1.839s] Level 1:colcon.colcon_core.environment:checking '/home/changye/Ros2_gazebo/ros2_ws2/install/agv_control_pkg/bin'
[1.839s] Level 1:colcon.colcon_core.environment:checking '/home/changye/Ros2_gazebo/ros2_ws2/install/agv_control_pkg/lib/pkgconfig/agv_control_pkg.pc'
[1.839s] Level 1:colcon.colcon_core.environment:checking '/home/changye/Ros2_gazebo/ros2_ws2/install/agv_control_pkg/lib/python3.10/site-packages'
[1.839s] Level 1:colcon.colcon_core.shell:create_environment_hook('agv_control_pkg', 'pythonpath')
[1.839s] INFO:colcon.colcon_core.shell:Creating environment hook '/home/changye/Ros2_gazebo/ros2_ws2/install/agv_control_pkg/share/agv_control_pkg/hook/pythonpath.ps1'
[1.840s] INFO:colcon.colcon_core.shell:Creating environment descriptor '/home/changye/Ros2_gazebo/ros2_ws2/install/agv_control_pkg/share/agv_control_pkg/hook/pythonpath.dsv'
[1.840s] INFO:colcon.colcon_core.shell:Creating environment hook '/home/changye/Ros2_gazebo/ros2_ws2/install/agv_control_pkg/share/agv_control_pkg/hook/pythonpath.sh'
[1.841s] Level 1:colcon.colcon_core.environment:checking '/home/changye/Ros2_gazebo/ros2_ws2/install/agv_control_pkg/bin'
[1.841s] Level 1:colcon.colcon_core.environment:create_environment_scripts_only(agv_control_pkg)
[1.841s] INFO:colcon.colcon_core.shell:Creating package script '/home/changye/Ros2_gazebo/ros2_ws2/install/agv_control_pkg/share/agv_control_pkg/package.ps1'
[1.841s] INFO:colcon.colcon_core.shell:Creating package descriptor '/home/changye/Ros2_gazebo/ros2_ws2/install/agv_control_pkg/share/agv_control_pkg/package.dsv'
[1.842s] INFO:colcon.colcon_core.shell:Creating package script '/home/changye/Ros2_gazebo/ros2_ws2/install/agv_control_pkg/share/agv_control_pkg/package.sh'
[1.842s] INFO:colcon.colcon_core.shell:Creating package script '/home/changye/Ros2_gazebo/ros2_ws2/install/agv_control_pkg/share/agv_control_pkg/package.bash'
[1.842s] INFO:colcon.colcon_core.shell:Creating package script '/home/changye/Ros2_gazebo/ros2_ws2/install/agv_control_pkg/share/agv_control_pkg/package.zsh'
[1.843s] Level 1:colcon.colcon_core.environment:create_file_with_runtime_dependencies(/home/changye/Ros2_gazebo/ros2_ws2/install/agv_control_pkg/share/colcon-core/packages/agv_control_pkg)
[1.843s] DEBUG:colcon.colcon_parallel_executor.executor.parallel:closing loop
[1.843s] DEBUG:colcon.colcon_parallel_executor.executor.parallel:loop closed
[1.843s] DEBUG:colcon.colcon_parallel_executor.executor.parallel:run_until_complete finished with '0'
[1.843s] DEBUG:colcon.colcon_core.event_reactor:joining thread
[1.848s] INFO:colcon.colcon_core.plugin_system:Skipping extension 'colcon_notification.desktop_notification.terminal_notifier': Not used on non-Darwin systems
[1.848s] INFO:colcon.colcon_core.plugin_system:Skipping extension 'colcon_notification.desktop_notification.win32': Not used on non-Windows systems
[1.848s] INFO:colcon.colcon_notification.desktop_notification:Sending desktop notification using 'notify2'
[1.857s] DEBUG:colcon.colcon_core.event_reactor:joined thread
[1.857s] INFO:colcon.colcon_core.shell:Creating prefix script '/home/changye/Ros2_gazebo/ros2_ws2/install/local_setup.ps1'
[1.858s] INFO:colcon.colcon_core.shell:Creating prefix util module '/home/changye/Ros2_gazebo/ros2_ws2/install/_local_setup_util_ps1.py'
[1.859s] INFO:colcon.colcon_core.shell:Creating prefix chain script '/home/changye/Ros2_gazebo/ros2_ws2/install/setup.ps1'
[1.862s] INFO:colcon.colcon_core.shell:Creating prefix script '/home/changye/Ros2_gazebo/ros2_ws2/install/local_setup.sh'
[1.862s] INFO:colcon.colcon_core.shell:Creating prefix util module '/home/changye/Ros2_gazebo/ros2_ws2/install/_local_setup_util_sh.py'
[1.863s] INFO:colcon.colcon_core.shell:Creating prefix chain script '/home/changye/Ros2_gazebo/ros2_ws2/install/setup.sh'
[1.865s] INFO:colcon.colcon_core.shell:Creating prefix script '/home/changye/Ros2_gazebo/ros2_ws2/install/local_setup.bash'
[1.865s] INFO:colcon.colcon_core.shell:Creating prefix chain script '/home/changye/Ros2_gazebo/ros2_ws2/install/setup.bash'
[1.868s] INFO:colcon.colcon_core.shell:Creating prefix script '/home/changye/Ros2_gazebo/ros2_ws2/install/local_setup.zsh'
[1.869s] INFO:colcon.colcon_core.shell:Creating prefix chain script '/home/changye/Ros2_gazebo/ros2_ws2/install/setup.zsh'
