[0.304s] Invoking command in '/home/changye/Ros2_gazebo/ros2_ws2/build/kinematics_interface': CMAKE_PREFIX_PATH=/opt/ros/humble /usr/bin/cmake /home/changye/Ros2_gazebo/ros2_ws2/src/ros-controls/kinematics_interface/kinematics_interface -DCMAKE_INSTALL_PREFIX=/home/changye/Ros2_gazebo/ros2_ws2/install/kinematics_interface
[0.622s] -- The CXX compiler identification is GNU 11.4.0
[0.622s] -- Detecting CXX compiler ABI info
[0.622s] -- Detecting CXX compiler ABI info - done
[0.622s] -- Check for working CXX compiler: /usr/bin/c++ - skipped
[0.623s] -- Detecting CXX compile features
[0.623s] -- Detecting CXX compile features - done
[0.623s] -- Found ament_cmake: 1.3.11 (/opt/ros/humble/share/ament_cmake/cmake)
[0.623s] -- Found Python3: /usr/bin/python3 (found version "3.10.12") found components: Interpreter 
[0.711s] -- Found rclcpp: 16.0.11 (/opt/ros/humble/share/rclcpp/cmake)
[0.759s] -- Found rosidl_generator_c: 3.1.6 (/opt/ros/humble/share/rosidl_generator_c/cmake)
[0.764s] -- Found rosidl_adapter: 3.1.6 (/opt/ros/humble/share/rosidl_adapter/cmake)
[0.775s] -- Found rosidl_generator_cpp: 3.1.6 (/opt/ros/humble/share/rosidl_generator_cpp/cmake)
[0.788s] -- Using all available rosidl_typesupport_c: rosidl_typesupport_fastrtps_c;rosidl_typesupport_introspection_c
[0.801s] -- Using all available rosidl_typesupport_cpp: rosidl_typesupport_fastrtps_cpp;rosidl_typesupport_introspection_cpp
[0.835s] -- Found rmw_implementation_cmake: 6.1.2 (/opt/ros/humble/share/rmw_implementation_cmake/cmake)
[0.837s] -- Found rmw_fastrtps_cpp: 6.2.7 (/opt/ros/humble/share/rmw_fastrtps_cpp/cmake)
[0.898s] -- Found OpenSSL: /usr/lib/x86_64-linux-gnu/libcrypto.so (found version "3.0.2")  
[0.920s] -- Found FastRTPS: /opt/ros/humble/include  
[0.953s] -- Using RMW implementation 'rmw_fastrtps_cpp' as default
[0.958s] -- Looking for C++ include pthread.h
[1.030s] -- Looking for C++ include pthread.h - found
[1.030s] -- Performing Test CMAKE_HAVE_LIBC_PTHREAD
[1.098s] -- Performing Test CMAKE_HAVE_LIBC_PTHREAD - Success
[1.099s] -- Found Threads: TRUE  
[1.143s] -- Found rclcpp_lifecycle: 16.0.11 (/opt/ros/humble/share/rclcpp_lifecycle/cmake)
[1.230s] -- Configuring done
[1.237s] -- Generating done
[1.240s] -- Build files have been written to: /home/changye/Ros2_gazebo/ros2_ws2/build/kinematics_interface
[1.246s] Invoked command in '/home/changye/Ros2_gazebo/ros2_ws2/build/kinematics_interface' returned '0': CMAKE_PREFIX_PATH=/opt/ros/humble /usr/bin/cmake /home/changye/Ros2_gazebo/ros2_ws2/src/ros-controls/kinematics_interface/kinematics_interface -DCMAKE_INSTALL_PREFIX=/home/changye/Ros2_gazebo/ros2_ws2/install/kinematics_interface
[1.247s] Invoking command in '/home/changye/Ros2_gazebo/ros2_ws2/build/kinematics_interface': CMAKE_PREFIX_PATH=/opt/ros/humble /usr/bin/cmake --build /home/changye/Ros2_gazebo/ros2_ws2/build/kinematics_interface -- -j12 -l12
[1.285s] [ 50%] [32mBuilding CXX object CMakeFiles/kinematics_interface.dir/src/kinematics_interface.cpp.o[0m
[2.824s] [100%] [32m[1mLinking CXX shared library libkinematics_interface.so[0m
[2.908s] [100%] Built target kinematics_interface
[2.917s] Invoked command in '/home/changye/Ros2_gazebo/ros2_ws2/build/kinematics_interface' returned '0': CMAKE_PREFIX_PATH=/opt/ros/humble /usr/bin/cmake --build /home/changye/Ros2_gazebo/ros2_ws2/build/kinematics_interface -- -j12 -l12
[2.918s] Invoking command in '/home/changye/Ros2_gazebo/ros2_ws2/build/kinematics_interface': CMAKE_PREFIX_PATH=/opt/ros/humble /usr/bin/cmake --install /home/changye/Ros2_gazebo/ros2_ws2/build/kinematics_interface
[2.924s] -- Install configuration: ""
[2.925s] -- Installing: /home/changye/Ros2_gazebo/ros2_ws2/install/kinematics_interface/include/kinematics_interface
[2.925s] -- Installing: /home/changye/Ros2_gazebo/ros2_ws2/install/kinematics_interface/include/kinematics_interface/kinematics_interface
[2.925s] -- Installing: /home/changye/Ros2_gazebo/ros2_ws2/install/kinematics_interface/include/kinematics_interface/kinematics_interface/kinematics_interface.hpp
[2.925s] -- Installing: /home/changye/Ros2_gazebo/ros2_ws2/install/kinematics_interface/include/kinematics_interface/kinematics_interface/visibility_control.h
[2.925s] -- Installing: /home/changye/Ros2_gazebo/ros2_ws2/install/kinematics_interface/lib/libkinematics_interface.so
[2.925s] -- Set runtime path of "/home/changye/Ros2_gazebo/ros2_ws2/install/kinematics_interface/lib/libkinematics_interface.so" to ""
[2.925s] -- Installing: /home/changye/Ros2_gazebo/ros2_ws2/install/kinematics_interface/share/kinematics_interface/environment/library_path.sh
[2.925s] -- Installing: /home/changye/Ros2_gazebo/ros2_ws2/install/kinematics_interface/share/kinematics_interface/environment/library_path.dsv
[2.926s] -- Installing: /home/changye/Ros2_gazebo/ros2_ws2/install/kinematics_interface/share/ament_index/resource_index/package_run_dependencies/kinematics_interface
[2.926s] -- Installing: /home/changye/Ros2_gazebo/ros2_ws2/install/kinematics_interface/share/ament_index/resource_index/parent_prefix_path/kinematics_interface
[2.926s] -- Installing: /home/changye/Ros2_gazebo/ros2_ws2/install/kinematics_interface/share/kinematics_interface/environment/ament_prefix_path.sh
[2.926s] -- Installing: /home/changye/Ros2_gazebo/ros2_ws2/install/kinematics_interface/share/kinematics_interface/environment/ament_prefix_path.dsv
[2.926s] -- Installing: /home/changye/Ros2_gazebo/ros2_ws2/install/kinematics_interface/share/kinematics_interface/environment/path.sh
[2.926s] -- Installing: /home/changye/Ros2_gazebo/ros2_ws2/install/kinematics_interface/share/kinematics_interface/environment/path.dsv
[2.926s] -- Installing: /home/changye/Ros2_gazebo/ros2_ws2/install/kinematics_interface/share/kinematics_interface/local_setup.bash
[2.926s] -- Installing: /home/changye/Ros2_gazebo/ros2_ws2/install/kinematics_interface/share/kinematics_interface/local_setup.sh
[2.927s] -- Installing: /home/changye/Ros2_gazebo/ros2_ws2/install/kinematics_interface/share/kinematics_interface/local_setup.zsh
[2.927s] -- Installing: /home/changye/Ros2_gazebo/ros2_ws2/install/kinematics_interface/share/kinematics_interface/local_setup.dsv
[2.927s] -- Installing: /home/changye/Ros2_gazebo/ros2_ws2/install/kinematics_interface/share/kinematics_interface/package.dsv
[2.927s] -- Installing: /home/changye/Ros2_gazebo/ros2_ws2/install/kinematics_interface/share/ament_index/resource_index/packages/kinematics_interface
[2.927s] -- Installing: /home/changye/Ros2_gazebo/ros2_ws2/install/kinematics_interface/share/kinematics_interface/cmake/export_kinematics_interfaceExport.cmake
[2.927s] -- Installing: /home/changye/Ros2_gazebo/ros2_ws2/install/kinematics_interface/share/kinematics_interface/cmake/export_kinematics_interfaceExport-noconfig.cmake
[2.927s] -- Installing: /home/changye/Ros2_gazebo/ros2_ws2/install/kinematics_interface/share/kinematics_interface/cmake/ament_cmake_export_targets-extras.cmake
[2.927s] -- Installing: /home/changye/Ros2_gazebo/ros2_ws2/install/kinematics_interface/share/kinematics_interface/cmake/ament_cmake_export_dependencies-extras.cmake
[2.927s] -- Installing: /home/changye/Ros2_gazebo/ros2_ws2/install/kinematics_interface/share/kinematics_interface/cmake/kinematics_interfaceConfig.cmake
[2.928s] -- Installing: /home/changye/Ros2_gazebo/ros2_ws2/install/kinematics_interface/share/kinematics_interface/cmake/kinematics_interfaceConfig-version.cmake
[2.928s] -- Installing: /home/changye/Ros2_gazebo/ros2_ws2/install/kinematics_interface/share/kinematics_interface/package.xml
[2.929s] Invoked command in '/home/changye/Ros2_gazebo/ros2_ws2/build/kinematics_interface' returned '0': CMAKE_PREFIX_PATH=/opt/ros/humble /usr/bin/cmake --install /home/changye/Ros2_gazebo/ros2_ws2/build/kinematics_interface
