[0.301s] Invoking command in '/home/changye/Ros2_gazebo/ros2_ws2/build/tricycle_controller': AMENT_PREFIX_PATH=/home/changye/Ros2_gazebo/ros2_ws2/install/controller_manager:/home/changye/Ros2_gazebo/ros2_ws2/install/hardware_interface_testing:/home/changye/Ros2_gazebo/ros2_ws2/install/controller_interface:/home/changye/Ros2_gazebo/ros2_ws2/install/hardware_interface:/home/changye/Ros2_gazebo/ros2_ws2/install/ros2_control_test_assets:/home/changye/Ros2_gazebo/ros2_ws2/install/controller_manager_msgs:/home/changye/Ros2_gazebo/ros2_ws2/install/control_msgs:${AMENT_PREFIX_PATH} CMAKE_PREFIX_PATH=/home/changye/Ros2_gazebo/ros2_ws2/install/controller_manager:/home/changye/Ros2_gazebo/ros2_ws2/install/hardware_interface_testing:/home/changye/Ros2_gazebo/ros2_ws2/install/controller_interface:/home/changye/Ros2_gazebo/ros2_ws2/install/hardware_interface:/home/changye/Ros2_gazebo/ros2_ws2/install/ros2_control_test_assets:/home/changye/Ros2_gazebo/ros2_ws2/install/controller_manager_msgs:/home/changye/Ros2_gazebo/ros2_ws2/install/control_msgs:/opt/ros/humble LD_LIBRARY_PATH=/home/changye/Ros2_gazebo/ros2_ws2/install/controller_manager/lib:/home/changye/Ros2_gazebo/ros2_ws2/install/hardware_interface_testing/lib:/home/changye/Ros2_gazebo/ros2_ws2/install/controller_interface/lib:/home/changye/Ros2_gazebo/ros2_ws2/install/hardware_interface/lib:/home/changye/Ros2_gazebo/ros2_ws2/install/controller_manager_msgs/lib:/home/changye/Ros2_gazebo/ros2_ws2/install/control_msgs/lib:/usr/lib/x86_64-linux-gnu/gazebo-11/plugins:/opt/ros/humble/lib/x86_64-linux-gnu:/opt/ros/humble/lib:/usr/lib/x86_64-linux-gnu/gazebo-11/plugins:/usr/share/gazebo-11/../../lib/x86_64-linux-gnu/gazebo-11/plugins:/usr/lib/x86_64-linux-gnu/gazebo-11/plugins PYTHONPATH=/home/changye/Ros2_gazebo/ros2_ws2/install/controller_manager/local/lib/python3.10/dist-packages:/home/changye/Ros2_gazebo/ros2_ws2/install/controller_manager_msgs/local/lib/python3.10/dist-packages:/home/changye/Ros2_gazebo/ros2_ws2/install/control_msgs/local/lib/python3.10/dist-packages:${PYTHONPATH} /usr/bin/cmake /home/changye/Ros2_gazebo/ros2_ws2/src/ros-controls/ros2_controllers/tricycle_controller -DCMAKE_INSTALL_PREFIX=/home/changye/Ros2_gazebo/ros2_ws2/install/tricycle_controller
[0.382s] -- The CXX compiler identification is GNU 11.4.0
[0.387s] -- Detecting CXX compiler ABI info
[0.495s] -- Detecting CXX compiler ABI info - done
[0.507s] -- Check for working CXX compiler: /usr/bin/c++ - skipped
[0.508s] -- Detecting CXX compile features
[0.508s] -- Detecting CXX compile features - done
[0.511s] -- Found ament_cmake: 1.3.11 (/opt/ros/humble/share/ament_cmake/cmake)
[0.740s] -- Found Python3: /usr/bin/python3 (found version "3.10.12") found components: Interpreter 
[0.907s] -- Found ackermann_msgs: 2.0.2 (/opt/ros/humble/share/ackermann_msgs/cmake)
[0.989s] -- Found rosidl_generator_c: 3.1.6 (/opt/ros/humble/share/rosidl_generator_c/cmake)
[0.997s] -- Found rosidl_adapter: 3.1.6 (/opt/ros/humble/share/rosidl_adapter/cmake)
[1.016s] -- Found rosidl_generator_cpp: 3.1.6 (/opt/ros/humble/share/rosidl_generator_cpp/cmake)
[1.032s] -- Using all available rosidl_typesupport_c: rosidl_typesupport_fastrtps_c;rosidl_typesupport_introspection_c
[1.056s] -- Using all available rosidl_typesupport_cpp: rosidl_typesupport_fastrtps_cpp;rosidl_typesupport_introspection_cpp
[1.129s] -- Found controller_interface: 2.47.0 (/home/changye/Ros2_gazebo/ros2_ws2/install/controller_interface/share/controller_interface/cmake)
[1.459s] -- Found rmw_implementation_cmake: 6.1.2 (/opt/ros/humble/share/rmw_implementation_cmake/cmake)
[1.463s] -- Found rmw_fastrtps_cpp: 6.2.7 (/opt/ros/humble/share/rmw_fastrtps_cpp/cmake)
[1.499s] -- Found TinyXML2 via Config file: TinyXML2_DIR-NOTFOUND
[1.570s] -- Found OpenSSL: /usr/lib/x86_64-linux-gnu/libcrypto.so (found version "3.0.2")  
[1.573s] -- Found TinyXML2 via Config file: TinyXML2_DIR-NOTFOUND
[1.596s] -- Found FastRTPS: /opt/ros/humble/include  
[1.601s] -- Found TinyXML2 via Config file: TinyXML2_DIR-NOTFOUND
[1.611s] -- Found TinyXML2 via Config file: TinyXML2_DIR-NOTFOUND
[1.630s] -- Using RMW implementation 'rmw_fastrtps_cpp' as default
[1.639s] -- Looking for C++ include pthread.h
[1.847s] -- Looking for C++ include pthread.h - found
[1.847s] -- Performing Test CMAKE_HAVE_LIBC_PTHREAD
[2.019s] -- Performing Test CMAKE_HAVE_LIBC_PTHREAD - Success
[2.019s] -- Found Threads: TRUE  
[2.098s] -- Found nav_msgs: 4.2.4 (/opt/ros/humble/share/nav_msgs/cmake)
[2.123s] -- Found realtime_tools: 2.10.0 (/opt/ros/humble/share/realtime_tools/cmake)
[2.146s] -- Found std_srvs: 4.2.4 (/opt/ros/humble/share/std_srvs/cmake)
[2.159s] -- Found tf2: 0.25.9 (/opt/ros/humble/share/tf2/cmake)
[2.165s] -- Found tf2_msgs: 0.25.9 (/opt/ros/humble/share/tf2_msgs/cmake)
[2.231s] -- Found ament_cmake_gmock: 1.3.11 (/opt/ros/humble/share/ament_cmake_gmock/cmake)
[2.231s] -- Found controller_manager: 2.47.0 (/home/changye/Ros2_gazebo/ros2_ws2/install/controller_manager/share/controller_manager/cmake)
[2.265s] -- Found ros2_control_test_assets: 2.47.0 (/home/changye/Ros2_gazebo/ros2_ws2/install/ros2_control_test_assets/share/ros2_control_test_assets/cmake)
[2.270s] -- Found gmock sources under '/opt/ros/humble/src/gmock_vendor': C++ tests using 'Google Mock' will be built
[2.343s] -- The C compiler identification is GNU 11.4.0
[2.356s] -- Detecting C compiler ABI info
[2.611s] -- Detecting C compiler ABI info - done
[2.633s] -- Check for working C compiler: /usr/bin/cc - skipped
[2.633s] -- Detecting C compile features
[2.636s] -- Detecting C compile features - done
[2.644s] -- Found ament_cmake_gtest: 1.3.11 (/opt/ros/humble/share/ament_cmake_gtest/cmake)
[2.657s] -- Found gtest sources under '/opt/ros/humble/src/gtest_vendor': C++ tests using 'Google Test' will be built
[2.898s] -- Configuring done
[3.159s] -- Generating done
[3.193s] -- Build files have been written to: /home/changye/Ros2_gazebo/ros2_ws2/build/tricycle_controller
[3.278s] Invoked command in '/home/changye/Ros2_gazebo/ros2_ws2/build/tricycle_controller' returned '0': AMENT_PREFIX_PATH=/home/changye/Ros2_gazebo/ros2_ws2/install/controller_manager:/home/changye/Ros2_gazebo/ros2_ws2/install/hardware_interface_testing:/home/changye/Ros2_gazebo/ros2_ws2/install/controller_interface:/home/changye/Ros2_gazebo/ros2_ws2/install/hardware_interface:/home/changye/Ros2_gazebo/ros2_ws2/install/ros2_control_test_assets:/home/changye/Ros2_gazebo/ros2_ws2/install/controller_manager_msgs:/home/changye/Ros2_gazebo/ros2_ws2/install/control_msgs:${AMENT_PREFIX_PATH} CMAKE_PREFIX_PATH=/home/changye/Ros2_gazebo/ros2_ws2/install/controller_manager:/home/changye/Ros2_gazebo/ros2_ws2/install/hardware_interface_testing:/home/changye/Ros2_gazebo/ros2_ws2/install/controller_interface:/home/changye/Ros2_gazebo/ros2_ws2/install/hardware_interface:/home/changye/Ros2_gazebo/ros2_ws2/install/ros2_control_test_assets:/home/changye/Ros2_gazebo/ros2_ws2/install/controller_manager_msgs:/home/changye/Ros2_gazebo/ros2_ws2/install/control_msgs:/opt/ros/humble LD_LIBRARY_PATH=/home/changye/Ros2_gazebo/ros2_ws2/install/controller_manager/lib:/home/changye/Ros2_gazebo/ros2_ws2/install/hardware_interface_testing/lib:/home/changye/Ros2_gazebo/ros2_ws2/install/controller_interface/lib:/home/changye/Ros2_gazebo/ros2_ws2/install/hardware_interface/lib:/home/changye/Ros2_gazebo/ros2_ws2/install/controller_manager_msgs/lib:/home/changye/Ros2_gazebo/ros2_ws2/install/control_msgs/lib:/usr/lib/x86_64-linux-gnu/gazebo-11/plugins:/opt/ros/humble/lib/x86_64-linux-gnu:/opt/ros/humble/lib:/usr/lib/x86_64-linux-gnu/gazebo-11/plugins:/usr/share/gazebo-11/../../lib/x86_64-linux-gnu/gazebo-11/plugins:/usr/lib/x86_64-linux-gnu/gazebo-11/plugins PYTHONPATH=/home/changye/Ros2_gazebo/ros2_ws2/install/controller_manager/local/lib/python3.10/dist-packages:/home/changye/Ros2_gazebo/ros2_ws2/install/controller_manager_msgs/local/lib/python3.10/dist-packages:/home/changye/Ros2_gazebo/ros2_ws2/install/control_msgs/local/lib/python3.10/dist-packages:${PYTHONPATH} /usr/bin/cmake /home/changye/Ros2_gazebo/ros2_ws2/src/ros-controls/ros2_controllers/tricycle_controller -DCMAKE_INSTALL_PREFIX=/home/changye/Ros2_gazebo/ros2_ws2/install/tricycle_controller
[3.278s] Invoking command in '/home/changye/Ros2_gazebo/ros2_ws2/build/tricycle_controller': AMENT_PREFIX_PATH=/home/changye/Ros2_gazebo/ros2_ws2/install/controller_manager:/home/changye/Ros2_gazebo/ros2_ws2/install/hardware_interface_testing:/home/changye/Ros2_gazebo/ros2_ws2/install/controller_interface:/home/changye/Ros2_gazebo/ros2_ws2/install/hardware_interface:/home/changye/Ros2_gazebo/ros2_ws2/install/ros2_control_test_assets:/home/changye/Ros2_gazebo/ros2_ws2/install/controller_manager_msgs:/home/changye/Ros2_gazebo/ros2_ws2/install/control_msgs:${AMENT_PREFIX_PATH} CMAKE_PREFIX_PATH=/home/changye/Ros2_gazebo/ros2_ws2/install/controller_manager:/home/changye/Ros2_gazebo/ros2_ws2/install/hardware_interface_testing:/home/changye/Ros2_gazebo/ros2_ws2/install/controller_interface:/home/changye/Ros2_gazebo/ros2_ws2/install/hardware_interface:/home/changye/Ros2_gazebo/ros2_ws2/install/ros2_control_test_assets:/home/changye/Ros2_gazebo/ros2_ws2/install/controller_manager_msgs:/home/changye/Ros2_gazebo/ros2_ws2/install/control_msgs:/opt/ros/humble LD_LIBRARY_PATH=/home/changye/Ros2_gazebo/ros2_ws2/install/controller_manager/lib:/home/changye/Ros2_gazebo/ros2_ws2/install/hardware_interface_testing/lib:/home/changye/Ros2_gazebo/ros2_ws2/install/controller_interface/lib:/home/changye/Ros2_gazebo/ros2_ws2/install/hardware_interface/lib:/home/changye/Ros2_gazebo/ros2_ws2/install/controller_manager_msgs/lib:/home/changye/Ros2_gazebo/ros2_ws2/install/control_msgs/lib:/usr/lib/x86_64-linux-gnu/gazebo-11/plugins:/opt/ros/humble/lib/x86_64-linux-gnu:/opt/ros/humble/lib:/usr/lib/x86_64-linux-gnu/gazebo-11/plugins:/usr/share/gazebo-11/../../lib/x86_64-linux-gnu/gazebo-11/plugins:/usr/lib/x86_64-linux-gnu/gazebo-11/plugins PYTHONPATH=/home/changye/Ros2_gazebo/ros2_ws2/install/controller_manager/local/lib/python3.10/dist-packages:/home/changye/Ros2_gazebo/ros2_ws2/install/controller_manager_msgs/local/lib/python3.10/dist-packages:/home/changye/Ros2_gazebo/ros2_ws2/install/control_msgs/local/lib/python3.10/dist-packages:${PYTHONPATH} /usr/bin/cmake --build /home/changye/Ros2_gazebo/ros2_ws2/build/tricycle_controller -- -j12 -l12
[9.401s] [  7%] [32mBuilding CXX object CMakeFiles/tricycle_controller.dir/src/tricycle_controller.cpp.o[0m
[9.401s] [ 14%] [32mBuilding CXX object CMakeFiles/tricycle_controller.dir/src/odometry.cpp.o[0m
[9.402s] [ 21%] [32mBuilding CXX object CMakeFiles/tricycle_controller.dir/src/traction_limiter.cpp.o[0m
[9.402s] [ 28%] [32mBuilding CXX object CMakeFiles/tricycle_controller.dir/src/steering_limiter.cpp.o[0m
[9.402s] [ 42%] [32mBuilding CXX object gmock/CMakeFiles/gmock.dir/src/gmock-all.cc.o[0m
[9.402s] [ 35%] [32mBuilding CXX object gmock/CMakeFiles/gmock.dir/opt/ros/humble/src/gtest_vendor/src/gtest-all.cc.o[0m
[9.402s] [ 50%] [32mBuilding CXX object gmock/CMakeFiles/gmock_main.dir/src/gmock_main.cc.o[0m
[9.402s] [ 57%] [32m[1mLinking CXX static library libgmock_main.a[0m
[9.574s] [ 57%] Built target gmock_main
[11.816s] In file included from [01m[K/home/changye/Ros2_gazebo/ros2_ws2/src/ros-controls/ros2_controllers/tricycle_controller/include/tricycle_controller/tricycle_controller.hpp:38[m[K,
[11.816s]                  from [01m[K/home/changye/Ros2_gazebo/ros2_ws2/src/ros-controls/ros2_controllers/tricycle_controller/src/tricycle_controller.cpp:29[m[K:
[11.816s] [01m[K/opt/ros/humble/include/realtime_tools/realtime_tools/realtime_box.h:22:97:[m[K [01;36m[Knote: [m[K‘[01m[K#pragma message: This header include is deprecated. Please update your code to use 'realtime_box.hpp' header.[m[K’
[11.816s]    22 |   "This header include is deprecated. Please update your code to use 'realtime_box.hpp' header."[01;36m[K)[m[K  //NOLINT
[11.816s]       |                                                                                                 [01;36m[K^[m[K
[11.816s] In file included from [01m[K/home/changye/Ros2_gazebo/ros2_ws2/src/ros-controls/ros2_controllers/tricycle_controller/include/tricycle_controller/tricycle_controller.hpp:39[m[K,
[11.816s]                  from [01m[K/home/changye/Ros2_gazebo/ros2_ws2/src/ros-controls/ros2_controllers/tricycle_controller/src/tricycle_controller.cpp:29[m[K:
[11.817s] [01m[K/opt/ros/humble/include/realtime_tools/realtime_tools/realtime_buffer.h:22:100:[m[K [01;36m[Knote: [m[K‘[01m[K#pragma message: This header include is deprecated. Please update your code to use 'realtime_buffer.hpp' header.[m[K’
[11.817s]    22 |   "This header include is deprecated. Please update your code to use 'realtime_buffer.hpp' header."[01;36m[K)[m[K  //NOLINT
[11.817s]       |                                                                                                    [01;36m[K^[m[K
[11.817s] In file included from [01m[K/home/changye/Ros2_gazebo/ros2_ws2/src/ros-controls/ros2_controllers/tricycle_controller/include/tricycle_controller/tricycle_controller.hpp:40[m[K,
[11.817s]                  from [01m[K/home/changye/Ros2_gazebo/ros2_ws2/src/ros-controls/ros2_controllers/tricycle_controller/src/tricycle_controller.cpp:29[m[K:
[11.817s] [01m[K/opt/ros/humble/include/realtime_tools/realtime_tools/realtime_publisher.h:22:103:[m[K [01;36m[Knote: [m[K‘[01m[K#pragma message: This header include is deprecated. Please update your code to use 'realtime_publisher.hpp' header.[m[K’
[11.817s]    22 |   "This header include is deprecated. Please update your code to use 'realtime_publisher.hpp' header."[01;36m[K)[m[K  //NOLINT
[11.817s]       |                                                                                                       [01;36m[K^[m[K
[16.388s] [ 64%] [32m[1mLinking CXX static library libgmock.a[0m
[16.568s] [ 64%] Built target gmock
[32.049s] [ 71%] [32m[1mLinking CXX shared library libtricycle_controller.so[0m
[35.236s] [ 71%] Built target tricycle_controller
[35.289s] [ 78%] [32mBuilding CXX object CMakeFiles/test_tricycle_controller.dir/test/test_tricycle_controller.cpp.o[0m
[40.653s] In file included from [01m[K/home/changye/Ros2_gazebo/ros2_ws2/src/ros-controls/ros2_controllers/tricycle_controller/include/tricycle_controller/tricycle_controller.hpp:38[m[K,
[40.653s]                  from [01m[K/home/changye/Ros2_gazebo/ros2_ws2/src/ros-controls/ros2_controllers/tricycle_controller/test/test_tricycle_controller.cpp:33[m[K:
[40.653s] [01m[K/opt/ros/humble/include/realtime_tools/realtime_tools/realtime_box.h:22:97:[m[K [01;36m[Knote: [m[K‘[01m[K#pragma message: This header include is deprecated. Please update your code to use 'realtime_box.hpp' header.[m[K’
[40.653s]    22 |   "This header include is deprecated. Please update your code to use 'realtime_box.hpp' header."[01;36m[K)[m[K  //NOLINT
[40.653s]       |                                                                                                 [01;36m[K^[m[K
[40.653s] In file included from [01m[K/home/changye/Ros2_gazebo/ros2_ws2/src/ros-controls/ros2_controllers/tricycle_controller/include/tricycle_controller/tricycle_controller.hpp:39[m[K,
[40.654s]                  from [01m[K/home/changye/Ros2_gazebo/ros2_ws2/src/ros-controls/ros2_controllers/tricycle_controller/test/test_tricycle_controller.cpp:33[m[K:
[40.654s] [01m[K/opt/ros/humble/include/realtime_tools/realtime_tools/realtime_buffer.h:22:100:[m[K [01;36m[Knote: [m[K‘[01m[K#pragma message: This header include is deprecated. Please update your code to use 'realtime_buffer.hpp' header.[m[K’
[40.654s]    22 |   "This header include is deprecated. Please update your code to use 'realtime_buffer.hpp' header."[01;36m[K)[m[K  //NOLINT
[40.654s]       |                                                                                                    [01;36m[K^[m[K
[40.655s] In file included from [01m[K/home/changye/Ros2_gazebo/ros2_ws2/src/ros-controls/ros2_controllers/tricycle_controller/include/tricycle_controller/tricycle_controller.hpp:40[m[K,
[40.655s]                  from [01m[K/home/changye/Ros2_gazebo/ros2_ws2/src/ros-controls/ros2_controllers/tricycle_controller/test/test_tricycle_controller.cpp:33[m[K:
[40.655s] [01m[K/opt/ros/humble/include/realtime_tools/realtime_tools/realtime_publisher.h:22:103:[m[K [01;36m[Knote: [m[K‘[01m[K#pragma message: This header include is deprecated. Please update your code to use 'realtime_publisher.hpp' header.[m[K’
[40.655s]    22 |   "This header include is deprecated. Please update your code to use 'realtime_publisher.hpp' header."[01;36m[K)[m[K  //NOLINT
[40.655s]       |                                                                                                       [01;36m[K^[m[K
[45.942s] [ 85%] [32m[1mLinking CXX executable test_tricycle_controller[0m
[48.473s] [ 85%] Built target test_tricycle_controller
[48.500s] [ 92%] [32mBuilding CXX object CMakeFiles/test_load_tricycle_controller.dir/test/test_load_tricycle_controller.cpp.o[0m
[55.936s] [100%] [32m[1mLinking CXX executable test_load_tricycle_controller[0m
[55.936s] [100%] Built target test_load_tricycle_controller
[57.251s] Invoked command in '/home/changye/Ros2_gazebo/ros2_ws2/build/tricycle_controller' returned '0': AMENT_PREFIX_PATH=/home/changye/Ros2_gazebo/ros2_ws2/install/controller_manager:/home/changye/Ros2_gazebo/ros2_ws2/install/hardware_interface_testing:/home/changye/Ros2_gazebo/ros2_ws2/install/controller_interface:/home/changye/Ros2_gazebo/ros2_ws2/install/hardware_interface:/home/changye/Ros2_gazebo/ros2_ws2/install/ros2_control_test_assets:/home/changye/Ros2_gazebo/ros2_ws2/install/controller_manager_msgs:/home/changye/Ros2_gazebo/ros2_ws2/install/control_msgs:${AMENT_PREFIX_PATH} CMAKE_PREFIX_PATH=/home/changye/Ros2_gazebo/ros2_ws2/install/controller_manager:/home/changye/Ros2_gazebo/ros2_ws2/install/hardware_interface_testing:/home/changye/Ros2_gazebo/ros2_ws2/install/controller_interface:/home/changye/Ros2_gazebo/ros2_ws2/install/hardware_interface:/home/changye/Ros2_gazebo/ros2_ws2/install/ros2_control_test_assets:/home/changye/Ros2_gazebo/ros2_ws2/install/controller_manager_msgs:/home/changye/Ros2_gazebo/ros2_ws2/install/control_msgs:/opt/ros/humble LD_LIBRARY_PATH=/home/changye/Ros2_gazebo/ros2_ws2/install/controller_manager/lib:/home/changye/Ros2_gazebo/ros2_ws2/install/hardware_interface_testing/lib:/home/changye/Ros2_gazebo/ros2_ws2/install/controller_interface/lib:/home/changye/Ros2_gazebo/ros2_ws2/install/hardware_interface/lib:/home/changye/Ros2_gazebo/ros2_ws2/install/controller_manager_msgs/lib:/home/changye/Ros2_gazebo/ros2_ws2/install/control_msgs/lib:/usr/lib/x86_64-linux-gnu/gazebo-11/plugins:/opt/ros/humble/lib/x86_64-linux-gnu:/opt/ros/humble/lib:/usr/lib/x86_64-linux-gnu/gazebo-11/plugins:/usr/share/gazebo-11/../../lib/x86_64-linux-gnu/gazebo-11/plugins:/usr/lib/x86_64-linux-gnu/gazebo-11/plugins PYTHONPATH=/home/changye/Ros2_gazebo/ros2_ws2/install/controller_manager/local/lib/python3.10/dist-packages:/home/changye/Ros2_gazebo/ros2_ws2/install/controller_manager_msgs/local/lib/python3.10/dist-packages:/home/changye/Ros2_gazebo/ros2_ws2/install/control_msgs/local/lib/python3.10/dist-packages:${PYTHONPATH} /usr/bin/cmake --build /home/changye/Ros2_gazebo/ros2_ws2/build/tricycle_controller -- -j12 -l12
[57.253s] Invoking command in '/home/changye/Ros2_gazebo/ros2_ws2/build/tricycle_controller': AMENT_PREFIX_PATH=/home/changye/Ros2_gazebo/ros2_ws2/install/controller_manager:/home/changye/Ros2_gazebo/ros2_ws2/install/hardware_interface_testing:/home/changye/Ros2_gazebo/ros2_ws2/install/controller_interface:/home/changye/Ros2_gazebo/ros2_ws2/install/hardware_interface:/home/changye/Ros2_gazebo/ros2_ws2/install/ros2_control_test_assets:/home/changye/Ros2_gazebo/ros2_ws2/install/controller_manager_msgs:/home/changye/Ros2_gazebo/ros2_ws2/install/control_msgs:${AMENT_PREFIX_PATH} CMAKE_PREFIX_PATH=/home/changye/Ros2_gazebo/ros2_ws2/install/controller_manager:/home/changye/Ros2_gazebo/ros2_ws2/install/hardware_interface_testing:/home/changye/Ros2_gazebo/ros2_ws2/install/controller_interface:/home/changye/Ros2_gazebo/ros2_ws2/install/hardware_interface:/home/changye/Ros2_gazebo/ros2_ws2/install/ros2_control_test_assets:/home/changye/Ros2_gazebo/ros2_ws2/install/controller_manager_msgs:/home/changye/Ros2_gazebo/ros2_ws2/install/control_msgs:/opt/ros/humble LD_LIBRARY_PATH=/home/changye/Ros2_gazebo/ros2_ws2/install/controller_manager/lib:/home/changye/Ros2_gazebo/ros2_ws2/install/hardware_interface_testing/lib:/home/changye/Ros2_gazebo/ros2_ws2/install/controller_interface/lib:/home/changye/Ros2_gazebo/ros2_ws2/install/hardware_interface/lib:/home/changye/Ros2_gazebo/ros2_ws2/install/controller_manager_msgs/lib:/home/changye/Ros2_gazebo/ros2_ws2/install/control_msgs/lib:/usr/lib/x86_64-linux-gnu/gazebo-11/plugins:/opt/ros/humble/lib/x86_64-linux-gnu:/opt/ros/humble/lib:/usr/lib/x86_64-linux-gnu/gazebo-11/plugins:/usr/share/gazebo-11/../../lib/x86_64-linux-gnu/gazebo-11/plugins:/usr/lib/x86_64-linux-gnu/gazebo-11/plugins PYTHONPATH=/home/changye/Ros2_gazebo/ros2_ws2/install/controller_manager/local/lib/python3.10/dist-packages:/home/changye/Ros2_gazebo/ros2_ws2/install/controller_manager_msgs/local/lib/python3.10/dist-packages:/home/changye/Ros2_gazebo/ros2_ws2/install/control_msgs/local/lib/python3.10/dist-packages:${PYTHONPATH} /usr/bin/cmake --install /home/changye/Ros2_gazebo/ros2_ws2/build/tricycle_controller
[57.262s] -- Install configuration: ""
[57.262s] -- Installing: /home/changye/Ros2_gazebo/ros2_ws2/install/tricycle_controller/share/tricycle_controller/tricycle_controller.xml
[57.262s] -- Installing: /home/changye/Ros2_gazebo/ros2_ws2/install/tricycle_controller/include/tricycle_controller
[57.262s] -- Installing: /home/changye/Ros2_gazebo/ros2_ws2/install/tricycle_controller/include/tricycle_controller/tricycle_controller
[57.273s] -- Installing: /home/changye/Ros2_gazebo/ros2_ws2/install/tricycle_controller/include/tricycle_controller/tricycle_controller/steering_limiter.hpp
[57.273s] -- Installing: /home/changye/Ros2_gazebo/ros2_ws2/install/tricycle_controller/include/tricycle_controller/tricycle_controller/tricycle_controller.hpp
[57.273s] -- Installing: /home/changye/Ros2_gazebo/ros2_ws2/install/tricycle_controller/include/tricycle_controller/tricycle_controller/traction_limiter.hpp
[57.273s] -- Installing: /home/changye/Ros2_gazebo/ros2_ws2/install/tricycle_controller/include/tricycle_controller/tricycle_controller/visibility_control.h
[57.273s] -- Installing: /home/changye/Ros2_gazebo/ros2_ws2/install/tricycle_controller/include/tricycle_controller/tricycle_controller/odometry.hpp
[57.273s] -- Installing: /home/changye/Ros2_gazebo/ros2_ws2/install/tricycle_controller/lib/libtricycle_controller.so
[57.289s] -- Set runtime path of "/home/changye/Ros2_gazebo/ros2_ws2/install/tricycle_controller/lib/libtricycle_controller.so" to ""
[57.289s] -- Installing: /home/changye/Ros2_gazebo/ros2_ws2/install/tricycle_controller/share/tricycle_controller/environment/library_path.sh
[57.290s] -- Installing: /home/changye/Ros2_gazebo/ros2_ws2/install/tricycle_controller/share/tricycle_controller/environment/library_path.dsv
[57.290s] -- Installing: /home/changye/Ros2_gazebo/ros2_ws2/install/tricycle_controller/share/ament_index/resource_index/package_run_dependencies/tricycle_controller
[57.290s] -- Installing: /home/changye/Ros2_gazebo/ros2_ws2/install/tricycle_controller/share/ament_index/resource_index/parent_prefix_path/tricycle_controller
[57.290s] -- Installing: /home/changye/Ros2_gazebo/ros2_ws2/install/tricycle_controller/share/tricycle_controller/environment/ament_prefix_path.sh
[57.290s] -- Installing: /home/changye/Ros2_gazebo/ros2_ws2/install/tricycle_controller/share/tricycle_controller/environment/ament_prefix_path.dsv
[57.290s] -- Installing: /home/changye/Ros2_gazebo/ros2_ws2/install/tricycle_controller/share/tricycle_controller/environment/path.sh
[57.291s] -- Installing: /home/changye/Ros2_gazebo/ros2_ws2/install/tricycle_controller/share/tricycle_controller/environment/path.dsv
[57.291s] -- Installing: /home/changye/Ros2_gazebo/ros2_ws2/install/tricycle_controller/share/tricycle_controller/local_setup.bash
[57.291s] -- Installing: /home/changye/Ros2_gazebo/ros2_ws2/install/tricycle_controller/share/tricycle_controller/local_setup.sh
[57.291s] -- Installing: /home/changye/Ros2_gazebo/ros2_ws2/install/tricycle_controller/share/tricycle_controller/local_setup.zsh
[57.291s] -- Installing: /home/changye/Ros2_gazebo/ros2_ws2/install/tricycle_controller/share/tricycle_controller/local_setup.dsv
[57.291s] -- Installing: /home/changye/Ros2_gazebo/ros2_ws2/install/tricycle_controller/share/tricycle_controller/package.dsv
[57.291s] -- Installing: /home/changye/Ros2_gazebo/ros2_ws2/install/tricycle_controller/share/ament_index/resource_index/packages/tricycle_controller
[57.291s] -- Installing: /home/changye/Ros2_gazebo/ros2_ws2/install/tricycle_controller/share/ament_index/resource_index/controller_interface__pluginlib__plugin/tricycle_controller
[57.292s] -- Installing: /home/changye/Ros2_gazebo/ros2_ws2/install/tricycle_controller/share/tricycle_controller/cmake/export_tricycle_controllerExport.cmake
[57.292s] -- Installing: /home/changye/Ros2_gazebo/ros2_ws2/install/tricycle_controller/share/tricycle_controller/cmake/export_tricycle_controllerExport-noconfig.cmake
[57.292s] -- Installing: /home/changye/Ros2_gazebo/ros2_ws2/install/tricycle_controller/share/tricycle_controller/cmake/ament_cmake_export_targets-extras.cmake
[57.292s] -- Installing: /home/changye/Ros2_gazebo/ros2_ws2/install/tricycle_controller/share/tricycle_controller/cmake/ament_cmake_export_dependencies-extras.cmake
[57.292s] -- Installing: /home/changye/Ros2_gazebo/ros2_ws2/install/tricycle_controller/share/tricycle_controller/cmake/tricycle_controllerConfig.cmake
[57.292s] -- Installing: /home/changye/Ros2_gazebo/ros2_ws2/install/tricycle_controller/share/tricycle_controller/cmake/tricycle_controllerConfig-version.cmake
[57.292s] -- Installing: /home/changye/Ros2_gazebo/ros2_ws2/install/tricycle_controller/share/tricycle_controller/package.xml
[57.317s] Invoked command in '/home/changye/Ros2_gazebo/ros2_ws2/build/tricycle_controller' returned '0': AMENT_PREFIX_PATH=/home/changye/Ros2_gazebo/ros2_ws2/install/controller_manager:/home/changye/Ros2_gazebo/ros2_ws2/install/hardware_interface_testing:/home/changye/Ros2_gazebo/ros2_ws2/install/controller_interface:/home/changye/Ros2_gazebo/ros2_ws2/install/hardware_interface:/home/changye/Ros2_gazebo/ros2_ws2/install/ros2_control_test_assets:/home/changye/Ros2_gazebo/ros2_ws2/install/controller_manager_msgs:/home/changye/Ros2_gazebo/ros2_ws2/install/control_msgs:${AMENT_PREFIX_PATH} CMAKE_PREFIX_PATH=/home/changye/Ros2_gazebo/ros2_ws2/install/controller_manager:/home/changye/Ros2_gazebo/ros2_ws2/install/hardware_interface_testing:/home/changye/Ros2_gazebo/ros2_ws2/install/controller_interface:/home/changye/Ros2_gazebo/ros2_ws2/install/hardware_interface:/home/changye/Ros2_gazebo/ros2_ws2/install/ros2_control_test_assets:/home/changye/Ros2_gazebo/ros2_ws2/install/controller_manager_msgs:/home/changye/Ros2_gazebo/ros2_ws2/install/control_msgs:/opt/ros/humble LD_LIBRARY_PATH=/home/changye/Ros2_gazebo/ros2_ws2/install/controller_manager/lib:/home/changye/Ros2_gazebo/ros2_ws2/install/hardware_interface_testing/lib:/home/changye/Ros2_gazebo/ros2_ws2/install/controller_interface/lib:/home/changye/Ros2_gazebo/ros2_ws2/install/hardware_interface/lib:/home/changye/Ros2_gazebo/ros2_ws2/install/controller_manager_msgs/lib:/home/changye/Ros2_gazebo/ros2_ws2/install/control_msgs/lib:/usr/lib/x86_64-linux-gnu/gazebo-11/plugins:/opt/ros/humble/lib/x86_64-linux-gnu:/opt/ros/humble/lib:/usr/lib/x86_64-linux-gnu/gazebo-11/plugins:/usr/share/gazebo-11/../../lib/x86_64-linux-gnu/gazebo-11/plugins:/usr/lib/x86_64-linux-gnu/gazebo-11/plugins PYTHONPATH=/home/changye/Ros2_gazebo/ros2_ws2/install/controller_manager/local/lib/python3.10/dist-packages:/home/changye/Ros2_gazebo/ros2_ws2/install/controller_manager_msgs/local/lib/python3.10/dist-packages:/home/changye/Ros2_gazebo/ros2_ws2/install/control_msgs/local/lib/python3.10/dist-packages:${PYTHONPATH} /usr/bin/cmake --install /home/changye/Ros2_gazebo/ros2_ws2/build/tricycle_controller
