[0.122s] Invoking command in '/home/changye/Ros2_gazebo/ros2_ws2/build/kinematics_interface_kdl': AMENT_PREFIX_PATH=/home/changye/Ros2_gazebo/ros2_ws2/install/ros2_control_test_assets:/home/changye/Ros2_gazebo/ros2_ws2/install/kinematics_interface:${AMENT_PREFIX_PATH} CMAKE_PREFIX_PATH=/home/changye/Ros2_gazebo/ros2_ws2/install/ros2_control_test_assets:/home/changye/Ros2_gazebo/ros2_ws2/install/kinematics_interface:/opt/ros/humble LD_LIBRARY_PATH=/home/changye/Ros2_gazebo/ros2_ws2/install/kinematics_interface/lib:/usr/lib/x86_64-linux-gnu/gazebo-11/plugins:/opt/ros/humble/lib/x86_64-linux-gnu:/opt/ros/humble/lib:/usr/lib/x86_64-linux-gnu/gazebo-11/plugins:/usr/share/gazebo-11/../../lib/x86_64-linux-gnu/gazebo-11/plugins:/usr/lib/x86_64-linux-gnu/gazebo-11/plugins /usr/bin/cmake --build /home/changye/Ros2_gazebo/ros2_ws2/build/kinematics_interface_kdl -- -j12 -l12
[0.210s] [35m[1mConsolidate compiler generated dependencies of target gmock[0m
[0.214s] [35m[1mConsolidate compiler generated dependencies of target gmock_main[0m
[0.220s] [ 33%] Built target gmock
[0.224s] [ 55%] Built target gmock_main
[0.273s] [35m[1mConsolidate compiler generated dependencies of target kinematics_interface_kdl[0m
[0.285s] [ 77%] Built target kinematics_interface_kdl
[0.294s] [35m[1mConsolidate compiler generated dependencies of target test_kinematics_interface_kdl[0m
[0.308s] [100%] Built target test_kinematics_interface_kdl
[0.317s] Invoked command in '/home/changye/Ros2_gazebo/ros2_ws2/build/kinematics_interface_kdl' returned '0': AMENT_PREFIX_PATH=/home/changye/Ros2_gazebo/ros2_ws2/install/ros2_control_test_assets:/home/changye/Ros2_gazebo/ros2_ws2/install/kinematics_interface:${AMENT_PREFIX_PATH} CMAKE_PREFIX_PATH=/home/changye/Ros2_gazebo/ros2_ws2/install/ros2_control_test_assets:/home/changye/Ros2_gazebo/ros2_ws2/install/kinematics_interface:/opt/ros/humble LD_LIBRARY_PATH=/home/changye/Ros2_gazebo/ros2_ws2/install/kinematics_interface/lib:/usr/lib/x86_64-linux-gnu/gazebo-11/plugins:/opt/ros/humble/lib/x86_64-linux-gnu:/opt/ros/humble/lib:/usr/lib/x86_64-linux-gnu/gazebo-11/plugins:/usr/share/gazebo-11/../../lib/x86_64-linux-gnu/gazebo-11/plugins:/usr/lib/x86_64-linux-gnu/gazebo-11/plugins /usr/bin/cmake --build /home/changye/Ros2_gazebo/ros2_ws2/build/kinematics_interface_kdl -- -j12 -l12
[0.319s] Invoking command in '/home/changye/Ros2_gazebo/ros2_ws2/build/kinematics_interface_kdl': AMENT_PREFIX_PATH=/home/changye/Ros2_gazebo/ros2_ws2/install/ros2_control_test_assets:/home/changye/Ros2_gazebo/ros2_ws2/install/kinematics_interface:${AMENT_PREFIX_PATH} CMAKE_PREFIX_PATH=/home/changye/Ros2_gazebo/ros2_ws2/install/ros2_control_test_assets:/home/changye/Ros2_gazebo/ros2_ws2/install/kinematics_interface:/opt/ros/humble LD_LIBRARY_PATH=/home/changye/Ros2_gazebo/ros2_ws2/install/kinematics_interface/lib:/usr/lib/x86_64-linux-gnu/gazebo-11/plugins:/opt/ros/humble/lib/x86_64-linux-gnu:/opt/ros/humble/lib:/usr/lib/x86_64-linux-gnu/gazebo-11/plugins:/usr/share/gazebo-11/../../lib/x86_64-linux-gnu/gazebo-11/plugins:/usr/lib/x86_64-linux-gnu/gazebo-11/plugins /usr/bin/cmake --install /home/changye/Ros2_gazebo/ros2_ws2/build/kinematics_interface_kdl
[0.325s] -- Install configuration: ""
[0.325s] -- Up-to-date: /home/changye/Ros2_gazebo/ros2_ws2/install/kinematics_interface_kdl/share/kinematics_interface_kdl/kinematics_interface_kdl.xml
[0.326s] -- Up-to-date: /home/changye/Ros2_gazebo/ros2_ws2/install/kinematics_interface_kdl/include/kinematics_interface_kdl
[0.338s] -- Up-to-date: /home/changye/Ros2_gazebo/ros2_ws2/install/kinematics_interface_kdl/include/kinematics_interface_kdl/kinematics_interface_kdl
[0.339s] -- Up-to-date: /home/changye/Ros2_gazebo/ros2_ws2/install/kinematics_interface_kdl/include/kinematics_interface_kdl/kinematics_interface_kdl/kinematics_interface_kdl.hpp
[0.339s] -- Up-to-date: /home/changye/Ros2_gazebo/ros2_ws2/install/kinematics_interface_kdl/lib/libkinematics_interface_kdl.so
[0.339s] -- Up-to-date: /home/changye/Ros2_gazebo/ros2_ws2/install/kinematics_interface_kdl/share/kinematics_interface_kdl/environment/library_path.sh
[0.339s] -- Up-to-date: /home/changye/Ros2_gazebo/ros2_ws2/install/kinematics_interface_kdl/share/kinematics_interface_kdl/environment/library_path.dsv
[0.339s] -- Up-to-date: /home/changye/Ros2_gazebo/ros2_ws2/install/kinematics_interface_kdl/share/ament_index/resource_index/package_run_dependencies/kinematics_interface_kdl
[0.339s] -- Up-to-date: /home/changye/Ros2_gazebo/ros2_ws2/install/kinematics_interface_kdl/share/ament_index/resource_index/parent_prefix_path/kinematics_interface_kdl
[0.339s] -- Up-to-date: /home/changye/Ros2_gazebo/ros2_ws2/install/kinematics_interface_kdl/share/kinematics_interface_kdl/environment/ament_prefix_path.sh
[0.340s] -- Up-to-date: /home/changye/Ros2_gazebo/ros2_ws2/install/kinematics_interface_kdl/share/kinematics_interface_kdl/environment/ament_prefix_path.dsv
[0.340s] -- Up-to-date: /home/changye/Ros2_gazebo/ros2_ws2/install/kinematics_interface_kdl/share/kinematics_interface_kdl/environment/path.sh
[0.340s] -- Up-to-date: /home/changye/Ros2_gazebo/ros2_ws2/install/kinematics_interface_kdl/share/kinematics_interface_kdl/environment/path.dsv
[0.340s] -- Up-to-date: /home/changye/Ros2_gazebo/ros2_ws2/install/kinematics_interface_kdl/share/kinematics_interface_kdl/local_setup.bash
[0.340s] -- Up-to-date: /home/changye/Ros2_gazebo/ros2_ws2/install/kinematics_interface_kdl/share/kinematics_interface_kdl/local_setup.sh
[0.340s] -- Up-to-date: /home/changye/Ros2_gazebo/ros2_ws2/install/kinematics_interface_kdl/share/kinematics_interface_kdl/local_setup.zsh
[0.340s] -- Up-to-date: /home/changye/Ros2_gazebo/ros2_ws2/install/kinematics_interface_kdl/share/kinematics_interface_kdl/local_setup.dsv
[0.340s] -- Installing: /home/changye/Ros2_gazebo/ros2_ws2/install/kinematics_interface_kdl/share/kinematics_interface_kdl/package.dsv
[0.347s] -- Up-to-date: /home/changye/Ros2_gazebo/ros2_ws2/install/kinematics_interface_kdl/share/ament_index/resource_index/packages/kinematics_interface_kdl
[0.347s] -- Up-to-date: /home/changye/Ros2_gazebo/ros2_ws2/install/kinematics_interface_kdl/share/ament_index/resource_index/kinematics_interface__pluginlib__plugin/kinematics_interface_kdl
[0.351s] -- Up-to-date: /home/changye/Ros2_gazebo/ros2_ws2/install/kinematics_interface_kdl/share/kinematics_interface_kdl/cmake/export_kinematics_interface_kdlExport.cmake
[0.351s] -- Up-to-date: /home/changye/Ros2_gazebo/ros2_ws2/install/kinematics_interface_kdl/share/kinematics_interface_kdl/cmake/export_kinematics_interface_kdlExport-noconfig.cmake
[0.351s] -- Up-to-date: /home/changye/Ros2_gazebo/ros2_ws2/install/kinematics_interface_kdl/share/kinematics_interface_kdl/cmake/ament_cmake_export_targets-extras.cmake
[0.352s] -- Up-to-date: /home/changye/Ros2_gazebo/ros2_ws2/install/kinematics_interface_kdl/share/kinematics_interface_kdl/cmake/ament_cmake_export_dependencies-extras.cmake
[0.352s] -- Up-to-date: /home/changye/Ros2_gazebo/ros2_ws2/install/kinematics_interface_kdl/share/kinematics_interface_kdl/cmake/kinematics_interface_kdlConfig.cmake
[0.352s] -- Up-to-date: /home/changye/Ros2_gazebo/ros2_ws2/install/kinematics_interface_kdl/share/kinematics_interface_kdl/cmake/kinematics_interface_kdlConfig-version.cmake
[0.352s] -- Up-to-date: /home/changye/Ros2_gazebo/ros2_ws2/install/kinematics_interface_kdl/share/kinematics_interface_kdl/package.xml
[0.353s] Invoked command in '/home/changye/Ros2_gazebo/ros2_ws2/build/kinematics_interface_kdl' returned '0': AMENT_PREFIX_PATH=/home/changye/Ros2_gazebo/ros2_ws2/install/ros2_control_test_assets:/home/changye/Ros2_gazebo/ros2_ws2/install/kinematics_interface:${AMENT_PREFIX_PATH} CMAKE_PREFIX_PATH=/home/changye/Ros2_gazebo/ros2_ws2/install/ros2_control_test_assets:/home/changye/Ros2_gazebo/ros2_ws2/install/kinematics_interface:/opt/ros/humble LD_LIBRARY_PATH=/home/changye/Ros2_gazebo/ros2_ws2/install/kinematics_interface/lib:/usr/lib/x86_64-linux-gnu/gazebo-11/plugins:/opt/ros/humble/lib/x86_64-linux-gnu:/opt/ros/humble/lib:/usr/lib/x86_64-linux-gnu/gazebo-11/plugins:/usr/share/gazebo-11/../../lib/x86_64-linux-gnu/gazebo-11/plugins:/usr/lib/x86_64-linux-gnu/gazebo-11/plugins /usr/bin/cmake --install /home/changye/Ros2_gazebo/ros2_ws2/build/kinematics_interface_kdl
