[0.962s] Invoking command in '/home/changye/Ros2_gazebo/ros2_ws2/src/ros-controls/ros2_control-humble/ros2controlcli': AMENT_PREFIX_PATH=/home/changye/Ros2_gazebo/ros2_ws2/install/controller_manager:/home/changye/Ros2_gazebo/ros2_ws2/install/hardware_interface_testing:/home/changye/Ros2_gazebo/ros2_ws2/install/controller_interface:/home/changye/Ros2_gazebo/ros2_ws2/install/hardware_interface:/home/changye/Ros2_gazebo/ros2_ws2/install/ros2_control_test_assets:/home/changye/Ros2_gazebo/ros2_ws2/install/controller_manager_msgs:/home/changye/Ros2_gazebo/ros2_ws2/install/control_msgs:${AMENT_PREFIX_PATH} CMAKE_PREFIX_PATH=/home/changye/Ros2_gazebo/ros2_ws2/install/controller_manager:/home/changye/Ros2_gazebo/ros2_ws2/install/hardware_interface_testing:/home/changye/Ros2_gazebo/ros2_ws2/install/controller_interface:/home/changye/Ros2_gazebo/ros2_ws2/install/hardware_interface:/home/changye/Ros2_gazebo/ros2_ws2/install/ros2_control_test_assets:/home/changye/Ros2_gazebo/ros2_ws2/install/controller_manager_msgs:/home/changye/Ros2_gazebo/ros2_ws2/install/control_msgs LD_LIBRARY_PATH=/home/changye/Ros2_gazebo/ros2_ws2/install/controller_manager/lib:/home/changye/Ros2_gazebo/ros2_ws2/install/hardware_interface_testing/lib:/home/changye/Ros2_gazebo/ros2_ws2/install/controller_interface/lib:/home/changye/Ros2_gazebo/ros2_ws2/install/hardware_interface/lib:/home/changye/Ros2_gazebo/ros2_ws2/install/controller_manager_msgs/lib:/home/changye/Ros2_gazebo/ros2_ws2/install/control_msgs/lib:/usr/lib/x86_64-linux-gnu/gazebo-11/plugins:/opt/ros/humble/lib/x86_64-linux-gnu:/opt/ros/humble/lib:/usr/lib/x86_64-linux-gnu/gazebo-11/plugins:/usr/share/gazebo-11/../../lib/x86_64-linux-gnu/gazebo-11/plugins:/usr/lib/x86_64-linux-gnu/gazebo-11/plugins PYTHONPATH=/home/changye/Ros2_gazebo/ros2_ws2/build/ros2controlcli/prefix_override:/usr/lib/python3/dist-packages/colcon_core/task/python/colcon_distutils_commands:/home/changye/Ros2_gazebo/ros2_ws2/install/ros2controlcli/lib/python3.10/site-packages:/home/changye/Ros2_gazebo/ros2_ws2/install/controller_manager/local/lib/python3.10/dist-packages:/home/changye/Ros2_gazebo/ros2_ws2/install/controller_manager_msgs/local/lib/python3.10/dist-packages:/home/changye/Ros2_gazebo/ros2_ws2/install/control_msgs/local/lib/python3.10/dist-packages:${PYTHONPATH} /usr/bin/python3 -W ignore:setup.py install is deprecated -W ignore:easy_install command is deprecated setup.py egg_info --egg-base ../../../../build/ros2controlcli build --build-base /home/changye/Ros2_gazebo/ros2_ws2/build/ros2controlcli/build install --record /home/changye/Ros2_gazebo/ros2_ws2/build/ros2controlcli/install.log --single-version-externally-managed install_data
[2.733s] running egg_info
[2.734s] creating ../../../../build/ros2controlcli/ros2controlcli.egg-info
[2.734s] writing ../../../../build/ros2controlcli/ros2controlcli.egg-info/PKG-INFO
[2.734s] writing dependency_links to ../../../../build/ros2controlcli/ros2controlcli.egg-info/dependency_links.txt
[2.734s] writing entry points to ../../../../build/ros2controlcli/ros2controlcli.egg-info/entry_points.txt
[2.735s] writing requirements to ../../../../build/ros2controlcli/ros2controlcli.egg-info/requires.txt
[2.735s] writing top-level names to ../../../../build/ros2controlcli/ros2controlcli.egg-info/top_level.txt
[2.735s] writing manifest file '../../../../build/ros2controlcli/ros2controlcli.egg-info/SOURCES.txt'
[2.735s] reading manifest file '../../../../build/ros2controlcli/ros2controlcli.egg-info/SOURCES.txt'
[2.735s] writing manifest file '../../../../build/ros2controlcli/ros2controlcli.egg-info/SOURCES.txt'
[2.738s] running build
[2.738s] running build_py
[2.738s] creating /home/changye/Ros2_gazebo/ros2_ws2/build/ros2controlcli/build
[2.739s] creating /home/changye/Ros2_gazebo/ros2_ws2/build/ros2controlcli/build/lib
[2.739s] creating /home/changye/Ros2_gazebo/ros2_ws2/build/ros2controlcli/build/lib/ros2controlcli
[2.739s] copying ros2controlcli/__init__.py -> /home/changye/Ros2_gazebo/ros2_ws2/build/ros2controlcli/build/lib/ros2controlcli
[2.739s] creating /home/changye/Ros2_gazebo/ros2_ws2/build/ros2controlcli/build/lib/ros2controlcli/verb
[2.739s] copying ros2controlcli/verb/list_hardware_components.py -> /home/changye/Ros2_gazebo/ros2_ws2/build/ros2controlcli/build/lib/ros2controlcli/verb
[2.739s] copying ros2controlcli/verb/unload_controller.py -> /home/changye/Ros2_gazebo/ros2_ws2/build/ros2controlcli/build/lib/ros2controlcli/verb
[2.739s] copying ros2controlcli/verb/__init__.py -> /home/changye/Ros2_gazebo/ros2_ws2/build/ros2controlcli/build/lib/ros2controlcli/verb
[2.739s] copying ros2controlcli/verb/load_controller.py -> /home/changye/Ros2_gazebo/ros2_ws2/build/ros2controlcli/build/lib/ros2controlcli/verb
[2.739s] copying ros2controlcli/verb/switch_controllers.py -> /home/changye/Ros2_gazebo/ros2_ws2/build/ros2controlcli/build/lib/ros2controlcli/verb
[2.739s] copying ros2controlcli/verb/set_hardware_component_state.py -> /home/changye/Ros2_gazebo/ros2_ws2/build/ros2controlcli/build/lib/ros2controlcli/verb
[2.739s] copying ros2controlcli/verb/set_controller_state.py -> /home/changye/Ros2_gazebo/ros2_ws2/build/ros2controlcli/build/lib/ros2controlcli/verb
[2.740s] copying ros2controlcli/verb/view_controller_chains.py -> /home/changye/Ros2_gazebo/ros2_ws2/build/ros2controlcli/build/lib/ros2controlcli/verb
[2.740s] copying ros2controlcli/verb/list_controllers.py -> /home/changye/Ros2_gazebo/ros2_ws2/build/ros2controlcli/build/lib/ros2controlcli/verb
[2.740s] copying ros2controlcli/verb/reload_controller_libraries.py -> /home/changye/Ros2_gazebo/ros2_ws2/build/ros2controlcli/build/lib/ros2controlcli/verb
[2.740s] copying ros2controlcli/verb/list_hardware_interfaces.py -> /home/changye/Ros2_gazebo/ros2_ws2/build/ros2controlcli/build/lib/ros2controlcli/verb
[2.740s] copying ros2controlcli/verb/list_controller_types.py -> /home/changye/Ros2_gazebo/ros2_ws2/build/ros2controlcli/build/lib/ros2controlcli/verb
[2.740s] creating /home/changye/Ros2_gazebo/ros2_ws2/build/ros2controlcli/build/lib/ros2controlcli/command
[2.740s] copying ros2controlcli/command/control.py -> /home/changye/Ros2_gazebo/ros2_ws2/build/ros2controlcli/build/lib/ros2controlcli/command
[2.740s] copying ros2controlcli/command/__init__.py -> /home/changye/Ros2_gazebo/ros2_ws2/build/ros2controlcli/build/lib/ros2controlcli/command
[2.740s] creating /home/changye/Ros2_gazebo/ros2_ws2/build/ros2controlcli/build/lib/ros2controlcli/api
[2.740s] copying ros2controlcli/api/__init__.py -> /home/changye/Ros2_gazebo/ros2_ws2/build/ros2controlcli/build/lib/ros2controlcli/api
[2.741s] running install
[2.741s] running install_lib
[2.741s] creating /home/changye/Ros2_gazebo/ros2_ws2/install/ros2controlcli/lib/python3.10/site-packages/ros2controlcli
[2.741s] copying /home/changye/Ros2_gazebo/ros2_ws2/build/ros2controlcli/build/lib/ros2controlcli/__init__.py -> /home/changye/Ros2_gazebo/ros2_ws2/install/ros2controlcli/lib/python3.10/site-packages/ros2controlcli
[2.741s] creating /home/changye/Ros2_gazebo/ros2_ws2/install/ros2controlcli/lib/python3.10/site-packages/ros2controlcli/verb
[2.741s] copying /home/changye/Ros2_gazebo/ros2_ws2/build/ros2controlcli/build/lib/ros2controlcli/verb/list_hardware_components.py -> /home/changye/Ros2_gazebo/ros2_ws2/install/ros2controlcli/lib/python3.10/site-packages/ros2controlcli/verb
[2.745s] copying /home/changye/Ros2_gazebo/ros2_ws2/build/ros2controlcli/build/lib/ros2controlcli/verb/unload_controller.py -> /home/changye/Ros2_gazebo/ros2_ws2/install/ros2controlcli/lib/python3.10/site-packages/ros2controlcli/verb
[2.745s] copying /home/changye/Ros2_gazebo/ros2_ws2/build/ros2controlcli/build/lib/ros2controlcli/verb/__init__.py -> /home/changye/Ros2_gazebo/ros2_ws2/install/ros2controlcli/lib/python3.10/site-packages/ros2controlcli/verb
[2.745s] copying /home/changye/Ros2_gazebo/ros2_ws2/build/ros2controlcli/build/lib/ros2controlcli/verb/load_controller.py -> /home/changye/Ros2_gazebo/ros2_ws2/install/ros2controlcli/lib/python3.10/site-packages/ros2controlcli/verb
[2.745s] copying /home/changye/Ros2_gazebo/ros2_ws2/build/ros2controlcli/build/lib/ros2controlcli/verb/switch_controllers.py -> /home/changye/Ros2_gazebo/ros2_ws2/install/ros2controlcli/lib/python3.10/site-packages/ros2controlcli/verb
[2.745s] copying /home/changye/Ros2_gazebo/ros2_ws2/build/ros2controlcli/build/lib/ros2controlcli/verb/set_hardware_component_state.py -> /home/changye/Ros2_gazebo/ros2_ws2/install/ros2controlcli/lib/python3.10/site-packages/ros2controlcli/verb
[2.745s] copying /home/changye/Ros2_gazebo/ros2_ws2/build/ros2controlcli/build/lib/ros2controlcli/verb/set_controller_state.py -> /home/changye/Ros2_gazebo/ros2_ws2/install/ros2controlcli/lib/python3.10/site-packages/ros2controlcli/verb
[2.745s] copying /home/changye/Ros2_gazebo/ros2_ws2/build/ros2controlcli/build/lib/ros2controlcli/verb/view_controller_chains.py -> /home/changye/Ros2_gazebo/ros2_ws2/install/ros2controlcli/lib/python3.10/site-packages/ros2controlcli/verb
[2.745s] copying /home/changye/Ros2_gazebo/ros2_ws2/build/ros2controlcli/build/lib/ros2controlcli/verb/list_controllers.py -> /home/changye/Ros2_gazebo/ros2_ws2/install/ros2controlcli/lib/python3.10/site-packages/ros2controlcli/verb
[2.745s] copying /home/changye/Ros2_gazebo/ros2_ws2/build/ros2controlcli/build/lib/ros2controlcli/verb/reload_controller_libraries.py -> /home/changye/Ros2_gazebo/ros2_ws2/install/ros2controlcli/lib/python3.10/site-packages/ros2controlcli/verb
[2.746s] copying /home/changye/Ros2_gazebo/ros2_ws2/build/ros2controlcli/build/lib/ros2controlcli/verb/list_hardware_interfaces.py -> /home/changye/Ros2_gazebo/ros2_ws2/install/ros2controlcli/lib/python3.10/site-packages/ros2controlcli/verb
[2.746s] copying /home/changye/Ros2_gazebo/ros2_ws2/build/ros2controlcli/build/lib/ros2controlcli/verb/list_controller_types.py -> /home/changye/Ros2_gazebo/ros2_ws2/install/ros2controlcli/lib/python3.10/site-packages/ros2controlcli/verb
[2.746s] creating /home/changye/Ros2_gazebo/ros2_ws2/install/ros2controlcli/lib/python3.10/site-packages/ros2controlcli/command
[2.746s] copying /home/changye/Ros2_gazebo/ros2_ws2/build/ros2controlcli/build/lib/ros2controlcli/command/control.py -> /home/changye/Ros2_gazebo/ros2_ws2/install/ros2controlcli/lib/python3.10/site-packages/ros2controlcli/command
[2.746s] copying /home/changye/Ros2_gazebo/ros2_ws2/build/ros2controlcli/build/lib/ros2controlcli/command/__init__.py -> /home/changye/Ros2_gazebo/ros2_ws2/install/ros2controlcli/lib/python3.10/site-packages/ros2controlcli/command
[2.746s] creating /home/changye/Ros2_gazebo/ros2_ws2/install/ros2controlcli/lib/python3.10/site-packages/ros2controlcli/api
[2.746s] copying /home/changye/Ros2_gazebo/ros2_ws2/build/ros2controlcli/build/lib/ros2controlcli/api/__init__.py -> /home/changye/Ros2_gazebo/ros2_ws2/install/ros2controlcli/lib/python3.10/site-packages/ros2controlcli/api
[2.746s] byte-compiling /home/changye/Ros2_gazebo/ros2_ws2/install/ros2controlcli/lib/python3.10/site-packages/ros2controlcli/__init__.py to __init__.cpython-310.pyc
[2.746s] byte-compiling /home/changye/Ros2_gazebo/ros2_ws2/install/ros2controlcli/lib/python3.10/site-packages/ros2controlcli/verb/list_hardware_components.py to list_hardware_components.cpython-310.pyc
[2.746s] byte-compiling /home/changye/Ros2_gazebo/ros2_ws2/install/ros2controlcli/lib/python3.10/site-packages/ros2controlcli/verb/unload_controller.py to unload_controller.cpython-310.pyc
[2.746s] byte-compiling /home/changye/Ros2_gazebo/ros2_ws2/install/ros2controlcli/lib/python3.10/site-packages/ros2controlcli/verb/__init__.py to __init__.cpython-310.pyc
[2.747s] byte-compiling /home/changye/Ros2_gazebo/ros2_ws2/install/ros2controlcli/lib/python3.10/site-packages/ros2controlcli/verb/load_controller.py to load_controller.cpython-310.pyc
[2.747s] byte-compiling /home/changye/Ros2_gazebo/ros2_ws2/install/ros2controlcli/lib/python3.10/site-packages/ros2controlcli/verb/switch_controllers.py to switch_controllers.cpython-310.pyc
[2.747s] byte-compiling /home/changye/Ros2_gazebo/ros2_ws2/install/ros2controlcli/lib/python3.10/site-packages/ros2controlcli/verb/set_hardware_component_state.py to set_hardware_component_state.cpython-310.pyc
[2.747s] byte-compiling /home/changye/Ros2_gazebo/ros2_ws2/install/ros2controlcli/lib/python3.10/site-packages/ros2controlcli/verb/set_controller_state.py to set_controller_state.cpython-310.pyc
[2.747s] byte-compiling /home/changye/Ros2_gazebo/ros2_ws2/install/ros2controlcli/lib/python3.10/site-packages/ros2controlcli/verb/view_controller_chains.py to view_controller_chains.cpython-310.pyc
[2.747s] byte-compiling /home/changye/Ros2_gazebo/ros2_ws2/install/ros2controlcli/lib/python3.10/site-packages/ros2controlcli/verb/list_controllers.py to list_controllers.cpython-310.pyc
[2.747s] byte-compiling /home/changye/Ros2_gazebo/ros2_ws2/install/ros2controlcli/lib/python3.10/site-packages/ros2controlcli/verb/reload_controller_libraries.py to reload_controller_libraries.cpython-310.pyc
[2.747s] byte-compiling /home/changye/Ros2_gazebo/ros2_ws2/install/ros2controlcli/lib/python3.10/site-packages/ros2controlcli/verb/list_hardware_interfaces.py to list_hardware_interfaces.cpython-310.pyc
[2.747s] byte-compiling /home/changye/Ros2_gazebo/ros2_ws2/install/ros2controlcli/lib/python3.10/site-packages/ros2controlcli/verb/list_controller_types.py to list_controller_types.cpython-310.pyc
[2.747s] byte-compiling /home/changye/Ros2_gazebo/ros2_ws2/install/ros2controlcli/lib/python3.10/site-packages/ros2controlcli/command/control.py to control.cpython-310.pyc
[2.747s] byte-compiling /home/changye/Ros2_gazebo/ros2_ws2/install/ros2controlcli/lib/python3.10/site-packages/ros2controlcli/command/__init__.py to __init__.cpython-310.pyc
[2.748s] byte-compiling /home/changye/Ros2_gazebo/ros2_ws2/install/ros2controlcli/lib/python3.10/site-packages/ros2controlcli/api/__init__.py to __init__.cpython-310.pyc
[2.748s] running install_data
[2.748s] copying package.xml -> /home/changye/Ros2_gazebo/ros2_ws2/install/ros2controlcli/share/ros2controlcli
[2.748s] creating /home/changye/Ros2_gazebo/ros2_ws2/install/ros2controlcli/share/ament_index
[2.748s] creating /home/changye/Ros2_gazebo/ros2_ws2/install/ros2controlcli/share/ament_index/resource_index
[2.748s] creating /home/changye/Ros2_gazebo/ros2_ws2/install/ros2controlcli/share/ament_index/resource_index/packages
[2.752s] copying resource/ros2controlcli -> /home/changye/Ros2_gazebo/ros2_ws2/install/ros2controlcli/share/ament_index/resource_index/packages
[2.759s] running install_egg_info
[2.759s] Copying ../../../../build/ros2controlcli/ros2controlcli.egg-info to /home/changye/Ros2_gazebo/ros2_ws2/install/ros2controlcli/lib/python3.10/site-packages/ros2controlcli-2.47.0-py3.10.egg-info
[2.759s] running install_scripts
[2.759s] writing list of installed files to '/home/changye/Ros2_gazebo/ros2_ws2/build/ros2controlcli/install.log'
[2.761s] Invoked command in '/home/changye/Ros2_gazebo/ros2_ws2/src/ros-controls/ros2_control-humble/ros2controlcli' returned '0': AMENT_PREFIX_PATH=/home/changye/Ros2_gazebo/ros2_ws2/install/controller_manager:/home/changye/Ros2_gazebo/ros2_ws2/install/hardware_interface_testing:/home/changye/Ros2_gazebo/ros2_ws2/install/controller_interface:/home/changye/Ros2_gazebo/ros2_ws2/install/hardware_interface:/home/changye/Ros2_gazebo/ros2_ws2/install/ros2_control_test_assets:/home/changye/Ros2_gazebo/ros2_ws2/install/controller_manager_msgs:/home/changye/Ros2_gazebo/ros2_ws2/install/control_msgs:${AMENT_PREFIX_PATH} CMAKE_PREFIX_PATH=/home/changye/Ros2_gazebo/ros2_ws2/install/controller_manager:/home/changye/Ros2_gazebo/ros2_ws2/install/hardware_interface_testing:/home/changye/Ros2_gazebo/ros2_ws2/install/controller_interface:/home/changye/Ros2_gazebo/ros2_ws2/install/hardware_interface:/home/changye/Ros2_gazebo/ros2_ws2/install/ros2_control_test_assets:/home/changye/Ros2_gazebo/ros2_ws2/install/controller_manager_msgs:/home/changye/Ros2_gazebo/ros2_ws2/install/control_msgs LD_LIBRARY_PATH=/home/changye/Ros2_gazebo/ros2_ws2/install/controller_manager/lib:/home/changye/Ros2_gazebo/ros2_ws2/install/hardware_interface_testing/lib:/home/changye/Ros2_gazebo/ros2_ws2/install/controller_interface/lib:/home/changye/Ros2_gazebo/ros2_ws2/install/hardware_interface/lib:/home/changye/Ros2_gazebo/ros2_ws2/install/controller_manager_msgs/lib:/home/changye/Ros2_gazebo/ros2_ws2/install/control_msgs/lib:/usr/lib/x86_64-linux-gnu/gazebo-11/plugins:/opt/ros/humble/lib/x86_64-linux-gnu:/opt/ros/humble/lib:/usr/lib/x86_64-linux-gnu/gazebo-11/plugins:/usr/share/gazebo-11/../../lib/x86_64-linux-gnu/gazebo-11/plugins:/usr/lib/x86_64-linux-gnu/gazebo-11/plugins PYTHONPATH=/home/changye/Ros2_gazebo/ros2_ws2/build/ros2controlcli/prefix_override:/usr/lib/python3/dist-packages/colcon_core/task/python/colcon_distutils_commands:/home/changye/Ros2_gazebo/ros2_ws2/install/ros2controlcli/lib/python3.10/site-packages:/home/changye/Ros2_gazebo/ros2_ws2/install/controller_manager/local/lib/python3.10/dist-packages:/home/changye/Ros2_gazebo/ros2_ws2/install/controller_manager_msgs/local/lib/python3.10/dist-packages:/home/changye/Ros2_gazebo/ros2_ws2/install/control_msgs/local/lib/python3.10/dist-packages:${PYTHONPATH} /usr/bin/python3 -W ignore:setup.py install is deprecated -W ignore:easy_install command is deprecated setup.py egg_info --egg-base ../../../../build/ros2controlcli build --build-base /home/changye/Ros2_gazebo/ros2_ws2/build/ros2controlcli/build install --record /home/changye/Ros2_gazebo/ros2_ws2/build/ros2controlcli/install.log --single-version-externally-managed install_data
