[0.039s] Invoking command in '/home/changye/Ros2_gazebo/ros2_ws2/build/transmission_interface': AMENT_PREFIX_PATH=/home/changye/Ros2_gazebo/ros2_ws2/install/hardware_interface:/home/changye/Ros2_gazebo/ros2_ws2/install/ros2_control_test_assets:/home/changye/Ros2_gazebo/ros2_ws2/install/control_msgs:${AMENT_PREFIX_PATH} CMAKE_PREFIX_PATH=/home/changye/Ros2_gazebo/ros2_ws2/install/hardware_interface:/home/changye/Ros2_gazebo/ros2_ws2/install/ros2_control_test_assets:/home/changye/Ros2_gazebo/ros2_ws2/install/control_msgs:/opt/ros/humble LD_LIBRARY_PATH=/home/changye/Ros2_gazebo/ros2_ws2/install/hardware_interface/lib:/home/changye/Ros2_gazebo/ros2_ws2/install/control_msgs/lib:/usr/lib/x86_64-linux-gnu/gazebo-11/plugins:/opt/ros/humble/lib/x86_64-linux-gnu:/opt/ros/humble/lib:/usr/lib/x86_64-linux-gnu/gazebo-11/plugins:/usr/share/gazebo-11/../../lib/x86_64-linux-gnu/gazebo-11/plugins:/usr/lib/x86_64-linux-gnu/gazebo-11/plugins PYTHONPATH=/home/changye/Ros2_gazebo/ros2_ws2/install/control_msgs/local/lib/python3.10/dist-packages:${PYTHONPATH} /usr/bin/cmake --build /home/changye/Ros2_gazebo/ros2_ws2/build/transmission_interface -- -j12 -l12
[0.152s] [35m[1mConsolidate compiler generated dependencies of target gmock[0m
[0.157s] [35m[1mConsolidate compiler generated dependencies of target gmock_main[0m
[0.163s] [ 12%] Built target gmock
[0.169s] [ 20%] Built target gmock_main
[0.203s] [35m[1mConsolidate compiler generated dependencies of target test_utils[0m
[0.205s] [35m[1mConsolidate compiler generated dependencies of target test_differential_transmission[0m
[0.206s] [35m[1mConsolidate compiler generated dependencies of target test_simple_transmission[0m
[0.209s] [ 25%] Built target ament_generate_version_header__transmission_interface
[0.211s] [35m[1mConsolidate compiler generated dependencies of target test_four_bar_linkage_transmission_loader[0m
[0.218s] [35m[1mConsolidate compiler generated dependencies of target test_differential_transmission_loader[0m
[0.218s] [35m[1mConsolidate compiler generated dependencies of target test_simple_transmission_loader[0m
[0.218s] [ 33%] Built target test_utils
[0.220s] [ 41%] Built target test_differential_transmission
[0.221s] [ 50%] Built target test_simple_transmission
[0.221s] [35m[1mConsolidate compiler generated dependencies of target test_four_bar_linkage_transmission[0m
[0.228s] [ 58%] Built target test_differential_transmission_loader
[0.228s] [ 66%] Built target test_four_bar_linkage_transmission_loader
[0.230s] [ 75%] Built target test_simple_transmission_loader
[0.232s] [35m[1mConsolidate compiler generated dependencies of target transmission_interface[0m
[0.234s] [ 83%] Built target test_four_bar_linkage_transmission
[0.251s] [100%] Built target transmission_interface
[0.259s] Invoked command in '/home/changye/Ros2_gazebo/ros2_ws2/build/transmission_interface' returned '0': AMENT_PREFIX_PATH=/home/changye/Ros2_gazebo/ros2_ws2/install/hardware_interface:/home/changye/Ros2_gazebo/ros2_ws2/install/ros2_control_test_assets:/home/changye/Ros2_gazebo/ros2_ws2/install/control_msgs:${AMENT_PREFIX_PATH} CMAKE_PREFIX_PATH=/home/changye/Ros2_gazebo/ros2_ws2/install/hardware_interface:/home/changye/Ros2_gazebo/ros2_ws2/install/ros2_control_test_assets:/home/changye/Ros2_gazebo/ros2_ws2/install/control_msgs:/opt/ros/humble LD_LIBRARY_PATH=/home/changye/Ros2_gazebo/ros2_ws2/install/hardware_interface/lib:/home/changye/Ros2_gazebo/ros2_ws2/install/control_msgs/lib:/usr/lib/x86_64-linux-gnu/gazebo-11/plugins:/opt/ros/humble/lib/x86_64-linux-gnu:/opt/ros/humble/lib:/usr/lib/x86_64-linux-gnu/gazebo-11/plugins:/usr/share/gazebo-11/../../lib/x86_64-linux-gnu/gazebo-11/plugins:/usr/lib/x86_64-linux-gnu/gazebo-11/plugins PYTHONPATH=/home/changye/Ros2_gazebo/ros2_ws2/install/control_msgs/local/lib/python3.10/dist-packages:${PYTHONPATH} /usr/bin/cmake --build /home/changye/Ros2_gazebo/ros2_ws2/build/transmission_interface -- -j12 -l12
[0.262s] Invoking command in '/home/changye/Ros2_gazebo/ros2_ws2/build/transmission_interface': AMENT_PREFIX_PATH=/home/changye/Ros2_gazebo/ros2_ws2/install/hardware_interface:/home/changye/Ros2_gazebo/ros2_ws2/install/ros2_control_test_assets:/home/changye/Ros2_gazebo/ros2_ws2/install/control_msgs:${AMENT_PREFIX_PATH} CMAKE_PREFIX_PATH=/home/changye/Ros2_gazebo/ros2_ws2/install/hardware_interface:/home/changye/Ros2_gazebo/ros2_ws2/install/ros2_control_test_assets:/home/changye/Ros2_gazebo/ros2_ws2/install/control_msgs:/opt/ros/humble LD_LIBRARY_PATH=/home/changye/Ros2_gazebo/ros2_ws2/install/hardware_interface/lib:/home/changye/Ros2_gazebo/ros2_ws2/install/control_msgs/lib:/usr/lib/x86_64-linux-gnu/gazebo-11/plugins:/opt/ros/humble/lib/x86_64-linux-gnu:/opt/ros/humble/lib:/usr/lib/x86_64-linux-gnu/gazebo-11/plugins:/usr/share/gazebo-11/../../lib/x86_64-linux-gnu/gazebo-11/plugins:/usr/lib/x86_64-linux-gnu/gazebo-11/plugins PYTHONPATH=/home/changye/Ros2_gazebo/ros2_ws2/install/control_msgs/local/lib/python3.10/dist-packages:${PYTHONPATH} /usr/bin/cmake --install /home/changye/Ros2_gazebo/ros2_ws2/build/transmission_interface
[0.270s] -- Install configuration: ""
[0.270s] -- Up-to-date: /home/changye/Ros2_gazebo/ros2_ws2/install/transmission_interface/include
[0.270s] -- Up-to-date: /home/changye/Ros2_gazebo/ros2_ws2/install/transmission_interface/include/transmission_interface
[0.271s] -- Up-to-date: /home/changye/Ros2_gazebo/ros2_ws2/install/transmission_interface/include/transmission_interface/accessor.hpp
[0.271s] -- Up-to-date: /home/changye/Ros2_gazebo/ros2_ws2/install/transmission_interface/include/transmission_interface/handle.hpp
[0.271s] -- Up-to-date: /home/changye/Ros2_gazebo/ros2_ws2/install/transmission_interface/include/transmission_interface/simple_transmission.hpp
[0.271s] -- Up-to-date: /home/changye/Ros2_gazebo/ros2_ws2/install/transmission_interface/include/transmission_interface/differential_transmission_loader.hpp
[0.271s] -- Up-to-date: /home/changye/Ros2_gazebo/ros2_ws2/install/transmission_interface/include/transmission_interface/four_bar_linkage_transmission_loader.hpp
[0.271s] -- Up-to-date: /home/changye/Ros2_gazebo/ros2_ws2/install/transmission_interface/include/transmission_interface/transmission_loader.hpp
[0.271s] -- Up-to-date: /home/changye/Ros2_gazebo/ros2_ws2/install/transmission_interface/include/transmission_interface/transmission.hpp
[0.271s] -- Up-to-date: /home/changye/Ros2_gazebo/ros2_ws2/install/transmission_interface/include/transmission_interface/four_bar_linkage_transmission.hpp
[0.271s] -- Up-to-date: /home/changye/Ros2_gazebo/ros2_ws2/install/transmission_interface/include/transmission_interface/exception.hpp
[0.271s] -- Up-to-date: /home/changye/Ros2_gazebo/ros2_ws2/install/transmission_interface/include/transmission_interface/visibility_control.h
[0.271s] -- Up-to-date: /home/changye/Ros2_gazebo/ros2_ws2/install/transmission_interface/include/transmission_interface/transmission_interface_exception.hpp
[0.272s] -- Up-to-date: /home/changye/Ros2_gazebo/ros2_ws2/install/transmission_interface/include/transmission_interface/simple_transmission_loader.hpp
[0.272s] -- Up-to-date: /home/changye/Ros2_gazebo/ros2_ws2/install/transmission_interface/include/transmission_interface/differential_transmission.hpp
[0.272s] -- Up-to-date: /home/changye/Ros2_gazebo/ros2_ws2/install/transmission_interface/share/transmission_interface/ros2_control_plugins.xml
[0.272s] -- Up-to-date: /home/changye/Ros2_gazebo/ros2_ws2/install/transmission_interface/lib/libtransmission_interface.so
[0.272s] -- Up-to-date: /home/changye/Ros2_gazebo/ros2_ws2/install/transmission_interface/share/transmission_interface/environment/library_path.sh
[0.272s] -- Up-to-date: /home/changye/Ros2_gazebo/ros2_ws2/install/transmission_interface/share/transmission_interface/environment/library_path.dsv
[0.272s] -- Up-to-date: /home/changye/Ros2_gazebo/ros2_ws2/install/transmission_interface/share/ament_index/resource_index/package_run_dependencies/transmission_interface
[0.272s] -- Up-to-date: /home/changye/Ros2_gazebo/ros2_ws2/install/transmission_interface/share/ament_index/resource_index/parent_prefix_path/transmission_interface
[0.272s] -- Up-to-date: /home/changye/Ros2_gazebo/ros2_ws2/install/transmission_interface/share/transmission_interface/environment/ament_prefix_path.sh
[0.272s] -- Up-to-date: /home/changye/Ros2_gazebo/ros2_ws2/install/transmission_interface/share/transmission_interface/environment/ament_prefix_path.dsv
[0.272s] -- Up-to-date: /home/changye/Ros2_gazebo/ros2_ws2/install/transmission_interface/share/transmission_interface/environment/path.sh
[0.273s] -- Up-to-date: /home/changye/Ros2_gazebo/ros2_ws2/install/transmission_interface/share/transmission_interface/environment/path.dsv
[0.273s] -- Up-to-date: /home/changye/Ros2_gazebo/ros2_ws2/install/transmission_interface/share/transmission_interface/local_setup.bash
[0.273s] -- Up-to-date: /home/changye/Ros2_gazebo/ros2_ws2/install/transmission_interface/share/transmission_interface/local_setup.sh
[0.273s] -- Up-to-date: /home/changye/Ros2_gazebo/ros2_ws2/install/transmission_interface/share/transmission_interface/local_setup.zsh
[0.273s] -- Up-to-date: /home/changye/Ros2_gazebo/ros2_ws2/install/transmission_interface/share/transmission_interface/local_setup.dsv
[0.273s] -- Installing: /home/changye/Ros2_gazebo/ros2_ws2/install/transmission_interface/share/transmission_interface/package.dsv
[0.273s] -- Up-to-date: /home/changye/Ros2_gazebo/ros2_ws2/install/transmission_interface/share/ament_index/resource_index/packages/transmission_interface
[0.273s] -- Up-to-date: /home/changye/Ros2_gazebo/ros2_ws2/install/transmission_interface/share/ament_index/resource_index/transmission_interface__pluginlib__plugin/transmission_interface
[0.273s] -- Up-to-date: /home/changye/Ros2_gazebo/ros2_ws2/install/transmission_interface/share/transmission_interface/cmake/ament_cmake_export_include_directories-extras.cmake
[0.273s] -- Up-to-date: /home/changye/Ros2_gazebo/ros2_ws2/install/transmission_interface/share/transmission_interface/cmake/ament_cmake_export_dependencies-extras.cmake
[0.274s] -- Up-to-date: /home/changye/Ros2_gazebo/ros2_ws2/install/transmission_interface/share/transmission_interface/cmake/ament_cmake_export_libraries-extras.cmake
[0.274s] -- Up-to-date: /home/changye/Ros2_gazebo/ros2_ws2/install/transmission_interface/share/transmission_interface/cmake/transmission_interfaceConfig.cmake
[0.274s] -- Up-to-date: /home/changye/Ros2_gazebo/ros2_ws2/install/transmission_interface/share/transmission_interface/cmake/transmission_interfaceConfig-version.cmake
[0.274s] -- Up-to-date: /home/changye/Ros2_gazebo/ros2_ws2/install/transmission_interface/share/transmission_interface/package.xml
[0.274s] -- Up-to-date: /home/changye/Ros2_gazebo/ros2_ws2/install/transmission_interface/include/transmission_interface/transmission_interface/version.h
[0.275s] Invoked command in '/home/changye/Ros2_gazebo/ros2_ws2/build/transmission_interface' returned '0': AMENT_PREFIX_PATH=/home/changye/Ros2_gazebo/ros2_ws2/install/hardware_interface:/home/changye/Ros2_gazebo/ros2_ws2/install/ros2_control_test_assets:/home/changye/Ros2_gazebo/ros2_ws2/install/control_msgs:${AMENT_PREFIX_PATH} CMAKE_PREFIX_PATH=/home/changye/Ros2_gazebo/ros2_ws2/install/hardware_interface:/home/changye/Ros2_gazebo/ros2_ws2/install/ros2_control_test_assets:/home/changye/Ros2_gazebo/ros2_ws2/install/control_msgs:/opt/ros/humble LD_LIBRARY_PATH=/home/changye/Ros2_gazebo/ros2_ws2/install/hardware_interface/lib:/home/changye/Ros2_gazebo/ros2_ws2/install/control_msgs/lib:/usr/lib/x86_64-linux-gnu/gazebo-11/plugins:/opt/ros/humble/lib/x86_64-linux-gnu:/opt/ros/humble/lib:/usr/lib/x86_64-linux-gnu/gazebo-11/plugins:/usr/share/gazebo-11/../../lib/x86_64-linux-gnu/gazebo-11/plugins:/usr/lib/x86_64-linux-gnu/gazebo-11/plugins PYTHONPATH=/home/changye/Ros2_gazebo/ros2_ws2/install/control_msgs/local/lib/python3.10/dist-packages:${PYTHONPATH} /usr/bin/cmake --install /home/changye/Ros2_gazebo/ros2_ws2/build/transmission_interface
