[0.058s] Invoking command in '/home/changye/Ros2_gazebo/ros2_ws2/build/ros2_control_demo_description': CMAKE_PREFIX_PATH=/opt/ros/humble /usr/bin/cmake --build /home/changye/Ros2_gazebo/ros2_ws2/build/ros2_control_demo_description -- -j12 -l12
[0.821s] Invoked command in '/home/changye/Ros2_gazebo/ros2_ws2/build/ros2_control_demo_description' returned '0': CMAKE_PREFIX_PATH=/opt/ros/humble /usr/bin/cmake --build /home/changye/Ros2_gazebo/ros2_ws2/build/ros2_control_demo_description -- -j12 -l12
[0.822s] Invoking command in '/home/changye/Ros2_gazebo/ros2_ws2/build/ros2_control_demo_description': CMAKE_PREFIX_PATH=/opt/ros/humble /usr/bin/cmake --install /home/changye/Ros2_gazebo/ros2_ws2/build/ros2_control_demo_description
[0.830s] -- Install configuration: ""
[0.830s] -- Up-to-date: /home/changye/Ros2_gazebo/ros2_ws2/install/ros2_control_demo_description/share/ros2_control_demo_description/rrbot/urdf
[0.840s] -- Up-to-date: /home/changye/Ros2_gazebo/ros2_ws2/install/ros2_control_demo_description/share/ros2_control_demo_description/rrbot/urdf/rrbot_description.urdf.xacro
[0.840s] -- Up-to-date: /home/changye/Ros2_gazebo/ros2_ws2/install/ros2_control_demo_description/share/ros2_control_demo_description/rrbot/urdf/rrbot.materials.xacro
[0.841s] -- Up-to-date: /home/changye/Ros2_gazebo/ros2_ws2/install/ros2_control_demo_description/share/ros2_control_demo_description/rrbot/rviz
[0.841s] -- Up-to-date: /home/changye/Ros2_gazebo/ros2_ws2/install/ros2_control_demo_description/share/ros2_control_demo_description/rrbot/rviz/rrbot.rviz
[0.841s] -- Up-to-date: /home/changye/Ros2_gazebo/ros2_ws2/install/ros2_control_demo_description/share/ros2_control_demo_description/diffbot/urdf
[0.842s] -- Up-to-date: /home/changye/Ros2_gazebo/ros2_ws2/install/ros2_control_demo_description/share/ros2_control_demo_description/diffbot/urdf/diffbot.materials.xacro
[0.842s] -- Up-to-date: /home/changye/Ros2_gazebo/ros2_ws2/install/ros2_control_demo_description/share/ros2_control_demo_description/diffbot/urdf/diffbot_description.urdf.xacro
[0.842s] -- Up-to-date: /home/changye/Ros2_gazebo/ros2_ws2/install/ros2_control_demo_description/share/ros2_control_demo_description/diffbot/rviz
[0.842s] -- Up-to-date: /home/changye/Ros2_gazebo/ros2_ws2/install/ros2_control_demo_description/share/ros2_control_demo_description/diffbot/rviz/diffbot.rviz
[0.842s] -- Up-to-date: /home/changye/Ros2_gazebo/ros2_ws2/install/ros2_control_demo_description/share/ros2_control_demo_description/diffbot/rviz/diffbot_view.rviz
[0.842s] -- Up-to-date: /home/changye/Ros2_gazebo/ros2_ws2/install/ros2_control_demo_description/share/ros2_control_demo_description/r6bot/meshes
[0.842s] -- Up-to-date: /home/changye/Ros2_gazebo/ros2_ws2/install/ros2_control_demo_description/share/ros2_control_demo_description/r6bot/meshes/collision
[0.842s] -- Up-to-date: /home/changye/Ros2_gazebo/ros2_ws2/install/ros2_control_demo_description/share/ros2_control_demo_description/r6bot/meshes/collision/link_0.stl
[0.843s] -- Up-to-date: /home/changye/Ros2_gazebo/ros2_ws2/install/ros2_control_demo_description/share/ros2_control_demo_description/r6bot/meshes/collision/link_2.stl
[0.843s] -- Up-to-date: /home/changye/Ros2_gazebo/ros2_ws2/install/ros2_control_demo_description/share/ros2_control_demo_description/r6bot/meshes/collision/link_5.stl
[0.843s] -- Up-to-date: /home/changye/Ros2_gazebo/ros2_ws2/install/ros2_control_demo_description/share/ros2_control_demo_description/r6bot/meshes/collision/link_6.stl
[0.843s] -- Up-to-date: /home/changye/Ros2_gazebo/ros2_ws2/install/ros2_control_demo_description/share/ros2_control_demo_description/r6bot/meshes/collision/link_4.stl
[0.843s] -- Up-to-date: /home/changye/Ros2_gazebo/ros2_ws2/install/ros2_control_demo_description/share/ros2_control_demo_description/r6bot/meshes/collision/link_3.stl
[0.843s] -- Up-to-date: /home/changye/Ros2_gazebo/ros2_ws2/install/ros2_control_demo_description/share/ros2_control_demo_description/r6bot/meshes/collision/link_1.stl
[0.843s] -- Up-to-date: /home/changye/Ros2_gazebo/ros2_ws2/install/ros2_control_demo_description/share/ros2_control_demo_description/r6bot/meshes/visual
[0.843s] -- Up-to-date: /home/changye/Ros2_gazebo/ros2_ws2/install/ros2_control_demo_description/share/ros2_control_demo_description/r6bot/meshes/visual/link_0.dae
[0.843s] -- Up-to-date: /home/changye/Ros2_gazebo/ros2_ws2/install/ros2_control_demo_description/share/ros2_control_demo_description/r6bot/meshes/visual/link_4.dae
[0.844s] -- Up-to-date: /home/changye/Ros2_gazebo/ros2_ws2/install/ros2_control_demo_description/share/ros2_control_demo_description/r6bot/meshes/visual/link_6.dae
[0.844s] -- Up-to-date: /home/changye/Ros2_gazebo/ros2_ws2/install/ros2_control_demo_description/share/ros2_control_demo_description/r6bot/meshes/visual/link_3.dae
[0.844s] -- Up-to-date: /home/changye/Ros2_gazebo/ros2_ws2/install/ros2_control_demo_description/share/ros2_control_demo_description/r6bot/meshes/visual/link_1.dae
[0.844s] -- Up-to-date: /home/changye/Ros2_gazebo/ros2_ws2/install/ros2_control_demo_description/share/ros2_control_demo_description/r6bot/meshes/visual/link_2.dae
[0.844s] -- Up-to-date: /home/changye/Ros2_gazebo/ros2_ws2/install/ros2_control_demo_description/share/ros2_control_demo_description/r6bot/meshes/visual/link_5.dae
[0.844s] -- Up-to-date: /home/changye/Ros2_gazebo/ros2_ws2/install/ros2_control_demo_description/share/ros2_control_demo_description/r6bot/srdf
[0.844s] -- Up-to-date: /home/changye/Ros2_gazebo/ros2_ws2/install/ros2_control_demo_description/share/ros2_control_demo_description/r6bot/srdf/r6bot.srdf
[0.844s] -- Up-to-date: /home/changye/Ros2_gazebo/ros2_ws2/install/ros2_control_demo_description/share/ros2_control_demo_description/r6bot/urdf
[0.844s] -- Up-to-date: /home/changye/Ros2_gazebo/ros2_ws2/install/ros2_control_demo_description/share/ros2_control_demo_description/r6bot/urdf/r6bot_description.urdf.xacro
[0.844s] -- Up-to-date: /home/changye/Ros2_gazebo/ros2_ws2/install/ros2_control_demo_description/share/ros2_control_demo_description/r6bot/urdf/inc
[0.845s] -- Up-to-date: /home/changye/Ros2_gazebo/ros2_ws2/install/ros2_control_demo_description/share/ros2_control_demo_description/r6bot/urdf/inc/create_link.xacro
[0.845s] -- Up-to-date: /home/changye/Ros2_gazebo/ros2_ws2/install/ros2_control_demo_description/share/ros2_control_demo_description/r6bot/rviz
[0.845s] -- Up-to-date: /home/changye/Ros2_gazebo/ros2_ws2/install/ros2_control_demo_description/share/ros2_control_demo_description/r6bot/rviz/view_robot.rviz
[0.845s] -- Up-to-date: /home/changye/Ros2_gazebo/ros2_ws2/install/ros2_control_demo_description/share/ament_index/resource_index/package_run_dependencies/ros2_control_demo_description
[0.845s] -- Up-to-date: /home/changye/Ros2_gazebo/ros2_ws2/install/ros2_control_demo_description/share/ament_index/resource_index/parent_prefix_path/ros2_control_demo_description
[0.845s] -- Up-to-date: /home/changye/Ros2_gazebo/ros2_ws2/install/ros2_control_demo_description/share/ros2_control_demo_description/environment/ament_prefix_path.sh
[0.845s] -- Up-to-date: /home/changye/Ros2_gazebo/ros2_ws2/install/ros2_control_demo_description/share/ros2_control_demo_description/environment/ament_prefix_path.dsv
[0.845s] -- Up-to-date: /home/changye/Ros2_gazebo/ros2_ws2/install/ros2_control_demo_description/share/ros2_control_demo_description/environment/path.sh
[0.845s] -- Up-to-date: /home/changye/Ros2_gazebo/ros2_ws2/install/ros2_control_demo_description/share/ros2_control_demo_description/environment/path.dsv
[0.846s] -- Up-to-date: /home/changye/Ros2_gazebo/ros2_ws2/install/ros2_control_demo_description/share/ros2_control_demo_description/local_setup.bash
[0.846s] -- Up-to-date: /home/changye/Ros2_gazebo/ros2_ws2/install/ros2_control_demo_description/share/ros2_control_demo_description/local_setup.sh
[0.846s] -- Up-to-date: /home/changye/Ros2_gazebo/ros2_ws2/install/ros2_control_demo_description/share/ros2_control_demo_description/local_setup.zsh
[0.846s] -- Up-to-date: /home/changye/Ros2_gazebo/ros2_ws2/install/ros2_control_demo_description/share/ros2_control_demo_description/local_setup.dsv
[0.846s] -- Up-to-date: /home/changye/Ros2_gazebo/ros2_ws2/install/ros2_control_demo_description/share/ros2_control_demo_description/package.dsv
[0.846s] -- Up-to-date: /home/changye/Ros2_gazebo/ros2_ws2/install/ros2_control_demo_description/share/ament_index/resource_index/packages/ros2_control_demo_description
[0.846s] -- Up-to-date: /home/changye/Ros2_gazebo/ros2_ws2/install/ros2_control_demo_description/share/ros2_control_demo_description/cmake/ros2_control_demo_descriptionConfig.cmake
[0.846s] -- Up-to-date: /home/changye/Ros2_gazebo/ros2_ws2/install/ros2_control_demo_description/share/ros2_control_demo_description/cmake/ros2_control_demo_descriptionConfig-version.cmake
[0.846s] -- Up-to-date: /home/changye/Ros2_gazebo/ros2_ws2/install/ros2_control_demo_description/share/ros2_control_demo_description/package.xml
[1.070s] Invoked command in '/home/changye/Ros2_gazebo/ros2_ws2/build/ros2_control_demo_description' returned '0': CMAKE_PREFIX_PATH=/opt/ros/humble /usr/bin/cmake --install /home/changye/Ros2_gazebo/ros2_ws2/build/ros2_control_demo_description
