-- Found ament_cmake: 1.3.6 (/home/changye/ros2_humble/install/ament_cmake/share/ament_cmake/cmake)
-- Override CMake install command with custom implementation using symlinks instead of copying resources
-- Found kdl_parser: 2.6.4 (/home/changye/ros2_humble/install/kdl_parser/share/kdl_parser/cmake)
-- Found eigen3_cmake_module: 0.1.1 (/home/changye/ros2_humble/install/eigen3_cmake_module/share/eigen3_cmake_module/cmake)
-- Ensuring Eigen3 include directory is part of orocos-kdl CMake target
-- Found kinematics_interface: 1.0.0 (/home/changye/Ros2_gazebo/ros2_ws2/install/kinematics_interface/share/kinematics_interface/cmake)
-- Found rosidl_generator_c: 3.1.5 (/home/changye/ros2_humble/install/rosidl_generator_c/share/rosidl_generator_c/cmake)
-- Found rosidl_adapter: 3.1.5 (/home/changye/ros2_humble/install/rosidl_adapter/share/rosidl_adapter/cmake)
-- Found rosidl_generator_cpp: 3.1.5 (/home/changye/ros2_humble/install/rosidl_generator_cpp/share/rosidl_generator_cpp/cmake)
-- Using all available rosidl_typesupport_c: rosidl_typesupport_fastrtps_c;rosidl_typesupport_introspection_c
-- Using all available rosidl_typesupport_cpp: rosidl_typesupport_fastrtps_cpp;rosidl_typesupport_introspection_cpp
-- Found rmw_implementation_cmake: 6.1.1 (/home/changye/ros2_humble/install/rmw_implementation_cmake/share/rmw_implementation_cmake/cmake)
-- Found rmw_fastrtps_cpp: 6.2.5 (/home/changye/ros2_humble/install/rmw_fastrtps_cpp/share/rmw_fastrtps_cpp/cmake)
-- Using RMW implementation 'rmw_fastrtps_cpp' as default
-- Found pluginlib: 5.1.0 (/home/changye/ros2_humble/install/pluginlib/share/pluginlib/cmake)
-- Found tf2_eigen_kdl: 0.25.5 (/home/changye/ros2_humble/install/tf2_eigen_kdl/share/tf2_eigen_kdl/cmake)
-- Found ament_cmake_gmock: 1.3.6 (/home/changye/ros2_humble/install/ament_cmake_gmock/share/ament_cmake_gmock/cmake)
-- Found ros2_control_test_assets: 2.36.0 (/home/changye/Ros2_gazebo/ros2_ws2/install/ros2_control_test_assets/share/ros2_control_test_assets/cmake)
-- Found gmock sources under '/home/changye/ros2_humble/install/gmock_vendor/src/gmock_vendor': C++ tests using 'Google Mock' will be built
-- Found ament_cmake_gtest: 1.3.6 (/home/changye/ros2_humble/install/ament_cmake_gtest/share/ament_cmake_gtest/cmake)
-- Found gtest sources under '/home/changye/ros2_humble/install/gtest_vendor/src/gtest_vendor': C++ tests using 'Google Test' will be built
-- Configuring done
-- Generating done
-- Build files have been written to: /home/changye/Ros2_gazebo/ros2_ws2/build/kinematics_interface_kdl
