[4.308s] Invoking command in '/home/changye/Ros2_gazebo/ros2_ws2/build/agv_control_pkg': PYTHONPATH=/home/changye/Ros2_gazebo/ros2_ws2/build/agv_control_pkg/prefix_override:/usr/lib/python3/dist-packages/colcon_core/task/python/colcon_distutils_commands:/home/changye/Ros2_gazebo/ros2_ws2/install/agv_control_pkg/lib/python3.10/site-packages:${PYTHONPATH} /usr/bin/python3 -W ignore:setup.py install is deprecated -W ignore:easy_install command is deprecated setup.py develop --editable --build-directory /home/changye/Ros2_gazebo/ros2_ws2/build/agv_control_pkg/build --no-deps symlink_data --force
[4.779s] running develop
[6.018s] running egg_info
[6.018s] writing agv_control_pkg.egg-info/PKG-INFO
[6.019s] writing dependency_links to agv_control_pkg.egg-info/dependency_links.txt
[6.019s] writing entry points to agv_control_pkg.egg-info/entry_points.txt
[6.019s] writing requirements to agv_control_pkg.egg-info/requires.txt
[6.020s] writing top-level names to agv_control_pkg.egg-info/top_level.txt
[6.021s] reading manifest file 'agv_control_pkg.egg-info/SOURCES.txt'
[6.060s] writing manifest file 'agv_control_pkg.egg-info/SOURCES.txt'
[6.064s] running build_ext
[6.065s] Creating /home/changye/Ros2_gazebo/ros2_ws2/install/agv_control_pkg/lib/python3.10/site-packages/agv-control-pkg.egg-link (link to .)
[6.065s] Installing agv_controller script to /home/changye/Ros2_gazebo/ros2_ws2/install/agv_control_pkg/lib/agv_control_pkg
[6.082s] Installing line_detection script to /home/changye/Ros2_gazebo/ros2_ws2/install/agv_control_pkg/lib/agv_control_pkg
[6.082s] Installing tag_detection script to /home/changye/Ros2_gazebo/ros2_ws2/install/agv_control_pkg/lib/agv_control_pkg
[6.082s] Installing tag_detection_old script to /home/changye/Ros2_gazebo/ros2_ws2/install/agv_control_pkg/lib/agv_control_pkg
[6.082s] Installing tf_broadcaster script to /home/changye/Ros2_gazebo/ros2_ws2/install/agv_control_pkg/lib/agv_control_pkg
[6.083s] 
[6.083s] Installed /home/changye/Ros2_gazebo/ros2_ws2/build/agv_control_pkg
[6.083s] running symlink_data
[6.083s] symbolically linking /home/changye/Ros2_gazebo/ros2_ws2/build/agv_control_pkg/resource/agv_control_pkg -> /home/changye/Ros2_gazebo/ros2_ws2/install/agv_control_pkg/share/ament_index/resource_index/packages
[6.083s] symbolically linking /home/changye/Ros2_gazebo/ros2_ws2/build/agv_control_pkg/package.xml -> /home/changye/Ros2_gazebo/ros2_ws2/install/agv_control_pkg/share/agv_control_pkg
[6.105s] Invoked command in '/home/changye/Ros2_gazebo/ros2_ws2/build/agv_control_pkg' returned '0': PYTHONPATH=/home/changye/Ros2_gazebo/ros2_ws2/build/agv_control_pkg/prefix_override:/usr/lib/python3/dist-packages/colcon_core/task/python/colcon_distutils_commands:/home/changye/Ros2_gazebo/ros2_ws2/install/agv_control_pkg/lib/python3.10/site-packages:${PYTHONPATH} /usr/bin/python3 -W ignore:setup.py install is deprecated -W ignore:easy_install command is deprecated setup.py develop --editable --build-directory /home/changye/Ros2_gazebo/ros2_ws2/build/agv_control_pkg/build --no-deps symlink_data --force
