[0.188s] Invoking command in '/home/changye/Ros2_gazebo/ros2_ws2/build/control_msgs': CMAKE_PREFIX_PATH=${CMAKE_PREFIX_PATH}:/home/changye/Ros2_gazebo/ros2_ws2/install/agv_control_pkg:/opt/ros/humble:/home/changye/ros2_humble/install/rqt_bag_plugins:/home/changye/ros2_humble/install/rqt_bag:/home/changye/ros2_humble/install/ros2bag:/home/changye/ros2_humble/install/tracetools_test:/home/changye/ros2_humble/install/tracetools_launch:/home/changye/ros2_humble/install/topic_monitor:/home/changye/ros2_humble/install/tf2_tools:/home/changye/ros2_humble/install/examples_tf2_py:/home/changye/ros2_humble/install/tf2_ros_py:/home/changye/ros2_humble/install/sros2:/home/changye/ros2_humble/install/rqt_topic:/home/changye/ros2_humble/install/rqt_srv:/home/changye/ros2_humble/install/rqt_shell:/home/changye/ros2_humble/install/rqt_service_caller:/home/changye/ros2_humble/install/rqt_reconfigure:/home/changye/ros2_humble/install/rqt_py_console:/home/changye/ros2_humble/install/rqt_publisher:/home/changye/ros2_humble/install/rqt_plot:/home/changye/ros2_humble/install/rqt_action:/home/changye/ros2_humble/install/rqt_msg:/home/changye/ros2_humble/install/rqt_console:/home/changye/ros2_humble/install/rqt:/home/changye/ros2_humble/install/rqt_graph:/home/changye/ros2_humble/install/rqt_gui_py:/home/changye/ros2_humble/install/rqt_gui:/home/changye/ros2_humble/install/ros2trace:/home/changye/ros2_humble/install/ros2topic:/home/changye/ros2_humble/install/ros2test:/home/changye/ros2_humble/install/ros2component:/home/changye/ros2_humble/install/ros2param:/home/changye/ros2_humble/install/ros2lifecycle:/home/changye/ros2_humble/install/ros2service:/home/changye/ros2_humble/install/ros2run:/home/changye/ros2_humble/install/ros2launch:/home/changye/ros2_humble/install/ros2pkg:/home/changye/ros2_humble/install/ros2node:/home/changye/ros2_humble/install/ros2multicast:/home/changye/ros2_humble/install/ros2interface:/home/changye/ros2_humble/install/ros2doctor:/home/changye/ros2_humble/install/ros2action:/home/changye/ros2_humble/install/ros2cli:/home/changye/ros2_humble/install/quality_of_service_demo_py:/home/changye/ros2_humble/install/lifecycle_py:/home/changye/ros2_humble/install/launch_testing_ros:/home/changye/ros2_humble/install/launch_ros:/home/changye/ros2_humble/install/examples_rclpy_pointcloud_publisher:/home/changye/ros2_humble/install/examples_rclpy_minimal_subscriber:/home/changye/ros2_humble/install/examples_rclpy_minimal_service:/home/changye/ros2_humble/install/examples_rclpy_minimal_publisher:/home/changye/ros2_humble/install/examples_rclpy_minimal_client:/home/changye/ros2_humble/install/examples_rclpy_minimal_action_server:/home/changye/ros2_humble/install/examples_rclpy_minimal_action_client:/home/changye/ros2_humble/install/examples_rclpy_guard_conditions:/home/changye/ros2_humble/install/examples_rclpy_executors:/home/changye/ros2_humble/install/demo_nodes_py:/home/changye/ros2_humble/install/action_tutorials_py:/home/changye/ros2_humble/install/ament_uncrustify:/home/changye/ros2_humble/install/tracetools_trace:/home/changye/ros2_humble/install/tracetools_read:/home/changye/ros2_humble/install/test_tracetools_launch:/home/changye/ros2_humble/install/test_launch_ros:/home/changye/ros2_humble/install/sensor_msgs_py:/home/changye/ros2_humble/install/rpyutils:/home/changye/ros2_humble/install/rosidl_runtime_py:/home/changye/ros2_humble/install/rosidl_cli:/home/changye/ros2_humble/install/launch_pytest:/home/changye/ros2_humble/install/launch_testing:/home/changye/ros2_humble/install/launch_yaml:/home/changye/ros2_humble/install/launch_xml:/home/changye/ros2_humble/install/launch:/home/changye/ros2_humble/install/osrf_pycommon:/home/changye/ros2_humble/install/launch_testing_examples:/home/changye/ros2_humble/install/domain_coordinator:/home/changye/ros2_humble/install/ament_xmllint:/home/changye/ros2_humble/install/ament_pyflakes:/home/changye/ros2_humble/install/ament_pycodestyle:/home/changye/ros2_humble/install/ament_pep257:/home/changye/ros2_humble/install/ament_pclint:/home/changye/ros2_humble/install/ament_package:/home/changye/ros2_humble/install/ament_mypy:/home/changye/ros2_humble/install/ament_lint_cmake:/home/changye/ros2_humble/install/ament_flake8:/home/changye/ros2_humble/install/ament_copyright:/home/changye/ros2_humble/install/ament_lint:/home/changye/ros2_humble/install/ament_index_python:/home/changye/ros2_humble/install/ament_cpplint:/home/changye/ros2_humble/install/ament_cppcheck:/home/changye/ros2_humble/install/ament_clang_tidy:/home/changye/ros2_humble/install/ament_clang_format /usr/bin/cmake --build /home/changye/Ros2_gazebo/ros2_ws2/build/control_msgs -- -j12 -l12
[0.875s] [35m[1mConsolidate compiler generated dependencies of target control_msgs__rosidl_generator_c[0m
[0.876s] [  0%] Built target control_msgs__cpp
[0.877s] [ 12%] Built target control_msgs__rosidl_generator_c
[0.877s] [ 12%] Built target ament_cmake_python_copy_control_msgs
[0.878s] [35m[1mConsolidate compiler generated dependencies of target control_msgs__rosidl_typesupport_cpp[0m
[0.878s] [35m[1mConsolidate compiler generated dependencies of target control_msgs__rosidl_typesupport_fastrtps_cpp[0m
[0.878s] [35m[1mConsolidate compiler generated dependencies of target control_msgs__rosidl_typesupport_introspection_cpp[0m
[0.878s] [35m[1mConsolidate compiler generated dependencies of target control_msgs__rosidl_typesupport_fastrtps_c[0m
[0.879s] [35m[1mConsolidate compiler generated dependencies of target control_msgs__rosidl_typesupport_introspection_c[0m
[0.879s] [35m[1mConsolidate compiler generated dependencies of target control_msgs__rosidl_typesupport_c[0m
[0.880s] [ 24%] Built target control_msgs__rosidl_typesupport_introspection_c
[0.880s] [ 39%] Built target control_msgs__rosidl_typesupport_introspection_cpp
[0.880s] [ 48%] Built target control_msgs__rosidl_typesupport_c
[0.880s] [ 60%] Built target control_msgs__rosidl_typesupport_fastrtps_cpp
[0.880s] [ 72%] Built target control_msgs__rosidl_typesupport_cpp
[0.880s] [ 84%] Built target control_msgs__rosidl_typesupport_fastrtps_c
[0.880s] [ 84%] Built target control_msgs
[0.880s] [ 85%] Built target control_msgs__py
[0.880s] [35m[1mConsolidate compiler generated dependencies of target control_msgs__rosidl_generator_py[0m
[0.880s] [ 96%] Built target control_msgs__rosidl_generator_py
[0.881s] [35m[1mConsolidate compiler generated dependencies of target control_msgs__rosidl_typesupport_introspection_c__pyext[0m
[0.881s] [35m[1mConsolidate compiler generated dependencies of target control_msgs__rosidl_typesupport_fastrtps_c__pyext[0m
[0.881s] [35m[1mConsolidate compiler generated dependencies of target control_msgs__rosidl_typesupport_c__pyext[0m
[0.881s] [ 98%] Built target control_msgs__rosidl_typesupport_introspection_c__pyext
[0.882s] [ 99%] Built target control_msgs__rosidl_typesupport_c__pyext
[0.882s] [100%] Built target control_msgs__rosidl_typesupport_fastrtps_c__pyext
[0.885s] running egg_info
[0.885s] writing control_msgs.egg-info/PKG-INFO
[0.885s] writing dependency_links to control_msgs.egg-info/dependency_links.txt
[0.885s] writing top-level names to control_msgs.egg-info/top_level.txt
[0.885s] reading manifest file 'control_msgs.egg-info/SOURCES.txt'
[0.885s] writing manifest file 'control_msgs.egg-info/SOURCES.txt'
[0.923s] [100%] Built target ament_cmake_python_build_control_msgs_egg
[1.356s] Invoked command in '/home/changye/Ros2_gazebo/ros2_ws2/build/control_msgs' returned '0': CMAKE_PREFIX_PATH=${CMAKE_PREFIX_PATH}:/home/changye/Ros2_gazebo/ros2_ws2/install/agv_control_pkg:/opt/ros/humble:/home/changye/ros2_humble/install/rqt_bag_plugins:/home/changye/ros2_humble/install/rqt_bag:/home/changye/ros2_humble/install/ros2bag:/home/changye/ros2_humble/install/tracetools_test:/home/changye/ros2_humble/install/tracetools_launch:/home/changye/ros2_humble/install/topic_monitor:/home/changye/ros2_humble/install/tf2_tools:/home/changye/ros2_humble/install/examples_tf2_py:/home/changye/ros2_humble/install/tf2_ros_py:/home/changye/ros2_humble/install/sros2:/home/changye/ros2_humble/install/rqt_topic:/home/changye/ros2_humble/install/rqt_srv:/home/changye/ros2_humble/install/rqt_shell:/home/changye/ros2_humble/install/rqt_service_caller:/home/changye/ros2_humble/install/rqt_reconfigure:/home/changye/ros2_humble/install/rqt_py_console:/home/changye/ros2_humble/install/rqt_publisher:/home/changye/ros2_humble/install/rqt_plot:/home/changye/ros2_humble/install/rqt_action:/home/changye/ros2_humble/install/rqt_msg:/home/changye/ros2_humble/install/rqt_console:/home/changye/ros2_humble/install/rqt:/home/changye/ros2_humble/install/rqt_graph:/home/changye/ros2_humble/install/rqt_gui_py:/home/changye/ros2_humble/install/rqt_gui:/home/changye/ros2_humble/install/ros2trace:/home/changye/ros2_humble/install/ros2topic:/home/changye/ros2_humble/install/ros2test:/home/changye/ros2_humble/install/ros2component:/home/changye/ros2_humble/install/ros2param:/home/changye/ros2_humble/install/ros2lifecycle:/home/changye/ros2_humble/install/ros2service:/home/changye/ros2_humble/install/ros2run:/home/changye/ros2_humble/install/ros2launch:/home/changye/ros2_humble/install/ros2pkg:/home/changye/ros2_humble/install/ros2node:/home/changye/ros2_humble/install/ros2multicast:/home/changye/ros2_humble/install/ros2interface:/home/changye/ros2_humble/install/ros2doctor:/home/changye/ros2_humble/install/ros2action:/home/changye/ros2_humble/install/ros2cli:/home/changye/ros2_humble/install/quality_of_service_demo_py:/home/changye/ros2_humble/install/lifecycle_py:/home/changye/ros2_humble/install/launch_testing_ros:/home/changye/ros2_humble/install/launch_ros:/home/changye/ros2_humble/install/examples_rclpy_pointcloud_publisher:/home/changye/ros2_humble/install/examples_rclpy_minimal_subscriber:/home/changye/ros2_humble/install/examples_rclpy_minimal_service:/home/changye/ros2_humble/install/examples_rclpy_minimal_publisher:/home/changye/ros2_humble/install/examples_rclpy_minimal_client:/home/changye/ros2_humble/install/examples_rclpy_minimal_action_server:/home/changye/ros2_humble/install/examples_rclpy_minimal_action_client:/home/changye/ros2_humble/install/examples_rclpy_guard_conditions:/home/changye/ros2_humble/install/examples_rclpy_executors:/home/changye/ros2_humble/install/demo_nodes_py:/home/changye/ros2_humble/install/action_tutorials_py:/home/changye/ros2_humble/install/ament_uncrustify:/home/changye/ros2_humble/install/tracetools_trace:/home/changye/ros2_humble/install/tracetools_read:/home/changye/ros2_humble/install/test_tracetools_launch:/home/changye/ros2_humble/install/test_launch_ros:/home/changye/ros2_humble/install/sensor_msgs_py:/home/changye/ros2_humble/install/rpyutils:/home/changye/ros2_humble/install/rosidl_runtime_py:/home/changye/ros2_humble/install/rosidl_cli:/home/changye/ros2_humble/install/launch_pytest:/home/changye/ros2_humble/install/launch_testing:/home/changye/ros2_humble/install/launch_yaml:/home/changye/ros2_humble/install/launch_xml:/home/changye/ros2_humble/install/launch:/home/changye/ros2_humble/install/osrf_pycommon:/home/changye/ros2_humble/install/launch_testing_examples:/home/changye/ros2_humble/install/domain_coordinator:/home/changye/ros2_humble/install/ament_xmllint:/home/changye/ros2_humble/install/ament_pyflakes:/home/changye/ros2_humble/install/ament_pycodestyle:/home/changye/ros2_humble/install/ament_pep257:/home/changye/ros2_humble/install/ament_pclint:/home/changye/ros2_humble/install/ament_package:/home/changye/ros2_humble/install/ament_mypy:/home/changye/ros2_humble/install/ament_lint_cmake:/home/changye/ros2_humble/install/ament_flake8:/home/changye/ros2_humble/install/ament_copyright:/home/changye/ros2_humble/install/ament_lint:/home/changye/ros2_humble/install/ament_index_python:/home/changye/ros2_humble/install/ament_cpplint:/home/changye/ros2_humble/install/ament_cppcheck:/home/changye/ros2_humble/install/ament_clang_tidy:/home/changye/ros2_humble/install/ament_clang_format /usr/bin/cmake --build /home/changye/Ros2_gazebo/ros2_ws2/build/control_msgs -- -j12 -l12
[2.505s] Invoking command in '/home/changye/Ros2_gazebo/ros2_ws2/build/control_msgs': CMAKE_PREFIX_PATH=${CMAKE_PREFIX_PATH}:/home/changye/Ros2_gazebo/ros2_ws2/install/agv_control_pkg:/opt/ros/humble:/home/changye/ros2_humble/install/rqt_bag_plugins:/home/changye/ros2_humble/install/rqt_bag:/home/changye/ros2_humble/install/ros2bag:/home/changye/ros2_humble/install/tracetools_test:/home/changye/ros2_humble/install/tracetools_launch:/home/changye/ros2_humble/install/topic_monitor:/home/changye/ros2_humble/install/tf2_tools:/home/changye/ros2_humble/install/examples_tf2_py:/home/changye/ros2_humble/install/tf2_ros_py:/home/changye/ros2_humble/install/sros2:/home/changye/ros2_humble/install/rqt_topic:/home/changye/ros2_humble/install/rqt_srv:/home/changye/ros2_humble/install/rqt_shell:/home/changye/ros2_humble/install/rqt_service_caller:/home/changye/ros2_humble/install/rqt_reconfigure:/home/changye/ros2_humble/install/rqt_py_console:/home/changye/ros2_humble/install/rqt_publisher:/home/changye/ros2_humble/install/rqt_plot:/home/changye/ros2_humble/install/rqt_action:/home/changye/ros2_humble/install/rqt_msg:/home/changye/ros2_humble/install/rqt_console:/home/changye/ros2_humble/install/rqt:/home/changye/ros2_humble/install/rqt_graph:/home/changye/ros2_humble/install/rqt_gui_py:/home/changye/ros2_humble/install/rqt_gui:/home/changye/ros2_humble/install/ros2trace:/home/changye/ros2_humble/install/ros2topic:/home/changye/ros2_humble/install/ros2test:/home/changye/ros2_humble/install/ros2component:/home/changye/ros2_humble/install/ros2param:/home/changye/ros2_humble/install/ros2lifecycle:/home/changye/ros2_humble/install/ros2service:/home/changye/ros2_humble/install/ros2run:/home/changye/ros2_humble/install/ros2launch:/home/changye/ros2_humble/install/ros2pkg:/home/changye/ros2_humble/install/ros2node:/home/changye/ros2_humble/install/ros2multicast:/home/changye/ros2_humble/install/ros2interface:/home/changye/ros2_humble/install/ros2doctor:/home/changye/ros2_humble/install/ros2action:/home/changye/ros2_humble/install/ros2cli:/home/changye/ros2_humble/install/quality_of_service_demo_py:/home/changye/ros2_humble/install/lifecycle_py:/home/changye/ros2_humble/install/launch_testing_ros:/home/changye/ros2_humble/install/launch_ros:/home/changye/ros2_humble/install/examples_rclpy_pointcloud_publisher:/home/changye/ros2_humble/install/examples_rclpy_minimal_subscriber:/home/changye/ros2_humble/install/examples_rclpy_minimal_service:/home/changye/ros2_humble/install/examples_rclpy_minimal_publisher:/home/changye/ros2_humble/install/examples_rclpy_minimal_client:/home/changye/ros2_humble/install/examples_rclpy_minimal_action_server:/home/changye/ros2_humble/install/examples_rclpy_minimal_action_client:/home/changye/ros2_humble/install/examples_rclpy_guard_conditions:/home/changye/ros2_humble/install/examples_rclpy_executors:/home/changye/ros2_humble/install/demo_nodes_py:/home/changye/ros2_humble/install/action_tutorials_py:/home/changye/ros2_humble/install/ament_uncrustify:/home/changye/ros2_humble/install/tracetools_trace:/home/changye/ros2_humble/install/tracetools_read:/home/changye/ros2_humble/install/test_tracetools_launch:/home/changye/ros2_humble/install/test_launch_ros:/home/changye/ros2_humble/install/sensor_msgs_py:/home/changye/ros2_humble/install/rpyutils:/home/changye/ros2_humble/install/rosidl_runtime_py:/home/changye/ros2_humble/install/rosidl_cli:/home/changye/ros2_humble/install/launch_pytest:/home/changye/ros2_humble/install/launch_testing:/home/changye/ros2_humble/install/launch_yaml:/home/changye/ros2_humble/install/launch_xml:/home/changye/ros2_humble/install/launch:/home/changye/ros2_humble/install/osrf_pycommon:/home/changye/ros2_humble/install/launch_testing_examples:/home/changye/ros2_humble/install/domain_coordinator:/home/changye/ros2_humble/install/ament_xmllint:/home/changye/ros2_humble/install/ament_pyflakes:/home/changye/ros2_humble/install/ament_pycodestyle:/home/changye/ros2_humble/install/ament_pep257:/home/changye/ros2_humble/install/ament_pclint:/home/changye/ros2_humble/install/ament_package:/home/changye/ros2_humble/install/ament_mypy:/home/changye/ros2_humble/install/ament_lint_cmake:/home/changye/ros2_humble/install/ament_flake8:/home/changye/ros2_humble/install/ament_copyright:/home/changye/ros2_humble/install/ament_lint:/home/changye/ros2_humble/install/ament_index_python:/home/changye/ros2_humble/install/ament_cpplint:/home/changye/ros2_humble/install/ament_cppcheck:/home/changye/ros2_humble/install/ament_clang_tidy:/home/changye/ros2_humble/install/ament_clang_format /usr/bin/cmake --install /home/changye/Ros2_gazebo/ros2_ws2/build/control_msgs
[2.517s] -- Install configuration: ""
[2.517s] -- Up-to-date: /home/changye/Ros2_gazebo/ros2_ws2/install/control_msgs/share/ament_index/resource_index/rosidl_interfaces/control_msgs
[2.517s] -- Up-to-date: /home/changye/Ros2_gazebo/ros2_ws2/install/control_msgs/include/control_msgs/control_msgs
[2.517s] -- Up-to-date: /home/changye/Ros2_gazebo/ros2_ws2/install/control_msgs/include/control_msgs/control_msgs/srv
[2.518s] -- Up-to-date: /home/changye/Ros2_gazebo/ros2_ws2/install/control_msgs/include/control_msgs/control_msgs/srv/query_trajectory_state.h
[2.518s] -- Up-to-date: /home/changye/Ros2_gazebo/ros2_ws2/install/control_msgs/include/control_msgs/control_msgs/srv/detail
[2.518s] -- Up-to-date: /home/changye/Ros2_gazebo/ros2_ws2/install/control_msgs/include/control_msgs/control_msgs/srv/detail/query_trajectory_state__type_support.h
[2.518s] -- Up-to-date: /home/changye/Ros2_gazebo/ros2_ws2/install/control_msgs/include/control_msgs/control_msgs/srv/detail/query_calibration_state__type_support.h
[2.518s] -- Up-to-date: /home/changye/Ros2_gazebo/ros2_ws2/install/control_msgs/include/control_msgs/control_msgs/srv/detail/query_calibration_state__struct.h
[2.518s] -- Up-to-date: /home/changye/Ros2_gazebo/ros2_ws2/install/control_msgs/include/control_msgs/control_msgs/srv/detail/query_calibration_state__functions.c
[2.518s] -- Up-to-date: /home/changye/Ros2_gazebo/ros2_ws2/install/control_msgs/include/control_msgs/control_msgs/srv/detail/query_trajectory_state__functions.c
[2.519s] -- Up-to-date: /home/changye/Ros2_gazebo/ros2_ws2/install/control_msgs/include/control_msgs/control_msgs/srv/detail/query_trajectory_state__functions.h
[2.519s] -- Up-to-date: /home/changye/Ros2_gazebo/ros2_ws2/install/control_msgs/include/control_msgs/control_msgs/srv/detail/query_calibration_state__functions.h
[2.519s] -- Up-to-date: /home/changye/Ros2_gazebo/ros2_ws2/install/control_msgs/include/control_msgs/control_msgs/srv/detail/query_trajectory_state__struct.h
[2.519s] -- Up-to-date: /home/changye/Ros2_gazebo/ros2_ws2/install/control_msgs/include/control_msgs/control_msgs/srv/query_calibration_state.h
[2.519s] -- Up-to-date: /home/changye/Ros2_gazebo/ros2_ws2/install/control_msgs/include/control_msgs/control_msgs/action
[2.519s] -- Up-to-date: /home/changye/Ros2_gazebo/ros2_ws2/install/control_msgs/include/control_msgs/control_msgs/action/detail
[2.519s] -- Up-to-date: /home/changye/Ros2_gazebo/ros2_ws2/install/control_msgs/include/control_msgs/control_msgs/action/detail/single_joint_position__functions.c
[2.519s] -- Up-to-date: /home/changye/Ros2_gazebo/ros2_ws2/install/control_msgs/include/control_msgs/control_msgs/action/detail/gripper_command__struct.h
[2.519s] -- Up-to-date: /home/changye/Ros2_gazebo/ros2_ws2/install/control_msgs/include/control_msgs/control_msgs/action/detail/joint_trajectory__functions.h
[2.520s] -- Up-to-date: /home/changye/Ros2_gazebo/ros2_ws2/install/control_msgs/include/control_msgs/control_msgs/action/detail/point_head__type_support.h
[2.520s] -- Up-to-date: /home/changye/Ros2_gazebo/ros2_ws2/install/control_msgs/include/control_msgs/control_msgs/action/detail/gripper_command__type_support.h
[2.520s] -- Up-to-date: /home/changye/Ros2_gazebo/ros2_ws2/install/control_msgs/include/control_msgs/control_msgs/action/detail/joint_trajectory__functions.c
[2.520s] -- Up-to-date: /home/changye/Ros2_gazebo/ros2_ws2/install/control_msgs/include/control_msgs/control_msgs/action/detail/joint_trajectory__type_support.h
[2.520s] -- Up-to-date: /home/changye/Ros2_gazebo/ros2_ws2/install/control_msgs/include/control_msgs/control_msgs/action/detail/follow_joint_trajectory__functions.c
[2.520s] -- Up-to-date: /home/changye/Ros2_gazebo/ros2_ws2/install/control_msgs/include/control_msgs/control_msgs/action/detail/single_joint_position__struct.h
[2.520s] -- Up-to-date: /home/changye/Ros2_gazebo/ros2_ws2/install/control_msgs/include/control_msgs/control_msgs/action/detail/point_head__struct.h
[2.520s] -- Up-to-date: /home/changye/Ros2_gazebo/ros2_ws2/install/control_msgs/include/control_msgs/control_msgs/action/detail/follow_joint_trajectory__type_support.h
[2.521s] -- Up-to-date: /home/changye/Ros2_gazebo/ros2_ws2/install/control_msgs/include/control_msgs/control_msgs/action/detail/follow_joint_trajectory__struct.h
[2.521s] -- Up-to-date: /home/changye/Ros2_gazebo/ros2_ws2/install/control_msgs/include/control_msgs/control_msgs/action/detail/point_head__functions.h
[2.521s] -- Up-to-date: /home/changye/Ros2_gazebo/ros2_ws2/install/control_msgs/include/control_msgs/control_msgs/action/detail/point_head__functions.c
[2.521s] -- Up-to-date: /home/changye/Ros2_gazebo/ros2_ws2/install/control_msgs/include/control_msgs/control_msgs/action/detail/gripper_command__functions.c
[2.521s] -- Up-to-date: /home/changye/Ros2_gazebo/ros2_ws2/install/control_msgs/include/control_msgs/control_msgs/action/detail/follow_joint_trajectory__functions.h
[2.521s] -- Up-to-date: /home/changye/Ros2_gazebo/ros2_ws2/install/control_msgs/include/control_msgs/control_msgs/action/detail/joint_trajectory__struct.h
[2.521s] -- Up-to-date: /home/changye/Ros2_gazebo/ros2_ws2/install/control_msgs/include/control_msgs/control_msgs/action/detail/single_joint_position__type_support.h
[2.521s] -- Up-to-date: /home/changye/Ros2_gazebo/ros2_ws2/install/control_msgs/include/control_msgs/control_msgs/action/detail/gripper_command__functions.h
[2.522s] -- Up-to-date: /home/changye/Ros2_gazebo/ros2_ws2/install/control_msgs/include/control_msgs/control_msgs/action/detail/single_joint_position__functions.h
[2.522s] -- Up-to-date: /home/changye/Ros2_gazebo/ros2_ws2/install/control_msgs/include/control_msgs/control_msgs/action/single_joint_position.h
[2.522s] -- Up-to-date: /home/changye/Ros2_gazebo/ros2_ws2/install/control_msgs/include/control_msgs/control_msgs/action/point_head.h
[2.522s] -- Up-to-date: /home/changye/Ros2_gazebo/ros2_ws2/install/control_msgs/include/control_msgs/control_msgs/action/gripper_command.h
[2.522s] -- Up-to-date: /home/changye/Ros2_gazebo/ros2_ws2/install/control_msgs/include/control_msgs/control_msgs/action/follow_joint_trajectory.h
[2.523s] -- Up-to-date: /home/changye/Ros2_gazebo/ros2_ws2/install/control_msgs/include/control_msgs/control_msgs/action/joint_trajectory.h
[2.523s] -- Up-to-date: /home/changye/Ros2_gazebo/ros2_ws2/install/control_msgs/include/control_msgs/control_msgs/msg
[2.523s] -- Up-to-date: /home/changye/Ros2_gazebo/ros2_ws2/install/control_msgs/include/control_msgs/control_msgs/msg/admittance_controller_state.h
[2.523s] -- Up-to-date: /home/changye/Ros2_gazebo/ros2_ws2/install/control_msgs/include/control_msgs/control_msgs/msg/dynamic_joint_state.h
[2.523s] -- Up-to-date: /home/changye/Ros2_gazebo/ros2_ws2/install/control_msgs/include/control_msgs/control_msgs/msg/detail
[2.523s] -- Up-to-date: /home/changye/Ros2_gazebo/ros2_ws2/install/control_msgs/include/control_msgs/control_msgs/msg/detail/joint_controller_state__functions.c
[2.523s] -- Up-to-date: /home/changye/Ros2_gazebo/ros2_ws2/install/control_msgs/include/control_msgs/control_msgs/msg/detail/joint_controller_state__functions.h
[2.523s] -- Up-to-date: /home/changye/Ros2_gazebo/ros2_ws2/install/control_msgs/include/control_msgs/control_msgs/msg/detail/pid_state__type_support.h
[2.524s] -- Up-to-date: /home/changye/Ros2_gazebo/ros2_ws2/install/control_msgs/include/control_msgs/control_msgs/msg/detail/joint_jog__functions.h
[2.524s] -- Up-to-date: /home/changye/Ros2_gazebo/ros2_ws2/install/control_msgs/include/control_msgs/control_msgs/msg/detail/admittance_controller_state__type_support.h
[2.524s] -- Up-to-date: /home/changye/Ros2_gazebo/ros2_ws2/install/control_msgs/include/control_msgs/control_msgs/msg/detail/steering_controller_status__functions.h
[2.524s] -- Up-to-date: /home/changye/Ros2_gazebo/ros2_ws2/install/control_msgs/include/control_msgs/control_msgs/msg/detail/joint_jog__type_support.h
[2.524s] -- Up-to-date: /home/changye/Ros2_gazebo/ros2_ws2/install/control_msgs/include/control_msgs/control_msgs/msg/detail/gripper_command__struct.h
[2.524s] -- Up-to-date: /home/changye/Ros2_gazebo/ros2_ws2/install/control_msgs/include/control_msgs/control_msgs/msg/detail/joint_controller_state__type_support.h
[2.524s] -- Up-to-date: /home/changye/Ros2_gazebo/ros2_ws2/install/control_msgs/include/control_msgs/control_msgs/msg/detail/pid_state__functions.c
[2.524s] -- Up-to-date: /home/changye/Ros2_gazebo/ros2_ws2/install/control_msgs/include/control_msgs/control_msgs/msg/detail/joint_tolerance__functions.c
[2.525s] -- Up-to-date: /home/changye/Ros2_gazebo/ros2_ws2/install/control_msgs/include/control_msgs/control_msgs/msg/detail/steering_controller_status__type_support.h
[2.525s] -- Up-to-date: /home/changye/Ros2_gazebo/ros2_ws2/install/control_msgs/include/control_msgs/control_msgs/msg/detail/dynamic_joint_state__type_support.h
[2.525s] -- Up-to-date: /home/changye/Ros2_gazebo/ros2_ws2/install/control_msgs/include/control_msgs/control_msgs/msg/detail/admittance_controller_state__functions.h
[2.525s] -- Up-to-date: /home/changye/Ros2_gazebo/ros2_ws2/install/control_msgs/include/control_msgs/control_msgs/msg/detail/gripper_command__type_support.h
[2.525s] -- Up-to-date: /home/changye/Ros2_gazebo/ros2_ws2/install/control_msgs/include/control_msgs/control_msgs/msg/detail/steering_controller_status__functions.c
[2.525s] -- Up-to-date: /home/changye/Ros2_gazebo/ros2_ws2/install/control_msgs/include/control_msgs/control_msgs/msg/detail/dynamic_joint_state__functions.c
[2.525s] -- Up-to-date: /home/changye/Ros2_gazebo/ros2_ws2/install/control_msgs/include/control_msgs/control_msgs/msg/detail/joint_component_tolerance__functions.c
[2.526s] -- Up-to-date: /home/changye/Ros2_gazebo/ros2_ws2/install/control_msgs/include/control_msgs/control_msgs/msg/detail/joint_tolerance__type_support.h
[2.526s] -- Up-to-date: /home/changye/Ros2_gazebo/ros2_ws2/install/control_msgs/include/control_msgs/control_msgs/msg/detail/admittance_controller_state__struct.h
[2.526s] -- Up-to-date: /home/changye/Ros2_gazebo/ros2_ws2/install/control_msgs/include/control_msgs/control_msgs/msg/detail/joint_tolerance__struct.h
[2.526s] -- Up-to-date: /home/changye/Ros2_gazebo/ros2_ws2/install/control_msgs/include/control_msgs/control_msgs/msg/detail/dynamic_joint_state__functions.h
[2.526s] -- Up-to-date: /home/changye/Ros2_gazebo/ros2_ws2/install/control_msgs/include/control_msgs/control_msgs/msg/detail/joint_tolerance__functions.h
[2.526s] -- Up-to-date: /home/changye/Ros2_gazebo/ros2_ws2/install/control_msgs/include/control_msgs/control_msgs/msg/detail/interface_value__type_support.h
[2.526s] -- Up-to-date: /home/changye/Ros2_gazebo/ros2_ws2/install/control_msgs/include/control_msgs/control_msgs/msg/detail/joint_component_tolerance__functions.h
[2.526s] -- Up-to-date: /home/changye/Ros2_gazebo/ros2_ws2/install/control_msgs/include/control_msgs/control_msgs/msg/detail/joint_trajectory_controller_state__struct.h
[2.527s] -- Up-to-date: /home/changye/Ros2_gazebo/ros2_ws2/install/control_msgs/include/control_msgs/control_msgs/msg/detail/interface_value__functions.c
[2.527s] -- Up-to-date: /home/changye/Ros2_gazebo/ros2_ws2/install/control_msgs/include/control_msgs/control_msgs/msg/detail/admittance_controller_state__functions.c
[2.527s] -- Up-to-date: /home/changye/Ros2_gazebo/ros2_ws2/install/control_msgs/include/control_msgs/control_msgs/msg/detail/joint_trajectory_controller_state__functions.h
[2.527s] -- Up-to-date: /home/changye/Ros2_gazebo/ros2_ws2/install/control_msgs/include/control_msgs/control_msgs/msg/detail/mecanum_drive_controller_state__type_support.h
[2.527s] -- Up-to-date: /home/changye/Ros2_gazebo/ros2_ws2/install/control_msgs/include/control_msgs/control_msgs/msg/detail/mecanum_drive_controller_state__functions.h
[2.527s] -- Up-to-date: /home/changye/Ros2_gazebo/ros2_ws2/install/control_msgs/include/control_msgs/control_msgs/msg/detail/gripper_command__functions.c
[2.527s] -- Up-to-date: /home/changye/Ros2_gazebo/ros2_ws2/install/control_msgs/include/control_msgs/control_msgs/msg/detail/joint_trajectory_controller_state__functions.c
[2.527s] -- Up-to-date: /home/changye/Ros2_gazebo/ros2_ws2/install/control_msgs/include/control_msgs/control_msgs/msg/detail/joint_controller_state__struct.h
[2.528s] -- Up-to-date: /home/changye/Ros2_gazebo/ros2_ws2/install/control_msgs/include/control_msgs/control_msgs/msg/detail/interface_value__functions.h
[2.528s] -- Up-to-date: /home/changye/Ros2_gazebo/ros2_ws2/install/control_msgs/include/control_msgs/control_msgs/msg/detail/interface_value__struct.h
[2.528s] -- Up-to-date: /home/changye/Ros2_gazebo/ros2_ws2/install/control_msgs/include/control_msgs/control_msgs/msg/detail/steering_controller_status__struct.h
[2.528s] -- Up-to-date: /home/changye/Ros2_gazebo/ros2_ws2/install/control_msgs/include/control_msgs/control_msgs/msg/detail/dynamic_joint_state__struct.h
[2.528s] -- Up-to-date: /home/changye/Ros2_gazebo/ros2_ws2/install/control_msgs/include/control_msgs/control_msgs/msg/detail/joint_trajectory_controller_state__type_support.h
[2.528s] -- Up-to-date: /home/changye/Ros2_gazebo/ros2_ws2/install/control_msgs/include/control_msgs/control_msgs/msg/detail/joint_component_tolerance__type_support.h
[2.528s] -- Up-to-date: /home/changye/Ros2_gazebo/ros2_ws2/install/control_msgs/include/control_msgs/control_msgs/msg/detail/joint_jog__struct.h
[2.528s] -- Up-to-date: /home/changye/Ros2_gazebo/ros2_ws2/install/control_msgs/include/control_msgs/control_msgs/msg/detail/mecanum_drive_controller_state__struct.h
[2.528s] -- Up-to-date: /home/changye/Ros2_gazebo/ros2_ws2/install/control_msgs/include/control_msgs/control_msgs/msg/detail/joint_component_tolerance__struct.h
[2.529s] -- Up-to-date: /home/changye/Ros2_gazebo/ros2_ws2/install/control_msgs/include/control_msgs/control_msgs/msg/detail/gripper_command__functions.h
[2.529s] -- Up-to-date: /home/changye/Ros2_gazebo/ros2_ws2/install/control_msgs/include/control_msgs/control_msgs/msg/detail/mecanum_drive_controller_state__functions.c
[2.529s] -- Up-to-date: /home/changye/Ros2_gazebo/ros2_ws2/install/control_msgs/include/control_msgs/control_msgs/msg/detail/joint_jog__functions.c
[2.529s] -- Up-to-date: /home/changye/Ros2_gazebo/ros2_ws2/install/control_msgs/include/control_msgs/control_msgs/msg/detail/pid_state__struct.h
[2.529s] -- Up-to-date: /home/changye/Ros2_gazebo/ros2_ws2/install/control_msgs/include/control_msgs/control_msgs/msg/detail/pid_state__functions.h
[2.529s] -- Up-to-date: /home/changye/Ros2_gazebo/ros2_ws2/install/control_msgs/include/control_msgs/control_msgs/msg/joint_tolerance.h
[2.529s] -- Up-to-date: /home/changye/Ros2_gazebo/ros2_ws2/install/control_msgs/include/control_msgs/control_msgs/msg/rosidl_generator_c__visibility_control.h
[2.529s] -- Up-to-date: /home/changye/Ros2_gazebo/ros2_ws2/install/control_msgs/include/control_msgs/control_msgs/msg/mecanum_drive_controller_state.h
[2.529s] -- Up-to-date: /home/changye/Ros2_gazebo/ros2_ws2/install/control_msgs/include/control_msgs/control_msgs/msg/gripper_command.h
[2.529s] -- Up-to-date: /home/changye/Ros2_gazebo/ros2_ws2/install/control_msgs/include/control_msgs/control_msgs/msg/pid_state.h
[2.529s] -- Up-to-date: /home/changye/Ros2_gazebo/ros2_ws2/install/control_msgs/include/control_msgs/control_msgs/msg/interface_value.h
[2.529s] -- Up-to-date: /home/changye/Ros2_gazebo/ros2_ws2/install/control_msgs/include/control_msgs/control_msgs/msg/joint_controller_state.h
[2.529s] -- Up-to-date: /home/changye/Ros2_gazebo/ros2_ws2/install/control_msgs/include/control_msgs/control_msgs/msg/steering_controller_status.h
[2.529s] -- Up-to-date: /home/changye/Ros2_gazebo/ros2_ws2/install/control_msgs/include/control_msgs/control_msgs/msg/joint_trajectory_controller_state.h
[2.529s] -- Up-to-date: /home/changye/Ros2_gazebo/ros2_ws2/install/control_msgs/include/control_msgs/control_msgs/msg/joint_jog.h
[2.529s] -- Up-to-date: /home/changye/Ros2_gazebo/ros2_ws2/install/control_msgs/include/control_msgs/control_msgs/msg/joint_component_tolerance.h
[2.530s] -- Up-to-date: /home/changye/Ros2_gazebo/ros2_ws2/install/control_msgs/share/control_msgs/environment/library_path.sh
[2.530s] -- Up-to-date: /home/changye/Ros2_gazebo/ros2_ws2/install/control_msgs/share/control_msgs/environment/library_path.dsv
[2.530s] -- Up-to-date: /home/changye/Ros2_gazebo/ros2_ws2/install/control_msgs/lib/libcontrol_msgs__rosidl_generator_c.so
[2.530s] -- Up-to-date: /home/changye/Ros2_gazebo/ros2_ws2/install/control_msgs/include/control_msgs/control_msgs
[2.530s] -- Up-to-date: /home/changye/Ros2_gazebo/ros2_ws2/install/control_msgs/include/control_msgs/control_msgs/srv
[2.530s] -- Up-to-date: /home/changye/Ros2_gazebo/ros2_ws2/install/control_msgs/include/control_msgs/control_msgs/srv/detail
[2.530s] -- Up-to-date: /home/changye/Ros2_gazebo/ros2_ws2/install/control_msgs/include/control_msgs/control_msgs/srv/detail/query_calibration_state__rosidl_typesupport_fastrtps_c.h
[2.530s] -- Up-to-date: /home/changye/Ros2_gazebo/ros2_ws2/install/control_msgs/include/control_msgs/control_msgs/srv/detail/query_trajectory_state__rosidl_typesupport_fastrtps_c.h
[2.530s] -- Up-to-date: /home/changye/Ros2_gazebo/ros2_ws2/install/control_msgs/include/control_msgs/control_msgs/action
[2.530s] -- Up-to-date: /home/changye/Ros2_gazebo/ros2_ws2/install/control_msgs/include/control_msgs/control_msgs/action/detail
[2.530s] -- Up-to-date: /home/changye/Ros2_gazebo/ros2_ws2/install/control_msgs/include/control_msgs/control_msgs/action/detail/joint_trajectory__rosidl_typesupport_fastrtps_c.h
[2.530s] -- Up-to-date: /home/changye/Ros2_gazebo/ros2_ws2/install/control_msgs/include/control_msgs/control_msgs/action/detail/single_joint_position__rosidl_typesupport_fastrtps_c.h
[2.530s] -- Up-to-date: /home/changye/Ros2_gazebo/ros2_ws2/install/control_msgs/include/control_msgs/control_msgs/action/detail/follow_joint_trajectory__rosidl_typesupport_fastrtps_c.h
[2.530s] -- Up-to-date: /home/changye/Ros2_gazebo/ros2_ws2/install/control_msgs/include/control_msgs/control_msgs/action/detail/gripper_command__rosidl_typesupport_fastrtps_c.h
[2.530s] -- Up-to-date: /home/changye/Ros2_gazebo/ros2_ws2/install/control_msgs/include/control_msgs/control_msgs/action/detail/point_head__rosidl_typesupport_fastrtps_c.h
[2.530s] -- Up-to-date: /home/changye/Ros2_gazebo/ros2_ws2/install/control_msgs/include/control_msgs/control_msgs/msg
[2.530s] -- Up-to-date: /home/changye/Ros2_gazebo/ros2_ws2/install/control_msgs/include/control_msgs/control_msgs/msg/detail
[2.530s] -- Up-to-date: /home/changye/Ros2_gazebo/ros2_ws2/install/control_msgs/include/control_msgs/control_msgs/msg/detail/joint_jog__rosidl_typesupport_fastrtps_c.h
[2.530s] -- Up-to-date: /home/changye/Ros2_gazebo/ros2_ws2/install/control_msgs/include/control_msgs/control_msgs/msg/detail/joint_trajectory_controller_state__rosidl_typesupport_fastrtps_c.h
[2.530s] -- Up-to-date: /home/changye/Ros2_gazebo/ros2_ws2/install/control_msgs/include/control_msgs/control_msgs/msg/detail/steering_controller_status__rosidl_typesupport_fastrtps_c.h
[2.530s] -- Up-to-date: /home/changye/Ros2_gazebo/ros2_ws2/install/control_msgs/include/control_msgs/control_msgs/msg/detail/interface_value__rosidl_typesupport_fastrtps_c.h
[2.530s] -- Up-to-date: /home/changye/Ros2_gazebo/ros2_ws2/install/control_msgs/include/control_msgs/control_msgs/msg/detail/dynamic_joint_state__rosidl_typesupport_fastrtps_c.h
[2.531s] -- Up-to-date: /home/changye/Ros2_gazebo/ros2_ws2/install/control_msgs/include/control_msgs/control_msgs/msg/detail/joint_tolerance__rosidl_typesupport_fastrtps_c.h
[2.531s] -- Up-to-date: /home/changye/Ros2_gazebo/ros2_ws2/install/control_msgs/include/control_msgs/control_msgs/msg/detail/mecanum_drive_controller_state__rosidl_typesupport_fastrtps_c.h
[2.531s] -- Up-to-date: /home/changye/Ros2_gazebo/ros2_ws2/install/control_msgs/include/control_msgs/control_msgs/msg/detail/admittance_controller_state__rosidl_typesupport_fastrtps_c.h
[2.531s] -- Up-to-date: /home/changye/Ros2_gazebo/ros2_ws2/install/control_msgs/include/control_msgs/control_msgs/msg/detail/gripper_command__rosidl_typesupport_fastrtps_c.h
[2.531s] -- Up-to-date: /home/changye/Ros2_gazebo/ros2_ws2/install/control_msgs/include/control_msgs/control_msgs/msg/detail/joint_component_tolerance__rosidl_typesupport_fastrtps_c.h
[2.531s] -- Up-to-date: /home/changye/Ros2_gazebo/ros2_ws2/install/control_msgs/include/control_msgs/control_msgs/msg/detail/joint_controller_state__rosidl_typesupport_fastrtps_c.h
[2.531s] -- Up-to-date: /home/changye/Ros2_gazebo/ros2_ws2/install/control_msgs/include/control_msgs/control_msgs/msg/detail/pid_state__rosidl_typesupport_fastrtps_c.h
[2.531s] -- Up-to-date: /home/changye/Ros2_gazebo/ros2_ws2/install/control_msgs/include/control_msgs/control_msgs/msg/rosidl_typesupport_fastrtps_c__visibility_control.h
[2.531s] -- Up-to-date: /home/changye/Ros2_gazebo/ros2_ws2/install/control_msgs/lib/libcontrol_msgs__rosidl_typesupport_fastrtps_c.so
[2.531s] -- Up-to-date: /home/changye/Ros2_gazebo/ros2_ws2/install/control_msgs/include/control_msgs/control_msgs
[2.531s] -- Up-to-date: /home/changye/Ros2_gazebo/ros2_ws2/install/control_msgs/include/control_msgs/control_msgs/srv
[2.531s] -- Up-to-date: /home/changye/Ros2_gazebo/ros2_ws2/install/control_msgs/include/control_msgs/control_msgs/srv/query_trajectory_state.hpp
[2.531s] -- Up-to-date: /home/changye/Ros2_gazebo/ros2_ws2/install/control_msgs/include/control_msgs/control_msgs/srv/detail
[2.531s] -- Up-to-date: /home/changye/Ros2_gazebo/ros2_ws2/install/control_msgs/include/control_msgs/control_msgs/srv/detail/query_calibration_state__traits.hpp
[2.531s] -- Up-to-date: /home/changye/Ros2_gazebo/ros2_ws2/install/control_msgs/include/control_msgs/control_msgs/srv/detail/query_trajectory_state__traits.hpp
[2.531s] -- Up-to-date: /home/changye/Ros2_gazebo/ros2_ws2/install/control_msgs/include/control_msgs/control_msgs/srv/detail/query_trajectory_state__struct.hpp
[2.531s] -- Up-to-date: /home/changye/Ros2_gazebo/ros2_ws2/install/control_msgs/include/control_msgs/control_msgs/srv/detail/query_calibration_state__builder.hpp
[2.531s] -- Up-to-date: /home/changye/Ros2_gazebo/ros2_ws2/install/control_msgs/include/control_msgs/control_msgs/srv/detail/query_trajectory_state__builder.hpp
[2.531s] -- Up-to-date: /home/changye/Ros2_gazebo/ros2_ws2/install/control_msgs/include/control_msgs/control_msgs/srv/detail/query_calibration_state__struct.hpp
[2.532s] -- Up-to-date: /home/changye/Ros2_gazebo/ros2_ws2/install/control_msgs/include/control_msgs/control_msgs/srv/query_calibration_state.hpp
[2.532s] -- Up-to-date: /home/changye/Ros2_gazebo/ros2_ws2/install/control_msgs/include/control_msgs/control_msgs/action
[2.532s] -- Up-to-date: /home/changye/Ros2_gazebo/ros2_ws2/install/control_msgs/include/control_msgs/control_msgs/action/detail
[2.532s] -- Up-to-date: /home/changye/Ros2_gazebo/ros2_ws2/install/control_msgs/include/control_msgs/control_msgs/action/detail/gripper_command__traits.hpp
[2.532s] -- Up-to-date: /home/changye/Ros2_gazebo/ros2_ws2/install/control_msgs/include/control_msgs/control_msgs/action/detail/joint_trajectory__traits.hpp
[2.532s] -- Up-to-date: /home/changye/Ros2_gazebo/ros2_ws2/install/control_msgs/include/control_msgs/control_msgs/action/detail/follow_joint_trajectory__struct.hpp
[2.532s] -- Up-to-date: /home/changye/Ros2_gazebo/ros2_ws2/install/control_msgs/include/control_msgs/control_msgs/action/detail/single_joint_position__traits.hpp
[2.532s] -- Up-to-date: /home/changye/Ros2_gazebo/ros2_ws2/install/control_msgs/include/control_msgs/control_msgs/action/detail/joint_trajectory__builder.hpp
[2.532s] -- Up-to-date: /home/changye/Ros2_gazebo/ros2_ws2/install/control_msgs/include/control_msgs/control_msgs/action/detail/gripper_command__builder.hpp
[2.532s] -- Up-to-date: /home/changye/Ros2_gazebo/ros2_ws2/install/control_msgs/include/control_msgs/control_msgs/action/detail/gripper_command__struct.hpp
[2.532s] -- Up-to-date: /home/changye/Ros2_gazebo/ros2_ws2/install/control_msgs/include/control_msgs/control_msgs/action/detail/follow_joint_trajectory__traits.hpp
[2.532s] -- Up-to-date: /home/changye/Ros2_gazebo/ros2_ws2/install/control_msgs/include/control_msgs/control_msgs/action/detail/point_head__traits.hpp
[2.532s] -- Up-to-date: /home/changye/Ros2_gazebo/ros2_ws2/install/control_msgs/include/control_msgs/control_msgs/action/detail/single_joint_position__struct.hpp
[2.532s] -- Up-to-date: /home/changye/Ros2_gazebo/ros2_ws2/install/control_msgs/include/control_msgs/control_msgs/action/detail/point_head__builder.hpp
[2.532s] -- Up-to-date: /home/changye/Ros2_gazebo/ros2_ws2/install/control_msgs/include/control_msgs/control_msgs/action/detail/single_joint_position__builder.hpp
[2.532s] -- Up-to-date: /home/changye/Ros2_gazebo/ros2_ws2/install/control_msgs/include/control_msgs/control_msgs/action/detail/joint_trajectory__struct.hpp
[2.532s] -- Up-to-date: /home/changye/Ros2_gazebo/ros2_ws2/install/control_msgs/include/control_msgs/control_msgs/action/detail/follow_joint_trajectory__builder.hpp
[2.532s] -- Up-to-date: /home/changye/Ros2_gazebo/ros2_ws2/install/control_msgs/include/control_msgs/control_msgs/action/detail/point_head__struct.hpp
[2.532s] -- Up-to-date: /home/changye/Ros2_gazebo/ros2_ws2/install/control_msgs/include/control_msgs/control_msgs/action/point_head.hpp
[2.533s] -- Up-to-date: /home/changye/Ros2_gazebo/ros2_ws2/install/control_msgs/include/control_msgs/control_msgs/action/gripper_command.hpp
[2.533s] -- Up-to-date: /home/changye/Ros2_gazebo/ros2_ws2/install/control_msgs/include/control_msgs/control_msgs/action/joint_trajectory.hpp
[2.533s] -- Up-to-date: /home/changye/Ros2_gazebo/ros2_ws2/install/control_msgs/include/control_msgs/control_msgs/action/follow_joint_trajectory.hpp
[2.533s] -- Up-to-date: /home/changye/Ros2_gazebo/ros2_ws2/install/control_msgs/include/control_msgs/control_msgs/action/single_joint_position.hpp
[2.533s] -- Up-to-date: /home/changye/Ros2_gazebo/ros2_ws2/install/control_msgs/include/control_msgs/control_msgs/msg
[2.533s] -- Up-to-date: /home/changye/Ros2_gazebo/ros2_ws2/install/control_msgs/include/control_msgs/control_msgs/msg/dynamic_joint_state.hpp
[2.533s] -- Up-to-date: /home/changye/Ros2_gazebo/ros2_ws2/install/control_msgs/include/control_msgs/control_msgs/msg/mecanum_drive_controller_state.hpp
[2.533s] -- Up-to-date: /home/changye/Ros2_gazebo/ros2_ws2/install/control_msgs/include/control_msgs/control_msgs/msg/admittance_controller_state.hpp
[2.533s] -- Up-to-date: /home/changye/Ros2_gazebo/ros2_ws2/install/control_msgs/include/control_msgs/control_msgs/msg/detail
[2.533s] -- Up-to-date: /home/changye/Ros2_gazebo/ros2_ws2/install/control_msgs/include/control_msgs/control_msgs/msg/detail/joint_component_tolerance__builder.hpp
[2.533s] -- Up-to-date: /home/changye/Ros2_gazebo/ros2_ws2/install/control_msgs/include/control_msgs/control_msgs/msg/detail/gripper_command__traits.hpp
[2.533s] -- Up-to-date: /home/changye/Ros2_gazebo/ros2_ws2/install/control_msgs/include/control_msgs/control_msgs/msg/detail/pid_state__builder.hpp
[2.533s] -- Up-to-date: /home/changye/Ros2_gazebo/ros2_ws2/install/control_msgs/include/control_msgs/control_msgs/msg/detail/joint_tolerance__traits.hpp
[2.533s] -- Up-to-date: /home/changye/Ros2_gazebo/ros2_ws2/install/control_msgs/include/control_msgs/control_msgs/msg/detail/steering_controller_status__traits.hpp
[2.533s] -- Up-to-date: /home/changye/Ros2_gazebo/ros2_ws2/install/control_msgs/include/control_msgs/control_msgs/msg/detail/dynamic_joint_state__builder.hpp
[2.533s] -- Up-to-date: /home/changye/Ros2_gazebo/ros2_ws2/install/control_msgs/include/control_msgs/control_msgs/msg/detail/pid_state__traits.hpp
[2.533s] -- Up-to-date: /home/changye/Ros2_gazebo/ros2_ws2/install/control_msgs/include/control_msgs/control_msgs/msg/detail/dynamic_joint_state__struct.hpp
[2.533s] -- Up-to-date: /home/changye/Ros2_gazebo/ros2_ws2/install/control_msgs/include/control_msgs/control_msgs/msg/detail/joint_trajectory_controller_state__traits.hpp
[2.534s] -- Up-to-date: /home/changye/Ros2_gazebo/ros2_ws2/install/control_msgs/include/control_msgs/control_msgs/msg/detail/interface_value__struct.hpp
[2.534s] -- Up-to-date: /home/changye/Ros2_gazebo/ros2_ws2/install/control_msgs/include/control_msgs/control_msgs/msg/detail/joint_jog__struct.hpp
[2.534s] -- Up-to-date: /home/changye/Ros2_gazebo/ros2_ws2/install/control_msgs/include/control_msgs/control_msgs/msg/detail/joint_jog__traits.hpp
[2.534s] -- Up-to-date: /home/changye/Ros2_gazebo/ros2_ws2/install/control_msgs/include/control_msgs/control_msgs/msg/detail/mecanum_drive_controller_state__builder.hpp
[2.534s] -- Up-to-date: /home/changye/Ros2_gazebo/ros2_ws2/install/control_msgs/include/control_msgs/control_msgs/msg/detail/joint_trajectory_controller_state__builder.hpp
[2.534s] -- Up-to-date: /home/changye/Ros2_gazebo/ros2_ws2/install/control_msgs/include/control_msgs/control_msgs/msg/detail/admittance_controller_state__traits.hpp
[2.534s] -- Up-to-date: /home/changye/Ros2_gazebo/ros2_ws2/install/control_msgs/include/control_msgs/control_msgs/msg/detail/gripper_command__builder.hpp
[2.534s] -- Up-to-date: /home/changye/Ros2_gazebo/ros2_ws2/install/control_msgs/include/control_msgs/control_msgs/msg/detail/gripper_command__struct.hpp
[2.534s] -- Up-to-date: /home/changye/Ros2_gazebo/ros2_ws2/install/control_msgs/include/control_msgs/control_msgs/msg/detail/interface_value__builder.hpp
[2.534s] -- Up-to-date: /home/changye/Ros2_gazebo/ros2_ws2/install/control_msgs/include/control_msgs/control_msgs/msg/detail/joint_component_tolerance__traits.hpp
[2.534s] -- Up-to-date: /home/changye/Ros2_gazebo/ros2_ws2/install/control_msgs/include/control_msgs/control_msgs/msg/detail/interface_value__traits.hpp
[2.534s] -- Up-to-date: /home/changye/Ros2_gazebo/ros2_ws2/install/control_msgs/include/control_msgs/control_msgs/msg/detail/joint_jog__builder.hpp
[2.534s] -- Up-to-date: /home/changye/Ros2_gazebo/ros2_ws2/install/control_msgs/include/control_msgs/control_msgs/msg/detail/admittance_controller_state__struct.hpp
[2.534s] -- Up-to-date: /home/changye/Ros2_gazebo/ros2_ws2/install/control_msgs/include/control_msgs/control_msgs/msg/detail/steering_controller_status__struct.hpp
[2.534s] -- Up-to-date: /home/changye/Ros2_gazebo/ros2_ws2/install/control_msgs/include/control_msgs/control_msgs/msg/detail/dynamic_joint_state__traits.hpp
[2.534s] -- Up-to-date: /home/changye/Ros2_gazebo/ros2_ws2/install/control_msgs/include/control_msgs/control_msgs/msg/detail/joint_tolerance__struct.hpp
[2.534s] -- Up-to-date: /home/changye/Ros2_gazebo/ros2_ws2/install/control_msgs/include/control_msgs/control_msgs/msg/detail/joint_trajectory_controller_state__struct.hpp
[2.534s] -- Up-to-date: /home/changye/Ros2_gazebo/ros2_ws2/install/control_msgs/include/control_msgs/control_msgs/msg/detail/mecanum_drive_controller_state__struct.hpp
[2.535s] -- Up-to-date: /home/changye/Ros2_gazebo/ros2_ws2/install/control_msgs/include/control_msgs/control_msgs/msg/detail/joint_controller_state__struct.hpp
[2.535s] -- Up-to-date: /home/changye/Ros2_gazebo/ros2_ws2/install/control_msgs/include/control_msgs/control_msgs/msg/detail/joint_component_tolerance__struct.hpp
[2.535s] -- Up-to-date: /home/changye/Ros2_gazebo/ros2_ws2/install/control_msgs/include/control_msgs/control_msgs/msg/detail/admittance_controller_state__builder.hpp
[2.535s] -- Up-to-date: /home/changye/Ros2_gazebo/ros2_ws2/install/control_msgs/include/control_msgs/control_msgs/msg/detail/mecanum_drive_controller_state__traits.hpp
[2.535s] -- Up-to-date: /home/changye/Ros2_gazebo/ros2_ws2/install/control_msgs/include/control_msgs/control_msgs/msg/detail/joint_controller_state__builder.hpp
[2.535s] -- Up-to-date: /home/changye/Ros2_gazebo/ros2_ws2/install/control_msgs/include/control_msgs/control_msgs/msg/detail/pid_state__struct.hpp
[2.535s] -- Up-to-date: /home/changye/Ros2_gazebo/ros2_ws2/install/control_msgs/include/control_msgs/control_msgs/msg/detail/joint_tolerance__builder.hpp
[2.535s] -- Up-to-date: /home/changye/Ros2_gazebo/ros2_ws2/install/control_msgs/include/control_msgs/control_msgs/msg/detail/joint_controller_state__traits.hpp
[2.535s] -- Up-to-date: /home/changye/Ros2_gazebo/ros2_ws2/install/control_msgs/include/control_msgs/control_msgs/msg/detail/steering_controller_status__builder.hpp
[2.535s] -- Up-to-date: /home/changye/Ros2_gazebo/ros2_ws2/install/control_msgs/include/control_msgs/control_msgs/msg/pid_state.hpp
[2.535s] -- Up-to-date: /home/changye/Ros2_gazebo/ros2_ws2/install/control_msgs/include/control_msgs/control_msgs/msg/steering_controller_status.hpp
[2.535s] -- Up-to-date: /home/changye/Ros2_gazebo/ros2_ws2/install/control_msgs/include/control_msgs/control_msgs/msg/interface_value.hpp
[2.535s] -- Up-to-date: /home/changye/Ros2_gazebo/ros2_ws2/install/control_msgs/include/control_msgs/control_msgs/msg/joint_tolerance.hpp
[2.535s] -- Up-to-date: /home/changye/Ros2_gazebo/ros2_ws2/install/control_msgs/include/control_msgs/control_msgs/msg/gripper_command.hpp
[2.535s] -- Up-to-date: /home/changye/Ros2_gazebo/ros2_ws2/install/control_msgs/include/control_msgs/control_msgs/msg/joint_trajectory_controller_state.hpp
[2.535s] -- Up-to-date: /home/changye/Ros2_gazebo/ros2_ws2/install/control_msgs/include/control_msgs/control_msgs/msg/joint_jog.hpp
[2.535s] -- Up-to-date: /home/changye/Ros2_gazebo/ros2_ws2/install/control_msgs/include/control_msgs/control_msgs/msg/joint_controller_state.hpp
[2.535s] -- Up-to-date: /home/changye/Ros2_gazebo/ros2_ws2/install/control_msgs/include/control_msgs/control_msgs/msg/joint_component_tolerance.hpp
[2.535s] -- Up-to-date: /home/changye/Ros2_gazebo/ros2_ws2/install/control_msgs/include/control_msgs/control_msgs
[2.535s] -- Up-to-date: /home/changye/Ros2_gazebo/ros2_ws2/install/control_msgs/include/control_msgs/control_msgs/srv
[2.536s] -- Up-to-date: /home/changye/Ros2_gazebo/ros2_ws2/install/control_msgs/include/control_msgs/control_msgs/srv/detail
[2.536s] -- Up-to-date: /home/changye/Ros2_gazebo/ros2_ws2/install/control_msgs/include/control_msgs/control_msgs/srv/detail/query_calibration_state__rosidl_typesupport_fastrtps_cpp.hpp
[2.536s] -- Up-to-date: /home/changye/Ros2_gazebo/ros2_ws2/install/control_msgs/include/control_msgs/control_msgs/srv/detail/query_trajectory_state__rosidl_typesupport_fastrtps_cpp.hpp
[2.536s] -- Up-to-date: /home/changye/Ros2_gazebo/ros2_ws2/install/control_msgs/include/control_msgs/control_msgs/srv/detail/dds_fastrtps
[2.536s] -- Up-to-date: /home/changye/Ros2_gazebo/ros2_ws2/install/control_msgs/include/control_msgs/control_msgs/action
[2.536s] -- Up-to-date: /home/changye/Ros2_gazebo/ros2_ws2/install/control_msgs/include/control_msgs/control_msgs/action/detail
[2.536s] -- Up-to-date: /home/changye/Ros2_gazebo/ros2_ws2/install/control_msgs/include/control_msgs/control_msgs/action/detail/joint_trajectory__rosidl_typesupport_fastrtps_cpp.hpp
[2.536s] -- Up-to-date: /home/changye/Ros2_gazebo/ros2_ws2/install/control_msgs/include/control_msgs/control_msgs/action/detail/single_joint_position__rosidl_typesupport_fastrtps_cpp.hpp
[2.536s] -- Up-to-date: /home/changye/Ros2_gazebo/ros2_ws2/install/control_msgs/include/control_msgs/control_msgs/action/detail/dds_fastrtps
[2.536s] -- Up-to-date: /home/changye/Ros2_gazebo/ros2_ws2/install/control_msgs/include/control_msgs/control_msgs/action/detail/follow_joint_trajectory__rosidl_typesupport_fastrtps_cpp.hpp
[2.536s] -- Up-to-date: /home/changye/Ros2_gazebo/ros2_ws2/install/control_msgs/include/control_msgs/control_msgs/action/detail/gripper_command__rosidl_typesupport_fastrtps_cpp.hpp
[2.536s] -- Up-to-date: /home/changye/Ros2_gazebo/ros2_ws2/install/control_msgs/include/control_msgs/control_msgs/action/detail/point_head__rosidl_typesupport_fastrtps_cpp.hpp
[2.536s] -- Up-to-date: /home/changye/Ros2_gazebo/ros2_ws2/install/control_msgs/include/control_msgs/control_msgs/msg
[2.537s] -- Up-to-date: /home/changye/Ros2_gazebo/ros2_ws2/install/control_msgs/include/control_msgs/control_msgs/msg/detail
[2.537s] -- Up-to-date: /home/changye/Ros2_gazebo/ros2_ws2/install/control_msgs/include/control_msgs/control_msgs/msg/detail/admittance_controller_state__rosidl_typesupport_fastrtps_cpp.hpp
[2.537s] -- Up-to-date: /home/changye/Ros2_gazebo/ros2_ws2/install/control_msgs/include/control_msgs/control_msgs/msg/detail/joint_trajectory_controller_state__rosidl_typesupport_fastrtps_cpp.hpp
[2.537s] -- Up-to-date: /home/changye/Ros2_gazebo/ros2_ws2/install/control_msgs/include/control_msgs/control_msgs/msg/detail/dds_fastrtps
[2.537s] -- Up-to-date: /home/changye/Ros2_gazebo/ros2_ws2/install/control_msgs/include/control_msgs/control_msgs/msg/detail/joint_tolerance__rosidl_typesupport_fastrtps_cpp.hpp
[2.537s] -- Up-to-date: /home/changye/Ros2_gazebo/ros2_ws2/install/control_msgs/include/control_msgs/control_msgs/msg/detail/joint_controller_state__rosidl_typesupport_fastrtps_cpp.hpp
[2.537s] -- Up-to-date: /home/changye/Ros2_gazebo/ros2_ws2/install/control_msgs/include/control_msgs/control_msgs/msg/detail/steering_controller_status__rosidl_typesupport_fastrtps_cpp.hpp
[2.537s] -- Up-to-date: /home/changye/Ros2_gazebo/ros2_ws2/install/control_msgs/include/control_msgs/control_msgs/msg/detail/gripper_command__rosidl_typesupport_fastrtps_cpp.hpp
[2.537s] -- Up-to-date: /home/changye/Ros2_gazebo/ros2_ws2/install/control_msgs/include/control_msgs/control_msgs/msg/detail/joint_component_tolerance__rosidl_typesupport_fastrtps_cpp.hpp
[2.537s] -- Up-to-date: /home/changye/Ros2_gazebo/ros2_ws2/install/control_msgs/include/control_msgs/control_msgs/msg/detail/interface_value__rosidl_typesupport_fastrtps_cpp.hpp
[2.537s] -- Up-to-date: /home/changye/Ros2_gazebo/ros2_ws2/install/control_msgs/include/control_msgs/control_msgs/msg/detail/dynamic_joint_state__rosidl_typesupport_fastrtps_cpp.hpp
[2.537s] -- Up-to-date: /home/changye/Ros2_gazebo/ros2_ws2/install/control_msgs/include/control_msgs/control_msgs/msg/detail/joint_jog__rosidl_typesupport_fastrtps_cpp.hpp
[2.537s] -- Up-to-date: /home/changye/Ros2_gazebo/ros2_ws2/install/control_msgs/include/control_msgs/control_msgs/msg/detail/pid_state__rosidl_typesupport_fastrtps_cpp.hpp
[2.538s] -- Up-to-date: /home/changye/Ros2_gazebo/ros2_ws2/install/control_msgs/include/control_msgs/control_msgs/msg/detail/mecanum_drive_controller_state__rosidl_typesupport_fastrtps_cpp.hpp
[2.538s] -- Up-to-date: /home/changye/Ros2_gazebo/ros2_ws2/install/control_msgs/include/control_msgs/control_msgs/msg/rosidl_typesupport_fastrtps_cpp__visibility_control.h
[2.538s] -- Up-to-date: /home/changye/Ros2_gazebo/ros2_ws2/install/control_msgs/lib/libcontrol_msgs__rosidl_typesupport_fastrtps_cpp.so
[2.538s] -- Up-to-date: /home/changye/Ros2_gazebo/ros2_ws2/install/control_msgs/include/control_msgs/control_msgs
[2.538s] -- Up-to-date: /home/changye/Ros2_gazebo/ros2_ws2/install/control_msgs/include/control_msgs/control_msgs/srv
[2.538s] -- Up-to-date: /home/changye/Ros2_gazebo/ros2_ws2/install/control_msgs/include/control_msgs/control_msgs/srv/detail
[2.538s] -- Up-to-date: /home/changye/Ros2_gazebo/ros2_ws2/install/control_msgs/include/control_msgs/control_msgs/srv/detail/query_trajectory_state__type_support.c
[2.538s] -- Up-to-date: /home/changye/Ros2_gazebo/ros2_ws2/install/control_msgs/include/control_msgs/control_msgs/srv/detail/query_calibration_state__rosidl_typesupport_introspection_c.h
[2.538s] -- Up-to-date: /home/changye/Ros2_gazebo/ros2_ws2/install/control_msgs/include/control_msgs/control_msgs/srv/detail/query_calibration_state__type_support.c
[2.538s] -- Up-to-date: /home/changye/Ros2_gazebo/ros2_ws2/install/control_msgs/include/control_msgs/control_msgs/srv/detail/query_trajectory_state__rosidl_typesupport_introspection_c.h
[2.538s] -- Up-to-date: /home/changye/Ros2_gazebo/ros2_ws2/install/control_msgs/include/control_msgs/control_msgs/action
[2.538s] -- Up-to-date: /home/changye/Ros2_gazebo/ros2_ws2/install/control_msgs/include/control_msgs/control_msgs/action/detail
[2.538s] -- Up-to-date: /home/changye/Ros2_gazebo/ros2_ws2/install/control_msgs/include/control_msgs/control_msgs/action/detail/point_head__rosidl_typesupport_introspection_c.h
[2.539s] -- Up-to-date: /home/changye/Ros2_gazebo/ros2_ws2/install/control_msgs/include/control_msgs/control_msgs/action/detail/joint_trajectory__type_support.c
[2.539s] -- Up-to-date: /home/changye/Ros2_gazebo/ros2_ws2/install/control_msgs/include/control_msgs/control_msgs/action/detail/single_joint_position__rosidl_typesupport_introspection_c.h
[2.539s] -- Up-to-date: /home/changye/Ros2_gazebo/ros2_ws2/install/control_msgs/include/control_msgs/control_msgs/action/detail/joint_trajectory__rosidl_typesupport_introspection_c.h
[2.539s] -- Up-to-date: /home/changye/Ros2_gazebo/ros2_ws2/install/control_msgs/include/control_msgs/control_msgs/action/detail/point_head__type_support.c
[2.539s] -- Up-to-date: /home/changye/Ros2_gazebo/ros2_ws2/install/control_msgs/include/control_msgs/control_msgs/action/detail/follow_joint_trajectory__type_support.c
[2.539s] -- Up-to-date: /home/changye/Ros2_gazebo/ros2_ws2/install/control_msgs/include/control_msgs/control_msgs/action/detail/follow_joint_trajectory__rosidl_typesupport_introspection_c.h
[2.539s] -- Up-to-date: /home/changye/Ros2_gazebo/ros2_ws2/install/control_msgs/include/control_msgs/control_msgs/action/detail/gripper_command__rosidl_typesupport_introspection_c.h
[2.539s] -- Up-to-date: /home/changye/Ros2_gazebo/ros2_ws2/install/control_msgs/include/control_msgs/control_msgs/action/detail/single_joint_position__type_support.c
[2.539s] -- Up-to-date: /home/changye/Ros2_gazebo/ros2_ws2/install/control_msgs/include/control_msgs/control_msgs/action/detail/gripper_command__type_support.c
[2.539s] -- Up-to-date: /home/changye/Ros2_gazebo/ros2_ws2/install/control_msgs/include/control_msgs/control_msgs/msg
[2.539s] -- Up-to-date: /home/changye/Ros2_gazebo/ros2_ws2/install/control_msgs/include/control_msgs/control_msgs/msg/detail
[2.539s] -- Up-to-date: /home/changye/Ros2_gazebo/ros2_ws2/install/control_msgs/include/control_msgs/control_msgs/msg/detail/joint_controller_state__rosidl_typesupport_introspection_c.h
[2.539s] -- Up-to-date: /home/changye/Ros2_gazebo/ros2_ws2/install/control_msgs/include/control_msgs/control_msgs/msg/detail/joint_jog__rosidl_typesupport_introspection_c.h
[2.540s] -- Up-to-date: /home/changye/Ros2_gazebo/ros2_ws2/install/control_msgs/include/control_msgs/control_msgs/msg/detail/joint_jog__type_support.c
[2.540s] -- Up-to-date: /home/changye/Ros2_gazebo/ros2_ws2/install/control_msgs/include/control_msgs/control_msgs/msg/detail/joint_component_tolerance__type_support.c
[2.540s] -- Up-to-date: /home/changye/Ros2_gazebo/ros2_ws2/install/control_msgs/include/control_msgs/control_msgs/msg/detail/interface_value__rosidl_typesupport_introspection_c.h
[2.540s] -- Up-to-date: /home/changye/Ros2_gazebo/ros2_ws2/install/control_msgs/include/control_msgs/control_msgs/msg/detail/joint_controller_state__type_support.c
[2.540s] -- Up-to-date: /home/changye/Ros2_gazebo/ros2_ws2/install/control_msgs/include/control_msgs/control_msgs/msg/detail/admittance_controller_state__type_support.c
[2.540s] -- Up-to-date: /home/changye/Ros2_gazebo/ros2_ws2/install/control_msgs/include/control_msgs/control_msgs/msg/detail/pid_state__rosidl_typesupport_introspection_c.h
[2.540s] -- Up-to-date: /home/changye/Ros2_gazebo/ros2_ws2/install/control_msgs/include/control_msgs/control_msgs/msg/detail/joint_tolerance__type_support.c
[2.540s] -- Up-to-date: /home/changye/Ros2_gazebo/ros2_ws2/install/control_msgs/include/control_msgs/control_msgs/msg/detail/steering_controller_status__type_support.c
[2.540s] -- Up-to-date: /home/changye/Ros2_gazebo/ros2_ws2/install/control_msgs/include/control_msgs/control_msgs/msg/detail/joint_trajectory_controller_state__type_support.c
[2.540s] -- Up-to-date: /home/changye/Ros2_gazebo/ros2_ws2/install/control_msgs/include/control_msgs/control_msgs/msg/detail/joint_tolerance__rosidl_typesupport_introspection_c.h
[2.540s] -- Up-to-date: /home/changye/Ros2_gazebo/ros2_ws2/install/control_msgs/include/control_msgs/control_msgs/msg/detail/joint_component_tolerance__rosidl_typesupport_introspection_c.h
[2.540s] -- Up-to-date: /home/changye/Ros2_gazebo/ros2_ws2/install/control_msgs/include/control_msgs/control_msgs/msg/detail/interface_value__type_support.c
[2.541s] -- Up-to-date: /home/changye/Ros2_gazebo/ros2_ws2/install/control_msgs/include/control_msgs/control_msgs/msg/detail/dynamic_joint_state__rosidl_typesupport_introspection_c.h
[2.541s] -- Up-to-date: /home/changye/Ros2_gazebo/ros2_ws2/install/control_msgs/include/control_msgs/control_msgs/msg/detail/dynamic_joint_state__type_support.c
[2.541s] -- Up-to-date: /home/changye/Ros2_gazebo/ros2_ws2/install/control_msgs/include/control_msgs/control_msgs/msg/detail/pid_state__type_support.c
[2.541s] -- Up-to-date: /home/changye/Ros2_gazebo/ros2_ws2/install/control_msgs/include/control_msgs/control_msgs/msg/detail/admittance_controller_state__rosidl_typesupport_introspection_c.h
[2.541s] -- Up-to-date: /home/changye/Ros2_gazebo/ros2_ws2/install/control_msgs/include/control_msgs/control_msgs/msg/detail/gripper_command__rosidl_typesupport_introspection_c.h
[2.541s] -- Up-to-date: /home/changye/Ros2_gazebo/ros2_ws2/install/control_msgs/include/control_msgs/control_msgs/msg/detail/joint_trajectory_controller_state__rosidl_typesupport_introspection_c.h
[2.541s] -- Up-to-date: /home/changye/Ros2_gazebo/ros2_ws2/install/control_msgs/include/control_msgs/control_msgs/msg/detail/mecanum_drive_controller_state__type_support.c
[2.541s] -- Up-to-date: /home/changye/Ros2_gazebo/ros2_ws2/install/control_msgs/include/control_msgs/control_msgs/msg/detail/mecanum_drive_controller_state__rosidl_typesupport_introspection_c.h
[2.541s] -- Up-to-date: /home/changye/Ros2_gazebo/ros2_ws2/install/control_msgs/include/control_msgs/control_msgs/msg/detail/gripper_command__type_support.c
[2.541s] -- Up-to-date: /home/changye/Ros2_gazebo/ros2_ws2/install/control_msgs/include/control_msgs/control_msgs/msg/detail/steering_controller_status__rosidl_typesupport_introspection_c.h
[2.541s] -- Up-to-date: /home/changye/Ros2_gazebo/ros2_ws2/install/control_msgs/include/control_msgs/control_msgs/msg/rosidl_typesupport_introspection_c__visibility_control.h
[2.541s] -- Up-to-date: /home/changye/Ros2_gazebo/ros2_ws2/install/control_msgs/lib/libcontrol_msgs__rosidl_typesupport_introspection_c.so
[2.542s] -- Up-to-date: /home/changye/Ros2_gazebo/ros2_ws2/install/control_msgs/lib/libcontrol_msgs__rosidl_typesupport_c.so
[2.542s] -- Up-to-date: /home/changye/Ros2_gazebo/ros2_ws2/install/control_msgs/include/control_msgs/control_msgs
[2.542s] -- Up-to-date: /home/changye/Ros2_gazebo/ros2_ws2/install/control_msgs/include/control_msgs/control_msgs/srv
[2.542s] -- Up-to-date: /home/changye/Ros2_gazebo/ros2_ws2/install/control_msgs/include/control_msgs/control_msgs/srv/detail
[2.542s] -- Up-to-date: /home/changye/Ros2_gazebo/ros2_ws2/install/control_msgs/include/control_msgs/control_msgs/srv/detail/query_calibration_state__rosidl_typesupport_introspection_cpp.hpp
[2.542s] -- Up-to-date: /home/changye/Ros2_gazebo/ros2_ws2/install/control_msgs/include/control_msgs/control_msgs/srv/detail/query_trajectory_state__rosidl_typesupport_introspection_cpp.hpp
[2.542s] -- Up-to-date: /home/changye/Ros2_gazebo/ros2_ws2/install/control_msgs/include/control_msgs/control_msgs/srv/detail/query_calibration_state__type_support.cpp
[2.542s] -- Up-to-date: /home/changye/Ros2_gazebo/ros2_ws2/install/control_msgs/include/control_msgs/control_msgs/srv/detail/query_trajectory_state__type_support.cpp
[2.542s] -- Up-to-date: /home/changye/Ros2_gazebo/ros2_ws2/install/control_msgs/include/control_msgs/control_msgs/action
[2.542s] -- Up-to-date: /home/changye/Ros2_gazebo/ros2_ws2/install/control_msgs/include/control_msgs/control_msgs/action/detail
[2.542s] -- Up-to-date: /home/changye/Ros2_gazebo/ros2_ws2/install/control_msgs/include/control_msgs/control_msgs/action/detail/follow_joint_trajectory__type_support.cpp
[2.543s] -- Up-to-date: /home/changye/Ros2_gazebo/ros2_ws2/install/control_msgs/include/control_msgs/control_msgs/action/detail/single_joint_position__rosidl_typesupport_introspection_cpp.hpp
[2.543s] -- Up-to-date: /home/changye/Ros2_gazebo/ros2_ws2/install/control_msgs/include/control_msgs/control_msgs/action/detail/joint_trajectory__rosidl_typesupport_introspection_cpp.hpp
[2.543s] -- Up-to-date: /home/changye/Ros2_gazebo/ros2_ws2/install/control_msgs/include/control_msgs/control_msgs/action/detail/gripper_command__rosidl_typesupport_introspection_cpp.hpp
[2.543s] -- Up-to-date: /home/changye/Ros2_gazebo/ros2_ws2/install/control_msgs/include/control_msgs/control_msgs/action/detail/point_head__type_support.cpp
[2.543s] -- Up-to-date: /home/changye/Ros2_gazebo/ros2_ws2/install/control_msgs/include/control_msgs/control_msgs/action/detail/joint_trajectory__type_support.cpp
[2.543s] -- Up-to-date: /home/changye/Ros2_gazebo/ros2_ws2/install/control_msgs/include/control_msgs/control_msgs/action/detail/point_head__rosidl_typesupport_introspection_cpp.hpp
[2.543s] -- Up-to-date: /home/changye/Ros2_gazebo/ros2_ws2/install/control_msgs/include/control_msgs/control_msgs/action/detail/single_joint_position__type_support.cpp
[2.543s] -- Up-to-date: /home/changye/Ros2_gazebo/ros2_ws2/install/control_msgs/include/control_msgs/control_msgs/action/detail/gripper_command__type_support.cpp
[2.543s] -- Up-to-date: /home/changye/Ros2_gazebo/ros2_ws2/install/control_msgs/include/control_msgs/control_msgs/action/detail/follow_joint_trajectory__rosidl_typesupport_introspection_cpp.hpp
[2.543s] -- Up-to-date: /home/changye/Ros2_gazebo/ros2_ws2/install/control_msgs/include/control_msgs/control_msgs/msg
[2.543s] -- Up-to-date: /home/changye/Ros2_gazebo/ros2_ws2/install/control_msgs/include/control_msgs/control_msgs/msg/detail
[2.544s] -- Up-to-date: /home/changye/Ros2_gazebo/ros2_ws2/install/control_msgs/include/control_msgs/control_msgs/msg/detail/joint_jog__rosidl_typesupport_introspection_cpp.hpp
[2.544s] -- Up-to-date: /home/changye/Ros2_gazebo/ros2_ws2/install/control_msgs/include/control_msgs/control_msgs/msg/detail/gripper_command__rosidl_typesupport_introspection_cpp.hpp
[2.544s] -- Up-to-date: /home/changye/Ros2_gazebo/ros2_ws2/install/control_msgs/include/control_msgs/control_msgs/msg/detail/joint_controller_state__rosidl_typesupport_introspection_cpp.hpp
[2.544s] -- Up-to-date: /home/changye/Ros2_gazebo/ros2_ws2/install/control_msgs/include/control_msgs/control_msgs/msg/detail/joint_jog__type_support.cpp
[2.544s] -- Up-to-date: /home/changye/Ros2_gazebo/ros2_ws2/install/control_msgs/include/control_msgs/control_msgs/msg/detail/joint_controller_state__type_support.cpp
[2.544s] -- Up-to-date: /home/changye/Ros2_gazebo/ros2_ws2/install/control_msgs/include/control_msgs/control_msgs/msg/detail/mecanum_drive_controller_state__type_support.cpp
[2.544s] -- Up-to-date: /home/changye/Ros2_gazebo/ros2_ws2/install/control_msgs/include/control_msgs/control_msgs/msg/detail/admittance_controller_state__type_support.cpp
[2.544s] -- Up-to-date: /home/changye/Ros2_gazebo/ros2_ws2/install/control_msgs/include/control_msgs/control_msgs/msg/detail/mecanum_drive_controller_state__rosidl_typesupport_introspection_cpp.hpp
[2.544s] -- Up-to-date: /home/changye/Ros2_gazebo/ros2_ws2/install/control_msgs/include/control_msgs/control_msgs/msg/detail/admittance_controller_state__rosidl_typesupport_introspection_cpp.hpp
[2.544s] -- Up-to-date: /home/changye/Ros2_gazebo/ros2_ws2/install/control_msgs/include/control_msgs/control_msgs/msg/detail/joint_trajectory_controller_state__rosidl_typesupport_introspection_cpp.hpp
[2.544s] -- Up-to-date: /home/changye/Ros2_gazebo/ros2_ws2/install/control_msgs/include/control_msgs/control_msgs/msg/detail/steering_controller_status__type_support.cpp
[2.544s] -- Up-to-date: /home/changye/Ros2_gazebo/ros2_ws2/install/control_msgs/include/control_msgs/control_msgs/msg/detail/joint_component_tolerance__type_support.cpp
[2.544s] -- Up-to-date: /home/changye/Ros2_gazebo/ros2_ws2/install/control_msgs/include/control_msgs/control_msgs/msg/detail/dynamic_joint_state__type_support.cpp
[2.545s] -- Up-to-date: /home/changye/Ros2_gazebo/ros2_ws2/install/control_msgs/include/control_msgs/control_msgs/msg/detail/joint_component_tolerance__rosidl_typesupport_introspection_cpp.hpp
[2.545s] -- Up-to-date: /home/changye/Ros2_gazebo/ros2_ws2/install/control_msgs/include/control_msgs/control_msgs/msg/detail/steering_controller_status__rosidl_typesupport_introspection_cpp.hpp
[2.545s] -- Up-to-date: /home/changye/Ros2_gazebo/ros2_ws2/install/control_msgs/include/control_msgs/control_msgs/msg/detail/joint_trajectory_controller_state__type_support.cpp
[2.545s] -- Up-to-date: /home/changye/Ros2_gazebo/ros2_ws2/install/control_msgs/include/control_msgs/control_msgs/msg/detail/dynamic_joint_state__rosidl_typesupport_introspection_cpp.hpp
[2.545s] -- Up-to-date: /home/changye/Ros2_gazebo/ros2_ws2/install/control_msgs/include/control_msgs/control_msgs/msg/detail/joint_tolerance__rosidl_typesupport_introspection_cpp.hpp
[2.545s] -- Up-to-date: /home/changye/Ros2_gazebo/ros2_ws2/install/control_msgs/include/control_msgs/control_msgs/msg/detail/interface_value__rosidl_typesupport_introspection_cpp.hpp
[2.545s] -- Up-to-date: /home/changye/Ros2_gazebo/ros2_ws2/install/control_msgs/include/control_msgs/control_msgs/msg/detail/gripper_command__type_support.cpp
[2.545s] -- Up-to-date: /home/changye/Ros2_gazebo/ros2_ws2/install/control_msgs/include/control_msgs/control_msgs/msg/detail/interface_value__type_support.cpp
[2.545s] -- Up-to-date: /home/changye/Ros2_gazebo/ros2_ws2/install/control_msgs/include/control_msgs/control_msgs/msg/detail/joint_tolerance__type_support.cpp
[2.545s] -- Up-to-date: /home/changye/Ros2_gazebo/ros2_ws2/install/control_msgs/include/control_msgs/control_msgs/msg/detail/pid_state__rosidl_typesupport_introspection_cpp.hpp
[2.545s] -- Up-to-date: /home/changye/Ros2_gazebo/ros2_ws2/install/control_msgs/include/control_msgs/control_msgs/msg/detail/pid_state__type_support.cpp
[2.545s] -- Up-to-date: /home/changye/Ros2_gazebo/ros2_ws2/install/control_msgs/lib/libcontrol_msgs__rosidl_typesupport_introspection_cpp.so
[2.546s] -- Up-to-date: /home/changye/Ros2_gazebo/ros2_ws2/install/control_msgs/lib/libcontrol_msgs__rosidl_typesupport_cpp.so
[2.546s] -- Up-to-date: /home/changye/Ros2_gazebo/ros2_ws2/install/control_msgs/share/control_msgs/environment/pythonpath.sh
[2.546s] -- Up-to-date: /home/changye/Ros2_gazebo/ros2_ws2/install/control_msgs/share/control_msgs/environment/pythonpath.dsv
[2.546s] -- Up-to-date: /home/changye/Ros2_gazebo/ros2_ws2/install/control_msgs/local/lib/python3.10/dist-packages/control_msgs-4.4.0-py3.10.egg-info
[2.546s] -- Installing: /home/changye/Ros2_gazebo/ros2_ws2/install/control_msgs/local/lib/python3.10/dist-packages/control_msgs-4.4.0-py3.10.egg-info/PKG-INFO
[2.546s] -- Installing: /home/changye/Ros2_gazebo/ros2_ws2/install/control_msgs/local/lib/python3.10/dist-packages/control_msgs-4.4.0-py3.10.egg-info/SOURCES.txt
[2.546s] -- Installing: /home/changye/Ros2_gazebo/ros2_ws2/install/control_msgs/local/lib/python3.10/dist-packages/control_msgs-4.4.0-py3.10.egg-info/dependency_links.txt
[2.546s] -- Installing: /home/changye/Ros2_gazebo/ros2_ws2/install/control_msgs/local/lib/python3.10/dist-packages/control_msgs-4.4.0-py3.10.egg-info/top_level.txt
[2.546s] -- Up-to-date: /home/changye/Ros2_gazebo/ros2_ws2/install/control_msgs/local/lib/python3.10/dist-packages/control_msgs
[2.546s] -- Up-to-date: /home/changye/Ros2_gazebo/ros2_ws2/install/control_msgs/local/lib/python3.10/dist-packages/control_msgs/_control_msgs_s.ep.rosidl_typesupport_c.c
[2.546s] -- Up-to-date: /home/changye/Ros2_gazebo/ros2_ws2/install/control_msgs/local/lib/python3.10/dist-packages/control_msgs/control_msgs_s__rosidl_typesupport_fastrtps_c.cpython-310-x86_64-linux-gnu.so
[2.546s] -- Up-to-date: /home/changye/Ros2_gazebo/ros2_ws2/install/control_msgs/local/lib/python3.10/dist-packages/control_msgs/srv
[2.546s] -- Up-to-date: /home/changye/Ros2_gazebo/ros2_ws2/install/control_msgs/local/lib/python3.10/dist-packages/control_msgs/srv/_query_trajectory_state.py
[2.547s] -- Up-to-date: /home/changye/Ros2_gazebo/ros2_ws2/install/control_msgs/local/lib/python3.10/dist-packages/control_msgs/srv/__init__.py
[2.547s] -- Up-to-date: /home/changye/Ros2_gazebo/ros2_ws2/install/control_msgs/local/lib/python3.10/dist-packages/control_msgs/srv/_query_trajectory_state_s.c
[2.547s] -- Up-to-date: /home/changye/Ros2_gazebo/ros2_ws2/install/control_msgs/local/lib/python3.10/dist-packages/control_msgs/srv/_query_calibration_state.py
[2.547s] -- Up-to-date: /home/changye/Ros2_gazebo/ros2_ws2/install/control_msgs/local/lib/python3.10/dist-packages/control_msgs/srv/_query_calibration_state_s.c
[2.547s] -- Up-to-date: /home/changye/Ros2_gazebo/ros2_ws2/install/control_msgs/local/lib/python3.10/dist-packages/control_msgs/control_msgs_s__rosidl_typesupport_introspection_c.cpython-310-x86_64-linux-gnu.so
[2.547s] -- Up-to-date: /home/changye/Ros2_gazebo/ros2_ws2/install/control_msgs/local/lib/python3.10/dist-packages/control_msgs/libcontrol_msgs__rosidl_generator_py.so
[2.547s] -- Up-to-date: /home/changye/Ros2_gazebo/ros2_ws2/install/control_msgs/local/lib/python3.10/dist-packages/control_msgs/__init__.py
[2.547s] -- Up-to-date: /home/changye/Ros2_gazebo/ros2_ws2/install/control_msgs/local/lib/python3.10/dist-packages/control_msgs/_control_msgs_s.ep.rosidl_typesupport_fastrtps_c.c
[2.547s] -- Up-to-date: /home/changye/Ros2_gazebo/ros2_ws2/install/control_msgs/local/lib/python3.10/dist-packages/control_msgs/action
[2.547s] -- Up-to-date: /home/changye/Ros2_gazebo/ros2_ws2/install/control_msgs/local/lib/python3.10/dist-packages/control_msgs/action/_single_joint_position_s.c
[2.547s] -- Up-to-date: /home/changye/Ros2_gazebo/ros2_ws2/install/control_msgs/local/lib/python3.10/dist-packages/control_msgs/action/_point_head_s.c
[2.547s] -- Up-to-date: /home/changye/Ros2_gazebo/ros2_ws2/install/control_msgs/local/lib/python3.10/dist-packages/control_msgs/action/_follow_joint_trajectory_s.c
[2.548s] -- Up-to-date: /home/changye/Ros2_gazebo/ros2_ws2/install/control_msgs/local/lib/python3.10/dist-packages/control_msgs/action/_point_head.py
[2.548s] -- Up-to-date: /home/changye/Ros2_gazebo/ros2_ws2/install/control_msgs/local/lib/python3.10/dist-packages/control_msgs/action/__init__.py
[2.548s] -- Up-to-date: /home/changye/Ros2_gazebo/ros2_ws2/install/control_msgs/local/lib/python3.10/dist-packages/control_msgs/action/_gripper_command_s.c
[2.548s] -- Up-to-date: /home/changye/Ros2_gazebo/ros2_ws2/install/control_msgs/local/lib/python3.10/dist-packages/control_msgs/action/_follow_joint_trajectory.py
[2.548s] -- Up-to-date: /home/changye/Ros2_gazebo/ros2_ws2/install/control_msgs/local/lib/python3.10/dist-packages/control_msgs/action/_gripper_command.py
[2.548s] -- Up-to-date: /home/changye/Ros2_gazebo/ros2_ws2/install/control_msgs/local/lib/python3.10/dist-packages/control_msgs/action/_joint_trajectory.py
[2.548s] -- Up-to-date: /home/changye/Ros2_gazebo/ros2_ws2/install/control_msgs/local/lib/python3.10/dist-packages/control_msgs/action/_single_joint_position.py
[2.548s] -- Up-to-date: /home/changye/Ros2_gazebo/ros2_ws2/install/control_msgs/local/lib/python3.10/dist-packages/control_msgs/action/_joint_trajectory_s.c
[2.548s] -- Up-to-date: /home/changye/Ros2_gazebo/ros2_ws2/install/control_msgs/local/lib/python3.10/dist-packages/control_msgs/_control_msgs_s.ep.rosidl_typesupport_introspection_c.c
[2.548s] -- Up-to-date: /home/changye/Ros2_gazebo/ros2_ws2/install/control_msgs/local/lib/python3.10/dist-packages/control_msgs/control_msgs_s__rosidl_typesupport_c.cpython-310-x86_64-linux-gnu.so
[2.548s] -- Up-to-date: /home/changye/Ros2_gazebo/ros2_ws2/install/control_msgs/local/lib/python3.10/dist-packages/control_msgs/msg
[2.548s] -- Up-to-date: /home/changye/Ros2_gazebo/ros2_ws2/install/control_msgs/local/lib/python3.10/dist-packages/control_msgs/msg/_joint_tolerance_s.c
[2.548s] -- Up-to-date: /home/changye/Ros2_gazebo/ros2_ws2/install/control_msgs/local/lib/python3.10/dist-packages/control_msgs/msg/_admittance_controller_state_s.c
[2.549s] -- Up-to-date: /home/changye/Ros2_gazebo/ros2_ws2/install/control_msgs/local/lib/python3.10/dist-packages/control_msgs/msg/_interface_value_s.c
[2.549s] -- Up-to-date: /home/changye/Ros2_gazebo/ros2_ws2/install/control_msgs/local/lib/python3.10/dist-packages/control_msgs/msg/_joint_controller_state_s.c
[2.549s] -- Up-to-date: /home/changye/Ros2_gazebo/ros2_ws2/install/control_msgs/local/lib/python3.10/dist-packages/control_msgs/msg/_joint_trajectory_controller_state.py
[2.549s] -- Up-to-date: /home/changye/Ros2_gazebo/ros2_ws2/install/control_msgs/local/lib/python3.10/dist-packages/control_msgs/msg/_joint_jog.py
[2.549s] -- Up-to-date: /home/changye/Ros2_gazebo/ros2_ws2/install/control_msgs/local/lib/python3.10/dist-packages/control_msgs/msg/_mecanum_drive_controller_state.py
[2.549s] -- Up-to-date: /home/changye/Ros2_gazebo/ros2_ws2/install/control_msgs/local/lib/python3.10/dist-packages/control_msgs/msg/_joint_trajectory_controller_state_s.c
[2.549s] -- Up-to-date: /home/changye/Ros2_gazebo/ros2_ws2/install/control_msgs/local/lib/python3.10/dist-packages/control_msgs/msg/__init__.py
[2.549s] -- Up-to-date: /home/changye/Ros2_gazebo/ros2_ws2/install/control_msgs/local/lib/python3.10/dist-packages/control_msgs/msg/_gripper_command_s.c
[2.549s] -- Up-to-date: /home/changye/Ros2_gazebo/ros2_ws2/install/control_msgs/local/lib/python3.10/dist-packages/control_msgs/msg/_dynamic_joint_state.py
[2.549s] -- Up-to-date: /home/changye/Ros2_gazebo/ros2_ws2/install/control_msgs/local/lib/python3.10/dist-packages/control_msgs/msg/_mecanum_drive_controller_state_s.c
[2.549s] -- Up-to-date: /home/changye/Ros2_gazebo/ros2_ws2/install/control_msgs/local/lib/python3.10/dist-packages/control_msgs/msg/_pid_state.py
[2.549s] -- Up-to-date: /home/changye/Ros2_gazebo/ros2_ws2/install/control_msgs/local/lib/python3.10/dist-packages/control_msgs/msg/_joint_jog_s.c
[2.549s] -- Up-to-date: /home/changye/Ros2_gazebo/ros2_ws2/install/control_msgs/local/lib/python3.10/dist-packages/control_msgs/msg/_gripper_command.py
[2.550s] -- Up-to-date: /home/changye/Ros2_gazebo/ros2_ws2/install/control_msgs/local/lib/python3.10/dist-packages/control_msgs/msg/_pid_state_s.c
[2.550s] -- Up-to-date: /home/changye/Ros2_gazebo/ros2_ws2/install/control_msgs/local/lib/python3.10/dist-packages/control_msgs/msg/_joint_component_tolerance.py
[2.550s] -- Up-to-date: /home/changye/Ros2_gazebo/ros2_ws2/install/control_msgs/local/lib/python3.10/dist-packages/control_msgs/msg/_dynamic_joint_state_s.c
[2.550s] -- Up-to-date: /home/changye/Ros2_gazebo/ros2_ws2/install/control_msgs/local/lib/python3.10/dist-packages/control_msgs/msg/_joint_controller_state.py
[2.550s] -- Up-to-date: /home/changye/Ros2_gazebo/ros2_ws2/install/control_msgs/local/lib/python3.10/dist-packages/control_msgs/msg/_interface_value.py
[2.550s] -- Up-to-date: /home/changye/Ros2_gazebo/ros2_ws2/install/control_msgs/local/lib/python3.10/dist-packages/control_msgs/msg/_steering_controller_status_s.c
[2.550s] -- Up-to-date: /home/changye/Ros2_gazebo/ros2_ws2/install/control_msgs/local/lib/python3.10/dist-packages/control_msgs/msg/_joint_tolerance.py
[2.550s] -- Up-to-date: /home/changye/Ros2_gazebo/ros2_ws2/install/control_msgs/local/lib/python3.10/dist-packages/control_msgs/msg/_steering_controller_status.py
[2.550s] -- Up-to-date: /home/changye/Ros2_gazebo/ros2_ws2/install/control_msgs/local/lib/python3.10/dist-packages/control_msgs/msg/_admittance_controller_state.py
[2.550s] -- Up-to-date: /home/changye/Ros2_gazebo/ros2_ws2/install/control_msgs/local/lib/python3.10/dist-packages/control_msgs/msg/_joint_component_tolerance_s.c
[2.647s] Listing '/home/changye/Ros2_gazebo/ros2_ws2/install/control_msgs/local/lib/python3.10/dist-packages/control_msgs'...
[2.647s] Listing '/home/changye/Ros2_gazebo/ros2_ws2/install/control_msgs/local/lib/python3.10/dist-packages/control_msgs/action'...
[2.647s] Listing '/home/changye/Ros2_gazebo/ros2_ws2/install/control_msgs/local/lib/python3.10/dist-packages/control_msgs/msg'...
[2.647s] Listing '/home/changye/Ros2_gazebo/ros2_ws2/install/control_msgs/local/lib/python3.10/dist-packages/control_msgs/srv'...
[2.651s] -- Up-to-date: /home/changye/Ros2_gazebo/ros2_ws2/install/control_msgs/local/lib/python3.10/dist-packages/control_msgs/control_msgs_s__rosidl_typesupport_fastrtps_c.cpython-310-x86_64-linux-gnu.so
[2.651s] -- Up-to-date: /home/changye/Ros2_gazebo/ros2_ws2/install/control_msgs/local/lib/python3.10/dist-packages/control_msgs/control_msgs_s__rosidl_typesupport_introspection_c.cpython-310-x86_64-linux-gnu.so
[2.651s] -- Up-to-date: /home/changye/Ros2_gazebo/ros2_ws2/install/control_msgs/local/lib/python3.10/dist-packages/control_msgs/control_msgs_s__rosidl_typesupport_c.cpython-310-x86_64-linux-gnu.so
[2.651s] -- Up-to-date: /home/changye/Ros2_gazebo/ros2_ws2/install/control_msgs/lib/libcontrol_msgs__rosidl_generator_py.so
[2.651s] -- Up-to-date: /home/changye/Ros2_gazebo/ros2_ws2/install/control_msgs/share/control_msgs/action/FollowJointTrajectory.idl
[2.651s] -- Up-to-date: /home/changye/Ros2_gazebo/ros2_ws2/install/control_msgs/share/control_msgs/action/GripperCommand.idl
[2.651s] -- Up-to-date: /home/changye/Ros2_gazebo/ros2_ws2/install/control_msgs/share/control_msgs/action/JointTrajectory.idl
[2.651s] -- Up-to-date: /home/changye/Ros2_gazebo/ros2_ws2/install/control_msgs/share/control_msgs/action/PointHead.idl
[2.652s] -- Up-to-date: /home/changye/Ros2_gazebo/ros2_ws2/install/control_msgs/share/control_msgs/action/SingleJointPosition.idl
[2.652s] -- Up-to-date: /home/changye/Ros2_gazebo/ros2_ws2/install/control_msgs/share/control_msgs/msg/AdmittanceControllerState.idl
[2.652s] -- Up-to-date: /home/changye/Ros2_gazebo/ros2_ws2/install/control_msgs/share/control_msgs/msg/DynamicJointState.idl
[2.652s] -- Up-to-date: /home/changye/Ros2_gazebo/ros2_ws2/install/control_msgs/share/control_msgs/msg/GripperCommand.idl
[2.652s] -- Up-to-date: /home/changye/Ros2_gazebo/ros2_ws2/install/control_msgs/share/control_msgs/msg/InterfaceValue.idl
[2.652s] -- Up-to-date: /home/changye/Ros2_gazebo/ros2_ws2/install/control_msgs/share/control_msgs/msg/JointComponentTolerance.idl
[2.652s] -- Up-to-date: /home/changye/Ros2_gazebo/ros2_ws2/install/control_msgs/share/control_msgs/msg/JointControllerState.idl
[2.652s] -- Up-to-date: /home/changye/Ros2_gazebo/ros2_ws2/install/control_msgs/share/control_msgs/msg/JointJog.idl
[2.652s] -- Up-to-date: /home/changye/Ros2_gazebo/ros2_ws2/install/control_msgs/share/control_msgs/msg/JointTolerance.idl
[2.652s] -- Up-to-date: /home/changye/Ros2_gazebo/ros2_ws2/install/control_msgs/share/control_msgs/msg/JointTrajectoryControllerState.idl
[2.652s] -- Up-to-date: /home/changye/Ros2_gazebo/ros2_ws2/install/control_msgs/share/control_msgs/msg/MecanumDriveControllerState.idl
[2.652s] -- Up-to-date: /home/changye/Ros2_gazebo/ros2_ws2/install/control_msgs/share/control_msgs/msg/PidState.idl
[2.652s] -- Up-to-date: /home/changye/Ros2_gazebo/ros2_ws2/install/control_msgs/share/control_msgs/msg/SteeringControllerStatus.idl
[2.652s] -- Up-to-date: /home/changye/Ros2_gazebo/ros2_ws2/install/control_msgs/share/control_msgs/srv/QueryCalibrationState.idl
[2.652s] -- Up-to-date: /home/changye/Ros2_gazebo/ros2_ws2/install/control_msgs/share/control_msgs/srv/QueryTrajectoryState.idl
[2.652s] -- Up-to-date: /home/changye/Ros2_gazebo/ros2_ws2/install/control_msgs/share/control_msgs/action/FollowJointTrajectory.action
[2.652s] -- Up-to-date: /home/changye/Ros2_gazebo/ros2_ws2/install/control_msgs/share/control_msgs/action/GripperCommand.action
[2.653s] -- Up-to-date: /home/changye/Ros2_gazebo/ros2_ws2/install/control_msgs/share/control_msgs/action/JointTrajectory.action
[2.653s] -- Up-to-date: /home/changye/Ros2_gazebo/ros2_ws2/install/control_msgs/share/control_msgs/action/PointHead.action
[2.653s] -- Up-to-date: /home/changye/Ros2_gazebo/ros2_ws2/install/control_msgs/share/control_msgs/action/SingleJointPosition.action
[2.653s] -- Up-to-date: /home/changye/Ros2_gazebo/ros2_ws2/install/control_msgs/share/control_msgs/msg/AdmittanceControllerState.msg
[2.653s] -- Up-to-date: /home/changye/Ros2_gazebo/ros2_ws2/install/control_msgs/share/control_msgs/msg/DynamicJointState.msg
[2.653s] -- Up-to-date: /home/changye/Ros2_gazebo/ros2_ws2/install/control_msgs/share/control_msgs/msg/GripperCommand.msg
[2.653s] -- Up-to-date: /home/changye/Ros2_gazebo/ros2_ws2/install/control_msgs/share/control_msgs/msg/InterfaceValue.msg
[2.653s] -- Up-to-date: /home/changye/Ros2_gazebo/ros2_ws2/install/control_msgs/share/control_msgs/msg/JointComponentTolerance.msg
[2.653s] -- Up-to-date: /home/changye/Ros2_gazebo/ros2_ws2/install/control_msgs/share/control_msgs/msg/JointControllerState.msg
[2.653s] -- Up-to-date: /home/changye/Ros2_gazebo/ros2_ws2/install/control_msgs/share/control_msgs/msg/JointJog.msg
[2.653s] -- Up-to-date: /home/changye/Ros2_gazebo/ros2_ws2/install/control_msgs/share/control_msgs/msg/JointTolerance.msg
[2.653s] -- Up-to-date: /home/changye/Ros2_gazebo/ros2_ws2/install/control_msgs/share/control_msgs/msg/JointTrajectoryControllerState.msg
[2.653s] -- Up-to-date: /home/changye/Ros2_gazebo/ros2_ws2/install/control_msgs/share/control_msgs/msg/MecanumDriveControllerState.msg
[2.653s] -- Up-to-date: /home/changye/Ros2_gazebo/ros2_ws2/install/control_msgs/share/control_msgs/msg/PidState.msg
[2.653s] -- Up-to-date: /home/changye/Ros2_gazebo/ros2_ws2/install/control_msgs/share/control_msgs/msg/SteeringControllerStatus.msg
[2.653s] -- Up-to-date: /home/changye/Ros2_gazebo/ros2_ws2/install/control_msgs/share/control_msgs/srv/QueryCalibrationState.srv
[2.653s] -- Up-to-date: /home/changye/Ros2_gazebo/ros2_ws2/install/control_msgs/share/control_msgs/srv/QueryCalibrationState_Request.msg
[2.654s] -- Up-to-date: /home/changye/Ros2_gazebo/ros2_ws2/install/control_msgs/share/control_msgs/srv/QueryCalibrationState_Response.msg
[2.654s] -- Up-to-date: /home/changye/Ros2_gazebo/ros2_ws2/install/control_msgs/share/control_msgs/srv/QueryTrajectoryState.srv
[2.654s] -- Up-to-date: /home/changye/Ros2_gazebo/ros2_ws2/install/control_msgs/share/control_msgs/srv/QueryTrajectoryState_Request.msg
[2.654s] -- Up-to-date: /home/changye/Ros2_gazebo/ros2_ws2/install/control_msgs/share/control_msgs/srv/QueryTrajectoryState_Response.msg
[2.654s] -- Up-to-date: /home/changye/Ros2_gazebo/ros2_ws2/install/control_msgs/share/ament_index/resource_index/package_run_dependencies/control_msgs
[2.654s] -- Up-to-date: /home/changye/Ros2_gazebo/ros2_ws2/install/control_msgs/share/ament_index/resource_index/parent_prefix_path/control_msgs
[2.654s] -- Up-to-date: /home/changye/Ros2_gazebo/ros2_ws2/install/control_msgs/share/control_msgs/environment/ament_prefix_path.dsv
[2.654s] -- Up-to-date: /home/changye/Ros2_gazebo/ros2_ws2/install/control_msgs/share/control_msgs/environment/path.dsv
[2.654s] -- Up-to-date: /home/changye/Ros2_gazebo/ros2_ws2/install/control_msgs/share/control_msgs/local_setup.bash
[2.654s] -- Up-to-date: /home/changye/Ros2_gazebo/ros2_ws2/install/control_msgs/share/control_msgs/local_setup.sh
[2.654s] -- Up-to-date: /home/changye/Ros2_gazebo/ros2_ws2/install/control_msgs/share/control_msgs/local_setup.zsh
[2.654s] -- Up-to-date: /home/changye/Ros2_gazebo/ros2_ws2/install/control_msgs/share/control_msgs/local_setup.dsv
[2.654s] -- Installing: /home/changye/Ros2_gazebo/ros2_ws2/install/control_msgs/share/control_msgs/package.dsv
[2.654s] -- Up-to-date: /home/changye/Ros2_gazebo/ros2_ws2/install/control_msgs/share/ament_index/resource_index/packages/control_msgs
[2.654s] -- Up-to-date: /home/changye/Ros2_gazebo/ros2_ws2/install/control_msgs/share/control_msgs/cmake/export_control_msgs__rosidl_generator_cExport.cmake
[2.654s] -- Up-to-date: /home/changye/Ros2_gazebo/ros2_ws2/install/control_msgs/share/control_msgs/cmake/export_control_msgs__rosidl_generator_cExport-noconfig.cmake
[2.654s] -- Up-to-date: /home/changye/Ros2_gazebo/ros2_ws2/install/control_msgs/share/control_msgs/cmake/export_control_msgs__rosidl_typesupport_fastrtps_cExport.cmake
[2.654s] -- Up-to-date: /home/changye/Ros2_gazebo/ros2_ws2/install/control_msgs/share/control_msgs/cmake/export_control_msgs__rosidl_typesupport_fastrtps_cExport-noconfig.cmake
[2.654s] -- Up-to-date: /home/changye/Ros2_gazebo/ros2_ws2/install/control_msgs/share/control_msgs/cmake/export_control_msgs__rosidl_generator_cppExport.cmake
[2.655s] -- Up-to-date: /home/changye/Ros2_gazebo/ros2_ws2/install/control_msgs/share/control_msgs/cmake/export_control_msgs__rosidl_typesupport_fastrtps_cppExport.cmake
[2.655s] -- Up-to-date: /home/changye/Ros2_gazebo/ros2_ws2/install/control_msgs/share/control_msgs/cmake/export_control_msgs__rosidl_typesupport_fastrtps_cppExport-noconfig.cmake
[2.655s] -- Up-to-date: /home/changye/Ros2_gazebo/ros2_ws2/install/control_msgs/share/control_msgs/cmake/control_msgs__rosidl_typesupport_introspection_cExport.cmake
[2.655s] -- Up-to-date: /home/changye/Ros2_gazebo/ros2_ws2/install/control_msgs/share/control_msgs/cmake/control_msgs__rosidl_typesupport_introspection_cExport-noconfig.cmake
[2.655s] -- Up-to-date: /home/changye/Ros2_gazebo/ros2_ws2/install/control_msgs/share/control_msgs/cmake/control_msgs__rosidl_typesupport_cExport.cmake
[2.655s] -- Up-to-date: /home/changye/Ros2_gazebo/ros2_ws2/install/control_msgs/share/control_msgs/cmake/control_msgs__rosidl_typesupport_cExport-noconfig.cmake
[2.655s] -- Up-to-date: /home/changye/Ros2_gazebo/ros2_ws2/install/control_msgs/share/control_msgs/cmake/control_msgs__rosidl_typesupport_introspection_cppExport.cmake
[2.655s] -- Up-to-date: /home/changye/Ros2_gazebo/ros2_ws2/install/control_msgs/share/control_msgs/cmake/control_msgs__rosidl_typesupport_introspection_cppExport-noconfig.cmake
[2.655s] -- Up-to-date: /home/changye/Ros2_gazebo/ros2_ws2/install/control_msgs/share/control_msgs/cmake/control_msgs__rosidl_typesupport_cppExport.cmake
[2.655s] -- Up-to-date: /home/changye/Ros2_gazebo/ros2_ws2/install/control_msgs/share/control_msgs/cmake/control_msgs__rosidl_typesupport_cppExport-noconfig.cmake
[2.655s] -- Up-to-date: /home/changye/Ros2_gazebo/ros2_ws2/install/control_msgs/share/control_msgs/cmake/export_control_msgs__rosidl_generator_pyExport.cmake
[2.655s] -- Up-to-date: /home/changye/Ros2_gazebo/ros2_ws2/install/control_msgs/share/control_msgs/cmake/export_control_msgs__rosidl_generator_pyExport-noconfig.cmake
[2.655s] -- Up-to-date: /home/changye/Ros2_gazebo/ros2_ws2/install/control_msgs/share/control_msgs/cmake/rosidl_cmake-extras.cmake
[2.655s] -- Up-to-date: /home/changye/Ros2_gazebo/ros2_ws2/install/control_msgs/share/control_msgs/cmake/ament_cmake_export_dependencies-extras.cmake
[2.655s] -- Up-to-date: /home/changye/Ros2_gazebo/ros2_ws2/install/control_msgs/share/control_msgs/cmake/ament_cmake_export_include_directories-extras.cmake
[2.655s] -- Up-to-date: /home/changye/Ros2_gazebo/ros2_ws2/install/control_msgs/share/control_msgs/cmake/ament_cmake_export_libraries-extras.cmake
[2.655s] -- Up-to-date: /home/changye/Ros2_gazebo/ros2_ws2/install/control_msgs/share/control_msgs/cmake/ament_cmake_export_targets-extras.cmake
[2.655s] -- Up-to-date: /home/changye/Ros2_gazebo/ros2_ws2/install/control_msgs/share/control_msgs/cmake/rosidl_cmake_export_typesupport_targets-extras.cmake
[2.656s] -- Up-to-date: /home/changye/Ros2_gazebo/ros2_ws2/install/control_msgs/share/control_msgs/cmake/rosidl_cmake_export_typesupport_libraries-extras.cmake
[2.656s] -- Up-to-date: /home/changye/Ros2_gazebo/ros2_ws2/install/control_msgs/share/control_msgs/cmake/control_msgsConfig.cmake
[2.656s] -- Up-to-date: /home/changye/Ros2_gazebo/ros2_ws2/install/control_msgs/share/control_msgs/cmake/control_msgsConfig-version.cmake
[2.656s] -- Up-to-date: /home/changye/Ros2_gazebo/ros2_ws2/install/control_msgs/share/control_msgs/package.xml
[2.657s] Invoked command in '/home/changye/Ros2_gazebo/ros2_ws2/build/control_msgs' returned '0': CMAKE_PREFIX_PATH=${CMAKE_PREFIX_PATH}:/home/changye/Ros2_gazebo/ros2_ws2/install/agv_control_pkg:/opt/ros/humble:/home/changye/ros2_humble/install/rqt_bag_plugins:/home/changye/ros2_humble/install/rqt_bag:/home/changye/ros2_humble/install/ros2bag:/home/changye/ros2_humble/install/tracetools_test:/home/changye/ros2_humble/install/tracetools_launch:/home/changye/ros2_humble/install/topic_monitor:/home/changye/ros2_humble/install/tf2_tools:/home/changye/ros2_humble/install/examples_tf2_py:/home/changye/ros2_humble/install/tf2_ros_py:/home/changye/ros2_humble/install/sros2:/home/changye/ros2_humble/install/rqt_topic:/home/changye/ros2_humble/install/rqt_srv:/home/changye/ros2_humble/install/rqt_shell:/home/changye/ros2_humble/install/rqt_service_caller:/home/changye/ros2_humble/install/rqt_reconfigure:/home/changye/ros2_humble/install/rqt_py_console:/home/changye/ros2_humble/install/rqt_publisher:/home/changye/ros2_humble/install/rqt_plot:/home/changye/ros2_humble/install/rqt_action:/home/changye/ros2_humble/install/rqt_msg:/home/changye/ros2_humble/install/rqt_console:/home/changye/ros2_humble/install/rqt:/home/changye/ros2_humble/install/rqt_graph:/home/changye/ros2_humble/install/rqt_gui_py:/home/changye/ros2_humble/install/rqt_gui:/home/changye/ros2_humble/install/ros2trace:/home/changye/ros2_humble/install/ros2topic:/home/changye/ros2_humble/install/ros2test:/home/changye/ros2_humble/install/ros2component:/home/changye/ros2_humble/install/ros2param:/home/changye/ros2_humble/install/ros2lifecycle:/home/changye/ros2_humble/install/ros2service:/home/changye/ros2_humble/install/ros2run:/home/changye/ros2_humble/install/ros2launch:/home/changye/ros2_humble/install/ros2pkg:/home/changye/ros2_humble/install/ros2node:/home/changye/ros2_humble/install/ros2multicast:/home/changye/ros2_humble/install/ros2interface:/home/changye/ros2_humble/install/ros2doctor:/home/changye/ros2_humble/install/ros2action:/home/changye/ros2_humble/install/ros2cli:/home/changye/ros2_humble/install/quality_of_service_demo_py:/home/changye/ros2_humble/install/lifecycle_py:/home/changye/ros2_humble/install/launch_testing_ros:/home/changye/ros2_humble/install/launch_ros:/home/changye/ros2_humble/install/examples_rclpy_pointcloud_publisher:/home/changye/ros2_humble/install/examples_rclpy_minimal_subscriber:/home/changye/ros2_humble/install/examples_rclpy_minimal_service:/home/changye/ros2_humble/install/examples_rclpy_minimal_publisher:/home/changye/ros2_humble/install/examples_rclpy_minimal_client:/home/changye/ros2_humble/install/examples_rclpy_minimal_action_server:/home/changye/ros2_humble/install/examples_rclpy_minimal_action_client:/home/changye/ros2_humble/install/examples_rclpy_guard_conditions:/home/changye/ros2_humble/install/examples_rclpy_executors:/home/changye/ros2_humble/install/demo_nodes_py:/home/changye/ros2_humble/install/action_tutorials_py:/home/changye/ros2_humble/install/ament_uncrustify:/home/changye/ros2_humble/install/tracetools_trace:/home/changye/ros2_humble/install/tracetools_read:/home/changye/ros2_humble/install/test_tracetools_launch:/home/changye/ros2_humble/install/test_launch_ros:/home/changye/ros2_humble/install/sensor_msgs_py:/home/changye/ros2_humble/install/rpyutils:/home/changye/ros2_humble/install/rosidl_runtime_py:/home/changye/ros2_humble/install/rosidl_cli:/home/changye/ros2_humble/install/launch_pytest:/home/changye/ros2_humble/install/launch_testing:/home/changye/ros2_humble/install/launch_yaml:/home/changye/ros2_humble/install/launch_xml:/home/changye/ros2_humble/install/launch:/home/changye/ros2_humble/install/osrf_pycommon:/home/changye/ros2_humble/install/launch_testing_examples:/home/changye/ros2_humble/install/domain_coordinator:/home/changye/ros2_humble/install/ament_xmllint:/home/changye/ros2_humble/install/ament_pyflakes:/home/changye/ros2_humble/install/ament_pycodestyle:/home/changye/ros2_humble/install/ament_pep257:/home/changye/ros2_humble/install/ament_pclint:/home/changye/ros2_humble/install/ament_package:/home/changye/ros2_humble/install/ament_mypy:/home/changye/ros2_humble/install/ament_lint_cmake:/home/changye/ros2_humble/install/ament_flake8:/home/changye/ros2_humble/install/ament_copyright:/home/changye/ros2_humble/install/ament_lint:/home/changye/ros2_humble/install/ament_index_python:/home/changye/ros2_humble/install/ament_cpplint:/home/changye/ros2_humble/install/ament_cppcheck:/home/changye/ros2_humble/install/ament_clang_tidy:/home/changye/ros2_humble/install/ament_clang_format /usr/bin/cmake --install /home/changye/Ros2_gazebo/ros2_ws2/build/control_msgs
