[0.033s] Invoking command in '/home/changye/Ros2_gazebo/ros2_ws2/build/velocity_controllers': AMENT_PREFIX_PATH=/home/changye/Ros2_gazebo/ros2_ws2/install/forward_command_controller:/home/changye/Ros2_gazebo/ros2_ws2/install/controller_manager:/home/changye/Ros2_gazebo/ros2_ws2/install/hardware_interface_testing:/home/changye/Ros2_gazebo/ros2_ws2/install/controller_interface:/home/changye/Ros2_gazebo/ros2_ws2/install/hardware_interface:/home/changye/Ros2_gazebo/ros2_ws2/install/ros2_control_test_assets:/home/changye/Ros2_gazebo/ros2_ws2/install/controller_manager_msgs:/home/changye/Ros2_gazebo/ros2_ws2/install/control_msgs:${AMENT_PREFIX_PATH} CMAKE_PREFIX_PATH=/home/changye/Ros2_gazebo/ros2_ws2/install/forward_command_controller:/home/changye/Ros2_gazebo/ros2_ws2/install/controller_manager:/home/changye/Ros2_gazebo/ros2_ws2/install/hardware_interface_testing:/home/changye/Ros2_gazebo/ros2_ws2/install/controller_interface:/home/changye/Ros2_gazebo/ros2_ws2/install/hardware_interface:/home/changye/Ros2_gazebo/ros2_ws2/install/ros2_control_test_assets:/home/changye/Ros2_gazebo/ros2_ws2/install/controller_manager_msgs:/home/changye/Ros2_gazebo/ros2_ws2/install/control_msgs:/opt/ros/humble LD_LIBRARY_PATH=/home/changye/Ros2_gazebo/ros2_ws2/install/forward_command_controller/lib:/home/changye/Ros2_gazebo/ros2_ws2/install/controller_manager/lib:/home/changye/Ros2_gazebo/ros2_ws2/install/hardware_interface_testing/lib:/home/changye/Ros2_gazebo/ros2_ws2/install/controller_interface/lib:/home/changye/Ros2_gazebo/ros2_ws2/install/hardware_interface/lib:/home/changye/Ros2_gazebo/ros2_ws2/install/controller_manager_msgs/lib:/home/changye/Ros2_gazebo/ros2_ws2/install/control_msgs/lib:/usr/lib/x86_64-linux-gnu/gazebo-11/plugins:/opt/ros/humble/lib/x86_64-linux-gnu:/opt/ros/humble/lib:/usr/lib/x86_64-linux-gnu/gazebo-11/plugins:/usr/share/gazebo-11/../../lib/x86_64-linux-gnu/gazebo-11/plugins:/usr/lib/x86_64-linux-gnu/gazebo-11/plugins PYTHONPATH=/home/changye/Ros2_gazebo/ros2_ws2/install/controller_manager/local/lib/python3.10/dist-packages:/home/changye/Ros2_gazebo/ros2_ws2/install/controller_manager_msgs/local/lib/python3.10/dist-packages:/home/changye/Ros2_gazebo/ros2_ws2/install/control_msgs/local/lib/python3.10/dist-packages:${PYTHONPATH} /usr/bin/cmake /home/changye/Ros2_gazebo/ros2_ws2/src/ros-controls/ros2_controllers/velocity_controllers -DCMAKE_INSTALL_PREFIX=/home/changye/Ros2_gazebo/ros2_ws2/install/velocity_controllers
[0.264s] -- The CXX compiler identification is GNU 11.4.0
[0.265s] -- Detecting CXX compiler ABI info
[0.345s] -- Detecting CXX compiler ABI info - done
[0.356s] -- Check for working CXX compiler: /usr/bin/c++ - skipped
[0.357s] -- Detecting CXX compile features
[0.358s] -- Detecting CXX compile features - done
[0.361s] -- Found ament_cmake: 1.3.11 (/opt/ros/humble/share/ament_cmake/cmake)
[0.700s] -- Found Python3: /usr/bin/python3 (found version "3.10.12") found components: Interpreter 
[0.891s] -- Found forward_command_controller: 2.30.0 (/home/changye/Ros2_gazebo/ros2_ws2/install/forward_command_controller/share/forward_command_controller/cmake)
[0.961s] -- Found rosidl_generator_c: 3.1.6 (/opt/ros/humble/share/rosidl_generator_c/cmake)
[0.971s] -- Found rosidl_adapter: 3.1.6 (/opt/ros/humble/share/rosidl_adapter/cmake)
[0.984s] -- Found rosidl_generator_cpp: 3.1.6 (/opt/ros/humble/share/rosidl_generator_cpp/cmake)
[1.005s] -- Using all available rosidl_typesupport_c: rosidl_typesupport_fastrtps_c;rosidl_typesupport_introspection_c
[1.028s] -- Using all available rosidl_typesupport_cpp: rosidl_typesupport_fastrtps_cpp;rosidl_typesupport_introspection_cpp
[1.343s] -- Found rmw_implementation_cmake: 6.1.2 (/opt/ros/humble/share/rmw_implementation_cmake/cmake)
[1.347s] -- Found rmw_fastrtps_cpp: 6.2.7 (/opt/ros/humble/share/rmw_fastrtps_cpp/cmake)
[1.385s] -- Found TinyXML2 via Config file: TinyXML2_DIR-NOTFOUND
[1.465s] -- Found OpenSSL: /usr/lib/x86_64-linux-gnu/libcrypto.so (found version "3.0.2")  
[1.472s] -- Found TinyXML2 via Config file: TinyXML2_DIR-NOTFOUND
[1.497s] -- Found FastRTPS: /opt/ros/humble/include  
[1.501s] -- Found TinyXML2 via Config file: TinyXML2_DIR-NOTFOUND
[1.517s] -- Found TinyXML2 via Config file: TinyXML2_DIR-NOTFOUND
[1.533s] -- Using RMW implementation 'rmw_fastrtps_cpp' as default
[1.548s] -- Looking for C++ include pthread.h
[1.743s] -- Looking for C++ include pthread.h - found
[1.743s] -- Performing Test CMAKE_HAVE_LIBC_PTHREAD
[1.936s] -- Performing Test CMAKE_HAVE_LIBC_PTHREAD - Success
[1.938s] -- Found Threads: TRUE  
[2.061s] -- Found parameter_traits: 0.3.9 (/opt/ros/humble/share/parameter_traits/cmake)
[2.119s] -- Found ament_cmake_gmock: 1.3.11 (/opt/ros/humble/share/ament_cmake_gmock/cmake)
[2.120s] -- Found controller_manager: 2.47.0 (/home/changye/Ros2_gazebo/ros2_ws2/install/controller_manager/share/controller_manager/cmake)
[2.156s] -- Found ros2_control_test_assets: 2.47.0 (/home/changye/Ros2_gazebo/ros2_ws2/install/ros2_control_test_assets/share/ros2_control_test_assets/cmake)
[2.160s] -- Found gmock sources under '/opt/ros/humble/src/gmock_vendor': C++ tests using 'Google Mock' will be built
[2.234s] -- The C compiler identification is GNU 11.4.0
[2.243s] -- Detecting C compiler ABI info
[2.425s] -- Detecting C compiler ABI info - done
[2.444s] -- Check for working C compiler: /usr/bin/cc - skipped
[2.444s] -- Detecting C compile features
[2.445s] -- Detecting C compile features - done
[2.450s] -- Found ament_cmake_gtest: 1.3.11 (/opt/ros/humble/share/ament_cmake_gtest/cmake)
[2.451s] -- Found gtest sources under '/opt/ros/humble/src/gtest_vendor': C++ tests using 'Google Test' will be built
[2.594s] -- Configuring done
[2.704s] -- Generating done
[2.723s] -- Build files have been written to: /home/changye/Ros2_gazebo/ros2_ws2/build/velocity_controllers
[2.747s] Invoked command in '/home/changye/Ros2_gazebo/ros2_ws2/build/velocity_controllers' returned '0': AMENT_PREFIX_PATH=/home/changye/Ros2_gazebo/ros2_ws2/install/forward_command_controller:/home/changye/Ros2_gazebo/ros2_ws2/install/controller_manager:/home/changye/Ros2_gazebo/ros2_ws2/install/hardware_interface_testing:/home/changye/Ros2_gazebo/ros2_ws2/install/controller_interface:/home/changye/Ros2_gazebo/ros2_ws2/install/hardware_interface:/home/changye/Ros2_gazebo/ros2_ws2/install/ros2_control_test_assets:/home/changye/Ros2_gazebo/ros2_ws2/install/controller_manager_msgs:/home/changye/Ros2_gazebo/ros2_ws2/install/control_msgs:${AMENT_PREFIX_PATH} CMAKE_PREFIX_PATH=/home/changye/Ros2_gazebo/ros2_ws2/install/forward_command_controller:/home/changye/Ros2_gazebo/ros2_ws2/install/controller_manager:/home/changye/Ros2_gazebo/ros2_ws2/install/hardware_interface_testing:/home/changye/Ros2_gazebo/ros2_ws2/install/controller_interface:/home/changye/Ros2_gazebo/ros2_ws2/install/hardware_interface:/home/changye/Ros2_gazebo/ros2_ws2/install/ros2_control_test_assets:/home/changye/Ros2_gazebo/ros2_ws2/install/controller_manager_msgs:/home/changye/Ros2_gazebo/ros2_ws2/install/control_msgs:/opt/ros/humble LD_LIBRARY_PATH=/home/changye/Ros2_gazebo/ros2_ws2/install/forward_command_controller/lib:/home/changye/Ros2_gazebo/ros2_ws2/install/controller_manager/lib:/home/changye/Ros2_gazebo/ros2_ws2/install/hardware_interface_testing/lib:/home/changye/Ros2_gazebo/ros2_ws2/install/controller_interface/lib:/home/changye/Ros2_gazebo/ros2_ws2/install/hardware_interface/lib:/home/changye/Ros2_gazebo/ros2_ws2/install/controller_manager_msgs/lib:/home/changye/Ros2_gazebo/ros2_ws2/install/control_msgs/lib:/usr/lib/x86_64-linux-gnu/gazebo-11/plugins:/opt/ros/humble/lib/x86_64-linux-gnu:/opt/ros/humble/lib:/usr/lib/x86_64-linux-gnu/gazebo-11/plugins:/usr/share/gazebo-11/../../lib/x86_64-linux-gnu/gazebo-11/plugins:/usr/lib/x86_64-linux-gnu/gazebo-11/plugins PYTHONPATH=/home/changye/Ros2_gazebo/ros2_ws2/install/controller_manager/local/lib/python3.10/dist-packages:/home/changye/Ros2_gazebo/ros2_ws2/install/controller_manager_msgs/local/lib/python3.10/dist-packages:/home/changye/Ros2_gazebo/ros2_ws2/install/control_msgs/local/lib/python3.10/dist-packages:${PYTHONPATH} /usr/bin/cmake /home/changye/Ros2_gazebo/ros2_ws2/src/ros-controls/ros2_controllers/velocity_controllers -DCMAKE_INSTALL_PREFIX=/home/changye/Ros2_gazebo/ros2_ws2/install/velocity_controllers
[2.762s] Invoking command in '/home/changye/Ros2_gazebo/ros2_ws2/build/velocity_controllers': AMENT_PREFIX_PATH=/home/changye/Ros2_gazebo/ros2_ws2/install/forward_command_controller:/home/changye/Ros2_gazebo/ros2_ws2/install/controller_manager:/home/changye/Ros2_gazebo/ros2_ws2/install/hardware_interface_testing:/home/changye/Ros2_gazebo/ros2_ws2/install/controller_interface:/home/changye/Ros2_gazebo/ros2_ws2/install/hardware_interface:/home/changye/Ros2_gazebo/ros2_ws2/install/ros2_control_test_assets:/home/changye/Ros2_gazebo/ros2_ws2/install/controller_manager_msgs:/home/changye/Ros2_gazebo/ros2_ws2/install/control_msgs:${AMENT_PREFIX_PATH} CMAKE_PREFIX_PATH=/home/changye/Ros2_gazebo/ros2_ws2/install/forward_command_controller:/home/changye/Ros2_gazebo/ros2_ws2/install/controller_manager:/home/changye/Ros2_gazebo/ros2_ws2/install/hardware_interface_testing:/home/changye/Ros2_gazebo/ros2_ws2/install/controller_interface:/home/changye/Ros2_gazebo/ros2_ws2/install/hardware_interface:/home/changye/Ros2_gazebo/ros2_ws2/install/ros2_control_test_assets:/home/changye/Ros2_gazebo/ros2_ws2/install/controller_manager_msgs:/home/changye/Ros2_gazebo/ros2_ws2/install/control_msgs:/opt/ros/humble LD_LIBRARY_PATH=/home/changye/Ros2_gazebo/ros2_ws2/install/forward_command_controller/lib:/home/changye/Ros2_gazebo/ros2_ws2/install/controller_manager/lib:/home/changye/Ros2_gazebo/ros2_ws2/install/hardware_interface_testing/lib:/home/changye/Ros2_gazebo/ros2_ws2/install/controller_interface/lib:/home/changye/Ros2_gazebo/ros2_ws2/install/hardware_interface/lib:/home/changye/Ros2_gazebo/ros2_ws2/install/controller_manager_msgs/lib:/home/changye/Ros2_gazebo/ros2_ws2/install/control_msgs/lib:/usr/lib/x86_64-linux-gnu/gazebo-11/plugins:/opt/ros/humble/lib/x86_64-linux-gnu:/opt/ros/humble/lib:/usr/lib/x86_64-linux-gnu/gazebo-11/plugins:/usr/share/gazebo-11/../../lib/x86_64-linux-gnu/gazebo-11/plugins:/usr/lib/x86_64-linux-gnu/gazebo-11/plugins PYTHONPATH=/home/changye/Ros2_gazebo/ros2_ws2/install/controller_manager/local/lib/python3.10/dist-packages:/home/changye/Ros2_gazebo/ros2_ws2/install/controller_manager_msgs/local/lib/python3.10/dist-packages:/home/changye/Ros2_gazebo/ros2_ws2/install/control_msgs/local/lib/python3.10/dist-packages:${PYTHONPATH} /usr/bin/cmake --build /home/changye/Ros2_gazebo/ros2_ws2/build/velocity_controllers -- -j12 -l12
[2.846s] [  9%] [32mBuilding CXX object CMakeFiles/velocity_controllers.dir/src/joint_group_velocity_controller.cpp.o[0m
[7.367s] In file included from [01m[K/home/changye/Ros2_gazebo/ros2_ws2/install/forward_command_controller/include/forward_command_controller/forward_command_controller/forward_controllers_base.hpp:27[m[K,
[7.367s]                  from [01m[K/home/changye/Ros2_gazebo/ros2_ws2/install/forward_command_controller/include/forward_command_controller/forward_command_controller/forward_command_controller.hpp:22[m[K,
[7.368s]                  from [01m[K/home/changye/Ros2_gazebo/ros2_ws2/src/ros-controls/ros2_controllers/velocity_controllers/include/velocity_controllers/joint_group_velocity_controller.hpp:20[m[K,
[7.368s]                  from [01m[K/home/changye/Ros2_gazebo/ros2_ws2/src/ros-controls/ros2_controllers/velocity_controllers/src/joint_group_velocity_controller.cpp:21[m[K:
[7.368s] [01m[K/opt/ros/humble/include/realtime_tools/realtime_tools/realtime_buffer.h:22:100:[m[K [01;36m[Knote: [m[K‘[01m[K#pragma message: This header include is deprecated. Please update your code to use 'realtime_buffer.hpp' header.[m[K’
[7.368s]    22 |   "This header include is deprecated. Please update your code to use 'realtime_buffer.hpp' header."[01;36m[K)[m[K  //NOLINT
[7.368s]       |                                                                                                    [01;36m[K^[m[K
[8.562s] [ 18%] [32m[1mLinking CXX shared library libvelocity_controllers.so[0m
[9.494s] [ 18%] Built target velocity_controllers
[9.534s] [ 27%] [32mBuilding CXX object gmock/CMakeFiles/gmock.dir/opt/ros/humble/src/gtest_vendor/src/gtest-all.cc.o[0m
[13.952s] [ 36%] [32mBuilding CXX object gmock/CMakeFiles/gmock.dir/src/gmock-all.cc.o[0m
[16.988s] [ 45%] [32m[1mLinking CXX static library libgmock.a[0m
[17.136s] [ 45%] Built target gmock
[17.171s] [ 54%] [32mBuilding CXX object gmock/CMakeFiles/gmock_main.dir/src/gmock_main.cc.o[0m
[18.891s] [ 63%] [32m[1mLinking CXX static library libgmock_main.a[0m
[18.966s] [ 63%] Built target gmock_main
[18.992s] [ 72%] [32mBuilding CXX object CMakeFiles/test_load_joint_group_velocity_controller.dir/test/test_load_joint_group_velocity_controller.cpp.o[0m
[25.616s] [ 81%] [32m[1mLinking CXX executable test_load_joint_group_velocity_controller[0m
[29.748s] [ 81%] Built target test_load_joint_group_velocity_controller
[29.789s] [ 90%] [32mBuilding CXX object CMakeFiles/test_joint_group_velocity_controller.dir/test/test_joint_group_velocity_controller.cpp.o[0m
[34.460s] In file included from [01m[K/home/changye/Ros2_gazebo/ros2_ws2/install/forward_command_controller/include/forward_command_controller/forward_command_controller/forward_controllers_base.hpp:27[m[K,
[34.460s]                  from [01m[K/home/changye/Ros2_gazebo/ros2_ws2/install/forward_command_controller/include/forward_command_controller/forward_command_controller/forward_command_controller.hpp:22[m[K,
[34.460s]                  from [01m[K/home/changye/Ros2_gazebo/ros2_ws2/src/ros-controls/ros2_controllers/velocity_controllers/include/velocity_controllers/joint_group_velocity_controller.hpp:20[m[K,
[34.460s]                  from [01m[K/home/changye/Ros2_gazebo/ros2_ws2/src/ros-controls/ros2_controllers/velocity_controllers/test/test_joint_group_velocity_controller.hpp:26[m[K,
[34.460s]                  from [01m[K/home/changye/Ros2_gazebo/ros2_ws2/src/ros-controls/ros2_controllers/velocity_controllers/test/test_joint_group_velocity_controller.cpp:28[m[K:
[34.460s] [01m[K/opt/ros/humble/include/realtime_tools/realtime_tools/realtime_buffer.h:22:100:[m[K [01;36m[Knote: [m[K‘[01m[K#pragma message: This header include is deprecated. Please update your code to use 'realtime_buffer.hpp' header.[m[K’
[34.460s]    22 |   "This header include is deprecated. Please update your code to use 'realtime_buffer.hpp' header."[01;36m[K)[m[K  //NOLINT
[34.460s]       |                                                                                                    [01;36m[K^[m[K
[39.925s] [100%] [32m[1mLinking CXX executable test_joint_group_velocity_controller[0m
[41.019s] [100%] Built target test_joint_group_velocity_controller
[41.039s] Invoked command in '/home/changye/Ros2_gazebo/ros2_ws2/build/velocity_controllers' returned '0': AMENT_PREFIX_PATH=/home/changye/Ros2_gazebo/ros2_ws2/install/forward_command_controller:/home/changye/Ros2_gazebo/ros2_ws2/install/controller_manager:/home/changye/Ros2_gazebo/ros2_ws2/install/hardware_interface_testing:/home/changye/Ros2_gazebo/ros2_ws2/install/controller_interface:/home/changye/Ros2_gazebo/ros2_ws2/install/hardware_interface:/home/changye/Ros2_gazebo/ros2_ws2/install/ros2_control_test_assets:/home/changye/Ros2_gazebo/ros2_ws2/install/controller_manager_msgs:/home/changye/Ros2_gazebo/ros2_ws2/install/control_msgs:${AMENT_PREFIX_PATH} CMAKE_PREFIX_PATH=/home/changye/Ros2_gazebo/ros2_ws2/install/forward_command_controller:/home/changye/Ros2_gazebo/ros2_ws2/install/controller_manager:/home/changye/Ros2_gazebo/ros2_ws2/install/hardware_interface_testing:/home/changye/Ros2_gazebo/ros2_ws2/install/controller_interface:/home/changye/Ros2_gazebo/ros2_ws2/install/hardware_interface:/home/changye/Ros2_gazebo/ros2_ws2/install/ros2_control_test_assets:/home/changye/Ros2_gazebo/ros2_ws2/install/controller_manager_msgs:/home/changye/Ros2_gazebo/ros2_ws2/install/control_msgs:/opt/ros/humble LD_LIBRARY_PATH=/home/changye/Ros2_gazebo/ros2_ws2/install/forward_command_controller/lib:/home/changye/Ros2_gazebo/ros2_ws2/install/controller_manager/lib:/home/changye/Ros2_gazebo/ros2_ws2/install/hardware_interface_testing/lib:/home/changye/Ros2_gazebo/ros2_ws2/install/controller_interface/lib:/home/changye/Ros2_gazebo/ros2_ws2/install/hardware_interface/lib:/home/changye/Ros2_gazebo/ros2_ws2/install/controller_manager_msgs/lib:/home/changye/Ros2_gazebo/ros2_ws2/install/control_msgs/lib:/usr/lib/x86_64-linux-gnu/gazebo-11/plugins:/opt/ros/humble/lib/x86_64-linux-gnu:/opt/ros/humble/lib:/usr/lib/x86_64-linux-gnu/gazebo-11/plugins:/usr/share/gazebo-11/../../lib/x86_64-linux-gnu/gazebo-11/plugins:/usr/lib/x86_64-linux-gnu/gazebo-11/plugins PYTHONPATH=/home/changye/Ros2_gazebo/ros2_ws2/install/controller_manager/local/lib/python3.10/dist-packages:/home/changye/Ros2_gazebo/ros2_ws2/install/controller_manager_msgs/local/lib/python3.10/dist-packages:/home/changye/Ros2_gazebo/ros2_ws2/install/control_msgs/local/lib/python3.10/dist-packages:${PYTHONPATH} /usr/bin/cmake --build /home/changye/Ros2_gazebo/ros2_ws2/build/velocity_controllers -- -j12 -l12
[41.040s] Invoking command in '/home/changye/Ros2_gazebo/ros2_ws2/build/velocity_controllers': AMENT_PREFIX_PATH=/home/changye/Ros2_gazebo/ros2_ws2/install/forward_command_controller:/home/changye/Ros2_gazebo/ros2_ws2/install/controller_manager:/home/changye/Ros2_gazebo/ros2_ws2/install/hardware_interface_testing:/home/changye/Ros2_gazebo/ros2_ws2/install/controller_interface:/home/changye/Ros2_gazebo/ros2_ws2/install/hardware_interface:/home/changye/Ros2_gazebo/ros2_ws2/install/ros2_control_test_assets:/home/changye/Ros2_gazebo/ros2_ws2/install/controller_manager_msgs:/home/changye/Ros2_gazebo/ros2_ws2/install/control_msgs:${AMENT_PREFIX_PATH} CMAKE_PREFIX_PATH=/home/changye/Ros2_gazebo/ros2_ws2/install/forward_command_controller:/home/changye/Ros2_gazebo/ros2_ws2/install/controller_manager:/home/changye/Ros2_gazebo/ros2_ws2/install/hardware_interface_testing:/home/changye/Ros2_gazebo/ros2_ws2/install/controller_interface:/home/changye/Ros2_gazebo/ros2_ws2/install/hardware_interface:/home/changye/Ros2_gazebo/ros2_ws2/install/ros2_control_test_assets:/home/changye/Ros2_gazebo/ros2_ws2/install/controller_manager_msgs:/home/changye/Ros2_gazebo/ros2_ws2/install/control_msgs:/opt/ros/humble LD_LIBRARY_PATH=/home/changye/Ros2_gazebo/ros2_ws2/install/forward_command_controller/lib:/home/changye/Ros2_gazebo/ros2_ws2/install/controller_manager/lib:/home/changye/Ros2_gazebo/ros2_ws2/install/hardware_interface_testing/lib:/home/changye/Ros2_gazebo/ros2_ws2/install/controller_interface/lib:/home/changye/Ros2_gazebo/ros2_ws2/install/hardware_interface/lib:/home/changye/Ros2_gazebo/ros2_ws2/install/controller_manager_msgs/lib:/home/changye/Ros2_gazebo/ros2_ws2/install/control_msgs/lib:/usr/lib/x86_64-linux-gnu/gazebo-11/plugins:/opt/ros/humble/lib/x86_64-linux-gnu:/opt/ros/humble/lib:/usr/lib/x86_64-linux-gnu/gazebo-11/plugins:/usr/share/gazebo-11/../../lib/x86_64-linux-gnu/gazebo-11/plugins:/usr/lib/x86_64-linux-gnu/gazebo-11/plugins PYTHONPATH=/home/changye/Ros2_gazebo/ros2_ws2/install/controller_manager/local/lib/python3.10/dist-packages:/home/changye/Ros2_gazebo/ros2_ws2/install/controller_manager_msgs/local/lib/python3.10/dist-packages:/home/changye/Ros2_gazebo/ros2_ws2/install/control_msgs/local/lib/python3.10/dist-packages:${PYTHONPATH} /usr/bin/cmake --install /home/changye/Ros2_gazebo/ros2_ws2/build/velocity_controllers
[41.742s] -- Install configuration: ""
[41.742s] -- Installing: /home/changye/Ros2_gazebo/ros2_ws2/install/velocity_controllers/share/velocity_controllers/velocity_controllers_plugins.xml
[41.742s] -- Installing: /home/changye/Ros2_gazebo/ros2_ws2/install/velocity_controllers/include/velocity_controllers
[41.742s] -- Installing: /home/changye/Ros2_gazebo/ros2_ws2/install/velocity_controllers/include/velocity_controllers/velocity_controllers
[41.742s] -- Installing: /home/changye/Ros2_gazebo/ros2_ws2/install/velocity_controllers/include/velocity_controllers/velocity_controllers/joint_group_velocity_controller.hpp
[41.742s] -- Installing: /home/changye/Ros2_gazebo/ros2_ws2/install/velocity_controllers/include/velocity_controllers/velocity_controllers/visibility_control.h
[41.742s] -- Installing: /home/changye/Ros2_gazebo/ros2_ws2/install/velocity_controllers/lib/libvelocity_controllers.so
[41.743s] -- Set runtime path of "/home/changye/Ros2_gazebo/ros2_ws2/install/velocity_controllers/lib/libvelocity_controllers.so" to ""
[41.743s] -- Installing: /home/changye/Ros2_gazebo/ros2_ws2/install/velocity_controllers/share/velocity_controllers/environment/library_path.sh
[41.743s] -- Installing: /home/changye/Ros2_gazebo/ros2_ws2/install/velocity_controllers/share/velocity_controllers/environment/library_path.dsv
[41.743s] -- Installing: /home/changye/Ros2_gazebo/ros2_ws2/install/velocity_controllers/share/ament_index/resource_index/package_run_dependencies/velocity_controllers
[41.743s] -- Installing: /home/changye/Ros2_gazebo/ros2_ws2/install/velocity_controllers/share/ament_index/resource_index/parent_prefix_path/velocity_controllers
[41.743s] -- Installing: /home/changye/Ros2_gazebo/ros2_ws2/install/velocity_controllers/share/velocity_controllers/environment/ament_prefix_path.sh
[41.743s] -- Installing: /home/changye/Ros2_gazebo/ros2_ws2/install/velocity_controllers/share/velocity_controllers/environment/ament_prefix_path.dsv
[41.743s] -- Installing: /home/changye/Ros2_gazebo/ros2_ws2/install/velocity_controllers/share/velocity_controllers/environment/path.sh
[41.743s] -- Installing: /home/changye/Ros2_gazebo/ros2_ws2/install/velocity_controllers/share/velocity_controllers/environment/path.dsv
[41.743s] -- Installing: /home/changye/Ros2_gazebo/ros2_ws2/install/velocity_controllers/share/velocity_controllers/local_setup.bash
[41.744s] -- Installing: /home/changye/Ros2_gazebo/ros2_ws2/install/velocity_controllers/share/velocity_controllers/local_setup.sh
[41.744s] -- Installing: /home/changye/Ros2_gazebo/ros2_ws2/install/velocity_controllers/share/velocity_controllers/local_setup.zsh
[41.744s] -- Installing: /home/changye/Ros2_gazebo/ros2_ws2/install/velocity_controllers/share/velocity_controllers/local_setup.dsv
[41.744s] -- Installing: /home/changye/Ros2_gazebo/ros2_ws2/install/velocity_controllers/share/velocity_controllers/package.dsv
[41.744s] -- Installing: /home/changye/Ros2_gazebo/ros2_ws2/install/velocity_controllers/share/ament_index/resource_index/packages/velocity_controllers
[41.744s] -- Installing: /home/changye/Ros2_gazebo/ros2_ws2/install/velocity_controllers/share/ament_index/resource_index/controller_interface__pluginlib__plugin/velocity_controllers
[41.744s] -- Installing: /home/changye/Ros2_gazebo/ros2_ws2/install/velocity_controllers/share/velocity_controllers/cmake/export_velocity_controllersExport.cmake
[41.744s] -- Installing: /home/changye/Ros2_gazebo/ros2_ws2/install/velocity_controllers/share/velocity_controllers/cmake/export_velocity_controllersExport-noconfig.cmake
[41.744s] -- Installing: /home/changye/Ros2_gazebo/ros2_ws2/install/velocity_controllers/share/velocity_controllers/cmake/ament_cmake_export_targets-extras.cmake
[41.744s] -- Installing: /home/changye/Ros2_gazebo/ros2_ws2/install/velocity_controllers/share/velocity_controllers/cmake/ament_cmake_export_dependencies-extras.cmake
[41.745s] -- Installing: /home/changye/Ros2_gazebo/ros2_ws2/install/velocity_controllers/share/velocity_controllers/cmake/velocity_controllersConfig.cmake
[41.745s] -- Installing: /home/changye/Ros2_gazebo/ros2_ws2/install/velocity_controllers/share/velocity_controllers/cmake/velocity_controllersConfig-version.cmake
[41.745s] -- Installing: /home/changye/Ros2_gazebo/ros2_ws2/install/velocity_controllers/share/velocity_controllers/package.xml
[41.795s] Invoked command in '/home/changye/Ros2_gazebo/ros2_ws2/build/velocity_controllers' returned '0': AMENT_PREFIX_PATH=/home/changye/Ros2_gazebo/ros2_ws2/install/forward_command_controller:/home/changye/Ros2_gazebo/ros2_ws2/install/controller_manager:/home/changye/Ros2_gazebo/ros2_ws2/install/hardware_interface_testing:/home/changye/Ros2_gazebo/ros2_ws2/install/controller_interface:/home/changye/Ros2_gazebo/ros2_ws2/install/hardware_interface:/home/changye/Ros2_gazebo/ros2_ws2/install/ros2_control_test_assets:/home/changye/Ros2_gazebo/ros2_ws2/install/controller_manager_msgs:/home/changye/Ros2_gazebo/ros2_ws2/install/control_msgs:${AMENT_PREFIX_PATH} CMAKE_PREFIX_PATH=/home/changye/Ros2_gazebo/ros2_ws2/install/forward_command_controller:/home/changye/Ros2_gazebo/ros2_ws2/install/controller_manager:/home/changye/Ros2_gazebo/ros2_ws2/install/hardware_interface_testing:/home/changye/Ros2_gazebo/ros2_ws2/install/controller_interface:/home/changye/Ros2_gazebo/ros2_ws2/install/hardware_interface:/home/changye/Ros2_gazebo/ros2_ws2/install/ros2_control_test_assets:/home/changye/Ros2_gazebo/ros2_ws2/install/controller_manager_msgs:/home/changye/Ros2_gazebo/ros2_ws2/install/control_msgs:/opt/ros/humble LD_LIBRARY_PATH=/home/changye/Ros2_gazebo/ros2_ws2/install/forward_command_controller/lib:/home/changye/Ros2_gazebo/ros2_ws2/install/controller_manager/lib:/home/changye/Ros2_gazebo/ros2_ws2/install/hardware_interface_testing/lib:/home/changye/Ros2_gazebo/ros2_ws2/install/controller_interface/lib:/home/changye/Ros2_gazebo/ros2_ws2/install/hardware_interface/lib:/home/changye/Ros2_gazebo/ros2_ws2/install/controller_manager_msgs/lib:/home/changye/Ros2_gazebo/ros2_ws2/install/control_msgs/lib:/usr/lib/x86_64-linux-gnu/gazebo-11/plugins:/opt/ros/humble/lib/x86_64-linux-gnu:/opt/ros/humble/lib:/usr/lib/x86_64-linux-gnu/gazebo-11/plugins:/usr/share/gazebo-11/../../lib/x86_64-linux-gnu/gazebo-11/plugins:/usr/lib/x86_64-linux-gnu/gazebo-11/plugins PYTHONPATH=/home/changye/Ros2_gazebo/ros2_ws2/install/controller_manager/local/lib/python3.10/dist-packages:/home/changye/Ros2_gazebo/ros2_ws2/install/controller_manager_msgs/local/lib/python3.10/dist-packages:/home/changye/Ros2_gazebo/ros2_ws2/install/control_msgs/local/lib/python3.10/dist-packages:${PYTHONPATH} /usr/bin/cmake --install /home/changye/Ros2_gazebo/ros2_ws2/build/velocity_controllers
