[0.456s] Invoking command in '/home/changye/Ros2_gazebo/ros2_ws2/build/joint_limits': CMAKE_PREFIX_PATH=/opt/ros/humble /usr/bin/cmake --build /home/changye/Ros2_gazebo/ros2_ws2/build/joint_limits -- -j12 -l12
[0.805s] [35m[1mConsolidate compiler generated dependencies of target gtest_main[0m
[0.805s] [ 14%] Built target ament_generate_version_header__joint_limits
[0.805s] [ 42%] Built target gtest_main
[0.878s] [35m[1mConsolidate compiler generated dependencies of target gtest[0m
[0.889s] [ 71%] Built target gtest
[0.916s] [35m[1mConsolidate compiler generated dependencies of target joint_limits_rosparam_test[0m
[0.940s] [100%] Built target joint_limits_rosparam_test
[1.073s] Invoked command in '/home/changye/Ros2_gazebo/ros2_ws2/build/joint_limits' returned '0': CMAKE_PREFIX_PATH=/opt/ros/humble /usr/bin/cmake --build /home/changye/Ros2_gazebo/ros2_ws2/build/joint_limits -- -j12 -l12
[1.075s] Invoking command in '/home/changye/Ros2_gazebo/ros2_ws2/build/joint_limits': CMAKE_PREFIX_PATH=/opt/ros/humble /usr/bin/cmake --install /home/changye/Ros2_gazebo/ros2_ws2/build/joint_limits
[1.081s] -- Install configuration: ""
[1.081s] -- Up-to-date: /home/changye/Ros2_gazebo/ros2_ws2/install/joint_limits/include
[1.081s] -- Up-to-date: /home/changye/Ros2_gazebo/ros2_ws2/install/joint_limits/include/joint_limits
[1.081s] -- Up-to-date: /home/changye/Ros2_gazebo/ros2_ws2/install/joint_limits/include/joint_limits/joint_limits.hpp
[1.081s] -- Up-to-date: /home/changye/Ros2_gazebo/ros2_ws2/install/joint_limits/include/joint_limits/joint_limits_rosparam.hpp
[1.081s] -- Up-to-date: /home/changye/Ros2_gazebo/ros2_ws2/install/joint_limits/lib/joint_limits/joint_limits_rosparam_test
[1.081s] -- Up-to-date: /home/changye/Ros2_gazebo/ros2_ws2/install/joint_limits/share/joint_limits/test/joint_limits_rosparam.yaml
[1.081s] -- Up-to-date: /home/changye/Ros2_gazebo/ros2_ws2/install/joint_limits/include/joint_limits
[1.081s] -- Up-to-date: /home/changye/Ros2_gazebo/ros2_ws2/install/joint_limits/include/joint_limits/joint_limits
[1.082s] -- Up-to-date: /home/changye/Ros2_gazebo/ros2_ws2/install/joint_limits/include/joint_limits/joint_limits/joint_limits.hpp
[1.082s] -- Up-to-date: /home/changye/Ros2_gazebo/ros2_ws2/install/joint_limits/include/joint_limits/joint_limits/joint_limits_rosparam.hpp
[1.082s] -- Up-to-date: /home/changye/Ros2_gazebo/ros2_ws2/install/joint_limits/share/joint_limits/environment/library_path.sh
[1.082s] -- Up-to-date: /home/changye/Ros2_gazebo/ros2_ws2/install/joint_limits/share/joint_limits/environment/library_path.dsv
[1.082s] -- Up-to-date: /home/changye/Ros2_gazebo/ros2_ws2/install/joint_limits/share/ament_index/resource_index/package_run_dependencies/joint_limits
[1.082s] -- Up-to-date: /home/changye/Ros2_gazebo/ros2_ws2/install/joint_limits/share/ament_index/resource_index/parent_prefix_path/joint_limits
[1.082s] -- Up-to-date: /home/changye/Ros2_gazebo/ros2_ws2/install/joint_limits/share/joint_limits/environment/ament_prefix_path.sh
[1.082s] -- Up-to-date: /home/changye/Ros2_gazebo/ros2_ws2/install/joint_limits/share/joint_limits/environment/ament_prefix_path.dsv
[1.082s] -- Up-to-date: /home/changye/Ros2_gazebo/ros2_ws2/install/joint_limits/share/joint_limits/environment/path.sh
[1.083s] -- Up-to-date: /home/changye/Ros2_gazebo/ros2_ws2/install/joint_limits/share/joint_limits/environment/path.dsv
[1.083s] -- Up-to-date: /home/changye/Ros2_gazebo/ros2_ws2/install/joint_limits/share/joint_limits/local_setup.bash
[1.083s] -- Up-to-date: /home/changye/Ros2_gazebo/ros2_ws2/install/joint_limits/share/joint_limits/local_setup.sh
[1.083s] -- Up-to-date: /home/changye/Ros2_gazebo/ros2_ws2/install/joint_limits/share/joint_limits/local_setup.zsh
[1.083s] -- Up-to-date: /home/changye/Ros2_gazebo/ros2_ws2/install/joint_limits/share/joint_limits/local_setup.dsv
[1.083s] -- Installing: /home/changye/Ros2_gazebo/ros2_ws2/install/joint_limits/share/joint_limits/package.dsv
[1.090s] -- Up-to-date: /home/changye/Ros2_gazebo/ros2_ws2/install/joint_limits/share/ament_index/resource_index/packages/joint_limits
[1.101s] -- Up-to-date: /home/changye/Ros2_gazebo/ros2_ws2/install/joint_limits/share/joint_limits/cmake/export_joint_limitsExport.cmake
[1.101s] -- Up-to-date: /home/changye/Ros2_gazebo/ros2_ws2/install/joint_limits/share/joint_limits/cmake/ament_cmake_export_targets-extras.cmake
[1.101s] -- Up-to-date: /home/changye/Ros2_gazebo/ros2_ws2/install/joint_limits/share/joint_limits/cmake/ament_cmake_export_dependencies-extras.cmake
[1.101s] -- Up-to-date: /home/changye/Ros2_gazebo/ros2_ws2/install/joint_limits/share/joint_limits/cmake/ament_cmake_export_include_directories-extras.cmake
[1.102s] -- Up-to-date: /home/changye/Ros2_gazebo/ros2_ws2/install/joint_limits/share/joint_limits/cmake/joint_limitsConfig.cmake
[1.102s] -- Up-to-date: /home/changye/Ros2_gazebo/ros2_ws2/install/joint_limits/share/joint_limits/cmake/joint_limitsConfig-version.cmake
[1.102s] -- Up-to-date: /home/changye/Ros2_gazebo/ros2_ws2/install/joint_limits/share/joint_limits/package.xml
[1.102s] -- Up-to-date: /home/changye/Ros2_gazebo/ros2_ws2/install/joint_limits/include/joint_limits/joint_limits/version.h
[1.104s] Invoked command in '/home/changye/Ros2_gazebo/ros2_ws2/build/joint_limits' returned '0': CMAKE_PREFIX_PATH=/opt/ros/humble /usr/bin/cmake --install /home/changye/Ros2_gazebo/ros2_ws2/build/joint_limits
