[0.053s] Invoking command in '/home/changye/Ros2_gazebo/ros2_ws2/build/ackermann_steering_controller': AMENT_PREFIX_PATH=/home/changye/Ros2_gazebo/ros2_ws2/install/steering_controllers_library:/home/changye/Ros2_gazebo/ros2_ws2/install/controller_manager:/home/changye/Ros2_gazebo/ros2_ws2/install/hardware_interface_testing:/home/changye/Ros2_gazebo/ros2_ws2/install/controller_interface:/home/changye/Ros2_gazebo/ros2_ws2/install/hardware_interface:/home/changye/Ros2_gazebo/ros2_ws2/install/ros2_control_test_assets:/home/changye/Ros2_gazebo/ros2_ws2/install/controller_manager_msgs:/home/changye/Ros2_gazebo/ros2_ws2/install/control_msgs:${AMENT_PREFIX_PATH} CMAKE_PREFIX_PATH=/home/changye/Ros2_gazebo/ros2_ws2/install/steering_controllers_library:/home/changye/Ros2_gazebo/ros2_ws2/install/controller_manager:/home/changye/Ros2_gazebo/ros2_ws2/install/hardware_interface_testing:/home/changye/Ros2_gazebo/ros2_ws2/install/controller_interface:/home/changye/Ros2_gazebo/ros2_ws2/install/hardware_interface:/home/changye/Ros2_gazebo/ros2_ws2/install/ros2_control_test_assets:/home/changye/Ros2_gazebo/ros2_ws2/install/controller_manager_msgs:/home/changye/Ros2_gazebo/ros2_ws2/install/control_msgs:/opt/ros/humble LD_LIBRARY_PATH=/home/changye/Ros2_gazebo/ros2_ws2/install/steering_controllers_library/lib:/home/changye/Ros2_gazebo/ros2_ws2/install/controller_manager/lib:/home/changye/Ros2_gazebo/ros2_ws2/install/hardware_interface_testing/lib:/home/changye/Ros2_gazebo/ros2_ws2/install/controller_interface/lib:/home/changye/Ros2_gazebo/ros2_ws2/install/hardware_interface/lib:/home/changye/Ros2_gazebo/ros2_ws2/install/controller_manager_msgs/lib:/home/changye/Ros2_gazebo/ros2_ws2/install/control_msgs/lib:/usr/lib/x86_64-linux-gnu/gazebo-11/plugins:/opt/ros/humble/lib/x86_64-linux-gnu:/opt/ros/humble/lib:/usr/lib/x86_64-linux-gnu/gazebo-11/plugins:/usr/share/gazebo-11/../../lib/x86_64-linux-gnu/gazebo-11/plugins:/usr/lib/x86_64-linux-gnu/gazebo-11/plugins PYTHONPATH=/home/changye/Ros2_gazebo/ros2_ws2/install/controller_manager/local/lib/python3.10/dist-packages:/home/changye/Ros2_gazebo/ros2_ws2/install/controller_manager_msgs/local/lib/python3.10/dist-packages:/home/changye/Ros2_gazebo/ros2_ws2/install/control_msgs/local/lib/python3.10/dist-packages:${PYTHONPATH} /usr/bin/cmake /home/changye/Ros2_gazebo/ros2_ws2/src/ros-controls/ros2_controllers/ackermann_steering_controller -DCMAKE_INSTALL_PREFIX=/home/changye/Ros2_gazebo/ros2_ws2/install/ackermann_steering_controller
[0.161s] -- The CXX compiler identification is GNU 11.4.0
[0.172s] -- Detecting CXX compiler ABI info
[0.257s] -- Detecting CXX compiler ABI info - done
[0.267s] -- Check for working CXX compiler: /usr/bin/c++ - skipped
[0.268s] -- Detecting CXX compile features
[0.269s] -- Detecting CXX compile features - done
[0.271s] -- Found ament_cmake: 1.3.11 (/opt/ros/humble/share/ament_cmake/cmake)
[0.464s] -- Found Python3: /usr/bin/python3 (found version "3.10.12") found components: Interpreter 
[0.592s] -- Found controller_interface: 2.47.0 (/home/changye/Ros2_gazebo/ros2_ws2/install/controller_interface/share/controller_interface/cmake)
[0.648s] -- Found rosidl_generator_c: 3.1.6 (/opt/ros/humble/share/rosidl_generator_c/cmake)
[0.657s] -- Found rosidl_adapter: 3.1.6 (/opt/ros/humble/share/rosidl_adapter/cmake)
[0.669s] -- Found rosidl_generator_cpp: 3.1.6 (/opt/ros/humble/share/rosidl_generator_cpp/cmake)
[0.687s] -- Using all available rosidl_typesupport_c: rosidl_typesupport_fastrtps_c;rosidl_typesupport_introspection_c
[0.711s] -- Using all available rosidl_typesupport_cpp: rosidl_typesupport_fastrtps_cpp;rosidl_typesupport_introspection_cpp
[1.011s] -- Found rmw_implementation_cmake: 6.1.2 (/opt/ros/humble/share/rmw_implementation_cmake/cmake)
[1.014s] -- Found rmw_fastrtps_cpp: 6.2.7 (/opt/ros/humble/share/rmw_fastrtps_cpp/cmake)
[1.052s] -- Found TinyXML2 via Config file: TinyXML2_DIR-NOTFOUND
[1.117s] -- Found OpenSSL: /usr/lib/x86_64-linux-gnu/libcrypto.so (found version "3.0.2")  
[1.120s] -- Found TinyXML2 via Config file: TinyXML2_DIR-NOTFOUND
[1.142s] -- Found FastRTPS: /opt/ros/humble/include  
[1.146s] -- Found TinyXML2 via Config file: TinyXML2_DIR-NOTFOUND
[1.155s] -- Found TinyXML2 via Config file: TinyXML2_DIR-NOTFOUND
[1.170s] -- Using RMW implementation 'rmw_fastrtps_cpp' as default
[1.181s] -- Looking for C++ include pthread.h
[1.360s] -- Looking for C++ include pthread.h - found
[1.360s] -- Performing Test CMAKE_HAVE_LIBC_PTHREAD
[1.544s] -- Performing Test CMAKE_HAVE_LIBC_PTHREAD - Success
[1.545s] -- Found Threads: TRUE  
[1.611s] -- Found generate_parameter_library: 0.3.9 (/opt/ros/humble/share/generate_parameter_library/cmake)
[1.613s] -- Found parameter_traits: 0.3.9 (/opt/ros/humble/share/parameter_traits/cmake)
[1.630s] -- Found realtime_tools: 2.10.0 (/opt/ros/humble/share/realtime_tools/cmake)
[1.643s] -- Found std_srvs: 4.2.4 (/opt/ros/humble/share/std_srvs/cmake)
[1.652s] -- Found steering_controllers_library: 2.30.0 (/home/changye/Ros2_gazebo/ros2_ws2/install/steering_controllers_library/share/steering_controllers_library/cmake)
[1.737s] -- Found eigen3_cmake_module: 0.1.1 (/opt/ros/humble/share/eigen3_cmake_module/cmake)
[1.738s] -- Found Eigen3: TRUE (found version "3.4.0") 
[1.738s] -- Ensuring Eigen3 include directory is part of orocos-kdl CMake target
[1.827s] -- Found ament_cmake_gmock: 1.3.11 (/opt/ros/humble/share/ament_cmake_gmock/cmake)
[1.828s] -- Found controller_manager: 2.47.0 (/home/changye/Ros2_gazebo/ros2_ws2/install/controller_manager/share/controller_manager/cmake)
[1.861s] -- Found ros2_control_test_assets: 2.47.0 (/home/changye/Ros2_gazebo/ros2_ws2/install/ros2_control_test_assets/share/ros2_control_test_assets/cmake)
[1.864s] -- Found gmock sources under '/opt/ros/humble/src/gmock_vendor': C++ tests using 'Google Mock' will be built
[1.903s] -- The C compiler identification is GNU 11.4.0
[1.910s] -- Detecting C compiler ABI info
[2.038s] -- Detecting C compiler ABI info - done
[2.049s] -- Check for working C compiler: /usr/bin/cc - skipped
[2.049s] -- Detecting C compile features
[2.050s] -- Detecting C compile features - done
[2.055s] -- Found ament_cmake_gtest: 1.3.11 (/opt/ros/humble/share/ament_cmake_gtest/cmake)
[2.056s] -- Found gtest sources under '/opt/ros/humble/src/gtest_vendor': C++ tests using 'Google Test' will be built
[2.092s] -- Found gmock sources under '/opt/ros/humble/src/gmock_vendor': C++ tests using 'Google Mock' will be built
[2.093s] -- Found ament_cmake_gtest: 1.3.11 (/opt/ros/humble/share/ament_cmake_gtest/cmake)
[2.093s] -- Found gtest sources under '/opt/ros/humble/src/gtest_vendor': C++ tests using 'Google Test' will be built
[2.109s] -- Found gmock sources under '/opt/ros/humble/src/gmock_vendor': C++ tests using 'Google Mock' will be built
[2.109s] -- Found ament_cmake_gtest: 1.3.11 (/opt/ros/humble/share/ament_cmake_gtest/cmake)
[2.110s] -- Found gtest sources under '/opt/ros/humble/src/gtest_vendor': C++ tests using 'Google Test' will be built
[2.226s] -- Configuring done
[2.355s] -- Generating done
[2.385s] -- Build files have been written to: /home/changye/Ros2_gazebo/ros2_ws2/build/ackermann_steering_controller
[2.415s] Invoked command in '/home/changye/Ros2_gazebo/ros2_ws2/build/ackermann_steering_controller' returned '0': AMENT_PREFIX_PATH=/home/changye/Ros2_gazebo/ros2_ws2/install/steering_controllers_library:/home/changye/Ros2_gazebo/ros2_ws2/install/controller_manager:/home/changye/Ros2_gazebo/ros2_ws2/install/hardware_interface_testing:/home/changye/Ros2_gazebo/ros2_ws2/install/controller_interface:/home/changye/Ros2_gazebo/ros2_ws2/install/hardware_interface:/home/changye/Ros2_gazebo/ros2_ws2/install/ros2_control_test_assets:/home/changye/Ros2_gazebo/ros2_ws2/install/controller_manager_msgs:/home/changye/Ros2_gazebo/ros2_ws2/install/control_msgs:${AMENT_PREFIX_PATH} CMAKE_PREFIX_PATH=/home/changye/Ros2_gazebo/ros2_ws2/install/steering_controllers_library:/home/changye/Ros2_gazebo/ros2_ws2/install/controller_manager:/home/changye/Ros2_gazebo/ros2_ws2/install/hardware_interface_testing:/home/changye/Ros2_gazebo/ros2_ws2/install/controller_interface:/home/changye/Ros2_gazebo/ros2_ws2/install/hardware_interface:/home/changye/Ros2_gazebo/ros2_ws2/install/ros2_control_test_assets:/home/changye/Ros2_gazebo/ros2_ws2/install/controller_manager_msgs:/home/changye/Ros2_gazebo/ros2_ws2/install/control_msgs:/opt/ros/humble LD_LIBRARY_PATH=/home/changye/Ros2_gazebo/ros2_ws2/install/steering_controllers_library/lib:/home/changye/Ros2_gazebo/ros2_ws2/install/controller_manager/lib:/home/changye/Ros2_gazebo/ros2_ws2/install/hardware_interface_testing/lib:/home/changye/Ros2_gazebo/ros2_ws2/install/controller_interface/lib:/home/changye/Ros2_gazebo/ros2_ws2/install/hardware_interface/lib:/home/changye/Ros2_gazebo/ros2_ws2/install/controller_manager_msgs/lib:/home/changye/Ros2_gazebo/ros2_ws2/install/control_msgs/lib:/usr/lib/x86_64-linux-gnu/gazebo-11/plugins:/opt/ros/humble/lib/x86_64-linux-gnu:/opt/ros/humble/lib:/usr/lib/x86_64-linux-gnu/gazebo-11/plugins:/usr/share/gazebo-11/../../lib/x86_64-linux-gnu/gazebo-11/plugins:/usr/lib/x86_64-linux-gnu/gazebo-11/plugins PYTHONPATH=/home/changye/Ros2_gazebo/ros2_ws2/install/controller_manager/local/lib/python3.10/dist-packages:/home/changye/Ros2_gazebo/ros2_ws2/install/controller_manager_msgs/local/lib/python3.10/dist-packages:/home/changye/Ros2_gazebo/ros2_ws2/install/control_msgs/local/lib/python3.10/dist-packages:${PYTHONPATH} /usr/bin/cmake /home/changye/Ros2_gazebo/ros2_ws2/src/ros-controls/ros2_controllers/ackermann_steering_controller -DCMAKE_INSTALL_PREFIX=/home/changye/Ros2_gazebo/ros2_ws2/install/ackermann_steering_controller
[2.422s] Invoking command in '/home/changye/Ros2_gazebo/ros2_ws2/build/ackermann_steering_controller': AMENT_PREFIX_PATH=/home/changye/Ros2_gazebo/ros2_ws2/install/steering_controllers_library:/home/changye/Ros2_gazebo/ros2_ws2/install/controller_manager:/home/changye/Ros2_gazebo/ros2_ws2/install/hardware_interface_testing:/home/changye/Ros2_gazebo/ros2_ws2/install/controller_interface:/home/changye/Ros2_gazebo/ros2_ws2/install/hardware_interface:/home/changye/Ros2_gazebo/ros2_ws2/install/ros2_control_test_assets:/home/changye/Ros2_gazebo/ros2_ws2/install/controller_manager_msgs:/home/changye/Ros2_gazebo/ros2_ws2/install/control_msgs:${AMENT_PREFIX_PATH} CMAKE_PREFIX_PATH=/home/changye/Ros2_gazebo/ros2_ws2/install/steering_controllers_library:/home/changye/Ros2_gazebo/ros2_ws2/install/controller_manager:/home/changye/Ros2_gazebo/ros2_ws2/install/hardware_interface_testing:/home/changye/Ros2_gazebo/ros2_ws2/install/controller_interface:/home/changye/Ros2_gazebo/ros2_ws2/install/hardware_interface:/home/changye/Ros2_gazebo/ros2_ws2/install/ros2_control_test_assets:/home/changye/Ros2_gazebo/ros2_ws2/install/controller_manager_msgs:/home/changye/Ros2_gazebo/ros2_ws2/install/control_msgs:/opt/ros/humble LD_LIBRARY_PATH=/home/changye/Ros2_gazebo/ros2_ws2/install/steering_controllers_library/lib:/home/changye/Ros2_gazebo/ros2_ws2/install/controller_manager/lib:/home/changye/Ros2_gazebo/ros2_ws2/install/hardware_interface_testing/lib:/home/changye/Ros2_gazebo/ros2_ws2/install/controller_interface/lib:/home/changye/Ros2_gazebo/ros2_ws2/install/hardware_interface/lib:/home/changye/Ros2_gazebo/ros2_ws2/install/controller_manager_msgs/lib:/home/changye/Ros2_gazebo/ros2_ws2/install/control_msgs/lib:/usr/lib/x86_64-linux-gnu/gazebo-11/plugins:/opt/ros/humble/lib/x86_64-linux-gnu:/opt/ros/humble/lib:/usr/lib/x86_64-linux-gnu/gazebo-11/plugins:/usr/share/gazebo-11/../../lib/x86_64-linux-gnu/gazebo-11/plugins:/usr/lib/x86_64-linux-gnu/gazebo-11/plugins PYTHONPATH=/home/changye/Ros2_gazebo/ros2_ws2/install/controller_manager/local/lib/python3.10/dist-packages:/home/changye/Ros2_gazebo/ros2_ws2/install/controller_manager_msgs/local/lib/python3.10/dist-packages:/home/changye/Ros2_gazebo/ros2_ws2/install/control_msgs/local/lib/python3.10/dist-packages:${PYTHONPATH} /usr/bin/cmake --build /home/changye/Ros2_gazebo/ros2_ws2/build/ackermann_steering_controller -- -j12 -l12
[2.475s] [  8%] [34m[1mRunning `/opt/ros/humble/bin/generate_parameter_library_cpp /home/changye/Ros2_gazebo/ros2_ws2/build/ackermann_steering_controller/ackermann_steering_controller_parameters/include//ackermann_steering_controller_parameters.hpp /home/changye/Ros2_gazebo/ros2_ws2/src/ros-controls/ros2_controllers/ackermann_steering_controller/src/ackermann_steering_controller.yaml `[0m
[2.715s] [  8%] Built target ackermann_steering_controller_parameters
[2.734s] [ 16%] [32mBuilding CXX object gmock/CMakeFiles/gmock.dir/opt/ros/humble/src/gtest_vendor/src/gtest-all.cc.o[0m
[7.299s] [ 25%] [32mBuilding CXX object gmock/CMakeFiles/gmock.dir/src/gmock-all.cc.o[0m
[10.127s] [ 33%] [32m[1mLinking CXX static library libgmock.a[0m
[10.262s] [ 33%] Built target gmock
[10.294s] [ 41%] [32mBuilding CXX object CMakeFiles/ackermann_steering_controller.dir/src/ackermann_steering_controller.cpp.o[0m
[14.045s] In file included from [01m[K/home/changye/Ros2_gazebo/ros2_ws2/install/steering_controllers_library/include/steering_controllers_library/steering_controllers_library/steering_controllers_library.hpp:30[m[K,
[14.045s]                  from [01m[K/home/changye/Ros2_gazebo/ros2_ws2/src/ros-controls/ros2_controllers/ackermann_steering_controller/include/ackermann_steering_controller/ackermann_steering_controller.hpp:25[m[K,
[14.045s]                  from [01m[K/home/changye/Ros2_gazebo/ros2_ws2/src/ros-controls/ros2_controllers/ackermann_steering_controller/src/ackermann_steering_controller.cpp:15[m[K:
[14.045s] [01m[K/opt/ros/humble/include/realtime_tools/realtime_tools/realtime_buffer.h:22:100:[m[K [01;36m[Knote: [m[K‘[01m[K#pragma message: This header include is deprecated. Please update your code to use 'realtime_buffer.hpp' header.[m[K’
[14.045s]    22 |   "This header include is deprecated. Please update your code to use 'realtime_buffer.hpp' header."[01;36m[K)[m[K  //NOLINT
[14.045s]       |                                                                                                    [01;36m[K^[m[K
[14.046s] In file included from [01m[K/home/changye/Ros2_gazebo/ros2_ws2/install/steering_controllers_library/include/steering_controllers_library/steering_controllers_library/steering_controllers_library.hpp:31[m[K,
[14.046s]                  from [01m[K/home/changye/Ros2_gazebo/ros2_ws2/src/ros-controls/ros2_controllers/ackermann_steering_controller/include/ackermann_steering_controller/ackermann_steering_controller.hpp:25[m[K,
[14.046s]                  from [01m[K/home/changye/Ros2_gazebo/ros2_ws2/src/ros-controls/ros2_controllers/ackermann_steering_controller/src/ackermann_steering_controller.cpp:15[m[K:
[14.046s] [01m[K/opt/ros/humble/include/realtime_tools/realtime_tools/realtime_publisher.h:22:103:[m[K [01;36m[Knote: [m[K‘[01m[K#pragma message: This header include is deprecated. Please update your code to use 'realtime_publisher.hpp' header.[m[K’
[14.046s]    22 |   "This header include is deprecated. Please update your code to use 'realtime_publisher.hpp' header."[01;36m[K)[m[K  //NOLINT
[14.046s]       |                                                                                                       [01;36m[K^[m[K
[16.328s] [ 50%] [32m[1mLinking CXX shared library libackermann_steering_controller.so[0m
[18.102s] [ 50%] Built target ackermann_steering_controller
[18.166s] [ 58%] [32mBuilding CXX object CMakeFiles/test_load_ackermann_steering_controller.dir/test/test_load_ackermann_steering_controller.cpp.o[0m
[27.004s] [ 66%] [32m[1mLinking CXX executable test_load_ackermann_steering_controller[0m
[29.107s] [ 66%] Built target test_load_ackermann_steering_controller
[29.136s] [ 75%] [32mBuilding CXX object CMakeFiles/test_ackermann_steering_controller_preceeding.dir/test/test_ackermann_steering_controller_preceeding.cpp.o[0m
[33.097s] In file included from [01m[K/home/changye/Ros2_gazebo/ros2_ws2/install/steering_controllers_library/include/steering_controllers_library/steering_controllers_library/steering_controllers_library.hpp:30[m[K,
[33.097s]                  from [01m[K/home/changye/Ros2_gazebo/ros2_ws2/src/ros-controls/ros2_controllers/ackermann_steering_controller/include/ackermann_steering_controller/ackermann_steering_controller.hpp:25[m[K,
[33.098s]                  from [01m[K/home/changye/Ros2_gazebo/ros2_ws2/src/ros-controls/ros2_controllers/ackermann_steering_controller/test/test_ackermann_steering_controller.hpp:26[m[K,
[33.098s]                  from [01m[K/home/changye/Ros2_gazebo/ros2_ws2/src/ros-controls/ros2_controllers/ackermann_steering_controller/test/test_ackermann_steering_controller_preceeding.cpp:15[m[K:
[33.098s] [01m[K/opt/ros/humble/include/realtime_tools/realtime_tools/realtime_buffer.h:22:100:[m[K [01;36m[Knote: [m[K‘[01m[K#pragma message: This header include is deprecated. Please update your code to use 'realtime_buffer.hpp' header.[m[K’
[33.098s]    22 |   "This header include is deprecated. Please update your code to use 'realtime_buffer.hpp' header."[01;36m[K)[m[K  //NOLINT
[33.098s]       |                                                                                                    [01;36m[K^[m[K
[33.098s] In file included from [01m[K/home/changye/Ros2_gazebo/ros2_ws2/install/steering_controllers_library/include/steering_controllers_library/steering_controllers_library/steering_controllers_library.hpp:31[m[K,
[33.098s]                  from [01m[K/home/changye/Ros2_gazebo/ros2_ws2/src/ros-controls/ros2_controllers/ackermann_steering_controller/include/ackermann_steering_controller/ackermann_steering_controller.hpp:25[m[K,
[33.098s]                  from [01m[K/home/changye/Ros2_gazebo/ros2_ws2/src/ros-controls/ros2_controllers/ackermann_steering_controller/test/test_ackermann_steering_controller.hpp:26[m[K,
[33.099s]                  from [01m[K/home/changye/Ros2_gazebo/ros2_ws2/src/ros-controls/ros2_controllers/ackermann_steering_controller/test/test_ackermann_steering_controller_preceeding.cpp:15[m[K:
[33.099s] [01m[K/opt/ros/humble/include/realtime_tools/realtime_tools/realtime_publisher.h:22:103:[m[K [01;36m[Knote: [m[K‘[01m[K#pragma message: This header include is deprecated. Please update your code to use 'realtime_publisher.hpp' header.[m[K’
[33.099s]    22 |   "This header include is deprecated. Please update your code to use 'realtime_publisher.hpp' header."[01;36m[K)[m[K  //NOLINT
[33.099s]       |                                                                                                       [01;36m[K^[m[K
[37.803s] [ 83%] [32m[1mLinking CXX executable test_ackermann_steering_controller_preceeding[0m
[40.570s] [ 83%] Built target test_ackermann_steering_controller_preceeding
[40.607s] [ 91%] [32mBuilding CXX object CMakeFiles/test_ackermann_steering_controller.dir/test/test_ackermann_steering_controller.cpp.o[0m
[43.924s] In file included from [01m[K/home/changye/Ros2_gazebo/ros2_ws2/install/steering_controllers_library/include/steering_controllers_library/steering_controllers_library/steering_controllers_library.hpp:30[m[K,
[43.924s]                  from [01m[K/home/changye/Ros2_gazebo/ros2_ws2/src/ros-controls/ros2_controllers/ackermann_steering_controller/include/ackermann_steering_controller/ackermann_steering_controller.hpp:25[m[K,
[43.925s]                  from [01m[K/home/changye/Ros2_gazebo/ros2_ws2/src/ros-controls/ros2_controllers/ackermann_steering_controller/test/test_ackermann_steering_controller.hpp:26[m[K,
[43.925s]                  from [01m[K/home/changye/Ros2_gazebo/ros2_ws2/src/ros-controls/ros2_controllers/ackermann_steering_controller/test/test_ackermann_steering_controller.cpp:15[m[K:
[43.925s] [01m[K/opt/ros/humble/include/realtime_tools/realtime_tools/realtime_buffer.h:22:100:[m[K [01;36m[Knote: [m[K‘[01m[K#pragma message: This header include is deprecated. Please update your code to use 'realtime_buffer.hpp' header.[m[K’
[43.925s]    22 |   "This header include is deprecated. Please update your code to use 'realtime_buffer.hpp' header."[01;36m[K)[m[K  //NOLINT
[43.925s]       |                                                                                                    [01;36m[K^[m[K
[43.925s] In file included from [01m[K/home/changye/Ros2_gazebo/ros2_ws2/install/steering_controllers_library/include/steering_controllers_library/steering_controllers_library/steering_controllers_library.hpp:31[m[K,
[43.925s]                  from [01m[K/home/changye/Ros2_gazebo/ros2_ws2/src/ros-controls/ros2_controllers/ackermann_steering_controller/include/ackermann_steering_controller/ackermann_steering_controller.hpp:25[m[K,
[43.925s]                  from [01m[K/home/changye/Ros2_gazebo/ros2_ws2/src/ros-controls/ros2_controllers/ackermann_steering_controller/test/test_ackermann_steering_controller.hpp:26[m[K,
[43.925s]                  from [01m[K/home/changye/Ros2_gazebo/ros2_ws2/src/ros-controls/ros2_controllers/ackermann_steering_controller/test/test_ackermann_steering_controller.cpp:15[m[K:
[43.925s] [01m[K/opt/ros/humble/include/realtime_tools/realtime_tools/realtime_publisher.h:22:103:[m[K [01;36m[Knote: [m[K‘[01m[K#pragma message: This header include is deprecated. Please update your code to use 'realtime_publisher.hpp' header.[m[K’
[43.926s]    22 |   "This header include is deprecated. Please update your code to use 'realtime_publisher.hpp' header."[01;36m[K)[m[K  //NOLINT
[43.926s]       |                                                                                                       [01;36m[K^[m[K
[55.940s] [100%] [32m[1mLinking CXX executable test_ackermann_steering_controller[0m
[58.768s] [100%] Built target test_ackermann_steering_controller
[58.778s] Invoked command in '/home/changye/Ros2_gazebo/ros2_ws2/build/ackermann_steering_controller' returned '0': AMENT_PREFIX_PATH=/home/changye/Ros2_gazebo/ros2_ws2/install/steering_controllers_library:/home/changye/Ros2_gazebo/ros2_ws2/install/controller_manager:/home/changye/Ros2_gazebo/ros2_ws2/install/hardware_interface_testing:/home/changye/Ros2_gazebo/ros2_ws2/install/controller_interface:/home/changye/Ros2_gazebo/ros2_ws2/install/hardware_interface:/home/changye/Ros2_gazebo/ros2_ws2/install/ros2_control_test_assets:/home/changye/Ros2_gazebo/ros2_ws2/install/controller_manager_msgs:/home/changye/Ros2_gazebo/ros2_ws2/install/control_msgs:${AMENT_PREFIX_PATH} CMAKE_PREFIX_PATH=/home/changye/Ros2_gazebo/ros2_ws2/install/steering_controllers_library:/home/changye/Ros2_gazebo/ros2_ws2/install/controller_manager:/home/changye/Ros2_gazebo/ros2_ws2/install/hardware_interface_testing:/home/changye/Ros2_gazebo/ros2_ws2/install/controller_interface:/home/changye/Ros2_gazebo/ros2_ws2/install/hardware_interface:/home/changye/Ros2_gazebo/ros2_ws2/install/ros2_control_test_assets:/home/changye/Ros2_gazebo/ros2_ws2/install/controller_manager_msgs:/home/changye/Ros2_gazebo/ros2_ws2/install/control_msgs:/opt/ros/humble LD_LIBRARY_PATH=/home/changye/Ros2_gazebo/ros2_ws2/install/steering_controllers_library/lib:/home/changye/Ros2_gazebo/ros2_ws2/install/controller_manager/lib:/home/changye/Ros2_gazebo/ros2_ws2/install/hardware_interface_testing/lib:/home/changye/Ros2_gazebo/ros2_ws2/install/controller_interface/lib:/home/changye/Ros2_gazebo/ros2_ws2/install/hardware_interface/lib:/home/changye/Ros2_gazebo/ros2_ws2/install/controller_manager_msgs/lib:/home/changye/Ros2_gazebo/ros2_ws2/install/control_msgs/lib:/usr/lib/x86_64-linux-gnu/gazebo-11/plugins:/opt/ros/humble/lib/x86_64-linux-gnu:/opt/ros/humble/lib:/usr/lib/x86_64-linux-gnu/gazebo-11/plugins:/usr/share/gazebo-11/../../lib/x86_64-linux-gnu/gazebo-11/plugins:/usr/lib/x86_64-linux-gnu/gazebo-11/plugins PYTHONPATH=/home/changye/Ros2_gazebo/ros2_ws2/install/controller_manager/local/lib/python3.10/dist-packages:/home/changye/Ros2_gazebo/ros2_ws2/install/controller_manager_msgs/local/lib/python3.10/dist-packages:/home/changye/Ros2_gazebo/ros2_ws2/install/control_msgs/local/lib/python3.10/dist-packages:${PYTHONPATH} /usr/bin/cmake --build /home/changye/Ros2_gazebo/ros2_ws2/build/ackermann_steering_controller -- -j12 -l12
[58.780s] Invoking command in '/home/changye/Ros2_gazebo/ros2_ws2/build/ackermann_steering_controller': AMENT_PREFIX_PATH=/home/changye/Ros2_gazebo/ros2_ws2/install/steering_controllers_library:/home/changye/Ros2_gazebo/ros2_ws2/install/controller_manager:/home/changye/Ros2_gazebo/ros2_ws2/install/hardware_interface_testing:/home/changye/Ros2_gazebo/ros2_ws2/install/controller_interface:/home/changye/Ros2_gazebo/ros2_ws2/install/hardware_interface:/home/changye/Ros2_gazebo/ros2_ws2/install/ros2_control_test_assets:/home/changye/Ros2_gazebo/ros2_ws2/install/controller_manager_msgs:/home/changye/Ros2_gazebo/ros2_ws2/install/control_msgs:${AMENT_PREFIX_PATH} CMAKE_PREFIX_PATH=/home/changye/Ros2_gazebo/ros2_ws2/install/steering_controllers_library:/home/changye/Ros2_gazebo/ros2_ws2/install/controller_manager:/home/changye/Ros2_gazebo/ros2_ws2/install/hardware_interface_testing:/home/changye/Ros2_gazebo/ros2_ws2/install/controller_interface:/home/changye/Ros2_gazebo/ros2_ws2/install/hardware_interface:/home/changye/Ros2_gazebo/ros2_ws2/install/ros2_control_test_assets:/home/changye/Ros2_gazebo/ros2_ws2/install/controller_manager_msgs:/home/changye/Ros2_gazebo/ros2_ws2/install/control_msgs:/opt/ros/humble LD_LIBRARY_PATH=/home/changye/Ros2_gazebo/ros2_ws2/install/steering_controllers_library/lib:/home/changye/Ros2_gazebo/ros2_ws2/install/controller_manager/lib:/home/changye/Ros2_gazebo/ros2_ws2/install/hardware_interface_testing/lib:/home/changye/Ros2_gazebo/ros2_ws2/install/controller_interface/lib:/home/changye/Ros2_gazebo/ros2_ws2/install/hardware_interface/lib:/home/changye/Ros2_gazebo/ros2_ws2/install/controller_manager_msgs/lib:/home/changye/Ros2_gazebo/ros2_ws2/install/control_msgs/lib:/usr/lib/x86_64-linux-gnu/gazebo-11/plugins:/opt/ros/humble/lib/x86_64-linux-gnu:/opt/ros/humble/lib:/usr/lib/x86_64-linux-gnu/gazebo-11/plugins:/usr/share/gazebo-11/../../lib/x86_64-linux-gnu/gazebo-11/plugins:/usr/lib/x86_64-linux-gnu/gazebo-11/plugins PYTHONPATH=/home/changye/Ros2_gazebo/ros2_ws2/install/controller_manager/local/lib/python3.10/dist-packages:/home/changye/Ros2_gazebo/ros2_ws2/install/controller_manager_msgs/local/lib/python3.10/dist-packages:/home/changye/Ros2_gazebo/ros2_ws2/install/control_msgs/local/lib/python3.10/dist-packages:${PYTHONPATH} /usr/bin/cmake --install /home/changye/Ros2_gazebo/ros2_ws2/build/ackermann_steering_controller
[58.790s] -- Install configuration: ""
[58.790s] -- Installing: /home/changye/Ros2_gazebo/ros2_ws2/install/ackermann_steering_controller/include/ackermann_steering_controller_parameters
[58.790s] -- Installing: /home/changye/Ros2_gazebo/ros2_ws2/install/ackermann_steering_controller/include/ackermann_steering_controller_parameters/ackermann_steering_controller_parameters.hpp
[58.790s] -- Installing: /home/changye/Ros2_gazebo/ros2_ws2/install/ackermann_steering_controller/share/ackermann_steering_controller/ackermann_steering_controller.xml
[58.790s] -- Installing: /home/changye/Ros2_gazebo/ros2_ws2/install/ackermann_steering_controller/include/ackermann_steering_controller
[58.790s] -- Installing: /home/changye/Ros2_gazebo/ros2_ws2/install/ackermann_steering_controller/include/ackermann_steering_controller/ackermann_steering_controller
[58.791s] -- Installing: /home/changye/Ros2_gazebo/ros2_ws2/install/ackermann_steering_controller/include/ackermann_steering_controller/ackermann_steering_controller/ackermann_steering_controller.hpp
[58.791s] -- Installing: /home/changye/Ros2_gazebo/ros2_ws2/install/ackermann_steering_controller/include/ackermann_steering_controller/ackermann_steering_controller/visibility_control.h
[58.791s] -- Installing: /home/changye/Ros2_gazebo/ros2_ws2/install/ackermann_steering_controller/lib/libackermann_steering_controller.so
[58.792s] -- Set runtime path of "/home/changye/Ros2_gazebo/ros2_ws2/install/ackermann_steering_controller/lib/libackermann_steering_controller.so" to ""
[58.792s] -- Installing: /home/changye/Ros2_gazebo/ros2_ws2/install/ackermann_steering_controller/share/ackermann_steering_controller/environment/library_path.sh
[58.792s] -- Installing: /home/changye/Ros2_gazebo/ros2_ws2/install/ackermann_steering_controller/share/ackermann_steering_controller/environment/library_path.dsv
[58.792s] -- Installing: /home/changye/Ros2_gazebo/ros2_ws2/install/ackermann_steering_controller/share/ament_index/resource_index/package_run_dependencies/ackermann_steering_controller
[58.792s] -- Installing: /home/changye/Ros2_gazebo/ros2_ws2/install/ackermann_steering_controller/share/ament_index/resource_index/parent_prefix_path/ackermann_steering_controller
[58.792s] -- Installing: /home/changye/Ros2_gazebo/ros2_ws2/install/ackermann_steering_controller/share/ackermann_steering_controller/environment/ament_prefix_path.sh
[58.792s] -- Installing: /home/changye/Ros2_gazebo/ros2_ws2/install/ackermann_steering_controller/share/ackermann_steering_controller/environment/ament_prefix_path.dsv
[58.793s] -- Installing: /home/changye/Ros2_gazebo/ros2_ws2/install/ackermann_steering_controller/share/ackermann_steering_controller/environment/path.sh
[58.793s] -- Installing: /home/changye/Ros2_gazebo/ros2_ws2/install/ackermann_steering_controller/share/ackermann_steering_controller/environment/path.dsv
[58.793s] -- Installing: /home/changye/Ros2_gazebo/ros2_ws2/install/ackermann_steering_controller/share/ackermann_steering_controller/local_setup.bash
[58.793s] -- Installing: /home/changye/Ros2_gazebo/ros2_ws2/install/ackermann_steering_controller/share/ackermann_steering_controller/local_setup.sh
[58.793s] -- Installing: /home/changye/Ros2_gazebo/ros2_ws2/install/ackermann_steering_controller/share/ackermann_steering_controller/local_setup.zsh
[58.793s] -- Installing: /home/changye/Ros2_gazebo/ros2_ws2/install/ackermann_steering_controller/share/ackermann_steering_controller/local_setup.dsv
[58.793s] -- Installing: /home/changye/Ros2_gazebo/ros2_ws2/install/ackermann_steering_controller/share/ackermann_steering_controller/package.dsv
[58.794s] -- Installing: /home/changye/Ros2_gazebo/ros2_ws2/install/ackermann_steering_controller/share/ament_index/resource_index/packages/ackermann_steering_controller
[58.794s] -- Installing: /home/changye/Ros2_gazebo/ros2_ws2/install/ackermann_steering_controller/share/ament_index/resource_index/controller_interface__pluginlib__plugin/ackermann_steering_controller
[58.794s] -- Installing: /home/changye/Ros2_gazebo/ros2_ws2/install/ackermann_steering_controller/share/ackermann_steering_controller/cmake/export_ackermann_steering_controllerExport.cmake
[58.794s] -- Installing: /home/changye/Ros2_gazebo/ros2_ws2/install/ackermann_steering_controller/share/ackermann_steering_controller/cmake/export_ackermann_steering_controllerExport-noconfig.cmake
[58.794s] -- Installing: /home/changye/Ros2_gazebo/ros2_ws2/install/ackermann_steering_controller/share/ackermann_steering_controller/cmake/ament_cmake_export_targets-extras.cmake
[58.795s] -- Installing: /home/changye/Ros2_gazebo/ros2_ws2/install/ackermann_steering_controller/share/ackermann_steering_controller/cmake/ament_cmake_export_dependencies-extras.cmake
[58.795s] -- Installing: /home/changye/Ros2_gazebo/ros2_ws2/install/ackermann_steering_controller/share/ackermann_steering_controller/cmake/ackermann_steering_controllerConfig.cmake
[58.795s] -- Installing: /home/changye/Ros2_gazebo/ros2_ws2/install/ackermann_steering_controller/share/ackermann_steering_controller/cmake/ackermann_steering_controllerConfig-version.cmake
[58.795s] -- Installing: /home/changye/Ros2_gazebo/ros2_ws2/install/ackermann_steering_controller/share/ackermann_steering_controller/package.xml
[58.798s] Invoked command in '/home/changye/Ros2_gazebo/ros2_ws2/build/ackermann_steering_controller' returned '0': AMENT_PREFIX_PATH=/home/changye/Ros2_gazebo/ros2_ws2/install/steering_controllers_library:/home/changye/Ros2_gazebo/ros2_ws2/install/controller_manager:/home/changye/Ros2_gazebo/ros2_ws2/install/hardware_interface_testing:/home/changye/Ros2_gazebo/ros2_ws2/install/controller_interface:/home/changye/Ros2_gazebo/ros2_ws2/install/hardware_interface:/home/changye/Ros2_gazebo/ros2_ws2/install/ros2_control_test_assets:/home/changye/Ros2_gazebo/ros2_ws2/install/controller_manager_msgs:/home/changye/Ros2_gazebo/ros2_ws2/install/control_msgs:${AMENT_PREFIX_PATH} CMAKE_PREFIX_PATH=/home/changye/Ros2_gazebo/ros2_ws2/install/steering_controllers_library:/home/changye/Ros2_gazebo/ros2_ws2/install/controller_manager:/home/changye/Ros2_gazebo/ros2_ws2/install/hardware_interface_testing:/home/changye/Ros2_gazebo/ros2_ws2/install/controller_interface:/home/changye/Ros2_gazebo/ros2_ws2/install/hardware_interface:/home/changye/Ros2_gazebo/ros2_ws2/install/ros2_control_test_assets:/home/changye/Ros2_gazebo/ros2_ws2/install/controller_manager_msgs:/home/changye/Ros2_gazebo/ros2_ws2/install/control_msgs:/opt/ros/humble LD_LIBRARY_PATH=/home/changye/Ros2_gazebo/ros2_ws2/install/steering_controllers_library/lib:/home/changye/Ros2_gazebo/ros2_ws2/install/controller_manager/lib:/home/changye/Ros2_gazebo/ros2_ws2/install/hardware_interface_testing/lib:/home/changye/Ros2_gazebo/ros2_ws2/install/controller_interface/lib:/home/changye/Ros2_gazebo/ros2_ws2/install/hardware_interface/lib:/home/changye/Ros2_gazebo/ros2_ws2/install/controller_manager_msgs/lib:/home/changye/Ros2_gazebo/ros2_ws2/install/control_msgs/lib:/usr/lib/x86_64-linux-gnu/gazebo-11/plugins:/opt/ros/humble/lib/x86_64-linux-gnu:/opt/ros/humble/lib:/usr/lib/x86_64-linux-gnu/gazebo-11/plugins:/usr/share/gazebo-11/../../lib/x86_64-linux-gnu/gazebo-11/plugins:/usr/lib/x86_64-linux-gnu/gazebo-11/plugins PYTHONPATH=/home/changye/Ros2_gazebo/ros2_ws2/install/controller_manager/local/lib/python3.10/dist-packages:/home/changye/Ros2_gazebo/ros2_ws2/install/controller_manager_msgs/local/lib/python3.10/dist-packages:/home/changye/Ros2_gazebo/ros2_ws2/install/control_msgs/local/lib/python3.10/dist-packages:${PYTHONPATH} /usr/bin/cmake --install /home/changye/Ros2_gazebo/ros2_ws2/build/ackermann_steering_controller
