[0.053s] Invoking command in '/home/changye/Ros2_gazebo/ros2_ws2/build/hardware_interface': AMENT_PREFIX_PATH=/home/changye/Ros2_gazebo/ros2_ws2/install/ros2_control_test_assets:/home/changye/Ros2_gazebo/ros2_ws2/install/control_msgs:${AMENT_PREFIX_PATH} CMAKE_PREFIX_PATH=/home/changye/Ros2_gazebo/ros2_ws2/install/ros2_control_test_assets:/home/changye/Ros2_gazebo/ros2_ws2/install/control_msgs:/opt/ros/humble LD_LIBRARY_PATH=/home/changye/Ros2_gazebo/ros2_ws2/install/control_msgs/lib:/usr/lib/x86_64-linux-gnu/gazebo-11/plugins:/opt/ros/humble/lib/x86_64-linux-gnu:/opt/ros/humble/lib:/usr/lib/x86_64-linux-gnu/gazebo-11/plugins:/usr/share/gazebo-11/../../lib/x86_64-linux-gnu/gazebo-11/plugins:/usr/lib/x86_64-linux-gnu/gazebo-11/plugins PYTHONPATH=/home/changye/Ros2_gazebo/ros2_ws2/install/control_msgs/local/lib/python3.10/dist-packages:${PYTHONPATH} /usr/bin/cmake --build /home/changye/Ros2_gazebo/ros2_ws2/build/hardware_interface -- -j12 -l12
[0.124s] [  2%] Built target ament_generate_version_header__hardware_interface
[0.125s] [35m[1mConsolidate compiler generated dependencies of target gmock[0m
[0.139s] [ 11%] Built target gmock
[0.146s] [35m[1mConsolidate compiler generated dependencies of target gmock_main[0m
[0.155s] [ 17%] Built target gmock_main
[0.162s] [35m[1mConsolidate compiler generated dependencies of target hardware_interface[0m
[0.176s] [35m[1mConsolidate compiler generated dependencies of target test_macros[0m
[0.179s] [ 37%] Built target hardware_interface
[0.189s] [ 42%] Built target test_macros
[0.196s] [35m[1mConsolidate compiler generated dependencies of target mock_components[0m
[0.196s] [35m[1mConsolidate compiler generated dependencies of target test_joint_handle[0m
[0.197s] [35m[1mConsolidate compiler generated dependencies of target test_inst_hardwares[0m
[0.198s] [35m[1mConsolidate compiler generated dependencies of target fake_components[0m
[0.200s] [35m[1mConsolidate compiler generated dependencies of target test_component_interfaces[0m
[0.203s] [35m[1mConsolidate compiler generated dependencies of target test_hardware_components[0m
[0.211s] [ 48%] Built target test_joint_handle
[0.212s] [35m[1mConsolidate compiler generated dependencies of target test_component_parser[0m
[0.213s] [35m[1mConsolidate compiler generated dependencies of target test_generic_system[0m
[0.216s] [ 54%] Built target mock_components
[0.216s] [ 60%] Built target test_inst_hardwares
[0.217s] [ 65%] Built target test_component_interfaces
[0.220s] [ 74%] Built target fake_components
[0.222s] [ 88%] Built target test_hardware_components
[0.227s] [ 94%] Built target test_component_parser
[0.230s] [100%] Built target test_generic_system
[0.289s] Invoked command in '/home/changye/Ros2_gazebo/ros2_ws2/build/hardware_interface' returned '0': AMENT_PREFIX_PATH=/home/changye/Ros2_gazebo/ros2_ws2/install/ros2_control_test_assets:/home/changye/Ros2_gazebo/ros2_ws2/install/control_msgs:${AMENT_PREFIX_PATH} CMAKE_PREFIX_PATH=/home/changye/Ros2_gazebo/ros2_ws2/install/ros2_control_test_assets:/home/changye/Ros2_gazebo/ros2_ws2/install/control_msgs:/opt/ros/humble LD_LIBRARY_PATH=/home/changye/Ros2_gazebo/ros2_ws2/install/control_msgs/lib:/usr/lib/x86_64-linux-gnu/gazebo-11/plugins:/opt/ros/humble/lib/x86_64-linux-gnu:/opt/ros/humble/lib:/usr/lib/x86_64-linux-gnu/gazebo-11/plugins:/usr/share/gazebo-11/../../lib/x86_64-linux-gnu/gazebo-11/plugins:/usr/lib/x86_64-linux-gnu/gazebo-11/plugins PYTHONPATH=/home/changye/Ros2_gazebo/ros2_ws2/install/control_msgs/local/lib/python3.10/dist-packages:${PYTHONPATH} /usr/bin/cmake --build /home/changye/Ros2_gazebo/ros2_ws2/build/hardware_interface -- -j12 -l12
[0.291s] Invoking command in '/home/changye/Ros2_gazebo/ros2_ws2/build/hardware_interface': AMENT_PREFIX_PATH=/home/changye/Ros2_gazebo/ros2_ws2/install/ros2_control_test_assets:/home/changye/Ros2_gazebo/ros2_ws2/install/control_msgs:${AMENT_PREFIX_PATH} CMAKE_PREFIX_PATH=/home/changye/Ros2_gazebo/ros2_ws2/install/ros2_control_test_assets:/home/changye/Ros2_gazebo/ros2_ws2/install/control_msgs:/opt/ros/humble LD_LIBRARY_PATH=/home/changye/Ros2_gazebo/ros2_ws2/install/control_msgs/lib:/usr/lib/x86_64-linux-gnu/gazebo-11/plugins:/opt/ros/humble/lib/x86_64-linux-gnu:/opt/ros/humble/lib:/usr/lib/x86_64-linux-gnu/gazebo-11/plugins:/usr/share/gazebo-11/../../lib/x86_64-linux-gnu/gazebo-11/plugins:/usr/lib/x86_64-linux-gnu/gazebo-11/plugins PYTHONPATH=/home/changye/Ros2_gazebo/ros2_ws2/install/control_msgs/local/lib/python3.10/dist-packages:${PYTHONPATH} /usr/bin/cmake --install /home/changye/Ros2_gazebo/ros2_ws2/build/hardware_interface
[0.297s] -- Install configuration: ""
[0.297s] -- Up-to-date: /home/changye/Ros2_gazebo/ros2_ws2/install/hardware_interface/share/hardware_interface/mock_components_plugin_description.xml
[0.297s] -- Up-to-date: /home/changye/Ros2_gazebo/ros2_ws2/install/hardware_interface/share/hardware_interface/fake_components_plugin_description.xml
[0.297s] -- Up-to-date: /home/changye/Ros2_gazebo/ros2_ws2/install/hardware_interface/include
[0.297s] -- Up-to-date: /home/changye/Ros2_gazebo/ros2_ws2/install/hardware_interface/include/fake_components
[0.297s] -- Up-to-date: /home/changye/Ros2_gazebo/ros2_ws2/install/hardware_interface/include/fake_components/generic_system.hpp
[0.297s] -- Up-to-date: /home/changye/Ros2_gazebo/ros2_ws2/install/hardware_interface/include/fake_components/visibility_control.h
[0.297s] -- Up-to-date: /home/changye/Ros2_gazebo/ros2_ws2/install/hardware_interface/include/hardware_interface
[0.297s] -- Up-to-date: /home/changye/Ros2_gazebo/ros2_ws2/install/hardware_interface/include/hardware_interface/component_parser.hpp
[0.297s] -- Up-to-date: /home/changye/Ros2_gazebo/ros2_ws2/install/hardware_interface/include/hardware_interface/handle.hpp
[0.297s] -- Up-to-date: /home/changye/Ros2_gazebo/ros2_ws2/install/hardware_interface/include/hardware_interface/sensor.hpp
[0.297s] -- Up-to-date: /home/changye/Ros2_gazebo/ros2_ws2/install/hardware_interface/include/hardware_interface/resource_manager.hpp
[0.297s] -- Up-to-date: /home/changye/Ros2_gazebo/ros2_ws2/install/hardware_interface/include/hardware_interface/system.hpp
[0.298s] -- Up-to-date: /home/changye/Ros2_gazebo/ros2_ws2/install/hardware_interface/include/hardware_interface/loaned_state_interface.hpp
[0.298s] -- Up-to-date: /home/changye/Ros2_gazebo/ros2_ws2/install/hardware_interface/include/hardware_interface/macros.hpp
[0.298s] -- Up-to-date: /home/changye/Ros2_gazebo/ros2_ws2/install/hardware_interface/include/hardware_interface/hardware_component_info.hpp
[0.298s] -- Up-to-date: /home/changye/Ros2_gazebo/ros2_ws2/install/hardware_interface/include/hardware_interface/types
[0.298s] -- Up-to-date: /home/changye/Ros2_gazebo/ros2_ws2/install/hardware_interface/include/hardware_interface/types/hardware_interface_type_values.hpp
[0.298s] -- Up-to-date: /home/changye/Ros2_gazebo/ros2_ws2/install/hardware_interface/include/hardware_interface/types/lifecycle_state_names.hpp
[0.298s] -- Up-to-date: /home/changye/Ros2_gazebo/ros2_ws2/install/hardware_interface/include/hardware_interface/types/hardware_interface_return_values.hpp
[0.298s] -- Up-to-date: /home/changye/Ros2_gazebo/ros2_ws2/install/hardware_interface/include/hardware_interface/actuator_interface.hpp
[0.298s] -- Up-to-date: /home/changye/Ros2_gazebo/ros2_ws2/install/hardware_interface/include/hardware_interface/lexical_casts.hpp
[0.298s] -- Up-to-date: /home/changye/Ros2_gazebo/ros2_ws2/install/hardware_interface/include/hardware_interface/loaned_command_interface.hpp
[0.298s] -- Up-to-date: /home/changye/Ros2_gazebo/ros2_ws2/install/hardware_interface/include/hardware_interface/hardware_info.hpp
[0.298s] -- Up-to-date: /home/changye/Ros2_gazebo/ros2_ws2/install/hardware_interface/include/hardware_interface/visibility_control.h
[0.298s] -- Up-to-date: /home/changye/Ros2_gazebo/ros2_ws2/install/hardware_interface/include/hardware_interface/controller_info.hpp
[0.298s] -- Up-to-date: /home/changye/Ros2_gazebo/ros2_ws2/install/hardware_interface/include/hardware_interface/actuator.hpp
[0.298s] -- Up-to-date: /home/changye/Ros2_gazebo/ros2_ws2/install/hardware_interface/include/hardware_interface/system_interface.hpp
[0.298s] -- Up-to-date: /home/changye/Ros2_gazebo/ros2_ws2/install/hardware_interface/include/hardware_interface/sensor_interface.hpp
[0.299s] -- Up-to-date: /home/changye/Ros2_gazebo/ros2_ws2/install/hardware_interface/include/mock_components
[0.299s] -- Up-to-date: /home/changye/Ros2_gazebo/ros2_ws2/install/hardware_interface/include/mock_components/generic_system.hpp
[0.299s] -- Up-to-date: /home/changye/Ros2_gazebo/ros2_ws2/install/hardware_interface/include/mock_components/visibility_control.h
[0.299s] -- Up-to-date: /home/changye/Ros2_gazebo/ros2_ws2/install/hardware_interface/lib/libfake_components.so
[0.299s] -- Up-to-date: /home/changye/Ros2_gazebo/ros2_ws2/install/hardware_interface/lib/libmock_components.so
[0.299s] -- Up-to-date: /home/changye/Ros2_gazebo/ros2_ws2/install/hardware_interface/lib/libhardware_interface.so
[0.318s] -- Up-to-date: /home/changye/Ros2_gazebo/ros2_ws2/install/hardware_interface/lib/libtest_hardware_components.so
[0.318s] -- Up-to-date: /home/changye/Ros2_gazebo/ros2_ws2/install/hardware_interface/share/hardware_interface/test/test_hardware_components/test_hardware_components.xml
[0.319s] -- Up-to-date: /home/changye/Ros2_gazebo/ros2_ws2/install/hardware_interface/share/hardware_interface/environment/library_path.sh
[0.319s] -- Up-to-date: /home/changye/Ros2_gazebo/ros2_ws2/install/hardware_interface/share/hardware_interface/environment/library_path.dsv
[0.319s] -- Up-to-date: /home/changye/Ros2_gazebo/ros2_ws2/install/hardware_interface/share/ament_index/resource_index/package_run_dependencies/hardware_interface
[0.319s] -- Up-to-date: /home/changye/Ros2_gazebo/ros2_ws2/install/hardware_interface/share/ament_index/resource_index/parent_prefix_path/hardware_interface
[0.319s] -- Up-to-date: /home/changye/Ros2_gazebo/ros2_ws2/install/hardware_interface/share/hardware_interface/environment/ament_prefix_path.sh
[0.319s] -- Up-to-date: /home/changye/Ros2_gazebo/ros2_ws2/install/hardware_interface/share/hardware_interface/environment/ament_prefix_path.dsv
[0.319s] -- Up-to-date: /home/changye/Ros2_gazebo/ros2_ws2/install/hardware_interface/share/hardware_interface/environment/path.sh
[0.319s] -- Up-to-date: /home/changye/Ros2_gazebo/ros2_ws2/install/hardware_interface/share/hardware_interface/environment/path.dsv
[0.319s] -- Up-to-date: /home/changye/Ros2_gazebo/ros2_ws2/install/hardware_interface/share/hardware_interface/local_setup.bash
[0.320s] -- Up-to-date: /home/changye/Ros2_gazebo/ros2_ws2/install/hardware_interface/share/hardware_interface/local_setup.sh
[0.320s] -- Up-to-date: /home/changye/Ros2_gazebo/ros2_ws2/install/hardware_interface/share/hardware_interface/local_setup.zsh
[0.320s] -- Up-to-date: /home/changye/Ros2_gazebo/ros2_ws2/install/hardware_interface/share/hardware_interface/local_setup.dsv
[0.320s] -- Installing: /home/changye/Ros2_gazebo/ros2_ws2/install/hardware_interface/share/hardware_interface/package.dsv
[0.334s] -- Up-to-date: /home/changye/Ros2_gazebo/ros2_ws2/install/hardware_interface/share/ament_index/resource_index/packages/hardware_interface
[0.334s] -- Up-to-date: /home/changye/Ros2_gazebo/ros2_ws2/install/hardware_interface/share/ament_index/resource_index/hardware_interface__pluginlib__plugin/hardware_interface
[0.334s] -- Up-to-date: /home/changye/Ros2_gazebo/ros2_ws2/install/hardware_interface/share/hardware_interface/cmake/ament_cmake_export_include_directories-extras.cmake
[0.334s] -- Up-to-date: /home/changye/Ros2_gazebo/ros2_ws2/install/hardware_interface/share/hardware_interface/cmake/ament_cmake_export_libraries-extras.cmake
[0.334s] -- Up-to-date: /home/changye/Ros2_gazebo/ros2_ws2/install/hardware_interface/share/hardware_interface/cmake/ament_cmake_export_dependencies-extras.cmake
[0.334s] -- Up-to-date: /home/changye/Ros2_gazebo/ros2_ws2/install/hardware_interface/share/hardware_interface/cmake/hardware_interfaceConfig.cmake
[0.334s] -- Up-to-date: /home/changye/Ros2_gazebo/ros2_ws2/install/hardware_interface/share/hardware_interface/cmake/hardware_interfaceConfig-version.cmake
[0.334s] -- Up-to-date: /home/changye/Ros2_gazebo/ros2_ws2/install/hardware_interface/share/hardware_interface/package.xml
[0.335s] -- Up-to-date: /home/changye/Ros2_gazebo/ros2_ws2/install/hardware_interface/include/hardware_interface/hardware_interface/version.h
[0.336s] Invoked command in '/home/changye/Ros2_gazebo/ros2_ws2/build/hardware_interface' returned '0': AMENT_PREFIX_PATH=/home/changye/Ros2_gazebo/ros2_ws2/install/ros2_control_test_assets:/home/changye/Ros2_gazebo/ros2_ws2/install/control_msgs:${AMENT_PREFIX_PATH} CMAKE_PREFIX_PATH=/home/changye/Ros2_gazebo/ros2_ws2/install/ros2_control_test_assets:/home/changye/Ros2_gazebo/ros2_ws2/install/control_msgs:/opt/ros/humble LD_LIBRARY_PATH=/home/changye/Ros2_gazebo/ros2_ws2/install/control_msgs/lib:/usr/lib/x86_64-linux-gnu/gazebo-11/plugins:/opt/ros/humble/lib/x86_64-linux-gnu:/opt/ros/humble/lib:/usr/lib/x86_64-linux-gnu/gazebo-11/plugins:/usr/share/gazebo-11/../../lib/x86_64-linux-gnu/gazebo-11/plugins:/usr/lib/x86_64-linux-gnu/gazebo-11/plugins PYTHONPATH=/home/changye/Ros2_gazebo/ros2_ws2/install/control_msgs/local/lib/python3.10/dist-packages:${PYTHONPATH} /usr/bin/cmake --install /home/changye/Ros2_gazebo/ros2_ws2/build/hardware_interface
