[1.070s] Invoking command in '/home/changye/ros2_ws2/build/agv_control_pkg': PYTHONPATH=/home/changye/ros2_ws2/build/agv_control_pkg/prefix_override:/home/changye/ros2_ws2/install/agv_control_pkg/lib/python3.10/site-packages:${PYTHONPATH} /usr/bin/python3 -W ignore:setup.py install is deprecated setup.py develop --editable --build-directory /home/changye/ros2_ws2/build/agv_control_pkg/build --no-deps symlink_data --force
[1.511s] running develop
[1.789s] running egg_info
[1.789s] writing agv_control_pkg.egg-info/PKG-INFO
[1.790s] writing dependency_links to agv_control_pkg.egg-info/dependency_links.txt
[1.790s] writing entry points to agv_control_pkg.egg-info/entry_points.txt
[1.790s] writing requirements to agv_control_pkg.egg-info/requires.txt
[1.790s] writing top-level names to agv_control_pkg.egg-info/top_level.txt
[1.791s] reading manifest file 'agv_control_pkg.egg-info/SOURCES.txt'
[1.792s] writing manifest file 'agv_control_pkg.egg-info/SOURCES.txt'
[1.796s] running build_ext
[1.796s] Creating /home/changye/ros2_ws2/install/agv_control_pkg/lib/python3.10/site-packages/agv-control-pkg.egg-link (link to .)
[1.796s] Installing agv_controller script to /home/changye/ros2_ws2/install/agv_control_pkg/lib/agv_control_pkg
[1.797s] Installing line_detection script to /home/changye/ros2_ws2/install/agv_control_pkg/lib/agv_control_pkg
[1.797s] Installing tag_detection script to /home/changye/ros2_ws2/install/agv_control_pkg/lib/agv_control_pkg
[1.797s] 
[1.797s] Installed /home/changye/ros2_ws2/build/agv_control_pkg
[1.797s] running symlink_data
[1.797s] symbolically linking /home/changye/ros2_ws2/build/agv_control_pkg/resource/agv_control_pkg -> /home/changye/ros2_ws2/install/agv_control_pkg/share/ament_index/resource_index/packages
[1.797s] symbolically linking /home/changye/ros2_ws2/build/agv_control_pkg/package.xml -> /home/changye/ros2_ws2/install/agv_control_pkg/share/agv_control_pkg
[1.819s] Invoked command in '/home/changye/ros2_ws2/build/agv_control_pkg' returned '0': PYTHONPATH=/home/changye/ros2_ws2/build/agv_control_pkg/prefix_override:/home/changye/ros2_ws2/install/agv_control_pkg/lib/python3.10/site-packages:${PYTHONPATH} /usr/bin/python3 -W ignore:setup.py install is deprecated setup.py develop --editable --build-directory /home/changye/ros2_ws2/build/agv_control_pkg/build --no-deps symlink_data --force
