[0.304s] Invoking command in '/home/changye/Ros2_gazebo/ros2_ws2/build/my_agv2': AMENT_PREFIX_PATH=/home/changye/Ros2_gazebo/ros2_ws2/install/ros2_controllers:/home/changye/Ros2_gazebo/ros2_ws2/install/velocity_controllers:/home/changye/Ros2_gazebo/ros2_ws2/install/tricycle_steering_controller:/home/changye/Ros2_gazebo/ros2_ws2/install/ros2_control:/home/changye/Ros2_gazebo/ros2_ws2/install/position_controllers:/home/changye/Ros2_gazebo/ros2_ws2/install/effort_controllers:/home/changye/Ros2_gazebo/ros2_ws2/install/bicycle_steering_controller:/home/changye/Ros2_gazebo/ros2_ws2/install/admittance_controller:/home/changye/Ros2_gazebo/ros2_ws2/install/ackermann_steering_controller:/home/changye/Ros2_gazebo/ros2_ws2/install/tricycle_controller:/home/changye/Ros2_gazebo/ros2_ws2/install/steering_controllers_library:/home/changye/Ros2_gazebo/ros2_ws2/install/ros2controlcli:/home/changye/Ros2_gazebo/ros2_ws2/install/range_sensor_broadcaster:/home/changye/Ros2_gazebo/ros2_ws2/install/joint_trajectory_controller:/home/changye/Ros2_gazebo/ros2_ws2/install/joint_state_broadcaster:/home/changye/Ros2_gazebo/ros2_ws2/install/imu_sensor_broadcaster:/home/changye/Ros2_gazebo/ros2_ws2/install/gazebo_ros2_control:/home/changye/Ros2_gazebo/ros2_ws2/install/forward_command_controller:/home/changye/Ros2_gazebo/ros2_ws2/install/force_torque_sensor_broadcaster:/home/changye/Ros2_gazebo/ros2_ws2/install/diff_drive_controller:/home/changye/Ros2_gazebo/ros2_ws2/install/controller_manager:/home/changye/Ros2_gazebo/ros2_ws2/install/transmission_interface:/home/changye/Ros2_gazebo/ros2_ws2/install/hardware_interface_testing:/home/changye/Ros2_gazebo/ros2_ws2/install/controller_interface:/home/changye/Ros2_gazebo/ros2_ws2/install/kinematics_interface_kdl:/home/changye/Ros2_gazebo/ros2_ws2/install/hardware_interface:/home/changye/Ros2_gazebo/ros2_ws2/install/control_toolbox:/home/changye/Ros2_gazebo/ros2_ws2/install/ros2_control_test_assets:/home/changye/Ros2_gazebo/ros2_ws2/install/kinematics_interface:/home/changye/Ros2_gazebo/ros2_ws2/install/joint_limits:/home/changye/Ros2_gazebo/ros2_ws2/install/controller_manager_msgs:/home/changye/Ros2_gazebo/ros2_ws2/install/control_msgs:${AMENT_PREFIX_PATH} CMAKE_PREFIX_PATH=/home/changye/Ros2_gazebo/ros2_ws2/install/ros2_controllers:/home/changye/Ros2_gazebo/ros2_ws2/install/velocity_controllers:/home/changye/Ros2_gazebo/ros2_ws2/install/tricycle_steering_controller:/home/changye/Ros2_gazebo/ros2_ws2/install/ros2_control:/home/changye/Ros2_gazebo/ros2_ws2/install/position_controllers:/home/changye/Ros2_gazebo/ros2_ws2/install/effort_controllers:/home/changye/Ros2_gazebo/ros2_ws2/install/bicycle_steering_controller:/home/changye/Ros2_gazebo/ros2_ws2/install/admittance_controller:/home/changye/Ros2_gazebo/ros2_ws2/install/ackermann_steering_controller:/home/changye/Ros2_gazebo/ros2_ws2/install/tricycle_controller:/home/changye/Ros2_gazebo/ros2_ws2/install/steering_controllers_library:/home/changye/Ros2_gazebo/ros2_ws2/install/range_sensor_broadcaster:/home/changye/Ros2_gazebo/ros2_ws2/install/joint_trajectory_controller:/home/changye/Ros2_gazebo/ros2_ws2/install/joint_state_broadcaster:/home/changye/Ros2_gazebo/ros2_ws2/install/imu_sensor_broadcaster:/home/changye/Ros2_gazebo/ros2_ws2/install/gazebo_ros2_control:/home/changye/Ros2_gazebo/ros2_ws2/install/forward_command_controller:/home/changye/Ros2_gazebo/ros2_ws2/install/force_torque_sensor_broadcaster:/home/changye/Ros2_gazebo/ros2_ws2/install/diff_drive_controller:/home/changye/Ros2_gazebo/ros2_ws2/install/controller_manager:/home/changye/Ros2_gazebo/ros2_ws2/install/transmission_interface:/home/changye/Ros2_gazebo/ros2_ws2/install/hardware_interface_testing:/home/changye/Ros2_gazebo/ros2_ws2/install/controller_interface:/home/changye/Ros2_gazebo/ros2_ws2/install/kinematics_interface_kdl:/home/changye/Ros2_gazebo/ros2_ws2/install/hardware_interface:/home/changye/Ros2_gazebo/ros2_ws2/install/control_toolbox:/home/changye/Ros2_gazebo/ros2_ws2/install/ros2_control_test_assets:/home/changye/Ros2_gazebo/ros2_ws2/install/kinematics_interface:/home/changye/Ros2_gazebo/ros2_ws2/install/joint_limits:/home/changye/Ros2_gazebo/ros2_ws2/install/controller_manager_msgs:/home/changye/Ros2_gazebo/ros2_ws2/install/control_msgs:/opt/ros/humble LD_LIBRARY_PATH=/home/changye/Ros2_gazebo/ros2_ws2/install/velocity_controllers/lib:/home/changye/Ros2_gazebo/ros2_ws2/install/tricycle_steering_controller/lib:/home/changye/Ros2_gazebo/ros2_ws2/install/position_controllers/lib:/home/changye/Ros2_gazebo/ros2_ws2/install/effort_controllers/lib:/home/changye/Ros2_gazebo/ros2_ws2/install/bicycle_steering_controller/lib:/home/changye/Ros2_gazebo/ros2_ws2/install/admittance_controller/lib:/home/changye/Ros2_gazebo/ros2_ws2/install/ackermann_steering_controller/lib:/home/changye/Ros2_gazebo/ros2_ws2/install/tricycle_controller/lib:/home/changye/Ros2_gazebo/ros2_ws2/install/steering_controllers_library/lib:/home/changye/Ros2_gazebo/ros2_ws2/install/range_sensor_broadcaster/lib:/home/changye/Ros2_gazebo/ros2_ws2/install/joint_trajectory_controller/lib:/home/changye/Ros2_gazebo/ros2_ws2/install/joint_state_broadcaster/lib:/home/changye/Ros2_gazebo/ros2_ws2/install/imu_sensor_broadcaster/lib:/home/changye/Ros2_gazebo/ros2_ws2/install/gazebo_ros2_control/lib:/home/changye/Ros2_gazebo/ros2_ws2/install/forward_command_controller/lib:/home/changye/Ros2_gazebo/ros2_ws2/install/force_torque_sensor_broadcaster/lib:/home/changye/Ros2_gazebo/ros2_ws2/install/diff_drive_controller/lib:/home/changye/Ros2_gazebo/ros2_ws2/install/controller_manager/lib:/home/changye/Ros2_gazebo/ros2_ws2/install/transmission_interface/lib:/home/changye/Ros2_gazebo/ros2_ws2/install/hardware_interface_testing/lib:/home/changye/Ros2_gazebo/ros2_ws2/install/controller_interface/lib:/home/changye/Ros2_gazebo/ros2_ws2/install/kinematics_interface_kdl/lib:/home/changye/Ros2_gazebo/ros2_ws2/install/hardware_interface/lib:/home/changye/Ros2_gazebo/ros2_ws2/install/control_toolbox/lib:/home/changye/Ros2_gazebo/ros2_ws2/install/kinematics_interface/lib:/home/changye/Ros2_gazebo/ros2_ws2/install/joint_limits/lib:/home/changye/Ros2_gazebo/ros2_ws2/install/controller_manager_msgs/lib:/home/changye/Ros2_gazebo/ros2_ws2/install/control_msgs/lib:/usr/lib/x86_64-linux-gnu/gazebo-11/plugins:/opt/ros/humble/lib/x86_64-linux-gnu:/opt/ros/humble/lib:/usr/lib/x86_64-linux-gnu/gazebo-11/plugins:/usr/share/gazebo-11/../../lib/x86_64-linux-gnu/gazebo-11/plugins:/usr/lib/x86_64-linux-gnu/gazebo-11/plugins PYTHONPATH=/home/changye/Ros2_gazebo/ros2_ws2/install/ros2controlcli/lib/python3.10/site-packages:/home/changye/Ros2_gazebo/ros2_ws2/install/controller_manager/local/lib/python3.10/dist-packages:/home/changye/Ros2_gazebo/ros2_ws2/install/controller_manager_msgs/local/lib/python3.10/dist-packages:/home/changye/Ros2_gazebo/ros2_ws2/install/control_msgs/local/lib/python3.10/dist-packages:${PYTHONPATH} /usr/bin/cmake /home/changye/Ros2_gazebo/ros2_ws2/src/my_agv2 -DCMAKE_INSTALL_PREFIX=/home/changye/Ros2_gazebo/ros2_ws2/install/my_agv2
[0.363s] -- The C compiler identification is GNU 11.4.0
[0.409s] -- The CXX compiler identification is GNU 11.4.0
[0.415s] -- Detecting C compiler ABI info
[0.476s] -- Detecting C compiler ABI info - done
[0.488s] -- Check for working C compiler: /usr/bin/cc - skipped
[0.488s] -- Detecting C compile features
[0.488s] -- Detecting C compile features - done
[0.490s] -- Detecting CXX compiler ABI info
[0.558s] -- Detecting CXX compiler ABI info - done
[0.564s] -- Check for working CXX compiler: /usr/bin/c++ - skipped
[0.565s] -- Detecting CXX compile features
[0.565s] -- Detecting CXX compile features - done
[0.568s] -- Found ament_cmake: 1.3.11 (/opt/ros/humble/share/ament_cmake/cmake)
[0.700s] -- Found Python3: /usr/bin/python3 (found version "3.10.12") found components: Interpreter 
[0.815s] -- Found urdf: 2.6.1 (/opt/ros/humble/share/urdf/cmake)
[0.906s] -- Found xacro: 2.0.8 (/opt/ros/humble/share/xacro/cmake)
[0.935s] -- Found rclpy: 3.3.15 (/opt/ros/humble/share/rclpy/cmake)
[0.937s] -- Found gazebo_ros: 3.7.0 (/opt/ros/humble/share/gazebo_ros/cmake)
[0.978s] -- Found rosidl_generator_c: 3.1.6 (/opt/ros/humble/share/rosidl_generator_c/cmake)
[0.986s] -- Found rosidl_adapter: 3.1.6 (/opt/ros/humble/share/rosidl_adapter/cmake)
[0.995s] -- Found rosidl_generator_cpp: 3.1.6 (/opt/ros/humble/share/rosidl_generator_cpp/cmake)
[1.009s] -- Using all available rosidl_typesupport_c: rosidl_typesupport_fastrtps_c;rosidl_typesupport_introspection_c
[1.024s] -- Using all available rosidl_typesupport_cpp: rosidl_typesupport_fastrtps_cpp;rosidl_typesupport_introspection_cpp
[1.077s] -- Found rmw_implementation_cmake: 6.1.2 (/opt/ros/humble/share/rmw_implementation_cmake/cmake)
[1.081s] -- Found rmw_fastrtps_cpp: 6.2.7 (/opt/ros/humble/share/rmw_fastrtps_cpp/cmake)
[1.110s] -- Found TinyXML2 via Config file: TinyXML2_DIR-NOTFOUND
[1.156s] -- Found OpenSSL: /usr/lib/x86_64-linux-gnu/libcrypto.so (found version "3.0.2")  
[1.158s] -- Found TinyXML2 via Config file: TinyXML2_DIR-NOTFOUND
[1.171s] -- Found FastRTPS: /opt/ros/humble/include  
[1.174s] -- Found TinyXML2 via Config file: TinyXML2_DIR-NOTFOUND
[1.182s] -- Found TinyXML2 via Config file: TinyXML2_DIR-NOTFOUND
[1.192s] -- Using RMW implementation 'rmw_fastrtps_cpp' as default
[1.203s] -- Looking for pthread.h
[1.266s] -- Looking for pthread.h - found
[1.266s] -- Performing Test CMAKE_HAVE_LIBC_PTHREAD
[1.328s] -- Performing Test CMAKE_HAVE_LIBC_PTHREAD - Success
[1.329s] -- Found Threads: TRUE  
[1.390s] -- Found PkgConfig: /usr/bin/pkg-config (found version "0.29.2") 
[1.391s] -- Checking for module 'bullet>=2.82'
[1.427s] --   Found bullet, version 3.05
[1.544s] -- Found fcl: /usr/include (found suitable version "0.7.0", minimum required is "0.5.0") 
[1.595s] -- Found assimp: /usr/include (found version "5.2.0") 
[1.627s] -- Found DART: /usr/include (Required is at least version "6.6") found components: dart 
[1.671s] -- Found Boost: /usr/lib/x86_64-linux-gnu/cmake/Boost-1.74.0/BoostConfig.cmake (found suitable version "1.74.0", minimum required is "1.40.0") found components: thread system filesystem program_options regex iostreams date_time 
[1.692s] -- Found Protobuf: /usr/lib/x86_64-linux-gnu/libprotobuf.so (found version "3.12.4") 
[1.701s] -- Looking for ignition-math6 -- found version 6.15.1
[1.709s] -- Searching for dependencies of ignition-math6
[1.711s] -- Looking for OGRE...
[1.711s] -- OGRE_PREFIX_WATCH changed.
[1.718s] -- Checking for module 'OGRE'
[1.738s] --   Found OGRE, version 1.9.0
[1.784s] -- Found Ogre Ghadamon (1.9.0)
[1.797s] -- Found OGRE: optimized;/usr/lib/x86_64-linux-gnu/libOgreMain.so;debug;/usr/lib/x86_64-linux-gnu/libOgreMain.so
[1.808s] -- Looking for OGRE_Paging...
[1.819s] -- Found OGRE_Paging: optimized;/usr/lib/x86_64-linux-gnu/libOgrePaging.so;debug;/usr/lib/x86_64-linux-gnu/libOgrePaging.so
[1.820s] -- Looking for OGRE_Terrain...
[1.832s] -- Found OGRE_Terrain: optimized;/usr/lib/x86_64-linux-gnu/libOgreTerrain.so;debug;/usr/lib/x86_64-linux-gnu/libOgreTerrain.so
[1.832s] -- Looking for OGRE_Property...
[1.844s] -- Found OGRE_Property: optimized;/usr/lib/x86_64-linux-gnu/libOgreProperty.so;debug;/usr/lib/x86_64-linux-gnu/libOgreProperty.so
[1.845s] -- Looking for OGRE_RTShaderSystem...
[1.857s] -- Found OGRE_RTShaderSystem: optimized;/usr/lib/x86_64-linux-gnu/libOgreRTShaderSystem.so;debug;/usr/lib/x86_64-linux-gnu/libOgreRTShaderSystem.so
[1.857s] -- Looking for OGRE_Volume...
[1.868s] -- Found OGRE_Volume: optimized;/usr/lib/x86_64-linux-gnu/libOgreVolume.so;debug;/usr/lib/x86_64-linux-gnu/libOgreVolume.so
[1.868s] -- Looking for OGRE_Overlay...
[1.881s] -- Found OGRE_Overlay: optimized;/usr/lib/x86_64-linux-gnu/libOgreOverlay.so;debug;/usr/lib/x86_64-linux-gnu/libOgreOverlay.so
[2.201s] -- Looking for ignition-math6 -- found version 6.15.1
[2.206s] -- Looking for ignition-transport8 -- found version 8.2.1
[2.206s] -- Searching for dependencies of ignition-transport8
[2.230s] -- Found Protobuf: /usr/lib/x86_64-linux-gnu/libprotobuf.so (found suitable version "3.12.4", minimum required is "3") 
[2.244s] -- Config-file not installed for ZeroMQ -- checking for pkg-config
[2.251s] -- Checking for module 'libzmq >= 4'
[2.276s] --   Found libzmq , version 4.3.4
[2.335s] -- Found ZeroMQ: TRUE (Required is at least version "4") 
[2.344s] -- Checking for module 'uuid'
[2.368s] --   Found uuid, version 2.37.2
[2.424s] -- Found UUID: TRUE  
[2.429s] -- Looking for ignition-msgs5 -- found version 5.8.1
[2.429s] -- Searching for dependencies of ignition-msgs5
[2.454s] -- Looking for ignition-math6 -- found version 6.15.1
[2.461s] -- Checking for module 'tinyxml2'
[2.484s] --   Found tinyxml2, version 9.0.0
[2.542s] -- Looking for ignition-msgs5 -- found version 5.8.1
[2.547s] -- Looking for ignition-common3 -- found version 3.14.0
[2.547s] -- Searching for dependencies of ignition-common3
[2.548s] -- Looking for dlfcn.h - found
[2.550s] -- Looking for libdl - found
[2.551s] -- Found DL: TRUE  
[2.572s] -- Found tinyobjloader: /usr/lib/x86_64-linux-gnu/cmake/tinyobjloader/tinyobjloader-config.cmake (found version "2.0.0") 
[2.572s] -- Searching for <ignition-common3> component [graphics]
[2.578s] -- Looking for ignition-common3-graphics -- found version 3.14.0
[2.579s] -- Searching for dependencies of ignition-common3-graphics
[2.579s] -- Looking for ignition-math6 -- found version 6.15.1
[2.586s] -- Looking for ignition-fuel_tools4 -- found version 4.4.0
[2.586s] -- Searching for dependencies of ignition-fuel_tools4
[2.744s] -- Found CURL: /usr/lib/x86_64-linux-gnu/libcurl.so (found version "7.81.0")  
[2.758s] -- Checking for module 'jsoncpp'
[2.783s] --   Found jsoncpp, version 1.9.5
[2.842s] -- Found JSONCPP: TRUE  
[2.850s] -- Checking for module 'libzip'
[2.875s] --   Found libzip, version 1.7.3
[2.934s] -- Found ZIP: TRUE  
[2.935s] -- Looking for ignition-common3 -- found version 3.14.0
[2.935s] -- Looking for ignition-math6 -- found version 6.15.1
[2.936s] -- Looking for ignition-msgs5 -- found version 5.8.1
[2.943s] -- Gazebo version: 11.10
[2.943s] -- Checking for module 'tbb'
[2.968s] --   Found tbb, version 2021.5.0
[3.028s] -- Found control_msgs: 4.4.0 (/home/changye/Ros2_gazebo/ros2_ws2/install/control_msgs/share/control_msgs/cmake)
[3.165s] -- Found rclcpp_action: 16.0.11 (/opt/ros/humble/share/rclcpp_action/cmake)
[3.183s] -- Found ament_lint_auto: 0.12.11 (/opt/ros/humble/share/ament_lint_auto/cmake)
[3.333s] -- Found ament_cmake_gtest: 1.3.11 (/opt/ros/humble/share/ament_cmake_gtest/cmake)
[3.509s] -- Added test 'cppcheck' to perform static code analysis on C / C++ code
[3.509s] -- Configured cppcheck include dirs: 
[3.509s] -- Configured cppcheck exclude dirs and/or files: 
[3.512s] -- Added test 'flake8' to check Python code syntax and style conventions
[3.516s] -- Added test 'lint_cmake' to check CMake code style
[3.519s] -- Added test 'pep257' to check Python code against some of the docstring style conventions in PEP 257
[3.531s] -- Added test 'uncrustify' to check C / C++ code style
[3.531s] -- Configured uncrustify additional arguments: 
[3.534s] -- Added test 'xmllint' to check XML markup files
[3.536s] -- Configuring done
[3.561s] -- Generating done
[3.572s] -- Build files have been written to: /home/changye/Ros2_gazebo/ros2_ws2/build/my_agv2
[3.594s] Invoked command in '/home/changye/Ros2_gazebo/ros2_ws2/build/my_agv2' returned '0': AMENT_PREFIX_PATH=/home/changye/Ros2_gazebo/ros2_ws2/install/ros2_controllers:/home/changye/Ros2_gazebo/ros2_ws2/install/velocity_controllers:/home/changye/Ros2_gazebo/ros2_ws2/install/tricycle_steering_controller:/home/changye/Ros2_gazebo/ros2_ws2/install/ros2_control:/home/changye/Ros2_gazebo/ros2_ws2/install/position_controllers:/home/changye/Ros2_gazebo/ros2_ws2/install/effort_controllers:/home/changye/Ros2_gazebo/ros2_ws2/install/bicycle_steering_controller:/home/changye/Ros2_gazebo/ros2_ws2/install/admittance_controller:/home/changye/Ros2_gazebo/ros2_ws2/install/ackermann_steering_controller:/home/changye/Ros2_gazebo/ros2_ws2/install/tricycle_controller:/home/changye/Ros2_gazebo/ros2_ws2/install/steering_controllers_library:/home/changye/Ros2_gazebo/ros2_ws2/install/ros2controlcli:/home/changye/Ros2_gazebo/ros2_ws2/install/range_sensor_broadcaster:/home/changye/Ros2_gazebo/ros2_ws2/install/joint_trajectory_controller:/home/changye/Ros2_gazebo/ros2_ws2/install/joint_state_broadcaster:/home/changye/Ros2_gazebo/ros2_ws2/install/imu_sensor_broadcaster:/home/changye/Ros2_gazebo/ros2_ws2/install/gazebo_ros2_control:/home/changye/Ros2_gazebo/ros2_ws2/install/forward_command_controller:/home/changye/Ros2_gazebo/ros2_ws2/install/force_torque_sensor_broadcaster:/home/changye/Ros2_gazebo/ros2_ws2/install/diff_drive_controller:/home/changye/Ros2_gazebo/ros2_ws2/install/controller_manager:/home/changye/Ros2_gazebo/ros2_ws2/install/transmission_interface:/home/changye/Ros2_gazebo/ros2_ws2/install/hardware_interface_testing:/home/changye/Ros2_gazebo/ros2_ws2/install/controller_interface:/home/changye/Ros2_gazebo/ros2_ws2/install/kinematics_interface_kdl:/home/changye/Ros2_gazebo/ros2_ws2/install/hardware_interface:/home/changye/Ros2_gazebo/ros2_ws2/install/control_toolbox:/home/changye/Ros2_gazebo/ros2_ws2/install/ros2_control_test_assets:/home/changye/Ros2_gazebo/ros2_ws2/install/kinematics_interface:/home/changye/Ros2_gazebo/ros2_ws2/install/joint_limits:/home/changye/Ros2_gazebo/ros2_ws2/install/controller_manager_msgs:/home/changye/Ros2_gazebo/ros2_ws2/install/control_msgs:${AMENT_PREFIX_PATH} CMAKE_PREFIX_PATH=/home/changye/Ros2_gazebo/ros2_ws2/install/ros2_controllers:/home/changye/Ros2_gazebo/ros2_ws2/install/velocity_controllers:/home/changye/Ros2_gazebo/ros2_ws2/install/tricycle_steering_controller:/home/changye/Ros2_gazebo/ros2_ws2/install/ros2_control:/home/changye/Ros2_gazebo/ros2_ws2/install/position_controllers:/home/changye/Ros2_gazebo/ros2_ws2/install/effort_controllers:/home/changye/Ros2_gazebo/ros2_ws2/install/bicycle_steering_controller:/home/changye/Ros2_gazebo/ros2_ws2/install/admittance_controller:/home/changye/Ros2_gazebo/ros2_ws2/install/ackermann_steering_controller:/home/changye/Ros2_gazebo/ros2_ws2/install/tricycle_controller:/home/changye/Ros2_gazebo/ros2_ws2/install/steering_controllers_library:/home/changye/Ros2_gazebo/ros2_ws2/install/range_sensor_broadcaster:/home/changye/Ros2_gazebo/ros2_ws2/install/joint_trajectory_controller:/home/changye/Ros2_gazebo/ros2_ws2/install/joint_state_broadcaster:/home/changye/Ros2_gazebo/ros2_ws2/install/imu_sensor_broadcaster:/home/changye/Ros2_gazebo/ros2_ws2/install/gazebo_ros2_control:/home/changye/Ros2_gazebo/ros2_ws2/install/forward_command_controller:/home/changye/Ros2_gazebo/ros2_ws2/install/force_torque_sensor_broadcaster:/home/changye/Ros2_gazebo/ros2_ws2/install/diff_drive_controller:/home/changye/Ros2_gazebo/ros2_ws2/install/controller_manager:/home/changye/Ros2_gazebo/ros2_ws2/install/transmission_interface:/home/changye/Ros2_gazebo/ros2_ws2/install/hardware_interface_testing:/home/changye/Ros2_gazebo/ros2_ws2/install/controller_interface:/home/changye/Ros2_gazebo/ros2_ws2/install/kinematics_interface_kdl:/home/changye/Ros2_gazebo/ros2_ws2/install/hardware_interface:/home/changye/Ros2_gazebo/ros2_ws2/install/control_toolbox:/home/changye/Ros2_gazebo/ros2_ws2/install/ros2_control_test_assets:/home/changye/Ros2_gazebo/ros2_ws2/install/kinematics_interface:/home/changye/Ros2_gazebo/ros2_ws2/install/joint_limits:/home/changye/Ros2_gazebo/ros2_ws2/install/controller_manager_msgs:/home/changye/Ros2_gazebo/ros2_ws2/install/control_msgs:/opt/ros/humble LD_LIBRARY_PATH=/home/changye/Ros2_gazebo/ros2_ws2/install/velocity_controllers/lib:/home/changye/Ros2_gazebo/ros2_ws2/install/tricycle_steering_controller/lib:/home/changye/Ros2_gazebo/ros2_ws2/install/position_controllers/lib:/home/changye/Ros2_gazebo/ros2_ws2/install/effort_controllers/lib:/home/changye/Ros2_gazebo/ros2_ws2/install/bicycle_steering_controller/lib:/home/changye/Ros2_gazebo/ros2_ws2/install/admittance_controller/lib:/home/changye/Ros2_gazebo/ros2_ws2/install/ackermann_steering_controller/lib:/home/changye/Ros2_gazebo/ros2_ws2/install/tricycle_controller/lib:/home/changye/Ros2_gazebo/ros2_ws2/install/steering_controllers_library/lib:/home/changye/Ros2_gazebo/ros2_ws2/install/range_sensor_broadcaster/lib:/home/changye/Ros2_gazebo/ros2_ws2/install/joint_trajectory_controller/lib:/home/changye/Ros2_gazebo/ros2_ws2/install/joint_state_broadcaster/lib:/home/changye/Ros2_gazebo/ros2_ws2/install/imu_sensor_broadcaster/lib:/home/changye/Ros2_gazebo/ros2_ws2/install/gazebo_ros2_control/lib:/home/changye/Ros2_gazebo/ros2_ws2/install/forward_command_controller/lib:/home/changye/Ros2_gazebo/ros2_ws2/install/force_torque_sensor_broadcaster/lib:/home/changye/Ros2_gazebo/ros2_ws2/install/diff_drive_controller/lib:/home/changye/Ros2_gazebo/ros2_ws2/install/controller_manager/lib:/home/changye/Ros2_gazebo/ros2_ws2/install/transmission_interface/lib:/home/changye/Ros2_gazebo/ros2_ws2/install/hardware_interface_testing/lib:/home/changye/Ros2_gazebo/ros2_ws2/install/controller_interface/lib:/home/changye/Ros2_gazebo/ros2_ws2/install/kinematics_interface_kdl/lib:/home/changye/Ros2_gazebo/ros2_ws2/install/hardware_interface/lib:/home/changye/Ros2_gazebo/ros2_ws2/install/control_toolbox/lib:/home/changye/Ros2_gazebo/ros2_ws2/install/kinematics_interface/lib:/home/changye/Ros2_gazebo/ros2_ws2/install/joint_limits/lib:/home/changye/Ros2_gazebo/ros2_ws2/install/controller_manager_msgs/lib:/home/changye/Ros2_gazebo/ros2_ws2/install/control_msgs/lib:/usr/lib/x86_64-linux-gnu/gazebo-11/plugins:/opt/ros/humble/lib/x86_64-linux-gnu:/opt/ros/humble/lib:/usr/lib/x86_64-linux-gnu/gazebo-11/plugins:/usr/share/gazebo-11/../../lib/x86_64-linux-gnu/gazebo-11/plugins:/usr/lib/x86_64-linux-gnu/gazebo-11/plugins PYTHONPATH=/home/changye/Ros2_gazebo/ros2_ws2/install/ros2controlcli/lib/python3.10/site-packages:/home/changye/Ros2_gazebo/ros2_ws2/install/controller_manager/local/lib/python3.10/dist-packages:/home/changye/Ros2_gazebo/ros2_ws2/install/controller_manager_msgs/local/lib/python3.10/dist-packages:/home/changye/Ros2_gazebo/ros2_ws2/install/control_msgs/local/lib/python3.10/dist-packages:${PYTHONPATH} /usr/bin/cmake /home/changye/Ros2_gazebo/ros2_ws2/src/my_agv2 -DCMAKE_INSTALL_PREFIX=/home/changye/Ros2_gazebo/ros2_ws2/install/my_agv2
[3.596s] Invoking command in '/home/changye/Ros2_gazebo/ros2_ws2/build/my_agv2': AMENT_PREFIX_PATH=/home/changye/Ros2_gazebo/ros2_ws2/install/ros2_controllers:/home/changye/Ros2_gazebo/ros2_ws2/install/velocity_controllers:/home/changye/Ros2_gazebo/ros2_ws2/install/tricycle_steering_controller:/home/changye/Ros2_gazebo/ros2_ws2/install/ros2_control:/home/changye/Ros2_gazebo/ros2_ws2/install/position_controllers:/home/changye/Ros2_gazebo/ros2_ws2/install/effort_controllers:/home/changye/Ros2_gazebo/ros2_ws2/install/bicycle_steering_controller:/home/changye/Ros2_gazebo/ros2_ws2/install/admittance_controller:/home/changye/Ros2_gazebo/ros2_ws2/install/ackermann_steering_controller:/home/changye/Ros2_gazebo/ros2_ws2/install/tricycle_controller:/home/changye/Ros2_gazebo/ros2_ws2/install/steering_controllers_library:/home/changye/Ros2_gazebo/ros2_ws2/install/ros2controlcli:/home/changye/Ros2_gazebo/ros2_ws2/install/range_sensor_broadcaster:/home/changye/Ros2_gazebo/ros2_ws2/install/joint_trajectory_controller:/home/changye/Ros2_gazebo/ros2_ws2/install/joint_state_broadcaster:/home/changye/Ros2_gazebo/ros2_ws2/install/imu_sensor_broadcaster:/home/changye/Ros2_gazebo/ros2_ws2/install/gazebo_ros2_control:/home/changye/Ros2_gazebo/ros2_ws2/install/forward_command_controller:/home/changye/Ros2_gazebo/ros2_ws2/install/force_torque_sensor_broadcaster:/home/changye/Ros2_gazebo/ros2_ws2/install/diff_drive_controller:/home/changye/Ros2_gazebo/ros2_ws2/install/controller_manager:/home/changye/Ros2_gazebo/ros2_ws2/install/transmission_interface:/home/changye/Ros2_gazebo/ros2_ws2/install/hardware_interface_testing:/home/changye/Ros2_gazebo/ros2_ws2/install/controller_interface:/home/changye/Ros2_gazebo/ros2_ws2/install/kinematics_interface_kdl:/home/changye/Ros2_gazebo/ros2_ws2/install/hardware_interface:/home/changye/Ros2_gazebo/ros2_ws2/install/control_toolbox:/home/changye/Ros2_gazebo/ros2_ws2/install/ros2_control_test_assets:/home/changye/Ros2_gazebo/ros2_ws2/install/kinematics_interface:/home/changye/Ros2_gazebo/ros2_ws2/install/joint_limits:/home/changye/Ros2_gazebo/ros2_ws2/install/controller_manager_msgs:/home/changye/Ros2_gazebo/ros2_ws2/install/control_msgs:${AMENT_PREFIX_PATH} CMAKE_PREFIX_PATH=/home/changye/Ros2_gazebo/ros2_ws2/install/ros2_controllers:/home/changye/Ros2_gazebo/ros2_ws2/install/velocity_controllers:/home/changye/Ros2_gazebo/ros2_ws2/install/tricycle_steering_controller:/home/changye/Ros2_gazebo/ros2_ws2/install/ros2_control:/home/changye/Ros2_gazebo/ros2_ws2/install/position_controllers:/home/changye/Ros2_gazebo/ros2_ws2/install/effort_controllers:/home/changye/Ros2_gazebo/ros2_ws2/install/bicycle_steering_controller:/home/changye/Ros2_gazebo/ros2_ws2/install/admittance_controller:/home/changye/Ros2_gazebo/ros2_ws2/install/ackermann_steering_controller:/home/changye/Ros2_gazebo/ros2_ws2/install/tricycle_controller:/home/changye/Ros2_gazebo/ros2_ws2/install/steering_controllers_library:/home/changye/Ros2_gazebo/ros2_ws2/install/range_sensor_broadcaster:/home/changye/Ros2_gazebo/ros2_ws2/install/joint_trajectory_controller:/home/changye/Ros2_gazebo/ros2_ws2/install/joint_state_broadcaster:/home/changye/Ros2_gazebo/ros2_ws2/install/imu_sensor_broadcaster:/home/changye/Ros2_gazebo/ros2_ws2/install/gazebo_ros2_control:/home/changye/Ros2_gazebo/ros2_ws2/install/forward_command_controller:/home/changye/Ros2_gazebo/ros2_ws2/install/force_torque_sensor_broadcaster:/home/changye/Ros2_gazebo/ros2_ws2/install/diff_drive_controller:/home/changye/Ros2_gazebo/ros2_ws2/install/controller_manager:/home/changye/Ros2_gazebo/ros2_ws2/install/transmission_interface:/home/changye/Ros2_gazebo/ros2_ws2/install/hardware_interface_testing:/home/changye/Ros2_gazebo/ros2_ws2/install/controller_interface:/home/changye/Ros2_gazebo/ros2_ws2/install/kinematics_interface_kdl:/home/changye/Ros2_gazebo/ros2_ws2/install/hardware_interface:/home/changye/Ros2_gazebo/ros2_ws2/install/control_toolbox:/home/changye/Ros2_gazebo/ros2_ws2/install/ros2_control_test_assets:/home/changye/Ros2_gazebo/ros2_ws2/install/kinematics_interface:/home/changye/Ros2_gazebo/ros2_ws2/install/joint_limits:/home/changye/Ros2_gazebo/ros2_ws2/install/controller_manager_msgs:/home/changye/Ros2_gazebo/ros2_ws2/install/control_msgs:/opt/ros/humble LD_LIBRARY_PATH=/home/changye/Ros2_gazebo/ros2_ws2/install/velocity_controllers/lib:/home/changye/Ros2_gazebo/ros2_ws2/install/tricycle_steering_controller/lib:/home/changye/Ros2_gazebo/ros2_ws2/install/position_controllers/lib:/home/changye/Ros2_gazebo/ros2_ws2/install/effort_controllers/lib:/home/changye/Ros2_gazebo/ros2_ws2/install/bicycle_steering_controller/lib:/home/changye/Ros2_gazebo/ros2_ws2/install/admittance_controller/lib:/home/changye/Ros2_gazebo/ros2_ws2/install/ackermann_steering_controller/lib:/home/changye/Ros2_gazebo/ros2_ws2/install/tricycle_controller/lib:/home/changye/Ros2_gazebo/ros2_ws2/install/steering_controllers_library/lib:/home/changye/Ros2_gazebo/ros2_ws2/install/range_sensor_broadcaster/lib:/home/changye/Ros2_gazebo/ros2_ws2/install/joint_trajectory_controller/lib:/home/changye/Ros2_gazebo/ros2_ws2/install/joint_state_broadcaster/lib:/home/changye/Ros2_gazebo/ros2_ws2/install/imu_sensor_broadcaster/lib:/home/changye/Ros2_gazebo/ros2_ws2/install/gazebo_ros2_control/lib:/home/changye/Ros2_gazebo/ros2_ws2/install/forward_command_controller/lib:/home/changye/Ros2_gazebo/ros2_ws2/install/force_torque_sensor_broadcaster/lib:/home/changye/Ros2_gazebo/ros2_ws2/install/diff_drive_controller/lib:/home/changye/Ros2_gazebo/ros2_ws2/install/controller_manager/lib:/home/changye/Ros2_gazebo/ros2_ws2/install/transmission_interface/lib:/home/changye/Ros2_gazebo/ros2_ws2/install/hardware_interface_testing/lib:/home/changye/Ros2_gazebo/ros2_ws2/install/controller_interface/lib:/home/changye/Ros2_gazebo/ros2_ws2/install/kinematics_interface_kdl/lib:/home/changye/Ros2_gazebo/ros2_ws2/install/hardware_interface/lib:/home/changye/Ros2_gazebo/ros2_ws2/install/control_toolbox/lib:/home/changye/Ros2_gazebo/ros2_ws2/install/kinematics_interface/lib:/home/changye/Ros2_gazebo/ros2_ws2/install/joint_limits/lib:/home/changye/Ros2_gazebo/ros2_ws2/install/controller_manager_msgs/lib:/home/changye/Ros2_gazebo/ros2_ws2/install/control_msgs/lib:/usr/lib/x86_64-linux-gnu/gazebo-11/plugins:/opt/ros/humble/lib/x86_64-linux-gnu:/opt/ros/humble/lib:/usr/lib/x86_64-linux-gnu/gazebo-11/plugins:/usr/share/gazebo-11/../../lib/x86_64-linux-gnu/gazebo-11/plugins:/usr/lib/x86_64-linux-gnu/gazebo-11/plugins PYTHONPATH=/home/changye/Ros2_gazebo/ros2_ws2/install/ros2controlcli/lib/python3.10/site-packages:/home/changye/Ros2_gazebo/ros2_ws2/install/controller_manager/local/lib/python3.10/dist-packages:/home/changye/Ros2_gazebo/ros2_ws2/install/controller_manager_msgs/local/lib/python3.10/dist-packages:/home/changye/Ros2_gazebo/ros2_ws2/install/control_msgs/local/lib/python3.10/dist-packages:${PYTHONPATH} /usr/bin/cmake --build /home/changye/Ros2_gazebo/ros2_ws2/build/my_agv2 -- -j12 -l12
[3.673s] [ 12%] [32mBuilding CXX object CMakeFiles/example_velocity.dir/examples/example_velocity.cpp.o[0m
[3.674s] [ 25%] [32mBuilding CXX object CMakeFiles/agv_unload.dir/examples/agv_unload.cpp.o[0m
[3.674s] [ 37%] [32mBuilding CXX object CMakeFiles/example_position.dir/examples/example_position.cpp.o[0m
[3.674s] [ 50%] [32mBuilding CXX object CMakeFiles/agv_lift.dir/examples/agv_lift.cpp.o[0m
[8.608s] [ 62%] [32m[1mLinking CXX executable agv_lift[0m
[8.703s] [ 75%] [32m[1mLinking CXX executable example_velocity[0m
[8.766s] [ 87%] [32m[1mLinking CXX executable example_position[0m
[8.770s] [ 87%] Built target agv_lift
[8.798s] [100%] [32m[1mLinking CXX executable agv_unload[0m
[8.864s] [100%] Built target example_velocity
[8.950s] [100%] Built target agv_unload
[8.956s] [100%] Built target example_position
[8.967s] Invoked command in '/home/changye/Ros2_gazebo/ros2_ws2/build/my_agv2' returned '0': AMENT_PREFIX_PATH=/home/changye/Ros2_gazebo/ros2_ws2/install/ros2_controllers:/home/changye/Ros2_gazebo/ros2_ws2/install/velocity_controllers:/home/changye/Ros2_gazebo/ros2_ws2/install/tricycle_steering_controller:/home/changye/Ros2_gazebo/ros2_ws2/install/ros2_control:/home/changye/Ros2_gazebo/ros2_ws2/install/position_controllers:/home/changye/Ros2_gazebo/ros2_ws2/install/effort_controllers:/home/changye/Ros2_gazebo/ros2_ws2/install/bicycle_steering_controller:/home/changye/Ros2_gazebo/ros2_ws2/install/admittance_controller:/home/changye/Ros2_gazebo/ros2_ws2/install/ackermann_steering_controller:/home/changye/Ros2_gazebo/ros2_ws2/install/tricycle_controller:/home/changye/Ros2_gazebo/ros2_ws2/install/steering_controllers_library:/home/changye/Ros2_gazebo/ros2_ws2/install/ros2controlcli:/home/changye/Ros2_gazebo/ros2_ws2/install/range_sensor_broadcaster:/home/changye/Ros2_gazebo/ros2_ws2/install/joint_trajectory_controller:/home/changye/Ros2_gazebo/ros2_ws2/install/joint_state_broadcaster:/home/changye/Ros2_gazebo/ros2_ws2/install/imu_sensor_broadcaster:/home/changye/Ros2_gazebo/ros2_ws2/install/gazebo_ros2_control:/home/changye/Ros2_gazebo/ros2_ws2/install/forward_command_controller:/home/changye/Ros2_gazebo/ros2_ws2/install/force_torque_sensor_broadcaster:/home/changye/Ros2_gazebo/ros2_ws2/install/diff_drive_controller:/home/changye/Ros2_gazebo/ros2_ws2/install/controller_manager:/home/changye/Ros2_gazebo/ros2_ws2/install/transmission_interface:/home/changye/Ros2_gazebo/ros2_ws2/install/hardware_interface_testing:/home/changye/Ros2_gazebo/ros2_ws2/install/controller_interface:/home/changye/Ros2_gazebo/ros2_ws2/install/kinematics_interface_kdl:/home/changye/Ros2_gazebo/ros2_ws2/install/hardware_interface:/home/changye/Ros2_gazebo/ros2_ws2/install/control_toolbox:/home/changye/Ros2_gazebo/ros2_ws2/install/ros2_control_test_assets:/home/changye/Ros2_gazebo/ros2_ws2/install/kinematics_interface:/home/changye/Ros2_gazebo/ros2_ws2/install/joint_limits:/home/changye/Ros2_gazebo/ros2_ws2/install/controller_manager_msgs:/home/changye/Ros2_gazebo/ros2_ws2/install/control_msgs:${AMENT_PREFIX_PATH} CMAKE_PREFIX_PATH=/home/changye/Ros2_gazebo/ros2_ws2/install/ros2_controllers:/home/changye/Ros2_gazebo/ros2_ws2/install/velocity_controllers:/home/changye/Ros2_gazebo/ros2_ws2/install/tricycle_steering_controller:/home/changye/Ros2_gazebo/ros2_ws2/install/ros2_control:/home/changye/Ros2_gazebo/ros2_ws2/install/position_controllers:/home/changye/Ros2_gazebo/ros2_ws2/install/effort_controllers:/home/changye/Ros2_gazebo/ros2_ws2/install/bicycle_steering_controller:/home/changye/Ros2_gazebo/ros2_ws2/install/admittance_controller:/home/changye/Ros2_gazebo/ros2_ws2/install/ackermann_steering_controller:/home/changye/Ros2_gazebo/ros2_ws2/install/tricycle_controller:/home/changye/Ros2_gazebo/ros2_ws2/install/steering_controllers_library:/home/changye/Ros2_gazebo/ros2_ws2/install/range_sensor_broadcaster:/home/changye/Ros2_gazebo/ros2_ws2/install/joint_trajectory_controller:/home/changye/Ros2_gazebo/ros2_ws2/install/joint_state_broadcaster:/home/changye/Ros2_gazebo/ros2_ws2/install/imu_sensor_broadcaster:/home/changye/Ros2_gazebo/ros2_ws2/install/gazebo_ros2_control:/home/changye/Ros2_gazebo/ros2_ws2/install/forward_command_controller:/home/changye/Ros2_gazebo/ros2_ws2/install/force_torque_sensor_broadcaster:/home/changye/Ros2_gazebo/ros2_ws2/install/diff_drive_controller:/home/changye/Ros2_gazebo/ros2_ws2/install/controller_manager:/home/changye/Ros2_gazebo/ros2_ws2/install/transmission_interface:/home/changye/Ros2_gazebo/ros2_ws2/install/hardware_interface_testing:/home/changye/Ros2_gazebo/ros2_ws2/install/controller_interface:/home/changye/Ros2_gazebo/ros2_ws2/install/kinematics_interface_kdl:/home/changye/Ros2_gazebo/ros2_ws2/install/hardware_interface:/home/changye/Ros2_gazebo/ros2_ws2/install/control_toolbox:/home/changye/Ros2_gazebo/ros2_ws2/install/ros2_control_test_assets:/home/changye/Ros2_gazebo/ros2_ws2/install/kinematics_interface:/home/changye/Ros2_gazebo/ros2_ws2/install/joint_limits:/home/changye/Ros2_gazebo/ros2_ws2/install/controller_manager_msgs:/home/changye/Ros2_gazebo/ros2_ws2/install/control_msgs:/opt/ros/humble LD_LIBRARY_PATH=/home/changye/Ros2_gazebo/ros2_ws2/install/velocity_controllers/lib:/home/changye/Ros2_gazebo/ros2_ws2/install/tricycle_steering_controller/lib:/home/changye/Ros2_gazebo/ros2_ws2/install/position_controllers/lib:/home/changye/Ros2_gazebo/ros2_ws2/install/effort_controllers/lib:/home/changye/Ros2_gazebo/ros2_ws2/install/bicycle_steering_controller/lib:/home/changye/Ros2_gazebo/ros2_ws2/install/admittance_controller/lib:/home/changye/Ros2_gazebo/ros2_ws2/install/ackermann_steering_controller/lib:/home/changye/Ros2_gazebo/ros2_ws2/install/tricycle_controller/lib:/home/changye/Ros2_gazebo/ros2_ws2/install/steering_controllers_library/lib:/home/changye/Ros2_gazebo/ros2_ws2/install/range_sensor_broadcaster/lib:/home/changye/Ros2_gazebo/ros2_ws2/install/joint_trajectory_controller/lib:/home/changye/Ros2_gazebo/ros2_ws2/install/joint_state_broadcaster/lib:/home/changye/Ros2_gazebo/ros2_ws2/install/imu_sensor_broadcaster/lib:/home/changye/Ros2_gazebo/ros2_ws2/install/gazebo_ros2_control/lib:/home/changye/Ros2_gazebo/ros2_ws2/install/forward_command_controller/lib:/home/changye/Ros2_gazebo/ros2_ws2/install/force_torque_sensor_broadcaster/lib:/home/changye/Ros2_gazebo/ros2_ws2/install/diff_drive_controller/lib:/home/changye/Ros2_gazebo/ros2_ws2/install/controller_manager/lib:/home/changye/Ros2_gazebo/ros2_ws2/install/transmission_interface/lib:/home/changye/Ros2_gazebo/ros2_ws2/install/hardware_interface_testing/lib:/home/changye/Ros2_gazebo/ros2_ws2/install/controller_interface/lib:/home/changye/Ros2_gazebo/ros2_ws2/install/kinematics_interface_kdl/lib:/home/changye/Ros2_gazebo/ros2_ws2/install/hardware_interface/lib:/home/changye/Ros2_gazebo/ros2_ws2/install/control_toolbox/lib:/home/changye/Ros2_gazebo/ros2_ws2/install/kinematics_interface/lib:/home/changye/Ros2_gazebo/ros2_ws2/install/joint_limits/lib:/home/changye/Ros2_gazebo/ros2_ws2/install/controller_manager_msgs/lib:/home/changye/Ros2_gazebo/ros2_ws2/install/control_msgs/lib:/usr/lib/x86_64-linux-gnu/gazebo-11/plugins:/opt/ros/humble/lib/x86_64-linux-gnu:/opt/ros/humble/lib:/usr/lib/x86_64-linux-gnu/gazebo-11/plugins:/usr/share/gazebo-11/../../lib/x86_64-linux-gnu/gazebo-11/plugins:/usr/lib/x86_64-linux-gnu/gazebo-11/plugins PYTHONPATH=/home/changye/Ros2_gazebo/ros2_ws2/install/ros2controlcli/lib/python3.10/site-packages:/home/changye/Ros2_gazebo/ros2_ws2/install/controller_manager/local/lib/python3.10/dist-packages:/home/changye/Ros2_gazebo/ros2_ws2/install/controller_manager_msgs/local/lib/python3.10/dist-packages:/home/changye/Ros2_gazebo/ros2_ws2/install/control_msgs/local/lib/python3.10/dist-packages:${PYTHONPATH} /usr/bin/cmake --build /home/changye/Ros2_gazebo/ros2_ws2/build/my_agv2 -- -j12 -l12
[8.968s] Invoking command in '/home/changye/Ros2_gazebo/ros2_ws2/build/my_agv2': AMENT_PREFIX_PATH=/home/changye/Ros2_gazebo/ros2_ws2/install/ros2_controllers:/home/changye/Ros2_gazebo/ros2_ws2/install/velocity_controllers:/home/changye/Ros2_gazebo/ros2_ws2/install/tricycle_steering_controller:/home/changye/Ros2_gazebo/ros2_ws2/install/ros2_control:/home/changye/Ros2_gazebo/ros2_ws2/install/position_controllers:/home/changye/Ros2_gazebo/ros2_ws2/install/effort_controllers:/home/changye/Ros2_gazebo/ros2_ws2/install/bicycle_steering_controller:/home/changye/Ros2_gazebo/ros2_ws2/install/admittance_controller:/home/changye/Ros2_gazebo/ros2_ws2/install/ackermann_steering_controller:/home/changye/Ros2_gazebo/ros2_ws2/install/tricycle_controller:/home/changye/Ros2_gazebo/ros2_ws2/install/steering_controllers_library:/home/changye/Ros2_gazebo/ros2_ws2/install/ros2controlcli:/home/changye/Ros2_gazebo/ros2_ws2/install/range_sensor_broadcaster:/home/changye/Ros2_gazebo/ros2_ws2/install/joint_trajectory_controller:/home/changye/Ros2_gazebo/ros2_ws2/install/joint_state_broadcaster:/home/changye/Ros2_gazebo/ros2_ws2/install/imu_sensor_broadcaster:/home/changye/Ros2_gazebo/ros2_ws2/install/gazebo_ros2_control:/home/changye/Ros2_gazebo/ros2_ws2/install/forward_command_controller:/home/changye/Ros2_gazebo/ros2_ws2/install/force_torque_sensor_broadcaster:/home/changye/Ros2_gazebo/ros2_ws2/install/diff_drive_controller:/home/changye/Ros2_gazebo/ros2_ws2/install/controller_manager:/home/changye/Ros2_gazebo/ros2_ws2/install/transmission_interface:/home/changye/Ros2_gazebo/ros2_ws2/install/hardware_interface_testing:/home/changye/Ros2_gazebo/ros2_ws2/install/controller_interface:/home/changye/Ros2_gazebo/ros2_ws2/install/kinematics_interface_kdl:/home/changye/Ros2_gazebo/ros2_ws2/install/hardware_interface:/home/changye/Ros2_gazebo/ros2_ws2/install/control_toolbox:/home/changye/Ros2_gazebo/ros2_ws2/install/ros2_control_test_assets:/home/changye/Ros2_gazebo/ros2_ws2/install/kinematics_interface:/home/changye/Ros2_gazebo/ros2_ws2/install/joint_limits:/home/changye/Ros2_gazebo/ros2_ws2/install/controller_manager_msgs:/home/changye/Ros2_gazebo/ros2_ws2/install/control_msgs:${AMENT_PREFIX_PATH} CMAKE_PREFIX_PATH=/home/changye/Ros2_gazebo/ros2_ws2/install/ros2_controllers:/home/changye/Ros2_gazebo/ros2_ws2/install/velocity_controllers:/home/changye/Ros2_gazebo/ros2_ws2/install/tricycle_steering_controller:/home/changye/Ros2_gazebo/ros2_ws2/install/ros2_control:/home/changye/Ros2_gazebo/ros2_ws2/install/position_controllers:/home/changye/Ros2_gazebo/ros2_ws2/install/effort_controllers:/home/changye/Ros2_gazebo/ros2_ws2/install/bicycle_steering_controller:/home/changye/Ros2_gazebo/ros2_ws2/install/admittance_controller:/home/changye/Ros2_gazebo/ros2_ws2/install/ackermann_steering_controller:/home/changye/Ros2_gazebo/ros2_ws2/install/tricycle_controller:/home/changye/Ros2_gazebo/ros2_ws2/install/steering_controllers_library:/home/changye/Ros2_gazebo/ros2_ws2/install/range_sensor_broadcaster:/home/changye/Ros2_gazebo/ros2_ws2/install/joint_trajectory_controller:/home/changye/Ros2_gazebo/ros2_ws2/install/joint_state_broadcaster:/home/changye/Ros2_gazebo/ros2_ws2/install/imu_sensor_broadcaster:/home/changye/Ros2_gazebo/ros2_ws2/install/gazebo_ros2_control:/home/changye/Ros2_gazebo/ros2_ws2/install/forward_command_controller:/home/changye/Ros2_gazebo/ros2_ws2/install/force_torque_sensor_broadcaster:/home/changye/Ros2_gazebo/ros2_ws2/install/diff_drive_controller:/home/changye/Ros2_gazebo/ros2_ws2/install/controller_manager:/home/changye/Ros2_gazebo/ros2_ws2/install/transmission_interface:/home/changye/Ros2_gazebo/ros2_ws2/install/hardware_interface_testing:/home/changye/Ros2_gazebo/ros2_ws2/install/controller_interface:/home/changye/Ros2_gazebo/ros2_ws2/install/kinematics_interface_kdl:/home/changye/Ros2_gazebo/ros2_ws2/install/hardware_interface:/home/changye/Ros2_gazebo/ros2_ws2/install/control_toolbox:/home/changye/Ros2_gazebo/ros2_ws2/install/ros2_control_test_assets:/home/changye/Ros2_gazebo/ros2_ws2/install/kinematics_interface:/home/changye/Ros2_gazebo/ros2_ws2/install/joint_limits:/home/changye/Ros2_gazebo/ros2_ws2/install/controller_manager_msgs:/home/changye/Ros2_gazebo/ros2_ws2/install/control_msgs:/opt/ros/humble LD_LIBRARY_PATH=/home/changye/Ros2_gazebo/ros2_ws2/install/velocity_controllers/lib:/home/changye/Ros2_gazebo/ros2_ws2/install/tricycle_steering_controller/lib:/home/changye/Ros2_gazebo/ros2_ws2/install/position_controllers/lib:/home/changye/Ros2_gazebo/ros2_ws2/install/effort_controllers/lib:/home/changye/Ros2_gazebo/ros2_ws2/install/bicycle_steering_controller/lib:/home/changye/Ros2_gazebo/ros2_ws2/install/admittance_controller/lib:/home/changye/Ros2_gazebo/ros2_ws2/install/ackermann_steering_controller/lib:/home/changye/Ros2_gazebo/ros2_ws2/install/tricycle_controller/lib:/home/changye/Ros2_gazebo/ros2_ws2/install/steering_controllers_library/lib:/home/changye/Ros2_gazebo/ros2_ws2/install/range_sensor_broadcaster/lib:/home/changye/Ros2_gazebo/ros2_ws2/install/joint_trajectory_controller/lib:/home/changye/Ros2_gazebo/ros2_ws2/install/joint_state_broadcaster/lib:/home/changye/Ros2_gazebo/ros2_ws2/install/imu_sensor_broadcaster/lib:/home/changye/Ros2_gazebo/ros2_ws2/install/gazebo_ros2_control/lib:/home/changye/Ros2_gazebo/ros2_ws2/install/forward_command_controller/lib:/home/changye/Ros2_gazebo/ros2_ws2/install/force_torque_sensor_broadcaster/lib:/home/changye/Ros2_gazebo/ros2_ws2/install/diff_drive_controller/lib:/home/changye/Ros2_gazebo/ros2_ws2/install/controller_manager/lib:/home/changye/Ros2_gazebo/ros2_ws2/install/transmission_interface/lib:/home/changye/Ros2_gazebo/ros2_ws2/install/hardware_interface_testing/lib:/home/changye/Ros2_gazebo/ros2_ws2/install/controller_interface/lib:/home/changye/Ros2_gazebo/ros2_ws2/install/kinematics_interface_kdl/lib:/home/changye/Ros2_gazebo/ros2_ws2/install/hardware_interface/lib:/home/changye/Ros2_gazebo/ros2_ws2/install/control_toolbox/lib:/home/changye/Ros2_gazebo/ros2_ws2/install/kinematics_interface/lib:/home/changye/Ros2_gazebo/ros2_ws2/install/joint_limits/lib:/home/changye/Ros2_gazebo/ros2_ws2/install/controller_manager_msgs/lib:/home/changye/Ros2_gazebo/ros2_ws2/install/control_msgs/lib:/usr/lib/x86_64-linux-gnu/gazebo-11/plugins:/opt/ros/humble/lib/x86_64-linux-gnu:/opt/ros/humble/lib:/usr/lib/x86_64-linux-gnu/gazebo-11/plugins:/usr/share/gazebo-11/../../lib/x86_64-linux-gnu/gazebo-11/plugins:/usr/lib/x86_64-linux-gnu/gazebo-11/plugins PYTHONPATH=/home/changye/Ros2_gazebo/ros2_ws2/install/ros2controlcli/lib/python3.10/site-packages:/home/changye/Ros2_gazebo/ros2_ws2/install/controller_manager/local/lib/python3.10/dist-packages:/home/changye/Ros2_gazebo/ros2_ws2/install/controller_manager_msgs/local/lib/python3.10/dist-packages:/home/changye/Ros2_gazebo/ros2_ws2/install/control_msgs/local/lib/python3.10/dist-packages:${PYTHONPATH} /usr/bin/cmake --install /home/changye/Ros2_gazebo/ros2_ws2/build/my_agv2
[8.975s] -- Install configuration: ""
[8.975s] -- Installing: /home/changye/Ros2_gazebo/ros2_ws2/install/my_agv2/share/my_agv2/launch
[8.975s] -- Installing: /home/changye/Ros2_gazebo/ros2_ws2/install/my_agv2/share/my_agv2/launch/agv5_demo.launch.py
[8.975s] -- Installing: /home/changye/Ros2_gazebo/ros2_ws2/install/my_agv2/share/my_agv2/launch/agv_world.launch.py
[8.975s] -- Installing: /home/changye/Ros2_gazebo/ros2_ws2/install/my_agv2/share/my_agv2/launch/agv_trac_pos.launch.py
[8.976s] -- Installing: /home/changye/Ros2_gazebo/ros2_ws2/install/my_agv2/share/my_agv2/launch/agv5_demo_with_JC.launch.py
[8.976s] -- Installing: /home/changye/Ros2_gazebo/ros2_ws2/install/my_agv2/share/my_agv2/launch/agv_velocity.launch.py
[8.976s] -- Installing: /home/changye/Ros2_gazebo/ros2_ws2/install/my_agv2/share/my_agv2/config
[8.976s] -- Installing: /home/changye/Ros2_gazebo/ros2_ws2/install/my_agv2/share/my_agv2/config/agv_controller_trac_pos.yaml
[8.983s] -- Installing: /home/changye/Ros2_gazebo/ros2_ws2/install/my_agv2/share/my_agv2/config/controller_configuration.yaml
[9.000s] -- Installing: /home/changye/Ros2_gazebo/ros2_ws2/install/my_agv2/share/my_agv2/config/agv_controller_velocity.yaml
[9.000s] -- Installing: /home/changye/Ros2_gazebo/ros2_ws2/install/my_agv2/share/my_agv2/config/agv5_controller.yaml
[9.000s] -- Installing: /home/changye/Ros2_gazebo/ros2_ws2/install/my_agv2/share/my_agv2/urdf
[9.000s] -- Installing: /home/changye/Ros2_gazebo/ros2_ws2/install/my_agv2/share/my_agv2/urdf/shelf_final.xacro.urdf
[9.010s] -- Installing: /home/changye/Ros2_gazebo/ros2_ws2/install/my_agv2/share/my_agv2/urdf/AGV3_single_trac_pos.xacro.urdf
[9.017s] -- Installing: /home/changye/Ros2_gazebo/ros2_ws2/install/my_agv2/share/my_agv2/urdf/AGV3_single.csv
[9.017s] -- Installing: /home/changye/Ros2_gazebo/ros2_ws2/install/my_agv2/share/my_agv2/urdf/AGV6.xacro.urdf
[9.018s] -- Installing: /home/changye/Ros2_gazebo/ros2_ws2/install/my_agv2/share/my_agv2/urdf/AGV3_single.xacro.urdf
[9.018s] -- Installing: /home/changye/Ros2_gazebo/ros2_ws2/install/my_agv2/share/my_agv2/urdf/AGV5.xacro.urdf
[9.024s] -- Installing: /home/changye/Ros2_gazebo/ros2_ws2/install/my_agv2/share/my_agv2/urdf/AGV6.xacro (copy).urdf
[9.026s] -- Installing: /home/changye/Ros2_gazebo/ros2_ws2/install/my_agv2/share/my_agv2/urdf/AGV3_single_vel.xacro.urdf
[9.026s] -- Installing: /home/changye/Ros2_gazebo/ros2_ws2/install/my_agv2/share/my_agv2/urdf/AGV5.xacro (copy).urdf
[9.027s] -- Installing: /home/changye/Ros2_gazebo/ros2_ws2/install/my_agv2/share/my_agv2/examples
[9.027s] -- Installing: /home/changye/Ros2_gazebo/ros2_ws2/install/my_agv2/share/my_agv2/examples/agv_lift.cpp
[9.027s] -- Installing: /home/changye/Ros2_gazebo/ros2_ws2/install/my_agv2/share/my_agv2/examples/example_position.cpp
[9.027s] -- Installing: /home/changye/Ros2_gazebo/ros2_ws2/install/my_agv2/share/my_agv2/examples/example_velocity.cpp
[9.027s] -- Installing: /home/changye/Ros2_gazebo/ros2_ws2/install/my_agv2/share/my_agv2/examples/agv_unload.cpp
[9.027s] -- Installing: /home/changye/Ros2_gazebo/ros2_ws2/install/my_agv2/share/my_agv2/world
[9.027s] -- Installing: /home/changye/Ros2_gazebo/ros2_ws2/install/my_agv2/share/my_agv2/world/test (copy).world
[9.027s] -- Installing: /home/changye/Ros2_gazebo/ros2_ws2/install/my_agv2/share/my_agv2/world/test_1.world
[9.027s] -- Installing: /home/changye/Ros2_gazebo/ros2_ws2/install/my_agv2/share/my_agv2/world/test.world
[9.037s] -- Installing: /home/changye/Ros2_gazebo/ros2_ws2/install/my_agv2/share/my_agv2/rviz
[9.037s] -- Installing: /home/changye/Ros2_gazebo/ros2_ws2/install/my_agv2/share/my_agv2/rviz/show_camera.rviz
[9.045s] -- Installing: /home/changye/Ros2_gazebo/ros2_ws2/install/my_agv2/lib/my_agv2/example_position
[9.045s] -- Set runtime path of "/home/changye/Ros2_gazebo/ros2_ws2/install/my_agv2/lib/my_agv2/example_position" to ""
[9.046s] -- Installing: /home/changye/Ros2_gazebo/ros2_ws2/install/my_agv2/lib/my_agv2/example_velocity
[9.046s] -- Set runtime path of "/home/changye/Ros2_gazebo/ros2_ws2/install/my_agv2/lib/my_agv2/example_velocity" to ""
[9.046s] -- Installing: /home/changye/Ros2_gazebo/ros2_ws2/install/my_agv2/lib/my_agv2/agv_lift
[9.047s] -- Set runtime path of "/home/changye/Ros2_gazebo/ros2_ws2/install/my_agv2/lib/my_agv2/agv_lift" to ""
[9.047s] -- Installing: /home/changye/Ros2_gazebo/ros2_ws2/install/my_agv2/lib/my_agv2/agv_unload
[9.048s] -- Set runtime path of "/home/changye/Ros2_gazebo/ros2_ws2/install/my_agv2/lib/my_agv2/agv_unload" to ""
[9.048s] -- Installing: /home/changye/Ros2_gazebo/ros2_ws2/install/my_agv2/share/ament_index/resource_index/package_run_dependencies/my_agv2
[9.048s] -- Installing: /home/changye/Ros2_gazebo/ros2_ws2/install/my_agv2/share/ament_index/resource_index/parent_prefix_path/my_agv2
[9.048s] -- Installing: /home/changye/Ros2_gazebo/ros2_ws2/install/my_agv2/share/my_agv2/environment/ament_prefix_path.sh
[9.048s] -- Installing: /home/changye/Ros2_gazebo/ros2_ws2/install/my_agv2/share/my_agv2/environment/ament_prefix_path.dsv
[9.048s] -- Installing: /home/changye/Ros2_gazebo/ros2_ws2/install/my_agv2/share/my_agv2/environment/path.sh
[9.048s] -- Installing: /home/changye/Ros2_gazebo/ros2_ws2/install/my_agv2/share/my_agv2/environment/path.dsv
[9.048s] -- Installing: /home/changye/Ros2_gazebo/ros2_ws2/install/my_agv2/share/my_agv2/local_setup.bash
[9.048s] -- Installing: /home/changye/Ros2_gazebo/ros2_ws2/install/my_agv2/share/my_agv2/local_setup.sh
[9.048s] -- Installing: /home/changye/Ros2_gazebo/ros2_ws2/install/my_agv2/share/my_agv2/local_setup.zsh
[9.049s] -- Installing: /home/changye/Ros2_gazebo/ros2_ws2/install/my_agv2/share/my_agv2/local_setup.dsv
[9.049s] -- Installing: /home/changye/Ros2_gazebo/ros2_ws2/install/my_agv2/share/my_agv2/package.dsv
[9.049s] -- Installing: /home/changye/Ros2_gazebo/ros2_ws2/install/my_agv2/share/ament_index/resource_index/packages/my_agv2
[9.049s] -- Installing: /home/changye/Ros2_gazebo/ros2_ws2/install/my_agv2/share/my_agv2/cmake/my_agv2Config.cmake
[9.049s] -- Installing: /home/changye/Ros2_gazebo/ros2_ws2/install/my_agv2/share/my_agv2/cmake/my_agv2Config-version.cmake
[9.049s] -- Installing: /home/changye/Ros2_gazebo/ros2_ws2/install/my_agv2/share/my_agv2/package.xml
[9.050s] Invoked command in '/home/changye/Ros2_gazebo/ros2_ws2/build/my_agv2' returned '0': AMENT_PREFIX_PATH=/home/changye/Ros2_gazebo/ros2_ws2/install/ros2_controllers:/home/changye/Ros2_gazebo/ros2_ws2/install/velocity_controllers:/home/changye/Ros2_gazebo/ros2_ws2/install/tricycle_steering_controller:/home/changye/Ros2_gazebo/ros2_ws2/install/ros2_control:/home/changye/Ros2_gazebo/ros2_ws2/install/position_controllers:/home/changye/Ros2_gazebo/ros2_ws2/install/effort_controllers:/home/changye/Ros2_gazebo/ros2_ws2/install/bicycle_steering_controller:/home/changye/Ros2_gazebo/ros2_ws2/install/admittance_controller:/home/changye/Ros2_gazebo/ros2_ws2/install/ackermann_steering_controller:/home/changye/Ros2_gazebo/ros2_ws2/install/tricycle_controller:/home/changye/Ros2_gazebo/ros2_ws2/install/steering_controllers_library:/home/changye/Ros2_gazebo/ros2_ws2/install/ros2controlcli:/home/changye/Ros2_gazebo/ros2_ws2/install/range_sensor_broadcaster:/home/changye/Ros2_gazebo/ros2_ws2/install/joint_trajectory_controller:/home/changye/Ros2_gazebo/ros2_ws2/install/joint_state_broadcaster:/home/changye/Ros2_gazebo/ros2_ws2/install/imu_sensor_broadcaster:/home/changye/Ros2_gazebo/ros2_ws2/install/gazebo_ros2_control:/home/changye/Ros2_gazebo/ros2_ws2/install/forward_command_controller:/home/changye/Ros2_gazebo/ros2_ws2/install/force_torque_sensor_broadcaster:/home/changye/Ros2_gazebo/ros2_ws2/install/diff_drive_controller:/home/changye/Ros2_gazebo/ros2_ws2/install/controller_manager:/home/changye/Ros2_gazebo/ros2_ws2/install/transmission_interface:/home/changye/Ros2_gazebo/ros2_ws2/install/hardware_interface_testing:/home/changye/Ros2_gazebo/ros2_ws2/install/controller_interface:/home/changye/Ros2_gazebo/ros2_ws2/install/kinematics_interface_kdl:/home/changye/Ros2_gazebo/ros2_ws2/install/hardware_interface:/home/changye/Ros2_gazebo/ros2_ws2/install/control_toolbox:/home/changye/Ros2_gazebo/ros2_ws2/install/ros2_control_test_assets:/home/changye/Ros2_gazebo/ros2_ws2/install/kinematics_interface:/home/changye/Ros2_gazebo/ros2_ws2/install/joint_limits:/home/changye/Ros2_gazebo/ros2_ws2/install/controller_manager_msgs:/home/changye/Ros2_gazebo/ros2_ws2/install/control_msgs:${AMENT_PREFIX_PATH} CMAKE_PREFIX_PATH=/home/changye/Ros2_gazebo/ros2_ws2/install/ros2_controllers:/home/changye/Ros2_gazebo/ros2_ws2/install/velocity_controllers:/home/changye/Ros2_gazebo/ros2_ws2/install/tricycle_steering_controller:/home/changye/Ros2_gazebo/ros2_ws2/install/ros2_control:/home/changye/Ros2_gazebo/ros2_ws2/install/position_controllers:/home/changye/Ros2_gazebo/ros2_ws2/install/effort_controllers:/home/changye/Ros2_gazebo/ros2_ws2/install/bicycle_steering_controller:/home/changye/Ros2_gazebo/ros2_ws2/install/admittance_controller:/home/changye/Ros2_gazebo/ros2_ws2/install/ackermann_steering_controller:/home/changye/Ros2_gazebo/ros2_ws2/install/tricycle_controller:/home/changye/Ros2_gazebo/ros2_ws2/install/steering_controllers_library:/home/changye/Ros2_gazebo/ros2_ws2/install/range_sensor_broadcaster:/home/changye/Ros2_gazebo/ros2_ws2/install/joint_trajectory_controller:/home/changye/Ros2_gazebo/ros2_ws2/install/joint_state_broadcaster:/home/changye/Ros2_gazebo/ros2_ws2/install/imu_sensor_broadcaster:/home/changye/Ros2_gazebo/ros2_ws2/install/gazebo_ros2_control:/home/changye/Ros2_gazebo/ros2_ws2/install/forward_command_controller:/home/changye/Ros2_gazebo/ros2_ws2/install/force_torque_sensor_broadcaster:/home/changye/Ros2_gazebo/ros2_ws2/install/diff_drive_controller:/home/changye/Ros2_gazebo/ros2_ws2/install/controller_manager:/home/changye/Ros2_gazebo/ros2_ws2/install/transmission_interface:/home/changye/Ros2_gazebo/ros2_ws2/install/hardware_interface_testing:/home/changye/Ros2_gazebo/ros2_ws2/install/controller_interface:/home/changye/Ros2_gazebo/ros2_ws2/install/kinematics_interface_kdl:/home/changye/Ros2_gazebo/ros2_ws2/install/hardware_interface:/home/changye/Ros2_gazebo/ros2_ws2/install/control_toolbox:/home/changye/Ros2_gazebo/ros2_ws2/install/ros2_control_test_assets:/home/changye/Ros2_gazebo/ros2_ws2/install/kinematics_interface:/home/changye/Ros2_gazebo/ros2_ws2/install/joint_limits:/home/changye/Ros2_gazebo/ros2_ws2/install/controller_manager_msgs:/home/changye/Ros2_gazebo/ros2_ws2/install/control_msgs:/opt/ros/humble LD_LIBRARY_PATH=/home/changye/Ros2_gazebo/ros2_ws2/install/velocity_controllers/lib:/home/changye/Ros2_gazebo/ros2_ws2/install/tricycle_steering_controller/lib:/home/changye/Ros2_gazebo/ros2_ws2/install/position_controllers/lib:/home/changye/Ros2_gazebo/ros2_ws2/install/effort_controllers/lib:/home/changye/Ros2_gazebo/ros2_ws2/install/bicycle_steering_controller/lib:/home/changye/Ros2_gazebo/ros2_ws2/install/admittance_controller/lib:/home/changye/Ros2_gazebo/ros2_ws2/install/ackermann_steering_controller/lib:/home/changye/Ros2_gazebo/ros2_ws2/install/tricycle_controller/lib:/home/changye/Ros2_gazebo/ros2_ws2/install/steering_controllers_library/lib:/home/changye/Ros2_gazebo/ros2_ws2/install/range_sensor_broadcaster/lib:/home/changye/Ros2_gazebo/ros2_ws2/install/joint_trajectory_controller/lib:/home/changye/Ros2_gazebo/ros2_ws2/install/joint_state_broadcaster/lib:/home/changye/Ros2_gazebo/ros2_ws2/install/imu_sensor_broadcaster/lib:/home/changye/Ros2_gazebo/ros2_ws2/install/gazebo_ros2_control/lib:/home/changye/Ros2_gazebo/ros2_ws2/install/forward_command_controller/lib:/home/changye/Ros2_gazebo/ros2_ws2/install/force_torque_sensor_broadcaster/lib:/home/changye/Ros2_gazebo/ros2_ws2/install/diff_drive_controller/lib:/home/changye/Ros2_gazebo/ros2_ws2/install/controller_manager/lib:/home/changye/Ros2_gazebo/ros2_ws2/install/transmission_interface/lib:/home/changye/Ros2_gazebo/ros2_ws2/install/hardware_interface_testing/lib:/home/changye/Ros2_gazebo/ros2_ws2/install/controller_interface/lib:/home/changye/Ros2_gazebo/ros2_ws2/install/kinematics_interface_kdl/lib:/home/changye/Ros2_gazebo/ros2_ws2/install/hardware_interface/lib:/home/changye/Ros2_gazebo/ros2_ws2/install/control_toolbox/lib:/home/changye/Ros2_gazebo/ros2_ws2/install/kinematics_interface/lib:/home/changye/Ros2_gazebo/ros2_ws2/install/joint_limits/lib:/home/changye/Ros2_gazebo/ros2_ws2/install/controller_manager_msgs/lib:/home/changye/Ros2_gazebo/ros2_ws2/install/control_msgs/lib:/usr/lib/x86_64-linux-gnu/gazebo-11/plugins:/opt/ros/humble/lib/x86_64-linux-gnu:/opt/ros/humble/lib:/usr/lib/x86_64-linux-gnu/gazebo-11/plugins:/usr/share/gazebo-11/../../lib/x86_64-linux-gnu/gazebo-11/plugins:/usr/lib/x86_64-linux-gnu/gazebo-11/plugins PYTHONPATH=/home/changye/Ros2_gazebo/ros2_ws2/install/ros2controlcli/lib/python3.10/site-packages:/home/changye/Ros2_gazebo/ros2_ws2/install/controller_manager/local/lib/python3.10/dist-packages:/home/changye/Ros2_gazebo/ros2_ws2/install/controller_manager_msgs/local/lib/python3.10/dist-packages:/home/changye/Ros2_gazebo/ros2_ws2/install/control_msgs/local/lib/python3.10/dist-packages:${PYTHONPATH} /usr/bin/cmake --install /home/changye/Ros2_gazebo/ros2_ws2/build/my_agv2
