[1.048s] Invoking command in '/home/changye/Ros2_gazebo/ros2_ws2/src/agv_control_pkg': PYTHONPATH=/home/changye/Ros2_gazebo/ros2_ws2/build/agv_control_pkg/prefix_override:/usr/lib/python3/dist-packages/colcon_core/task/python/colcon_distutils_commands:/home/changye/Ros2_gazebo/ros2_ws2/install/agv_control_pkg/lib/python3.10/site-packages:${PYTHONPATH} /usr/bin/python3 -W ignore:setup.py install is deprecated -W ignore:easy_install command is deprecated setup.py egg_info --egg-base ../../build/agv_control_pkg build --build-base /home/changye/Ros2_gazebo/ros2_ws2/build/agv_control_pkg/build install --record /home/changye/Ros2_gazebo/ros2_ws2/build/agv_control_pkg/install.log --single-version-externally-managed install_data
[1.319s] running egg_info
[1.320s] creating ../../build/agv_control_pkg/agv_control_pkg.egg-info
[1.320s] writing ../../build/agv_control_pkg/agv_control_pkg.egg-info/PKG-INFO
[1.320s] writing dependency_links to ../../build/agv_control_pkg/agv_control_pkg.egg-info/dependency_links.txt
[1.320s] writing entry points to ../../build/agv_control_pkg/agv_control_pkg.egg-info/entry_points.txt
[1.320s] writing requirements to ../../build/agv_control_pkg/agv_control_pkg.egg-info/requires.txt
[1.321s] writing top-level names to ../../build/agv_control_pkg/agv_control_pkg.egg-info/top_level.txt
[1.321s] writing manifest file '../../build/agv_control_pkg/agv_control_pkg.egg-info/SOURCES.txt'
[1.323s] reading manifest file '../../build/agv_control_pkg/agv_control_pkg.egg-info/SOURCES.txt'
[1.323s] writing manifest file '../../build/agv_control_pkg/agv_control_pkg.egg-info/SOURCES.txt'
[1.323s] running build
[1.323s] running build_py
[1.324s] creating /home/changye/Ros2_gazebo/ros2_ws2/build/agv_control_pkg/build
[1.324s] creating /home/changye/Ros2_gazebo/ros2_ws2/build/agv_control_pkg/build/lib
[1.324s] creating /home/changye/Ros2_gazebo/ros2_ws2/build/agv_control_pkg/build/lib/agv_control_pkg
[1.324s] copying agv_control_pkg/tag_detection_node_old.py -> /home/changye/Ros2_gazebo/ros2_ws2/build/agv_control_pkg/build/lib/agv_control_pkg
[1.324s] copying agv_control_pkg/test_camera.py -> /home/changye/Ros2_gazebo/ros2_ws2/build/agv_control_pkg/build/lib/agv_control_pkg
[1.324s] copying agv_control_pkg/april_tag_detection.py -> /home/changye/Ros2_gazebo/ros2_ws2/build/agv_control_pkg/build/lib/agv_control_pkg
[1.324s] copying agv_control_pkg/agv_controller2.py -> /home/changye/Ros2_gazebo/ros2_ws2/build/agv_control_pkg/build/lib/agv_control_pkg
[1.324s] copying agv_control_pkg/__init__.py -> /home/changye/Ros2_gazebo/ros2_ws2/build/agv_control_pkg/build/lib/agv_control_pkg
[1.325s] copying agv_control_pkg/tf_broadcaster_node.py -> /home/changye/Ros2_gazebo/ros2_ws2/build/agv_control_pkg/build/lib/agv_control_pkg
[1.325s] copying agv_control_pkg/line_detection_test.py -> /home/changye/Ros2_gazebo/ros2_ws2/build/agv_control_pkg/build/lib/agv_control_pkg
[1.325s] copying agv_control_pkg/agv_controller.py -> /home/changye/Ros2_gazebo/ros2_ws2/build/agv_control_pkg/build/lib/agv_control_pkg
[1.325s] copying agv_control_pkg/line_detection_node.py -> /home/changye/Ros2_gazebo/ros2_ws2/build/agv_control_pkg/build/lib/agv_control_pkg
[1.325s] copying agv_control_pkg/tag_detection_node.py -> /home/changye/Ros2_gazebo/ros2_ws2/build/agv_control_pkg/build/lib/agv_control_pkg
[1.325s] copying agv_control_pkg/math_test.py -> /home/changye/Ros2_gazebo/ros2_ws2/build/agv_control_pkg/build/lib/agv_control_pkg
[1.325s] running install
[1.325s] running install_lib
[1.326s] creating /home/changye/Ros2_gazebo/ros2_ws2/install/agv_control_pkg/lib/python3.10/site-packages/agv_control_pkg
[1.326s] copying /home/changye/Ros2_gazebo/ros2_ws2/build/agv_control_pkg/build/lib/agv_control_pkg/tag_detection_node_old.py -> /home/changye/Ros2_gazebo/ros2_ws2/install/agv_control_pkg/lib/python3.10/site-packages/agv_control_pkg
[1.326s] copying /home/changye/Ros2_gazebo/ros2_ws2/build/agv_control_pkg/build/lib/agv_control_pkg/test_camera.py -> /home/changye/Ros2_gazebo/ros2_ws2/install/agv_control_pkg/lib/python3.10/site-packages/agv_control_pkg
[1.326s] copying /home/changye/Ros2_gazebo/ros2_ws2/build/agv_control_pkg/build/lib/agv_control_pkg/april_tag_detection.py -> /home/changye/Ros2_gazebo/ros2_ws2/install/agv_control_pkg/lib/python3.10/site-packages/agv_control_pkg
[1.326s] copying /home/changye/Ros2_gazebo/ros2_ws2/build/agv_control_pkg/build/lib/agv_control_pkg/agv_controller2.py -> /home/changye/Ros2_gazebo/ros2_ws2/install/agv_control_pkg/lib/python3.10/site-packages/agv_control_pkg
[1.327s] copying /home/changye/Ros2_gazebo/ros2_ws2/build/agv_control_pkg/build/lib/agv_control_pkg/__init__.py -> /home/changye/Ros2_gazebo/ros2_ws2/install/agv_control_pkg/lib/python3.10/site-packages/agv_control_pkg
[1.327s] copying /home/changye/Ros2_gazebo/ros2_ws2/build/agv_control_pkg/build/lib/agv_control_pkg/tf_broadcaster_node.py -> /home/changye/Ros2_gazebo/ros2_ws2/install/agv_control_pkg/lib/python3.10/site-packages/agv_control_pkg
[1.327s] copying /home/changye/Ros2_gazebo/ros2_ws2/build/agv_control_pkg/build/lib/agv_control_pkg/line_detection_test.py -> /home/changye/Ros2_gazebo/ros2_ws2/install/agv_control_pkg/lib/python3.10/site-packages/agv_control_pkg
[1.327s] copying /home/changye/Ros2_gazebo/ros2_ws2/build/agv_control_pkg/build/lib/agv_control_pkg/agv_controller.py -> /home/changye/Ros2_gazebo/ros2_ws2/install/agv_control_pkg/lib/python3.10/site-packages/agv_control_pkg
[1.327s] copying /home/changye/Ros2_gazebo/ros2_ws2/build/agv_control_pkg/build/lib/agv_control_pkg/line_detection_node.py -> /home/changye/Ros2_gazebo/ros2_ws2/install/agv_control_pkg/lib/python3.10/site-packages/agv_control_pkg
[1.327s] copying /home/changye/Ros2_gazebo/ros2_ws2/build/agv_control_pkg/build/lib/agv_control_pkg/tag_detection_node.py -> /home/changye/Ros2_gazebo/ros2_ws2/install/agv_control_pkg/lib/python3.10/site-packages/agv_control_pkg
[1.327s] copying /home/changye/Ros2_gazebo/ros2_ws2/build/agv_control_pkg/build/lib/agv_control_pkg/math_test.py -> /home/changye/Ros2_gazebo/ros2_ws2/install/agv_control_pkg/lib/python3.10/site-packages/agv_control_pkg
[1.327s] byte-compiling /home/changye/Ros2_gazebo/ros2_ws2/install/agv_control_pkg/lib/python3.10/site-packages/agv_control_pkg/tag_detection_node_old.py to tag_detection_node_old.cpython-310.pyc
[1.328s] byte-compiling /home/changye/Ros2_gazebo/ros2_ws2/install/agv_control_pkg/lib/python3.10/site-packages/agv_control_pkg/test_camera.py to test_camera.cpython-310.pyc
[1.329s] byte-compiling /home/changye/Ros2_gazebo/ros2_ws2/install/agv_control_pkg/lib/python3.10/site-packages/agv_control_pkg/april_tag_detection.py to april_tag_detection.cpython-310.pyc
[1.329s] byte-compiling /home/changye/Ros2_gazebo/ros2_ws2/install/agv_control_pkg/lib/python3.10/site-packages/agv_control_pkg/agv_controller2.py to agv_controller2.cpython-310.pyc
[1.330s] byte-compiling /home/changye/Ros2_gazebo/ros2_ws2/install/agv_control_pkg/lib/python3.10/site-packages/agv_control_pkg/__init__.py to __init__.cpython-310.pyc
[1.330s] byte-compiling /home/changye/Ros2_gazebo/ros2_ws2/install/agv_control_pkg/lib/python3.10/site-packages/agv_control_pkg/tf_broadcaster_node.py to tf_broadcaster_node.cpython-310.pyc
[1.331s] byte-compiling /home/changye/Ros2_gazebo/ros2_ws2/install/agv_control_pkg/lib/python3.10/site-packages/agv_control_pkg/line_detection_test.py to line_detection_test.cpython-310.pyc
[1.331s] byte-compiling /home/changye/Ros2_gazebo/ros2_ws2/install/agv_control_pkg/lib/python3.10/site-packages/agv_control_pkg/agv_controller.py to agv_controller.cpython-310.pyc
[1.332s] byte-compiling /home/changye/Ros2_gazebo/ros2_ws2/install/agv_control_pkg/lib/python3.10/site-packages/agv_control_pkg/line_detection_node.py to line_detection_node.cpython-310.pyc
[1.333s] byte-compiling /home/changye/Ros2_gazebo/ros2_ws2/install/agv_control_pkg/lib/python3.10/site-packages/agv_control_pkg/tag_detection_node.py to tag_detection_node.cpython-310.pyc
[1.335s] byte-compiling /home/changye/Ros2_gazebo/ros2_ws2/install/agv_control_pkg/lib/python3.10/site-packages/agv_control_pkg/math_test.py to math_test.cpython-310.pyc
[1.335s] running install_data
[1.335s] creating /home/changye/Ros2_gazebo/ros2_ws2/install/agv_control_pkg/share/ament_index
[1.335s] creating /home/changye/Ros2_gazebo/ros2_ws2/install/agv_control_pkg/share/ament_index/resource_index
[1.335s] creating /home/changye/Ros2_gazebo/ros2_ws2/install/agv_control_pkg/share/ament_index/resource_index/packages
[1.336s] copying resource/agv_control_pkg -> /home/changye/Ros2_gazebo/ros2_ws2/install/agv_control_pkg/share/ament_index/resource_index/packages
[1.336s] copying package.xml -> /home/changye/Ros2_gazebo/ros2_ws2/install/agv_control_pkg/share/agv_control_pkg
[1.336s] running install_egg_info
[1.337s] Copying ../../build/agv_control_pkg/agv_control_pkg.egg-info to /home/changye/Ros2_gazebo/ros2_ws2/install/agv_control_pkg/lib/python3.10/site-packages/agv_control_pkg-0.0.0-py3.10.egg-info
[1.338s] running install_scripts
[1.355s] Installing agv_controller script to /home/changye/Ros2_gazebo/ros2_ws2/install/agv_control_pkg/lib/agv_control_pkg
[1.355s] Installing line_detection script to /home/changye/Ros2_gazebo/ros2_ws2/install/agv_control_pkg/lib/agv_control_pkg
[1.355s] Installing tag_detection script to /home/changye/Ros2_gazebo/ros2_ws2/install/agv_control_pkg/lib/agv_control_pkg
[1.355s] Installing tag_detection_old script to /home/changye/Ros2_gazebo/ros2_ws2/install/agv_control_pkg/lib/agv_control_pkg
[1.355s] Installing tf_broadcaster script to /home/changye/Ros2_gazebo/ros2_ws2/install/agv_control_pkg/lib/agv_control_pkg
[1.356s] writing list of installed files to '/home/changye/Ros2_gazebo/ros2_ws2/build/agv_control_pkg/install.log'
[1.380s] Invoked command in '/home/changye/Ros2_gazebo/ros2_ws2/src/agv_control_pkg' returned '0': PYTHONPATH=/home/changye/Ros2_gazebo/ros2_ws2/build/agv_control_pkg/prefix_override:/usr/lib/python3/dist-packages/colcon_core/task/python/colcon_distutils_commands:/home/changye/Ros2_gazebo/ros2_ws2/install/agv_control_pkg/lib/python3.10/site-packages:${PYTHONPATH} /usr/bin/python3 -W ignore:setup.py install is deprecated -W ignore:easy_install command is deprecated setup.py egg_info --egg-base ../../build/agv_control_pkg build --build-base /home/changye/Ros2_gazebo/ros2_ws2/build/agv_control_pkg/build install --record /home/changye/Ros2_gazebo/ros2_ws2/build/agv_control_pkg/install.log --single-version-externally-managed install_data
