In file included from [01m[K/home/changye/Ros2_gazebo/ros2_ws2/src/ros-controls/ros2_controllers/forward_command_controller/include/forward_command_controller/forward_controllers_base.hpp:27[m[K,
                 from [01m[K/home/changye/Ros2_gazebo/ros2_ws2/src/ros-controls/ros2_controllers/forward_command_controller/include/forward_command_controller/multi_interface_forward_command_controller.hpp:22[m[K,
                 from [01m[K/home/changye/Ros2_gazebo/ros2_ws2/src/ros-controls/ros2_controllers/forward_command_controller/src/multi_interface_forward_command_controller.cpp:15[m[K:
[01m[K/opt/ros/humble/include/realtime_tools/realtime_tools/realtime_buffer.h:22:100:[m[K [01;36m[Knote: [m[K‘[01m[K#pragma message: This header include is deprecated. Please update your code to use 'realtime_buffer.hpp' header.[m[K’
   22 |   "This header include is deprecated. Please update your code to use 'realtime_buffer.hpp' header."[01;36m[K)[m[K  //NOLINT
      |                                                                                                    [01;36m[K^[m[K
In file included from [01m[K/home/changye/Ros2_gazebo/ros2_ws2/src/ros-controls/ros2_controllers/forward_command_controller/include/forward_command_controller/forward_controllers_base.hpp:27[m[K,
                 from [01m[K/home/changye/Ros2_gazebo/ros2_ws2/src/ros-controls/ros2_controllers/forward_command_controller/include/forward_command_controller/forward_command_controller.hpp:22[m[K,
                 from [01m[K/home/changye/Ros2_gazebo/ros2_ws2/src/ros-controls/ros2_controllers/forward_command_controller/src/forward_command_controller.cpp:15[m[K:
[01m[K/opt/ros/humble/include/realtime_tools/realtime_tools/realtime_buffer.h:22:100:[m[K [01;36m[Knote: [m[K‘[01m[K#pragma message: This header include is deprecated. Please update your code to use 'realtime_buffer.hpp' header.[m[K’
   22 |   "This header include is deprecated. Please update your code to use 'realtime_buffer.hpp' header."[01;36m[K)[m[K  //NOLINT
      |                                                                                                    [01;36m[K^[m[K
In file included from [01m[K/home/changye/Ros2_gazebo/ros2_ws2/src/ros-controls/ros2_controllers/forward_command_controller/include/forward_command_controller/forward_controllers_base.hpp:27[m[K,
                 from [01m[K/home/changye/Ros2_gazebo/ros2_ws2/src/ros-controls/ros2_controllers/forward_command_controller/src/forward_controllers_base.cpp:15[m[K:
[01m[K/opt/ros/humble/include/realtime_tools/realtime_tools/realtime_buffer.h:22:100:[m[K [01;36m[Knote: [m[K‘[01m[K#pragma message: This header include is deprecated. Please update your code to use 'realtime_buffer.hpp' header.[m[K’
   22 | header include is deprecated. Please update your code to use 'realtime_buffer.hpp' header."[01;36m[K)[m[K  //NOLINT
      |                                                                                            [01;36m[K^[m[K

In file included from [01m[K/home/changye/Ros2_gazebo/ros2_ws2/src/ros-controls/ros2_controllers/forward_command_controller/include/forward_command_controller/forward_controllers_base.hpp:27[m[K,
                 from [01m[K/home/changye/Ros2_gazebo/ros2_ws2/src/ros-controls/ros2_controllers/forward_command_controller/include/forward_command_controller/multi_interface_forward_command_controller.hpp:22[m[K,
                 from [01m[K/home/changye/Ros2_gazebo/ros2_ws2/src/ros-controls/ros2_controllers/forward_command_controller/test/test_multi_interface_forward_command_controller.hpp:26[m[K,
                 from [01m[K/home/changye/Ros2_gazebo/ros2_ws2/src/ros-controls/ros2_controllers/forward_command_controller/test/test_multi_interface_forward_command_controller.cpp:25[m[K:
[01m[K/opt/ros/humble/include/realtime_tools/realtime_tools/realtime_buffer.h:22:100:[m[K [01;36m[Knote: [m[K‘[01m[K#pragma message: This header include is deprecated. Please update your code to use 'realtime_buffer.hpp' header.[m[K’
   22 |   "This header include is deprecated. Please update your code to use 'realtime_buffer.hpp' header."[01;36m[K)[m[K  //NOLINT
      |                                                                                                    [01;36m[K^[m[K
In file included from [01m[K/home/changye/Ros2_gazebo/ros2_ws2/src/ros-controls/ros2_controllers/forward_command_controller/include/forward_command_controller/forward_controllers_base.hpp:27[m[K,
                 from [01m[K/home/changye/Ros2_gazebo/ros2_ws2/src/ros-controls/ros2_controllers/forward_command_controller/include/forward_command_controller/forward_command_controller.hpp:22[m[K,
                 from [01m[K/home/changye/Ros2_gazebo/ros2_ws2/src/ros-controls/ros2_controllers/forward_command_controller/test/test_forward_command_controller.hpp:24[m[K,
                 from [01m[K/home/changye/Ros2_gazebo/ros2_ws2/src/ros-controls/ros2_controllers/forward_command_controller/test/test_forward_command_controller.cpp:23[m[K:
[01m[K/opt/ros/humble/include/realtime_tools/realtime_tools/realtime_buffer.h:22:100:[m[K [01;36m[Knote: [m[K‘[01m[K#pragma message: This header include is deprecated. Please update your code to use 'realtime_buffer.hpp' header.[m[K’
   22 |   "This header include is deprecated. Please update your code to use 'realtime_buffer.hpp' header."[01;36m[K)[m[K  //NOLINT
      |                                                                                                    [01;36m[K^[m[K
