In file included from [01m[K/home/changye/Ros2_gazebo/ros2_ws2/src/ros-controls/ros2_controllers/gripper_controllers/include/gripper_controllers/gripper_action_controller.hpp:40[m[K,
                 from [01m[K/home/changye/Ros2_gazebo/ros2_ws2/src/ros-controls/ros2_controllers/gripper_controllers/src/gripper_action_controller.cpp:18[m[K:
[01m[K/opt/ros/humble/include/realtime_tools/realtime_tools/realtime_buffer.h:22:100:[m[K [01;36m[Knote: [m[K‘[01m[K#pragma message: This header include is deprecated. Please update your code to use 'realtime_buffer.hpp' header.[m[K’
   22 |   "This header include is deprecated. Please update your code to use 'realtime_buffer.hpp' header."[01;36m[K)[m[K  //NOLINT
      |                                                                                                    [01;36m[K^[m[K
In file included from [01m[K/home/changye/Ros2_gazebo/ros2_ws2/src/ros-controls/ros2_controllers/gripper_controllers/include/gripper_controllers/gripper_action_controller.hpp:41[m[K,
                 from [01m[K/home/changye/Ros2_gazebo/ros2_ws2/src/ros-controls/ros2_controllers/gripper_controllers/src/gripper_action_controller.cpp:18[m[K:
[01m[K/opt/ros/humble/include/realtime_tools/realtime_tools/realtime_server_goal_handle.h:22:112:[m[K [01;36m[Knote: [m[K‘[01m[K#pragma message: This header include is deprecated. Please update your code to use 'realtime_server_goal_handle.hpp' header.[m[K’
   22 |   "This header include is deprecated. Please update your code to use 'realtime_server_goal_handle.hpp' header."[01;36m[K)[m[K  //NOLINT
      |                                                                                                                [01;36m[K^[m[K
In file included from [01m[K/home/changye/Ros2_gazebo/ros2_ws2/install/control_toolbox/include/control_toolbox/control_toolbox/pid.hpp:44[m[K,
                 from [01m[K/home/changye/Ros2_gazebo/ros2_ws2/src/ros-controls/ros2_controllers/gripper_controllers/include/gripper_controllers/hardware_interface_adapter.hpp:27[m[K,
                 from [01m[K/home/changye/Ros2_gazebo/ros2_ws2/src/ros-controls/ros2_controllers/gripper_controllers/include/gripper_controllers/gripper_action_controller.hpp:45[m[K,
                 from [01m[K/home/changye/Ros2_gazebo/ros2_ws2/src/ros-controls/ros2_controllers/gripper_controllers/src/gripper_action_controller.cpp:18[m[K:
[01m[K/opt/ros/humble/include/realtime_tools/realtime_tools/realtime_publisher.h:22:103:[m[K [01;36m[Knote: [m[K‘[01m[K#pragma message: This header include is deprecated. Please update your code to use 'realtime_publisher.hpp' header.[m[K’
   22 |   "This header include is deprecated. Please update your code to use 'realtime_publisher.hpp' header."[01;36m[K)[m[K  //NOLINT
      |                                                                                                       [01;36m[K^[m[K
In file included from [01m[K/home/changye/Ros2_gazebo/ros2_ws2/src/ros-controls/ros2_controllers/gripper_controllers/include/gripper_controllers/gripper_action_controller.hpp:40[m[K,
                 from [01m[K/home/changye/Ros2_gazebo/ros2_ws2/src/ros-controls/ros2_controllers/gripper_controllers/test/test_gripper_controllers.hpp:24[m[K,
                 from [01m[K/home/changye/Ros2_gazebo/ros2_ws2/src/ros-controls/ros2_controllers/gripper_controllers/test/test_gripper_controllers.cpp:23[m[K:
[01m[K/opt/ros/humble/include/realtime_tools/realtime_tools/realtime_buffer.h:22:100:[m[K [01;36m[Knote: [m[K‘[01m[K#pragma message: This header include is deprecated. Please update your code to use 'realtime_buffer.hpp' header.[m[K’
   22 |   "This header include is deprecated. Please update your code to use 'realtime_buffer.hpp' header."[01;36m[K)[m[K  //NOLINT
      |                                                                                                    [01;36m[K^[m[K
In file included from [01m[K/home/changye/Ros2_gazebo/ros2_ws2/src/ros-controls/ros2_controllers/gripper_controllers/include/gripper_controllers/gripper_action_controller.hpp:41[m[K,
                 from [01m[K/home/changye/Ros2_gazebo/ros2_ws2/src/ros-controls/ros2_controllers/gripper_controllers/test/test_gripper_controllers.hpp:24[m[K,
                 from [01m[K/home/changye/Ros2_gazebo/ros2_ws2/src/ros-controls/ros2_controllers/gripper_controllers/test/test_gripper_controllers.cpp:23[m[K:
[01m[K/opt/ros/humble/include/realtime_tools/realtime_tools/realtime_server_goal_handle.h:22:112:[m[K [01;36m[Knote: [m[K‘[01m[K#pragma message: This header include is deprecated. Please update your code to use 'realtime_server_goal_handle.hpp' header.[m[K’
   22 |   "This header include is deprecated. Please update your code to use 'realtime_server_goal_handle.hpp' header."[01;36m[K)[m[K  //NOLINT
      |                                                                                                                [01;36m[K^[m[K
In file included from [01m[K/home/changye/Ros2_gazebo/ros2_ws2/install/control_toolbox/include/control_toolbox/control_toolbox/pid.hpp:44[m[K,
                 from [01m[K/home/changye/Ros2_gazebo/ros2_ws2/src/ros-controls/ros2_controllers/gripper_controllers/include/gripper_controllers/hardware_interface_adapter.hpp:27[m[K,
                 from [01m[K/home/changye/Ros2_gazebo/ros2_ws2/src/ros-controls/ros2_controllers/gripper_controllers/include/gripper_controllers/gripper_action_controller.hpp:45[m[K,
                 from [01m[K/home/changye/Ros2_gazebo/ros2_ws2/src/ros-controls/ros2_controllers/gripper_controllers/test/test_gripper_controllers.hpp:24[m[K,
                 from [01m[K/home/changye/Ros2_gazebo/ros2_ws2/src/ros-controls/ros2_controllers/gripper_controllers/test/test_gripper_controllers.cpp:23[m[K:
[01m[K/opt/ros/humble/include/realtime_tools/realtime_tools/realtime_publisher.h:22:103:[m[K [01;36m[Knote: [m[K‘[01m[K#pragma message: This header include is deprecated. Please update your code to use 'realtime_publisher.hpp' header.[m[K’
   22 |   "This header include is deprecated. Please update your code to use 'realtime_publisher.hpp' header."[01;36m[K)[m[K  //NOLINT
      |                                                                                                       [01;36m[K^[m[K
