-- Found ament_cmake: 1.3.6 (/home/changye/ros2_humble/install/ament_cmake/share/ament_cmake/cmake)
-- Override CMake install command with custom implementation using symlinks instead of copying resources
-- Found rclcpp: 16.0.7 (/home/changye/ros2_humble/install/rclcpp/share/rclcpp/cmake)
-- Found rosidl_generator_c: 3.1.5 (/home/changye/ros2_humble/install/rosidl_generator_c/share/rosidl_generator_c/cmake)
-- Found rosidl_adapter: 3.1.5 (/home/changye/ros2_humble/install/rosidl_adapter/share/rosidl_adapter/cmake)
-- Found rosidl_generator_cpp: 3.1.5 (/home/changye/ros2_humble/install/rosidl_generator_cpp/share/rosidl_generator_cpp/cmake)
-- Using all available rosidl_typesupport_c: rosidl_typesupport_fastrtps_c;rosidl_typesupport_introspection_c
-- Using all available rosidl_typesupport_cpp: rosidl_typesupport_fastrtps_cpp;rosidl_typesupport_introspection_cpp
-- Found rmw_implementation_cmake: 6.1.1 (/home/changye/ros2_humble/install/rmw_implementation_cmake/share/rmw_implementation_cmake/cmake)
-- Found rmw_fastrtps_cpp: 6.2.5 (/home/changye/ros2_humble/install/rmw_fastrtps_cpp/share/rmw_fastrtps_cpp/cmake)
-- Using RMW implementation 'rmw_fastrtps_cpp' as default
-- Found rclcpp_action: 16.0.7 (/home/changye/ros2_humble/install/rclcpp_action/share/rclcpp_action/cmake)
-- Found ament_cmake_gmock: 1.3.6 (/home/changye/ros2_humble/install/ament_cmake_gmock/share/ament_cmake_gmock/cmake)
-- Found test_msgs: 1.2.1 (/home/changye/ros2_humble/install/test_msgs/share/test_msgs/cmake)
-- Found gmock sources under '/home/changye/ros2_humble/install/gmock_vendor/src/gmock_vendor': C++ tests using 'Google Mock' will be built
-- Found ament_cmake_gtest: 1.3.6 (/home/changye/ros2_humble/install/ament_cmake_gtest/share/ament_cmake_gtest/cmake)
-- Found gtest sources under '/home/changye/ros2_humble/install/gtest_vendor/src/gtest_vendor': C++ tests using 'Google Test' will be built
-- Configuring done
-- Generating done
-- Build files have been written to: /home/changye/Ros2_gazebo/ros2_ws2/build/realtime_tools
[35m[1mConsolidate compiler generated dependencies of target thread_priority[0m
[35m[1mConsolidate compiler generated dependencies of target gmock_main[0m
[35m[1mConsolidate compiler generated dependencies of target realtime_tools[0m
[  9%] Built target thread_priority
[ 19%] Built target gmock_main
[35m[1mConsolidate compiler generated dependencies of target gmock[0m
[ 33%] Built target gmock
[ 42%] Built target realtime_tools
[35m[1mConsolidate compiler generated dependencies of target realtime_publisher_tests_non_polling[0m
[35m[1mConsolidate compiler generated dependencies of target realtime_box_tests[0m
[35m[1mConsolidate compiler generated dependencies of target realtime_server_goal_handle_tests[0m
[35m[1mConsolidate compiler generated dependencies of target realtime_publisher_tests[0m
[ 52%] Built target realtime_box_tests
[35m[1mConsolidate compiler generated dependencies of target realtime_clock_tests[0m
[35m[1mConsolidate compiler generated dependencies of target realtime_buffer_tests[0m
[ 61%] Built target realtime_clock_tests
[ 71%] Built target realtime_buffer_tests
[ 90%] Built target realtime_publisher_tests
[ 90%] Built target realtime_publisher_tests_non_polling
[100%] Built target realtime_server_goal_handle_tests
