-- The C compiler identification is GNU 11.4.0
-- The CXX compiler identification is GNU 11.4.0
-- Detecting C compiler ABI info
-- Detecting C compiler ABI info - done
-- Check for working C compiler: /usr/bin/cc - skipped
-- Detecting C compile features
-- Detecting C compile features - done
-- Detecting CXX compiler ABI info
-- Detecting CXX compiler ABI info - done
-- Check for working CXX compiler: /usr/bin/c++ - skipped
-- Detecting CXX compile features
-- Detecting CXX compile features - done
-- Found ament_cmake: 1.3.6 (/home/changye/ros2_humble/install/ament_cmake/share/ament_cmake/cmake)
-- Found Python3: /usr/bin/python3.10 (found version "3.10.12") found components: Interpreter 
-- Override CMake install command with custom implementation using symlinks instead of copying resources
-- Found urdf: 2.6.0 (/home/changye/ros2_humble/install/urdf/share/urdf/cmake)
-- Found xacro: 2.0.8 (/opt/ros/humble/share/xacro/cmake)
-- Found rclpy: 3.3.11 (/home/changye/ros2_humble/install/rclpy/share/rclpy/cmake)
-- Found gazebo_ros: 3.7.0 (/opt/ros/humble/share/gazebo_ros/cmake)
-- Found rosidl_generator_c: 3.1.5 (/home/changye/ros2_humble/install/rosidl_generator_c/share/rosidl_generator_c/cmake)
-- Found rosidl_adapter: 3.1.5 (/home/changye/ros2_humble/install/rosidl_adapter/share/rosidl_adapter/cmake)
-- Found rosidl_generator_cpp: 3.1.5 (/home/changye/ros2_humble/install/rosidl_generator_cpp/share/rosidl_generator_cpp/cmake)
-- Using all available rosidl_typesupport_c: rosidl_typesupport_fastrtps_c;rosidl_typesupport_introspection_c
-- Using all available rosidl_typesupport_cpp: rosidl_typesupport_fastrtps_cpp;rosidl_typesupport_introspection_cpp
-- Found rmw_implementation_cmake: 6.1.1 (/home/changye/ros2_humble/install/rmw_implementation_cmake/share/rmw_implementation_cmake/cmake)
-- Found rmw_fastrtps_cpp: 6.2.5 (/home/changye/ros2_humble/install/rmw_fastrtps_cpp/share/rmw_fastrtps_cpp/cmake)
-- Found TinyXML2 via Config file: TinyXML2_DIR-NOTFOUND
-- Found OpenSSL: /usr/lib/x86_64-linux-gnu/libcrypto.so (found version "3.0.2")  
-- Found TinyXML2 via Config file: TinyXML2_DIR-NOTFOUND
-- Found FastRTPS: /home/changye/ros2_humble/install/fastrtps/include  
-- Found TinyXML2 via Config file: TinyXML2_DIR-NOTFOUND
-- Found TinyXML2 via Config file: TinyXML2_DIR-NOTFOUND
-- Using RMW implementation 'rmw_fastrtps_cpp' as default
-- Looking for pthread.h
-- Looking for pthread.h - found
-- Performing Test CMAKE_HAVE_LIBC_PTHREAD
-- Performing Test CMAKE_HAVE_LIBC_PTHREAD - Success
-- Found Threads: TRUE  
-- Found PkgConfig: /usr/bin/pkg-config (found version "0.29.2") 
-- Checking for module 'bullet>=2.82'
--   Found bullet, version 3.05
-- Found fcl: /usr/include (found suitable version "0.7.0", minimum required is "0.5.0") 
-- Found assimp: /usr/include (found version "5.2.0") 
-- Found DART: /usr/include (Required is at least version "6.6") found components: dart 
-- Found Boost: /usr/lib/x86_64-linux-gnu/cmake/Boost-1.74.0/BoostConfig.cmake (found suitable version "1.74.0", minimum required is "1.40.0") found components: thread system filesystem program_options regex iostreams date_time 
-- Found Protobuf: /usr/lib/x86_64-linux-gnu/libprotobuf.so (found version "3.12.4") 
-- Looking for ignition-math6 -- found version 6.15.1
-- Searching for dependencies of ignition-math6
-- Looking for OGRE...
-- OGRE_PREFIX_WATCH changed.
-- Checking for module 'OGRE'
--   Found OGRE, version 1.9.0
-- Found Ogre Ghadamon (1.9.0)
-- Found OGRE: optimized;/usr/lib/x86_64-linux-gnu/libOgreMain.so;debug;/usr/lib/x86_64-linux-gnu/libOgreMain.so
-- Looking for OGRE_Paging...
-- Found OGRE_Paging: optimized;/usr/lib/x86_64-linux-gnu/libOgrePaging.so;debug;/usr/lib/x86_64-linux-gnu/libOgrePaging.so
-- Looking for OGRE_Terrain...
-- Found OGRE_Terrain: optimized;/usr/lib/x86_64-linux-gnu/libOgreTerrain.so;debug;/usr/lib/x86_64-linux-gnu/libOgreTerrain.so
-- Looking for OGRE_Property...
-- Found OGRE_Property: optimized;/usr/lib/x86_64-linux-gnu/libOgreProperty.so;debug;/usr/lib/x86_64-linux-gnu/libOgreProperty.so
-- Looking for OGRE_RTShaderSystem...
-- Found OGRE_RTShaderSystem: optimized;/usr/lib/x86_64-linux-gnu/libOgreRTShaderSystem.so;debug;/usr/lib/x86_64-linux-gnu/libOgreRTShaderSystem.so
-- Looking for OGRE_Volume...
-- Found OGRE_Volume: optimized;/usr/lib/x86_64-linux-gnu/libOgreVolume.so;debug;/usr/lib/x86_64-linux-gnu/libOgreVolume.so
-- Looking for OGRE_Overlay...
-- Found OGRE_Overlay: optimized;/usr/lib/x86_64-linux-gnu/libOgreOverlay.so;debug;/usr/lib/x86_64-linux-gnu/libOgreOverlay.so
-- Looking for ignition-math6 -- found version 6.15.1
-- Looking for ignition-transport8 -- found version 8.2.1
-- Searching for dependencies of ignition-transport8
-- Found Protobuf: /usr/lib/x86_64-linux-gnu/libprotobuf.so (found suitable version "3.12.4", minimum required is "3") 
-- Config-file not installed for ZeroMQ -- checking for pkg-config
-- Checking for module 'libzmq >= 4'
--   Found libzmq , version 4.3.4
-- Found ZeroMQ: TRUE (Required is at least version "4") 
-- Checking for module 'uuid'
--   Found uuid, version 2.37.2
-- Found UUID: TRUE  
-- Looking for ignition-msgs5 -- found version 5.8.1
-- Searching for dependencies of ignition-msgs5
-- Looking for ignition-math6 -- found version 6.15.1
-- Checking for module 'tinyxml2'
--   Found tinyxml2, version 9.0.0
-- Looking for ignition-msgs5 -- found version 5.8.1
-- Looking for ignition-common3 -- found version 3.14.0
-- Searching for dependencies of ignition-common3
-- Looking for dlfcn.h - found
-- Looking for libdl - found
-- Found DL: TRUE  
-- Found tinyobjloader: /usr/lib/x86_64-linux-gnu/cmake/tinyobjloader/tinyobjloader-config.cmake (found version "2.0.0") 
-- Searching for <ignition-common3> component [graphics]
-- Looking for ignition-common3-graphics -- found version 3.14.0
-- Searching for dependencies of ignition-common3-graphics
-- Looking for ignition-math6 -- found version 6.15.1
-- Looking for ignition-fuel_tools4 -- found version 4.4.0
-- Searching for dependencies of ignition-fuel_tools4
-- Found CURL: /usr/lib/x86_64-linux-gnu/libcurl.so (found version "7.81.0")  
-- Checking for module 'jsoncpp'
--   Found jsoncpp, version 1.9.5
-- Found JSONCPP: TRUE  
-- Checking for module 'libzip'
--   Found libzip, version 1.7.3
-- Found ZIP: TRUE  
-- Looking for ignition-common3 -- found version 3.14.0
-- Looking for ignition-math6 -- found version 6.15.1
-- Looking for ignition-msgs5 -- found version 5.8.1
-- Gazebo version: 11.10
-- Checking for module 'tbb'
--   Found tbb, version 2021.5.0
-- Found control_msgs: 4.6.0 (/opt/ros/humble/share/control_msgs/cmake)
-- Found rclcpp_action: 16.0.7 (/home/changye/ros2_humble/install/rclcpp_action/share/rclcpp_action/cmake)
-- Found ament_lint_auto: 0.12.9 (/home/changye/ros2_humble/install/ament_lint_auto/share/ament_lint_auto/cmake)
-- Found ament_cmake_gtest: 1.3.6 (/home/changye/ros2_humble/install/ament_cmake_gtest/share/ament_cmake_gtest/cmake)
-- Added test 'cppcheck' to perform static code analysis on C / C++ code
-- Configured cppcheck include dirs: 
-- Configured cppcheck exclude dirs and/or files: 
-- Added test 'flake8' to check Python code syntax and style conventions
-- Added test 'lint_cmake' to check CMake code style
-- Added test 'pep257' to check Python code against some of the docstring style conventions in PEP 257
-- Added test 'uncrustify' to check C / C++ code style
-- Configured uncrustify additional arguments: 
-- Added test 'xmllint' to check XML markup files
-- Configuring done
-- Generating done
-- Build files have been written to: /home/changye/Ros2_gazebo/ros2_ws2/build/my_agv2
[ 50%] [32mBuilding CXX object CMakeFiles/example_position.dir/examples/example_position.cpp.o[0m
[ 50%] [32mBuilding CXX object CMakeFiles/agv_unload.dir/examples/agv_unload.cpp.o[0m
[ 50%] [32mBuilding CXX object CMakeFiles/example_velocity.dir/examples/example_velocity.cpp.o[0m
[ 50%] [32mBuilding CXX object CMakeFiles/agv_lift.dir/examples/agv_lift.cpp.o[0m
[ 62%] [32m[1mLinking CXX executable example_velocity[0m
[ 75%] [32m[1mLinking CXX executable agv_unload[0m
[ 87%] [32m[1mLinking CXX executable agv_lift[0m
[100%] [32m[1mLinking CXX executable example_position[0m
[100%] Built target example_velocity
[100%] Built target agv_unload
[100%] Built target agv_lift
[100%] Built target example_position
-- Install configuration: ""
-- Execute custom install script
-- Symlinking: /home/changye/Ros2_gazebo/ros2_ws2/install/my_agv2/share/my_agv2/launch/agv5_demo.launch.py
-- Symlinking: /home/changye/Ros2_gazebo/ros2_ws2/install/my_agv2/share/my_agv2/launch/agv_trac_pos.launch.py
-- Symlinking: /home/changye/Ros2_gazebo/ros2_ws2/install/my_agv2/share/my_agv2/launch/agv_velocity.launch.py
-- Symlinking: /home/changye/Ros2_gazebo/ros2_ws2/install/my_agv2/share/my_agv2/launch/agv_world.launch.py
-- Symlinking: /home/changye/Ros2_gazebo/ros2_ws2/install/my_agv2/share/my_agv2/config/agv5_controller.yaml
-- Symlinking: /home/changye/Ros2_gazebo/ros2_ws2/install/my_agv2/share/my_agv2/config/agv_controller_trac_pos.yaml
-- Symlinking: /home/changye/Ros2_gazebo/ros2_ws2/install/my_agv2/share/my_agv2/config/agv_controller_velocity.yaml
-- Symlinking: /home/changye/Ros2_gazebo/ros2_ws2/install/my_agv2/share/my_agv2/config/controller_configuration.yaml
-- Symlinking: /home/changye/Ros2_gazebo/ros2_ws2/install/my_agv2/share/my_agv2/urdf/AGV3_single.csv
-- Symlinking: /home/changye/Ros2_gazebo/ros2_ws2/install/my_agv2/share/my_agv2/urdf/AGV3_single.xacro.urdf
-- Symlinking: /home/changye/Ros2_gazebo/ros2_ws2/install/my_agv2/share/my_agv2/urdf/AGV3_single_trac_pos.xacro.urdf
-- Symlinking: /home/changye/Ros2_gazebo/ros2_ws2/install/my_agv2/share/my_agv2/urdf/AGV3_single_vel.xacro.urdf
-- Symlinking: /home/changye/Ros2_gazebo/ros2_ws2/install/my_agv2/share/my_agv2/urdf/AGV5.xacro (copy).urdf
-- Symlinking: /home/changye/Ros2_gazebo/ros2_ws2/install/my_agv2/share/my_agv2/urdf/AGV5.xacro.urdf
-- Symlinking: /home/changye/Ros2_gazebo/ros2_ws2/install/my_agv2/share/my_agv2/urdf/AGV6.xacro (copy).urdf
-- Symlinking: /home/changye/Ros2_gazebo/ros2_ws2/install/my_agv2/share/my_agv2/urdf/AGV6.xacro.urdf
-- Symlinking: /home/changye/Ros2_gazebo/ros2_ws2/install/my_agv2/share/my_agv2/urdf/shelf_final.xacro.urdf
-- Symlinking: /home/changye/Ros2_gazebo/ros2_ws2/install/my_agv2/share/my_agv2/examples/agv_lift.cpp
-- Symlinking: /home/changye/Ros2_gazebo/ros2_ws2/install/my_agv2/share/my_agv2/examples/agv_unload.cpp
-- Symlinking: /home/changye/Ros2_gazebo/ros2_ws2/install/my_agv2/share/my_agv2/examples/example_position.cpp
-- Symlinking: /home/changye/Ros2_gazebo/ros2_ws2/install/my_agv2/share/my_agv2/examples/example_velocity.cpp
-- Symlinking: /home/changye/Ros2_gazebo/ros2_ws2/install/my_agv2/share/my_agv2/world/test (copy).world
-- Symlinking: /home/changye/Ros2_gazebo/ros2_ws2/install/my_agv2/share/my_agv2/world/test.world
-- Symlinking: /home/changye/Ros2_gazebo/ros2_ws2/install/my_agv2/share/my_agv2/world/test_1.world
-- Symlinking: /home/changye/Ros2_gazebo/ros2_ws2/install/my_agv2/share/my_agv2/rviz/show_camera.rviz
-- Symlinking: /home/changye/Ros2_gazebo/ros2_ws2/install/my_agv2/lib/my_agv2/example_position
-- Symlinking: /home/changye/Ros2_gazebo/ros2_ws2/install/my_agv2/lib/my_agv2/example_velocity
-- Symlinking: /home/changye/Ros2_gazebo/ros2_ws2/install/my_agv2/lib/my_agv2/agv_lift
-- Symlinking: /home/changye/Ros2_gazebo/ros2_ws2/install/my_agv2/lib/my_agv2/agv_unload
-- Symlinking: /home/changye/Ros2_gazebo/ros2_ws2/install/my_agv2/share/ament_index/resource_index/package_run_dependencies/my_agv2
-- Symlinking: /home/changye/Ros2_gazebo/ros2_ws2/install/my_agv2/share/ament_index/resource_index/parent_prefix_path/my_agv2
-- Symlinking: /home/changye/Ros2_gazebo/ros2_ws2/install/my_agv2/share/my_agv2/environment/ament_prefix_path.sh
-- Symlinking: /home/changye/Ros2_gazebo/ros2_ws2/install/my_agv2/share/my_agv2/environment/ament_prefix_path.dsv
-- Symlinking: /home/changye/Ros2_gazebo/ros2_ws2/install/my_agv2/share/my_agv2/environment/path.sh
-- Symlinking: /home/changye/Ros2_gazebo/ros2_ws2/install/my_agv2/share/my_agv2/environment/path.dsv
-- Symlinking: /home/changye/Ros2_gazebo/ros2_ws2/install/my_agv2/share/my_agv2/local_setup.bash
-- Symlinking: /home/changye/Ros2_gazebo/ros2_ws2/install/my_agv2/share/my_agv2/local_setup.sh
-- Symlinking: /home/changye/Ros2_gazebo/ros2_ws2/install/my_agv2/share/my_agv2/local_setup.zsh
-- Symlinking: /home/changye/Ros2_gazebo/ros2_ws2/install/my_agv2/share/my_agv2/local_setup.dsv
-- Symlinking: /home/changye/Ros2_gazebo/ros2_ws2/install/my_agv2/share/my_agv2/package.dsv
-- Symlinking: /home/changye/Ros2_gazebo/ros2_ws2/install/my_agv2/share/ament_index/resource_index/packages/my_agv2
-- Symlinking: /home/changye/Ros2_gazebo/ros2_ws2/install/my_agv2/share/my_agv2/cmake/my_agv2Config.cmake
-- Symlinking: /home/changye/Ros2_gazebo/ros2_ws2/install/my_agv2/share/my_agv2/cmake/my_agv2Config-version.cmake
-- Symlinking: /home/changye/Ros2_gazebo/ros2_ws2/install/my_agv2/share/my_agv2/package.xml
