[0.466s] Invoking command in '/home/changye/Ros2_gazebo/ros2_ws2/build/my_agv2': CMAKE_PREFIX_PATH=${CMAKE_PREFIX_PATH}:/opt/ros/humble:/home/changye/ros2_humble/install/rqt_bag_plugins:/home/changye/ros2_humble/install/rqt_bag:/home/changye/ros2_humble/install/ros2bag:/home/changye/ros2_humble/install/tracetools_test:/home/changye/ros2_humble/install/tracetools_launch:/home/changye/ros2_humble/install/topic_monitor:/home/changye/ros2_humble/install/tf2_tools:/home/changye/ros2_humble/install/examples_tf2_py:/home/changye/ros2_humble/install/tf2_ros_py:/home/changye/ros2_humble/install/sros2:/home/changye/ros2_humble/install/rqt_topic:/home/changye/ros2_humble/install/rqt_srv:/home/changye/ros2_humble/install/rqt_shell:/home/changye/ros2_humble/install/rqt_service_caller:/home/changye/ros2_humble/install/rqt_reconfigure:/home/changye/ros2_humble/install/rqt_py_console:/home/changye/ros2_humble/install/rqt_publisher:/home/changye/ros2_humble/install/rqt_plot:/home/changye/ros2_humble/install/rqt_action:/home/changye/ros2_humble/install/rqt_msg:/home/changye/ros2_humble/install/rqt_console:/home/changye/ros2_humble/install/rqt:/home/changye/ros2_humble/install/rqt_graph:/home/changye/ros2_humble/install/rqt_gui_py:/home/changye/ros2_humble/install/rqt_gui:/home/changye/ros2_humble/install/ros2trace:/home/changye/ros2_humble/install/ros2topic:/home/changye/ros2_humble/install/ros2test:/home/changye/ros2_humble/install/ros2component:/home/changye/ros2_humble/install/ros2param:/home/changye/ros2_humble/install/ros2lifecycle:/home/changye/ros2_humble/install/ros2service:/home/changye/ros2_humble/install/ros2run:/home/changye/ros2_humble/install/ros2launch:/home/changye/ros2_humble/install/ros2pkg:/home/changye/ros2_humble/install/ros2node:/home/changye/ros2_humble/install/ros2multicast:/home/changye/ros2_humble/install/ros2interface:/home/changye/ros2_humble/install/ros2doctor:/home/changye/ros2_humble/install/ros2action:/home/changye/ros2_humble/install/ros2cli:/home/changye/ros2_humble/install/quality_of_service_demo_py:/home/changye/ros2_humble/install/lifecycle_py:/home/changye/ros2_humble/install/launch_testing_ros:/home/changye/ros2_humble/install/launch_ros:/home/changye/ros2_humble/install/examples_rclpy_pointcloud_publisher:/home/changye/ros2_humble/install/examples_rclpy_minimal_subscriber:/home/changye/ros2_humble/install/examples_rclpy_minimal_service:/home/changye/ros2_humble/install/examples_rclpy_minimal_publisher:/home/changye/ros2_humble/install/examples_rclpy_minimal_client:/home/changye/ros2_humble/install/examples_rclpy_minimal_action_server:/home/changye/ros2_humble/install/examples_rclpy_minimal_action_client:/home/changye/ros2_humble/install/examples_rclpy_guard_conditions:/home/changye/ros2_humble/install/examples_rclpy_executors:/home/changye/ros2_humble/install/demo_nodes_py:/home/changye/ros2_humble/install/action_tutorials_py:/home/changye/ros2_humble/install/ament_uncrustify:/home/changye/ros2_humble/install/tracetools_trace:/home/changye/ros2_humble/install/tracetools_read:/home/changye/ros2_humble/install/test_tracetools_launch:/home/changye/ros2_humble/install/test_launch_ros:/home/changye/ros2_humble/install/sensor_msgs_py:/home/changye/ros2_humble/install/rpyutils:/home/changye/ros2_humble/install/rosidl_runtime_py:/home/changye/ros2_humble/install/rosidl_cli:/home/changye/ros2_humble/install/launch_pytest:/home/changye/ros2_humble/install/launch_testing:/home/changye/ros2_humble/install/launch_yaml:/home/changye/ros2_humble/install/launch_xml:/home/changye/ros2_humble/install/launch:/home/changye/ros2_humble/install/osrf_pycommon:/home/changye/ros2_humble/install/launch_testing_examples:/home/changye/ros2_humble/install/domain_coordinator:/home/changye/ros2_humble/install/ament_xmllint:/home/changye/ros2_humble/install/ament_pyflakes:/home/changye/ros2_humble/install/ament_pycodestyle:/home/changye/ros2_humble/install/ament_pep257:/home/changye/ros2_humble/install/ament_pclint:/home/changye/ros2_humble/install/ament_package:/home/changye/ros2_humble/install/ament_mypy:/home/changye/ros2_humble/install/ament_lint_cmake:/home/changye/ros2_humble/install/ament_flake8:/home/changye/ros2_humble/install/ament_copyright:/home/changye/ros2_humble/install/ament_lint:/home/changye/ros2_humble/install/ament_index_python:/home/changye/ros2_humble/install/ament_cpplint:/home/changye/ros2_humble/install/ament_cppcheck:/home/changye/ros2_humble/install/ament_clang_tidy:/home/changye/ros2_humble/install/ament_clang_format /usr/bin/cmake /home/changye/Ros2_gazebo/ros2_ws2/src/my_agv2 -DAMENT_CMAKE_SYMLINK_INSTALL=1 -DCMAKE_INSTALL_PREFIX=/home/changye/Ros2_gazebo/ros2_ws2/install/my_agv2
[0.537s] -- The C compiler identification is GNU 11.4.0
[0.585s] -- The CXX compiler identification is GNU 11.4.0
[0.592s] -- Detecting C compiler ABI info
[0.693s] -- Detecting C compiler ABI info - done
[0.698s] -- Check for working C compiler: /usr/bin/cc - skipped
[0.698s] -- Detecting C compile features
[0.699s] -- Detecting C compile features - done
[0.701s] -- Detecting CXX compiler ABI info
[0.789s] -- Detecting CXX compiler ABI info - done
[0.794s] -- Check for working CXX compiler: /usr/bin/c++ - skipped
[0.795s] -- Detecting CXX compile features
[0.795s] -- Detecting CXX compile features - done
[0.807s] -- Found ament_cmake: 1.3.6 (/home/changye/ros2_humble/install/ament_cmake/share/ament_cmake/cmake)
[1.312s] -- Found Python3: /usr/bin/python3.10 (found version "3.10.12") found components: Interpreter 
[1.453s] -- Override CMake install command with custom implementation using symlinks instead of copying resources
[1.638s] -- Found urdf: 2.6.0 (/home/changye/ros2_humble/install/urdf/share/urdf/cmake)
[1.773s] -- Found xacro: 2.0.8 (/opt/ros/humble/share/xacro/cmake)
[1.776s] -- Found rclpy: 3.3.11 (/home/changye/ros2_humble/install/rclpy/share/rclpy/cmake)
[1.788s] -- Found gazebo_ros: 3.7.0 (/opt/ros/humble/share/gazebo_ros/cmake)
[1.881s] -- Found rosidl_generator_c: 3.1.5 (/home/changye/ros2_humble/install/rosidl_generator_c/share/rosidl_generator_c/cmake)
[1.899s] -- Found rosidl_adapter: 3.1.5 (/home/changye/ros2_humble/install/rosidl_adapter/share/rosidl_adapter/cmake)
[1.921s] -- Found rosidl_generator_cpp: 3.1.5 (/home/changye/ros2_humble/install/rosidl_generator_cpp/share/rosidl_generator_cpp/cmake)
[1.967s] -- Using all available rosidl_typesupport_c: rosidl_typesupport_fastrtps_c;rosidl_typesupport_introspection_c
[2.015s] -- Using all available rosidl_typesupport_cpp: rosidl_typesupport_fastrtps_cpp;rosidl_typesupport_introspection_cpp
[2.166s] -- Found rmw_implementation_cmake: 6.1.1 (/home/changye/ros2_humble/install/rmw_implementation_cmake/share/rmw_implementation_cmake/cmake)
[2.193s] -- Found rmw_fastrtps_cpp: 6.2.5 (/home/changye/ros2_humble/install/rmw_fastrtps_cpp/share/rmw_fastrtps_cpp/cmake)
[2.256s] -- Found TinyXML2 via Config file: TinyXML2_DIR-NOTFOUND
[2.357s] -- Found OpenSSL: /usr/lib/x86_64-linux-gnu/libcrypto.so (found version "3.0.2")  
[2.359s] -- Found TinyXML2 via Config file: TinyXML2_DIR-NOTFOUND
[2.382s] -- Found FastRTPS: /home/changye/ros2_humble/install/fastrtps/include  
[2.390s] -- Found TinyXML2 via Config file: TinyXML2_DIR-NOTFOUND
[2.398s] -- Found TinyXML2 via Config file: TinyXML2_DIR-NOTFOUND
[2.433s] -- Using RMW implementation 'rmw_fastrtps_cpp' as default
[2.468s] -- Looking for pthread.h
[2.554s] -- Looking for pthread.h - found
[2.554s] -- Performing Test CMAKE_HAVE_LIBC_PTHREAD
[2.638s] -- Performing Test CMAKE_HAVE_LIBC_PTHREAD - Success
[2.638s] -- Found Threads: TRUE  
[2.845s] -- Found PkgConfig: /usr/bin/pkg-config (found version "0.29.2") 
[2.846s] -- Checking for module 'bullet>=2.82'
[2.874s] --   Found bullet, version 3.05
[3.077s] -- Found fcl: /usr/include (found suitable version "0.7.0", minimum required is "0.5.0") 
[3.159s] -- Found assimp: /usr/include (found version "5.2.0") 
[3.252s] -- Found DART: /usr/include (Required is at least version "6.6") found components: dart 
[3.364s] -- Found Boost: /usr/lib/x86_64-linux-gnu/cmake/Boost-1.74.0/BoostConfig.cmake (found suitable version "1.74.0", minimum required is "1.40.0") found components: thread system filesystem program_options regex iostreams date_time 
[3.394s] -- Found Protobuf: /usr/lib/x86_64-linux-gnu/libprotobuf.so (found version "3.12.4") 
[3.431s] -- Looking for ignition-math6 -- found version 6.15.1
[3.452s] -- Searching for dependencies of ignition-math6
[3.453s] -- Looking for OGRE...
[3.453s] -- OGRE_PREFIX_WATCH changed.
[3.458s] -- Checking for module 'OGRE'
[3.487s] --   Found OGRE, version 1.9.0
[3.538s] -- Found Ogre Ghadamon (1.9.0)
[3.563s] -- Found OGRE: optimized;/usr/lib/x86_64-linux-gnu/libOgreMain.so;debug;/usr/lib/x86_64-linux-gnu/libOgreMain.so
[3.570s] -- Looking for OGRE_Paging...
[3.594s] -- Found OGRE_Paging: optimized;/usr/lib/x86_64-linux-gnu/libOgrePaging.so;debug;/usr/lib/x86_64-linux-gnu/libOgrePaging.so
[3.594s] -- Looking for OGRE_Terrain...
[3.618s] -- Found OGRE_Terrain: optimized;/usr/lib/x86_64-linux-gnu/libOgreTerrain.so;debug;/usr/lib/x86_64-linux-gnu/libOgreTerrain.so
[3.618s] -- Looking for OGRE_Property...
[3.642s] -- Found OGRE_Property: optimized;/usr/lib/x86_64-linux-gnu/libOgreProperty.so;debug;/usr/lib/x86_64-linux-gnu/libOgreProperty.so
[3.642s] -- Looking for OGRE_RTShaderSystem...
[3.665s] -- Found OGRE_RTShaderSystem: optimized;/usr/lib/x86_64-linux-gnu/libOgreRTShaderSystem.so;debug;/usr/lib/x86_64-linux-gnu/libOgreRTShaderSystem.so
[3.665s] -- Looking for OGRE_Volume...
[3.688s] -- Found OGRE_Volume: optimized;/usr/lib/x86_64-linux-gnu/libOgreVolume.so;debug;/usr/lib/x86_64-linux-gnu/libOgreVolume.so
[3.688s] -- Looking for OGRE_Overlay...
[3.711s] -- Found OGRE_Overlay: optimized;/usr/lib/x86_64-linux-gnu/libOgreOverlay.so;debug;/usr/lib/x86_64-linux-gnu/libOgreOverlay.so
[4.312s] -- Looking for ignition-math6 -- found version 6.15.1
[4.329s] -- Looking for ignition-transport8 -- found version 8.2.1
[4.329s] -- Searching for dependencies of ignition-transport8
[4.358s] -- Found Protobuf: /usr/lib/x86_64-linux-gnu/libprotobuf.so (found suitable version "3.12.4", minimum required is "3") 
[4.381s] -- Config-file not installed for ZeroMQ -- checking for pkg-config
[4.386s] -- Checking for module 'libzmq >= 4'
[4.416s] --   Found libzmq , version 4.3.4
[4.468s] -- Found ZeroMQ: TRUE (Required is at least version "4") 
[4.475s] -- Checking for module 'uuid'
[4.504s] --   Found uuid, version 2.37.2
[4.549s] -- Found UUID: TRUE  
[4.567s] -- Looking for ignition-msgs5 -- found version 5.8.1
[4.567s] -- Searching for dependencies of ignition-msgs5
[4.597s] -- Looking for ignition-math6 -- found version 6.15.1
[4.602s] -- Checking for module 'tinyxml2'
[4.631s] --   Found tinyxml2, version 9.0.0
[4.678s] -- Looking for ignition-msgs5 -- found version 5.8.1
[4.695s] -- Looking for ignition-common3 -- found version 3.14.0
[4.695s] -- Searching for dependencies of ignition-common3
[4.697s] -- Looking for dlfcn.h - found
[4.700s] -- Looking for libdl - found
[4.701s] -- Found DL: TRUE  
[4.731s] -- Found tinyobjloader: /usr/lib/x86_64-linux-gnu/cmake/tinyobjloader/tinyobjloader-config.cmake (found version "2.0.0") 
[4.731s] -- Searching for <ignition-common3> component [graphics]
[4.748s] -- Looking for ignition-common3-graphics -- found version 3.14.0
[4.749s] -- Searching for dependencies of ignition-common3-graphics
[4.749s] -- Looking for ignition-math6 -- found version 6.15.1
[4.766s] -- Looking for ignition-fuel_tools4 -- found version 4.4.0
[4.766s] -- Searching for dependencies of ignition-fuel_tools4
[4.902s] -- Found CURL: /usr/lib/x86_64-linux-gnu/libcurl.so (found version "7.81.0")  
[4.926s] -- Checking for module 'jsoncpp'
[4.954s] --   Found jsoncpp, version 1.9.5
[5.001s] -- Found JSONCPP: TRUE  
[5.006s] -- Checking for module 'libzip'
[5.035s] --   Found libzip, version 1.7.3
[5.081s] -- Found ZIP: TRUE  
[5.081s] -- Looking for ignition-common3 -- found version 3.14.0
[5.081s] -- Looking for ignition-math6 -- found version 6.15.1
[5.082s] -- Looking for ignition-msgs5 -- found version 5.8.1
[5.100s] -- Gazebo version: 11.10
[5.100s] -- Checking for module 'tbb'
[5.134s] --   Found tbb, version 2021.5.0
[5.210s] -- Found control_msgs: 4.6.0 (/opt/ros/humble/share/control_msgs/cmake)
[5.623s] -- Found rclcpp_action: 16.0.7 (/home/changye/ros2_humble/install/rclcpp_action/share/rclcpp_action/cmake)
[5.660s] -- Found ament_lint_auto: 0.12.9 (/home/changye/ros2_humble/install/ament_lint_auto/share/ament_lint_auto/cmake)
[5.950s] -- Found ament_cmake_gtest: 1.3.6 (/home/changye/ros2_humble/install/ament_cmake_gtest/share/ament_cmake_gtest/cmake)
[5.956s] -- Added test 'cppcheck' to perform static code analysis on C / C++ code
[5.956s] -- Configured cppcheck include dirs: 
[5.956s] -- Configured cppcheck exclude dirs and/or files: 
[5.959s] -- Added test 'flake8' to check Python code syntax and style conventions
[5.962s] -- Added test 'lint_cmake' to check CMake code style
[5.965s] -- Added test 'pep257' to check Python code against some of the docstring style conventions in PEP 257
[5.970s] -- Added test 'uncrustify' to check C / C++ code style
[5.970s] -- Configured uncrustify additional arguments: 
[5.973s] -- Added test 'xmllint' to check XML markup files
[5.979s] -- Configuring done
[6.002s] -- Generating done
[6.004s] -- Build files have been written to: /home/changye/Ros2_gazebo/ros2_ws2/build/my_agv2
[6.014s] Invoked command in '/home/changye/Ros2_gazebo/ros2_ws2/build/my_agv2' returned '0': CMAKE_PREFIX_PATH=${CMAKE_PREFIX_PATH}:/opt/ros/humble:/home/changye/ros2_humble/install/rqt_bag_plugins:/home/changye/ros2_humble/install/rqt_bag:/home/changye/ros2_humble/install/ros2bag:/home/changye/ros2_humble/install/tracetools_test:/home/changye/ros2_humble/install/tracetools_launch:/home/changye/ros2_humble/install/topic_monitor:/home/changye/ros2_humble/install/tf2_tools:/home/changye/ros2_humble/install/examples_tf2_py:/home/changye/ros2_humble/install/tf2_ros_py:/home/changye/ros2_humble/install/sros2:/home/changye/ros2_humble/install/rqt_topic:/home/changye/ros2_humble/install/rqt_srv:/home/changye/ros2_humble/install/rqt_shell:/home/changye/ros2_humble/install/rqt_service_caller:/home/changye/ros2_humble/install/rqt_reconfigure:/home/changye/ros2_humble/install/rqt_py_console:/home/changye/ros2_humble/install/rqt_publisher:/home/changye/ros2_humble/install/rqt_plot:/home/changye/ros2_humble/install/rqt_action:/home/changye/ros2_humble/install/rqt_msg:/home/changye/ros2_humble/install/rqt_console:/home/changye/ros2_humble/install/rqt:/home/changye/ros2_humble/install/rqt_graph:/home/changye/ros2_humble/install/rqt_gui_py:/home/changye/ros2_humble/install/rqt_gui:/home/changye/ros2_humble/install/ros2trace:/home/changye/ros2_humble/install/ros2topic:/home/changye/ros2_humble/install/ros2test:/home/changye/ros2_humble/install/ros2component:/home/changye/ros2_humble/install/ros2param:/home/changye/ros2_humble/install/ros2lifecycle:/home/changye/ros2_humble/install/ros2service:/home/changye/ros2_humble/install/ros2run:/home/changye/ros2_humble/install/ros2launch:/home/changye/ros2_humble/install/ros2pkg:/home/changye/ros2_humble/install/ros2node:/home/changye/ros2_humble/install/ros2multicast:/home/changye/ros2_humble/install/ros2interface:/home/changye/ros2_humble/install/ros2doctor:/home/changye/ros2_humble/install/ros2action:/home/changye/ros2_humble/install/ros2cli:/home/changye/ros2_humble/install/quality_of_service_demo_py:/home/changye/ros2_humble/install/lifecycle_py:/home/changye/ros2_humble/install/launch_testing_ros:/home/changye/ros2_humble/install/launch_ros:/home/changye/ros2_humble/install/examples_rclpy_pointcloud_publisher:/home/changye/ros2_humble/install/examples_rclpy_minimal_subscriber:/home/changye/ros2_humble/install/examples_rclpy_minimal_service:/home/changye/ros2_humble/install/examples_rclpy_minimal_publisher:/home/changye/ros2_humble/install/examples_rclpy_minimal_client:/home/changye/ros2_humble/install/examples_rclpy_minimal_action_server:/home/changye/ros2_humble/install/examples_rclpy_minimal_action_client:/home/changye/ros2_humble/install/examples_rclpy_guard_conditions:/home/changye/ros2_humble/install/examples_rclpy_executors:/home/changye/ros2_humble/install/demo_nodes_py:/home/changye/ros2_humble/install/action_tutorials_py:/home/changye/ros2_humble/install/ament_uncrustify:/home/changye/ros2_humble/install/tracetools_trace:/home/changye/ros2_humble/install/tracetools_read:/home/changye/ros2_humble/install/test_tracetools_launch:/home/changye/ros2_humble/install/test_launch_ros:/home/changye/ros2_humble/install/sensor_msgs_py:/home/changye/ros2_humble/install/rpyutils:/home/changye/ros2_humble/install/rosidl_runtime_py:/home/changye/ros2_humble/install/rosidl_cli:/home/changye/ros2_humble/install/launch_pytest:/home/changye/ros2_humble/install/launch_testing:/home/changye/ros2_humble/install/launch_yaml:/home/changye/ros2_humble/install/launch_xml:/home/changye/ros2_humble/install/launch:/home/changye/ros2_humble/install/osrf_pycommon:/home/changye/ros2_humble/install/launch_testing_examples:/home/changye/ros2_humble/install/domain_coordinator:/home/changye/ros2_humble/install/ament_xmllint:/home/changye/ros2_humble/install/ament_pyflakes:/home/changye/ros2_humble/install/ament_pycodestyle:/home/changye/ros2_humble/install/ament_pep257:/home/changye/ros2_humble/install/ament_pclint:/home/changye/ros2_humble/install/ament_package:/home/changye/ros2_humble/install/ament_mypy:/home/changye/ros2_humble/install/ament_lint_cmake:/home/changye/ros2_humble/install/ament_flake8:/home/changye/ros2_humble/install/ament_copyright:/home/changye/ros2_humble/install/ament_lint:/home/changye/ros2_humble/install/ament_index_python:/home/changye/ros2_humble/install/ament_cpplint:/home/changye/ros2_humble/install/ament_cppcheck:/home/changye/ros2_humble/install/ament_clang_tidy:/home/changye/ros2_humble/install/ament_clang_format /usr/bin/cmake /home/changye/Ros2_gazebo/ros2_ws2/src/my_agv2 -DAMENT_CMAKE_SYMLINK_INSTALL=1 -DCMAKE_INSTALL_PREFIX=/home/changye/Ros2_gazebo/ros2_ws2/install/my_agv2
[6.016s] Invoking command in '/home/changye/Ros2_gazebo/ros2_ws2/build/my_agv2': CMAKE_PREFIX_PATH=${CMAKE_PREFIX_PATH}:/opt/ros/humble:/home/changye/ros2_humble/install/rqt_bag_plugins:/home/changye/ros2_humble/install/rqt_bag:/home/changye/ros2_humble/install/ros2bag:/home/changye/ros2_humble/install/tracetools_test:/home/changye/ros2_humble/install/tracetools_launch:/home/changye/ros2_humble/install/topic_monitor:/home/changye/ros2_humble/install/tf2_tools:/home/changye/ros2_humble/install/examples_tf2_py:/home/changye/ros2_humble/install/tf2_ros_py:/home/changye/ros2_humble/install/sros2:/home/changye/ros2_humble/install/rqt_topic:/home/changye/ros2_humble/install/rqt_srv:/home/changye/ros2_humble/install/rqt_shell:/home/changye/ros2_humble/install/rqt_service_caller:/home/changye/ros2_humble/install/rqt_reconfigure:/home/changye/ros2_humble/install/rqt_py_console:/home/changye/ros2_humble/install/rqt_publisher:/home/changye/ros2_humble/install/rqt_plot:/home/changye/ros2_humble/install/rqt_action:/home/changye/ros2_humble/install/rqt_msg:/home/changye/ros2_humble/install/rqt_console:/home/changye/ros2_humble/install/rqt:/home/changye/ros2_humble/install/rqt_graph:/home/changye/ros2_humble/install/rqt_gui_py:/home/changye/ros2_humble/install/rqt_gui:/home/changye/ros2_humble/install/ros2trace:/home/changye/ros2_humble/install/ros2topic:/home/changye/ros2_humble/install/ros2test:/home/changye/ros2_humble/install/ros2component:/home/changye/ros2_humble/install/ros2param:/home/changye/ros2_humble/install/ros2lifecycle:/home/changye/ros2_humble/install/ros2service:/home/changye/ros2_humble/install/ros2run:/home/changye/ros2_humble/install/ros2launch:/home/changye/ros2_humble/install/ros2pkg:/home/changye/ros2_humble/install/ros2node:/home/changye/ros2_humble/install/ros2multicast:/home/changye/ros2_humble/install/ros2interface:/home/changye/ros2_humble/install/ros2doctor:/home/changye/ros2_humble/install/ros2action:/home/changye/ros2_humble/install/ros2cli:/home/changye/ros2_humble/install/quality_of_service_demo_py:/home/changye/ros2_humble/install/lifecycle_py:/home/changye/ros2_humble/install/launch_testing_ros:/home/changye/ros2_humble/install/launch_ros:/home/changye/ros2_humble/install/examples_rclpy_pointcloud_publisher:/home/changye/ros2_humble/install/examples_rclpy_minimal_subscriber:/home/changye/ros2_humble/install/examples_rclpy_minimal_service:/home/changye/ros2_humble/install/examples_rclpy_minimal_publisher:/home/changye/ros2_humble/install/examples_rclpy_minimal_client:/home/changye/ros2_humble/install/examples_rclpy_minimal_action_server:/home/changye/ros2_humble/install/examples_rclpy_minimal_action_client:/home/changye/ros2_humble/install/examples_rclpy_guard_conditions:/home/changye/ros2_humble/install/examples_rclpy_executors:/home/changye/ros2_humble/install/demo_nodes_py:/home/changye/ros2_humble/install/action_tutorials_py:/home/changye/ros2_humble/install/ament_uncrustify:/home/changye/ros2_humble/install/tracetools_trace:/home/changye/ros2_humble/install/tracetools_read:/home/changye/ros2_humble/install/test_tracetools_launch:/home/changye/ros2_humble/install/test_launch_ros:/home/changye/ros2_humble/install/sensor_msgs_py:/home/changye/ros2_humble/install/rpyutils:/home/changye/ros2_humble/install/rosidl_runtime_py:/home/changye/ros2_humble/install/rosidl_cli:/home/changye/ros2_humble/install/launch_pytest:/home/changye/ros2_humble/install/launch_testing:/home/changye/ros2_humble/install/launch_yaml:/home/changye/ros2_humble/install/launch_xml:/home/changye/ros2_humble/install/launch:/home/changye/ros2_humble/install/osrf_pycommon:/home/changye/ros2_humble/install/launch_testing_examples:/home/changye/ros2_humble/install/domain_coordinator:/home/changye/ros2_humble/install/ament_xmllint:/home/changye/ros2_humble/install/ament_pyflakes:/home/changye/ros2_humble/install/ament_pycodestyle:/home/changye/ros2_humble/install/ament_pep257:/home/changye/ros2_humble/install/ament_pclint:/home/changye/ros2_humble/install/ament_package:/home/changye/ros2_humble/install/ament_mypy:/home/changye/ros2_humble/install/ament_lint_cmake:/home/changye/ros2_humble/install/ament_flake8:/home/changye/ros2_humble/install/ament_copyright:/home/changye/ros2_humble/install/ament_lint:/home/changye/ros2_humble/install/ament_index_python:/home/changye/ros2_humble/install/ament_cpplint:/home/changye/ros2_humble/install/ament_cppcheck:/home/changye/ros2_humble/install/ament_clang_tidy:/home/changye/ros2_humble/install/ament_clang_format /usr/bin/cmake --build /home/changye/Ros2_gazebo/ros2_ws2/build/my_agv2 -- -j12 -l12
[6.092s] [ 50%] [32mBuilding CXX object CMakeFiles/example_position.dir/examples/example_position.cpp.o[0m
[6.093s] [ 50%] [32mBuilding CXX object CMakeFiles/agv_unload.dir/examples/agv_unload.cpp.o[0m
[6.093s] [ 50%] [32mBuilding CXX object CMakeFiles/example_velocity.dir/examples/example_velocity.cpp.o[0m
[6.093s] [ 50%] [32mBuilding CXX object CMakeFiles/agv_lift.dir/examples/agv_lift.cpp.o[0m
[9.298s] [ 62%] [32m[1mLinking CXX executable example_velocity[0m
[9.330s] [ 75%] [32m[1mLinking CXX executable agv_unload[0m
[9.419s] [ 87%] [32m[1mLinking CXX executable agv_lift[0m
[9.827s] [100%] [32m[1mLinking CXX executable example_position[0m
[10.037s] [100%] Built target example_velocity
[10.083s] [100%] Built target agv_unload
[10.168s] [100%] Built target agv_lift
[10.459s] [100%] Built target example_position
[10.472s] Invoked command in '/home/changye/Ros2_gazebo/ros2_ws2/build/my_agv2' returned '0': CMAKE_PREFIX_PATH=${CMAKE_PREFIX_PATH}:/opt/ros/humble:/home/changye/ros2_humble/install/rqt_bag_plugins:/home/changye/ros2_humble/install/rqt_bag:/home/changye/ros2_humble/install/ros2bag:/home/changye/ros2_humble/install/tracetools_test:/home/changye/ros2_humble/install/tracetools_launch:/home/changye/ros2_humble/install/topic_monitor:/home/changye/ros2_humble/install/tf2_tools:/home/changye/ros2_humble/install/examples_tf2_py:/home/changye/ros2_humble/install/tf2_ros_py:/home/changye/ros2_humble/install/sros2:/home/changye/ros2_humble/install/rqt_topic:/home/changye/ros2_humble/install/rqt_srv:/home/changye/ros2_humble/install/rqt_shell:/home/changye/ros2_humble/install/rqt_service_caller:/home/changye/ros2_humble/install/rqt_reconfigure:/home/changye/ros2_humble/install/rqt_py_console:/home/changye/ros2_humble/install/rqt_publisher:/home/changye/ros2_humble/install/rqt_plot:/home/changye/ros2_humble/install/rqt_action:/home/changye/ros2_humble/install/rqt_msg:/home/changye/ros2_humble/install/rqt_console:/home/changye/ros2_humble/install/rqt:/home/changye/ros2_humble/install/rqt_graph:/home/changye/ros2_humble/install/rqt_gui_py:/home/changye/ros2_humble/install/rqt_gui:/home/changye/ros2_humble/install/ros2trace:/home/changye/ros2_humble/install/ros2topic:/home/changye/ros2_humble/install/ros2test:/home/changye/ros2_humble/install/ros2component:/home/changye/ros2_humble/install/ros2param:/home/changye/ros2_humble/install/ros2lifecycle:/home/changye/ros2_humble/install/ros2service:/home/changye/ros2_humble/install/ros2run:/home/changye/ros2_humble/install/ros2launch:/home/changye/ros2_humble/install/ros2pkg:/home/changye/ros2_humble/install/ros2node:/home/changye/ros2_humble/install/ros2multicast:/home/changye/ros2_humble/install/ros2interface:/home/changye/ros2_humble/install/ros2doctor:/home/changye/ros2_humble/install/ros2action:/home/changye/ros2_humble/install/ros2cli:/home/changye/ros2_humble/install/quality_of_service_demo_py:/home/changye/ros2_humble/install/lifecycle_py:/home/changye/ros2_humble/install/launch_testing_ros:/home/changye/ros2_humble/install/launch_ros:/home/changye/ros2_humble/install/examples_rclpy_pointcloud_publisher:/home/changye/ros2_humble/install/examples_rclpy_minimal_subscriber:/home/changye/ros2_humble/install/examples_rclpy_minimal_service:/home/changye/ros2_humble/install/examples_rclpy_minimal_publisher:/home/changye/ros2_humble/install/examples_rclpy_minimal_client:/home/changye/ros2_humble/install/examples_rclpy_minimal_action_server:/home/changye/ros2_humble/install/examples_rclpy_minimal_action_client:/home/changye/ros2_humble/install/examples_rclpy_guard_conditions:/home/changye/ros2_humble/install/examples_rclpy_executors:/home/changye/ros2_humble/install/demo_nodes_py:/home/changye/ros2_humble/install/action_tutorials_py:/home/changye/ros2_humble/install/ament_uncrustify:/home/changye/ros2_humble/install/tracetools_trace:/home/changye/ros2_humble/install/tracetools_read:/home/changye/ros2_humble/install/test_tracetools_launch:/home/changye/ros2_humble/install/test_launch_ros:/home/changye/ros2_humble/install/sensor_msgs_py:/home/changye/ros2_humble/install/rpyutils:/home/changye/ros2_humble/install/rosidl_runtime_py:/home/changye/ros2_humble/install/rosidl_cli:/home/changye/ros2_humble/install/launch_pytest:/home/changye/ros2_humble/install/launch_testing:/home/changye/ros2_humble/install/launch_yaml:/home/changye/ros2_humble/install/launch_xml:/home/changye/ros2_humble/install/launch:/home/changye/ros2_humble/install/osrf_pycommon:/home/changye/ros2_humble/install/launch_testing_examples:/home/changye/ros2_humble/install/domain_coordinator:/home/changye/ros2_humble/install/ament_xmllint:/home/changye/ros2_humble/install/ament_pyflakes:/home/changye/ros2_humble/install/ament_pycodestyle:/home/changye/ros2_humble/install/ament_pep257:/home/changye/ros2_humble/install/ament_pclint:/home/changye/ros2_humble/install/ament_package:/home/changye/ros2_humble/install/ament_mypy:/home/changye/ros2_humble/install/ament_lint_cmake:/home/changye/ros2_humble/install/ament_flake8:/home/changye/ros2_humble/install/ament_copyright:/home/changye/ros2_humble/install/ament_lint:/home/changye/ros2_humble/install/ament_index_python:/home/changye/ros2_humble/install/ament_cpplint:/home/changye/ros2_humble/install/ament_cppcheck:/home/changye/ros2_humble/install/ament_clang_tidy:/home/changye/ros2_humble/install/ament_clang_format /usr/bin/cmake --build /home/changye/Ros2_gazebo/ros2_ws2/build/my_agv2 -- -j12 -l12
[10.558s] Invoking command in '/home/changye/Ros2_gazebo/ros2_ws2/build/my_agv2': CMAKE_PREFIX_PATH=${CMAKE_PREFIX_PATH}:/opt/ros/humble:/home/changye/ros2_humble/install/rqt_bag_plugins:/home/changye/ros2_humble/install/rqt_bag:/home/changye/ros2_humble/install/ros2bag:/home/changye/ros2_humble/install/tracetools_test:/home/changye/ros2_humble/install/tracetools_launch:/home/changye/ros2_humble/install/topic_monitor:/home/changye/ros2_humble/install/tf2_tools:/home/changye/ros2_humble/install/examples_tf2_py:/home/changye/ros2_humble/install/tf2_ros_py:/home/changye/ros2_humble/install/sros2:/home/changye/ros2_humble/install/rqt_topic:/home/changye/ros2_humble/install/rqt_srv:/home/changye/ros2_humble/install/rqt_shell:/home/changye/ros2_humble/install/rqt_service_caller:/home/changye/ros2_humble/install/rqt_reconfigure:/home/changye/ros2_humble/install/rqt_py_console:/home/changye/ros2_humble/install/rqt_publisher:/home/changye/ros2_humble/install/rqt_plot:/home/changye/ros2_humble/install/rqt_action:/home/changye/ros2_humble/install/rqt_msg:/home/changye/ros2_humble/install/rqt_console:/home/changye/ros2_humble/install/rqt:/home/changye/ros2_humble/install/rqt_graph:/home/changye/ros2_humble/install/rqt_gui_py:/home/changye/ros2_humble/install/rqt_gui:/home/changye/ros2_humble/install/ros2trace:/home/changye/ros2_humble/install/ros2topic:/home/changye/ros2_humble/install/ros2test:/home/changye/ros2_humble/install/ros2component:/home/changye/ros2_humble/install/ros2param:/home/changye/ros2_humble/install/ros2lifecycle:/home/changye/ros2_humble/install/ros2service:/home/changye/ros2_humble/install/ros2run:/home/changye/ros2_humble/install/ros2launch:/home/changye/ros2_humble/install/ros2pkg:/home/changye/ros2_humble/install/ros2node:/home/changye/ros2_humble/install/ros2multicast:/home/changye/ros2_humble/install/ros2interface:/home/changye/ros2_humble/install/ros2doctor:/home/changye/ros2_humble/install/ros2action:/home/changye/ros2_humble/install/ros2cli:/home/changye/ros2_humble/install/quality_of_service_demo_py:/home/changye/ros2_humble/install/lifecycle_py:/home/changye/ros2_humble/install/launch_testing_ros:/home/changye/ros2_humble/install/launch_ros:/home/changye/ros2_humble/install/examples_rclpy_pointcloud_publisher:/home/changye/ros2_humble/install/examples_rclpy_minimal_subscriber:/home/changye/ros2_humble/install/examples_rclpy_minimal_service:/home/changye/ros2_humble/install/examples_rclpy_minimal_publisher:/home/changye/ros2_humble/install/examples_rclpy_minimal_client:/home/changye/ros2_humble/install/examples_rclpy_minimal_action_server:/home/changye/ros2_humble/install/examples_rclpy_minimal_action_client:/home/changye/ros2_humble/install/examples_rclpy_guard_conditions:/home/changye/ros2_humble/install/examples_rclpy_executors:/home/changye/ros2_humble/install/demo_nodes_py:/home/changye/ros2_humble/install/action_tutorials_py:/home/changye/ros2_humble/install/ament_uncrustify:/home/changye/ros2_humble/install/tracetools_trace:/home/changye/ros2_humble/install/tracetools_read:/home/changye/ros2_humble/install/test_tracetools_launch:/home/changye/ros2_humble/install/test_launch_ros:/home/changye/ros2_humble/install/sensor_msgs_py:/home/changye/ros2_humble/install/rpyutils:/home/changye/ros2_humble/install/rosidl_runtime_py:/home/changye/ros2_humble/install/rosidl_cli:/home/changye/ros2_humble/install/launch_pytest:/home/changye/ros2_humble/install/launch_testing:/home/changye/ros2_humble/install/launch_yaml:/home/changye/ros2_humble/install/launch_xml:/home/changye/ros2_humble/install/launch:/home/changye/ros2_humble/install/osrf_pycommon:/home/changye/ros2_humble/install/launch_testing_examples:/home/changye/ros2_humble/install/domain_coordinator:/home/changye/ros2_humble/install/ament_xmllint:/home/changye/ros2_humble/install/ament_pyflakes:/home/changye/ros2_humble/install/ament_pycodestyle:/home/changye/ros2_humble/install/ament_pep257:/home/changye/ros2_humble/install/ament_pclint:/home/changye/ros2_humble/install/ament_package:/home/changye/ros2_humble/install/ament_mypy:/home/changye/ros2_humble/install/ament_lint_cmake:/home/changye/ros2_humble/install/ament_flake8:/home/changye/ros2_humble/install/ament_copyright:/home/changye/ros2_humble/install/ament_lint:/home/changye/ros2_humble/install/ament_index_python:/home/changye/ros2_humble/install/ament_cpplint:/home/changye/ros2_humble/install/ament_cppcheck:/home/changye/ros2_humble/install/ament_clang_tidy:/home/changye/ros2_humble/install/ament_clang_format /usr/bin/cmake --install /home/changye/Ros2_gazebo/ros2_ws2/build/my_agv2
[10.569s] -- Install configuration: ""
[10.569s] -- Execute custom install script
[10.569s] -- Symlinking: /home/changye/Ros2_gazebo/ros2_ws2/install/my_agv2/share/my_agv2/launch/agv5_demo.launch.py
[10.581s] -- Symlinking: /home/changye/Ros2_gazebo/ros2_ws2/install/my_agv2/share/my_agv2/launch/agv_trac_pos.launch.py
[10.592s] -- Symlinking: /home/changye/Ros2_gazebo/ros2_ws2/install/my_agv2/share/my_agv2/launch/agv_velocity.launch.py
[10.604s] -- Symlinking: /home/changye/Ros2_gazebo/ros2_ws2/install/my_agv2/share/my_agv2/launch/agv_world.launch.py
[10.617s] -- Symlinking: /home/changye/Ros2_gazebo/ros2_ws2/install/my_agv2/share/my_agv2/config/agv5_controller.yaml
[10.630s] -- Symlinking: /home/changye/Ros2_gazebo/ros2_ws2/install/my_agv2/share/my_agv2/config/agv_controller_trac_pos.yaml
[10.643s] -- Symlinking: /home/changye/Ros2_gazebo/ros2_ws2/install/my_agv2/share/my_agv2/config/agv_controller_velocity.yaml
[10.656s] -- Symlinking: /home/changye/Ros2_gazebo/ros2_ws2/install/my_agv2/share/my_agv2/config/controller_configuration.yaml
[10.670s] -- Symlinking: /home/changye/Ros2_gazebo/ros2_ws2/install/my_agv2/share/my_agv2/urdf/AGV3_single.csv
[10.683s] -- Symlinking: /home/changye/Ros2_gazebo/ros2_ws2/install/my_agv2/share/my_agv2/urdf/AGV3_single.xacro.urdf
[10.695s] -- Symlinking: /home/changye/Ros2_gazebo/ros2_ws2/install/my_agv2/share/my_agv2/urdf/AGV3_single_trac_pos.xacro.urdf
[10.709s] -- Symlinking: /home/changye/Ros2_gazebo/ros2_ws2/install/my_agv2/share/my_agv2/urdf/AGV3_single_vel.xacro.urdf
[10.722s] -- Symlinking: /home/changye/Ros2_gazebo/ros2_ws2/install/my_agv2/share/my_agv2/urdf/AGV5.xacro (copy).urdf
[10.736s] -- Symlinking: /home/changye/Ros2_gazebo/ros2_ws2/install/my_agv2/share/my_agv2/urdf/AGV5.xacro.urdf
[10.748s] -- Symlinking: /home/changye/Ros2_gazebo/ros2_ws2/install/my_agv2/share/my_agv2/urdf/AGV6.xacro (copy).urdf
[10.761s] -- Symlinking: /home/changye/Ros2_gazebo/ros2_ws2/install/my_agv2/share/my_agv2/urdf/AGV6.xacro.urdf
[10.774s] -- Symlinking: /home/changye/Ros2_gazebo/ros2_ws2/install/my_agv2/share/my_agv2/urdf/shelf_final.xacro.urdf
[10.787s] -- Symlinking: /home/changye/Ros2_gazebo/ros2_ws2/install/my_agv2/share/my_agv2/examples/agv_lift.cpp
[10.799s] -- Symlinking: /home/changye/Ros2_gazebo/ros2_ws2/install/my_agv2/share/my_agv2/examples/agv_unload.cpp
[10.812s] -- Symlinking: /home/changye/Ros2_gazebo/ros2_ws2/install/my_agv2/share/my_agv2/examples/example_position.cpp
[10.825s] -- Symlinking: /home/changye/Ros2_gazebo/ros2_ws2/install/my_agv2/share/my_agv2/examples/example_velocity.cpp
[10.838s] -- Symlinking: /home/changye/Ros2_gazebo/ros2_ws2/install/my_agv2/share/my_agv2/world/test (copy).world
[10.851s] -- Symlinking: /home/changye/Ros2_gazebo/ros2_ws2/install/my_agv2/share/my_agv2/world/test.world
[10.864s] -- Symlinking: /home/changye/Ros2_gazebo/ros2_ws2/install/my_agv2/share/my_agv2/world/test_1.world
[10.877s] -- Symlinking: /home/changye/Ros2_gazebo/ros2_ws2/install/my_agv2/share/my_agv2/rviz/show_camera.rviz
[10.891s] -- Symlinking: /home/changye/Ros2_gazebo/ros2_ws2/install/my_agv2/lib/my_agv2/example_position
[10.905s] -- Symlinking: /home/changye/Ros2_gazebo/ros2_ws2/install/my_agv2/lib/my_agv2/example_velocity
[10.918s] -- Symlinking: /home/changye/Ros2_gazebo/ros2_ws2/install/my_agv2/lib/my_agv2/agv_lift
[10.932s] -- Symlinking: /home/changye/Ros2_gazebo/ros2_ws2/install/my_agv2/lib/my_agv2/agv_unload
[10.946s] -- Symlinking: /home/changye/Ros2_gazebo/ros2_ws2/install/my_agv2/share/ament_index/resource_index/package_run_dependencies/my_agv2
[10.960s] -- Symlinking: /home/changye/Ros2_gazebo/ros2_ws2/install/my_agv2/share/ament_index/resource_index/parent_prefix_path/my_agv2
[10.974s] -- Symlinking: /home/changye/Ros2_gazebo/ros2_ws2/install/my_agv2/share/my_agv2/environment/ament_prefix_path.sh
[10.988s] -- Symlinking: /home/changye/Ros2_gazebo/ros2_ws2/install/my_agv2/share/my_agv2/environment/ament_prefix_path.dsv
[11.002s] -- Symlinking: /home/changye/Ros2_gazebo/ros2_ws2/install/my_agv2/share/my_agv2/environment/path.sh
[11.015s] -- Symlinking: /home/changye/Ros2_gazebo/ros2_ws2/install/my_agv2/share/my_agv2/environment/path.dsv
[11.029s] -- Symlinking: /home/changye/Ros2_gazebo/ros2_ws2/install/my_agv2/share/my_agv2/local_setup.bash
[11.042s] -- Symlinking: /home/changye/Ros2_gazebo/ros2_ws2/install/my_agv2/share/my_agv2/local_setup.sh
[11.056s] -- Symlinking: /home/changye/Ros2_gazebo/ros2_ws2/install/my_agv2/share/my_agv2/local_setup.zsh
[11.070s] -- Symlinking: /home/changye/Ros2_gazebo/ros2_ws2/install/my_agv2/share/my_agv2/local_setup.dsv
[11.083s] -- Symlinking: /home/changye/Ros2_gazebo/ros2_ws2/install/my_agv2/share/my_agv2/package.dsv
[11.097s] -- Symlinking: /home/changye/Ros2_gazebo/ros2_ws2/install/my_agv2/share/ament_index/resource_index/packages/my_agv2
[11.111s] -- Symlinking: /home/changye/Ros2_gazebo/ros2_ws2/install/my_agv2/share/my_agv2/cmake/my_agv2Config.cmake
[11.125s] -- Symlinking: /home/changye/Ros2_gazebo/ros2_ws2/install/my_agv2/share/my_agv2/cmake/my_agv2Config-version.cmake
[11.139s] -- Symlinking: /home/changye/Ros2_gazebo/ros2_ws2/install/my_agv2/share/my_agv2/package.xml
[11.154s] Invoked command in '/home/changye/Ros2_gazebo/ros2_ws2/build/my_agv2' returned '0': CMAKE_PREFIX_PATH=${CMAKE_PREFIX_PATH}:/opt/ros/humble:/home/changye/ros2_humble/install/rqt_bag_plugins:/home/changye/ros2_humble/install/rqt_bag:/home/changye/ros2_humble/install/ros2bag:/home/changye/ros2_humble/install/tracetools_test:/home/changye/ros2_humble/install/tracetools_launch:/home/changye/ros2_humble/install/topic_monitor:/home/changye/ros2_humble/install/tf2_tools:/home/changye/ros2_humble/install/examples_tf2_py:/home/changye/ros2_humble/install/tf2_ros_py:/home/changye/ros2_humble/install/sros2:/home/changye/ros2_humble/install/rqt_topic:/home/changye/ros2_humble/install/rqt_srv:/home/changye/ros2_humble/install/rqt_shell:/home/changye/ros2_humble/install/rqt_service_caller:/home/changye/ros2_humble/install/rqt_reconfigure:/home/changye/ros2_humble/install/rqt_py_console:/home/changye/ros2_humble/install/rqt_publisher:/home/changye/ros2_humble/install/rqt_plot:/home/changye/ros2_humble/install/rqt_action:/home/changye/ros2_humble/install/rqt_msg:/home/changye/ros2_humble/install/rqt_console:/home/changye/ros2_humble/install/rqt:/home/changye/ros2_humble/install/rqt_graph:/home/changye/ros2_humble/install/rqt_gui_py:/home/changye/ros2_humble/install/rqt_gui:/home/changye/ros2_humble/install/ros2trace:/home/changye/ros2_humble/install/ros2topic:/home/changye/ros2_humble/install/ros2test:/home/changye/ros2_humble/install/ros2component:/home/changye/ros2_humble/install/ros2param:/home/changye/ros2_humble/install/ros2lifecycle:/home/changye/ros2_humble/install/ros2service:/home/changye/ros2_humble/install/ros2run:/home/changye/ros2_humble/install/ros2launch:/home/changye/ros2_humble/install/ros2pkg:/home/changye/ros2_humble/install/ros2node:/home/changye/ros2_humble/install/ros2multicast:/home/changye/ros2_humble/install/ros2interface:/home/changye/ros2_humble/install/ros2doctor:/home/changye/ros2_humble/install/ros2action:/home/changye/ros2_humble/install/ros2cli:/home/changye/ros2_humble/install/quality_of_service_demo_py:/home/changye/ros2_humble/install/lifecycle_py:/home/changye/ros2_humble/install/launch_testing_ros:/home/changye/ros2_humble/install/launch_ros:/home/changye/ros2_humble/install/examples_rclpy_pointcloud_publisher:/home/changye/ros2_humble/install/examples_rclpy_minimal_subscriber:/home/changye/ros2_humble/install/examples_rclpy_minimal_service:/home/changye/ros2_humble/install/examples_rclpy_minimal_publisher:/home/changye/ros2_humble/install/examples_rclpy_minimal_client:/home/changye/ros2_humble/install/examples_rclpy_minimal_action_server:/home/changye/ros2_humble/install/examples_rclpy_minimal_action_client:/home/changye/ros2_humble/install/examples_rclpy_guard_conditions:/home/changye/ros2_humble/install/examples_rclpy_executors:/home/changye/ros2_humble/install/demo_nodes_py:/home/changye/ros2_humble/install/action_tutorials_py:/home/changye/ros2_humble/install/ament_uncrustify:/home/changye/ros2_humble/install/tracetools_trace:/home/changye/ros2_humble/install/tracetools_read:/home/changye/ros2_humble/install/test_tracetools_launch:/home/changye/ros2_humble/install/test_launch_ros:/home/changye/ros2_humble/install/sensor_msgs_py:/home/changye/ros2_humble/install/rpyutils:/home/changye/ros2_humble/install/rosidl_runtime_py:/home/changye/ros2_humble/install/rosidl_cli:/home/changye/ros2_humble/install/launch_pytest:/home/changye/ros2_humble/install/launch_testing:/home/changye/ros2_humble/install/launch_yaml:/home/changye/ros2_humble/install/launch_xml:/home/changye/ros2_humble/install/launch:/home/changye/ros2_humble/install/osrf_pycommon:/home/changye/ros2_humble/install/launch_testing_examples:/home/changye/ros2_humble/install/domain_coordinator:/home/changye/ros2_humble/install/ament_xmllint:/home/changye/ros2_humble/install/ament_pyflakes:/home/changye/ros2_humble/install/ament_pycodestyle:/home/changye/ros2_humble/install/ament_pep257:/home/changye/ros2_humble/install/ament_pclint:/home/changye/ros2_humble/install/ament_package:/home/changye/ros2_humble/install/ament_mypy:/home/changye/ros2_humble/install/ament_lint_cmake:/home/changye/ros2_humble/install/ament_flake8:/home/changye/ros2_humble/install/ament_copyright:/home/changye/ros2_humble/install/ament_lint:/home/changye/ros2_humble/install/ament_index_python:/home/changye/ros2_humble/install/ament_cpplint:/home/changye/ros2_humble/install/ament_cppcheck:/home/changye/ros2_humble/install/ament_clang_tidy:/home/changye/ros2_humble/install/ament_clang_format /usr/bin/cmake --install /home/changye/Ros2_gazebo/ros2_ws2/build/my_agv2
