[0.055s] Invoking command in '/home/changye/Ros2_gazebo/ros2_ws2/build/control_toolbox': AMENT_PREFIX_PATH=/home/changye/Ros2_gazebo/ros2_ws2/install/control_msgs:${AMENT_PREFIX_PATH} CMAKE_PREFIX_PATH=/home/changye/Ros2_gazebo/ros2_ws2/install/control_msgs:/opt/ros/humble LD_LIBRARY_PATH=/home/changye/Ros2_gazebo/ros2_ws2/install/control_msgs/lib:/usr/lib/x86_64-linux-gnu/gazebo-11/plugins:/opt/ros/humble/lib/x86_64-linux-gnu:/opt/ros/humble/lib:/usr/lib/x86_64-linux-gnu/gazebo-11/plugins:/usr/share/gazebo-11/../../lib/x86_64-linux-gnu/gazebo-11/plugins:/usr/lib/x86_64-linux-gnu/gazebo-11/plugins PYTHONPATH=/home/changye/Ros2_gazebo/ros2_ws2/install/control_msgs/local/lib/python3.10/dist-packages:${PYTHONPATH} /usr/bin/cmake --build /home/changye/Ros2_gazebo/ros2_ws2/build/control_toolbox -- -j12 -l12
[0.101s] [35m[1mConsolidate compiler generated dependencies of target gtest_main[0m
[0.102s] [  3%] Built target low_pass_filter_parameters
[0.103s] [35m[1mConsolidate compiler generated dependencies of target gtest[0m
[0.111s] [ 10%] Built target gtest_main
[0.114s] [ 17%] Built target gtest
[0.118s] [35m[1mConsolidate compiler generated dependencies of target gmock_main[0m
[0.119s] [35m[1mConsolidate compiler generated dependencies of target gmock[0m
[0.128s] [ 24%] Built target gmock_main
[0.131s] [ 34%] Built target gmock
[0.147s] [35m[1mConsolidate compiler generated dependencies of target low_pass_filter[0m
[0.161s] [ 41%] Built target low_pass_filter
[0.175s] [35m[1mConsolidate compiler generated dependencies of target control_toolbox[0m
[0.183s] [35m[1mConsolidate compiler generated dependencies of target test_low_pass_filter[0m
[0.196s] [ 65%] Built target control_toolbox
[0.204s] [35m[1mConsolidate compiler generated dependencies of target test_load_low_pass_filter[0m
[0.210s] [ 72%] Built target test_low_pass_filter
[0.212s] [35m[1mConsolidate compiler generated dependencies of target pid_tests[0m
[0.215s] [35m[1mConsolidate compiler generated dependencies of target pid_parameters_tests[0m
[0.217s] [35m[1mConsolidate compiler generated dependencies of target pid_publisher_tests[0m
[0.224s] [ 79%] Built target test_load_low_pass_filter
[0.228s] [ 86%] Built target pid_tests
[0.232s] [ 93%] Built target pid_parameters_tests
[0.234s] [100%] Built target pid_publisher_tests
[0.286s] Invoked command in '/home/changye/Ros2_gazebo/ros2_ws2/build/control_toolbox' returned '0': AMENT_PREFIX_PATH=/home/changye/Ros2_gazebo/ros2_ws2/install/control_msgs:${AMENT_PREFIX_PATH} CMAKE_PREFIX_PATH=/home/changye/Ros2_gazebo/ros2_ws2/install/control_msgs:/opt/ros/humble LD_LIBRARY_PATH=/home/changye/Ros2_gazebo/ros2_ws2/install/control_msgs/lib:/usr/lib/x86_64-linux-gnu/gazebo-11/plugins:/opt/ros/humble/lib/x86_64-linux-gnu:/opt/ros/humble/lib:/usr/lib/x86_64-linux-gnu/gazebo-11/plugins:/usr/share/gazebo-11/../../lib/x86_64-linux-gnu/gazebo-11/plugins:/usr/lib/x86_64-linux-gnu/gazebo-11/plugins PYTHONPATH=/home/changye/Ros2_gazebo/ros2_ws2/install/control_msgs/local/lib/python3.10/dist-packages:${PYTHONPATH} /usr/bin/cmake --build /home/changye/Ros2_gazebo/ros2_ws2/build/control_toolbox -- -j12 -l12
[0.287s] Invoking command in '/home/changye/Ros2_gazebo/ros2_ws2/build/control_toolbox': AMENT_PREFIX_PATH=/home/changye/Ros2_gazebo/ros2_ws2/install/control_msgs:${AMENT_PREFIX_PATH} CMAKE_PREFIX_PATH=/home/changye/Ros2_gazebo/ros2_ws2/install/control_msgs:/opt/ros/humble LD_LIBRARY_PATH=/home/changye/Ros2_gazebo/ros2_ws2/install/control_msgs/lib:/usr/lib/x86_64-linux-gnu/gazebo-11/plugins:/opt/ros/humble/lib/x86_64-linux-gnu:/opt/ros/humble/lib:/usr/lib/x86_64-linux-gnu/gazebo-11/plugins:/usr/share/gazebo-11/../../lib/x86_64-linux-gnu/gazebo-11/plugins:/usr/lib/x86_64-linux-gnu/gazebo-11/plugins PYTHONPATH=/home/changye/Ros2_gazebo/ros2_ws2/install/control_msgs/local/lib/python3.10/dist-packages:${PYTHONPATH} /usr/bin/cmake --install /home/changye/Ros2_gazebo/ros2_ws2/build/control_toolbox
[0.292s] -- Install configuration: ""
[0.293s] -- Up-to-date: /home/changye/Ros2_gazebo/ros2_ws2/install/control_toolbox/include/low_pass_filter_parameters
[0.293s] -- Up-to-date: /home/changye/Ros2_gazebo/ros2_ws2/install/control_toolbox/include/low_pass_filter_parameters/low_pass_filter_parameters.hpp
[0.293s] -- Up-to-date: /home/changye/Ros2_gazebo/ros2_ws2/install/control_toolbox/share/control_toolbox/control_filters.xml
[0.293s] -- Up-to-date: /home/changye/Ros2_gazebo/ros2_ws2/install/control_toolbox/include/control_toolbox
[0.297s] -- Up-to-date: /home/changye/Ros2_gazebo/ros2_ws2/install/control_toolbox/include/control_toolbox/control_filters
[0.297s] -- Up-to-date: /home/changye/Ros2_gazebo/ros2_ws2/install/control_toolbox/include/control_toolbox/control_filters/low_pass_filter.hpp
[0.297s] -- Up-to-date: /home/changye/Ros2_gazebo/ros2_ws2/install/control_toolbox/include/control_toolbox/control_toolbox
[0.297s] -- Up-to-date: /home/changye/Ros2_gazebo/ros2_ws2/install/control_toolbox/include/control_toolbox/control_toolbox/sine_sweep.hpp
[0.297s] -- Up-to-date: /home/changye/Ros2_gazebo/ros2_ws2/install/control_toolbox/include/control_toolbox/control_toolbox/visibility_control.hpp
[0.297s] -- Up-to-date: /home/changye/Ros2_gazebo/ros2_ws2/install/control_toolbox/include/control_toolbox/control_toolbox/pid.hpp
[0.297s] -- Up-to-date: /home/changye/Ros2_gazebo/ros2_ws2/install/control_toolbox/include/control_toolbox/control_toolbox/sinusoid.hpp
[0.298s] -- Up-to-date: /home/changye/Ros2_gazebo/ros2_ws2/install/control_toolbox/include/control_toolbox/control_toolbox/dither.hpp
[0.298s] -- Up-to-date: /home/changye/Ros2_gazebo/ros2_ws2/install/control_toolbox/include/control_toolbox/control_toolbox/limited_proxy.hpp
[0.298s] -- Up-to-date: /home/changye/Ros2_gazebo/ros2_ws2/install/control_toolbox/include/control_toolbox/control_toolbox/pid_ros.hpp
[0.298s] -- Up-to-date: /home/changye/Ros2_gazebo/ros2_ws2/install/control_toolbox/include/control_toolbox/control_toolbox/filters.hpp
[0.298s] -- Up-to-date: /home/changye/Ros2_gazebo/ros2_ws2/install/control_toolbox/lib/libcontrol_toolbox.so
[0.298s] -- Up-to-date: /home/changye/Ros2_gazebo/ros2_ws2/install/control_toolbox/lib/liblow_pass_filter.so
[0.298s] -- Up-to-date: /home/changye/Ros2_gazebo/ros2_ws2/install/control_toolbox/share/control_toolbox/environment/library_path.sh
[0.298s] -- Up-to-date: /home/changye/Ros2_gazebo/ros2_ws2/install/control_toolbox/share/control_toolbox/environment/library_path.dsv
[0.298s] -- Up-to-date: /home/changye/Ros2_gazebo/ros2_ws2/install/control_toolbox/share/ament_index/resource_index/package_run_dependencies/control_toolbox
[0.298s] -- Up-to-date: /home/changye/Ros2_gazebo/ros2_ws2/install/control_toolbox/share/ament_index/resource_index/parent_prefix_path/control_toolbox
[0.298s] -- Up-to-date: /home/changye/Ros2_gazebo/ros2_ws2/install/control_toolbox/share/control_toolbox/environment/ament_prefix_path.sh
[0.298s] -- Up-to-date: /home/changye/Ros2_gazebo/ros2_ws2/install/control_toolbox/share/control_toolbox/environment/ament_prefix_path.dsv
[0.298s] -- Up-to-date: /home/changye/Ros2_gazebo/ros2_ws2/install/control_toolbox/share/control_toolbox/environment/path.sh
[0.298s] -- Up-to-date: /home/changye/Ros2_gazebo/ros2_ws2/install/control_toolbox/share/control_toolbox/environment/path.dsv
[0.298s] -- Up-to-date: /home/changye/Ros2_gazebo/ros2_ws2/install/control_toolbox/share/control_toolbox/local_setup.bash
[0.298s] -- Up-to-date: /home/changye/Ros2_gazebo/ros2_ws2/install/control_toolbox/share/control_toolbox/local_setup.sh
[0.299s] -- Up-to-date: /home/changye/Ros2_gazebo/ros2_ws2/install/control_toolbox/share/control_toolbox/local_setup.zsh
[0.299s] -- Up-to-date: /home/changye/Ros2_gazebo/ros2_ws2/install/control_toolbox/share/control_toolbox/local_setup.dsv
[0.299s] -- Installing: /home/changye/Ros2_gazebo/ros2_ws2/install/control_toolbox/share/control_toolbox/package.dsv
[0.302s] -- Up-to-date: /home/changye/Ros2_gazebo/ros2_ws2/install/control_toolbox/share/ament_index/resource_index/packages/control_toolbox
[0.302s] -- Up-to-date: /home/changye/Ros2_gazebo/ros2_ws2/install/control_toolbox/share/ament_index/resource_index/filters__pluginlib__plugin/control_toolbox
[0.309s] -- Up-to-date: /home/changye/Ros2_gazebo/ros2_ws2/install/control_toolbox/share/control_toolbox/cmake/export_control_toolboxExport.cmake
[0.309s] -- Up-to-date: /home/changye/Ros2_gazebo/ros2_ws2/install/control_toolbox/share/control_toolbox/cmake/export_control_toolboxExport-noconfig.cmake
[0.309s] -- Up-to-date: /home/changye/Ros2_gazebo/ros2_ws2/install/control_toolbox/share/control_toolbox/cmake/ament_cmake_export_targets-extras.cmake
[0.309s] -- Up-to-date: /home/changye/Ros2_gazebo/ros2_ws2/install/control_toolbox/share/control_toolbox/cmake/ament_cmake_export_dependencies-extras.cmake
[0.310s] -- Up-to-date: /home/changye/Ros2_gazebo/ros2_ws2/install/control_toolbox/share/control_toolbox/cmake/control_toolboxConfig.cmake
[0.310s] -- Up-to-date: /home/changye/Ros2_gazebo/ros2_ws2/install/control_toolbox/share/control_toolbox/cmake/control_toolboxConfig-version.cmake
[0.310s] -- Up-to-date: /home/changye/Ros2_gazebo/ros2_ws2/install/control_toolbox/share/control_toolbox/package.xml
[0.311s] Invoked command in '/home/changye/Ros2_gazebo/ros2_ws2/build/control_toolbox' returned '0': AMENT_PREFIX_PATH=/home/changye/Ros2_gazebo/ros2_ws2/install/control_msgs:${AMENT_PREFIX_PATH} CMAKE_PREFIX_PATH=/home/changye/Ros2_gazebo/ros2_ws2/install/control_msgs:/opt/ros/humble LD_LIBRARY_PATH=/home/changye/Ros2_gazebo/ros2_ws2/install/control_msgs/lib:/usr/lib/x86_64-linux-gnu/gazebo-11/plugins:/opt/ros/humble/lib/x86_64-linux-gnu:/opt/ros/humble/lib:/usr/lib/x86_64-linux-gnu/gazebo-11/plugins:/usr/share/gazebo-11/../../lib/x86_64-linux-gnu/gazebo-11/plugins:/usr/lib/x86_64-linux-gnu/gazebo-11/plugins PYTHONPATH=/home/changye/Ros2_gazebo/ros2_ws2/install/control_msgs/local/lib/python3.10/dist-packages:${PYTHONPATH} /usr/bin/cmake --install /home/changye/Ros2_gazebo/ros2_ws2/build/control_toolbox
