running develop
Removing /home/changye/Ros2_gazebo/ros2_ws2/install/agv_control_pkg/lib/python3.10/site-packages/agv-control-pkg.egg-link (link to .)
running egg_info
writing ../../build/agv_control_pkg/agv_control_pkg.egg-info/PKG-INFO
writing dependency_links to ../../build/agv_control_pkg/agv_control_pkg.egg-info/dependency_links.txt
writing entry points to ../../build/agv_control_pkg/agv_control_pkg.egg-info/entry_points.txt
writing requirements to ../../build/agv_control_pkg/agv_control_pkg.egg-info/requires.txt
writing top-level names to ../../build/agv_control_pkg/agv_control_pkg.egg-info/top_level.txt
reading manifest file '../../build/agv_control_pkg/agv_control_pkg.egg-info/SOURCES.txt'
writing manifest file '../../build/agv_control_pkg/agv_control_pkg.egg-info/SOURCES.txt'
running build
running build_py
copying agv_control_pkg/agv_controller.py -> /home/changye/Ros2_gazebo/ros2_ws2/build/agv_control_pkg/build/lib/agv_control_pkg
running install
running install_lib
creating /home/changye/Ros2_gazebo/ros2_ws2/install/agv_control_pkg/lib/python3.10/site-packages/agv_control_pkg
copying /home/changye/Ros2_gazebo/ros2_ws2/build/agv_control_pkg/build/lib/agv_control_pkg/tag_detection_node_old.py -> /home/changye/Ros2_gazebo/ros2_ws2/install/agv_control_pkg/lib/python3.10/site-packages/agv_control_pkg
copying /home/changye/Ros2_gazebo/ros2_ws2/build/agv_control_pkg/build/lib/agv_control_pkg/test_camera.py -> /home/changye/Ros2_gazebo/ros2_ws2/install/agv_control_pkg/lib/python3.10/site-packages/agv_control_pkg
copying /home/changye/Ros2_gazebo/ros2_ws2/build/agv_control_pkg/build/lib/agv_control_pkg/april_tag_detection.py -> /home/changye/Ros2_gazebo/ros2_ws2/install/agv_control_pkg/lib/python3.10/site-packages/agv_control_pkg
copying /home/changye/Ros2_gazebo/ros2_ws2/build/agv_control_pkg/build/lib/agv_control_pkg/__init__.py -> /home/changye/Ros2_gazebo/ros2_ws2/install/agv_control_pkg/lib/python3.10/site-packages/agv_control_pkg
copying /home/changye/Ros2_gazebo/ros2_ws2/build/agv_control_pkg/build/lib/agv_control_pkg/tf_broadcaster_node.py -> /home/changye/Ros2_gazebo/ros2_ws2/install/agv_control_pkg/lib/python3.10/site-packages/agv_control_pkg
copying /home/changye/Ros2_gazebo/ros2_ws2/build/agv_control_pkg/build/lib/agv_control_pkg/line_detection_test.py -> /home/changye/Ros2_gazebo/ros2_ws2/install/agv_control_pkg/lib/python3.10/site-packages/agv_control_pkg
copying /home/changye/Ros2_gazebo/ros2_ws2/build/agv_control_pkg/build/lib/agv_control_pkg/agv_controller.py -> /home/changye/Ros2_gazebo/ros2_ws2/install/agv_control_pkg/lib/python3.10/site-packages/agv_control_pkg
copying /home/changye/Ros2_gazebo/ros2_ws2/build/agv_control_pkg/build/lib/agv_control_pkg/line_detection_node.py -> /home/changye/Ros2_gazebo/ros2_ws2/install/agv_control_pkg/lib/python3.10/site-packages/agv_control_pkg
copying /home/changye/Ros2_gazebo/ros2_ws2/build/agv_control_pkg/build/lib/agv_control_pkg/tag_detection_node.py -> /home/changye/Ros2_gazebo/ros2_ws2/install/agv_control_pkg/lib/python3.10/site-packages/agv_control_pkg
copying /home/changye/Ros2_gazebo/ros2_ws2/build/agv_control_pkg/build/lib/agv_control_pkg/math_test.py -> /home/changye/Ros2_gazebo/ros2_ws2/install/agv_control_pkg/lib/python3.10/site-packages/agv_control_pkg
byte-compiling /home/changye/Ros2_gazebo/ros2_ws2/install/agv_control_pkg/lib/python3.10/site-packages/agv_control_pkg/tag_detection_node_old.py to tag_detection_node_old.cpython-310.pyc
byte-compiling /home/changye/Ros2_gazebo/ros2_ws2/install/agv_control_pkg/lib/python3.10/site-packages/agv_control_pkg/test_camera.py to test_camera.cpython-310.pyc
byte-compiling /home/changye/Ros2_gazebo/ros2_ws2/install/agv_control_pkg/lib/python3.10/site-packages/agv_control_pkg/april_tag_detection.py to april_tag_detection.cpython-310.pyc
byte-compiling /home/changye/Ros2_gazebo/ros2_ws2/install/agv_control_pkg/lib/python3.10/site-packages/agv_control_pkg/__init__.py to __init__.cpython-310.pyc
byte-compiling /home/changye/Ros2_gazebo/ros2_ws2/install/agv_control_pkg/lib/python3.10/site-packages/agv_control_pkg/tf_broadcaster_node.py to tf_broadcaster_node.cpython-310.pyc
byte-compiling /home/changye/Ros2_gazebo/ros2_ws2/install/agv_control_pkg/lib/python3.10/site-packages/agv_control_pkg/line_detection_test.py to line_detection_test.cpython-310.pyc
byte-compiling /home/changye/Ros2_gazebo/ros2_ws2/install/agv_control_pkg/lib/python3.10/site-packages/agv_control_pkg/agv_controller.py to agv_controller.cpython-310.pyc
byte-compiling /home/changye/Ros2_gazebo/ros2_ws2/install/agv_control_pkg/lib/python3.10/site-packages/agv_control_pkg/line_detection_node.py to line_detection_node.cpython-310.pyc
byte-compiling /home/changye/Ros2_gazebo/ros2_ws2/install/agv_control_pkg/lib/python3.10/site-packages/agv_control_pkg/tag_detection_node.py to tag_detection_node.cpython-310.pyc
byte-compiling /home/changye/Ros2_gazebo/ros2_ws2/install/agv_control_pkg/lib/python3.10/site-packages/agv_control_pkg/math_test.py to math_test.cpython-310.pyc
running install_data
copying resource/agv_control_pkg -> /home/changye/Ros2_gazebo/ros2_ws2/install/agv_control_pkg/share/ament_index/resource_index/packages
copying package.xml -> /home/changye/Ros2_gazebo/ros2_ws2/install/agv_control_pkg/share/agv_control_pkg
running install_egg_info
Copying ../../build/agv_control_pkg/agv_control_pkg.egg-info to /home/changye/Ros2_gazebo/ros2_ws2/install/agv_control_pkg/lib/python3.10/site-packages/agv_control_pkg-0.0.0-py3.10.egg-info
running install_scripts
Installing agv_controller script to /home/changye/Ros2_gazebo/ros2_ws2/install/agv_control_pkg/lib/agv_control_pkg
Installing line_detection script to /home/changye/Ros2_gazebo/ros2_ws2/install/agv_control_pkg/lib/agv_control_pkg
Installing tag_detection script to /home/changye/Ros2_gazebo/ros2_ws2/install/agv_control_pkg/lib/agv_control_pkg
Installing tag_detection_old script to /home/changye/Ros2_gazebo/ros2_ws2/install/agv_control_pkg/lib/agv_control_pkg
Installing tf_broadcaster script to /home/changye/Ros2_gazebo/ros2_ws2/install/agv_control_pkg/lib/agv_control_pkg
writing list of installed files to '/home/changye/Ros2_gazebo/ros2_ws2/build/agv_control_pkg/install.log'
