[0.007s] Invoking command in '/home/changye/Ros2_gazebo/ros2_ws2/build/kinematics_interface_kdl': AMENT_PREFIX_PATH=/home/changye/Ros2_gazebo/ros2_ws2/install/ros2_control_test_assets:/home/changye/Ros2_gazebo/ros2_ws2/install/kinematics_interface:${AMENT_PREFIX_PATH} CMAKE_PREFIX_PATH=/home/changye/Ros2_gazebo/ros2_ws2/install/ros2_control_test_assets:/home/changye/Ros2_gazebo/ros2_ws2/install/kinematics_interface:/opt/ros/humble LD_LIBRARY_PATH=/home/changye/Ros2_gazebo/ros2_ws2/install/kinematics_interface/lib:/usr/lib/x86_64-linux-gnu/gazebo-11/plugins:/opt/ros/humble/lib/x86_64-linux-gnu:/opt/ros/humble/lib:/usr/lib/x86_64-linux-gnu/gazebo-11/plugins:/usr/share/gazebo-11/../../lib/x86_64-linux-gnu/gazebo-11/plugins:/usr/lib/x86_64-linux-gnu/gazebo-11/plugins /usr/bin/cmake /home/changye/Ros2_gazebo/ros2_ws2/src/ros-controls/kinematics_interface/kinematics_interface_kdl -DCMAKE_INSTALL_PREFIX=/home/changye/Ros2_gazebo/ros2_ws2/install/kinematics_interface_kdl
[0.061s] -- The CXX compiler identification is GNU 11.4.0
[0.070s] -- Detecting CXX compiler ABI info
[0.133s] -- Detecting CXX compiler ABI info - done
[0.145s] -- Check for working CXX compiler: /usr/bin/c++ - skipped
[0.145s] -- Detecting CXX compile features
[0.146s] -- Detecting CXX compile features - done
[0.148s] -- Found ament_cmake: 1.3.11 (/opt/ros/humble/share/ament_cmake/cmake)
[0.272s] -- Found Python3: /usr/bin/python3 (found version "3.10.12") found components: Interpreter 
[0.342s] -- Found kdl_parser: 2.6.4 (/opt/ros/humble/share/kdl_parser/cmake)
[0.351s] -- Found eigen3_cmake_module: 0.1.1 (/opt/ros/humble/share/eigen3_cmake_module/cmake)
[0.352s] -- Found Eigen3: TRUE (found version "3.4.0") 
[0.352s] -- Ensuring Eigen3 include directory is part of orocos-kdl CMake target
[0.358s] -- Found kinematics_interface: 1.0.0 (/home/changye/Ros2_gazebo/ros2_ws2/install/kinematics_interface/share/kinematics_interface/cmake)
[0.381s] -- Found rosidl_generator_c: 3.1.6 (/opt/ros/humble/share/rosidl_generator_c/cmake)
[0.385s] -- Found rosidl_adapter: 3.1.6 (/opt/ros/humble/share/rosidl_adapter/cmake)
[0.391s] -- Found rosidl_generator_cpp: 3.1.6 (/opt/ros/humble/share/rosidl_generator_cpp/cmake)
[0.401s] -- Using all available rosidl_typesupport_c: rosidl_typesupport_fastrtps_c;rosidl_typesupport_introspection_c
[0.416s] -- Using all available rosidl_typesupport_cpp: rosidl_typesupport_fastrtps_cpp;rosidl_typesupport_introspection_cpp
[0.459s] -- Found rmw_implementation_cmake: 6.1.2 (/opt/ros/humble/share/rmw_implementation_cmake/cmake)
[0.460s] -- Found rmw_fastrtps_cpp: 6.2.7 (/opt/ros/humble/share/rmw_fastrtps_cpp/cmake)
[0.529s] -- Found OpenSSL: /usr/lib/x86_64-linux-gnu/libcrypto.so (found version "3.0.2")  
[0.550s] -- Found FastRTPS: /opt/ros/humble/include  
[0.589s] -- Using RMW implementation 'rmw_fastrtps_cpp' as default
[0.594s] -- Looking for C++ include pthread.h
[0.713s] -- Looking for C++ include pthread.h - found
[0.713s] -- Performing Test CMAKE_HAVE_LIBC_PTHREAD
[0.834s] -- Performing Test CMAKE_HAVE_LIBC_PTHREAD - Success
[0.840s] -- Found Threads: TRUE  
[0.956s] -- Found pluginlib: 5.1.0 (/opt/ros/humble/share/pluginlib/cmake)
[0.991s] -- Found tf2_eigen_kdl: 0.25.9 (/opt/ros/humble/share/tf2_eigen_kdl/cmake)
[1.026s] -- Found ament_cmake_gmock: 1.3.11 (/opt/ros/humble/share/ament_cmake_gmock/cmake)
[1.026s] -- Found ros2_control_test_assets: 2.47.0 (/home/changye/Ros2_gazebo/ros2_ws2/install/ros2_control_test_assets/share/ros2_control_test_assets/cmake)
[1.028s] -- Found gmock sources under '/opt/ros/humble/src/gmock_vendor': C++ tests using 'Google Mock' will be built
[1.083s] -- The C compiler identification is GNU 11.4.0
[1.088s] -- Detecting C compiler ABI info
[1.152s] -- Detecting C compiler ABI info - done
[1.159s] -- Check for working C compiler: /usr/bin/cc - skipped
[1.159s] -- Detecting C compile features
[1.159s] -- Detecting C compile features - done
[1.163s] -- Found ament_cmake_gtest: 1.3.11 (/opt/ros/humble/share/ament_cmake_gtest/cmake)
[1.163s] -- Found gtest sources under '/opt/ros/humble/src/gtest_vendor': C++ tests using 'Google Test' will be built
[1.230s] -- Configuring done
[1.253s] -- Generating done
[1.262s] -- Build files have been written to: /home/changye/Ros2_gazebo/ros2_ws2/build/kinematics_interface_kdl
[1.273s] Invoked command in '/home/changye/Ros2_gazebo/ros2_ws2/build/kinematics_interface_kdl' returned '0': AMENT_PREFIX_PATH=/home/changye/Ros2_gazebo/ros2_ws2/install/ros2_control_test_assets:/home/changye/Ros2_gazebo/ros2_ws2/install/kinematics_interface:${AMENT_PREFIX_PATH} CMAKE_PREFIX_PATH=/home/changye/Ros2_gazebo/ros2_ws2/install/ros2_control_test_assets:/home/changye/Ros2_gazebo/ros2_ws2/install/kinematics_interface:/opt/ros/humble LD_LIBRARY_PATH=/home/changye/Ros2_gazebo/ros2_ws2/install/kinematics_interface/lib:/usr/lib/x86_64-linux-gnu/gazebo-11/plugins:/opt/ros/humble/lib/x86_64-linux-gnu:/opt/ros/humble/lib:/usr/lib/x86_64-linux-gnu/gazebo-11/plugins:/usr/share/gazebo-11/../../lib/x86_64-linux-gnu/gazebo-11/plugins:/usr/lib/x86_64-linux-gnu/gazebo-11/plugins /usr/bin/cmake /home/changye/Ros2_gazebo/ros2_ws2/src/ros-controls/kinematics_interface/kinematics_interface_kdl -DCMAKE_INSTALL_PREFIX=/home/changye/Ros2_gazebo/ros2_ws2/install/kinematics_interface_kdl
[1.274s] Invoking command in '/home/changye/Ros2_gazebo/ros2_ws2/build/kinematics_interface_kdl': AMENT_PREFIX_PATH=/home/changye/Ros2_gazebo/ros2_ws2/install/ros2_control_test_assets:/home/changye/Ros2_gazebo/ros2_ws2/install/kinematics_interface:${AMENT_PREFIX_PATH} CMAKE_PREFIX_PATH=/home/changye/Ros2_gazebo/ros2_ws2/install/ros2_control_test_assets:/home/changye/Ros2_gazebo/ros2_ws2/install/kinematics_interface:/opt/ros/humble LD_LIBRARY_PATH=/home/changye/Ros2_gazebo/ros2_ws2/install/kinematics_interface/lib:/usr/lib/x86_64-linux-gnu/gazebo-11/plugins:/opt/ros/humble/lib/x86_64-linux-gnu:/opt/ros/humble/lib:/usr/lib/x86_64-linux-gnu/gazebo-11/plugins:/usr/share/gazebo-11/../../lib/x86_64-linux-gnu/gazebo-11/plugins:/usr/lib/x86_64-linux-gnu/gazebo-11/plugins /usr/bin/cmake --build /home/changye/Ros2_gazebo/ros2_ws2/build/kinematics_interface_kdl -- -j12 -l12
[1.324s] [ 11%] [32mBuilding CXX object CMakeFiles/kinematics_interface_kdl.dir/src/kinematics_interface_kdl.cpp.o[0m
[1.326s] [ 22%] [32mBuilding CXX object gmock/CMakeFiles/gmock_main.dir/src/gmock_main.cc.o[0m
[1.337s] [ 33%] [32mBuilding CXX object gmock/CMakeFiles/gmock.dir/opt/ros/humble/src/gtest_vendor/src/gtest-all.cc.o[0m
[1.350s] [ 44%] [32mBuilding CXX object gmock/CMakeFiles/gmock.dir/src/gmock-all.cc.o[0m
[4.148s] [ 55%] [32m[1mLinking CXX static library libgmock_main.a[0m
[4.295s] [ 55%] Built target gmock_main
[8.639s] [ 66%] [32m[1mLinking CXX static library libgmock.a[0m
[8.754s] [ 66%] Built target gmock
[13.524s] [ 77%] [32m[1mLinking CXX shared library libkinematics_interface_kdl.so[0m
[14.230s] [ 77%] Built target kinematics_interface_kdl
[14.274s] [ 88%] [32mBuilding CXX object CMakeFiles/test_kinematics_interface_kdl.dir/test/test_kinematics_interface_kdl.cpp.o[0m
[20.067s] [100%] [32m[1mLinking CXX executable test_kinematics_interface_kdl[0m
[20.306s] [100%] Built target test_kinematics_interface_kdl
[20.314s] Invoked command in '/home/changye/Ros2_gazebo/ros2_ws2/build/kinematics_interface_kdl' returned '0': AMENT_PREFIX_PATH=/home/changye/Ros2_gazebo/ros2_ws2/install/ros2_control_test_assets:/home/changye/Ros2_gazebo/ros2_ws2/install/kinematics_interface:${AMENT_PREFIX_PATH} CMAKE_PREFIX_PATH=/home/changye/Ros2_gazebo/ros2_ws2/install/ros2_control_test_assets:/home/changye/Ros2_gazebo/ros2_ws2/install/kinematics_interface:/opt/ros/humble LD_LIBRARY_PATH=/home/changye/Ros2_gazebo/ros2_ws2/install/kinematics_interface/lib:/usr/lib/x86_64-linux-gnu/gazebo-11/plugins:/opt/ros/humble/lib/x86_64-linux-gnu:/opt/ros/humble/lib:/usr/lib/x86_64-linux-gnu/gazebo-11/plugins:/usr/share/gazebo-11/../../lib/x86_64-linux-gnu/gazebo-11/plugins:/usr/lib/x86_64-linux-gnu/gazebo-11/plugins /usr/bin/cmake --build /home/changye/Ros2_gazebo/ros2_ws2/build/kinematics_interface_kdl -- -j12 -l12
[20.315s] Invoking command in '/home/changye/Ros2_gazebo/ros2_ws2/build/kinematics_interface_kdl': AMENT_PREFIX_PATH=/home/changye/Ros2_gazebo/ros2_ws2/install/ros2_control_test_assets:/home/changye/Ros2_gazebo/ros2_ws2/install/kinematics_interface:${AMENT_PREFIX_PATH} CMAKE_PREFIX_PATH=/home/changye/Ros2_gazebo/ros2_ws2/install/ros2_control_test_assets:/home/changye/Ros2_gazebo/ros2_ws2/install/kinematics_interface:/opt/ros/humble LD_LIBRARY_PATH=/home/changye/Ros2_gazebo/ros2_ws2/install/kinematics_interface/lib:/usr/lib/x86_64-linux-gnu/gazebo-11/plugins:/opt/ros/humble/lib/x86_64-linux-gnu:/opt/ros/humble/lib:/usr/lib/x86_64-linux-gnu/gazebo-11/plugins:/usr/share/gazebo-11/../../lib/x86_64-linux-gnu/gazebo-11/plugins:/usr/lib/x86_64-linux-gnu/gazebo-11/plugins /usr/bin/cmake --install /home/changye/Ros2_gazebo/ros2_ws2/build/kinematics_interface_kdl
[20.320s] -- Install configuration: ""
[20.321s] -- Installing: /home/changye/Ros2_gazebo/ros2_ws2/install/kinematics_interface_kdl/share/kinematics_interface_kdl/kinematics_interface_kdl.xml
[20.321s] -- Installing: /home/changye/Ros2_gazebo/ros2_ws2/install/kinematics_interface_kdl/include/kinematics_interface_kdl
[20.321s] -- Installing: /home/changye/Ros2_gazebo/ros2_ws2/install/kinematics_interface_kdl/include/kinematics_interface_kdl/kinematics_interface_kdl
[20.321s] -- Installing: /home/changye/Ros2_gazebo/ros2_ws2/install/kinematics_interface_kdl/include/kinematics_interface_kdl/kinematics_interface_kdl/kinematics_interface_kdl.hpp
[20.321s] -- Installing: /home/changye/Ros2_gazebo/ros2_ws2/install/kinematics_interface_kdl/lib/libkinematics_interface_kdl.so
[20.324s] -- Set runtime path of "/home/changye/Ros2_gazebo/ros2_ws2/install/kinematics_interface_kdl/lib/libkinematics_interface_kdl.so" to ""
[20.324s] -- Installing: /home/changye/Ros2_gazebo/ros2_ws2/install/kinematics_interface_kdl/share/kinematics_interface_kdl/environment/library_path.sh
[20.324s] -- Installing: /home/changye/Ros2_gazebo/ros2_ws2/install/kinematics_interface_kdl/share/kinematics_interface_kdl/environment/library_path.dsv
[20.324s] -- Installing: /home/changye/Ros2_gazebo/ros2_ws2/install/kinematics_interface_kdl/share/ament_index/resource_index/package_run_dependencies/kinematics_interface_kdl
[20.324s] -- Installing: /home/changye/Ros2_gazebo/ros2_ws2/install/kinematics_interface_kdl/share/ament_index/resource_index/parent_prefix_path/kinematics_interface_kdl
[20.324s] -- Installing: /home/changye/Ros2_gazebo/ros2_ws2/install/kinematics_interface_kdl/share/kinematics_interface_kdl/environment/ament_prefix_path.sh
[20.324s] -- Installing: /home/changye/Ros2_gazebo/ros2_ws2/install/kinematics_interface_kdl/share/kinematics_interface_kdl/environment/ament_prefix_path.dsv
[20.324s] -- Installing: /home/changye/Ros2_gazebo/ros2_ws2/install/kinematics_interface_kdl/share/kinematics_interface_kdl/environment/path.sh
[20.324s] -- Installing: /home/changye/Ros2_gazebo/ros2_ws2/install/kinematics_interface_kdl/share/kinematics_interface_kdl/environment/path.dsv
[20.324s] -- Installing: /home/changye/Ros2_gazebo/ros2_ws2/install/kinematics_interface_kdl/share/kinematics_interface_kdl/local_setup.bash
[20.325s] -- Installing: /home/changye/Ros2_gazebo/ros2_ws2/install/kinematics_interface_kdl/share/kinematics_interface_kdl/local_setup.sh
[20.325s] -- Installing: /home/changye/Ros2_gazebo/ros2_ws2/install/kinematics_interface_kdl/share/kinematics_interface_kdl/local_setup.zsh
[20.325s] -- Installing: /home/changye/Ros2_gazebo/ros2_ws2/install/kinematics_interface_kdl/share/kinematics_interface_kdl/local_setup.dsv
[20.325s] -- Installing: /home/changye/Ros2_gazebo/ros2_ws2/install/kinematics_interface_kdl/share/kinematics_interface_kdl/package.dsv
[20.325s] -- Installing: /home/changye/Ros2_gazebo/ros2_ws2/install/kinematics_interface_kdl/share/ament_index/resource_index/packages/kinematics_interface_kdl
[20.325s] -- Installing: /home/changye/Ros2_gazebo/ros2_ws2/install/kinematics_interface_kdl/share/ament_index/resource_index/kinematics_interface__pluginlib__plugin/kinematics_interface_kdl
[20.325s] -- Installing: /home/changye/Ros2_gazebo/ros2_ws2/install/kinematics_interface_kdl/share/kinematics_interface_kdl/cmake/export_kinematics_interface_kdlExport.cmake
[20.325s] -- Installing: /home/changye/Ros2_gazebo/ros2_ws2/install/kinematics_interface_kdl/share/kinematics_interface_kdl/cmake/export_kinematics_interface_kdlExport-noconfig.cmake
[20.325s] -- Installing: /home/changye/Ros2_gazebo/ros2_ws2/install/kinematics_interface_kdl/share/kinematics_interface_kdl/cmake/ament_cmake_export_targets-extras.cmake
[20.325s] -- Installing: /home/changye/Ros2_gazebo/ros2_ws2/install/kinematics_interface_kdl/share/kinematics_interface_kdl/cmake/ament_cmake_export_dependencies-extras.cmake
[20.326s] -- Installing: /home/changye/Ros2_gazebo/ros2_ws2/install/kinematics_interface_kdl/share/kinematics_interface_kdl/cmake/kinematics_interface_kdlConfig.cmake
[20.326s] -- Installing: /home/changye/Ros2_gazebo/ros2_ws2/install/kinematics_interface_kdl/share/kinematics_interface_kdl/cmake/kinematics_interface_kdlConfig-version.cmake
[20.326s] -- Installing: /home/changye/Ros2_gazebo/ros2_ws2/install/kinematics_interface_kdl/share/kinematics_interface_kdl/package.xml
[20.327s] Invoked command in '/home/changye/Ros2_gazebo/ros2_ws2/build/kinematics_interface_kdl' returned '0': AMENT_PREFIX_PATH=/home/changye/Ros2_gazebo/ros2_ws2/install/ros2_control_test_assets:/home/changye/Ros2_gazebo/ros2_ws2/install/kinematics_interface:${AMENT_PREFIX_PATH} CMAKE_PREFIX_PATH=/home/changye/Ros2_gazebo/ros2_ws2/install/ros2_control_test_assets:/home/changye/Ros2_gazebo/ros2_ws2/install/kinematics_interface:/opt/ros/humble LD_LIBRARY_PATH=/home/changye/Ros2_gazebo/ros2_ws2/install/kinematics_interface/lib:/usr/lib/x86_64-linux-gnu/gazebo-11/plugins:/opt/ros/humble/lib/x86_64-linux-gnu:/opt/ros/humble/lib:/usr/lib/x86_64-linux-gnu/gazebo-11/plugins:/usr/share/gazebo-11/../../lib/x86_64-linux-gnu/gazebo-11/plugins:/usr/lib/x86_64-linux-gnu/gazebo-11/plugins /usr/bin/cmake --install /home/changye/Ros2_gazebo/ros2_ws2/build/kinematics_interface_kdl
