[1.669s] Invoking command in '/home/changye/ros2_ws2/src/agv_control_pkg': PYTHONPATH=/home/changye/ros2_ws2/build/agv_control_pkg/prefix_override:/home/changye/ros2_ws2/install/agv_control_pkg/lib/python3.10/site-packages:${PYTHONPATH} /usr/bin/python3 -W ignore:setup.py install is deprecated setup.py egg_info --egg-base ../../build/agv_control_pkg build --build-base /home/changye/ros2_ws2/build/agv_control_pkg/build install --record /home/changye/ros2_ws2/build/agv_control_pkg/install.log --single-version-externally-managed install_data
[2.089s] running egg_info
[2.089s] creating ../../build/agv_control_pkg/agv_control_pkg.egg-info
[2.089s] writing ../../build/agv_control_pkg/agv_control_pkg.egg-info/PKG-INFO
[2.089s] writing dependency_links to ../../build/agv_control_pkg/agv_control_pkg.egg-info/dependency_links.txt
[2.090s] writing entry points to ../../build/agv_control_pkg/agv_control_pkg.egg-info/entry_points.txt
[2.090s] writing requirements to ../../build/agv_control_pkg/agv_control_pkg.egg-info/requires.txt
[2.090s] writing top-level names to ../../build/agv_control_pkg/agv_control_pkg.egg-info/top_level.txt
[2.090s] writing manifest file '../../build/agv_control_pkg/agv_control_pkg.egg-info/SOURCES.txt'
[2.091s] reading manifest file '../../build/agv_control_pkg/agv_control_pkg.egg-info/SOURCES.txt'
[2.091s] writing manifest file '../../build/agv_control_pkg/agv_control_pkg.egg-info/SOURCES.txt'
[2.091s] running build
[2.092s] running build_py
[2.092s] creating /home/changye/ros2_ws2/build/agv_control_pkg/build
[2.092s] creating /home/changye/ros2_ws2/build/agv_control_pkg/build/lib
[2.092s] creating /home/changye/ros2_ws2/build/agv_control_pkg/build/lib/agv_control_pkg
[2.092s] copying agv_control_pkg/__init__.py -> /home/changye/ros2_ws2/build/agv_control_pkg/build/lib/agv_control_pkg
[2.092s] copying agv_control_pkg/agv_controller.py -> /home/changye/ros2_ws2/build/agv_control_pkg/build/lib/agv_control_pkg
[2.092s] running install
[2.092s] running install_lib
[2.093s] creating /home/changye/ros2_ws2/install/agv_control_pkg/lib/python3.10/site-packages/agv_control_pkg
[2.093s] copying /home/changye/ros2_ws2/build/agv_control_pkg/build/lib/agv_control_pkg/__init__.py -> /home/changye/ros2_ws2/install/agv_control_pkg/lib/python3.10/site-packages/agv_control_pkg
[2.093s] copying /home/changye/ros2_ws2/build/agv_control_pkg/build/lib/agv_control_pkg/agv_controller.py -> /home/changye/ros2_ws2/install/agv_control_pkg/lib/python3.10/site-packages/agv_control_pkg
[2.094s] byte-compiling /home/changye/ros2_ws2/install/agv_control_pkg/lib/python3.10/site-packages/agv_control_pkg/__init__.py to __init__.cpython-310.pyc
[2.095s] byte-compiling /home/changye/ros2_ws2/install/agv_control_pkg/lib/python3.10/site-packages/agv_control_pkg/agv_controller.py to agv_controller.cpython-310.pyc
[2.095s] running install_data
[2.095s] creating /home/changye/ros2_ws2/install/agv_control_pkg/share/ament_index
[2.095s] creating /home/changye/ros2_ws2/install/agv_control_pkg/share/ament_index/resource_index
[2.095s] creating /home/changye/ros2_ws2/install/agv_control_pkg/share/ament_index/resource_index/packages
[2.095s] copying resource/agv_control_pkg -> /home/changye/ros2_ws2/install/agv_control_pkg/share/ament_index/resource_index/packages
[2.095s] copying package.xml -> /home/changye/ros2_ws2/install/agv_control_pkg/share/agv_control_pkg
[2.096s] running install_egg_info
[2.098s] Copying ../../build/agv_control_pkg/agv_control_pkg.egg-info to /home/changye/ros2_ws2/install/agv_control_pkg/lib/python3.10/site-packages/agv_control_pkg-0.0.0-py3.10.egg-info
[2.098s] running install_scripts
[2.126s] Installing agv_controller script to /home/changye/ros2_ws2/install/agv_control_pkg/lib/agv_control_pkg
[2.126s] writing list of installed files to '/home/changye/ros2_ws2/build/agv_control_pkg/install.log'
[2.144s] Invoked command in '/home/changye/ros2_ws2/src/agv_control_pkg' returned '0': PYTHONPATH=/home/changye/ros2_ws2/build/agv_control_pkg/prefix_override:/home/changye/ros2_ws2/install/agv_control_pkg/lib/python3.10/site-packages:${PYTHONPATH} /usr/bin/python3 -W ignore:setup.py install is deprecated setup.py egg_info --egg-base ../../build/agv_control_pkg build --build-base /home/changye/ros2_ws2/build/agv_control_pkg/build install --record /home/changye/ros2_ws2/build/agv_control_pkg/install.log --single-version-externally-managed install_data
