[0.038s] Invoking command in '/home/changye/Ros2_gazebo/ros2_ws2/build/position_controllers': AMENT_PREFIX_PATH=/home/changye/Ros2_gazebo/ros2_ws2/install/forward_command_controller:/home/changye/Ros2_gazebo/ros2_ws2/install/controller_manager:/home/changye/Ros2_gazebo/ros2_ws2/install/hardware_interface_testing:/home/changye/Ros2_gazebo/ros2_ws2/install/controller_interface:/home/changye/Ros2_gazebo/ros2_ws2/install/hardware_interface:/home/changye/Ros2_gazebo/ros2_ws2/install/ros2_control_test_assets:/home/changye/Ros2_gazebo/ros2_ws2/install/controller_manager_msgs:/home/changye/Ros2_gazebo/ros2_ws2/install/control_msgs:${AMENT_PREFIX_PATH} CMAKE_PREFIX_PATH=/home/changye/Ros2_gazebo/ros2_ws2/install/forward_command_controller:/home/changye/Ros2_gazebo/ros2_ws2/install/controller_manager:/home/changye/Ros2_gazebo/ros2_ws2/install/hardware_interface_testing:/home/changye/Ros2_gazebo/ros2_ws2/install/controller_interface:/home/changye/Ros2_gazebo/ros2_ws2/install/hardware_interface:/home/changye/Ros2_gazebo/ros2_ws2/install/ros2_control_test_assets:/home/changye/Ros2_gazebo/ros2_ws2/install/controller_manager_msgs:/home/changye/Ros2_gazebo/ros2_ws2/install/control_msgs:/opt/ros/humble LD_LIBRARY_PATH=/home/changye/Ros2_gazebo/ros2_ws2/install/forward_command_controller/lib:/home/changye/Ros2_gazebo/ros2_ws2/install/controller_manager/lib:/home/changye/Ros2_gazebo/ros2_ws2/install/hardware_interface_testing/lib:/home/changye/Ros2_gazebo/ros2_ws2/install/controller_interface/lib:/home/changye/Ros2_gazebo/ros2_ws2/install/hardware_interface/lib:/home/changye/Ros2_gazebo/ros2_ws2/install/controller_manager_msgs/lib:/home/changye/Ros2_gazebo/ros2_ws2/install/control_msgs/lib:/usr/lib/x86_64-linux-gnu/gazebo-11/plugins:/opt/ros/humble/lib/x86_64-linux-gnu:/opt/ros/humble/lib:/usr/lib/x86_64-linux-gnu/gazebo-11/plugins:/usr/share/gazebo-11/../../lib/x86_64-linux-gnu/gazebo-11/plugins:/usr/lib/x86_64-linux-gnu/gazebo-11/plugins PYTHONPATH=/home/changye/Ros2_gazebo/ros2_ws2/install/controller_manager/local/lib/python3.10/dist-packages:/home/changye/Ros2_gazebo/ros2_ws2/install/controller_manager_msgs/local/lib/python3.10/dist-packages:/home/changye/Ros2_gazebo/ros2_ws2/install/control_msgs/local/lib/python3.10/dist-packages:${PYTHONPATH} /usr/bin/cmake /home/changye/Ros2_gazebo/ros2_ws2/src/ros-controls/ros2_controllers/position_controllers -DCMAKE_INSTALL_PREFIX=/home/changye/Ros2_gazebo/ros2_ws2/install/position_controllers
[2.749s] -- The CXX compiler identification is GNU 11.4.0
[2.749s] -- Detecting CXX compiler ABI info
[2.749s] -- Detecting CXX compiler ABI info - done
[2.749s] -- Check for working CXX compiler: /usr/bin/c++ - skipped
[2.749s] -- Detecting CXX compile features
[2.749s] -- Detecting CXX compile features - done
[2.749s] -- Found ament_cmake: 1.3.11 (/opt/ros/humble/share/ament_cmake/cmake)
[2.749s] -- Found Python3: /usr/bin/python3 (found version "3.10.12") found components: Interpreter 
[2.749s] -- Found forward_command_controller: 2.30.0 (/home/changye/Ros2_gazebo/ros2_ws2/install/forward_command_controller/share/forward_command_controller/cmake)
[2.750s] -- Found rosidl_generator_c: 3.1.6 (/opt/ros/humble/share/rosidl_generator_c/cmake)
[2.750s] -- Found rosidl_adapter: 3.1.6 (/opt/ros/humble/share/rosidl_adapter/cmake)
[2.750s] -- Found rosidl_generator_cpp: 3.1.6 (/opt/ros/humble/share/rosidl_generator_cpp/cmake)
[2.750s] -- Using all available rosidl_typesupport_c: rosidl_typesupport_fastrtps_c;rosidl_typesupport_introspection_c
[2.750s] -- Using all available rosidl_typesupport_cpp: rosidl_typesupport_fastrtps_cpp;rosidl_typesupport_introspection_cpp
[2.750s] -- Found rmw_implementation_cmake: 6.1.2 (/opt/ros/humble/share/rmw_implementation_cmake/cmake)
[2.750s] -- Found rmw_fastrtps_cpp: 6.2.7 (/opt/ros/humble/share/rmw_fastrtps_cpp/cmake)
[2.750s] -- Found TinyXML2 via Config file: TinyXML2_DIR-NOTFOUND
[2.750s] -- Found OpenSSL: /usr/lib/x86_64-linux-gnu/libcrypto.so (found version "3.0.2")  
[2.750s] -- Found TinyXML2 via Config file: TinyXML2_DIR-NOTFOUND
[2.750s] -- Found FastRTPS: /opt/ros/humble/include  
[2.750s] -- Found TinyXML2 via Config file: TinyXML2_DIR-NOTFOUND
[2.751s] -- Found TinyXML2 via Config file: TinyXML2_DIR-NOTFOUND
[2.751s] -- Using RMW implementation 'rmw_fastrtps_cpp' as default
[2.751s] -- Looking for C++ include pthread.h
[2.751s] -- Looking for C++ include pthread.h - found
[2.751s] -- Performing Test CMAKE_HAVE_LIBC_PTHREAD
[2.751s] -- Performing Test CMAKE_HAVE_LIBC_PTHREAD - Success
[2.751s] -- Found Threads: TRUE  
[2.751s] -- Found parameter_traits: 0.3.9 (/opt/ros/humble/share/parameter_traits/cmake)
[2.751s] -- Found ament_cmake_gmock: 1.3.11 (/opt/ros/humble/share/ament_cmake_gmock/cmake)
[2.751s] -- Found controller_manager: 2.47.0 (/home/changye/Ros2_gazebo/ros2_ws2/install/controller_manager/share/controller_manager/cmake)
[2.751s] -- Found ros2_control_test_assets: 2.47.0 (/home/changye/Ros2_gazebo/ros2_ws2/install/ros2_control_test_assets/share/ros2_control_test_assets/cmake)
[2.751s] -- Found gmock sources under '/opt/ros/humble/src/gmock_vendor': C++ tests using 'Google Mock' will be built
[2.752s] -- The C compiler identification is GNU 11.4.0
[2.756s] -- Detecting C compiler ABI info
[2.756s] -- Detecting C compiler ABI info - done
[2.756s] -- Check for working C compiler: /usr/bin/cc - skipped
[2.756s] -- Detecting C compile features
[2.756s] -- Detecting C compile features - done
[2.757s] -- Found ament_cmake_gtest: 1.3.11 (/opt/ros/humble/share/ament_cmake_gtest/cmake)
[2.757s] -- Found gtest sources under '/opt/ros/humble/src/gtest_vendor': C++ tests using 'Google Test' will be built
[2.757s] -- Configuring done
[2.757s] -- Generating done
[2.766s] -- Build files have been written to: /home/changye/Ros2_gazebo/ros2_ws2/build/position_controllers
[2.785s] Invoked command in '/home/changye/Ros2_gazebo/ros2_ws2/build/position_controllers' returned '0': AMENT_PREFIX_PATH=/home/changye/Ros2_gazebo/ros2_ws2/install/forward_command_controller:/home/changye/Ros2_gazebo/ros2_ws2/install/controller_manager:/home/changye/Ros2_gazebo/ros2_ws2/install/hardware_interface_testing:/home/changye/Ros2_gazebo/ros2_ws2/install/controller_interface:/home/changye/Ros2_gazebo/ros2_ws2/install/hardware_interface:/home/changye/Ros2_gazebo/ros2_ws2/install/ros2_control_test_assets:/home/changye/Ros2_gazebo/ros2_ws2/install/controller_manager_msgs:/home/changye/Ros2_gazebo/ros2_ws2/install/control_msgs:${AMENT_PREFIX_PATH} CMAKE_PREFIX_PATH=/home/changye/Ros2_gazebo/ros2_ws2/install/forward_command_controller:/home/changye/Ros2_gazebo/ros2_ws2/install/controller_manager:/home/changye/Ros2_gazebo/ros2_ws2/install/hardware_interface_testing:/home/changye/Ros2_gazebo/ros2_ws2/install/controller_interface:/home/changye/Ros2_gazebo/ros2_ws2/install/hardware_interface:/home/changye/Ros2_gazebo/ros2_ws2/install/ros2_control_test_assets:/home/changye/Ros2_gazebo/ros2_ws2/install/controller_manager_msgs:/home/changye/Ros2_gazebo/ros2_ws2/install/control_msgs:/opt/ros/humble LD_LIBRARY_PATH=/home/changye/Ros2_gazebo/ros2_ws2/install/forward_command_controller/lib:/home/changye/Ros2_gazebo/ros2_ws2/install/controller_manager/lib:/home/changye/Ros2_gazebo/ros2_ws2/install/hardware_interface_testing/lib:/home/changye/Ros2_gazebo/ros2_ws2/install/controller_interface/lib:/home/changye/Ros2_gazebo/ros2_ws2/install/hardware_interface/lib:/home/changye/Ros2_gazebo/ros2_ws2/install/controller_manager_msgs/lib:/home/changye/Ros2_gazebo/ros2_ws2/install/control_msgs/lib:/usr/lib/x86_64-linux-gnu/gazebo-11/plugins:/opt/ros/humble/lib/x86_64-linux-gnu:/opt/ros/humble/lib:/usr/lib/x86_64-linux-gnu/gazebo-11/plugins:/usr/share/gazebo-11/../../lib/x86_64-linux-gnu/gazebo-11/plugins:/usr/lib/x86_64-linux-gnu/gazebo-11/plugins PYTHONPATH=/home/changye/Ros2_gazebo/ros2_ws2/install/controller_manager/local/lib/python3.10/dist-packages:/home/changye/Ros2_gazebo/ros2_ws2/install/controller_manager_msgs/local/lib/python3.10/dist-packages:/home/changye/Ros2_gazebo/ros2_ws2/install/control_msgs/local/lib/python3.10/dist-packages:${PYTHONPATH} /usr/bin/cmake /home/changye/Ros2_gazebo/ros2_ws2/src/ros-controls/ros2_controllers/position_controllers -DCMAKE_INSTALL_PREFIX=/home/changye/Ros2_gazebo/ros2_ws2/install/position_controllers
[2.798s] Invoking command in '/home/changye/Ros2_gazebo/ros2_ws2/build/position_controllers': AMENT_PREFIX_PATH=/home/changye/Ros2_gazebo/ros2_ws2/install/forward_command_controller:/home/changye/Ros2_gazebo/ros2_ws2/install/controller_manager:/home/changye/Ros2_gazebo/ros2_ws2/install/hardware_interface_testing:/home/changye/Ros2_gazebo/ros2_ws2/install/controller_interface:/home/changye/Ros2_gazebo/ros2_ws2/install/hardware_interface:/home/changye/Ros2_gazebo/ros2_ws2/install/ros2_control_test_assets:/home/changye/Ros2_gazebo/ros2_ws2/install/controller_manager_msgs:/home/changye/Ros2_gazebo/ros2_ws2/install/control_msgs:${AMENT_PREFIX_PATH} CMAKE_PREFIX_PATH=/home/changye/Ros2_gazebo/ros2_ws2/install/forward_command_controller:/home/changye/Ros2_gazebo/ros2_ws2/install/controller_manager:/home/changye/Ros2_gazebo/ros2_ws2/install/hardware_interface_testing:/home/changye/Ros2_gazebo/ros2_ws2/install/controller_interface:/home/changye/Ros2_gazebo/ros2_ws2/install/hardware_interface:/home/changye/Ros2_gazebo/ros2_ws2/install/ros2_control_test_assets:/home/changye/Ros2_gazebo/ros2_ws2/install/controller_manager_msgs:/home/changye/Ros2_gazebo/ros2_ws2/install/control_msgs:/opt/ros/humble LD_LIBRARY_PATH=/home/changye/Ros2_gazebo/ros2_ws2/install/forward_command_controller/lib:/home/changye/Ros2_gazebo/ros2_ws2/install/controller_manager/lib:/home/changye/Ros2_gazebo/ros2_ws2/install/hardware_interface_testing/lib:/home/changye/Ros2_gazebo/ros2_ws2/install/controller_interface/lib:/home/changye/Ros2_gazebo/ros2_ws2/install/hardware_interface/lib:/home/changye/Ros2_gazebo/ros2_ws2/install/controller_manager_msgs/lib:/home/changye/Ros2_gazebo/ros2_ws2/install/control_msgs/lib:/usr/lib/x86_64-linux-gnu/gazebo-11/plugins:/opt/ros/humble/lib/x86_64-linux-gnu:/opt/ros/humble/lib:/usr/lib/x86_64-linux-gnu/gazebo-11/plugins:/usr/share/gazebo-11/../../lib/x86_64-linux-gnu/gazebo-11/plugins:/usr/lib/x86_64-linux-gnu/gazebo-11/plugins PYTHONPATH=/home/changye/Ros2_gazebo/ros2_ws2/install/controller_manager/local/lib/python3.10/dist-packages:/home/changye/Ros2_gazebo/ros2_ws2/install/controller_manager_msgs/local/lib/python3.10/dist-packages:/home/changye/Ros2_gazebo/ros2_ws2/install/control_msgs/local/lib/python3.10/dist-packages:${PYTHONPATH} /usr/bin/cmake --build /home/changye/Ros2_gazebo/ros2_ws2/build/position_controllers -- -j12 -l12
[3.887s] [  9%] [32mBuilding CXX object CMakeFiles/position_controllers.dir/src/joint_group_position_controller.cpp.o[0m
[7.406s] In file included from [01m[K/home/changye/Ros2_gazebo/ros2_ws2/install/forward_command_controller/include/forward_command_controller/forward_command_controller/forward_controllers_base.hpp:27[m[K,
[7.407s]                  from [01m[K/home/changye/Ros2_gazebo/ros2_ws2/install/forward_command_controller/include/forward_command_controller/forward_command_controller/forward_command_controller.hpp:22[m[K,
[7.407s]                  from [01m[K/home/changye/Ros2_gazebo/ros2_ws2/src/ros-controls/ros2_controllers/position_controllers/include/position_controllers/joint_group_position_controller.hpp:20[m[K,
[7.407s]                  from [01m[K/home/changye/Ros2_gazebo/ros2_ws2/src/ros-controls/ros2_controllers/position_controllers/src/joint_group_position_controller.cpp:19[m[K:
[7.407s] [01m[K/opt/ros/humble/include/realtime_tools/realtime_tools/realtime_buffer.h:22:100:[m[K [01;36m[Knote: [m[K‘[01m[K#pragma message: This header include is deprecated. Please update your code to use 'realtime_buffer.hpp' header.[m[K’
[7.407s]    22 |   "This header include is deprecated. Please update your code to use 'realtime_buffer.hpp' header."[01;36m[K)[m[K  //NOLINT
[7.407s]       |                                                                                                    [01;36m[K^[m[K
[8.619s] [ 18%] [32m[1mLinking CXX shared library libposition_controllers.so[0m
[9.564s] [ 18%] Built target position_controllers
[9.596s] [ 27%] [32mBuilding CXX object gmock/CMakeFiles/gmock.dir/opt/ros/humble/src/gtest_vendor/src/gtest-all.cc.o[0m
[14.150s] [ 36%] [32mBuilding CXX object gmock/CMakeFiles/gmock.dir/src/gmock-all.cc.o[0m
[17.111s] [ 45%] [32m[1mLinking CXX static library libgmock.a[0m
[17.257s] [ 45%] Built target gmock
[17.283s] [ 54%] [32mBuilding CXX object gmock/CMakeFiles/gmock_main.dir/src/gmock_main.cc.o[0m
[18.993s] [ 63%] [32m[1mLinking CXX static library libgmock_main.a[0m
[19.064s] [ 63%] Built target gmock_main
[19.091s] [ 72%] [32mBuilding CXX object CMakeFiles/test_load_joint_group_position_controller.dir/test/test_load_joint_group_position_controller.cpp.o[0m
[25.632s] [ 81%] [32m[1mLinking CXX executable test_load_joint_group_position_controller[0m
[29.776s] [ 81%] Built target test_load_joint_group_position_controller
[29.834s] [ 90%] [32mBuilding CXX object CMakeFiles/test_joint_group_position_controller.dir/test/test_joint_group_position_controller.cpp.o[0m
[34.220s] In file included from [01m[K/home/changye/Ros2_gazebo/ros2_ws2/install/forward_command_controller/include/forward_command_controller/forward_command_controller/forward_controllers_base.hpp:27[m[K,
[34.220s]                  from [01m[K/home/changye/Ros2_gazebo/ros2_ws2/install/forward_command_controller/include/forward_command_controller/forward_command_controller/forward_command_controller.hpp:22[m[K,
[34.220s]                  from [01m[K/home/changye/Ros2_gazebo/ros2_ws2/src/ros-controls/ros2_controllers/position_controllers/include/position_controllers/joint_group_position_controller.hpp:20[m[K,
[34.220s]                  from [01m[K/home/changye/Ros2_gazebo/ros2_ws2/src/ros-controls/ros2_controllers/position_controllers/test/test_joint_group_position_controller.hpp:26[m[K,
[34.220s]                  from [01m[K/home/changye/Ros2_gazebo/ros2_ws2/src/ros-controls/ros2_controllers/position_controllers/test/test_joint_group_position_controller.cpp:28[m[K:
[34.221s] [01m[K/opt/ros/humble/include/realtime_tools/realtime_tools/realtime_buffer.h:22:100:[m[K [01;36m[Knote: [m[K‘[01m[K#pragma message: This header include is deprecated. Please update your code to use 'realtime_buffer.hpp' header.[m[K’
[34.221s]    22 |   "This header include is deprecated. Please update your code to use 'realtime_buffer.hpp' header."[01;36m[K)[m[K  //NOLINT
[34.221s]       |                                                                                                    [01;36m[K^[m[K
[38.575s] [100%] [32m[1mLinking CXX executable test_joint_group_position_controller[0m
[39.961s] [100%] Built target test_joint_group_position_controller
[39.988s] Invoked command in '/home/changye/Ros2_gazebo/ros2_ws2/build/position_controllers' returned '0': AMENT_PREFIX_PATH=/home/changye/Ros2_gazebo/ros2_ws2/install/forward_command_controller:/home/changye/Ros2_gazebo/ros2_ws2/install/controller_manager:/home/changye/Ros2_gazebo/ros2_ws2/install/hardware_interface_testing:/home/changye/Ros2_gazebo/ros2_ws2/install/controller_interface:/home/changye/Ros2_gazebo/ros2_ws2/install/hardware_interface:/home/changye/Ros2_gazebo/ros2_ws2/install/ros2_control_test_assets:/home/changye/Ros2_gazebo/ros2_ws2/install/controller_manager_msgs:/home/changye/Ros2_gazebo/ros2_ws2/install/control_msgs:${AMENT_PREFIX_PATH} CMAKE_PREFIX_PATH=/home/changye/Ros2_gazebo/ros2_ws2/install/forward_command_controller:/home/changye/Ros2_gazebo/ros2_ws2/install/controller_manager:/home/changye/Ros2_gazebo/ros2_ws2/install/hardware_interface_testing:/home/changye/Ros2_gazebo/ros2_ws2/install/controller_interface:/home/changye/Ros2_gazebo/ros2_ws2/install/hardware_interface:/home/changye/Ros2_gazebo/ros2_ws2/install/ros2_control_test_assets:/home/changye/Ros2_gazebo/ros2_ws2/install/controller_manager_msgs:/home/changye/Ros2_gazebo/ros2_ws2/install/control_msgs:/opt/ros/humble LD_LIBRARY_PATH=/home/changye/Ros2_gazebo/ros2_ws2/install/forward_command_controller/lib:/home/changye/Ros2_gazebo/ros2_ws2/install/controller_manager/lib:/home/changye/Ros2_gazebo/ros2_ws2/install/hardware_interface_testing/lib:/home/changye/Ros2_gazebo/ros2_ws2/install/controller_interface/lib:/home/changye/Ros2_gazebo/ros2_ws2/install/hardware_interface/lib:/home/changye/Ros2_gazebo/ros2_ws2/install/controller_manager_msgs/lib:/home/changye/Ros2_gazebo/ros2_ws2/install/control_msgs/lib:/usr/lib/x86_64-linux-gnu/gazebo-11/plugins:/opt/ros/humble/lib/x86_64-linux-gnu:/opt/ros/humble/lib:/usr/lib/x86_64-linux-gnu/gazebo-11/plugins:/usr/share/gazebo-11/../../lib/x86_64-linux-gnu/gazebo-11/plugins:/usr/lib/x86_64-linux-gnu/gazebo-11/plugins PYTHONPATH=/home/changye/Ros2_gazebo/ros2_ws2/install/controller_manager/local/lib/python3.10/dist-packages:/home/changye/Ros2_gazebo/ros2_ws2/install/controller_manager_msgs/local/lib/python3.10/dist-packages:/home/changye/Ros2_gazebo/ros2_ws2/install/control_msgs/local/lib/python3.10/dist-packages:${PYTHONPATH} /usr/bin/cmake --build /home/changye/Ros2_gazebo/ros2_ws2/build/position_controllers -- -j12 -l12
[39.989s] Invoking command in '/home/changye/Ros2_gazebo/ros2_ws2/build/position_controllers': AMENT_PREFIX_PATH=/home/changye/Ros2_gazebo/ros2_ws2/install/forward_command_controller:/home/changye/Ros2_gazebo/ros2_ws2/install/controller_manager:/home/changye/Ros2_gazebo/ros2_ws2/install/hardware_interface_testing:/home/changye/Ros2_gazebo/ros2_ws2/install/controller_interface:/home/changye/Ros2_gazebo/ros2_ws2/install/hardware_interface:/home/changye/Ros2_gazebo/ros2_ws2/install/ros2_control_test_assets:/home/changye/Ros2_gazebo/ros2_ws2/install/controller_manager_msgs:/home/changye/Ros2_gazebo/ros2_ws2/install/control_msgs:${AMENT_PREFIX_PATH} CMAKE_PREFIX_PATH=/home/changye/Ros2_gazebo/ros2_ws2/install/forward_command_controller:/home/changye/Ros2_gazebo/ros2_ws2/install/controller_manager:/home/changye/Ros2_gazebo/ros2_ws2/install/hardware_interface_testing:/home/changye/Ros2_gazebo/ros2_ws2/install/controller_interface:/home/changye/Ros2_gazebo/ros2_ws2/install/hardware_interface:/home/changye/Ros2_gazebo/ros2_ws2/install/ros2_control_test_assets:/home/changye/Ros2_gazebo/ros2_ws2/install/controller_manager_msgs:/home/changye/Ros2_gazebo/ros2_ws2/install/control_msgs:/opt/ros/humble LD_LIBRARY_PATH=/home/changye/Ros2_gazebo/ros2_ws2/install/forward_command_controller/lib:/home/changye/Ros2_gazebo/ros2_ws2/install/controller_manager/lib:/home/changye/Ros2_gazebo/ros2_ws2/install/hardware_interface_testing/lib:/home/changye/Ros2_gazebo/ros2_ws2/install/controller_interface/lib:/home/changye/Ros2_gazebo/ros2_ws2/install/hardware_interface/lib:/home/changye/Ros2_gazebo/ros2_ws2/install/controller_manager_msgs/lib:/home/changye/Ros2_gazebo/ros2_ws2/install/control_msgs/lib:/usr/lib/x86_64-linux-gnu/gazebo-11/plugins:/opt/ros/humble/lib/x86_64-linux-gnu:/opt/ros/humble/lib:/usr/lib/x86_64-linux-gnu/gazebo-11/plugins:/usr/share/gazebo-11/../../lib/x86_64-linux-gnu/gazebo-11/plugins:/usr/lib/x86_64-linux-gnu/gazebo-11/plugins PYTHONPATH=/home/changye/Ros2_gazebo/ros2_ws2/install/controller_manager/local/lib/python3.10/dist-packages:/home/changye/Ros2_gazebo/ros2_ws2/install/controller_manager_msgs/local/lib/python3.10/dist-packages:/home/changye/Ros2_gazebo/ros2_ws2/install/control_msgs/local/lib/python3.10/dist-packages:${PYTHONPATH} /usr/bin/cmake --install /home/changye/Ros2_gazebo/ros2_ws2/build/position_controllers
[41.728s] -- Install configuration: ""
[41.728s] -- Installing: /home/changye/Ros2_gazebo/ros2_ws2/install/position_controllers/share/position_controllers/position_controllers_plugins.xml
[41.728s] -- Installing: /home/changye/Ros2_gazebo/ros2_ws2/install/position_controllers/include/position_controllers
[41.728s] -- Installing: /home/changye/Ros2_gazebo/ros2_ws2/install/position_controllers/include/position_controllers/position_controllers
[41.730s] -- Installing: /home/changye/Ros2_gazebo/ros2_ws2/install/position_controllers/include/position_controllers/position_controllers/joint_group_position_controller.hpp
[41.731s] -- Installing: /home/changye/Ros2_gazebo/ros2_ws2/install/position_controllers/include/position_controllers/position_controllers/visibility_control.h
[41.731s] -- Installing: /home/changye/Ros2_gazebo/ros2_ws2/install/position_controllers/lib/libposition_controllers.so
[41.732s] -- Set runtime path of "/home/changye/Ros2_gazebo/ros2_ws2/install/position_controllers/lib/libposition_controllers.so" to ""
[41.732s] -- Installing: /home/changye/Ros2_gazebo/ros2_ws2/install/position_controllers/share/position_controllers/environment/library_path.sh
[41.732s] -- Installing: /home/changye/Ros2_gazebo/ros2_ws2/install/position_controllers/share/position_controllers/environment/library_path.dsv
[41.732s] -- Installing: /home/changye/Ros2_gazebo/ros2_ws2/install/position_controllers/share/ament_index/resource_index/package_run_dependencies/position_controllers
[41.732s] -- Installing: /home/changye/Ros2_gazebo/ros2_ws2/install/position_controllers/share/ament_index/resource_index/parent_prefix_path/position_controllers
[41.732s] -- Installing: /home/changye/Ros2_gazebo/ros2_ws2/install/position_controllers/share/position_controllers/environment/ament_prefix_path.sh
[41.732s] -- Installing: /home/changye/Ros2_gazebo/ros2_ws2/install/position_controllers/share/position_controllers/environment/ament_prefix_path.dsv
[41.732s] -- Installing: /home/changye/Ros2_gazebo/ros2_ws2/install/position_controllers/share/position_controllers/environment/path.sh
[41.732s] -- Installing: /home/changye/Ros2_gazebo/ros2_ws2/install/position_controllers/share/position_controllers/environment/path.dsv
[41.732s] -- Installing: /home/changye/Ros2_gazebo/ros2_ws2/install/position_controllers/share/position_controllers/local_setup.bash
[41.732s] -- Installing: /home/changye/Ros2_gazebo/ros2_ws2/install/position_controllers/share/position_controllers/local_setup.sh
[41.733s] -- Installing: /home/changye/Ros2_gazebo/ros2_ws2/install/position_controllers/share/position_controllers/local_setup.zsh
[41.733s] -- Installing: /home/changye/Ros2_gazebo/ros2_ws2/install/position_controllers/share/position_controllers/local_setup.dsv
[41.733s] -- Installing: /home/changye/Ros2_gazebo/ros2_ws2/install/position_controllers/share/position_controllers/package.dsv
[41.733s] -- Installing: /home/changye/Ros2_gazebo/ros2_ws2/install/position_controllers/share/ament_index/resource_index/packages/position_controllers
[41.733s] -- Installing: /home/changye/Ros2_gazebo/ros2_ws2/install/position_controllers/share/ament_index/resource_index/controller_interface__pluginlib__plugin/position_controllers
[41.733s] -- Installing: /home/changye/Ros2_gazebo/ros2_ws2/install/position_controllers/share/position_controllers/cmake/export_position_controllersExport.cmake
[41.733s] -- Installing: /home/changye/Ros2_gazebo/ros2_ws2/install/position_controllers/share/position_controllers/cmake/export_position_controllersExport-noconfig.cmake
[41.733s] -- Installing: /home/changye/Ros2_gazebo/ros2_ws2/install/position_controllers/share/position_controllers/cmake/ament_cmake_export_targets-extras.cmake
[41.733s] -- Installing: /home/changye/Ros2_gazebo/ros2_ws2/install/position_controllers/share/position_controllers/cmake/ament_cmake_export_dependencies-extras.cmake
[41.733s] -- Installing: /home/changye/Ros2_gazebo/ros2_ws2/install/position_controllers/share/position_controllers/cmake/position_controllersConfig.cmake
[41.733s] -- Installing: /home/changye/Ros2_gazebo/ros2_ws2/install/position_controllers/share/position_controllers/cmake/position_controllersConfig-version.cmake
[41.733s] -- Installing: /home/changye/Ros2_gazebo/ros2_ws2/install/position_controllers/share/position_controllers/package.xml
[41.745s] Invoked command in '/home/changye/Ros2_gazebo/ros2_ws2/build/position_controllers' returned '0': AMENT_PREFIX_PATH=/home/changye/Ros2_gazebo/ros2_ws2/install/forward_command_controller:/home/changye/Ros2_gazebo/ros2_ws2/install/controller_manager:/home/changye/Ros2_gazebo/ros2_ws2/install/hardware_interface_testing:/home/changye/Ros2_gazebo/ros2_ws2/install/controller_interface:/home/changye/Ros2_gazebo/ros2_ws2/install/hardware_interface:/home/changye/Ros2_gazebo/ros2_ws2/install/ros2_control_test_assets:/home/changye/Ros2_gazebo/ros2_ws2/install/controller_manager_msgs:/home/changye/Ros2_gazebo/ros2_ws2/install/control_msgs:${AMENT_PREFIX_PATH} CMAKE_PREFIX_PATH=/home/changye/Ros2_gazebo/ros2_ws2/install/forward_command_controller:/home/changye/Ros2_gazebo/ros2_ws2/install/controller_manager:/home/changye/Ros2_gazebo/ros2_ws2/install/hardware_interface_testing:/home/changye/Ros2_gazebo/ros2_ws2/install/controller_interface:/home/changye/Ros2_gazebo/ros2_ws2/install/hardware_interface:/home/changye/Ros2_gazebo/ros2_ws2/install/ros2_control_test_assets:/home/changye/Ros2_gazebo/ros2_ws2/install/controller_manager_msgs:/home/changye/Ros2_gazebo/ros2_ws2/install/control_msgs:/opt/ros/humble LD_LIBRARY_PATH=/home/changye/Ros2_gazebo/ros2_ws2/install/forward_command_controller/lib:/home/changye/Ros2_gazebo/ros2_ws2/install/controller_manager/lib:/home/changye/Ros2_gazebo/ros2_ws2/install/hardware_interface_testing/lib:/home/changye/Ros2_gazebo/ros2_ws2/install/controller_interface/lib:/home/changye/Ros2_gazebo/ros2_ws2/install/hardware_interface/lib:/home/changye/Ros2_gazebo/ros2_ws2/install/controller_manager_msgs/lib:/home/changye/Ros2_gazebo/ros2_ws2/install/control_msgs/lib:/usr/lib/x86_64-linux-gnu/gazebo-11/plugins:/opt/ros/humble/lib/x86_64-linux-gnu:/opt/ros/humble/lib:/usr/lib/x86_64-linux-gnu/gazebo-11/plugins:/usr/share/gazebo-11/../../lib/x86_64-linux-gnu/gazebo-11/plugins:/usr/lib/x86_64-linux-gnu/gazebo-11/plugins PYTHONPATH=/home/changye/Ros2_gazebo/ros2_ws2/install/controller_manager/local/lib/python3.10/dist-packages:/home/changye/Ros2_gazebo/ros2_ws2/install/controller_manager_msgs/local/lib/python3.10/dist-packages:/home/changye/Ros2_gazebo/ros2_ws2/install/control_msgs/local/lib/python3.10/dist-packages:${PYTHONPATH} /usr/bin/cmake --install /home/changye/Ros2_gazebo/ros2_ws2/build/position_controllers
