[0.260s] Invoking command in '/home/changye/Ros2_gazebo/ros2_ws2/build/my_agv2': CMAKE_PREFIX_PATH=${CMAKE_PREFIX_PATH}:/home/changye/Ros2_gazebo/ros2_ws2/install/rqt_joint_trajectory_controller:/home/changye/Ros2_gazebo/ros2_ws2/install/rqt_controller_manager:/home/changye/Ros2_gazebo/ros2_ws2/install/ros2controlcli:/home/changye/Ros2_gazebo/ros2_ws2/install/ros2_controllers_test_nodes:/home/changye/Ros2_gazebo/ros2_ws2/install/agv_control_pkg:/opt/ros/humble /usr/bin/cmake --build /home/changye/Ros2_gazebo/ros2_ws2/build/my_agv2 -- -j12 -l12
[0.324s] [100%] Built target example_velocity
[0.324s] [100%] Built target agv_lift
[0.324s] [100%] Built target agv_unload
[0.324s] [100%] Built target example_position
[0.335s] Invoked command in '/home/changye/Ros2_gazebo/ros2_ws2/build/my_agv2' returned '0': CMAKE_PREFIX_PATH=${CMAKE_PREFIX_PATH}:/home/changye/Ros2_gazebo/ros2_ws2/install/rqt_joint_trajectory_controller:/home/changye/Ros2_gazebo/ros2_ws2/install/rqt_controller_manager:/home/changye/Ros2_gazebo/ros2_ws2/install/ros2controlcli:/home/changye/Ros2_gazebo/ros2_ws2/install/ros2_controllers_test_nodes:/home/changye/Ros2_gazebo/ros2_ws2/install/agv_control_pkg:/opt/ros/humble /usr/bin/cmake --build /home/changye/Ros2_gazebo/ros2_ws2/build/my_agv2 -- -j12 -l12
[0.346s] Invoking command in '/home/changye/Ros2_gazebo/ros2_ws2/build/my_agv2': CMAKE_PREFIX_PATH=${CMAKE_PREFIX_PATH}:/home/changye/Ros2_gazebo/ros2_ws2/install/rqt_joint_trajectory_controller:/home/changye/Ros2_gazebo/ros2_ws2/install/rqt_controller_manager:/home/changye/Ros2_gazebo/ros2_ws2/install/ros2controlcli:/home/changye/Ros2_gazebo/ros2_ws2/install/ros2_controllers_test_nodes:/home/changye/Ros2_gazebo/ros2_ws2/install/agv_control_pkg:/opt/ros/humble /usr/bin/cmake --install /home/changye/Ros2_gazebo/ros2_ws2/build/my_agv2
[0.355s] -- Install configuration: ""
[0.355s] -- Execute custom install script
[0.355s] -- Up-to-date symlink: /home/changye/Ros2_gazebo/ros2_ws2/install/my_agv2/share/my_agv2/launch/agv5_demo.launch.py
[0.356s] -- Up-to-date symlink: /home/changye/Ros2_gazebo/ros2_ws2/install/my_agv2/share/my_agv2/launch/agv5_demo_with_JC.launch.py
[0.356s] -- Up-to-date symlink: /home/changye/Ros2_gazebo/ros2_ws2/install/my_agv2/share/my_agv2/launch/agv_trac_pos.launch.py
[0.356s] -- Up-to-date symlink: /home/changye/Ros2_gazebo/ros2_ws2/install/my_agv2/share/my_agv2/launch/agv_velocity.launch.py
[0.356s] -- Up-to-date symlink: /home/changye/Ros2_gazebo/ros2_ws2/install/my_agv2/share/my_agv2/launch/agv_world.launch.py
[0.356s] -- Up-to-date symlink: /home/changye/Ros2_gazebo/ros2_ws2/install/my_agv2/share/my_agv2/config/agv5_controller.yaml
[0.356s] -- Up-to-date symlink: /home/changye/Ros2_gazebo/ros2_ws2/install/my_agv2/share/my_agv2/config/agv_controller_trac_pos.yaml
[0.356s] -- Up-to-date symlink: /home/changye/Ros2_gazebo/ros2_ws2/install/my_agv2/share/my_agv2/config/agv_controller_velocity.yaml
[0.356s] -- Up-to-date symlink: /home/changye/Ros2_gazebo/ros2_ws2/install/my_agv2/share/my_agv2/config/controller_configuration.yaml
[0.356s] -- Up-to-date symlink: /home/changye/Ros2_gazebo/ros2_ws2/install/my_agv2/share/my_agv2/urdf/AGV3_single.csv
[0.357s] -- Up-to-date symlink: /home/changye/Ros2_gazebo/ros2_ws2/install/my_agv2/share/my_agv2/urdf/AGV3_single.xacro.urdf
[0.357s] -- Up-to-date symlink: /home/changye/Ros2_gazebo/ros2_ws2/install/my_agv2/share/my_agv2/urdf/AGV3_single_trac_pos.xacro.urdf
[0.357s] -- Up-to-date symlink: /home/changye/Ros2_gazebo/ros2_ws2/install/my_agv2/share/my_agv2/urdf/AGV3_single_vel.xacro.urdf
[0.357s] -- Up-to-date symlink: /home/changye/Ros2_gazebo/ros2_ws2/install/my_agv2/share/my_agv2/urdf/AGV5.xacro (copy).urdf
[0.357s] -- Up-to-date symlink: /home/changye/Ros2_gazebo/ros2_ws2/install/my_agv2/share/my_agv2/urdf/AGV5.xacro.urdf
[0.357s] -- Up-to-date symlink: /home/changye/Ros2_gazebo/ros2_ws2/install/my_agv2/share/my_agv2/urdf/AGV6.xacro (copy).urdf
[0.357s] -- Up-to-date symlink: /home/changye/Ros2_gazebo/ros2_ws2/install/my_agv2/share/my_agv2/urdf/AGV6.xacro.urdf
[0.357s] -- Up-to-date symlink: /home/changye/Ros2_gazebo/ros2_ws2/install/my_agv2/share/my_agv2/urdf/shelf_final.xacro.urdf
[0.357s] -- Up-to-date symlink: /home/changye/Ros2_gazebo/ros2_ws2/install/my_agv2/share/my_agv2/examples/agv_lift.cpp
[0.358s] -- Up-to-date symlink: /home/changye/Ros2_gazebo/ros2_ws2/install/my_agv2/share/my_agv2/examples/agv_unload.cpp
[0.358s] -- Up-to-date symlink: /home/changye/Ros2_gazebo/ros2_ws2/install/my_agv2/share/my_agv2/examples/example_position.cpp
[0.358s] -- Up-to-date symlink: /home/changye/Ros2_gazebo/ros2_ws2/install/my_agv2/share/my_agv2/examples/example_velocity.cpp
[0.358s] -- Symlinking: /home/changye/Ros2_gazebo/ros2_ws2/install/my_agv2/share/my_agv2/world/catalyst_env.world
[0.367s] -- Up-to-date symlink: /home/changye/Ros2_gazebo/ros2_ws2/install/my_agv2/share/my_agv2/world/test (copy).world
[0.367s] -- Up-to-date symlink: /home/changye/Ros2_gazebo/ros2_ws2/install/my_agv2/share/my_agv2/world/test.world
[0.367s] -- Up-to-date symlink: /home/changye/Ros2_gazebo/ros2_ws2/install/my_agv2/share/my_agv2/world/test_1.world
[0.367s] -- Up-to-date symlink: /home/changye/Ros2_gazebo/ros2_ws2/install/my_agv2/share/my_agv2/rviz/show_camera.rviz
[0.367s] -- Up-to-date symlink: /home/changye/Ros2_gazebo/ros2_ws2/install/my_agv2/lib/my_agv2/example_position
[0.367s] -- Up-to-date symlink: /home/changye/Ros2_gazebo/ros2_ws2/install/my_agv2/lib/my_agv2/example_velocity
[0.368s] -- Up-to-date symlink: /home/changye/Ros2_gazebo/ros2_ws2/install/my_agv2/lib/my_agv2/agv_lift
[0.368s] -- Up-to-date symlink: /home/changye/Ros2_gazebo/ros2_ws2/install/my_agv2/lib/my_agv2/agv_unload
[0.368s] -- Up-to-date symlink: /home/changye/Ros2_gazebo/ros2_ws2/install/my_agv2/share/ament_index/resource_index/package_run_dependencies/my_agv2
[0.368s] -- Up-to-date symlink: /home/changye/Ros2_gazebo/ros2_ws2/install/my_agv2/share/ament_index/resource_index/parent_prefix_path/my_agv2
[0.368s] -- Up-to-date symlink: /home/changye/Ros2_gazebo/ros2_ws2/install/my_agv2/share/my_agv2/environment/ament_prefix_path.sh
[0.368s] -- Up-to-date symlink: /home/changye/Ros2_gazebo/ros2_ws2/install/my_agv2/share/my_agv2/environment/ament_prefix_path.dsv
[0.368s] -- Up-to-date symlink: /home/changye/Ros2_gazebo/ros2_ws2/install/my_agv2/share/my_agv2/environment/path.sh
[0.368s] -- Up-to-date symlink: /home/changye/Ros2_gazebo/ros2_ws2/install/my_agv2/share/my_agv2/environment/path.dsv
[0.369s] -- Up-to-date symlink: /home/changye/Ros2_gazebo/ros2_ws2/install/my_agv2/share/my_agv2/local_setup.bash
[0.369s] -- Up-to-date symlink: /home/changye/Ros2_gazebo/ros2_ws2/install/my_agv2/share/my_agv2/local_setup.sh
[0.369s] -- Up-to-date symlink: /home/changye/Ros2_gazebo/ros2_ws2/install/my_agv2/share/my_agv2/local_setup.zsh
[0.369s] -- Up-to-date symlink: /home/changye/Ros2_gazebo/ros2_ws2/install/my_agv2/share/my_agv2/local_setup.dsv
[0.369s] -- Symlinking: /home/changye/Ros2_gazebo/ros2_ws2/install/my_agv2/share/my_agv2/package.dsv
[0.378s] -- Up-to-date symlink: /home/changye/Ros2_gazebo/ros2_ws2/install/my_agv2/share/ament_index/resource_index/packages/my_agv2
[0.378s] -- Up-to-date symlink: /home/changye/Ros2_gazebo/ros2_ws2/install/my_agv2/share/my_agv2/cmake/my_agv2Config.cmake
[0.378s] -- Up-to-date symlink: /home/changye/Ros2_gazebo/ros2_ws2/install/my_agv2/share/my_agv2/cmake/my_agv2Config-version.cmake
[0.379s] -- Up-to-date symlink: /home/changye/Ros2_gazebo/ros2_ws2/install/my_agv2/share/my_agv2/package.xml
[0.380s] Invoked command in '/home/changye/Ros2_gazebo/ros2_ws2/build/my_agv2' returned '0': CMAKE_PREFIX_PATH=${CMAKE_PREFIX_PATH}:/home/changye/Ros2_gazebo/ros2_ws2/install/rqt_joint_trajectory_controller:/home/changye/Ros2_gazebo/ros2_ws2/install/rqt_controller_manager:/home/changye/Ros2_gazebo/ros2_ws2/install/ros2controlcli:/home/changye/Ros2_gazebo/ros2_ws2/install/ros2_controllers_test_nodes:/home/changye/Ros2_gazebo/ros2_ws2/install/agv_control_pkg:/opt/ros/humble /usr/bin/cmake --install /home/changye/Ros2_gazebo/ros2_ws2/build/my_agv2
