[1.074s] Invoking command in '/home/changye/ros2_ws2/build/agv_control_pkg': PYTHONPATH=/home/changye/ros2_ws2/build/agv_control_pkg/prefix_override:/home/changye/ros2_ws2/install/agv_control_pkg/lib/python3.10/site-packages:${PYTHONPATH} /usr/bin/python3 -W ignore:setup.py install is deprecated setup.py develop --uninstall --editable --build-directory /home/changye/ros2_ws2/build/agv_control_pkg/build
[1.527s] running develop
[1.794s] Removing /home/changye/ros2_ws2/install/agv_control_pkg/lib/python3.10/site-packages/agv-control-pkg.egg-link (link to .)
[1.814s] Invoked command in '/home/changye/ros2_ws2/build/agv_control_pkg' returned '0': PYTHONPATH=/home/changye/ros2_ws2/build/agv_control_pkg/prefix_override:/home/changye/ros2_ws2/install/agv_control_pkg/lib/python3.10/site-packages:${PYTHONPATH} /usr/bin/python3 -W ignore:setup.py install is deprecated setup.py develop --uninstall --editable --build-directory /home/changye/ros2_ws2/build/agv_control_pkg/build
[1.815s] Invoking command in '/home/changye/ros2_ws2/src/agv_control_pkg': PYTHONPATH=/home/changye/ros2_ws2/build/agv_control_pkg/prefix_override:/home/changye/ros2_ws2/install/agv_control_pkg/lib/python3.10/site-packages:${PYTHONPATH} /usr/bin/python3 -W ignore:setup.py install is deprecated setup.py egg_info --egg-base ../../build/agv_control_pkg build --build-base /home/changye/ros2_ws2/build/agv_control_pkg/build install --record /home/changye/ros2_ws2/build/agv_control_pkg/install.log --single-version-externally-managed install_data --force
[2.224s] running egg_info
[2.224s] writing ../../build/agv_control_pkg/agv_control_pkg.egg-info/PKG-INFO
[2.224s] writing dependency_links to ../../build/agv_control_pkg/agv_control_pkg.egg-info/dependency_links.txt
[2.224s] writing entry points to ../../build/agv_control_pkg/agv_control_pkg.egg-info/entry_points.txt
[2.225s] writing requirements to ../../build/agv_control_pkg/agv_control_pkg.egg-info/requires.txt
[2.225s] writing top-level names to ../../build/agv_control_pkg/agv_control_pkg.egg-info/top_level.txt
[2.226s] reading manifest file '../../build/agv_control_pkg/agv_control_pkg.egg-info/SOURCES.txt'
[2.226s] writing manifest file '../../build/agv_control_pkg/agv_control_pkg.egg-info/SOURCES.txt'
[2.227s] running build
[2.227s] running build_py
[2.227s] copying agv_control_pkg/agv_controller.py -> /home/changye/ros2_ws2/build/agv_control_pkg/build/lib/agv_control_pkg
[2.227s] copying agv_control_pkg/tag_detection_node.py -> /home/changye/ros2_ws2/build/agv_control_pkg/build/lib/agv_control_pkg
[2.227s] running install
[2.227s] running install_lib
[2.228s] creating /home/changye/ros2_ws2/install/agv_control_pkg/lib/python3.10/site-packages/agv_control_pkg
[2.228s] copying /home/changye/ros2_ws2/build/agv_control_pkg/build/lib/agv_control_pkg/april_tag_detection.py -> /home/changye/ros2_ws2/install/agv_control_pkg/lib/python3.10/site-packages/agv_control_pkg
[2.228s] copying /home/changye/ros2_ws2/build/agv_control_pkg/build/lib/agv_control_pkg/__init__.py -> /home/changye/ros2_ws2/install/agv_control_pkg/lib/python3.10/site-packages/agv_control_pkg
[2.228s] copying /home/changye/ros2_ws2/build/agv_control_pkg/build/lib/agv_control_pkg/agv_controller.py -> /home/changye/ros2_ws2/install/agv_control_pkg/lib/python3.10/site-packages/agv_control_pkg
[2.228s] copying /home/changye/ros2_ws2/build/agv_control_pkg/build/lib/agv_control_pkg/tag_detection_node.py -> /home/changye/ros2_ws2/install/agv_control_pkg/lib/python3.10/site-packages/agv_control_pkg
[2.230s] byte-compiling /home/changye/ros2_ws2/install/agv_control_pkg/lib/python3.10/site-packages/agv_control_pkg/april_tag_detection.py to april_tag_detection.cpython-310.pyc
[2.230s] byte-compiling /home/changye/ros2_ws2/install/agv_control_pkg/lib/python3.10/site-packages/agv_control_pkg/__init__.py to __init__.cpython-310.pyc
[2.231s] byte-compiling /home/changye/ros2_ws2/install/agv_control_pkg/lib/python3.10/site-packages/agv_control_pkg/agv_controller.py to agv_controller.cpython-310.pyc
[2.231s] byte-compiling /home/changye/ros2_ws2/install/agv_control_pkg/lib/python3.10/site-packages/agv_control_pkg/tag_detection_node.py to tag_detection_node.cpython-310.pyc
[2.231s] running install_data
[2.232s] copying resource/agv_control_pkg -> /home/changye/ros2_ws2/install/agv_control_pkg/share/ament_index/resource_index/packages
[2.232s] copying package.xml -> /home/changye/ros2_ws2/install/agv_control_pkg/share/agv_control_pkg
[2.232s] running install_egg_info
[2.234s] Copying ../../build/agv_control_pkg/agv_control_pkg.egg-info to /home/changye/ros2_ws2/install/agv_control_pkg/lib/python3.10/site-packages/agv_control_pkg-0.0.0-py3.10.egg-info
[2.248s] running install_scripts
[2.275s] Installing agv_controller script to /home/changye/ros2_ws2/install/agv_control_pkg/lib/agv_control_pkg
[2.275s] Installing tag_detection script to /home/changye/ros2_ws2/install/agv_control_pkg/lib/agv_control_pkg
[2.276s] writing list of installed files to '/home/changye/ros2_ws2/build/agv_control_pkg/install.log'
[2.292s] Invoked command in '/home/changye/ros2_ws2/src/agv_control_pkg' returned '0': PYTHONPATH=/home/changye/ros2_ws2/build/agv_control_pkg/prefix_override:/home/changye/ros2_ws2/install/agv_control_pkg/lib/python3.10/site-packages:${PYTHONPATH} /usr/bin/python3 -W ignore:setup.py install is deprecated setup.py egg_info --egg-base ../../build/agv_control_pkg build --build-base /home/changye/ros2_ws2/build/agv_control_pkg/build install --record /home/changye/ros2_ws2/build/agv_control_pkg/install.log --single-version-externally-managed install_data --force
