[0.300s] Invoking command in '/home/changye/Ros2_gazebo/ros2_ws2/build/gazebo_ros2_control': AMENT_PREFIX_PATH=/home/changye/Ros2_gazebo/ros2_ws2/install/controller_manager:/home/changye/Ros2_gazebo/ros2_ws2/install/hardware_interface_testing:/home/changye/Ros2_gazebo/ros2_ws2/install/controller_interface:/home/changye/Ros2_gazebo/ros2_ws2/install/hardware_interface:/home/changye/Ros2_gazebo/ros2_ws2/install/ros2_control_test_assets:/home/changye/Ros2_gazebo/ros2_ws2/install/controller_manager_msgs:/home/changye/Ros2_gazebo/ros2_ws2/install/control_msgs:${AMENT_PREFIX_PATH} CMAKE_PREFIX_PATH=/home/changye/Ros2_gazebo/ros2_ws2/install/controller_manager:/home/changye/Ros2_gazebo/ros2_ws2/install/hardware_interface_testing:/home/changye/Ros2_gazebo/ros2_ws2/install/controller_interface:/home/changye/Ros2_gazebo/ros2_ws2/install/hardware_interface:/home/changye/Ros2_gazebo/ros2_ws2/install/ros2_control_test_assets:/home/changye/Ros2_gazebo/ros2_ws2/install/controller_manager_msgs:/home/changye/Ros2_gazebo/ros2_ws2/install/control_msgs:/opt/ros/humble LD_LIBRARY_PATH=/home/changye/Ros2_gazebo/ros2_ws2/install/controller_manager/lib:/home/changye/Ros2_gazebo/ros2_ws2/install/hardware_interface_testing/lib:/home/changye/Ros2_gazebo/ros2_ws2/install/controller_interface/lib:/home/changye/Ros2_gazebo/ros2_ws2/install/hardware_interface/lib:/home/changye/Ros2_gazebo/ros2_ws2/install/controller_manager_msgs/lib:/home/changye/Ros2_gazebo/ros2_ws2/install/control_msgs/lib:/usr/lib/x86_64-linux-gnu/gazebo-11/plugins:/opt/ros/humble/lib/x86_64-linux-gnu:/opt/ros/humble/lib:/usr/lib/x86_64-linux-gnu/gazebo-11/plugins:/usr/share/gazebo-11/../../lib/x86_64-linux-gnu/gazebo-11/plugins:/usr/lib/x86_64-linux-gnu/gazebo-11/plugins PYTHONPATH=/home/changye/Ros2_gazebo/ros2_ws2/install/controller_manager/local/lib/python3.10/dist-packages:/home/changye/Ros2_gazebo/ros2_ws2/install/controller_manager_msgs/local/lib/python3.10/dist-packages:/home/changye/Ros2_gazebo/ros2_ws2/install/control_msgs/local/lib/python3.10/dist-packages:${PYTHONPATH} /usr/bin/cmake /home/changye/Ros2_gazebo/ros2_ws2/src/ros-controls/gazebo_ros2_control/gazebo_ros2_control -DCMAKE_INSTALL_PREFIX=/home/changye/Ros2_gazebo/ros2_ws2/install/gazebo_ros2_control
[0.383s] -- The C compiler identification is GNU 11.4.0
[0.453s] -- The CXX compiler identification is GNU 11.4.0
[0.468s] -- Detecting C compiler ABI info
[0.585s] -- Detecting C compiler ABI info - done
[0.606s] -- Check for working C compiler: /usr/bin/cc - skipped
[0.606s] -- Detecting C compile features
[0.607s] -- Detecting C compile features - done
[0.617s] -- Detecting CXX compiler ABI info
[0.738s] -- Detecting CXX compiler ABI info - done
[0.757s] -- Check for working CXX compiler: /usr/bin/c++ - skipped
[0.757s] -- Detecting CXX compile features
[0.758s] -- Detecting CXX compile features - done
[0.764s] -- Found ament_cmake: 1.3.11 (/opt/ros/humble/share/ament_cmake/cmake)
[0.978s] -- Found Python3: /usr/bin/python3 (found version "3.10.12") found components: Interpreter 
[1.114s] -- Found angles: 1.15.0 (/opt/ros/humble/share/angles/cmake)
[1.115s] -- Found controller_manager: 2.47.0 (/home/changye/Ros2_gazebo/ros2_ws2/install/controller_manager/share/controller_manager/cmake)
[1.179s] -- Found rosidl_generator_c: 3.1.6 (/opt/ros/humble/share/rosidl_generator_c/cmake)
[1.186s] -- Found rosidl_adapter: 3.1.6 (/opt/ros/humble/share/rosidl_adapter/cmake)
[1.197s] -- Found rosidl_generator_cpp: 3.1.6 (/opt/ros/humble/share/rosidl_generator_cpp/cmake)
[1.219s] -- Using all available rosidl_typesupport_c: rosidl_typesupport_fastrtps_c;rosidl_typesupport_introspection_c
[1.246s] -- Using all available rosidl_typesupport_cpp: rosidl_typesupport_fastrtps_cpp;rosidl_typesupport_introspection_cpp
[1.536s] -- Found rmw_implementation_cmake: 6.1.2 (/opt/ros/humble/share/rmw_implementation_cmake/cmake)
[1.540s] -- Found rmw_fastrtps_cpp: 6.2.7 (/opt/ros/humble/share/rmw_fastrtps_cpp/cmake)
[1.575s] -- Found TinyXML2 via Config file: TinyXML2_DIR-NOTFOUND
[1.656s] -- Found OpenSSL: /usr/lib/x86_64-linux-gnu/libcrypto.so (found version "3.0.2")  
[1.658s] -- Found TinyXML2 via Config file: TinyXML2_DIR-NOTFOUND
[1.683s] -- Found FastRTPS: /opt/ros/humble/include  
[1.688s] -- Found TinyXML2 via Config file: TinyXML2_DIR-NOTFOUND
[1.700s] -- Found TinyXML2 via Config file: TinyXML2_DIR-NOTFOUND
[1.715s] -- Using RMW implementation 'rmw_fastrtps_cpp' as default
[1.723s] -- Looking for pthread.h
[1.818s] -- Looking for pthread.h - found
[1.819s] -- Performing Test CMAKE_HAVE_LIBC_PTHREAD
[1.920s] -- Performing Test CMAKE_HAVE_LIBC_PTHREAD - Success
[1.921s] -- Found Threads: TRUE  
[2.065s] -- Found gazebo_dev: 3.7.0 (/opt/ros/humble/share/gazebo_dev/cmake)
[2.174s] -- Found PkgConfig: /usr/bin/pkg-config (found version "0.29.2") 
[2.174s] -- Checking for module 'bullet>=2.82'
[2.250s] --   Found bullet, version 3.05
[2.763s] -- Found fcl: /usr/include (found suitable version "0.7.0", minimum required is "0.5.0") 
[2.923s] -- Found assimp: /usr/include (found version "5.2.0") 
[3.185s] -- Found DART: /usr/include (Required is at least version "6.6") found components: dart 
[3.395s] -- Found Boost: /usr/lib/x86_64-linux-gnu/cmake/Boost-1.74.0/BoostConfig.cmake (found suitable version "1.74.0", minimum required is "1.40.0") found components: thread system filesystem program_options regex iostreams date_time 
[3.447s] -- Found Protobuf: /usr/lib/x86_64-linux-gnu/libprotobuf.so (found version "3.12.4") 
[3.495s] -- Looking for ignition-math6 -- found version 6.15.1
[3.513s] -- Searching for dependencies of ignition-math6
[3.538s] -- Looking for OGRE...
[3.538s] -- OGRE_PREFIX_WATCH changed.
[3.553s] -- Checking for module 'OGRE'
[3.619s] --   Found OGRE, version 1.9.0
[3.796s] -- Found Ogre Ghadamon (1.9.0)
[3.867s] -- Found OGRE: optimized;/usr/lib/x86_64-linux-gnu/libOgreMain.so;debug;/usr/lib/x86_64-linux-gnu/libOgreMain.so
[3.923s] -- Looking for OGRE_Paging...
[4.002s] -- Found OGRE_Paging: optimized;/usr/lib/x86_64-linux-gnu/libOgrePaging.so;debug;/usr/lib/x86_64-linux-gnu/libOgrePaging.so
[4.002s] -- Looking for OGRE_Terrain...
[4.058s] -- Found OGRE_Terrain: optimized;/usr/lib/x86_64-linux-gnu/libOgreTerrain.so;debug;/usr/lib/x86_64-linux-gnu/libOgreTerrain.so
[4.058s] -- Looking for OGRE_Property...
[4.127s] -- Found OGRE_Property: optimized;/usr/lib/x86_64-linux-gnu/libOgreProperty.so;debug;/usr/lib/x86_64-linux-gnu/libOgreProperty.so
[4.127s] -- Looking for OGRE_RTShaderSystem...
[4.189s] -- Found OGRE_RTShaderSystem: optimized;/usr/lib/x86_64-linux-gnu/libOgreRTShaderSystem.so;debug;/usr/lib/x86_64-linux-gnu/libOgreRTShaderSystem.so
[4.189s] -- Looking for OGRE_Volume...
[4.244s] -- Found OGRE_Volume: optimized;/usr/lib/x86_64-linux-gnu/libOgreVolume.so;debug;/usr/lib/x86_64-linux-gnu/libOgreVolume.so
[4.244s] -- Looking for OGRE_Overlay...
[4.296s] -- Found OGRE_Overlay: optimized;/usr/lib/x86_64-linux-gnu/libOgreOverlay.so;debug;/usr/lib/x86_64-linux-gnu/libOgreOverlay.so
[5.085s] -- Looking for ignition-math6 -- found version 6.15.1
[5.135s] -- Looking for ignition-transport8 -- found version 8.2.1
[5.135s] -- Searching for dependencies of ignition-transport8
[5.222s] -- Found Protobuf: /usr/lib/x86_64-linux-gnu/libprotobuf.so (found suitable version "3.12.4", minimum required is "3") 
[5.271s] -- Config-file not installed for ZeroMQ -- checking for pkg-config
[5.285s] -- Checking for module 'libzmq >= 4'
[5.345s] --   Found libzmq , version 4.3.4
[5.524s] -- Found ZeroMQ: TRUE (Required is at least version "4") 
[5.553s] -- Checking for module 'uuid'
[5.613s] --   Found uuid, version 2.37.2
[5.740s] -- Found UUID: TRUE  
[6.086s] -- Looking for ignition-msgs5 -- found version 5.8.1
[6.089s] -- Searching for dependencies of ignition-msgs5
[6.177s] -- Looking for ignition-math6 -- found version 6.15.1
[6.189s] -- Checking for module 'tinyxml2'
[6.238s] --   Found tinyxml2, version 9.0.0
[6.449s] -- Looking for ignition-msgs5 -- found version 5.8.1
[6.525s] -- Looking for ignition-common3 -- found version 3.14.0
[6.531s] -- Searching for dependencies of ignition-common3
[6.531s] -- Looking for dlfcn.h - found
[6.531s] -- Looking for libdl - found
[6.532s] -- Found DL: TRUE  
[6.617s] -- Found tinyobjloader: /usr/lib/x86_64-linux-gnu/cmake/tinyobjloader/tinyobjloader-config.cmake (found version "2.0.0") 
[6.619s] -- Searching for <ignition-common3> component [graphics]
[6.636s] -- Looking for ignition-common3-graphics -- found version 3.14.0
[6.636s] -- Searching for dependencies of ignition-common3-graphics
[6.641s] -- Looking for ignition-math6 -- found version 6.15.1
[6.653s] -- Looking for ignition-fuel_tools4 -- found version 4.4.0
[6.653s] -- Searching for dependencies of ignition-fuel_tools4
[6.969s] -- Found CURL: /usr/lib/x86_64-linux-gnu/libcurl.so (found version "7.81.0")  
[7.000s] -- Checking for module 'jsoncpp'
[7.061s] --   Found jsoncpp, version 1.9.5
[7.218s] -- Found JSONCPP: TRUE  
[7.241s] -- Checking for module 'libzip'
[7.314s] --   Found libzip, version 1.7.3
[7.455s] -- Found ZIP: TRUE  
[7.455s] -- Looking for ignition-common3 -- found version 3.14.0
[7.455s] -- Looking for ignition-math6 -- found version 6.15.1
[7.456s] -- Looking for ignition-msgs5 -- found version 5.8.1
[7.513s] -- Gazebo version: 11.10
[7.516s] -- Checking for module 'tbb'
[7.567s] --   Found tbb, version 2021.5.0
[7.715s] -- Found gazebo_ros: 3.7.0 (/opt/ros/humble/share/gazebo_ros/cmake)
[7.748s] -- Found yaml_cpp_vendor: 8.0.2 (/opt/ros/humble/share/yaml_cpp_vendor/cmake)
[7.949s] -- Found ament_cmake_gtest: 1.3.11 (/opt/ros/humble/share/ament_cmake_gtest/cmake)
[7.959s] -- Found ament_lint_auto: 0.12.11 (/opt/ros/humble/share/ament_lint_auto/cmake)
[8.416s] -- Added test 'copyright' to check source files copyright and LICENSE
[8.429s] -- Added test 'cppcheck' to perform static code analysis on C / C++ code
[8.430s] -- Configured cppcheck include dirs: /home/changye/Ros2_gazebo/ros2_ws2/src/ros-controls/gazebo_ros2_control/gazebo_ros2_control/include
[8.437s] -- Configured cppcheck exclude dirs and/or files: 
[8.440s] -- Added test 'cpplint' to check C / C++ code against the Google style
[8.440s] -- Configured cpplint exclude dirs and/or files: 
[8.441s] -- Added test 'lint_cmake' to check CMake code style
[8.450s] -- Added test 'uncrustify' to check C / C++ code style
[8.450s] -- Configured uncrustify additional arguments: 
[8.451s] -- Added test 'xmllint' to check XML markup files
[8.465s] -- Configuring done
[9.275s] -- Generating done
[9.322s] -- Build files have been written to: /home/changye/Ros2_gazebo/ros2_ws2/build/gazebo_ros2_control
[9.420s] Invoked command in '/home/changye/Ros2_gazebo/ros2_ws2/build/gazebo_ros2_control' returned '0': AMENT_PREFIX_PATH=/home/changye/Ros2_gazebo/ros2_ws2/install/controller_manager:/home/changye/Ros2_gazebo/ros2_ws2/install/hardware_interface_testing:/home/changye/Ros2_gazebo/ros2_ws2/install/controller_interface:/home/changye/Ros2_gazebo/ros2_ws2/install/hardware_interface:/home/changye/Ros2_gazebo/ros2_ws2/install/ros2_control_test_assets:/home/changye/Ros2_gazebo/ros2_ws2/install/controller_manager_msgs:/home/changye/Ros2_gazebo/ros2_ws2/install/control_msgs:${AMENT_PREFIX_PATH} CMAKE_PREFIX_PATH=/home/changye/Ros2_gazebo/ros2_ws2/install/controller_manager:/home/changye/Ros2_gazebo/ros2_ws2/install/hardware_interface_testing:/home/changye/Ros2_gazebo/ros2_ws2/install/controller_interface:/home/changye/Ros2_gazebo/ros2_ws2/install/hardware_interface:/home/changye/Ros2_gazebo/ros2_ws2/install/ros2_control_test_assets:/home/changye/Ros2_gazebo/ros2_ws2/install/controller_manager_msgs:/home/changye/Ros2_gazebo/ros2_ws2/install/control_msgs:/opt/ros/humble LD_LIBRARY_PATH=/home/changye/Ros2_gazebo/ros2_ws2/install/controller_manager/lib:/home/changye/Ros2_gazebo/ros2_ws2/install/hardware_interface_testing/lib:/home/changye/Ros2_gazebo/ros2_ws2/install/controller_interface/lib:/home/changye/Ros2_gazebo/ros2_ws2/install/hardware_interface/lib:/home/changye/Ros2_gazebo/ros2_ws2/install/controller_manager_msgs/lib:/home/changye/Ros2_gazebo/ros2_ws2/install/control_msgs/lib:/usr/lib/x86_64-linux-gnu/gazebo-11/plugins:/opt/ros/humble/lib/x86_64-linux-gnu:/opt/ros/humble/lib:/usr/lib/x86_64-linux-gnu/gazebo-11/plugins:/usr/share/gazebo-11/../../lib/x86_64-linux-gnu/gazebo-11/plugins:/usr/lib/x86_64-linux-gnu/gazebo-11/plugins PYTHONPATH=/home/changye/Ros2_gazebo/ros2_ws2/install/controller_manager/local/lib/python3.10/dist-packages:/home/changye/Ros2_gazebo/ros2_ws2/install/controller_manager_msgs/local/lib/python3.10/dist-packages:/home/changye/Ros2_gazebo/ros2_ws2/install/control_msgs/local/lib/python3.10/dist-packages:${PYTHONPATH} /usr/bin/cmake /home/changye/Ros2_gazebo/ros2_ws2/src/ros-controls/gazebo_ros2_control/gazebo_ros2_control -DCMAKE_INSTALL_PREFIX=/home/changye/Ros2_gazebo/ros2_ws2/install/gazebo_ros2_control
[9.420s] Invoking command in '/home/changye/Ros2_gazebo/ros2_ws2/build/gazebo_ros2_control': AMENT_PREFIX_PATH=/home/changye/Ros2_gazebo/ros2_ws2/install/controller_manager:/home/changye/Ros2_gazebo/ros2_ws2/install/hardware_interface_testing:/home/changye/Ros2_gazebo/ros2_ws2/install/controller_interface:/home/changye/Ros2_gazebo/ros2_ws2/install/hardware_interface:/home/changye/Ros2_gazebo/ros2_ws2/install/ros2_control_test_assets:/home/changye/Ros2_gazebo/ros2_ws2/install/controller_manager_msgs:/home/changye/Ros2_gazebo/ros2_ws2/install/control_msgs:${AMENT_PREFIX_PATH} CMAKE_PREFIX_PATH=/home/changye/Ros2_gazebo/ros2_ws2/install/controller_manager:/home/changye/Ros2_gazebo/ros2_ws2/install/hardware_interface_testing:/home/changye/Ros2_gazebo/ros2_ws2/install/controller_interface:/home/changye/Ros2_gazebo/ros2_ws2/install/hardware_interface:/home/changye/Ros2_gazebo/ros2_ws2/install/ros2_control_test_assets:/home/changye/Ros2_gazebo/ros2_ws2/install/controller_manager_msgs:/home/changye/Ros2_gazebo/ros2_ws2/install/control_msgs:/opt/ros/humble LD_LIBRARY_PATH=/home/changye/Ros2_gazebo/ros2_ws2/install/controller_manager/lib:/home/changye/Ros2_gazebo/ros2_ws2/install/hardware_interface_testing/lib:/home/changye/Ros2_gazebo/ros2_ws2/install/controller_interface/lib:/home/changye/Ros2_gazebo/ros2_ws2/install/hardware_interface/lib:/home/changye/Ros2_gazebo/ros2_ws2/install/controller_manager_msgs/lib:/home/changye/Ros2_gazebo/ros2_ws2/install/control_msgs/lib:/usr/lib/x86_64-linux-gnu/gazebo-11/plugins:/opt/ros/humble/lib/x86_64-linux-gnu:/opt/ros/humble/lib:/usr/lib/x86_64-linux-gnu/gazebo-11/plugins:/usr/share/gazebo-11/../../lib/x86_64-linux-gnu/gazebo-11/plugins:/usr/lib/x86_64-linux-gnu/gazebo-11/plugins PYTHONPATH=/home/changye/Ros2_gazebo/ros2_ws2/install/controller_manager/local/lib/python3.10/dist-packages:/home/changye/Ros2_gazebo/ros2_ws2/install/controller_manager_msgs/local/lib/python3.10/dist-packages:/home/changye/Ros2_gazebo/ros2_ws2/install/control_msgs/local/lib/python3.10/dist-packages:${PYTHONPATH} /usr/bin/cmake --build /home/changye/Ros2_gazebo/ros2_ws2/build/gazebo_ros2_control -- -j12 -l12
[55.924s] [ 25%] [32mBuilding CXX object CMakeFiles/gazebo_hardware_plugins.dir/src/gazebo_system.cpp.o[0m
[55.924s] [ 50%] [32mBuilding CXX object CMakeFiles/gazebo_ros2_control.dir/src/gazebo_ros2_control_plugin.cpp.o[0m
[55.924s] [ 75%] [32m[1mLinking CXX shared library libgazebo_hardware_plugins.so[0m
[55.924s] [ 75%] Built target gazebo_hardware_plugins
[55.924s] [100%] [32m[1mLinking CXX shared library libgazebo_ros2_control.so[0m
[55.924s] [100%] Built target gazebo_ros2_control
[55.928s] Invoked command in '/home/changye/Ros2_gazebo/ros2_ws2/build/gazebo_ros2_control' returned '0': AMENT_PREFIX_PATH=/home/changye/Ros2_gazebo/ros2_ws2/install/controller_manager:/home/changye/Ros2_gazebo/ros2_ws2/install/hardware_interface_testing:/home/changye/Ros2_gazebo/ros2_ws2/install/controller_interface:/home/changye/Ros2_gazebo/ros2_ws2/install/hardware_interface:/home/changye/Ros2_gazebo/ros2_ws2/install/ros2_control_test_assets:/home/changye/Ros2_gazebo/ros2_ws2/install/controller_manager_msgs:/home/changye/Ros2_gazebo/ros2_ws2/install/control_msgs:${AMENT_PREFIX_PATH} CMAKE_PREFIX_PATH=/home/changye/Ros2_gazebo/ros2_ws2/install/controller_manager:/home/changye/Ros2_gazebo/ros2_ws2/install/hardware_interface_testing:/home/changye/Ros2_gazebo/ros2_ws2/install/controller_interface:/home/changye/Ros2_gazebo/ros2_ws2/install/hardware_interface:/home/changye/Ros2_gazebo/ros2_ws2/install/ros2_control_test_assets:/home/changye/Ros2_gazebo/ros2_ws2/install/controller_manager_msgs:/home/changye/Ros2_gazebo/ros2_ws2/install/control_msgs:/opt/ros/humble LD_LIBRARY_PATH=/home/changye/Ros2_gazebo/ros2_ws2/install/controller_manager/lib:/home/changye/Ros2_gazebo/ros2_ws2/install/hardware_interface_testing/lib:/home/changye/Ros2_gazebo/ros2_ws2/install/controller_interface/lib:/home/changye/Ros2_gazebo/ros2_ws2/install/hardware_interface/lib:/home/changye/Ros2_gazebo/ros2_ws2/install/controller_manager_msgs/lib:/home/changye/Ros2_gazebo/ros2_ws2/install/control_msgs/lib:/usr/lib/x86_64-linux-gnu/gazebo-11/plugins:/opt/ros/humble/lib/x86_64-linux-gnu:/opt/ros/humble/lib:/usr/lib/x86_64-linux-gnu/gazebo-11/plugins:/usr/share/gazebo-11/../../lib/x86_64-linux-gnu/gazebo-11/plugins:/usr/lib/x86_64-linux-gnu/gazebo-11/plugins PYTHONPATH=/home/changye/Ros2_gazebo/ros2_ws2/install/controller_manager/local/lib/python3.10/dist-packages:/home/changye/Ros2_gazebo/ros2_ws2/install/controller_manager_msgs/local/lib/python3.10/dist-packages:/home/changye/Ros2_gazebo/ros2_ws2/install/control_msgs/local/lib/python3.10/dist-packages:${PYTHONPATH} /usr/bin/cmake --build /home/changye/Ros2_gazebo/ros2_ws2/build/gazebo_ros2_control -- -j12 -l12
[55.928s] Invoking command in '/home/changye/Ros2_gazebo/ros2_ws2/build/gazebo_ros2_control': AMENT_PREFIX_PATH=/home/changye/Ros2_gazebo/ros2_ws2/install/controller_manager:/home/changye/Ros2_gazebo/ros2_ws2/install/hardware_interface_testing:/home/changye/Ros2_gazebo/ros2_ws2/install/controller_interface:/home/changye/Ros2_gazebo/ros2_ws2/install/hardware_interface:/home/changye/Ros2_gazebo/ros2_ws2/install/ros2_control_test_assets:/home/changye/Ros2_gazebo/ros2_ws2/install/controller_manager_msgs:/home/changye/Ros2_gazebo/ros2_ws2/install/control_msgs:${AMENT_PREFIX_PATH} CMAKE_PREFIX_PATH=/home/changye/Ros2_gazebo/ros2_ws2/install/controller_manager:/home/changye/Ros2_gazebo/ros2_ws2/install/hardware_interface_testing:/home/changye/Ros2_gazebo/ros2_ws2/install/controller_interface:/home/changye/Ros2_gazebo/ros2_ws2/install/hardware_interface:/home/changye/Ros2_gazebo/ros2_ws2/install/ros2_control_test_assets:/home/changye/Ros2_gazebo/ros2_ws2/install/controller_manager_msgs:/home/changye/Ros2_gazebo/ros2_ws2/install/control_msgs:/opt/ros/humble LD_LIBRARY_PATH=/home/changye/Ros2_gazebo/ros2_ws2/install/controller_manager/lib:/home/changye/Ros2_gazebo/ros2_ws2/install/hardware_interface_testing/lib:/home/changye/Ros2_gazebo/ros2_ws2/install/controller_interface/lib:/home/changye/Ros2_gazebo/ros2_ws2/install/hardware_interface/lib:/home/changye/Ros2_gazebo/ros2_ws2/install/controller_manager_msgs/lib:/home/changye/Ros2_gazebo/ros2_ws2/install/control_msgs/lib:/usr/lib/x86_64-linux-gnu/gazebo-11/plugins:/opt/ros/humble/lib/x86_64-linux-gnu:/opt/ros/humble/lib:/usr/lib/x86_64-linux-gnu/gazebo-11/plugins:/usr/share/gazebo-11/../../lib/x86_64-linux-gnu/gazebo-11/plugins:/usr/lib/x86_64-linux-gnu/gazebo-11/plugins PYTHONPATH=/home/changye/Ros2_gazebo/ros2_ws2/install/controller_manager/local/lib/python3.10/dist-packages:/home/changye/Ros2_gazebo/ros2_ws2/install/controller_manager_msgs/local/lib/python3.10/dist-packages:/home/changye/Ros2_gazebo/ros2_ws2/install/control_msgs/local/lib/python3.10/dist-packages:${PYTHONPATH} /usr/bin/cmake --install /home/changye/Ros2_gazebo/ros2_ws2/build/gazebo_ros2_control
[55.934s] -- Install configuration: ""
[55.934s] -- Installing: /home/changye/Ros2_gazebo/ros2_ws2/install/gazebo_ros2_control/lib/libgazebo_ros2_control.so
[55.934s] -- Set runtime path of "/home/changye/Ros2_gazebo/ros2_ws2/install/gazebo_ros2_control/lib/libgazebo_ros2_control.so" to ""
[55.934s] -- Installing: /home/changye/Ros2_gazebo/ros2_ws2/install/gazebo_ros2_control/lib/libgazebo_hardware_plugins.so
[55.934s] -- Set runtime path of "/home/changye/Ros2_gazebo/ros2_ws2/install/gazebo_ros2_control/lib/libgazebo_hardware_plugins.so" to ""
[55.934s] -- Installing: /home/changye/Ros2_gazebo/ros2_ws2/install/gazebo_ros2_control/share/gazebo_ros2_control/environment/library_path.sh
[55.934s] -- Installing: /home/changye/Ros2_gazebo/ros2_ws2/install/gazebo_ros2_control/share/gazebo_ros2_control/environment/library_path.dsv
[55.935s] -- Installing: /home/changye/Ros2_gazebo/ros2_ws2/install/gazebo_ros2_control/include/gazebo_ros2_control
[55.935s] -- Installing: /home/changye/Ros2_gazebo/ros2_ws2/install/gazebo_ros2_control/include/gazebo_ros2_control/gazebo_ros2_control_plugin.hpp
[55.935s] -- Installing: /home/changye/Ros2_gazebo/ros2_ws2/install/gazebo_ros2_control/include/gazebo_ros2_control/gazebo_system_interface.hpp
[55.935s] -- Installing: /home/changye/Ros2_gazebo/ros2_ws2/install/gazebo_ros2_control/include/gazebo_ros2_control/gazebo_system.hpp
[55.935s] -- Installing: /home/changye/Ros2_gazebo/ros2_ws2/install/gazebo_ros2_control/share/gazebo_ros2_control/gazebo_hardware_plugins.xml
[55.935s] -- Installing: /home/changye/Ros2_gazebo/ros2_ws2/install/gazebo_ros2_control/share/ament_index/resource_index/package_run_dependencies/gazebo_ros2_control
[55.935s] -- Installing: /home/changye/Ros2_gazebo/ros2_ws2/install/gazebo_ros2_control/share/ament_index/resource_index/parent_prefix_path/gazebo_ros2_control
[55.935s] -- Installing: /home/changye/Ros2_gazebo/ros2_ws2/install/gazebo_ros2_control/share/gazebo_ros2_control/environment/ament_prefix_path.sh
[55.935s] -- Installing: /home/changye/Ros2_gazebo/ros2_ws2/install/gazebo_ros2_control/share/gazebo_ros2_control/environment/ament_prefix_path.dsv
[55.935s] -- Installing: /home/changye/Ros2_gazebo/ros2_ws2/install/gazebo_ros2_control/share/gazebo_ros2_control/environment/path.sh
[55.935s] -- Installing: /home/changye/Ros2_gazebo/ros2_ws2/install/gazebo_ros2_control/share/gazebo_ros2_control/environment/path.dsv
[55.935s] -- Installing: /home/changye/Ros2_gazebo/ros2_ws2/install/gazebo_ros2_control/share/gazebo_ros2_control/local_setup.bash
[55.935s] -- Installing: /home/changye/Ros2_gazebo/ros2_ws2/install/gazebo_ros2_control/share/gazebo_ros2_control/local_setup.sh
[55.935s] -- Installing: /home/changye/Ros2_gazebo/ros2_ws2/install/gazebo_ros2_control/share/gazebo_ros2_control/local_setup.zsh
[55.935s] -- Installing: /home/changye/Ros2_gazebo/ros2_ws2/install/gazebo_ros2_control/share/gazebo_ros2_control/local_setup.dsv
[55.935s] -- Installing: /home/changye/Ros2_gazebo/ros2_ws2/install/gazebo_ros2_control/share/gazebo_ros2_control/package.dsv
[55.935s] -- Installing: /home/changye/Ros2_gazebo/ros2_ws2/install/gazebo_ros2_control/share/ament_index/resource_index/packages/gazebo_ros2_control
[55.935s] -- Installing: /home/changye/Ros2_gazebo/ros2_ws2/install/gazebo_ros2_control/share/ament_index/resource_index/gazebo_ros2_control__pluginlib__plugin/gazebo_ros2_control
[55.935s] -- Installing: /home/changye/Ros2_gazebo/ros2_ws2/install/gazebo_ros2_control/share/gazebo_ros2_control/cmake/ament_cmake_export_include_directories-extras.cmake
[55.935s] -- Installing: /home/changye/Ros2_gazebo/ros2_ws2/install/gazebo_ros2_control/share/gazebo_ros2_control/cmake/ament_cmake_export_dependencies-extras.cmake
[55.935s] -- Installing: /home/changye/Ros2_gazebo/ros2_ws2/install/gazebo_ros2_control/share/gazebo_ros2_control/cmake/ament_cmake_export_libraries-extras.cmake
[55.935s] -- Installing: /home/changye/Ros2_gazebo/ros2_ws2/install/gazebo_ros2_control/share/gazebo_ros2_control/cmake/gazebo_ros2_controlConfig.cmake
[55.936s] -- Installing: /home/changye/Ros2_gazebo/ros2_ws2/install/gazebo_ros2_control/share/gazebo_ros2_control/cmake/gazebo_ros2_controlConfig-version.cmake
[55.936s] -- Installing: /home/changye/Ros2_gazebo/ros2_ws2/install/gazebo_ros2_control/share/gazebo_ros2_control/package.xml
[55.937s] Invoked command in '/home/changye/Ros2_gazebo/ros2_ws2/build/gazebo_ros2_control' returned '0': AMENT_PREFIX_PATH=/home/changye/Ros2_gazebo/ros2_ws2/install/controller_manager:/home/changye/Ros2_gazebo/ros2_ws2/install/hardware_interface_testing:/home/changye/Ros2_gazebo/ros2_ws2/install/controller_interface:/home/changye/Ros2_gazebo/ros2_ws2/install/hardware_interface:/home/changye/Ros2_gazebo/ros2_ws2/install/ros2_control_test_assets:/home/changye/Ros2_gazebo/ros2_ws2/install/controller_manager_msgs:/home/changye/Ros2_gazebo/ros2_ws2/install/control_msgs:${AMENT_PREFIX_PATH} CMAKE_PREFIX_PATH=/home/changye/Ros2_gazebo/ros2_ws2/install/controller_manager:/home/changye/Ros2_gazebo/ros2_ws2/install/hardware_interface_testing:/home/changye/Ros2_gazebo/ros2_ws2/install/controller_interface:/home/changye/Ros2_gazebo/ros2_ws2/install/hardware_interface:/home/changye/Ros2_gazebo/ros2_ws2/install/ros2_control_test_assets:/home/changye/Ros2_gazebo/ros2_ws2/install/controller_manager_msgs:/home/changye/Ros2_gazebo/ros2_ws2/install/control_msgs:/opt/ros/humble LD_LIBRARY_PATH=/home/changye/Ros2_gazebo/ros2_ws2/install/controller_manager/lib:/home/changye/Ros2_gazebo/ros2_ws2/install/hardware_interface_testing/lib:/home/changye/Ros2_gazebo/ros2_ws2/install/controller_interface/lib:/home/changye/Ros2_gazebo/ros2_ws2/install/hardware_interface/lib:/home/changye/Ros2_gazebo/ros2_ws2/install/controller_manager_msgs/lib:/home/changye/Ros2_gazebo/ros2_ws2/install/control_msgs/lib:/usr/lib/x86_64-linux-gnu/gazebo-11/plugins:/opt/ros/humble/lib/x86_64-linux-gnu:/opt/ros/humble/lib:/usr/lib/x86_64-linux-gnu/gazebo-11/plugins:/usr/share/gazebo-11/../../lib/x86_64-linux-gnu/gazebo-11/plugins:/usr/lib/x86_64-linux-gnu/gazebo-11/plugins PYTHONPATH=/home/changye/Ros2_gazebo/ros2_ws2/install/controller_manager/local/lib/python3.10/dist-packages:/home/changye/Ros2_gazebo/ros2_ws2/install/controller_manager_msgs/local/lib/python3.10/dist-packages:/home/changye/Ros2_gazebo/ros2_ws2/install/control_msgs/local/lib/python3.10/dist-packages:${PYTHONPATH} /usr/bin/cmake --install /home/changye/Ros2_gazebo/ros2_ws2/build/gazebo_ros2_control
