[0.304s] Invoking command in '/home/changye/Ros2_gazebo/ros2_ws2/build/diff_drive_controller': AMENT_PREFIX_PATH=/home/changye/Ros2_gazebo/ros2_ws2/install/controller_manager:/home/changye/Ros2_gazebo/ros2_ws2/install/hardware_interface_testing:/home/changye/Ros2_gazebo/ros2_ws2/install/controller_interface:/home/changye/Ros2_gazebo/ros2_ws2/install/hardware_interface:/home/changye/Ros2_gazebo/ros2_ws2/install/ros2_control_test_assets:/home/changye/Ros2_gazebo/ros2_ws2/install/controller_manager_msgs:/home/changye/Ros2_gazebo/ros2_ws2/install/control_msgs:${AMENT_PREFIX_PATH} CMAKE_PREFIX_PATH=/home/changye/Ros2_gazebo/ros2_ws2/install/controller_manager:/home/changye/Ros2_gazebo/ros2_ws2/install/hardware_interface_testing:/home/changye/Ros2_gazebo/ros2_ws2/install/controller_interface:/home/changye/Ros2_gazebo/ros2_ws2/install/hardware_interface:/home/changye/Ros2_gazebo/ros2_ws2/install/ros2_control_test_assets:/home/changye/Ros2_gazebo/ros2_ws2/install/controller_manager_msgs:/home/changye/Ros2_gazebo/ros2_ws2/install/control_msgs:/opt/ros/humble LD_LIBRARY_PATH=/home/changye/Ros2_gazebo/ros2_ws2/install/controller_manager/lib:/home/changye/Ros2_gazebo/ros2_ws2/install/hardware_interface_testing/lib:/home/changye/Ros2_gazebo/ros2_ws2/install/controller_interface/lib:/home/changye/Ros2_gazebo/ros2_ws2/install/hardware_interface/lib:/home/changye/Ros2_gazebo/ros2_ws2/install/controller_manager_msgs/lib:/home/changye/Ros2_gazebo/ros2_ws2/install/control_msgs/lib:/usr/lib/x86_64-linux-gnu/gazebo-11/plugins:/opt/ros/humble/lib/x86_64-linux-gnu:/opt/ros/humble/lib:/usr/lib/x86_64-linux-gnu/gazebo-11/plugins:/usr/share/gazebo-11/../../lib/x86_64-linux-gnu/gazebo-11/plugins:/usr/lib/x86_64-linux-gnu/gazebo-11/plugins PYTHONPATH=/home/changye/Ros2_gazebo/ros2_ws2/install/controller_manager/local/lib/python3.10/dist-packages:/home/changye/Ros2_gazebo/ros2_ws2/install/controller_manager_msgs/local/lib/python3.10/dist-packages:/home/changye/Ros2_gazebo/ros2_ws2/install/control_msgs/local/lib/python3.10/dist-packages:${PYTHONPATH} /usr/bin/cmake --build /home/changye/Ros2_gazebo/ros2_ws2/build/diff_drive_controller -- -j12 -l12
[0.361s] [35m[1mConsolidate compiler generated dependencies of target gmock_main[0m
[0.364s] [35m[1mConsolidate compiler generated dependencies of target gmock[0m
[0.390s] [  7%] Built target diff_drive_controller_parameters
[0.390s] [ 21%] Built target gmock_main
[0.390s] [ 42%] Built target gmock
[0.411s] [35m[1mConsolidate compiler generated dependencies of target diff_drive_controller[0m
[0.416s] [35m[1mConsolidate compiler generated dependencies of target test_load_diff_drive_controller[0m
[0.461s] [ 71%] Built target diff_drive_controller
[0.472s] [ 85%] Built target test_load_diff_drive_controller
[0.489s] [35m[1mConsolidate compiler generated dependencies of target test_diff_drive_controller[0m
[0.524s] [100%] Built target test_diff_drive_controller
[0.596s] Invoked command in '/home/changye/Ros2_gazebo/ros2_ws2/build/diff_drive_controller' returned '0': AMENT_PREFIX_PATH=/home/changye/Ros2_gazebo/ros2_ws2/install/controller_manager:/home/changye/Ros2_gazebo/ros2_ws2/install/hardware_interface_testing:/home/changye/Ros2_gazebo/ros2_ws2/install/controller_interface:/home/changye/Ros2_gazebo/ros2_ws2/install/hardware_interface:/home/changye/Ros2_gazebo/ros2_ws2/install/ros2_control_test_assets:/home/changye/Ros2_gazebo/ros2_ws2/install/controller_manager_msgs:/home/changye/Ros2_gazebo/ros2_ws2/install/control_msgs:${AMENT_PREFIX_PATH} CMAKE_PREFIX_PATH=/home/changye/Ros2_gazebo/ros2_ws2/install/controller_manager:/home/changye/Ros2_gazebo/ros2_ws2/install/hardware_interface_testing:/home/changye/Ros2_gazebo/ros2_ws2/install/controller_interface:/home/changye/Ros2_gazebo/ros2_ws2/install/hardware_interface:/home/changye/Ros2_gazebo/ros2_ws2/install/ros2_control_test_assets:/home/changye/Ros2_gazebo/ros2_ws2/install/controller_manager_msgs:/home/changye/Ros2_gazebo/ros2_ws2/install/control_msgs:/opt/ros/humble LD_LIBRARY_PATH=/home/changye/Ros2_gazebo/ros2_ws2/install/controller_manager/lib:/home/changye/Ros2_gazebo/ros2_ws2/install/hardware_interface_testing/lib:/home/changye/Ros2_gazebo/ros2_ws2/install/controller_interface/lib:/home/changye/Ros2_gazebo/ros2_ws2/install/hardware_interface/lib:/home/changye/Ros2_gazebo/ros2_ws2/install/controller_manager_msgs/lib:/home/changye/Ros2_gazebo/ros2_ws2/install/control_msgs/lib:/usr/lib/x86_64-linux-gnu/gazebo-11/plugins:/opt/ros/humble/lib/x86_64-linux-gnu:/opt/ros/humble/lib:/usr/lib/x86_64-linux-gnu/gazebo-11/plugins:/usr/share/gazebo-11/../../lib/x86_64-linux-gnu/gazebo-11/plugins:/usr/lib/x86_64-linux-gnu/gazebo-11/plugins PYTHONPATH=/home/changye/Ros2_gazebo/ros2_ws2/install/controller_manager/local/lib/python3.10/dist-packages:/home/changye/Ros2_gazebo/ros2_ws2/install/controller_manager_msgs/local/lib/python3.10/dist-packages:/home/changye/Ros2_gazebo/ros2_ws2/install/control_msgs/local/lib/python3.10/dist-packages:${PYTHONPATH} /usr/bin/cmake --build /home/changye/Ros2_gazebo/ros2_ws2/build/diff_drive_controller -- -j12 -l12
[0.597s] Invoking command in '/home/changye/Ros2_gazebo/ros2_ws2/build/diff_drive_controller': AMENT_PREFIX_PATH=/home/changye/Ros2_gazebo/ros2_ws2/install/controller_manager:/home/changye/Ros2_gazebo/ros2_ws2/install/hardware_interface_testing:/home/changye/Ros2_gazebo/ros2_ws2/install/controller_interface:/home/changye/Ros2_gazebo/ros2_ws2/install/hardware_interface:/home/changye/Ros2_gazebo/ros2_ws2/install/ros2_control_test_assets:/home/changye/Ros2_gazebo/ros2_ws2/install/controller_manager_msgs:/home/changye/Ros2_gazebo/ros2_ws2/install/control_msgs:${AMENT_PREFIX_PATH} CMAKE_PREFIX_PATH=/home/changye/Ros2_gazebo/ros2_ws2/install/controller_manager:/home/changye/Ros2_gazebo/ros2_ws2/install/hardware_interface_testing:/home/changye/Ros2_gazebo/ros2_ws2/install/controller_interface:/home/changye/Ros2_gazebo/ros2_ws2/install/hardware_interface:/home/changye/Ros2_gazebo/ros2_ws2/install/ros2_control_test_assets:/home/changye/Ros2_gazebo/ros2_ws2/install/controller_manager_msgs:/home/changye/Ros2_gazebo/ros2_ws2/install/control_msgs:/opt/ros/humble LD_LIBRARY_PATH=/home/changye/Ros2_gazebo/ros2_ws2/install/controller_manager/lib:/home/changye/Ros2_gazebo/ros2_ws2/install/hardware_interface_testing/lib:/home/changye/Ros2_gazebo/ros2_ws2/install/controller_interface/lib:/home/changye/Ros2_gazebo/ros2_ws2/install/hardware_interface/lib:/home/changye/Ros2_gazebo/ros2_ws2/install/controller_manager_msgs/lib:/home/changye/Ros2_gazebo/ros2_ws2/install/control_msgs/lib:/usr/lib/x86_64-linux-gnu/gazebo-11/plugins:/opt/ros/humble/lib/x86_64-linux-gnu:/opt/ros/humble/lib:/usr/lib/x86_64-linux-gnu/gazebo-11/plugins:/usr/share/gazebo-11/../../lib/x86_64-linux-gnu/gazebo-11/plugins:/usr/lib/x86_64-linux-gnu/gazebo-11/plugins PYTHONPATH=/home/changye/Ros2_gazebo/ros2_ws2/install/controller_manager/local/lib/python3.10/dist-packages:/home/changye/Ros2_gazebo/ros2_ws2/install/controller_manager_msgs/local/lib/python3.10/dist-packages:/home/changye/Ros2_gazebo/ros2_ws2/install/control_msgs/local/lib/python3.10/dist-packages:${PYTHONPATH} /usr/bin/cmake --install /home/changye/Ros2_gazebo/ros2_ws2/build/diff_drive_controller
[0.634s] -- Install configuration: ""
[0.634s] -- Up-to-date: /home/changye/Ros2_gazebo/ros2_ws2/install/diff_drive_controller/include/diff_drive_controller_parameters
[0.634s] -- Up-to-date: /home/changye/Ros2_gazebo/ros2_ws2/install/diff_drive_controller/include/diff_drive_controller_parameters/diff_drive_controller_parameters.hpp
[0.634s] -- Up-to-date: /home/changye/Ros2_gazebo/ros2_ws2/install/diff_drive_controller/share/diff_drive_controller/diff_drive_plugin.xml
[0.634s] -- Up-to-date: /home/changye/Ros2_gazebo/ros2_ws2/install/diff_drive_controller/include/diff_drive_controller
[0.634s] -- Up-to-date: /home/changye/Ros2_gazebo/ros2_ws2/install/diff_drive_controller/include/diff_drive_controller/diff_drive_controller
[0.634s] -- Up-to-date: /home/changye/Ros2_gazebo/ros2_ws2/install/diff_drive_controller/include/diff_drive_controller/diff_drive_controller/diff_drive_controller.hpp
[0.634s] -- Up-to-date: /home/changye/Ros2_gazebo/ros2_ws2/install/diff_drive_controller/include/diff_drive_controller/diff_drive_controller/speed_limiter.hpp
[0.635s] -- Up-to-date: /home/changye/Ros2_gazebo/ros2_ws2/install/diff_drive_controller/include/diff_drive_controller/diff_drive_controller/visibility_control.h
[0.635s] -- Up-to-date: /home/changye/Ros2_gazebo/ros2_ws2/install/diff_drive_controller/include/diff_drive_controller/diff_drive_controller/odometry.hpp
[0.635s] -- Up-to-date: /home/changye/Ros2_gazebo/ros2_ws2/install/diff_drive_controller/lib/libdiff_drive_controller.so
[0.635s] -- Up-to-date: /home/changye/Ros2_gazebo/ros2_ws2/install/diff_drive_controller/share/diff_drive_controller/environment/library_path.sh
[0.635s] -- Up-to-date: /home/changye/Ros2_gazebo/ros2_ws2/install/diff_drive_controller/share/diff_drive_controller/environment/library_path.dsv
[0.635s] -- Up-to-date: /home/changye/Ros2_gazebo/ros2_ws2/install/diff_drive_controller/share/ament_index/resource_index/package_run_dependencies/diff_drive_controller
[0.635s] -- Up-to-date: /home/changye/Ros2_gazebo/ros2_ws2/install/diff_drive_controller/share/ament_index/resource_index/parent_prefix_path/diff_drive_controller
[0.635s] -- Up-to-date: /home/changye/Ros2_gazebo/ros2_ws2/install/diff_drive_controller/share/diff_drive_controller/environment/ament_prefix_path.sh
[0.635s] -- Up-to-date: /home/changye/Ros2_gazebo/ros2_ws2/install/diff_drive_controller/share/diff_drive_controller/environment/ament_prefix_path.dsv
[0.635s] -- Up-to-date: /home/changye/Ros2_gazebo/ros2_ws2/install/diff_drive_controller/share/diff_drive_controller/environment/path.sh
[0.635s] -- Up-to-date: /home/changye/Ros2_gazebo/ros2_ws2/install/diff_drive_controller/share/diff_drive_controller/environment/path.dsv
[0.635s] -- Up-to-date: /home/changye/Ros2_gazebo/ros2_ws2/install/diff_drive_controller/share/diff_drive_controller/local_setup.bash
[0.635s] -- Up-to-date: /home/changye/Ros2_gazebo/ros2_ws2/install/diff_drive_controller/share/diff_drive_controller/local_setup.sh
[0.635s] -- Up-to-date: /home/changye/Ros2_gazebo/ros2_ws2/install/diff_drive_controller/share/diff_drive_controller/local_setup.zsh
[0.635s] -- Up-to-date: /home/changye/Ros2_gazebo/ros2_ws2/install/diff_drive_controller/share/diff_drive_controller/local_setup.dsv
[0.635s] -- Installing: /home/changye/Ros2_gazebo/ros2_ws2/install/diff_drive_controller/share/diff_drive_controller/package.dsv
[0.635s] -- Up-to-date: /home/changye/Ros2_gazebo/ros2_ws2/install/diff_drive_controller/share/ament_index/resource_index/packages/diff_drive_controller
[0.636s] -- Up-to-date: /home/changye/Ros2_gazebo/ros2_ws2/install/diff_drive_controller/share/ament_index/resource_index/controller_interface__pluginlib__plugin/diff_drive_controller
[0.636s] -- Up-to-date: /home/changye/Ros2_gazebo/ros2_ws2/install/diff_drive_controller/share/diff_drive_controller/cmake/export_diff_drive_controllerExport.cmake
[0.636s] -- Up-to-date: /home/changye/Ros2_gazebo/ros2_ws2/install/diff_drive_controller/share/diff_drive_controller/cmake/export_diff_drive_controllerExport-noconfig.cmake
[0.636s] -- Up-to-date: /home/changye/Ros2_gazebo/ros2_ws2/install/diff_drive_controller/share/diff_drive_controller/cmake/ament_cmake_export_targets-extras.cmake
[0.637s] -- Up-to-date: /home/changye/Ros2_gazebo/ros2_ws2/install/diff_drive_controller/share/diff_drive_controller/cmake/ament_cmake_export_dependencies-extras.cmake
[0.637s] -- Up-to-date: /home/changye/Ros2_gazebo/ros2_ws2/install/diff_drive_controller/share/diff_drive_controller/cmake/diff_drive_controllerConfig.cmake
[0.637s] -- Up-to-date: /home/changye/Ros2_gazebo/ros2_ws2/install/diff_drive_controller/share/diff_drive_controller/cmake/diff_drive_controllerConfig-version.cmake
[0.637s] -- Up-to-date: /home/changye/Ros2_gazebo/ros2_ws2/install/diff_drive_controller/share/diff_drive_controller/package.xml
[0.695s] Invoked command in '/home/changye/Ros2_gazebo/ros2_ws2/build/diff_drive_controller' returned '0': AMENT_PREFIX_PATH=/home/changye/Ros2_gazebo/ros2_ws2/install/controller_manager:/home/changye/Ros2_gazebo/ros2_ws2/install/hardware_interface_testing:/home/changye/Ros2_gazebo/ros2_ws2/install/controller_interface:/home/changye/Ros2_gazebo/ros2_ws2/install/hardware_interface:/home/changye/Ros2_gazebo/ros2_ws2/install/ros2_control_test_assets:/home/changye/Ros2_gazebo/ros2_ws2/install/controller_manager_msgs:/home/changye/Ros2_gazebo/ros2_ws2/install/control_msgs:${AMENT_PREFIX_PATH} CMAKE_PREFIX_PATH=/home/changye/Ros2_gazebo/ros2_ws2/install/controller_manager:/home/changye/Ros2_gazebo/ros2_ws2/install/hardware_interface_testing:/home/changye/Ros2_gazebo/ros2_ws2/install/controller_interface:/home/changye/Ros2_gazebo/ros2_ws2/install/hardware_interface:/home/changye/Ros2_gazebo/ros2_ws2/install/ros2_control_test_assets:/home/changye/Ros2_gazebo/ros2_ws2/install/controller_manager_msgs:/home/changye/Ros2_gazebo/ros2_ws2/install/control_msgs:/opt/ros/humble LD_LIBRARY_PATH=/home/changye/Ros2_gazebo/ros2_ws2/install/controller_manager/lib:/home/changye/Ros2_gazebo/ros2_ws2/install/hardware_interface_testing/lib:/home/changye/Ros2_gazebo/ros2_ws2/install/controller_interface/lib:/home/changye/Ros2_gazebo/ros2_ws2/install/hardware_interface/lib:/home/changye/Ros2_gazebo/ros2_ws2/install/controller_manager_msgs/lib:/home/changye/Ros2_gazebo/ros2_ws2/install/control_msgs/lib:/usr/lib/x86_64-linux-gnu/gazebo-11/plugins:/opt/ros/humble/lib/x86_64-linux-gnu:/opt/ros/humble/lib:/usr/lib/x86_64-linux-gnu/gazebo-11/plugins:/usr/share/gazebo-11/../../lib/x86_64-linux-gnu/gazebo-11/plugins:/usr/lib/x86_64-linux-gnu/gazebo-11/plugins PYTHONPATH=/home/changye/Ros2_gazebo/ros2_ws2/install/controller_manager/local/lib/python3.10/dist-packages:/home/changye/Ros2_gazebo/ros2_ws2/install/controller_manager_msgs/local/lib/python3.10/dist-packages:/home/changye/Ros2_gazebo/ros2_ws2/install/control_msgs/local/lib/python3.10/dist-packages:${PYTHONPATH} /usr/bin/cmake --install /home/changye/Ros2_gazebo/ros2_ws2/build/diff_drive_controller
