[0.418s] Invoking command in '/home/changye/Ros2_gazebo/ros2_ws2/build/joint_limits': CMAKE_PREFIX_PATH=/opt/ros/humble /usr/bin/cmake /home/changye/Ros2_gazebo/ros2_ws2/src/ros-controls/ros2_control-humble/joint_limits -DAMENT_CMAKE_SYMLINK_INSTALL=1 -DCMAKE_INSTALL_PREFIX=/home/changye/Ros2_gazebo/ros2_ws2/install/joint_limits
[0.676s] -- Found ament_cmake: 1.3.11 (/opt/ros/humble/share/ament_cmake/cmake)
[0.870s] -- Override CMake install command with custom implementation using symlinks instead of copying resources
[1.085s] -- Found rclcpp: 16.0.11 (/opt/ros/humble/share/rclcpp/cmake)
[1.210s] -- Found rosidl_generator_c: 3.1.6 (/opt/ros/humble/share/rosidl_generator_c/cmake)
[1.213s] -- Found rosidl_adapter: 3.1.6 (/opt/ros/humble/share/rosidl_adapter/cmake)
[1.321s] -- Found rosidl_generator_cpp: 3.1.6 (/opt/ros/humble/share/rosidl_generator_cpp/cmake)
[1.631s] -- Using all available rosidl_typesupport_c: rosidl_typesupport_fastrtps_c;rosidl_typesupport_introspection_c
[1.643s] -- Using all available rosidl_typesupport_cpp: rosidl_typesupport_fastrtps_cpp;rosidl_typesupport_introspection_cpp
[1.899s] -- Found rmw_implementation_cmake: 6.1.2 (/opt/ros/humble/share/rmw_implementation_cmake/cmake)
[1.932s] -- Found rmw_fastrtps_cpp: 6.2.7 (/opt/ros/humble/share/rmw_fastrtps_cpp/cmake)
[2.398s] -- Using RMW implementation 'rmw_fastrtps_cpp' as default
[2.740s] -- Found rclcpp_lifecycle: 16.0.11 (/opt/ros/humble/share/rclcpp_lifecycle/cmake)
[2.795s] -- Found ament_cmake_gtest: 1.3.11 (/opt/ros/humble/share/ament_cmake_gtest/cmake)
[2.963s] -- Found launch_testing_ament_cmake: 1.0.7 (/opt/ros/humble/share/launch_testing_ament_cmake/cmake)
[2.972s] -- Found python_cmake_module: 0.10.0 (/opt/ros/humble/share/python_cmake_module/cmake)
[3.049s] -- Using PYTHON_EXECUTABLE: /usr/bin/python3
[3.049s] -- Using PYTHON_INCLUDE_DIRS: /usr/include/python3.10
[3.049s] -- Using PYTHON_LIBRARIES: /usr/lib/x86_64-linux-gnu/libpython3.10.so
[3.051s] -- Found gtest sources under '/opt/ros/humble/src/gtest_vendor': C++ tests using 'Google Test' will be built
[3.343s] -- Configuring done
[3.661s] -- Generating done
[3.671s] -- Build files have been written to: /home/changye/Ros2_gazebo/ros2_ws2/build/joint_limits
[3.753s] Invoked command in '/home/changye/Ros2_gazebo/ros2_ws2/build/joint_limits' returned '0': CMAKE_PREFIX_PATH=/opt/ros/humble /usr/bin/cmake /home/changye/Ros2_gazebo/ros2_ws2/src/ros-controls/ros2_control-humble/joint_limits -DAMENT_CMAKE_SYMLINK_INSTALL=1 -DCMAKE_INSTALL_PREFIX=/home/changye/Ros2_gazebo/ros2_ws2/install/joint_limits
[3.754s] Invoking command in '/home/changye/Ros2_gazebo/ros2_ws2/build/joint_limits': CMAKE_PREFIX_PATH=/opt/ros/humble /usr/bin/cmake --build /home/changye/Ros2_gazebo/ros2_ws2/build/joint_limits -- -j12 -l12
[3.814s] [35m[1mConsolidate compiler generated dependencies of target gtest_main[0m
[3.821s] [ 14%] Built target ament_generate_version_header__joint_limits
[3.873s] [ 28%] [32mBuilding CXX object gtest/CMakeFiles/gtest_main.dir/src/gtest_main.cc.o[0m
[3.902s] [35m[1mConsolidate compiler generated dependencies of target gtest[0m
[3.912s] [ 42%] [32mBuilding CXX object gtest/CMakeFiles/gtest.dir/src/gtest-all.cc.o[0m
[9.276s] [ 57%] [32m[1mLinking CXX static library libgtest_main.a[0m
[10.738s] [ 57%] Built target gtest_main
[11.310s] [ 71%] [32m[1mLinking CXX static library libgtest.a[0m
[11.373s] [ 71%] Built target gtest
[11.429s] [35m[1mConsolidate compiler generated dependencies of target joint_limits_rosparam_test[0m
[11.546s] [ 85%] [32mBuilding CXX object CMakeFiles/joint_limits_rosparam_test.dir/test/joint_limits_rosparam_test.cpp.o[0m
[15.083s] [100%] [32m[1mLinking CXX executable joint_limits_rosparam_test[0m
[15.264s] [100%] Built target joint_limits_rosparam_test
