[0.017s] Invoking command in '/home/changye/Ros2_gazebo/ros2_ws2/build/controller_interface': AMENT_PREFIX_PATH=/home/changye/Ros2_gazebo/ros2_ws2/install/hardware_interface:/home/changye/Ros2_gazebo/ros2_ws2/install/ros2_control_test_assets:/home/changye/Ros2_gazebo/ros2_ws2/install/control_msgs:${AMENT_PREFIX_PATH} CMAKE_PREFIX_PATH=/home/changye/Ros2_gazebo/ros2_ws2/install/hardware_interface:/home/changye/Ros2_gazebo/ros2_ws2/install/ros2_control_test_assets:/home/changye/Ros2_gazebo/ros2_ws2/install/control_msgs:/opt/ros/humble LD_LIBRARY_PATH=/home/changye/Ros2_gazebo/ros2_ws2/install/hardware_interface/lib:/home/changye/Ros2_gazebo/ros2_ws2/install/control_msgs/lib:/usr/lib/x86_64-linux-gnu/gazebo-11/plugins:/opt/ros/humble/lib/x86_64-linux-gnu:/opt/ros/humble/lib:/usr/lib/x86_64-linux-gnu/gazebo-11/plugins:/usr/share/gazebo-11/../../lib/x86_64-linux-gnu/gazebo-11/plugins:/usr/lib/x86_64-linux-gnu/gazebo-11/plugins PYTHONPATH=/home/changye/Ros2_gazebo/ros2_ws2/install/control_msgs/local/lib/python3.10/dist-packages:${PYTHONPATH} /usr/bin/cmake /home/changye/Ros2_gazebo/ros2_ws2/src/ros-controls/ros2_control-humble/controller_interface -DCMAKE_INSTALL_PREFIX=/home/changye/Ros2_gazebo/ros2_ws2/install/controller_interface
[0.068s] -- The C compiler identification is GNU 11.4.0
[0.115s] -- The CXX compiler identification is GNU 11.4.0
[0.124s] -- Detecting C compiler ABI info
[0.202s] -- Detecting C compiler ABI info - done
[0.211s] -- Check for working C compiler: /usr/bin/cc - skipped
[0.211s] -- Detecting C compile features
[0.212s] -- Detecting C compile features - done
[0.216s] -- Detecting CXX compiler ABI info
[0.314s] -- Detecting CXX compiler ABI info - done
[0.323s] -- Check for working CXX compiler: /usr/bin/c++ - skipped
[0.324s] -- Detecting CXX compile features
[0.324s] -- Detecting CXX compile features - done
[0.326s] -- Found ament_cmake: 1.3.11 (/opt/ros/humble/share/ament_cmake/cmake)
[0.517s] -- Found Python3: /usr/bin/python3 (found version "3.10.12") found components: Interpreter 
[0.620s] -- Found hardware_interface: 2.47.0 (/home/changye/Ros2_gazebo/ros2_ws2/install/hardware_interface/share/hardware_interface/cmake)
[0.659s] -- Found rosidl_generator_c: 3.1.6 (/opt/ros/humble/share/rosidl_generator_c/cmake)
[0.664s] -- Found rosidl_adapter: 3.1.6 (/opt/ros/humble/share/rosidl_adapter/cmake)
[0.673s] -- Found rosidl_generator_cpp: 3.1.6 (/opt/ros/humble/share/rosidl_generator_cpp/cmake)
[0.686s] -- Using all available rosidl_typesupport_c: rosidl_typesupport_fastrtps_c;rosidl_typesupport_introspection_c
[0.704s] -- Using all available rosidl_typesupport_cpp: rosidl_typesupport_fastrtps_cpp;rosidl_typesupport_introspection_cpp
[0.936s] -- Found rmw_implementation_cmake: 6.1.2 (/opt/ros/humble/share/rmw_implementation_cmake/cmake)
[0.939s] -- Found rmw_fastrtps_cpp: 6.2.7 (/opt/ros/humble/share/rmw_fastrtps_cpp/cmake)
[0.966s] -- Found TinyXML2 via Config file: TinyXML2_DIR-NOTFOUND
[1.010s] -- Found OpenSSL: /usr/lib/x86_64-linux-gnu/libcrypto.so (found version "3.0.2")  
[1.013s] -- Found TinyXML2 via Config file: TinyXML2_DIR-NOTFOUND
[1.033s] -- Found FastRTPS: /opt/ros/humble/include  
[1.036s] -- Found TinyXML2 via Config file: TinyXML2_DIR-NOTFOUND
[1.046s] -- Found TinyXML2 via Config file: TinyXML2_DIR-NOTFOUND
[1.059s] -- Using RMW implementation 'rmw_fastrtps_cpp' as default
[1.067s] -- Looking for pthread.h
[1.131s] -- Looking for pthread.h - found
[1.131s] -- Performing Test CMAKE_HAVE_LIBC_PTHREAD
[1.188s] -- Performing Test CMAKE_HAVE_LIBC_PTHREAD - Success
[1.190s] -- Found Threads: TRUE  
[1.268s] -- Found ament_cmake_gmock: 1.3.11 (/opt/ros/humble/share/ament_cmake_gmock/cmake)
[1.271s] -- Found gmock sources under '/opt/ros/humble/src/gmock_vendor': C++ tests using 'Google Mock' will be built
[1.276s] -- Found ament_cmake_gtest: 1.3.11 (/opt/ros/humble/share/ament_cmake_gtest/cmake)
[1.277s] -- Found gtest sources under '/opt/ros/humble/src/gtest_vendor': C++ tests using 'Google Test' will be built
[1.423s] -- Configuring done
[1.641s] -- Generating done
[1.693s] -- Build files have been written to: /home/changye/Ros2_gazebo/ros2_ws2/build/controller_interface
[1.718s] Invoked command in '/home/changye/Ros2_gazebo/ros2_ws2/build/controller_interface' returned '0': AMENT_PREFIX_PATH=/home/changye/Ros2_gazebo/ros2_ws2/install/hardware_interface:/home/changye/Ros2_gazebo/ros2_ws2/install/ros2_control_test_assets:/home/changye/Ros2_gazebo/ros2_ws2/install/control_msgs:${AMENT_PREFIX_PATH} CMAKE_PREFIX_PATH=/home/changye/Ros2_gazebo/ros2_ws2/install/hardware_interface:/home/changye/Ros2_gazebo/ros2_ws2/install/ros2_control_test_assets:/home/changye/Ros2_gazebo/ros2_ws2/install/control_msgs:/opt/ros/humble LD_LIBRARY_PATH=/home/changye/Ros2_gazebo/ros2_ws2/install/hardware_interface/lib:/home/changye/Ros2_gazebo/ros2_ws2/install/control_msgs/lib:/usr/lib/x86_64-linux-gnu/gazebo-11/plugins:/opt/ros/humble/lib/x86_64-linux-gnu:/opt/ros/humble/lib:/usr/lib/x86_64-linux-gnu/gazebo-11/plugins:/usr/share/gazebo-11/../../lib/x86_64-linux-gnu/gazebo-11/plugins:/usr/lib/x86_64-linux-gnu/gazebo-11/plugins PYTHONPATH=/home/changye/Ros2_gazebo/ros2_ws2/install/control_msgs/local/lib/python3.10/dist-packages:${PYTHONPATH} /usr/bin/cmake /home/changye/Ros2_gazebo/ros2_ws2/src/ros-controls/ros2_control-humble/controller_interface -DCMAKE_INSTALL_PREFIX=/home/changye/Ros2_gazebo/ros2_ws2/install/controller_interface
[1.722s] Invoking command in '/home/changye/Ros2_gazebo/ros2_ws2/build/controller_interface': AMENT_PREFIX_PATH=/home/changye/Ros2_gazebo/ros2_ws2/install/hardware_interface:/home/changye/Ros2_gazebo/ros2_ws2/install/ros2_control_test_assets:/home/changye/Ros2_gazebo/ros2_ws2/install/control_msgs:${AMENT_PREFIX_PATH} CMAKE_PREFIX_PATH=/home/changye/Ros2_gazebo/ros2_ws2/install/hardware_interface:/home/changye/Ros2_gazebo/ros2_ws2/install/ros2_control_test_assets:/home/changye/Ros2_gazebo/ros2_ws2/install/control_msgs:/opt/ros/humble LD_LIBRARY_PATH=/home/changye/Ros2_gazebo/ros2_ws2/install/hardware_interface/lib:/home/changye/Ros2_gazebo/ros2_ws2/install/control_msgs/lib:/usr/lib/x86_64-linux-gnu/gazebo-11/plugins:/opt/ros/humble/lib/x86_64-linux-gnu:/opt/ros/humble/lib:/usr/lib/x86_64-linux-gnu/gazebo-11/plugins:/usr/share/gazebo-11/../../lib/x86_64-linux-gnu/gazebo-11/plugins:/usr/lib/x86_64-linux-gnu/gazebo-11/plugins PYTHONPATH=/home/changye/Ros2_gazebo/ros2_ws2/install/control_msgs/local/lib/python3.10/dist-packages:${PYTHONPATH} /usr/bin/cmake --build /home/changye/Ros2_gazebo/ros2_ws2/build/controller_interface -- -j12 -l12
[1.855s] [  8%] [34m[1mGenerating controller_interface/version.h[0m
[1.855s] [  8%] [32mBuilding CXX object gmock/CMakeFiles/gmock_main.dir/src/gmock_main.cc.o[0m
[1.869s] [ 12%] [32mBuilding CXX object gmock/CMakeFiles/gmock.dir/opt/ros/humble/src/gtest_vendor/src/gtest-all.cc.o[0m
[1.876s] [ 16%] [32mBuilding CXX object gmock/CMakeFiles/gmock.dir/src/gmock-all.cc.o[0m
[1.905s] [ 16%] Built target ament_generate_version_header__controller_interface
[1.958s] [ 20%] [32mBuilding CXX object CMakeFiles/controller_interface.dir/src/controller_interface_base.cpp.o[0m
[1.960s] [ 25%] [32mBuilding CXX object CMakeFiles/controller_interface.dir/src/controller_interface.cpp.o[0m
[1.961s] [ 29%] [32mBuilding CXX object CMakeFiles/controller_interface.dir/src/chainable_controller_interface.cpp.o[0m
[5.024s] [ 33%] [32m[1mLinking CXX static library libgmock_main.a[0m
[5.175s] [ 33%] Built target gmock_main
[7.750s] [ 37%] [32m[1mLinking CXX static library libgmock.a[0m
[7.983s] [ 37%] Built target gmock
[8.007s] [ 41%] [32m[1mLinking CXX shared library libcontroller_interface.so[0m
[8.037s] [ 50%] [32mBuilding CXX object CMakeFiles/test_semantic_component_interface.dir/test/test_semantic_component_interface.cpp.o[0m
[8.037s] [ 50%] [32mBuilding CXX object CMakeFiles/test_force_torque_sensor.dir/test/test_force_torque_sensor.cpp.o[0m
[8.050s] [ 54%] [32mBuilding CXX object CMakeFiles/test_imu_sensor.dir/test/test_imu_sensor.cpp.o[0m
[8.052s] [ 58%] [32mBuilding CXX object CMakeFiles/test_pose_sensor.dir/test/test_pose_sensor.cpp.o[0m
[8.303s] [ 58%] Built target controller_interface
[8.352s] [ 62%] [32mBuilding CXX object CMakeFiles/test_controller_with_options.dir/test/test_controller_with_options.cpp.o[0m
[8.354s] [ 66%] [32mBuilding CXX object CMakeFiles/test_controller_interface.dir/test/test_controller_interface.cpp.o[0m
[8.361s] [ 70%] [32mBuilding CXX object CMakeFiles/test_chainable_controller_interface.dir/test/test_chainable_controller_interface.cpp.o[0m
[11.589s] [ 75%] [32m[1mLinking CXX executable test_pose_sensor[0m
[11.639s] [ 79%] [32m[1mLinking CXX executable test_semantic_component_interface[0m
[11.657s] [ 83%] [32m[1mLinking CXX executable test_imu_sensor[0m
[12.209s] [ 87%] [32m[1mLinking CXX executable test_force_torque_sensor[0m
[12.231s] [ 87%] Built target test_pose_sensor
[12.314s] [ 87%] Built target test_semantic_component_interface
[12.386s] [ 87%] Built target test_imu_sensor
[12.855s] [ 87%] Built target test_force_torque_sensor
[14.406s] [ 91%] [32m[1mLinking CXX executable test_controller_with_options[0m
[14.617s] [ 95%] [32m[1mLinking CXX executable test_controller_interface[0m
[14.661s] [ 95%] Built target test_controller_with_options
[14.664s] [100%] [32m[1mLinking CXX executable test_chainable_controller_interface[0m
[14.919s] [100%] Built target test_controller_interface
[14.960s] [100%] Built target test_chainable_controller_interface
[14.969s] Invoked command in '/home/changye/Ros2_gazebo/ros2_ws2/build/controller_interface' returned '0': AMENT_PREFIX_PATH=/home/changye/Ros2_gazebo/ros2_ws2/install/hardware_interface:/home/changye/Ros2_gazebo/ros2_ws2/install/ros2_control_test_assets:/home/changye/Ros2_gazebo/ros2_ws2/install/control_msgs:${AMENT_PREFIX_PATH} CMAKE_PREFIX_PATH=/home/changye/Ros2_gazebo/ros2_ws2/install/hardware_interface:/home/changye/Ros2_gazebo/ros2_ws2/install/ros2_control_test_assets:/home/changye/Ros2_gazebo/ros2_ws2/install/control_msgs:/opt/ros/humble LD_LIBRARY_PATH=/home/changye/Ros2_gazebo/ros2_ws2/install/hardware_interface/lib:/home/changye/Ros2_gazebo/ros2_ws2/install/control_msgs/lib:/usr/lib/x86_64-linux-gnu/gazebo-11/plugins:/opt/ros/humble/lib/x86_64-linux-gnu:/opt/ros/humble/lib:/usr/lib/x86_64-linux-gnu/gazebo-11/plugins:/usr/share/gazebo-11/../../lib/x86_64-linux-gnu/gazebo-11/plugins:/usr/lib/x86_64-linux-gnu/gazebo-11/plugins PYTHONPATH=/home/changye/Ros2_gazebo/ros2_ws2/install/control_msgs/local/lib/python3.10/dist-packages:${PYTHONPATH} /usr/bin/cmake --build /home/changye/Ros2_gazebo/ros2_ws2/build/controller_interface -- -j12 -l12
[14.970s] Invoking command in '/home/changye/Ros2_gazebo/ros2_ws2/build/controller_interface': AMENT_PREFIX_PATH=/home/changye/Ros2_gazebo/ros2_ws2/install/hardware_interface:/home/changye/Ros2_gazebo/ros2_ws2/install/ros2_control_test_assets:/home/changye/Ros2_gazebo/ros2_ws2/install/control_msgs:${AMENT_PREFIX_PATH} CMAKE_PREFIX_PATH=/home/changye/Ros2_gazebo/ros2_ws2/install/hardware_interface:/home/changye/Ros2_gazebo/ros2_ws2/install/ros2_control_test_assets:/home/changye/Ros2_gazebo/ros2_ws2/install/control_msgs:/opt/ros/humble LD_LIBRARY_PATH=/home/changye/Ros2_gazebo/ros2_ws2/install/hardware_interface/lib:/home/changye/Ros2_gazebo/ros2_ws2/install/control_msgs/lib:/usr/lib/x86_64-linux-gnu/gazebo-11/plugins:/opt/ros/humble/lib/x86_64-linux-gnu:/opt/ros/humble/lib:/usr/lib/x86_64-linux-gnu/gazebo-11/plugins:/usr/share/gazebo-11/../../lib/x86_64-linux-gnu/gazebo-11/plugins:/usr/lib/x86_64-linux-gnu/gazebo-11/plugins PYTHONPATH=/home/changye/Ros2_gazebo/ros2_ws2/install/control_msgs/local/lib/python3.10/dist-packages:${PYTHONPATH} /usr/bin/cmake --install /home/changye/Ros2_gazebo/ros2_ws2/build/controller_interface
[14.976s] -- Install configuration: ""
[14.977s] -- Installing: /home/changye/Ros2_gazebo/ros2_ws2/install/controller_interface/include
[14.977s] -- Installing: /home/changye/Ros2_gazebo/ros2_ws2/install/controller_interface/include/semantic_components
[14.977s] -- Installing: /home/changye/Ros2_gazebo/ros2_ws2/install/controller_interface/include/semantic_components/range_sensor.hpp
[14.977s] -- Installing: /home/changye/Ros2_gazebo/ros2_ws2/install/controller_interface/include/semantic_components/pose_sensor.hpp
[14.977s] -- Installing: /home/changye/Ros2_gazebo/ros2_ws2/install/controller_interface/include/semantic_components/semantic_component_interface.hpp
[14.977s] -- Installing: /home/changye/Ros2_gazebo/ros2_ws2/install/controller_interface/include/semantic_components/imu_sensor.hpp
[14.977s] -- Installing: /home/changye/Ros2_gazebo/ros2_ws2/install/controller_interface/include/semantic_components/force_torque_sensor.hpp
[14.977s] -- Installing: /home/changye/Ros2_gazebo/ros2_ws2/install/controller_interface/include/controller_interface
[14.978s] -- Installing: /home/changye/Ros2_gazebo/ros2_ws2/install/controller_interface/include/controller_interface/controller_interface.hpp
[14.978s] -- Installing: /home/changye/Ros2_gazebo/ros2_ws2/install/controller_interface/include/controller_interface/controller_interface_base.hpp
[14.978s] -- Installing: /home/changye/Ros2_gazebo/ros2_ws2/install/controller_interface/include/controller_interface/visibility_control.h
[14.978s] -- Installing: /home/changye/Ros2_gazebo/ros2_ws2/install/controller_interface/include/controller_interface/chainable_controller_interface.hpp
[14.978s] -- Installing: /home/changye/Ros2_gazebo/ros2_ws2/install/controller_interface/include/controller_interface/helpers.hpp
[14.978s] -- Installing: /home/changye/Ros2_gazebo/ros2_ws2/install/controller_interface/lib/libcontroller_interface.so
[14.978s] -- Set runtime path of "/home/changye/Ros2_gazebo/ros2_ws2/install/controller_interface/lib/libcontroller_interface.so" to ""
[14.978s] -- Installing: /home/changye/Ros2_gazebo/ros2_ws2/install/controller_interface/share/controller_interface/environment/library_path.sh
[14.979s] -- Installing: /home/changye/Ros2_gazebo/ros2_ws2/install/controller_interface/share/controller_interface/environment/library_path.dsv
[14.979s] -- Installing: /home/changye/Ros2_gazebo/ros2_ws2/install/controller_interface/share/ament_index/resource_index/package_run_dependencies/controller_interface
[14.979s] -- Installing: /home/changye/Ros2_gazebo/ros2_ws2/install/controller_interface/share/ament_index/resource_index/parent_prefix_path/controller_interface
[14.979s] -- Installing: /home/changye/Ros2_gazebo/ros2_ws2/install/controller_interface/share/controller_interface/environment/ament_prefix_path.sh
[14.979s] -- Installing: /home/changye/Ros2_gazebo/ros2_ws2/install/controller_interface/share/controller_interface/environment/ament_prefix_path.dsv
[14.979s] -- Installing: /home/changye/Ros2_gazebo/ros2_ws2/install/controller_interface/share/controller_interface/environment/path.sh
[14.979s] -- Installing: /home/changye/Ros2_gazebo/ros2_ws2/install/controller_interface/share/controller_interface/environment/path.dsv
[14.979s] -- Installing: /home/changye/Ros2_gazebo/ros2_ws2/install/controller_interface/share/controller_interface/local_setup.bash
[14.979s] -- Installing: /home/changye/Ros2_gazebo/ros2_ws2/install/controller_interface/share/controller_interface/local_setup.sh
[14.980s] -- Installing: /home/changye/Ros2_gazebo/ros2_ws2/install/controller_interface/share/controller_interface/local_setup.zsh
[14.980s] -- Installing: /home/changye/Ros2_gazebo/ros2_ws2/install/controller_interface/share/controller_interface/local_setup.dsv
[14.980s] -- Installing: /home/changye/Ros2_gazebo/ros2_ws2/install/controller_interface/share/controller_interface/package.dsv
[14.980s] -- Installing: /home/changye/Ros2_gazebo/ros2_ws2/install/controller_interface/share/ament_index/resource_index/packages/controller_interface
[14.980s] -- Installing: /home/changye/Ros2_gazebo/ros2_ws2/install/controller_interface/share/controller_interface/cmake/ament_cmake_export_dependencies-extras.cmake
[14.980s] -- Installing: /home/changye/Ros2_gazebo/ros2_ws2/install/controller_interface/share/controller_interface/cmake/ament_cmake_export_include_directories-extras.cmake
[14.980s] -- Installing: /home/changye/Ros2_gazebo/ros2_ws2/install/controller_interface/share/controller_interface/cmake/ament_cmake_export_libraries-extras.cmake
[14.980s] -- Installing: /home/changye/Ros2_gazebo/ros2_ws2/install/controller_interface/share/controller_interface/cmake/controller_interfaceConfig.cmake
[14.980s] -- Installing: /home/changye/Ros2_gazebo/ros2_ws2/install/controller_interface/share/controller_interface/cmake/controller_interfaceConfig-version.cmake
[14.980s] -- Installing: /home/changye/Ros2_gazebo/ros2_ws2/install/controller_interface/share/controller_interface/package.xml
[14.980s] -- Installing: /home/changye/Ros2_gazebo/ros2_ws2/install/controller_interface/include/controller_interface/controller_interface/version.h
[14.982s] Invoked command in '/home/changye/Ros2_gazebo/ros2_ws2/build/controller_interface' returned '0': AMENT_PREFIX_PATH=/home/changye/Ros2_gazebo/ros2_ws2/install/hardware_interface:/home/changye/Ros2_gazebo/ros2_ws2/install/ros2_control_test_assets:/home/changye/Ros2_gazebo/ros2_ws2/install/control_msgs:${AMENT_PREFIX_PATH} CMAKE_PREFIX_PATH=/home/changye/Ros2_gazebo/ros2_ws2/install/hardware_interface:/home/changye/Ros2_gazebo/ros2_ws2/install/ros2_control_test_assets:/home/changye/Ros2_gazebo/ros2_ws2/install/control_msgs:/opt/ros/humble LD_LIBRARY_PATH=/home/changye/Ros2_gazebo/ros2_ws2/install/hardware_interface/lib:/home/changye/Ros2_gazebo/ros2_ws2/install/control_msgs/lib:/usr/lib/x86_64-linux-gnu/gazebo-11/plugins:/opt/ros/humble/lib/x86_64-linux-gnu:/opt/ros/humble/lib:/usr/lib/x86_64-linux-gnu/gazebo-11/plugins:/usr/share/gazebo-11/../../lib/x86_64-linux-gnu/gazebo-11/plugins:/usr/lib/x86_64-linux-gnu/gazebo-11/plugins PYTHONPATH=/home/changye/Ros2_gazebo/ros2_ws2/install/control_msgs/local/lib/python3.10/dist-packages:${PYTHONPATH} /usr/bin/cmake --install /home/changye/Ros2_gazebo/ros2_ws2/build/controller_interface
