[0.169s] DEBUG:colcon:Command line arguments: ['/usr/bin/colcon', 'build', '--symlink-install']
[0.169s] DEBUG:colcon:Parsed command line arguments: Namespace(log_base=None, log_level=None, verb_name='build', build_base='build', install_base='install', merge_install=False, symlink_install=True, test_result_base=None, continue_on_error=False, executor='parallel', parallel_workers=12, event_handlers=None, ignore_user_meta=False, metas=['./colcon.meta'], base_paths=['.'], packages_ignore=None, packages_ignore_regex=None, paths=None, packages_up_to=None, packages_up_to_regex=None, packages_above=None, packages_above_and_dependencies=None, packages_above_depth=None, packages_select_by_dep=None, packages_skip_by_dep=None, packages_skip_up_to=None, packages_select_build_failed=False, packages_skip_build_finished=False, packages_select_test_failures=False, packages_skip_test_passed=False, packages_select=None, packages_skip=None, packages_select_regex=None, packages_skip_regex=None, packages_start=None, packages_end=None, allow_overriding=[], cmake_args=None, cmake_target=None, cmake_target_skip_unavailable=False, cmake_clean_cache=False, cmake_clean_first=False, cmake_force_configure=False, ament_cmake_args=None, catkin_cmake_args=None, catkin_skip_building_tests=False, mixin_files=None, mixin=None, verb_parser=<colcon_mixin.mixin.mixin_argument.MixinArgumentDecorator object at 0x7d9e51169ab0>, verb_extension=<colcon_core.verb.build.BuildVerb object at 0x7d9e510e32b0>, main=<bound method BuildVerb.main of <colcon_core.verb.build.BuildVerb object at 0x7d9e510e32b0>>, mixin_verb=('build',))
[0.408s] Level 1:colcon.colcon_core.package_discovery:discover_packages(colcon_meta) check parameters
[0.408s] Level 1:colcon.colcon_core.package_discovery:discover_packages(recursive) check parameters
[0.408s] Level 1:colcon.colcon_core.package_discovery:discover_packages(ignore) check parameters
[0.408s] Level 1:colcon.colcon_core.package_discovery:discover_packages(path) check parameters
[0.408s] Level 1:colcon.colcon_core.package_discovery:discover_packages(colcon_meta) discover
[0.408s] Level 1:colcon.colcon_core.package_discovery:discover_packages(recursive) discover
[0.408s] INFO:colcon.colcon_core.package_discovery:Crawling recursively for packages in '/home/changye/ros2_ws2'
[0.408s] Level 1:colcon.colcon_core.package_identification:_identify(.) by extensions ['ignore', 'ignore_ament_install']
[0.408s] Level 1:colcon.colcon_core.package_identification:_identify(.) by extension 'ignore'
[0.408s] Level 1:colcon.colcon_core.package_identification:_identify(.) by extension 'ignore_ament_install'
[0.408s] Level 1:colcon.colcon_core.package_identification:_identify(.) by extensions ['colcon_pkg']
[0.408s] Level 1:colcon.colcon_core.package_identification:_identify(.) by extension 'colcon_pkg'
[0.408s] Level 1:colcon.colcon_core.package_identification:_identify(.) by extensions ['colcon_meta']
[0.408s] Level 1:colcon.colcon_core.package_identification:_identify(.) by extension 'colcon_meta'
[0.408s] Level 1:colcon.colcon_core.package_identification:_identify(.) by extensions ['ros']
[0.408s] Level 1:colcon.colcon_core.package_identification:_identify(.) by extension 'ros'
[0.417s] Level 1:colcon.colcon_core.package_identification:_identify(.) by extensions ['cmake', 'python']
[0.417s] Level 1:colcon.colcon_core.package_identification:_identify(.) by extension 'cmake'
[0.417s] Level 1:colcon.colcon_core.package_identification:_identify(.) by extension 'python'
[0.417s] Level 1:colcon.colcon_core.package_identification:_identify(.) by extensions ['python_setup_py']
[0.417s] Level 1:colcon.colcon_core.package_identification:_identify(.) by extension 'python_setup_py'
[0.417s] Level 1:colcon.colcon_core.package_identification:_identify(build) by extensions ['ignore', 'ignore_ament_install']
[0.417s] Level 1:colcon.colcon_core.package_identification:_identify(build) by extension 'ignore'
[0.417s] Level 1:colcon.colcon_core.package_identification:_identify(build) ignored
[0.418s] Level 1:colcon.colcon_core.package_identification:_identify(install) by extensions ['ignore', 'ignore_ament_install']
[0.418s] Level 1:colcon.colcon_core.package_identification:_identify(install) by extension 'ignore'
[0.418s] Level 1:colcon.colcon_core.package_identification:_identify(install) ignored
[0.418s] Level 1:colcon.colcon_core.package_identification:_identify(log) by extensions ['ignore', 'ignore_ament_install']
[0.418s] Level 1:colcon.colcon_core.package_identification:_identify(log) by extension 'ignore'
[0.418s] Level 1:colcon.colcon_core.package_identification:_identify(log) ignored
[0.418s] Level 1:colcon.colcon_core.package_identification:_identify(src) by extensions ['ignore', 'ignore_ament_install']
[0.418s] Level 1:colcon.colcon_core.package_identification:_identify(src) by extension 'ignore'
[0.418s] Level 1:colcon.colcon_core.package_identification:_identify(src) by extension 'ignore_ament_install'
[0.418s] Level 1:colcon.colcon_core.package_identification:_identify(src) by extensions ['colcon_pkg']
[0.418s] Level 1:colcon.colcon_core.package_identification:_identify(src) by extension 'colcon_pkg'
[0.418s] Level 1:colcon.colcon_core.package_identification:_identify(src) by extensions ['colcon_meta']
[0.418s] Level 1:colcon.colcon_core.package_identification:_identify(src) by extension 'colcon_meta'
[0.418s] Level 1:colcon.colcon_core.package_identification:_identify(src) by extensions ['ros']
[0.418s] Level 1:colcon.colcon_core.package_identification:_identify(src) by extension 'ros'
[0.418s] Level 1:colcon.colcon_core.package_identification:_identify(src) by extensions ['cmake', 'python']
[0.418s] Level 1:colcon.colcon_core.package_identification:_identify(src) by extension 'cmake'
[0.418s] Level 1:colcon.colcon_core.package_identification:_identify(src) by extension 'python'
[0.418s] Level 1:colcon.colcon_core.package_identification:_identify(src) by extensions ['python_setup_py']
[0.418s] Level 1:colcon.colcon_core.package_identification:_identify(src) by extension 'python_setup_py'
[0.419s] Level 1:colcon.colcon_core.package_identification:_identify(src/my_agv2) by extensions ['ignore', 'ignore_ament_install']
[0.419s] Level 1:colcon.colcon_core.package_identification:_identify(src/my_agv2) by extension 'ignore'
[0.419s] Level 1:colcon.colcon_core.package_identification:_identify(src/my_agv2) by extension 'ignore_ament_install'
[0.419s] Level 1:colcon.colcon_core.package_identification:_identify(src/my_agv2) by extensions ['colcon_pkg']
[0.419s] Level 1:colcon.colcon_core.package_identification:_identify(src/my_agv2) by extension 'colcon_pkg'
[0.419s] Level 1:colcon.colcon_core.package_identification:_identify(src/my_agv2) by extensions ['colcon_meta']
[0.419s] Level 1:colcon.colcon_core.package_identification:_identify(src/my_agv2) by extension 'colcon_meta'
[0.419s] Level 1:colcon.colcon_core.package_identification:_identify(src/my_agv2) by extensions ['ros']
[0.419s] Level 1:colcon.colcon_core.package_identification:_identify(src/my_agv2) by extension 'ros'
[0.428s] DEBUG:colcon.colcon_core.package_identification:Package 'src/my_agv2' with type 'ros.ament_cmake' and name 'my_agv2'
[0.428s] Level 1:colcon.colcon_core.package_discovery:discover_packages(recursive) using defaults
[0.428s] Level 1:colcon.colcon_core.package_discovery:discover_packages(ignore) discover
[0.428s] Level 1:colcon.colcon_core.package_discovery:discover_packages(ignore) using defaults
[0.428s] Level 1:colcon.colcon_core.package_discovery:discover_packages(path) discover
[0.428s] Level 1:colcon.colcon_core.package_discovery:discover_packages(path) using defaults
[0.459s] Level 1:colcon.colcon_core.package_discovery:discover_packages(prefix_path) check parameters
[0.459s] Level 1:colcon.colcon_core.package_discovery:discover_packages(prefix_path) discover
[0.469s] DEBUG:colcon.colcon_installed_package_information.package_discovery:Found 4 installed packages in /home/changye/ROS2_learning/ros2_ws/install
[0.475s] DEBUG:colcon.colcon_installed_package_information.package_discovery:Found 345 installed packages in /home/changye/ros2_humble/install
[0.477s] DEBUG:colcon.colcon_installed_package_information.package_discovery:Found 224 installed packages in /opt/ros/humble
[0.483s] Level 1:colcon.colcon_core.package_discovery:discover_packages(prefix_path) using defaults
[0.524s] Level 5:colcon.colcon_core.verb:set package 'my_agv2' build argument 'cmake_args' from command line to 'None'
[0.525s] Level 5:colcon.colcon_core.verb:set package 'my_agv2' build argument 'cmake_target' from command line to 'None'
[0.525s] Level 5:colcon.colcon_core.verb:set package 'my_agv2' build argument 'cmake_target_skip_unavailable' from command line to 'False'
[0.525s] Level 5:colcon.colcon_core.verb:set package 'my_agv2' build argument 'cmake_clean_cache' from command line to 'False'
[0.525s] Level 5:colcon.colcon_core.verb:set package 'my_agv2' build argument 'cmake_clean_first' from command line to 'False'
[0.525s] Level 5:colcon.colcon_core.verb:set package 'my_agv2' build argument 'cmake_force_configure' from command line to 'False'
[0.525s] Level 5:colcon.colcon_core.verb:set package 'my_agv2' build argument 'ament_cmake_args' from command line to 'None'
[0.525s] Level 5:colcon.colcon_core.verb:set package 'my_agv2' build argument 'catkin_cmake_args' from command line to 'None'
[0.525s] Level 5:colcon.colcon_core.verb:set package 'my_agv2' build argument 'catkin_skip_building_tests' from command line to 'False'
[0.525s] DEBUG:colcon.colcon_core.verb:Building package 'my_agv2' with the following arguments: {'ament_cmake_args': None, 'build_base': '/home/changye/ros2_ws2/build/my_agv2', 'catkin_cmake_args': None, 'catkin_skip_building_tests': False, 'cmake_args': None, 'cmake_clean_cache': False, 'cmake_clean_first': False, 'cmake_force_configure': False, 'cmake_target': None, 'cmake_target_skip_unavailable': False, 'install_base': '/home/changye/ros2_ws2/install/my_agv2', 'merge_install': False, 'path': '/home/changye/ros2_ws2/src/my_agv2', 'symlink_install': True, 'test_result_base': None}
[0.525s] INFO:colcon.colcon_core.executor:Executing jobs using 'parallel' executor
[0.526s] DEBUG:colcon.colcon_parallel_executor.executor.parallel:run_until_complete
[0.526s] INFO:colcon.colcon_ros.task.ament_cmake.build:Building ROS package in '/home/changye/ros2_ws2/src/my_agv2' with build type 'ament_cmake'
[0.526s] INFO:colcon.colcon_cmake.task.cmake.build:Building CMake package in '/home/changye/ros2_ws2/src/my_agv2'
[0.530s] INFO:colcon.colcon_core.plugin_system:Skipping extension 'colcon_core.shell.bat': Not used on non-Windows systems
[0.530s] INFO:colcon.colcon_core.shell:Skip shell extension 'powershell' for command environment: Not usable outside of PowerShell
[0.530s] DEBUG:colcon.colcon_core.shell:Skip shell extension 'dsv' for command environment
[0.577s] DEBUG:colcon.colcon_core.event_handler.log_command:Invoking command in '/home/changye/ros2_ws2/build/my_agv2': CMAKE_PREFIX_PATH=${CMAKE_PREFIX_PATH}:/home/changye/ROS2_learning/ros2_ws/install/turtle_sim_challenge:/home/changye/ROS2_learning/ros2_ws/install/my_py_pkg:/opt/ros/humble:/home/changye/ros2_humble/install/rqt_bag_plugins:/home/changye/ros2_humble/install/rqt_bag:/home/changye/ros2_humble/install/ros2bag:/home/changye/ros2_humble/install/tracetools_test:/home/changye/ros2_humble/install/tracetools_launch:/home/changye/ros2_humble/install/topic_monitor:/home/changye/ros2_humble/install/tf2_tools:/home/changye/ros2_humble/install/examples_tf2_py:/home/changye/ros2_humble/install/tf2_ros_py:/home/changye/ros2_humble/install/sros2:/home/changye/ros2_humble/install/rqt_topic:/home/changye/ros2_humble/install/rqt_srv:/home/changye/ros2_humble/install/rqt_shell:/home/changye/ros2_humble/install/rqt_service_caller:/home/changye/ros2_humble/install/rqt_reconfigure:/home/changye/ros2_humble/install/rqt_py_console:/home/changye/ros2_humble/install/rqt_publisher:/home/changye/ros2_humble/install/rqt_plot:/home/changye/ros2_humble/install/rqt_action:/home/changye/ros2_humble/install/rqt_msg:/home/changye/ros2_humble/install/rqt_console:/home/changye/ros2_humble/install/rqt:/home/changye/ros2_humble/install/rqt_graph:/home/changye/ros2_humble/install/rqt_gui_py:/home/changye/ros2_humble/install/rqt_gui:/home/changye/ros2_humble/install/ros2trace:/home/changye/ros2_humble/install/ros2topic:/home/changye/ros2_humble/install/ros2test:/home/changye/ros2_humble/install/ros2component:/home/changye/ros2_humble/install/ros2param:/home/changye/ros2_humble/install/ros2lifecycle:/home/changye/ros2_humble/install/ros2service:/home/changye/ros2_humble/install/ros2run:/home/changye/ros2_humble/install/ros2launch:/home/changye/ros2_humble/install/ros2pkg:/home/changye/ros2_humble/install/ros2node:/home/changye/ros2_humble/install/ros2multicast:/home/changye/ros2_humble/install/ros2interface:/home/changye/ros2_humble/install/ros2doctor:/home/changye/ros2_humble/install/ros2action:/home/changye/ros2_humble/install/ros2cli:/home/changye/ros2_humble/install/quality_of_service_demo_py:/home/changye/ros2_humble/install/lifecycle_py:/home/changye/ros2_humble/install/launch_testing_ros:/home/changye/ros2_humble/install/launch_ros:/home/changye/ros2_humble/install/examples_rclpy_pointcloud_publisher:/home/changye/ros2_humble/install/examples_rclpy_minimal_subscriber:/home/changye/ros2_humble/install/examples_rclpy_minimal_service:/home/changye/ros2_humble/install/examples_rclpy_minimal_publisher:/home/changye/ros2_humble/install/examples_rclpy_minimal_client:/home/changye/ros2_humble/install/examples_rclpy_minimal_action_server:/home/changye/ros2_humble/install/examples_rclpy_minimal_action_client:/home/changye/ros2_humble/install/examples_rclpy_guard_conditions:/home/changye/ros2_humble/install/examples_rclpy_executors:/home/changye/ros2_humble/install/demo_nodes_py:/home/changye/ros2_humble/install/action_tutorials_py:/home/changye/ros2_humble/install/ament_uncrustify:/home/changye/ros2_humble/install/tracetools_trace:/home/changye/ros2_humble/install/tracetools_read:/home/changye/ros2_humble/install/test_tracetools_launch:/home/changye/ros2_humble/install/test_launch_ros:/home/changye/ros2_humble/install/sensor_msgs_py:/home/changye/ros2_humble/install/rpyutils:/home/changye/ros2_humble/install/rosidl_runtime_py:/home/changye/ros2_humble/install/rosidl_cli:/home/changye/ros2_humble/install/launch_pytest:/home/changye/ros2_humble/install/launch_testing:/home/changye/ros2_humble/install/launch_yaml:/home/changye/ros2_humble/install/launch_xml:/home/changye/ros2_humble/install/launch:/home/changye/ros2_humble/install/osrf_pycommon:/home/changye/ros2_humble/install/launch_testing_examples:/home/changye/ros2_humble/install/domain_coordinator:/home/changye/ros2_humble/install/ament_xmllint:/home/changye/ros2_humble/install/ament_pyflakes:/home/changye/ros2_humble/install/ament_pycodestyle:/home/changye/ros2_humble/install/ament_pep257:/home/changye/ros2_humble/install/ament_pclint:/home/changye/ros2_humble/install/ament_package:/home/changye/ros2_humble/install/ament_mypy:/home/changye/ros2_humble/install/ament_lint_cmake:/home/changye/ros2_humble/install/ament_flake8:/home/changye/ros2_humble/install/ament_copyright:/home/changye/ros2_humble/install/ament_lint:/home/changye/ros2_humble/install/ament_index_python:/home/changye/ros2_humble/install/ament_cpplint:/home/changye/ros2_humble/install/ament_cppcheck:/home/changye/ros2_humble/install/ament_clang_tidy:/home/changye/ros2_humble/install/ament_clang_format /usr/bin/cmake --build /home/changye/ros2_ws2/build/my_agv2 -- -j12 -l12
[13.760s] DEBUG:colcon.colcon_core.event_handler.log_command:Invoked command in '/home/changye/ros2_ws2/build/my_agv2' returned '0': CMAKE_PREFIX_PATH=${CMAKE_PREFIX_PATH}:/home/changye/ROS2_learning/ros2_ws/install/turtle_sim_challenge:/home/changye/ROS2_learning/ros2_ws/install/my_py_pkg:/opt/ros/humble:/home/changye/ros2_humble/install/rqt_bag_plugins:/home/changye/ros2_humble/install/rqt_bag:/home/changye/ros2_humble/install/ros2bag:/home/changye/ros2_humble/install/tracetools_test:/home/changye/ros2_humble/install/tracetools_launch:/home/changye/ros2_humble/install/topic_monitor:/home/changye/ros2_humble/install/tf2_tools:/home/changye/ros2_humble/install/examples_tf2_py:/home/changye/ros2_humble/install/tf2_ros_py:/home/changye/ros2_humble/install/sros2:/home/changye/ros2_humble/install/rqt_topic:/home/changye/ros2_humble/install/rqt_srv:/home/changye/ros2_humble/install/rqt_shell:/home/changye/ros2_humble/install/rqt_service_caller:/home/changye/ros2_humble/install/rqt_reconfigure:/home/changye/ros2_humble/install/rqt_py_console:/home/changye/ros2_humble/install/rqt_publisher:/home/changye/ros2_humble/install/rqt_plot:/home/changye/ros2_humble/install/rqt_action:/home/changye/ros2_humble/install/rqt_msg:/home/changye/ros2_humble/install/rqt_console:/home/changye/ros2_humble/install/rqt:/home/changye/ros2_humble/install/rqt_graph:/home/changye/ros2_humble/install/rqt_gui_py:/home/changye/ros2_humble/install/rqt_gui:/home/changye/ros2_humble/install/ros2trace:/home/changye/ros2_humble/install/ros2topic:/home/changye/ros2_humble/install/ros2test:/home/changye/ros2_humble/install/ros2component:/home/changye/ros2_humble/install/ros2param:/home/changye/ros2_humble/install/ros2lifecycle:/home/changye/ros2_humble/install/ros2service:/home/changye/ros2_humble/install/ros2run:/home/changye/ros2_humble/install/ros2launch:/home/changye/ros2_humble/install/ros2pkg:/home/changye/ros2_humble/install/ros2node:/home/changye/ros2_humble/install/ros2multicast:/home/changye/ros2_humble/install/ros2interface:/home/changye/ros2_humble/install/ros2doctor:/home/changye/ros2_humble/install/ros2action:/home/changye/ros2_humble/install/ros2cli:/home/changye/ros2_humble/install/quality_of_service_demo_py:/home/changye/ros2_humble/install/lifecycle_py:/home/changye/ros2_humble/install/launch_testing_ros:/home/changye/ros2_humble/install/launch_ros:/home/changye/ros2_humble/install/examples_rclpy_pointcloud_publisher:/home/changye/ros2_humble/install/examples_rclpy_minimal_subscriber:/home/changye/ros2_humble/install/examples_rclpy_minimal_service:/home/changye/ros2_humble/install/examples_rclpy_minimal_publisher:/home/changye/ros2_humble/install/examples_rclpy_minimal_client:/home/changye/ros2_humble/install/examples_rclpy_minimal_action_server:/home/changye/ros2_humble/install/examples_rclpy_minimal_action_client:/home/changye/ros2_humble/install/examples_rclpy_guard_conditions:/home/changye/ros2_humble/install/examples_rclpy_executors:/home/changye/ros2_humble/install/demo_nodes_py:/home/changye/ros2_humble/install/action_tutorials_py:/home/changye/ros2_humble/install/ament_uncrustify:/home/changye/ros2_humble/install/tracetools_trace:/home/changye/ros2_humble/install/tracetools_read:/home/changye/ros2_humble/install/test_tracetools_launch:/home/changye/ros2_humble/install/test_launch_ros:/home/changye/ros2_humble/install/sensor_msgs_py:/home/changye/ros2_humble/install/rpyutils:/home/changye/ros2_humble/install/rosidl_runtime_py:/home/changye/ros2_humble/install/rosidl_cli:/home/changye/ros2_humble/install/launch_pytest:/home/changye/ros2_humble/install/launch_testing:/home/changye/ros2_humble/install/launch_yaml:/home/changye/ros2_humble/install/launch_xml:/home/changye/ros2_humble/install/launch:/home/changye/ros2_humble/install/osrf_pycommon:/home/changye/ros2_humble/install/launch_testing_examples:/home/changye/ros2_humble/install/domain_coordinator:/home/changye/ros2_humble/install/ament_xmllint:/home/changye/ros2_humble/install/ament_pyflakes:/home/changye/ros2_humble/install/ament_pycodestyle:/home/changye/ros2_humble/install/ament_pep257:/home/changye/ros2_humble/install/ament_pclint:/home/changye/ros2_humble/install/ament_package:/home/changye/ros2_humble/install/ament_mypy:/home/changye/ros2_humble/install/ament_lint_cmake:/home/changye/ros2_humble/install/ament_flake8:/home/changye/ros2_humble/install/ament_copyright:/home/changye/ros2_humble/install/ament_lint:/home/changye/ros2_humble/install/ament_index_python:/home/changye/ros2_humble/install/ament_cpplint:/home/changye/ros2_humble/install/ament_cppcheck:/home/changye/ros2_humble/install/ament_clang_tidy:/home/changye/ros2_humble/install/ament_clang_format /usr/bin/cmake --build /home/changye/ros2_ws2/build/my_agv2 -- -j12 -l12
[13.855s] DEBUG:colcon.colcon_core.event_handler.log_command:Invoking command in '/home/changye/ros2_ws2/build/my_agv2': CMAKE_PREFIX_PATH=${CMAKE_PREFIX_PATH}:/home/changye/ROS2_learning/ros2_ws/install/turtle_sim_challenge:/home/changye/ROS2_learning/ros2_ws/install/my_py_pkg:/opt/ros/humble:/home/changye/ros2_humble/install/rqt_bag_plugins:/home/changye/ros2_humble/install/rqt_bag:/home/changye/ros2_humble/install/ros2bag:/home/changye/ros2_humble/install/tracetools_test:/home/changye/ros2_humble/install/tracetools_launch:/home/changye/ros2_humble/install/topic_monitor:/home/changye/ros2_humble/install/tf2_tools:/home/changye/ros2_humble/install/examples_tf2_py:/home/changye/ros2_humble/install/tf2_ros_py:/home/changye/ros2_humble/install/sros2:/home/changye/ros2_humble/install/rqt_topic:/home/changye/ros2_humble/install/rqt_srv:/home/changye/ros2_humble/install/rqt_shell:/home/changye/ros2_humble/install/rqt_service_caller:/home/changye/ros2_humble/install/rqt_reconfigure:/home/changye/ros2_humble/install/rqt_py_console:/home/changye/ros2_humble/install/rqt_publisher:/home/changye/ros2_humble/install/rqt_plot:/home/changye/ros2_humble/install/rqt_action:/home/changye/ros2_humble/install/rqt_msg:/home/changye/ros2_humble/install/rqt_console:/home/changye/ros2_humble/install/rqt:/home/changye/ros2_humble/install/rqt_graph:/home/changye/ros2_humble/install/rqt_gui_py:/home/changye/ros2_humble/install/rqt_gui:/home/changye/ros2_humble/install/ros2trace:/home/changye/ros2_humble/install/ros2topic:/home/changye/ros2_humble/install/ros2test:/home/changye/ros2_humble/install/ros2component:/home/changye/ros2_humble/install/ros2param:/home/changye/ros2_humble/install/ros2lifecycle:/home/changye/ros2_humble/install/ros2service:/home/changye/ros2_humble/install/ros2run:/home/changye/ros2_humble/install/ros2launch:/home/changye/ros2_humble/install/ros2pkg:/home/changye/ros2_humble/install/ros2node:/home/changye/ros2_humble/install/ros2multicast:/home/changye/ros2_humble/install/ros2interface:/home/changye/ros2_humble/install/ros2doctor:/home/changye/ros2_humble/install/ros2action:/home/changye/ros2_humble/install/ros2cli:/home/changye/ros2_humble/install/quality_of_service_demo_py:/home/changye/ros2_humble/install/lifecycle_py:/home/changye/ros2_humble/install/launch_testing_ros:/home/changye/ros2_humble/install/launch_ros:/home/changye/ros2_humble/install/examples_rclpy_pointcloud_publisher:/home/changye/ros2_humble/install/examples_rclpy_minimal_subscriber:/home/changye/ros2_humble/install/examples_rclpy_minimal_service:/home/changye/ros2_humble/install/examples_rclpy_minimal_publisher:/home/changye/ros2_humble/install/examples_rclpy_minimal_client:/home/changye/ros2_humble/install/examples_rclpy_minimal_action_server:/home/changye/ros2_humble/install/examples_rclpy_minimal_action_client:/home/changye/ros2_humble/install/examples_rclpy_guard_conditions:/home/changye/ros2_humble/install/examples_rclpy_executors:/home/changye/ros2_humble/install/demo_nodes_py:/home/changye/ros2_humble/install/action_tutorials_py:/home/changye/ros2_humble/install/ament_uncrustify:/home/changye/ros2_humble/install/tracetools_trace:/home/changye/ros2_humble/install/tracetools_read:/home/changye/ros2_humble/install/test_tracetools_launch:/home/changye/ros2_humble/install/test_launch_ros:/home/changye/ros2_humble/install/sensor_msgs_py:/home/changye/ros2_humble/install/rpyutils:/home/changye/ros2_humble/install/rosidl_runtime_py:/home/changye/ros2_humble/install/rosidl_cli:/home/changye/ros2_humble/install/launch_pytest:/home/changye/ros2_humble/install/launch_testing:/home/changye/ros2_humble/install/launch_yaml:/home/changye/ros2_humble/install/launch_xml:/home/changye/ros2_humble/install/launch:/home/changye/ros2_humble/install/osrf_pycommon:/home/changye/ros2_humble/install/launch_testing_examples:/home/changye/ros2_humble/install/domain_coordinator:/home/changye/ros2_humble/install/ament_xmllint:/home/changye/ros2_humble/install/ament_pyflakes:/home/changye/ros2_humble/install/ament_pycodestyle:/home/changye/ros2_humble/install/ament_pep257:/home/changye/ros2_humble/install/ament_pclint:/home/changye/ros2_humble/install/ament_package:/home/changye/ros2_humble/install/ament_mypy:/home/changye/ros2_humble/install/ament_lint_cmake:/home/changye/ros2_humble/install/ament_flake8:/home/changye/ros2_humble/install/ament_copyright:/home/changye/ros2_humble/install/ament_lint:/home/changye/ros2_humble/install/ament_index_python:/home/changye/ros2_humble/install/ament_cpplint:/home/changye/ros2_humble/install/ament_cppcheck:/home/changye/ros2_humble/install/ament_clang_tidy:/home/changye/ros2_humble/install/ament_clang_format /usr/bin/cmake --install /home/changye/ros2_ws2/build/my_agv2
[13.979s] Level 1:colcon.colcon_core.environment:create_environment_scripts_only(my_agv2)
[13.979s] DEBUG:colcon.colcon_core.event_handler.log_command:Invoked command in '/home/changye/ros2_ws2/build/my_agv2' returned '0': CMAKE_PREFIX_PATH=${CMAKE_PREFIX_PATH}:/home/changye/ROS2_learning/ros2_ws/install/turtle_sim_challenge:/home/changye/ROS2_learning/ros2_ws/install/my_py_pkg:/opt/ros/humble:/home/changye/ros2_humble/install/rqt_bag_plugins:/home/changye/ros2_humble/install/rqt_bag:/home/changye/ros2_humble/install/ros2bag:/home/changye/ros2_humble/install/tracetools_test:/home/changye/ros2_humble/install/tracetools_launch:/home/changye/ros2_humble/install/topic_monitor:/home/changye/ros2_humble/install/tf2_tools:/home/changye/ros2_humble/install/examples_tf2_py:/home/changye/ros2_humble/install/tf2_ros_py:/home/changye/ros2_humble/install/sros2:/home/changye/ros2_humble/install/rqt_topic:/home/changye/ros2_humble/install/rqt_srv:/home/changye/ros2_humble/install/rqt_shell:/home/changye/ros2_humble/install/rqt_service_caller:/home/changye/ros2_humble/install/rqt_reconfigure:/home/changye/ros2_humble/install/rqt_py_console:/home/changye/ros2_humble/install/rqt_publisher:/home/changye/ros2_humble/install/rqt_plot:/home/changye/ros2_humble/install/rqt_action:/home/changye/ros2_humble/install/rqt_msg:/home/changye/ros2_humble/install/rqt_console:/home/changye/ros2_humble/install/rqt:/home/changye/ros2_humble/install/rqt_graph:/home/changye/ros2_humble/install/rqt_gui_py:/home/changye/ros2_humble/install/rqt_gui:/home/changye/ros2_humble/install/ros2trace:/home/changye/ros2_humble/install/ros2topic:/home/changye/ros2_humble/install/ros2test:/home/changye/ros2_humble/install/ros2component:/home/changye/ros2_humble/install/ros2param:/home/changye/ros2_humble/install/ros2lifecycle:/home/changye/ros2_humble/install/ros2service:/home/changye/ros2_humble/install/ros2run:/home/changye/ros2_humble/install/ros2launch:/home/changye/ros2_humble/install/ros2pkg:/home/changye/ros2_humble/install/ros2node:/home/changye/ros2_humble/install/ros2multicast:/home/changye/ros2_humble/install/ros2interface:/home/changye/ros2_humble/install/ros2doctor:/home/changye/ros2_humble/install/ros2action:/home/changye/ros2_humble/install/ros2cli:/home/changye/ros2_humble/install/quality_of_service_demo_py:/home/changye/ros2_humble/install/lifecycle_py:/home/changye/ros2_humble/install/launch_testing_ros:/home/changye/ros2_humble/install/launch_ros:/home/changye/ros2_humble/install/examples_rclpy_pointcloud_publisher:/home/changye/ros2_humble/install/examples_rclpy_minimal_subscriber:/home/changye/ros2_humble/install/examples_rclpy_minimal_service:/home/changye/ros2_humble/install/examples_rclpy_minimal_publisher:/home/changye/ros2_humble/install/examples_rclpy_minimal_client:/home/changye/ros2_humble/install/examples_rclpy_minimal_action_server:/home/changye/ros2_humble/install/examples_rclpy_minimal_action_client:/home/changye/ros2_humble/install/examples_rclpy_guard_conditions:/home/changye/ros2_humble/install/examples_rclpy_executors:/home/changye/ros2_humble/install/demo_nodes_py:/home/changye/ros2_humble/install/action_tutorials_py:/home/changye/ros2_humble/install/ament_uncrustify:/home/changye/ros2_humble/install/tracetools_trace:/home/changye/ros2_humble/install/tracetools_read:/home/changye/ros2_humble/install/test_tracetools_launch:/home/changye/ros2_humble/install/test_launch_ros:/home/changye/ros2_humble/install/sensor_msgs_py:/home/changye/ros2_humble/install/rpyutils:/home/changye/ros2_humble/install/rosidl_runtime_py:/home/changye/ros2_humble/install/rosidl_cli:/home/changye/ros2_humble/install/launch_pytest:/home/changye/ros2_humble/install/launch_testing:/home/changye/ros2_humble/install/launch_yaml:/home/changye/ros2_humble/install/launch_xml:/home/changye/ros2_humble/install/launch:/home/changye/ros2_humble/install/osrf_pycommon:/home/changye/ros2_humble/install/launch_testing_examples:/home/changye/ros2_humble/install/domain_coordinator:/home/changye/ros2_humble/install/ament_xmllint:/home/changye/ros2_humble/install/ament_pyflakes:/home/changye/ros2_humble/install/ament_pycodestyle:/home/changye/ros2_humble/install/ament_pep257:/home/changye/ros2_humble/install/ament_pclint:/home/changye/ros2_humble/install/ament_package:/home/changye/ros2_humble/install/ament_mypy:/home/changye/ros2_humble/install/ament_lint_cmake:/home/changye/ros2_humble/install/ament_flake8:/home/changye/ros2_humble/install/ament_copyright:/home/changye/ros2_humble/install/ament_lint:/home/changye/ros2_humble/install/ament_index_python:/home/changye/ros2_humble/install/ament_cpplint:/home/changye/ros2_humble/install/ament_cppcheck:/home/changye/ros2_humble/install/ament_clang_tidy:/home/changye/ros2_humble/install/ament_clang_format /usr/bin/cmake --install /home/changye/ros2_ws2/build/my_agv2
[13.985s] Level 1:colcon.colcon_core.environment:checking '/home/changye/ros2_ws2/install/my_agv2' for CMake module files
[13.985s] Level 1:colcon.colcon_core.environment:checking '/home/changye/ros2_ws2/install/my_agv2' for CMake config files
[13.985s] Level 1:colcon.colcon_core.shell:create_environment_hook('my_agv2', 'cmake_prefix_path')
[13.986s] INFO:colcon.colcon_core.shell:Creating environment hook '/home/changye/ros2_ws2/install/my_agv2/share/my_agv2/hook/cmake_prefix_path.ps1'
[13.986s] INFO:colcon.colcon_core.shell:Creating environment descriptor '/home/changye/ros2_ws2/install/my_agv2/share/my_agv2/hook/cmake_prefix_path.dsv'
[13.986s] INFO:colcon.colcon_core.shell:Creating environment hook '/home/changye/ros2_ws2/install/my_agv2/share/my_agv2/hook/cmake_prefix_path.sh'
[13.987s] Level 1:colcon.colcon_core.environment:checking '/home/changye/ros2_ws2/install/my_agv2/lib'
[13.987s] Level 1:colcon.colcon_core.environment:checking '/home/changye/ros2_ws2/install/my_agv2/bin'
[13.987s] Level 1:colcon.colcon_core.environment:checking '/home/changye/ros2_ws2/install/my_agv2/lib/pkgconfig/my_agv2.pc'
[13.987s] Level 1:colcon.colcon_core.environment:checking '/home/changye/ros2_ws2/install/my_agv2/lib/python3.10/site-packages'
[13.988s] Level 1:colcon.colcon_core.environment:checking '/home/changye/ros2_ws2/install/my_agv2/bin'
[13.988s] INFO:colcon.colcon_core.shell:Creating package script '/home/changye/ros2_ws2/install/my_agv2/share/my_agv2/package.ps1'
[13.988s] INFO:colcon.colcon_core.shell:Creating package descriptor '/home/changye/ros2_ws2/install/my_agv2/share/my_agv2/package.dsv'
[13.989s] INFO:colcon.colcon_core.shell:Creating package script '/home/changye/ros2_ws2/install/my_agv2/share/my_agv2/package.sh'
[13.989s] INFO:colcon.colcon_core.shell:Creating package script '/home/changye/ros2_ws2/install/my_agv2/share/my_agv2/package.bash'
[13.990s] INFO:colcon.colcon_core.shell:Creating package script '/home/changye/ros2_ws2/install/my_agv2/share/my_agv2/package.zsh'
[13.990s] Level 1:colcon.colcon_core.environment:create_file_with_runtime_dependencies(/home/changye/ros2_ws2/install/my_agv2/share/colcon-core/packages/my_agv2)
[14.077s] Level 1:colcon.colcon_core.environment:create_environment_scripts_only(my_agv2)
[14.077s] Level 1:colcon.colcon_core.environment:checking '/home/changye/ros2_ws2/install/my_agv2' for CMake module files
[14.077s] Level 1:colcon.colcon_core.environment:checking '/home/changye/ros2_ws2/install/my_agv2' for CMake config files
[14.078s] Level 1:colcon.colcon_core.shell:create_environment_hook('my_agv2', 'cmake_prefix_path')
[14.078s] INFO:colcon.colcon_core.shell:Creating environment hook '/home/changye/ros2_ws2/install/my_agv2/share/my_agv2/hook/cmake_prefix_path.ps1'
[14.078s] INFO:colcon.colcon_core.shell:Creating environment descriptor '/home/changye/ros2_ws2/install/my_agv2/share/my_agv2/hook/cmake_prefix_path.dsv'
[14.079s] INFO:colcon.colcon_core.shell:Creating environment hook '/home/changye/ros2_ws2/install/my_agv2/share/my_agv2/hook/cmake_prefix_path.sh'
[14.079s] Level 1:colcon.colcon_core.environment:checking '/home/changye/ros2_ws2/install/my_agv2/lib'
[14.079s] Level 1:colcon.colcon_core.environment:checking '/home/changye/ros2_ws2/install/my_agv2/bin'
[14.079s] Level 1:colcon.colcon_core.environment:checking '/home/changye/ros2_ws2/install/my_agv2/lib/pkgconfig/my_agv2.pc'
[14.079s] Level 1:colcon.colcon_core.environment:checking '/home/changye/ros2_ws2/install/my_agv2/lib/python3.10/site-packages'
[14.079s] Level 1:colcon.colcon_core.environment:checking '/home/changye/ros2_ws2/install/my_agv2/bin'
[14.080s] INFO:colcon.colcon_core.shell:Creating package script '/home/changye/ros2_ws2/install/my_agv2/share/my_agv2/package.ps1'
[14.080s] INFO:colcon.colcon_core.shell:Creating package descriptor '/home/changye/ros2_ws2/install/my_agv2/share/my_agv2/package.dsv'
[14.080s] INFO:colcon.colcon_core.shell:Creating package script '/home/changye/ros2_ws2/install/my_agv2/share/my_agv2/package.sh'
[14.081s] INFO:colcon.colcon_core.shell:Creating package script '/home/changye/ros2_ws2/install/my_agv2/share/my_agv2/package.bash'
[14.081s] INFO:colcon.colcon_core.shell:Creating package script '/home/changye/ros2_ws2/install/my_agv2/share/my_agv2/package.zsh'
[14.081s] Level 1:colcon.colcon_core.environment:create_file_with_runtime_dependencies(/home/changye/ros2_ws2/install/my_agv2/share/colcon-core/packages/my_agv2)
[14.082s] DEBUG:colcon.colcon_parallel_executor.executor.parallel:closing loop
[14.082s] DEBUG:colcon.colcon_parallel_executor.executor.parallel:loop closed
[14.082s] DEBUG:colcon.colcon_parallel_executor.executor.parallel:run_until_complete finished with '0'
[14.082s] DEBUG:colcon.colcon_core.event_reactor:joining thread
[14.094s] INFO:colcon.colcon_core.plugin_system:Skipping extension 'colcon_notification.desktop_notification.terminal_notifier': Not used on non-Darwin systems
[14.094s] INFO:colcon.colcon_core.plugin_system:Skipping extension 'colcon_notification.desktop_notification.win32': Not used on non-Windows systems
[14.094s] INFO:colcon.colcon_notification.desktop_notification:Sending desktop notification using 'notify2'
[14.103s] DEBUG:colcon.colcon_core.event_reactor:joined thread
[14.103s] INFO:colcon.colcon_core.shell:Creating prefix script '/home/changye/ros2_ws2/install/local_setup.ps1'
[14.104s] INFO:colcon.colcon_core.shell:Creating prefix util module '/home/changye/ros2_ws2/install/_local_setup_util_ps1.py'
[14.105s] INFO:colcon.colcon_core.shell:Creating prefix chain script '/home/changye/ros2_ws2/install/setup.ps1'
[14.116s] INFO:colcon.colcon_core.shell:Creating prefix script '/home/changye/ros2_ws2/install/local_setup.sh'
[14.116s] INFO:colcon.colcon_core.shell:Creating prefix util module '/home/changye/ros2_ws2/install/_local_setup_util_sh.py'
[14.116s] INFO:colcon.colcon_core.shell:Creating prefix chain script '/home/changye/ros2_ws2/install/setup.sh'
[14.127s] INFO:colcon.colcon_core.shell:Creating prefix script '/home/changye/ros2_ws2/install/local_setup.bash'
[14.128s] INFO:colcon.colcon_core.shell:Creating prefix chain script '/home/changye/ros2_ws2/install/setup.bash'
[14.139s] INFO:colcon.colcon_core.shell:Creating prefix script '/home/changye/ros2_ws2/install/local_setup.zsh'
[14.139s] INFO:colcon.colcon_core.shell:Creating prefix chain script '/home/changye/ros2_ws2/install/setup.zsh'
