[0.000000] (-) TimerEvent: {}
[0.000132] (-) JobUnselected: {'identifier': 'ackermann_steering_controller'}
[0.000167] (-) JobUnselected: {'identifier': 'admittance_controller'}
[0.000182] (-) JobUnselected: {'identifier': 'agv_control_pkg'}
[0.000194] (-) JobUnselected: {'identifier': 'bicycle_steering_controller'}
[0.000206] (-) JobUnselected: {'identifier': 'control_msgs'}
[0.000218] (-) JobUnselected: {'identifier': 'control_toolbox'}
[0.000229] (-) JobUnselected: {'identifier': 'controller_interface'}
[0.000241] (-) JobUnselected: {'identifier': 'controller_manager'}
[0.000252] (-) JobUnselected: {'identifier': 'controller_manager_msgs'}
[0.000263] (-) JobUnselected: {'identifier': 'diff_drive_controller'}
[0.000273] (-) JobUnselected: {'identifier': 'effort_controllers'}
[0.000284] (-) JobUnselected: {'identifier': 'force_torque_sensor_broadcaster'}
[0.000295] (-) JobUnselected: {'identifier': 'forward_command_controller'}
[0.000306] (-) JobUnselected: {'identifier': 'gazebo_ros2_control'}
[0.000316] (-) JobUnselected: {'identifier': 'gazebo_ros2_control_demos'}
[0.000327] (-) JobUnselected: {'identifier': 'gripper_controllers'}
[0.000338] (-) JobUnselected: {'identifier': 'gz_ros2_control_tests'}
[0.000348] (-) JobUnselected: {'identifier': 'hardware_interface'}
[0.000359] (-) JobUnselected: {'identifier': 'ign_ros2_control'}
[0.000370] (-) JobUnselected: {'identifier': 'ign_ros2_control_demos'}
[0.000405] (-) JobUnselected: {'identifier': 'imu_sensor_broadcaster'}
[0.000416] (-) JobUnselected: {'identifier': 'joint_limits'}
[0.000427] (-) JobUnselected: {'identifier': 'joint_state_broadcaster'}
[0.000438] (-) JobUnselected: {'identifier': 'joint_trajectory_controller'}
[0.000464] (-) JobUnselected: {'identifier': 'kinematics_interface'}
[0.000475] (-) JobUnselected: {'identifier': 'kinematics_interface_kdl'}
[0.000485] (-) JobUnselected: {'identifier': 'my_agv2'}
[0.000496] (-) JobUnselected: {'identifier': 'position_controllers'}
[0.000506] (-) JobUnselected: {'identifier': 'range_sensor_broadcaster'}
[0.000517] (-) JobUnselected: {'identifier': 'realtime_tools'}
[0.000527] (-) JobUnselected: {'identifier': 'ros2_control'}
[0.000538] (-) JobUnselected: {'identifier': 'ros2_control_demo_description'}
[0.000548] (-) JobUnselected: {'identifier': 'ros2_control_demo_example_1'}
[0.000559] (-) JobUnselected: {'identifier': 'ros2_control_demo_example_10'}
[0.000569] (-) JobUnselected: {'identifier': 'ros2_control_demo_example_12'}
[0.000580] (-) JobUnselected: {'identifier': 'ros2_control_demo_example_14'}
[0.000590] (-) JobUnselected: {'identifier': 'ros2_control_demo_example_2'}
[0.000601] (-) JobUnselected: {'identifier': 'ros2_control_demo_example_3'}
[0.000612] (-) JobUnselected: {'identifier': 'ros2_control_demo_example_4'}
[0.000622] (-) JobUnselected: {'identifier': 'ros2_control_demo_example_5'}
[0.000633] (-) JobUnselected: {'identifier': 'ros2_control_demo_example_6'}
[0.000644] (-) JobUnselected: {'identifier': 'ros2_control_demo_example_7'}
[0.000654] (-) JobUnselected: {'identifier': 'ros2_control_demo_example_8'}
[0.000665] (-) JobUnselected: {'identifier': 'ros2_control_demo_example_9'}
[0.000675] (-) JobUnselected: {'identifier': 'ros2_control_demos'}
[0.000686] (-) JobUnselected: {'identifier': 'ros2_control_test_assets'}
[0.000700] (-) JobUnselected: {'identifier': 'ros2_controllers'}
[0.000713] (-) JobUnselected: {'identifier': 'ros2_controllers_test_nodes'}
[0.000724] (-) JobUnselected: {'identifier': 'ros2controlcli'}
[0.000734] (-) JobUnselected: {'identifier': 'rqt_controller_manager'}
[0.000745] (-) JobUnselected: {'identifier': 'rqt_joint_trajectory_controller'}
[0.000755] (-) JobUnselected: {'identifier': 'steering_controllers_library'}
[0.000766] (-) JobUnselected: {'identifier': 'transmission_interface'}
[0.000776] (-) JobUnselected: {'identifier': 'tricycle_controller'}
[0.000787] (-) JobUnselected: {'identifier': 'tricycle_steering_controller'}
[0.000797] (-) JobUnselected: {'identifier': 'velocity_controllers'}
[0.000808] (-) EventReactorShutdown: {}
