-- Found ament_cmake: 1.3.6 (/home/changye/ros2_humble/install/ament_cmake/share/ament_cmake/cmake)
-- Override CMake install command with custom implementation using symlinks instead of copying resources
-- Found rclcpp: 16.0.7 (/home/changye/ros2_humble/install/rclcpp/share/rclcpp/cmake)
-- Found rosidl_generator_c: 3.1.5 (/home/changye/ros2_humble/install/rosidl_generator_c/share/rosidl_generator_c/cmake)
-- Found rosidl_adapter: 3.1.5 (/home/changye/ros2_humble/install/rosidl_adapter/share/rosidl_adapter/cmake)
-- Found rosidl_generator_cpp: 3.1.5 (/home/changye/ros2_humble/install/rosidl_generator_cpp/share/rosidl_generator_cpp/cmake)
-- Using all available rosidl_typesupport_c: rosidl_typesupport_fastrtps_c;rosidl_typesupport_introspection_c
-- Using all available rosidl_typesupport_cpp: rosidl_typesupport_fastrtps_cpp;rosidl_typesupport_introspection_cpp
-- Found rmw_implementation_cmake: 6.1.1 (/home/changye/ros2_humble/install/rmw_implementation_cmake/share/rmw_implementation_cmake/cmake)
-- Found rmw_fastrtps_cpp: 6.2.5 (/home/changye/ros2_humble/install/rmw_fastrtps_cpp/share/rmw_fastrtps_cpp/cmake)
-- Using RMW implementation 'rmw_fastrtps_cpp' as default
-- Found rclcpp_lifecycle: 16.0.7 (/home/changye/ros2_humble/install/rclcpp_lifecycle/share/rclcpp_lifecycle/cmake)
-- Configuring done
-- Generating done
-- Build files have been written to: /home/changye/Ros2_gazebo/ros2_ws2/build/kinematics_interface
[35m[1mConsolidate compiler generated dependencies of target kinematics_interface[0m
[100%] Built target kinematics_interface
-- Install configuration: ""
-- Execute custom install script
-- Symlinking: /home/changye/Ros2_gazebo/ros2_ws2/install/kinematics_interface/include/kinematics_interface/kinematics_interface/kinematics_interface.hpp
-- Symlinking: /home/changye/Ros2_gazebo/ros2_ws2/install/kinematics_interface/include/kinematics_interface/kinematics_interface/visibility_control.h
-- Symlinking: /home/changye/Ros2_gazebo/ros2_ws2/install/kinematics_interface/share/kinematics_interface/environment/library_path.sh
-- Symlinking: /home/changye/Ros2_gazebo/ros2_ws2/install/kinematics_interface/share/kinematics_interface/environment/library_path.dsv
-- Symlinking: /home/changye/Ros2_gazebo/ros2_ws2/install/kinematics_interface/share/ament_index/resource_index/package_run_dependencies/kinematics_interface
-- Symlinking: /home/changye/Ros2_gazebo/ros2_ws2/install/kinematics_interface/share/ament_index/resource_index/parent_prefix_path/kinematics_interface
-- Up-to-date symlink: /home/changye/Ros2_gazebo/ros2_ws2/install/kinematics_interface/share/kinematics_interface/environment/ament_prefix_path.sh
-- Symlinking: /home/changye/Ros2_gazebo/ros2_ws2/install/kinematics_interface/share/kinematics_interface/environment/ament_prefix_path.dsv
-- Up-to-date symlink: /home/changye/Ros2_gazebo/ros2_ws2/install/kinematics_interface/share/kinematics_interface/environment/path.sh
-- Symlinking: /home/changye/Ros2_gazebo/ros2_ws2/install/kinematics_interface/share/kinematics_interface/environment/path.dsv
-- Symlinking: /home/changye/Ros2_gazebo/ros2_ws2/install/kinematics_interface/share/kinematics_interface/local_setup.bash
-- Symlinking: /home/changye/Ros2_gazebo/ros2_ws2/install/kinematics_interface/share/kinematics_interface/local_setup.sh
-- Symlinking: /home/changye/Ros2_gazebo/ros2_ws2/install/kinematics_interface/share/kinematics_interface/local_setup.zsh
-- Symlinking: /home/changye/Ros2_gazebo/ros2_ws2/install/kinematics_interface/share/kinematics_interface/local_setup.dsv
-- Symlinking: /home/changye/Ros2_gazebo/ros2_ws2/install/kinematics_interface/share/kinematics_interface/package.dsv
-- Symlinking: /home/changye/Ros2_gazebo/ros2_ws2/install/kinematics_interface/share/ament_index/resource_index/packages/kinematics_interface
-- Symlinking: /home/changye/Ros2_gazebo/ros2_ws2/install/kinematics_interface/share/kinematics_interface/cmake/ament_cmake_export_targets-extras.cmake
-- Symlinking: /home/changye/Ros2_gazebo/ros2_ws2/install/kinematics_interface/share/kinematics_interface/cmake/ament_cmake_export_dependencies-extras.cmake
-- Symlinking: /home/changye/Ros2_gazebo/ros2_ws2/install/kinematics_interface/share/kinematics_interface/cmake/kinematics_interfaceConfig.cmake
-- Symlinking: /home/changye/Ros2_gazebo/ros2_ws2/install/kinematics_interface/share/kinematics_interface/cmake/kinematics_interfaceConfig-version.cmake
-- Symlinking: /home/changye/Ros2_gazebo/ros2_ws2/install/kinematics_interface/share/kinematics_interface/package.xml
-- Up-to-date: /home/changye/Ros2_gazebo/ros2_ws2/install/kinematics_interface/lib/libkinematics_interface.so
-- Up-to-date: /home/changye/Ros2_gazebo/ros2_ws2/install/kinematics_interface/share/kinematics_interface/cmake/export_kinematics_interfaceExport.cmake
-- Up-to-date: /home/changye/Ros2_gazebo/ros2_ws2/install/kinematics_interface/share/kinematics_interface/cmake/export_kinematics_interfaceExport-noconfig.cmake
