running develop
running egg_info
creating agv_control_pkg.egg-info
writing agv_control_pkg.egg-info/PKG-INFO
writing dependency_links to agv_control_pkg.egg-info/dependency_links.txt
writing entry points to agv_control_pkg.egg-info/entry_points.txt
writing requirements to agv_control_pkg.egg-info/requires.txt
writing top-level names to agv_control_pkg.egg-info/top_level.txt
writing manifest file 'agv_control_pkg.egg-info/SOURCES.txt'
reading manifest file 'agv_control_pkg.egg-info/SOURCES.txt'
writing manifest file 'agv_control_pkg.egg-info/SOURCES.txt'
running build_ext
Creating /home/changye/Ros2_gazebo/ros2_ws2/install/agv_control_pkg/lib/python3.10/site-packages/agv-control-pkg.egg-link (link to .)
Installing agv_controller script to /home/changye/Ros2_gazebo/ros2_ws2/install/agv_control_pkg/lib/agv_control_pkg
Installing line_detection script to /home/changye/Ros2_gazebo/ros2_ws2/install/agv_control_pkg/lib/agv_control_pkg
Installing tag_detection script to /home/changye/Ros2_gazebo/ros2_ws2/install/agv_control_pkg/lib/agv_control_pkg
Installing tag_detection_old script to /home/changye/Ros2_gazebo/ros2_ws2/install/agv_control_pkg/lib/agv_control_pkg
Installing tf_broadcaster script to /home/changye/Ros2_gazebo/ros2_ws2/install/agv_control_pkg/lib/agv_control_pkg

Installed /home/changye/Ros2_gazebo/ros2_ws2/build/agv_control_pkg
running symlink_data
creating /home/changye/Ros2_gazebo/ros2_ws2/install/agv_control_pkg/share/ament_index
creating /home/changye/Ros2_gazebo/ros2_ws2/install/agv_control_pkg/share/ament_index/resource_index
creating /home/changye/Ros2_gazebo/ros2_ws2/install/agv_control_pkg/share/ament_index/resource_index/packages
symbolically linking /home/changye/Ros2_gazebo/ros2_ws2/build/agv_control_pkg/resource/agv_control_pkg -> /home/changye/Ros2_gazebo/ros2_ws2/install/agv_control_pkg/share/ament_index/resource_index/packages
symbolically linking /home/changye/Ros2_gazebo/ros2_ws2/build/agv_control_pkg/package.xml -> /home/changye/Ros2_gazebo/ros2_ws2/install/agv_control_pkg/share/agv_control_pkg
