[1.100s] Invoking command in '/home/changye/Ros2_gazebo/ros2_ws2/build/agv_control_pkg': PYTHONPATH=/home/changye/Ros2_gazebo/ros2_ws2/build/agv_control_pkg/prefix_override:/usr/lib/python3/dist-packages/colcon_core/task/python/colcon_distutils_commands:/home/changye/Ros2_gazebo/ros2_ws2/install/agv_control_pkg/lib/python3.10/site-packages:${PYTHONPATH} /usr/bin/python3 -W ignore:setup.py install is deprecated setup.py develop --editable --build-directory /home/changye/Ros2_gazebo/ros2_ws2/build/agv_control_pkg/build --no-deps symlink_data
[1.553s] running develop
[2.289s] running egg_info
[2.289s] creating agv_control_pkg.egg-info
[2.289s] writing agv_control_pkg.egg-info/PKG-INFO
[2.289s] writing dependency_links to agv_control_pkg.egg-info/dependency_links.txt
[2.289s] writing entry points to agv_control_pkg.egg-info/entry_points.txt
[2.289s] writing requirements to agv_control_pkg.egg-info/requires.txt
[2.289s] writing top-level names to agv_control_pkg.egg-info/top_level.txt
[2.289s] writing manifest file 'agv_control_pkg.egg-info/SOURCES.txt'
[2.291s] reading manifest file 'agv_control_pkg.egg-info/SOURCES.txt'
[2.291s] writing manifest file 'agv_control_pkg.egg-info/SOURCES.txt'
[2.295s] running build_ext
[2.295s] Creating /home/changye/Ros2_gazebo/ros2_ws2/install/agv_control_pkg/lib/python3.10/site-packages/agv-control-pkg.egg-link (link to .)
[2.296s] Installing agv_controller script to /home/changye/Ros2_gazebo/ros2_ws2/install/agv_control_pkg/lib/agv_control_pkg
[2.296s] Installing line_detection script to /home/changye/Ros2_gazebo/ros2_ws2/install/agv_control_pkg/lib/agv_control_pkg
[2.296s] Installing tag_detection script to /home/changye/Ros2_gazebo/ros2_ws2/install/agv_control_pkg/lib/agv_control_pkg
[2.296s] Installing tag_detection_old script to /home/changye/Ros2_gazebo/ros2_ws2/install/agv_control_pkg/lib/agv_control_pkg
[2.296s] Installing tf_broadcaster script to /home/changye/Ros2_gazebo/ros2_ws2/install/agv_control_pkg/lib/agv_control_pkg
[2.296s] 
[2.296s] Installed /home/changye/Ros2_gazebo/ros2_ws2/build/agv_control_pkg
[2.296s] running symlink_data
[2.297s] creating /home/changye/Ros2_gazebo/ros2_ws2/install/agv_control_pkg/share/ament_index
[2.297s] creating /home/changye/Ros2_gazebo/ros2_ws2/install/agv_control_pkg/share/ament_index/resource_index
[2.297s] creating /home/changye/Ros2_gazebo/ros2_ws2/install/agv_control_pkg/share/ament_index/resource_index/packages
[2.297s] symbolically linking /home/changye/Ros2_gazebo/ros2_ws2/build/agv_control_pkg/resource/agv_control_pkg -> /home/changye/Ros2_gazebo/ros2_ws2/install/agv_control_pkg/share/ament_index/resource_index/packages
[2.297s] symbolically linking /home/changye/Ros2_gazebo/ros2_ws2/build/agv_control_pkg/package.xml -> /home/changye/Ros2_gazebo/ros2_ws2/install/agv_control_pkg/share/agv_control_pkg
[2.320s] Invoked command in '/home/changye/Ros2_gazebo/ros2_ws2/build/agv_control_pkg' returned '0': PYTHONPATH=/home/changye/Ros2_gazebo/ros2_ws2/build/agv_control_pkg/prefix_override:/usr/lib/python3/dist-packages/colcon_core/task/python/colcon_distutils_commands:/home/changye/Ros2_gazebo/ros2_ws2/install/agv_control_pkg/lib/python3.10/site-packages:${PYTHONPATH} /usr/bin/python3 -W ignore:setup.py install is deprecated setup.py develop --editable --build-directory /home/changye/Ros2_gazebo/ros2_ws2/build/agv_control_pkg/build --no-deps symlink_data
